<?xml version="1.0" encoding="utf-8" standalone="yes"?>
<results>
  <modules>
    <module id="B7FF6BC5BE480D4FB850F02F612A8F0A99E4DCFF" name="AzAgroPOS.Mentiq.dll" path="AzAgroPOS.Mentiq.dll" block_coverage="21.39" line_coverage="16.44" blocks_covered="1101" blocks_not_covered="4047" lines_covered="512" lines_partially_covered="30" lines_not_covered="2573">
      <functions>
        <function id="8272" token="0x6000001" name="KonfiqurasiyaEt()" namespace="AzAgroPOS.Mentiq.Yardimcilar" type_name="Logger" block_coverage="0.00" line_coverage="0.00" blocks_covered="0" blocks_not_covered="20" lines_covered="0" lines_partially_covered="0" lines_not_covered="20">
          <ranges>
            <range source_id="1" start_line="11" end_line="11" start_column="9" end_column="10" covered="no" />
            <range source_id="1" start_line="13" end_line="13" start_column="13" end_column="14" covered="no" />
            <range source_id="1" start_line="15" end_line="15" start_column="17" end_column="93" covered="no" />
            <range source_id="1" start_line="16" end_line="16" start_column="17" end_column="53" covered="no" />
            <range source_id="1" start_line="17" end_line="17" start_column="17" end_column="18" covered="no" />
            <range source_id="1" start_line="18" end_line="18" start_column="21" end_column="61" covered="no" />
            <range source_id="1" start_line="19" end_line="19" start_column="17" end_column="18" covered="no" />
            <range source_id="1" start_line="21" end_line="26" start_column="17" end_column="37" covered="no" />
            <range source_id="1" start_line="27" end_line="27" start_column="13" end_column="14" covered="no" />
            <range source_id="1" start_line="28" end_line="28" start_column="13" end_column="33" covered="no" />
            <range source_id="1" start_line="29" end_line="29" start_column="13" end_column="14" covered="no" />
            <range source_id="1" start_line="32" end_line="32" start_column="17" end_column="107" covered="no" />
            <range source_id="1" start_line="35" end_line="35" start_column="17" end_column="32" covered="no" />
            <range source_id="1" start_line="36" end_line="36" start_column="13" end_column="14" covered="no" />
            <range source_id="1" start_line="37" end_line="37" start_column="9" end_column="10" covered="no" />
          </ranges>
        </function>
        <function id="8464" token="0x6000002" name="MelumatYaz(string)" namespace="AzAgroPOS.Mentiq.Yardimcilar" type_name="Logger" block_coverage="50.00" line_coverage="44.44" blocks_covered="5" blocks_not_covered="5" lines_covered="4" lines_partially_covered="1" lines_not_covered="4">
          <ranges>
            <range source_id="1" start_line="40" end_line="40" start_column="9" end_column="10" covered="yes" />
            <range source_id="1" start_line="42" end_line="42" start_column="13" end_column="14" covered="yes" />
            <range source_id="1" start_line="43" end_line="43" start_column="17" end_column="45" covered="partial" />
            <range source_id="1" start_line="44" end_line="44" start_column="13" end_column="14" covered="yes" />
            <range source_id="1" start_line="45" end_line="45" start_column="13" end_column="18" covered="no" />
            <range source_id="1" start_line="46" end_line="46" start_column="13" end_column="14" covered="no" />
            <range source_id="1" start_line="48" end_line="48" start_column="17" end_column="60" covered="no" />
            <range source_id="1" start_line="49" end_line="49" start_column="13" end_column="14" covered="no" />
            <range source_id="1" start_line="50" end_line="50" start_column="9" end_column="10" covered="yes" />
          </ranges>
        </function>
        <function id="8540" token="0x6000003" name="XetaYaz(System.Exception, string)" namespace="AzAgroPOS.Mentiq.Yardimcilar" type_name="Logger" block_coverage="0.00" line_coverage="0.00" blocks_covered="0" blocks_not_covered="11" lines_covered="0" lines_partially_covered="0" lines_not_covered="9">
          <ranges>
            <range source_id="1" start_line="53" end_line="53" start_column="9" end_column="10" covered="no" />
            <range source_id="1" start_line="55" end_line="55" start_column="13" end_column="14" covered="no" />
            <range source_id="1" start_line="56" end_line="56" start_column="17" end_column="43" covered="no" />
            <range source_id="1" start_line="57" end_line="57" start_column="13" end_column="14" covered="no" />
            <range source_id="1" start_line="58" end_line="58" start_column="13" end_column="18" covered="no" />
            <range source_id="1" start_line="59" end_line="59" start_column="13" end_column="14" covered="no" />
            <range source_id="1" start_line="61" end_line="61" start_column="17" end_column="76" covered="no" />
            <range source_id="1" start_line="62" end_line="62" start_column="13" end_column="14" covered="no" />
            <range source_id="1" start_line="63" end_line="63" start_column="9" end_column="10" covered="no" />
          </ranges>
        </function>
        <function id="8628" token="0x6000004" name="XəbərdarlıqYaz(string)" namespace="AzAgroPOS.Mentiq.Yardimcilar" type_name="Logger" block_coverage="50.00" line_coverage="44.44" blocks_covered="5" blocks_not_covered="5" lines_covered="4" lines_partially_covered="1" lines_not_covered="4">
          <ranges>
            <range source_id="1" start_line="66" end_line="66" start_column="9" end_column="10" covered="yes" />
            <range source_id="1" start_line="68" end_line="68" start_column="13" end_column="14" covered="yes" />
            <range source_id="1" start_line="69" end_line="69" start_column="17" end_column="41" covered="partial" />
            <range source_id="1" start_line="70" end_line="70" start_column="13" end_column="14" covered="yes" />
            <range source_id="1" start_line="71" end_line="71" start_column="13" end_column="18" covered="no" />
            <range source_id="1" start_line="72" end_line="72" start_column="13" end_column="14" covered="no" />
            <range source_id="1" start_line="74" end_line="74" start_column="17" end_column="63" covered="no" />
            <range source_id="1" start_line="75" end_line="75" start_column="13" end_column="14" covered="no" />
            <range source_id="1" start_line="76" end_line="76" start_column="9" end_column="10" covered="yes" />
          </ranges>
        </function>
        <function id="8704" token="0x6000005" name="get_UgurluDur()" namespace="AzAgroPOS.Mentiq.Uslublar" type_name="EmeliyyatNeticesi" block_coverage="100.00" line_coverage="100.00" blocks_covered="1" blocks_not_covered="0" lines_covered="1" lines_partially_covered="0" lines_not_covered="0">
          <ranges>
            <range source_id="2" start_line="15" end_line="15" start_column="29" end_column="33" covered="yes" />
          </ranges>
        </function>
        <function id="8712" token="0x6000006" name="set_UgurluDur(bool)" namespace="AzAgroPOS.Mentiq.Uslublar" type_name="EmeliyyatNeticesi" block_coverage="100.00" line_coverage="100.00" blocks_covered="1" blocks_not_covered="0" lines_covered="1" lines_partially_covered="0" lines_not_covered="0">
          <ranges>
            <range source_id="2" start_line="15" end_line="15" start_column="34" end_column="48" covered="yes" />
          </ranges>
        </function>
        <function id="8721" token="0x6000007" name="get_Mesaj()" namespace="AzAgroPOS.Mentiq.Uslublar" type_name="EmeliyyatNeticesi" block_coverage="100.00" line_coverage="100.00" blocks_covered="1" blocks_not_covered="0" lines_covered="1" lines_partially_covered="0" lines_not_covered="0">
          <ranges>
            <range source_id="2" start_line="21" end_line="21" start_column="27" end_column="31" covered="yes" />
          </ranges>
        </function>
        <function id="8729" token="0x6000008" name="set_Mesaj(string)" namespace="AzAgroPOS.Mentiq.Uslublar" type_name="EmeliyyatNeticesi" block_coverage="100.00" line_coverage="100.00" blocks_covered="1" blocks_not_covered="0" lines_covered="1" lines_partially_covered="0" lines_not_covered="0">
          <ranges>
            <range source_id="2" start_line="21" end_line="21" start_column="32" end_column="46" covered="yes" />
          </ranges>
        </function>
        <function id="8738" token="0x6000009" name="Ugurlu()" namespace="AzAgroPOS.Mentiq.Uslublar" type_name="EmeliyyatNeticesi" block_coverage="100.00" line_coverage="100.00" blocks_covered="3" blocks_not_covered="0" lines_covered="1" lines_partially_covered="0" lines_not_covered="0">
          <ranges>
            <range source_id="2" start_line="28" end_line="28" start_column="49" end_column="75" covered="yes" />
          </ranges>
        </function>
        <function id="8753" token="0x600000a" name="Ugursuz(string)" namespace="AzAgroPOS.Mentiq.Uslublar" type_name="EmeliyyatNeticesi" block_coverage="100.00" line_coverage="100.00" blocks_covered="4" blocks_not_covered="0" lines_covered="1" lines_partially_covered="0" lines_not_covered="0">
          <ranges>
            <range source_id="2" start_line="34" end_line="34" start_column="62" end_column="104" covered="yes" />
          </ranges>
        </function>
        <function id="8776" token="0x600000b" name="EmeliyyatNeticesi()" namespace="AzAgroPOS.Mentiq.Uslublar" type_name="EmeliyyatNeticesi" block_coverage="100.00" line_coverage="100.00" blocks_covered="2" blocks_not_covered="0" lines_covered="1" lines_partially_covered="0" lines_not_covered="0">
          <ranges>
            <range source_id="2" start_line="21" end_line="21" start_column="51" end_column="63" covered="yes" />
          </ranges>
        </function>
        <function id="8796" token="0x600000c" name="get_Data()" namespace="AzAgroPOS.Mentiq.Uslublar" type_name="EmeliyyatNeticesi&lt;T&gt;" block_coverage="100.00" line_coverage="100.00" blocks_covered="1" blocks_not_covered="0" lines_covered="1" lines_partially_covered="0" lines_not_covered="0">
          <ranges>
            <range source_id="2" start_line="48" end_line="48" start_column="22" end_column="26" covered="yes" />
          </ranges>
        </function>
        <function id="8804" token="0x600000d" name="set_Data(T)" namespace="AzAgroPOS.Mentiq.Uslublar" type_name="EmeliyyatNeticesi&lt;T&gt;" block_coverage="100.00" line_coverage="100.00" blocks_covered="1" blocks_not_covered="0" lines_covered="1" lines_partially_covered="0" lines_not_covered="0">
          <ranges>
            <range source_id="2" start_line="48" end_line="48" start_column="27" end_column="39" covered="yes" />
          </ranges>
        </function>
        <function id="8813" token="0x600000e" name="Ugurlu(T)" namespace="AzAgroPOS.Mentiq.Uslublar" type_name="EmeliyyatNeticesi&lt;T&gt;" block_coverage="100.00" line_coverage="100.00" blocks_covered="4" blocks_not_covered="0" lines_covered="1" lines_partially_covered="0" lines_not_covered="0">
          <ranges>
            <range source_id="2" start_line="54" end_line="54" start_column="58" end_column="97" covered="yes" />
          </ranges>
        </function>
        <function id="8836" token="0x600000f" name="Ugursuz(string)" namespace="AzAgroPOS.Mentiq.Uslublar" type_name="EmeliyyatNeticesi&lt;T&gt;" block_coverage="100.00" line_coverage="100.00" blocks_covered="4" blocks_not_covered="0" lines_covered="1" lines_partially_covered="0" lines_not_covered="0">
          <ranges>
            <range source_id="2" start_line="60" end_line="60" start_column="69" end_column="111" covered="yes" />
          </ranges>
        </function>
        <function id="8868" token="0x6000011" name="AlisManager(AzAgroPOS.Verilenler.Interfeysler.IUnitOfWork)" namespace="AzAgroPOS.Mentiq.Idareciler" type_name="AlisManager" block_coverage="0.00" line_coverage="0.00" blocks_covered="0" blocks_not_covered="2" lines_covered="0" lines_partially_covered="0" lines_not_covered="4">
          <ranges>
            <range source_id="3" start_line="23" end_line="23" start_column="5" end_column="47" covered="no" />
            <range source_id="3" start_line="24" end_line="24" start_column="5" end_column="6" covered="no" />
            <range source_id="3" start_line="25" end_line="25" start_column="9" end_column="34" covered="no" />
            <range source_id="3" start_line="26" end_line="26" start_column="5" end_column="6" covered="no" />
          </ranges>
        </function>
        <function id="10299" token="0x6000025" name="AnbarManager(AzAgroPOS.Verilenler.Interfeysler.IUnitOfWork)" namespace="AzAgroPOS.Mentiq.Idareciler" type_name="AnbarManager" block_coverage="0.00" line_coverage="0.00" blocks_covered="0" blocks_not_covered="2" lines_covered="0" lines_partially_covered="0" lines_not_covered="4">
          <ranges>
            <range source_id="4" start_line="17" end_line="17" start_column="5" end_column="48" covered="no" />
            <range source_id="4" start_line="18" end_line="18" start_column="5" end_column="6" covered="no" />
            <range source_id="4" start_line="19" end_line="19" start_column="9" end_column="34" covered="no" />
            <range source_id="4" start_line="20" end_line="20" start_column="5" end_column="6" covered="no" />
          </ranges>
        </function>
        <function id="10474" token="0x6000028" name="BarkodCapiManager(AzAgroPOS.Verilenler.Interfeysler.IUnitOfWork)" namespace="AzAgroPOS.Mentiq.Idareciler" type_name="BarkodCapiManager" block_coverage="100.00" line_coverage="100.00" blocks_covered="2" blocks_not_covered="0" lines_covered="4" lines_partially_covered="0" lines_not_covered="0">
          <ranges>
            <range source_id="5" start_line="18" end_line="18" start_column="5" end_column="53" covered="yes" />
            <range source_id="5" start_line="19" end_line="19" start_column="5" end_column="6" covered="yes" />
            <range source_id="5" start_line="20" end_line="20" start_column="9" end_column="34" covered="yes" />
            <range source_id="5" start_line="21" end_line="21" start_column="5" end_column="6" covered="yes" />
          </ranges>
        </function>
        <function id="10567" token="0x600002a" name="BrendMeneceri(AzAgroPOS.Verilenler.Interfeysler.IUnitOfWork)" namespace="AzAgroPOS.Mentiq.Idareciler" type_name="BrendMeneceri" block_coverage="0.00" line_coverage="0.00" blocks_covered="0" blocks_not_covered="2" lines_covered="0" lines_partially_covered="0" lines_not_covered="4">
          <ranges>
            <range source_id="6" start_line="21" end_line="21" start_column="5" end_column="49" covered="no" />
            <range source_id="6" start_line="22" end_line="22" start_column="5" end_column="6" covered="no" />
            <range source_id="6" start_line="23" end_line="23" start_column="9" end_column="34" covered="no" />
            <range source_id="6" start_line="24" end_line="24" start_column="5" end_column="6" covered="no" />
          </ranges>
        </function>
        <function id="10955" token="0x6000030" name="HesabatManager(AzAgroPOS.Verilenler.Interfeysler.IUnitOfWork)" namespace="AzAgroPOS.Mentiq.Idareciler" type_name="HesabatManager" block_coverage="100.00" line_coverage="100.00" blocks_covered="2" blocks_not_covered="0" lines_covered="4" lines_partially_covered="0" lines_not_covered="0">
          <ranges>
            <range source_id="7" start_line="20" end_line="20" start_column="5" end_column="50" covered="yes" />
            <range source_id="7" start_line="21" end_line="21" start_column="5" end_column="6" covered="yes" />
            <range source_id="7" start_line="22" end_line="22" start_column="9" end_column="34" covered="yes" />
            <range source_id="7" start_line="23" end_line="23" start_column="5" end_column="6" covered="yes" />
          </ranges>
        </function>
        <function id="11351" token="0x6000036" name="IcazeManager(AzAgroPOS.Verilenler.Interfeysler.IUnitOfWork)" namespace="AzAgroPOS.Mentiq.Idareciler" type_name="IcazeManager" block_coverage="0.00" line_coverage="0.00" blocks_covered="0" blocks_not_covered="2" lines_covered="0" lines_partially_covered="0" lines_not_covered="4">
          <ranges>
            <range source_id="8" start_line="19" end_line="19" start_column="5" end_column="48" covered="no" />
            <range source_id="8" start_line="20" end_line="20" start_column="5" end_column="6" covered="no" />
            <range source_id="8" start_line="21" end_line="21" start_column="9" end_column="34" covered="no" />
            <range source_id="8" start_line="22" end_line="22" start_column="5" end_column="6" covered="no" />
          </ranges>
        </function>
        <function id="11679" token="0x600003b" name="IsciManager(AzAgroPOS.Verilenler.Interfeysler.IUnitOfWork)" namespace="AzAgroPOS.Mentiq.Idareciler" type_name="IsciManager" block_coverage="0.00" line_coverage="0.00" blocks_covered="0" blocks_not_covered="2" lines_covered="0" lines_partially_covered="0" lines_not_covered="4">
          <ranges>
            <range source_id="9" start_line="20" end_line="20" start_column="5" end_column="47" covered="no" />
            <range source_id="9" start_line="21" end_line="21" start_column="5" end_column="6" covered="no" />
            <range source_id="9" start_line="22" end_line="22" start_column="9" end_column="34" covered="no" />
            <range source_id="9" start_line="23" end_line="23" start_column="5" end_column="6" covered="no" />
          </ranges>
        </function>
        <function id="12219" token="0x6000043" name="IstifadeciManager(AzAgroPOS.Verilenler.Interfeysler.IUnitOfWork)" namespace="AzAgroPOS.Mentiq.Idareciler" type_name="IstifadeciManager" block_coverage="0.00" line_coverage="0.00" blocks_covered="0" blocks_not_covered="2" lines_covered="0" lines_partially_covered="0" lines_not_covered="4">
          <ranges>
            <range source_id="10" start_line="18" end_line="18" start_column="5" end_column="53" covered="no" />
            <range source_id="10" start_line="19" end_line="19" start_column="5" end_column="6" covered="no" />
            <range source_id="10" start_line="20" end_line="20" start_column="9" end_column="34" covered="no" />
            <range source_id="10" start_line="21" end_line="21" start_column="5" end_column="6" covered="no" />
          </ranges>
        </function>
        <function id="12752" token="0x600004b" name="KateqoriyaMeneceri(AzAgroPOS.Verilenler.Interfeysler.IUnitOfWork)" namespace="AzAgroPOS.Mentiq.Idareciler" type_name="KateqoriyaMeneceri" block_coverage="0.00" line_coverage="0.00" blocks_covered="0" blocks_not_covered="2" lines_covered="0" lines_partially_covered="0" lines_not_covered="4">
          <ranges>
            <range source_id="11" start_line="21" end_line="21" start_column="5" end_column="54" covered="no" />
            <range source_id="11" start_line="22" end_line="22" start_column="5" end_column="6" covered="no" />
            <range source_id="11" start_line="23" end_line="23" start_column="9" end_column="34" covered="no" />
            <range source_id="11" start_line="24" end_line="24" start_column="5" end_column="6" covered="no" />
          </ranges>
        </function>
        <function id="13143" token="0x6000051" name="KonfiqurasiyaManager(AzAgroPOS.Verilenler.Interfeysler.IUnitOfWork)" namespace="AzAgroPOS.Mentiq.Idareciler" type_name="KonfiqurasiyaManager" block_coverage="0.00" line_coverage="0.00" blocks_covered="0" blocks_not_covered="2" lines_covered="0" lines_partially_covered="0" lines_not_covered="4">
          <ranges>
            <range source_id="12" start_line="16" end_line="16" start_column="5" end_column="56" covered="no" />
            <range source_id="12" start_line="17" end_line="17" start_column="5" end_column="6" covered="no" />
            <range source_id="12" start_line="18" end_line="18" start_column="9" end_column="34" covered="no" />
            <range source_id="12" start_line="19" end_line="19" start_column="5" end_column="6" covered="no" />
          </ranges>
        </function>
        <function id="13456" token="0x6000056" name="MehsulManager(AzAgroPOS.Verilenler.Interfeysler.IUnitOfWork)" namespace="AzAgroPOS.Mentiq.Idareciler" type_name="MehsulManager" block_coverage="100.00" line_coverage="100.00" blocks_covered="2" blocks_not_covered="0" lines_covered="4" lines_partially_covered="0" lines_not_covered="0">
          <ranges>
            <range source_id="13" start_line="18" end_line="18" start_column="5" end_column="49" covered="yes" />
            <range source_id="13" start_line="19" end_line="19" start_column="5" end_column="6" covered="yes" />
            <range source_id="13" start_line="20" end_line="20" start_column="9" end_column="34" covered="yes" />
            <range source_id="13" start_line="21" end_line="21" start_column="5" end_column="6" covered="yes" />
          </ranges>
        </function>
        <function id="13998" token="0x600005e" name="MehsulMeneceri(AzAgroPOS.Verilenler.Interfeysler.IUnitOfWork)" namespace="AzAgroPOS.Mentiq.Idareciler" type_name="MehsulMeneceri" block_coverage="0.00" line_coverage="0.00" blocks_covered="0" blocks_not_covered="2" lines_covered="0" lines_partially_covered="0" lines_not_covered="4">
          <ranges>
            <range source_id="14" start_line="21" end_line="21" start_column="5" end_column="50" covered="no" />
            <range source_id="14" start_line="22" end_line="22" start_column="5" end_column="6" covered="no" />
            <range source_id="14" start_line="23" end_line="23" start_column="9" end_column="34" covered="no" />
            <range source_id="14" start_line="24" end_line="24" start_column="5" end_column="6" covered="no" />
          </ranges>
        </function>
        <function id="14624" token="0x6000067" name="MusteriManager(AzAgroPOS.Verilenler.Interfeysler.IUnitOfWork)" namespace="AzAgroPOS.Mentiq.Idareciler" type_name="MusteriManager" block_coverage="100.00" line_coverage="100.00" blocks_covered="2" blocks_not_covered="0" lines_covered="4" lines_partially_covered="0" lines_not_covered="0">
          <ranges>
            <range source_id="15" start_line="12" end_line="12" start_column="9" end_column="54" covered="yes" />
            <range source_id="15" start_line="13" end_line="13" start_column="9" end_column="10" covered="yes" />
            <range source_id="15" start_line="14" end_line="14" start_column="13" end_column="38" covered="yes" />
            <range source_id="15" start_line="15" end_line="15" start_column="9" end_column="10" covered="yes" />
          </ranges>
        </function>
        <function id="14939" token="0x600006c" name="NisyeManager(AzAgroPOS.Verilenler.Interfeysler.IUnitOfWork)" namespace="AzAgroPOS.Mentiq.Idareciler" type_name="NisyeManager" block_coverage="100.00" line_coverage="100.00" blocks_covered="2" blocks_not_covered="0" lines_covered="4" lines_partially_covered="0" lines_not_covered="0">
          <ranges>
            <range source_id="16" start_line="17" end_line="17" start_column="5" end_column="48" covered="yes" />
            <range source_id="16" start_line="18" end_line="18" start_column="5" end_column="6" covered="yes" />
            <range source_id="16" start_line="19" end_line="19" start_column="9" end_column="34" covered="yes" />
            <range source_id="16" start_line="20" end_line="20" start_column="5" end_column="6" covered="yes" />
          </ranges>
        </function>
        <function id="15259" token="0x6000071" name="NovbeManager(AzAgroPOS.Verilenler.Interfeysler.IUnitOfWork)" namespace="AzAgroPOS.Mentiq.Idareciler" type_name="NovbeManager" block_coverage="100.00" line_coverage="100.00" blocks_covered="2" blocks_not_covered="0" lines_covered="1" lines_partially_covered="0" lines_not_covered="0">
          <ranges>
            <range source_id="17" start_line="22" end_line="22" start_column="5" end_column="48" covered="yes" />
            <range source_id="17" start_line="22" end_line="22" start_column="49" end_column="50" covered="yes" />
            <range source_id="17" start_line="22" end_line="22" start_column="51" end_column="76" covered="yes" />
            <range source_id="17" start_line="22" end_line="22" start_column="77" end_column="78" covered="yes" />
          </ranges>
        </function>
        <function id="15594" token="0x6000076" name="SatisManager(AzAgroPOS.Verilenler.Interfeysler.IUnitOfWork, AzAgroPOS.Mentiq.Idareciler.NisyeManager)" namespace="AzAgroPOS.Mentiq.Idareciler" type_name="SatisManager" block_coverage="100.00" line_coverage="100.00" blocks_covered="2" blocks_not_covered="0" lines_covered="5" lines_partially_covered="0" lines_not_covered="0">
          <ranges>
            <range source_id="18" start_line="22" end_line="22" start_column="5" end_column="75" covered="yes" />
            <range source_id="18" start_line="23" end_line="23" start_column="5" end_column="6" covered="yes" />
            <range source_id="18" start_line="24" end_line="24" start_column="9" end_column="34" covered="yes" />
            <range source_id="18" start_line="25" end_line="25" start_column="9" end_column="38" covered="yes" />
            <range source_id="18" start_line="26" end_line="26" start_column="5" end_column="6" covered="yes" />
          </ranges>
        </function>
        <function id="15877" token="0x600007a" name="TedarukcuMeneceri(AzAgroPOS.Mentiq.Idareciler.AlisManager)" namespace="AzAgroPOS.Mentiq.Idareciler" type_name="TedarukcuMeneceri" block_coverage="0.00" line_coverage="0.00" blocks_covered="0" blocks_not_covered="2" lines_covered="0" lines_partially_covered="0" lines_not_covered="4">
          <ranges>
            <range source_id="19" start_line="16" end_line="16" start_column="5" end_column="54" covered="no" />
            <range source_id="19" start_line="17" end_line="17" start_column="5" end_column="6" covered="no" />
            <range source_id="19" start_line="18" end_line="18" start_column="9" end_column="36" covered="no" />
            <range source_id="19" start_line="19" end_line="19" start_column="5" end_column="6" covered="no" />
          </ranges>
        </function>
        <function id="16267" token="0x6000080" name="TehlukesizlikManager(AzAgroPOS.Verilenler.Interfeysler.IUnitOfWork)" namespace="AzAgroPOS.Mentiq.Idareciler" type_name="TehlukesizlikManager" block_coverage="100.00" line_coverage="100.00" blocks_covered="2" blocks_not_covered="0" lines_covered="4" lines_partially_covered="0" lines_not_covered="0">
          <ranges>
            <range source_id="20" start_line="16" end_line="16" start_column="5" end_column="56" covered="yes" />
            <range source_id="20" start_line="17" end_line="17" start_column="5" end_column="6" covered="yes" />
            <range source_id="20" start_line="18" end_line="18" start_column="9" end_column="34" covered="yes" />
            <range source_id="20" start_line="19" end_line="19" start_column="5" end_column="6" covered="yes" />
          </ranges>
        </function>
        <function id="16366" token="0x6000082" name="TemirManager(AzAgroPOS.Verilenler.Interfeysler.IUnitOfWork)" namespace="AzAgroPOS.Mentiq.Idareciler" type_name="TemirManager" block_coverage="0.00" line_coverage="0.00" blocks_covered="0" blocks_not_covered="2" lines_covered="0" lines_partially_covered="0" lines_not_covered="4">
          <ranges>
            <range source_id="21" start_line="22" end_line="22" start_column="5" end_column="48" covered="no" />
            <range source_id="21" start_line="23" end_line="23" start_column="5" end_column="6" covered="no" />
            <range source_id="21" start_line="24" end_line="24" start_column="9" end_column="34" covered="no" />
            <range source_id="21" start_line="25" end_line="25" start_column="5" end_column="6" covered="no" />
          </ranges>
        </function>
        <function id="16762" token="0x6000088" name="get_Id()" namespace="AzAgroPOS.Mentiq.DTOs" type_name="AlisSenedDto" block_coverage="0.00" line_coverage="0.00" blocks_covered="0" blocks_not_covered="1" lines_covered="0" lines_partially_covered="0" lines_not_covered="1">
          <ranges>
            <range source_id="22" start_line="16" end_line="16" start_column="21" end_column="25" covered="no" />
          </ranges>
        </function>
        <function id="16770" token="0x6000089" name="set_Id(int)" namespace="AzAgroPOS.Mentiq.DTOs" type_name="AlisSenedDto" block_coverage="0.00" line_coverage="0.00" blocks_covered="0" blocks_not_covered="1" lines_covered="0" lines_partially_covered="0" lines_not_covered="1">
          <ranges>
            <range source_id="22" start_line="16" end_line="16" start_column="26" end_column="30" covered="no" />
          </ranges>
        </function>
        <function id="16779" token="0x600008a" name="get_SenedNomresi()" namespace="AzAgroPOS.Mentiq.DTOs" type_name="AlisSenedDto" block_coverage="0.00" line_coverage="0.00" blocks_covered="0" blocks_not_covered="1" lines_covered="0" lines_partially_covered="0" lines_not_covered="1">
          <ranges>
            <range source_id="22" start_line="21" end_line="21" start_column="34" end_column="38" covered="no" />
          </ranges>
        </function>
        <function id="16787" token="0x600008b" name="set_SenedNomresi(string)" namespace="AzAgroPOS.Mentiq.DTOs" type_name="AlisSenedDto" block_coverage="0.00" line_coverage="0.00" blocks_covered="0" blocks_not_covered="1" lines_covered="0" lines_partially_covered="0" lines_not_covered="1">
          <ranges>
            <range source_id="22" start_line="21" end_line="21" start_column="39" end_column="43" covered="no" />
          </ranges>
        </function>
        <function id="16796" token="0x600008c" name="get_YaradilmaTarixi()" namespace="AzAgroPOS.Mentiq.DTOs" type_name="AlisSenedDto" block_coverage="0.00" line_coverage="0.00" blocks_covered="0" blocks_not_covered="1" lines_covered="0" lines_partially_covered="0" lines_not_covered="1">
          <ranges>
            <range source_id="22" start_line="26" end_line="26" start_column="39" end_column="43" covered="no" />
          </ranges>
        </function>
        <function id="16804" token="0x600008d" name="set_YaradilmaTarixi(System.DateTime)" namespace="AzAgroPOS.Mentiq.DTOs" type_name="AlisSenedDto" block_coverage="0.00" line_coverage="0.00" blocks_covered="0" blocks_not_covered="1" lines_covered="0" lines_partially_covered="0" lines_not_covered="1">
          <ranges>
            <range source_id="22" start_line="26" end_line="26" start_column="44" end_column="48" covered="no" />
          </ranges>
        </function>
        <function id="16813" token="0x600008e" name="get_TedarukcuId()" namespace="AzAgroPOS.Mentiq.DTOs" type_name="AlisSenedDto" block_coverage="0.00" line_coverage="0.00" blocks_covered="0" blocks_not_covered="1" lines_covered="0" lines_partially_covered="0" lines_not_covered="1">
          <ranges>
            <range source_id="22" start_line="31" end_line="31" start_column="30" end_column="34" covered="no" />
          </ranges>
        </function>
        <function id="16821" token="0x600008f" name="set_TedarukcuId(int)" namespace="AzAgroPOS.Mentiq.DTOs" type_name="AlisSenedDto" block_coverage="0.00" line_coverage="0.00" blocks_covered="0" blocks_not_covered="1" lines_covered="0" lines_partially_covered="0" lines_not_covered="1">
          <ranges>
            <range source_id="22" start_line="31" end_line="31" start_column="35" end_column="39" covered="no" />
          </ranges>
        </function>
        <function id="16830" token="0x6000090" name="get_TedarukcuAdi()" namespace="AzAgroPOS.Mentiq.DTOs" type_name="AlisSenedDto" block_coverage="0.00" line_coverage="0.00" blocks_covered="0" blocks_not_covered="1" lines_covered="0" lines_partially_covered="0" lines_not_covered="1">
          <ranges>
            <range source_id="22" start_line="36" end_line="36" start_column="34" end_column="38" covered="no" />
          </ranges>
        </function>
        <function id="16838" token="0x6000091" name="set_TedarukcuAdi(string)" namespace="AzAgroPOS.Mentiq.DTOs" type_name="AlisSenedDto" block_coverage="0.00" line_coverage="0.00" blocks_covered="0" blocks_not_covered="1" lines_covered="0" lines_partially_covered="0" lines_not_covered="1">
          <ranges>
            <range source_id="22" start_line="36" end_line="36" start_column="39" end_column="43" covered="no" />
          </ranges>
        </function>
        <function id="16847" token="0x6000092" name="get_TehvilTarixi()" namespace="AzAgroPOS.Mentiq.DTOs" type_name="AlisSenedDto" block_coverage="0.00" line_coverage="0.00" blocks_covered="0" blocks_not_covered="1" lines_covered="0" lines_partially_covered="0" lines_not_covered="1">
          <ranges>
            <range source_id="22" start_line="41" end_line="41" start_column="36" end_column="40" covered="no" />
          </ranges>
        </function>
        <function id="16855" token="0x6000093" name="set_TehvilTarixi(System.DateTime)" namespace="AzAgroPOS.Mentiq.DTOs" type_name="AlisSenedDto" block_coverage="0.00" line_coverage="0.00" blocks_covered="0" blocks_not_covered="1" lines_covered="0" lines_partially_covered="0" lines_not_covered="1">
          <ranges>
            <range source_id="22" start_line="41" end_line="41" start_column="41" end_column="45" covered="no" />
          </ranges>
        </function>
        <function id="16864" token="0x6000094" name="get_UmumiMebleg()" namespace="AzAgroPOS.Mentiq.DTOs" type_name="AlisSenedDto" block_coverage="0.00" line_coverage="0.00" blocks_covered="0" blocks_not_covered="1" lines_covered="0" lines_partially_covered="0" lines_not_covered="1">
          <ranges>
            <range source_id="22" start_line="46" end_line="46" start_column="34" end_column="38" covered="no" />
          </ranges>
        </function>
        <function id="16872" token="0x6000095" name="set_UmumiMebleg(decimal)" namespace="AzAgroPOS.Mentiq.DTOs" type_name="AlisSenedDto" block_coverage="0.00" line_coverage="0.00" blocks_covered="0" blocks_not_covered="1" lines_covered="0" lines_partially_covered="0" lines_not_covered="1">
          <ranges>
            <range source_id="22" start_line="46" end_line="46" start_column="39" end_column="43" covered="no" />
          </ranges>
        </function>
        <function id="16881" token="0x6000096" name="get_Status()" namespace="AzAgroPOS.Mentiq.DTOs" type_name="AlisSenedDto" block_coverage="0.00" line_coverage="0.00" blocks_covered="0" blocks_not_covered="1" lines_covered="0" lines_partially_covered="0" lines_not_covered="1">
          <ranges>
            <range source_id="22" start_line="51" end_line="51" start_column="38" end_column="42" covered="no" />
          </ranges>
        </function>
        <function id="16889" token="0x6000097" name="set_Status(AzAgroPOS.Varliglar.AlisSenedStatusu)" namespace="AzAgroPOS.Mentiq.DTOs" type_name="AlisSenedDto" block_coverage="0.00" line_coverage="0.00" blocks_covered="0" blocks_not_covered="1" lines_covered="0" lines_partially_covered="0" lines_not_covered="1">
          <ranges>
            <range source_id="22" start_line="51" end_line="51" start_column="43" end_column="47" covered="no" />
          </ranges>
        </function>
        <function id="16898" token="0x6000098" name="get_Qeydler()" namespace="AzAgroPOS.Mentiq.DTOs" type_name="AlisSenedDto" block_coverage="0.00" line_coverage="0.00" blocks_covered="0" blocks_not_covered="1" lines_covered="0" lines_partially_covered="0" lines_not_covered="1">
          <ranges>
            <range source_id="22" start_line="56" end_line="56" start_column="30" end_column="34" covered="no" />
          </ranges>
        </function>
        <function id="16906" token="0x6000099" name="set_Qeydler(string)" namespace="AzAgroPOS.Mentiq.DTOs" type_name="AlisSenedDto" block_coverage="0.00" line_coverage="0.00" blocks_covered="0" blocks_not_covered="1" lines_covered="0" lines_partially_covered="0" lines_not_covered="1">
          <ranges>
            <range source_id="22" start_line="56" end_line="56" start_column="35" end_column="39" covered="no" />
          </ranges>
        </function>
        <function id="16915" token="0x600009a" name="get_SenedSetirleri()" namespace="AzAgroPOS.Mentiq.DTOs" type_name="AlisSenedDto" block_coverage="0.00" line_coverage="0.00" blocks_covered="0" blocks_not_covered="1" lines_covered="0" lines_partially_covered="0" lines_not_covered="1">
          <ranges>
            <range source_id="22" start_line="61" end_line="61" start_column="54" end_column="58" covered="no" />
          </ranges>
        </function>
        <function id="16923" token="0x600009b" name="set_SenedSetirleri(System.Collections.Generic.List&lt;AzAgroPOS.Mentiq.DTOs.AlisSenedSetiriDto&gt;)" namespace="AzAgroPOS.Mentiq.DTOs" type_name="AlisSenedDto" block_coverage="0.00" line_coverage="0.00" blocks_covered="0" blocks_not_covered="1" lines_covered="0" lines_partially_covered="0" lines_not_covered="1">
          <ranges>
            <range source_id="22" start_line="61" end_line="61" start_column="59" end_column="63" covered="no" />
          </ranges>
        </function>
        <function id="16932" token="0x600009c" name="AlisSenedDto()" namespace="AzAgroPOS.Mentiq.DTOs" type_name="AlisSenedDto" block_coverage="0.00" line_coverage="0.00" blocks_covered="0" blocks_not_covered="5" lines_covered="0" lines_partially_covered="0" lines_not_covered="6">
          <ranges>
            <range source_id="22" start_line="21" end_line="21" start_column="48" end_column="60" covered="no" />
            <range source_id="22" start_line="26" end_line="26" start_column="53" end_column="65" covered="no" />
            <range source_id="22" start_line="36" end_line="36" start_column="48" end_column="60" covered="no" />
            <range source_id="22" start_line="41" end_line="41" start_column="50" end_column="62" covered="no" />
            <range source_id="22" start_line="51" end_line="51" start_column="52" end_column="78" covered="no" />
            <range source_id="22" start_line="61" end_line="61" start_column="68" end_column="98" covered="no" />
          </ranges>
        </function>
        <function id="17014" token="0x600009d" name="get_Id()" namespace="AzAgroPOS.Mentiq.DTOs" type_name="AlisSenedSetiriDto" block_coverage="0.00" line_coverage="0.00" blocks_covered="0" blocks_not_covered="1" lines_covered="0" lines_partially_covered="0" lines_not_covered="1">
          <ranges>
            <range source_id="23" start_line="11" end_line="11" start_column="21" end_column="25" covered="no" />
          </ranges>
        </function>
        <function id="17022" token="0x600009e" name="set_Id(int)" namespace="AzAgroPOS.Mentiq.DTOs" type_name="AlisSenedSetiriDto" block_coverage="0.00" line_coverage="0.00" blocks_covered="0" blocks_not_covered="1" lines_covered="0" lines_partially_covered="0" lines_not_covered="1">
          <ranges>
            <range source_id="23" start_line="11" end_line="11" start_column="26" end_column="30" covered="no" />
          </ranges>
        </function>
        <function id="17031" token="0x600009f" name="get_AlisSenedId()" namespace="AzAgroPOS.Mentiq.DTOs" type_name="AlisSenedSetiriDto" block_coverage="0.00" line_coverage="0.00" blocks_covered="0" blocks_not_covered="1" lines_covered="0" lines_partially_covered="0" lines_not_covered="1">
          <ranges>
            <range source_id="23" start_line="16" end_line="16" start_column="30" end_column="34" covered="no" />
          </ranges>
        </function>
        <function id="17039" token="0x60000a0" name="set_AlisSenedId(int)" namespace="AzAgroPOS.Mentiq.DTOs" type_name="AlisSenedSetiriDto" block_coverage="0.00" line_coverage="0.00" blocks_covered="0" blocks_not_covered="1" lines_covered="0" lines_partially_covered="0" lines_not_covered="1">
          <ranges>
            <range source_id="23" start_line="16" end_line="16" start_column="35" end_column="39" covered="no" />
          </ranges>
        </function>
        <function id="17048" token="0x60000a1" name="get_MehsulId()" namespace="AzAgroPOS.Mentiq.DTOs" type_name="AlisSenedSetiriDto" block_coverage="0.00" line_coverage="0.00" blocks_covered="0" blocks_not_covered="1" lines_covered="0" lines_partially_covered="0" lines_not_covered="1">
          <ranges>
            <range source_id="23" start_line="21" end_line="21" start_column="27" end_column="31" covered="no" />
          </ranges>
        </function>
        <function id="17056" token="0x60000a2" name="set_MehsulId(int)" namespace="AzAgroPOS.Mentiq.DTOs" type_name="AlisSenedSetiriDto" block_coverage="0.00" line_coverage="0.00" blocks_covered="0" blocks_not_covered="1" lines_covered="0" lines_partially_covered="0" lines_not_covered="1">
          <ranges>
            <range source_id="23" start_line="21" end_line="21" start_column="32" end_column="36" covered="no" />
          </ranges>
        </function>
        <function id="17065" token="0x60000a3" name="get_MehsulAdi()" namespace="AzAgroPOS.Mentiq.DTOs" type_name="AlisSenedSetiriDto" block_coverage="0.00" line_coverage="0.00" blocks_covered="0" blocks_not_covered="1" lines_covered="0" lines_partially_covered="0" lines_not_covered="1">
          <ranges>
            <range source_id="23" start_line="26" end_line="26" start_column="31" end_column="35" covered="no" />
          </ranges>
        </function>
        <function id="17073" token="0x60000a4" name="set_MehsulAdi(string)" namespace="AzAgroPOS.Mentiq.DTOs" type_name="AlisSenedSetiriDto" block_coverage="0.00" line_coverage="0.00" blocks_covered="0" blocks_not_covered="1" lines_covered="0" lines_partially_covered="0" lines_not_covered="1">
          <ranges>
            <range source_id="23" start_line="26" end_line="26" start_column="36" end_column="40" covered="no" />
          </ranges>
        </function>
        <function id="17082" token="0x60000a5" name="get_Miqdar()" namespace="AzAgroPOS.Mentiq.DTOs" type_name="AlisSenedSetiriDto" block_coverage="0.00" line_coverage="0.00" blocks_covered="0" blocks_not_covered="1" lines_covered="0" lines_partially_covered="0" lines_not_covered="1">
          <ranges>
            <range source_id="23" start_line="31" end_line="31" start_column="29" end_column="33" covered="no" />
          </ranges>
        </function>
        <function id="17090" token="0x60000a6" name="set_Miqdar(decimal)" namespace="AzAgroPOS.Mentiq.DTOs" type_name="AlisSenedSetiriDto" block_coverage="0.00" line_coverage="0.00" blocks_covered="0" blocks_not_covered="1" lines_covered="0" lines_partially_covered="0" lines_not_covered="1">
          <ranges>
            <range source_id="23" start_line="31" end_line="31" start_column="34" end_column="38" covered="no" />
          </ranges>
        </function>
        <function id="17099" token="0x60000a7" name="get_BirVahidQiymet()" namespace="AzAgroPOS.Mentiq.DTOs" type_name="AlisSenedSetiriDto" block_coverage="0.00" line_coverage="0.00" blocks_covered="0" blocks_not_covered="1" lines_covered="0" lines_partially_covered="0" lines_not_covered="1">
          <ranges>
            <range source_id="23" start_line="36" end_line="36" start_column="37" end_column="41" covered="no" />
          </ranges>
        </function>
        <function id="17107" token="0x60000a8" name="set_BirVahidQiymet(decimal)" namespace="AzAgroPOS.Mentiq.DTOs" type_name="AlisSenedSetiriDto" block_coverage="0.00" line_coverage="0.00" blocks_covered="0" blocks_not_covered="1" lines_covered="0" lines_partially_covered="0" lines_not_covered="1">
          <ranges>
            <range source_id="23" start_line="36" end_line="36" start_column="42" end_column="46" covered="no" />
          </ranges>
        </function>
        <function id="17116" token="0x60000a9" name="get_CemiMebleg()" namespace="AzAgroPOS.Mentiq.DTOs" type_name="AlisSenedSetiriDto" block_coverage="0.00" line_coverage="0.00" blocks_covered="0" blocks_not_covered="1" lines_covered="0" lines_partially_covered="0" lines_not_covered="1">
          <ranges>
            <range source_id="23" start_line="41" end_line="41" start_column="33" end_column="37" covered="no" />
          </ranges>
        </function>
        <function id="17124" token="0x60000aa" name="set_CemiMebleg(decimal)" namespace="AzAgroPOS.Mentiq.DTOs" type_name="AlisSenedSetiriDto" block_coverage="0.00" line_coverage="0.00" blocks_covered="0" blocks_not_covered="1" lines_covered="0" lines_partially_covered="0" lines_not_covered="1">
          <ranges>
            <range source_id="23" start_line="41" end_line="41" start_column="38" end_column="42" covered="no" />
          </ranges>
        </function>
        <function id="17133" token="0x60000ab" name="get_AlisSifarisSetiriId()" namespace="AzAgroPOS.Mentiq.DTOs" type_name="AlisSenedSetiriDto" block_coverage="0.00" line_coverage="0.00" blocks_covered="0" blocks_not_covered="1" lines_covered="0" lines_partially_covered="0" lines_not_covered="1">
          <ranges>
            <range source_id="23" start_line="46" end_line="46" start_column="39" end_column="43" covered="no" />
          </ranges>
        </function>
        <function id="17141" token="0x60000ac" name="set_AlisSifarisSetiriId(System.Nullable&lt;int&gt;)" namespace="AzAgroPOS.Mentiq.DTOs" type_name="AlisSenedSetiriDto" block_coverage="0.00" line_coverage="0.00" blocks_covered="0" blocks_not_covered="1" lines_covered="0" lines_partially_covered="0" lines_not_covered="1">
          <ranges>
            <range source_id="23" start_line="46" end_line="46" start_column="44" end_column="48" covered="no" />
          </ranges>
        </function>
        <function id="17150" token="0x60000ad" name="get_AlisSifarisSetiriNomresi()" namespace="AzAgroPOS.Mentiq.DTOs" type_name="AlisSenedSetiriDto" block_coverage="0.00" line_coverage="0.00" blocks_covered="0" blocks_not_covered="1" lines_covered="0" lines_partially_covered="0" lines_not_covered="1">
          <ranges>
            <range source_id="23" start_line="51" end_line="51" start_column="47" end_column="51" covered="no" />
          </ranges>
        </function>
        <function id="17158" token="0x60000ae" name="set_AlisSifarisSetiriNomresi(string)" namespace="AzAgroPOS.Mentiq.DTOs" type_name="AlisSenedSetiriDto" block_coverage="0.00" line_coverage="0.00" blocks_covered="0" blocks_not_covered="1" lines_covered="0" lines_partially_covered="0" lines_not_covered="1">
          <ranges>
            <range source_id="23" start_line="51" end_line="51" start_column="52" end_column="56" covered="no" />
          </ranges>
        </function>
        <function id="17167" token="0x60000af" name="AlisSenedSetiriDto()" namespace="AzAgroPOS.Mentiq.DTOs" type_name="AlisSenedSetiriDto" block_coverage="0.00" line_coverage="0.00" blocks_covered="0" blocks_not_covered="2" lines_covered="0" lines_partially_covered="0" lines_not_covered="1">
          <ranges>
            <range source_id="23" start_line="26" end_line="26" start_column="45" end_column="57" covered="no" />
          </ranges>
        </function>
        <function id="17187" token="0x60000b0" name="get_Id()" namespace="AzAgroPOS.Mentiq.DTOs" type_name="AlisSifarisDto" block_coverage="0.00" line_coverage="0.00" blocks_covered="0" blocks_not_covered="1" lines_covered="0" lines_partially_covered="0" lines_not_covered="1">
          <ranges>
            <range source_id="24" start_line="16" end_line="16" start_column="21" end_column="25" covered="no" />
          </ranges>
        </function>
        <function id="17195" token="0x60000b1" name="set_Id(int)" namespace="AzAgroPOS.Mentiq.DTOs" type_name="AlisSifarisDto" block_coverage="0.00" line_coverage="0.00" blocks_covered="0" blocks_not_covered="1" lines_covered="0" lines_partially_covered="0" lines_not_covered="1">
          <ranges>
            <range source_id="24" start_line="16" end_line="16" start_column="26" end_column="30" covered="no" />
          </ranges>
        </function>
        <function id="17204" token="0x60000b2" name="get_SifarisNomresi()" namespace="AzAgroPOS.Mentiq.DTOs" type_name="AlisSifarisDto" block_coverage="0.00" line_coverage="0.00" blocks_covered="0" blocks_not_covered="1" lines_covered="0" lines_partially_covered="0" lines_not_covered="1">
          <ranges>
            <range source_id="24" start_line="21" end_line="21" start_column="36" end_column="40" covered="no" />
          </ranges>
        </function>
        <function id="17212" token="0x60000b3" name="set_SifarisNomresi(string)" namespace="AzAgroPOS.Mentiq.DTOs" type_name="AlisSifarisDto" block_coverage="0.00" line_coverage="0.00" blocks_covered="0" blocks_not_covered="1" lines_covered="0" lines_partially_covered="0" lines_not_covered="1">
          <ranges>
            <range source_id="24" start_line="21" end_line="21" start_column="41" end_column="45" covered="no" />
          </ranges>
        </function>
        <function id="17221" token="0x60000b4" name="get_YaradilmaTarixi()" namespace="AzAgroPOS.Mentiq.DTOs" type_name="AlisSifarisDto" block_coverage="0.00" line_coverage="0.00" blocks_covered="0" blocks_not_covered="1" lines_covered="0" lines_partially_covered="0" lines_not_covered="1">
          <ranges>
            <range source_id="24" start_line="26" end_line="26" start_column="39" end_column="43" covered="no" />
          </ranges>
        </function>
        <function id="17229" token="0x60000b5" name="set_YaradilmaTarixi(System.DateTime)" namespace="AzAgroPOS.Mentiq.DTOs" type_name="AlisSifarisDto" block_coverage="0.00" line_coverage="0.00" blocks_covered="0" blocks_not_covered="1" lines_covered="0" lines_partially_covered="0" lines_not_covered="1">
          <ranges>
            <range source_id="24" start_line="26" end_line="26" start_column="44" end_column="48" covered="no" />
          </ranges>
        </function>
        <function id="17238" token="0x60000b6" name="get_TesdiqTarixi()" namespace="AzAgroPOS.Mentiq.DTOs" type_name="AlisSifarisDto" block_coverage="0.00" line_coverage="0.00" blocks_covered="0" blocks_not_covered="1" lines_covered="0" lines_partially_covered="0" lines_not_covered="1">
          <ranges>
            <range source_id="24" start_line="31" end_line="31" start_column="37" end_column="41" covered="no" />
          </ranges>
        </function>
        <function id="17246" token="0x60000b7" name="set_TesdiqTarixi(System.Nullable&lt;System.DateTime&gt;)" namespace="AzAgroPOS.Mentiq.DTOs" type_name="AlisSifarisDto" block_coverage="0.00" line_coverage="0.00" blocks_covered="0" blocks_not_covered="1" lines_covered="0" lines_partially_covered="0" lines_not_covered="1">
          <ranges>
            <range source_id="24" start_line="31" end_line="31" start_column="42" end_column="46" covered="no" />
          </ranges>
        </function>
        <function id="17255" token="0x60000b8" name="get_GozlenilenTehvilTarixi()" namespace="AzAgroPOS.Mentiq.DTOs" type_name="AlisSifarisDto" block_coverage="0.00" line_coverage="0.00" blocks_covered="0" blocks_not_covered="1" lines_covered="0" lines_partially_covered="0" lines_not_covered="1">
          <ranges>
            <range source_id="24" start_line="36" end_line="36" start_column="47" end_column="51" covered="no" />
          </ranges>
        </function>
        <function id="17263" token="0x60000b9" name="set_GozlenilenTehvilTarixi(System.Nullable&lt;System.DateTime&gt;)" namespace="AzAgroPOS.Mentiq.DTOs" type_name="AlisSifarisDto" block_coverage="0.00" line_coverage="0.00" blocks_covered="0" blocks_not_covered="1" lines_covered="0" lines_partially_covered="0" lines_not_covered="1">
          <ranges>
            <range source_id="24" start_line="36" end_line="36" start_column="52" end_column="56" covered="no" />
          </ranges>
        </function>
        <function id="17272" token="0x60000ba" name="get_FaktikiTehvilTarixi()" namespace="AzAgroPOS.Mentiq.DTOs" type_name="AlisSifarisDto" block_coverage="0.00" line_coverage="0.00" blocks_covered="0" blocks_not_covered="1" lines_covered="0" lines_partially_covered="0" lines_not_covered="1">
          <ranges>
            <range source_id="24" start_line="41" end_line="41" start_column="44" end_column="48" covered="no" />
          </ranges>
        </function>
        <function id="17280" token="0x60000bb" name="set_FaktikiTehvilTarixi(System.Nullable&lt;System.DateTime&gt;)" namespace="AzAgroPOS.Mentiq.DTOs" type_name="AlisSifarisDto" block_coverage="0.00" line_coverage="0.00" blocks_covered="0" blocks_not_covered="1" lines_covered="0" lines_partially_covered="0" lines_not_covered="1">
          <ranges>
            <range source_id="24" start_line="41" end_line="41" start_column="49" end_column="53" covered="no" />
          </ranges>
        </function>
        <function id="17289" token="0x60000bc" name="get_TedarukcuId()" namespace="AzAgroPOS.Mentiq.DTOs" type_name="AlisSifarisDto" block_coverage="0.00" line_coverage="0.00" blocks_covered="0" blocks_not_covered="1" lines_covered="0" lines_partially_covered="0" lines_not_covered="1">
          <ranges>
            <range source_id="24" start_line="46" end_line="46" start_column="30" end_column="34" covered="no" />
          </ranges>
        </function>
        <function id="17297" token="0x60000bd" name="set_TedarukcuId(int)" namespace="AzAgroPOS.Mentiq.DTOs" type_name="AlisSifarisDto" block_coverage="0.00" line_coverage="0.00" blocks_covered="0" blocks_not_covered="1" lines_covered="0" lines_partially_covered="0" lines_not_covered="1">
          <ranges>
            <range source_id="24" start_line="46" end_line="46" start_column="35" end_column="39" covered="no" />
          </ranges>
        </function>
        <function id="17306" token="0x60000be" name="get_TedarukcuAdi()" namespace="AzAgroPOS.Mentiq.DTOs" type_name="AlisSifarisDto" block_coverage="0.00" line_coverage="0.00" blocks_covered="0" blocks_not_covered="1" lines_covered="0" lines_partially_covered="0" lines_not_covered="1">
          <ranges>
            <range source_id="24" start_line="51" end_line="51" start_column="34" end_column="38" covered="no" />
          </ranges>
        </function>
        <function id="17314" token="0x60000bf" name="set_TedarukcuAdi(string)" namespace="AzAgroPOS.Mentiq.DTOs" type_name="AlisSifarisDto" block_coverage="0.00" line_coverage="0.00" blocks_covered="0" blocks_not_covered="1" lines_covered="0" lines_partially_covered="0" lines_not_covered="1">
          <ranges>
            <range source_id="24" start_line="51" end_line="51" start_column="39" end_column="43" covered="no" />
          </ranges>
        </function>
        <function id="17323" token="0x60000c0" name="get_UmumiMebleg()" namespace="AzAgroPOS.Mentiq.DTOs" type_name="AlisSifarisDto" block_coverage="0.00" line_coverage="0.00" blocks_covered="0" blocks_not_covered="1" lines_covered="0" lines_partially_covered="0" lines_not_covered="1">
          <ranges>
            <range source_id="24" start_line="56" end_line="56" start_column="34" end_column="38" covered="no" />
          </ranges>
        </function>
        <function id="17331" token="0x60000c1" name="set_UmumiMebleg(decimal)" namespace="AzAgroPOS.Mentiq.DTOs" type_name="AlisSifarisDto" block_coverage="0.00" line_coverage="0.00" blocks_covered="0" blocks_not_covered="1" lines_covered="0" lines_partially_covered="0" lines_not_covered="1">
          <ranges>
            <range source_id="24" start_line="56" end_line="56" start_column="39" end_column="43" covered="no" />
          </ranges>
        </function>
        <function id="17340" token="0x60000c2" name="get_Status()" namespace="AzAgroPOS.Mentiq.DTOs" type_name="AlisSifarisDto" block_coverage="0.00" line_coverage="0.00" blocks_covered="0" blocks_not_covered="1" lines_covered="0" lines_partially_covered="0" lines_not_covered="1">
          <ranges>
            <range source_id="24" start_line="61" end_line="61" start_column="40" end_column="44" covered="no" />
          </ranges>
        </function>
        <function id="17348" token="0x60000c3" name="set_Status(AzAgroPOS.Varliglar.AlisSifarisStatusu)" namespace="AzAgroPOS.Mentiq.DTOs" type_name="AlisSifarisDto" block_coverage="0.00" line_coverage="0.00" blocks_covered="0" blocks_not_covered="1" lines_covered="0" lines_partially_covered="0" lines_not_covered="1">
          <ranges>
            <range source_id="24" start_line="61" end_line="61" start_column="45" end_column="49" covered="no" />
          </ranges>
        </function>
        <function id="17357" token="0x60000c4" name="get_Qeydler()" namespace="AzAgroPOS.Mentiq.DTOs" type_name="AlisSifarisDto" block_coverage="0.00" line_coverage="0.00" blocks_covered="0" blocks_not_covered="1" lines_covered="0" lines_partially_covered="0" lines_not_covered="1">
          <ranges>
            <range source_id="24" start_line="66" end_line="66" start_column="30" end_column="34" covered="no" />
          </ranges>
        </function>
        <function id="17365" token="0x60000c5" name="set_Qeydler(string)" namespace="AzAgroPOS.Mentiq.DTOs" type_name="AlisSifarisDto" block_coverage="0.00" line_coverage="0.00" blocks_covered="0" blocks_not_covered="1" lines_covered="0" lines_partially_covered="0" lines_not_covered="1">
          <ranges>
            <range source_id="24" start_line="66" end_line="66" start_column="35" end_column="39" covered="no" />
          </ranges>
        </function>
        <function id="17374" token="0x60000c6" name="get_SifarisSetirleri()" namespace="AzAgroPOS.Mentiq.DTOs" type_name="AlisSifarisDto" block_coverage="0.00" line_coverage="0.00" blocks_covered="0" blocks_not_covered="1" lines_covered="0" lines_partially_covered="0" lines_not_covered="1">
          <ranges>
            <range source_id="24" start_line="71" end_line="71" start_column="58" end_column="62" covered="no" />
          </ranges>
        </function>
        <function id="17382" token="0x60000c7" name="set_SifarisSetirleri(System.Collections.Generic.List&lt;AzAgroPOS.Mentiq.DTOs.AlisSifarisSetiriDto&gt;)" namespace="AzAgroPOS.Mentiq.DTOs" type_name="AlisSifarisDto" block_coverage="0.00" line_coverage="0.00" blocks_covered="0" blocks_not_covered="1" lines_covered="0" lines_partially_covered="0" lines_not_covered="1">
          <ranges>
            <range source_id="24" start_line="71" end_line="71" start_column="63" end_column="67" covered="no" />
          </ranges>
        </function>
        <function id="17391" token="0x60000c8" name="AlisSifarisDto()" namespace="AzAgroPOS.Mentiq.DTOs" type_name="AlisSifarisDto" block_coverage="0.00" line_coverage="0.00" blocks_covered="0" blocks_not_covered="4" lines_covered="0" lines_partially_covered="0" lines_not_covered="5">
          <ranges>
            <range source_id="24" start_line="21" end_line="21" start_column="50" end_column="62" covered="no" />
            <range source_id="24" start_line="26" end_line="26" start_column="53" end_column="65" covered="no" />
            <range source_id="24" start_line="51" end_line="51" start_column="48" end_column="60" covered="no" />
            <range source_id="24" start_line="61" end_line="61" start_column="54" end_column="82" covered="no" />
            <range source_id="24" start_line="71" end_line="71" start_column="72" end_column="104" covered="no" />
          </ranges>
        </function>
        <function id="17451" token="0x60000c9" name="get_Id()" namespace="AzAgroPOS.Mentiq.DTOs" type_name="AlisSifarisSetiriDto" block_coverage="0.00" line_coverage="0.00" blocks_covered="0" blocks_not_covered="1" lines_covered="0" lines_partially_covered="0" lines_not_covered="1">
          <ranges>
            <range source_id="25" start_line="11" end_line="11" start_column="21" end_column="25" covered="no" />
          </ranges>
        </function>
        <function id="17459" token="0x60000ca" name="set_Id(int)" namespace="AzAgroPOS.Mentiq.DTOs" type_name="AlisSifarisSetiriDto" block_coverage="0.00" line_coverage="0.00" blocks_covered="0" blocks_not_covered="1" lines_covered="0" lines_partially_covered="0" lines_not_covered="1">
          <ranges>
            <range source_id="25" start_line="11" end_line="11" start_column="26" end_column="30" covered="no" />
          </ranges>
        </function>
        <function id="17468" token="0x60000cb" name="get_AlisSifarisId()" namespace="AzAgroPOS.Mentiq.DTOs" type_name="AlisSifarisSetiriDto" block_coverage="0.00" line_coverage="0.00" blocks_covered="0" blocks_not_covered="1" lines_covered="0" lines_partially_covered="0" lines_not_covered="1">
          <ranges>
            <range source_id="25" start_line="16" end_line="16" start_column="32" end_column="36" covered="no" />
          </ranges>
        </function>
        <function id="17476" token="0x60000cc" name="set_AlisSifarisId(int)" namespace="AzAgroPOS.Mentiq.DTOs" type_name="AlisSifarisSetiriDto" block_coverage="0.00" line_coverage="0.00" blocks_covered="0" blocks_not_covered="1" lines_covered="0" lines_partially_covered="0" lines_not_covered="1">
          <ranges>
            <range source_id="25" start_line="16" end_line="16" start_column="37" end_column="41" covered="no" />
          </ranges>
        </function>
        <function id="17485" token="0x60000cd" name="get_MehsulId()" namespace="AzAgroPOS.Mentiq.DTOs" type_name="AlisSifarisSetiriDto" block_coverage="0.00" line_coverage="0.00" blocks_covered="0" blocks_not_covered="1" lines_covered="0" lines_partially_covered="0" lines_not_covered="1">
          <ranges>
            <range source_id="25" start_line="21" end_line="21" start_column="27" end_column="31" covered="no" />
          </ranges>
        </function>
        <function id="17493" token="0x60000ce" name="set_MehsulId(int)" namespace="AzAgroPOS.Mentiq.DTOs" type_name="AlisSifarisSetiriDto" block_coverage="0.00" line_coverage="0.00" blocks_covered="0" blocks_not_covered="1" lines_covered="0" lines_partially_covered="0" lines_not_covered="1">
          <ranges>
            <range source_id="25" start_line="21" end_line="21" start_column="32" end_column="36" covered="no" />
          </ranges>
        </function>
        <function id="17502" token="0x60000cf" name="get_MehsulAdi()" namespace="AzAgroPOS.Mentiq.DTOs" type_name="AlisSifarisSetiriDto" block_coverage="0.00" line_coverage="0.00" blocks_covered="0" blocks_not_covered="1" lines_covered="0" lines_partially_covered="0" lines_not_covered="1">
          <ranges>
            <range source_id="25" start_line="26" end_line="26" start_column="31" end_column="35" covered="no" />
          </ranges>
        </function>
        <function id="17510" token="0x60000d0" name="set_MehsulAdi(string)" namespace="AzAgroPOS.Mentiq.DTOs" type_name="AlisSifarisSetiriDto" block_coverage="0.00" line_coverage="0.00" blocks_covered="0" blocks_not_covered="1" lines_covered="0" lines_partially_covered="0" lines_not_covered="1">
          <ranges>
            <range source_id="25" start_line="26" end_line="26" start_column="36" end_column="40" covered="no" />
          </ranges>
        </function>
        <function id="17519" token="0x60000d1" name="get_Miqdar()" namespace="AzAgroPOS.Mentiq.DTOs" type_name="AlisSifarisSetiriDto" block_coverage="0.00" line_coverage="0.00" blocks_covered="0" blocks_not_covered="1" lines_covered="0" lines_partially_covered="0" lines_not_covered="1">
          <ranges>
            <range source_id="25" start_line="31" end_line="31" start_column="29" end_column="33" covered="no" />
          </ranges>
        </function>
        <function id="17527" token="0x60000d2" name="set_Miqdar(decimal)" namespace="AzAgroPOS.Mentiq.DTOs" type_name="AlisSifarisSetiriDto" block_coverage="0.00" line_coverage="0.00" blocks_covered="0" blocks_not_covered="1" lines_covered="0" lines_partially_covered="0" lines_not_covered="1">
          <ranges>
            <range source_id="25" start_line="31" end_line="31" start_column="34" end_column="38" covered="no" />
          </ranges>
        </function>
        <function id="17536" token="0x60000d3" name="get_BirVahidQiymet()" namespace="AzAgroPOS.Mentiq.DTOs" type_name="AlisSifarisSetiriDto" block_coverage="0.00" line_coverage="0.00" blocks_covered="0" blocks_not_covered="1" lines_covered="0" lines_partially_covered="0" lines_not_covered="1">
          <ranges>
            <range source_id="25" start_line="36" end_line="36" start_column="37" end_column="41" covered="no" />
          </ranges>
        </function>
        <function id="17544" token="0x60000d4" name="set_BirVahidQiymet(decimal)" namespace="AzAgroPOS.Mentiq.DTOs" type_name="AlisSifarisSetiriDto" block_coverage="0.00" line_coverage="0.00" blocks_covered="0" blocks_not_covered="1" lines_covered="0" lines_partially_covered="0" lines_not_covered="1">
          <ranges>
            <range source_id="25" start_line="36" end_line="36" start_column="42" end_column="46" covered="no" />
          </ranges>
        </function>
        <function id="17553" token="0x60000d5" name="get_CemiMebleg()" namespace="AzAgroPOS.Mentiq.DTOs" type_name="AlisSifarisSetiriDto" block_coverage="0.00" line_coverage="0.00" blocks_covered="0" blocks_not_covered="1" lines_covered="0" lines_partially_covered="0" lines_not_covered="1">
          <ranges>
            <range source_id="25" start_line="41" end_line="41" start_column="33" end_column="37" covered="no" />
          </ranges>
        </function>
        <function id="17561" token="0x60000d6" name="set_CemiMebleg(decimal)" namespace="AzAgroPOS.Mentiq.DTOs" type_name="AlisSifarisSetiriDto" block_coverage="0.00" line_coverage="0.00" blocks_covered="0" blocks_not_covered="1" lines_covered="0" lines_partially_covered="0" lines_not_covered="1">
          <ranges>
            <range source_id="25" start_line="41" end_line="41" start_column="38" end_column="42" covered="no" />
          </ranges>
        </function>
        <function id="17570" token="0x60000d7" name="get_TehvilAlinanMiqdar()" namespace="AzAgroPOS.Mentiq.DTOs" type_name="AlisSifarisSetiriDto" block_coverage="0.00" line_coverage="0.00" blocks_covered="0" blocks_not_covered="1" lines_covered="0" lines_partially_covered="0" lines_not_covered="1">
          <ranges>
            <range source_id="25" start_line="46" end_line="46" start_column="41" end_column="45" covered="no" />
          </ranges>
        </function>
        <function id="17578" token="0x60000d8" name="set_TehvilAlinanMiqdar(decimal)" namespace="AzAgroPOS.Mentiq.DTOs" type_name="AlisSifarisSetiriDto" block_coverage="0.00" line_coverage="0.00" blocks_covered="0" blocks_not_covered="1" lines_covered="0" lines_partially_covered="0" lines_not_covered="1">
          <ranges>
            <range source_id="25" start_line="46" end_line="46" start_column="46" end_column="50" covered="no" />
          </ranges>
        </function>
        <function id="17587" token="0x60000d9" name="get_QalanMiqdar()" namespace="AzAgroPOS.Mentiq.DTOs" type_name="AlisSifarisSetiriDto" block_coverage="0.00" line_coverage="0.00" blocks_covered="0" blocks_not_covered="1" lines_covered="0" lines_partially_covered="0" lines_not_covered="1">
          <ranges>
            <range source_id="25" start_line="51" end_line="51" start_column="34" end_column="38" covered="no" />
          </ranges>
        </function>
        <function id="17595" token="0x60000da" name="set_QalanMiqdar(decimal)" namespace="AzAgroPOS.Mentiq.DTOs" type_name="AlisSifarisSetiriDto" block_coverage="0.00" line_coverage="0.00" blocks_covered="0" blocks_not_covered="1" lines_covered="0" lines_partially_covered="0" lines_not_covered="1">
          <ranges>
            <range source_id="25" start_line="51" end_line="51" start_column="39" end_column="43" covered="no" />
          </ranges>
        </function>
        <function id="17604" token="0x60000db" name="AlisSifarisSetiriDto()" namespace="AzAgroPOS.Mentiq.DTOs" type_name="AlisSifarisSetiriDto" block_coverage="0.00" line_coverage="0.00" blocks_covered="0" blocks_not_covered="2" lines_covered="0" lines_partially_covered="0" lines_not_covered="2">
          <ranges>
            <range source_id="25" start_line="26" end_line="26" start_column="45" end_column="57" covered="no" />
            <range source_id="25" start_line="46" end_line="46" start_column="55" end_column="56" covered="no" />
          </ranges>
        </function>
        <function id="17636" token="0x60000dc" name="get_StokKodu()" namespace="AzAgroPOS.Mentiq.DTOs" type_name="AnbarQaliqDetayDto" block_coverage="0.00" line_coverage="0.00" blocks_covered="0" blocks_not_covered="1" lines_covered="0" lines_partially_covered="0" lines_not_covered="1">
          <ranges>
            <range source_id="26" start_line="9" end_line="9" start_column="30" end_column="34" covered="no" />
          </ranges>
        </function>
        <function id="17644" token="0x60000dd" name="set_StokKodu(string)" namespace="AzAgroPOS.Mentiq.DTOs" type_name="AnbarQaliqDetayDto" block_coverage="0.00" line_coverage="0.00" blocks_covered="0" blocks_not_covered="1" lines_covered="0" lines_partially_covered="0" lines_not_covered="1">
          <ranges>
            <range source_id="26" start_line="9" end_line="9" start_column="35" end_column="39" covered="no" />
          </ranges>
        </function>
        <function id="17653" token="0x60000de" name="get_MehsulAdi()" namespace="AzAgroPOS.Mentiq.DTOs" type_name="AnbarQaliqDetayDto" block_coverage="0.00" line_coverage="0.00" blocks_covered="0" blocks_not_covered="1" lines_covered="0" lines_partially_covered="0" lines_not_covered="1">
          <ranges>
            <range source_id="26" start_line="10" end_line="10" start_column="31" end_column="35" covered="no" />
          </ranges>
        </function>
        <function id="17661" token="0x60000df" name="set_MehsulAdi(string)" namespace="AzAgroPOS.Mentiq.DTOs" type_name="AnbarQaliqDetayDto" block_coverage="0.00" line_coverage="0.00" blocks_covered="0" blocks_not_covered="1" lines_covered="0" lines_partially_covered="0" lines_not_covered="1">
          <ranges>
            <range source_id="26" start_line="10" end_line="10" start_column="36" end_column="40" covered="no" />
          </ranges>
        </function>
        <function id="17670" token="0x60000e0" name="get_MovcudSay()" namespace="AzAgroPOS.Mentiq.DTOs" type_name="AnbarQaliqDetayDto" block_coverage="0.00" line_coverage="0.00" blocks_covered="0" blocks_not_covered="1" lines_covered="0" lines_partially_covered="0" lines_not_covered="1">
          <ranges>
            <range source_id="26" start_line="11" end_line="11" start_column="28" end_column="32" covered="no" />
          </ranges>
        </function>
        <function id="17678" token="0x60000e1" name="set_MovcudSay(int)" namespace="AzAgroPOS.Mentiq.DTOs" type_name="AnbarQaliqDetayDto" block_coverage="0.00" line_coverage="0.00" blocks_covered="0" blocks_not_covered="1" lines_covered="0" lines_partially_covered="0" lines_not_covered="1">
          <ranges>
            <range source_id="26" start_line="11" end_line="11" start_column="33" end_column="37" covered="no" />
          </ranges>
        </function>
        <function id="17687" token="0x60000e2" name="AnbarQaliqDetayDto()" namespace="AzAgroPOS.Mentiq.DTOs" type_name="AnbarQaliqDetayDto" block_coverage="0.00" line_coverage="0.00" blocks_covered="0" blocks_not_covered="2" lines_covered="0" lines_partially_covered="0" lines_not_covered="2">
          <ranges>
            <range source_id="26" start_line="9" end_line="9" start_column="44" end_column="56" covered="no" />
            <range source_id="26" start_line="10" end_line="10" start_column="45" end_column="57" covered="no" />
          </ranges>
        </function>
        <function id="17718" token="0x60000e3" name="get_NovbeId()" namespace="AzAgroPOS.Mentiq.DTOs" type_name="BaglanmisNovbeDto" block_coverage="0.00" line_coverage="0.00" blocks_covered="0" blocks_not_covered="1" lines_covered="0" lines_partially_covered="0" lines_not_covered="1">
          <ranges>
            <range source_id="27" start_line="11" end_line="11" start_column="26" end_column="30" covered="no" />
          </ranges>
        </function>
        <function id="17726" token="0x60000e4" name="set_NovbeId(int)" namespace="AzAgroPOS.Mentiq.DTOs" type_name="BaglanmisNovbeDto" block_coverage="0.00" line_coverage="0.00" blocks_covered="0" blocks_not_covered="1" lines_covered="0" lines_partially_covered="0" lines_not_covered="1">
          <ranges>
            <range source_id="27" start_line="11" end_line="11" start_column="31" end_column="35" covered="no" />
          </ranges>
        </function>
        <function id="17735" token="0x60000e5" name="get_KassirAdi()" namespace="AzAgroPOS.Mentiq.DTOs" type_name="BaglanmisNovbeDto" block_coverage="0.00" line_coverage="0.00" blocks_covered="0" blocks_not_covered="1" lines_covered="0" lines_partially_covered="0" lines_not_covered="1">
          <ranges>
            <range source_id="27" start_line="12" end_line="12" start_column="31" end_column="35" covered="no" />
          </ranges>
        </function>
        <function id="17743" token="0x60000e6" name="set_KassirAdi(string)" namespace="AzAgroPOS.Mentiq.DTOs" type_name="BaglanmisNovbeDto" block_coverage="0.00" line_coverage="0.00" blocks_covered="0" blocks_not_covered="1" lines_covered="0" lines_partially_covered="0" lines_not_covered="1">
          <ranges>
            <range source_id="27" start_line="12" end_line="12" start_column="36" end_column="40" covered="no" />
          </ranges>
        </function>
        <function id="17752" token="0x60000e7" name="get_BaglanmaTarixi()" namespace="AzAgroPOS.Mentiq.DTOs" type_name="BaglanmisNovbeDto" block_coverage="0.00" line_coverage="0.00" blocks_covered="0" blocks_not_covered="1" lines_covered="0" lines_partially_covered="0" lines_not_covered="1">
          <ranges>
            <range source_id="27" start_line="13" end_line="13" start_column="38" end_column="42" covered="no" />
          </ranges>
        </function>
        <function id="17760" token="0x60000e8" name="set_BaglanmaTarixi(System.DateTime)" namespace="AzAgroPOS.Mentiq.DTOs" type_name="BaglanmisNovbeDto" block_coverage="0.00" line_coverage="0.00" blocks_covered="0" blocks_not_covered="1" lines_covered="0" lines_partially_covered="0" lines_not_covered="1">
          <ranges>
            <range source_id="27" start_line="13" end_line="13" start_column="43" end_column="47" covered="no" />
          </ranges>
        </function>
        <function id="17769" token="0x60000e9" name="BaglanmisNovbeDto()" namespace="AzAgroPOS.Mentiq.DTOs" type_name="BaglanmisNovbeDto" block_coverage="0.00" line_coverage="0.00" blocks_covered="0" blocks_not_covered="2" lines_covered="0" lines_partially_covered="0" lines_not_covered="1">
          <ranges>
            <range source_id="27" start_line="12" end_line="12" start_column="45" end_column="57" covered="no" />
          </ranges>
        </function>
        <function id="17789" token="0x60000ea" name="get_MehsulId()" namespace="AzAgroPOS.Mentiq.DTOs" type_name="BarkodEtiketDto" block_coverage="0.00" line_coverage="0.00" blocks_covered="0" blocks_not_covered="1" lines_covered="0" lines_partially_covered="0" lines_not_covered="1">
          <ranges>
            <range source_id="28" start_line="12" end_line="12" start_column="27" end_column="31" covered="no" />
          </ranges>
        </function>
        <function id="17797" token="0x60000eb" name="set_MehsulId(int)" namespace="AzAgroPOS.Mentiq.DTOs" type_name="BarkodEtiketDto" block_coverage="0.00" line_coverage="0.00" blocks_covered="0" blocks_not_covered="1" lines_covered="0" lines_partially_covered="0" lines_not_covered="1">
          <ranges>
            <range source_id="28" start_line="12" end_line="12" start_column="32" end_column="36" covered="no" />
          </ranges>
        </function>
        <function id="17806" token="0x60000ec" name="get_MehsulAdi()" namespace="AzAgroPOS.Mentiq.DTOs" type_name="BarkodEtiketDto" block_coverage="0.00" line_coverage="0.00" blocks_covered="0" blocks_not_covered="1" lines_covered="0" lines_partially_covered="0" lines_not_covered="1">
          <ranges>
            <range source_id="28" start_line="17" end_line="17" start_column="31" end_column="35" covered="no" />
          </ranges>
        </function>
        <function id="17814" token="0x60000ed" name="set_MehsulAdi(string)" namespace="AzAgroPOS.Mentiq.DTOs" type_name="BarkodEtiketDto" block_coverage="0.00" line_coverage="0.00" blocks_covered="0" blocks_not_covered="1" lines_covered="0" lines_partially_covered="0" lines_not_covered="1">
          <ranges>
            <range source_id="28" start_line="17" end_line="17" start_column="36" end_column="40" covered="no" />
          </ranges>
        </function>
        <function id="17823" token="0x60000ee" name="get_Qiymet()" namespace="AzAgroPOS.Mentiq.DTOs" type_name="BarkodEtiketDto" block_coverage="0.00" line_coverage="0.00" blocks_covered="0" blocks_not_covered="1" lines_covered="0" lines_partially_covered="0" lines_not_covered="1">
          <ranges>
            <range source_id="28" start_line="22" end_line="22" start_column="29" end_column="33" covered="no" />
          </ranges>
        </function>
        <function id="17831" token="0x60000ef" name="set_Qiymet(decimal)" namespace="AzAgroPOS.Mentiq.DTOs" type_name="BarkodEtiketDto" block_coverage="0.00" line_coverage="0.00" blocks_covered="0" blocks_not_covered="1" lines_covered="0" lines_partially_covered="0" lines_not_covered="1">
          <ranges>
            <range source_id="28" start_line="22" end_line="22" start_column="34" end_column="38" covered="no" />
          </ranges>
        </function>
        <function id="17840" token="0x60000f0" name="get_Barkod()" namespace="AzAgroPOS.Mentiq.DTOs" type_name="BarkodEtiketDto" block_coverage="0.00" line_coverage="0.00" blocks_covered="0" blocks_not_covered="1" lines_covered="0" lines_partially_covered="0" lines_not_covered="1">
          <ranges>
            <range source_id="28" start_line="27" end_line="27" start_column="28" end_column="32" covered="no" />
          </ranges>
        </function>
        <function id="17848" token="0x60000f1" name="set_Barkod(string)" namespace="AzAgroPOS.Mentiq.DTOs" type_name="BarkodEtiketDto" block_coverage="0.00" line_coverage="0.00" blocks_covered="0" blocks_not_covered="1" lines_covered="0" lines_partially_covered="0" lines_not_covered="1">
          <ranges>
            <range source_id="28" start_line="27" end_line="27" start_column="33" end_column="37" covered="no" />
          </ranges>
        </function>
        <function id="17857" token="0x60000f2" name="get_CapEdilecekSay()" namespace="AzAgroPOS.Mentiq.DTOs" type_name="BarkodEtiketDto" block_coverage="0.00" line_coverage="0.00" blocks_covered="0" blocks_not_covered="1" lines_covered="0" lines_partially_covered="0" lines_not_covered="1">
          <ranges>
            <range source_id="28" start_line="32" end_line="32" start_column="33" end_column="37" covered="no" />
          </ranges>
        </function>
        <function id="17865" token="0x60000f3" name="set_CapEdilecekSay(int)" namespace="AzAgroPOS.Mentiq.DTOs" type_name="BarkodEtiketDto" block_coverage="0.00" line_coverage="0.00" blocks_covered="0" blocks_not_covered="1" lines_covered="0" lines_partially_covered="0" lines_not_covered="1">
          <ranges>
            <range source_id="28" start_line="32" end_line="32" start_column="38" end_column="42" covered="no" />
          </ranges>
        </function>
        <function id="17876" token="0x60000f4" name="get_QiymetStr()" namespace="AzAgroPOS.Mentiq.DTOs" type_name="BarkodEtiketDto" block_coverage="0.00" line_coverage="0.00" blocks_covered="0" blocks_not_covered="6" lines_covered="0" lines_partially_covered="0" lines_not_covered="1">
          <ranges>
            <range source_id="28" start_line="37" end_line="37" start_column="32" end_column="50" covered="no" />
          </ranges>
        </function>
        <function id="17937" token="0x60000f5" name="BarkodEtiketDto()" namespace="AzAgroPOS.Mentiq.DTOs" type_name="BarkodEtiketDto" block_coverage="0.00" line_coverage="0.00" blocks_covered="0" blocks_not_covered="2" lines_covered="0" lines_partially_covered="0" lines_not_covered="3">
          <ranges>
            <range source_id="28" start_line="17" end_line="17" start_column="45" end_column="57" covered="no" />
            <range source_id="28" start_line="27" end_line="27" start_column="42" end_column="54" covered="no" />
            <range source_id="28" start_line="32" end_line="32" start_column="47" end_column="48" covered="no" />
          </ranges>
        </function>
        <function id="17975" token="0x60000f6" name="get_Id()" namespace="AzAgroPOS.Mentiq.DTOs" type_name="BrendDto" block_coverage="0.00" line_coverage="0.00" blocks_covered="0" blocks_not_covered="1" lines_covered="0" lines_partially_covered="0" lines_not_covered="1">
          <ranges>
            <range source_id="29" start_line="12" end_line="12" start_column="21" end_column="25" covered="no" />
          </ranges>
        </function>
        <function id="17983" token="0x60000f7" name="set_Id(int)" namespace="AzAgroPOS.Mentiq.DTOs" type_name="BrendDto" block_coverage="0.00" line_coverage="0.00" blocks_covered="0" blocks_not_covered="1" lines_covered="0" lines_partially_covered="0" lines_not_covered="1">
          <ranges>
            <range source_id="29" start_line="12" end_line="12" start_column="26" end_column="30" covered="no" />
          </ranges>
        </function>
        <function id="17992" token="0x60000f8" name="get_Ad()" namespace="AzAgroPOS.Mentiq.DTOs" type_name="BrendDto" block_coverage="0.00" line_coverage="0.00" blocks_covered="0" blocks_not_covered="1" lines_covered="0" lines_partially_covered="0" lines_not_covered="1">
          <ranges>
            <range source_id="29" start_line="17" end_line="17" start_column="24" end_column="28" covered="no" />
          </ranges>
        </function>
        <function id="18000" token="0x60000f9" name="set_Ad(string)" namespace="AzAgroPOS.Mentiq.DTOs" type_name="BrendDto" block_coverage="0.00" line_coverage="0.00" blocks_covered="0" blocks_not_covered="1" lines_covered="0" lines_partially_covered="0" lines_not_covered="1">
          <ranges>
            <range source_id="29" start_line="17" end_line="17" start_column="29" end_column="33" covered="no" />
          </ranges>
        </function>
        <function id="18009" token="0x60000fa" name="get_Olke()" namespace="AzAgroPOS.Mentiq.DTOs" type_name="BrendDto" block_coverage="0.00" line_coverage="0.00" blocks_covered="0" blocks_not_covered="1" lines_covered="0" lines_partially_covered="0" lines_not_covered="1">
          <ranges>
            <range source_id="29" start_line="22" end_line="22" start_column="27" end_column="31" covered="no" />
          </ranges>
        </function>
        <function id="18017" token="0x60000fb" name="set_Olke(string)" namespace="AzAgroPOS.Mentiq.DTOs" type_name="BrendDto" block_coverage="0.00" line_coverage="0.00" blocks_covered="0" blocks_not_covered="1" lines_covered="0" lines_partially_covered="0" lines_not_covered="1">
          <ranges>
            <range source_id="29" start_line="22" end_line="22" start_column="32" end_column="36" covered="no" />
          </ranges>
        </function>
        <function id="18026" token="0x60000fc" name="get_Vebsayt()" namespace="AzAgroPOS.Mentiq.DTOs" type_name="BrendDto" block_coverage="0.00" line_coverage="0.00" blocks_covered="0" blocks_not_covered="1" lines_covered="0" lines_partially_covered="0" lines_not_covered="1">
          <ranges>
            <range source_id="29" start_line="27" end_line="27" start_column="30" end_column="34" covered="no" />
          </ranges>
        </function>
        <function id="18034" token="0x60000fd" name="set_Vebsayt(string)" namespace="AzAgroPOS.Mentiq.DTOs" type_name="BrendDto" block_coverage="0.00" line_coverage="0.00" blocks_covered="0" blocks_not_covered="1" lines_covered="0" lines_partially_covered="0" lines_not_covered="1">
          <ranges>
            <range source_id="29" start_line="27" end_line="27" start_column="35" end_column="39" covered="no" />
          </ranges>
        </function>
        <function id="18043" token="0x60000fe" name="get_Tesvir()" namespace="AzAgroPOS.Mentiq.DTOs" type_name="BrendDto" block_coverage="0.00" line_coverage="0.00" blocks_covered="0" blocks_not_covered="1" lines_covered="0" lines_partially_covered="0" lines_not_covered="1">
          <ranges>
            <range source_id="29" start_line="32" end_line="32" start_column="29" end_column="33" covered="no" />
          </ranges>
        </function>
        <function id="18051" token="0x60000ff" name="set_Tesvir(string)" namespace="AzAgroPOS.Mentiq.DTOs" type_name="BrendDto" block_coverage="0.00" line_coverage="0.00" blocks_covered="0" blocks_not_covered="1" lines_covered="0" lines_partially_covered="0" lines_not_covered="1">
          <ranges>
            <range source_id="29" start_line="32" end_line="32" start_column="34" end_column="38" covered="no" />
          </ranges>
        </function>
        <function id="18060" token="0x6000100" name="get_LoqoFaylYolu()" namespace="AzAgroPOS.Mentiq.DTOs" type_name="BrendDto" block_coverage="0.00" line_coverage="0.00" blocks_covered="0" blocks_not_covered="1" lines_covered="0" lines_partially_covered="0" lines_not_covered="1">
          <ranges>
            <range source_id="29" start_line="37" end_line="37" start_column="35" end_column="39" covered="no" />
          </ranges>
        </function>
        <function id="18068" token="0x6000101" name="set_LoqoFaylYolu(string)" namespace="AzAgroPOS.Mentiq.DTOs" type_name="BrendDto" block_coverage="0.00" line_coverage="0.00" blocks_covered="0" blocks_not_covered="1" lines_covered="0" lines_partially_covered="0" lines_not_covered="1">
          <ranges>
            <range source_id="29" start_line="37" end_line="37" start_column="40" end_column="44" covered="no" />
          </ranges>
        </function>
        <function id="18077" token="0x6000102" name="get_Aktivdir()" namespace="AzAgroPOS.Mentiq.DTOs" type_name="BrendDto" block_coverage="0.00" line_coverage="0.00" blocks_covered="0" blocks_not_covered="1" lines_covered="0" lines_partially_covered="0" lines_not_covered="1">
          <ranges>
            <range source_id="29" start_line="42" end_line="42" start_column="28" end_column="32" covered="no" />
          </ranges>
        </function>
        <function id="18085" token="0x6000103" name="set_Aktivdir(bool)" namespace="AzAgroPOS.Mentiq.DTOs" type_name="BrendDto" block_coverage="0.00" line_coverage="0.00" blocks_covered="0" blocks_not_covered="1" lines_covered="0" lines_partially_covered="0" lines_not_covered="1">
          <ranges>
            <range source_id="29" start_line="42" end_line="42" start_column="33" end_column="37" covered="no" />
          </ranges>
        </function>
        <function id="18094" token="0x6000104" name="BrendDto()" namespace="AzAgroPOS.Mentiq.DTOs" type_name="BrendDto" block_coverage="0.00" line_coverage="0.00" blocks_covered="0" blocks_not_covered="2" lines_covered="0" lines_partially_covered="0" lines_not_covered="2">
          <ranges>
            <range source_id="29" start_line="17" end_line="17" start_column="38" end_column="50" covered="no" />
            <range source_id="29" start_line="42" end_line="42" start_column="42" end_column="46" covered="no" />
          </ranges>
        </function>
        <function id="18121" token="0x6000105" name="get_MehsulId()" namespace="AzAgroPOS.Mentiq.DTOs" type_name="EhtiyatHissəsiDto" block_coverage="0.00" line_coverage="0.00" blocks_covered="0" blocks_not_covered="1" lines_covered="0" lines_partially_covered="0" lines_not_covered="1">
          <ranges>
            <range source_id="30" start_line="5" end_line="5" start_column="31" end_column="35" covered="no" />
          </ranges>
        </function>
        <function id="18129" token="0x6000106" name="set_MehsulId(int)" namespace="AzAgroPOS.Mentiq.DTOs" type_name="EhtiyatHissəsiDto" block_coverage="0.00" line_coverage="0.00" blocks_covered="0" blocks_not_covered="1" lines_covered="0" lines_partially_covered="0" lines_not_covered="1">
          <ranges>
            <range source_id="30" start_line="5" end_line="5" start_column="36" end_column="40" covered="no" />
          </ranges>
        </function>
        <function id="18138" token="0x6000107" name="get_MehsulAdi()" namespace="AzAgroPOS.Mentiq.DTOs" type_name="EhtiyatHissəsiDto" block_coverage="0.00" line_coverage="0.00" blocks_covered="0" blocks_not_covered="1" lines_covered="0" lines_partially_covered="0" lines_not_covered="1">
          <ranges>
            <range source_id="30" start_line="6" end_line="6" start_column="35" end_column="39" covered="no" />
          </ranges>
        </function>
        <function id="18146" token="0x6000108" name="set_MehsulAdi(string)" namespace="AzAgroPOS.Mentiq.DTOs" type_name="EhtiyatHissəsiDto" block_coverage="0.00" line_coverage="0.00" blocks_covered="0" blocks_not_covered="1" lines_covered="0" lines_partially_covered="0" lines_not_covered="1">
          <ranges>
            <range source_id="30" start_line="6" end_line="6" start_column="40" end_column="44" covered="no" />
          </ranges>
        </function>
        <function id="18155" token="0x6000109" name="get_Miqdar()" namespace="AzAgroPOS.Mentiq.DTOs" type_name="EhtiyatHissəsiDto" block_coverage="0.00" line_coverage="0.00" blocks_covered="0" blocks_not_covered="1" lines_covered="0" lines_partially_covered="0" lines_not_covered="1">
          <ranges>
            <range source_id="30" start_line="7" end_line="7" start_column="33" end_column="37" covered="no" />
          </ranges>
        </function>
        <function id="18163" token="0x600010a" name="set_Miqdar(decimal)" namespace="AzAgroPOS.Mentiq.DTOs" type_name="EhtiyatHissəsiDto" block_coverage="0.00" line_coverage="0.00" blocks_covered="0" blocks_not_covered="1" lines_covered="0" lines_partially_covered="0" lines_not_covered="1">
          <ranges>
            <range source_id="30" start_line="7" end_line="7" start_column="38" end_column="42" covered="no" />
          </ranges>
        </function>
        <function id="18172" token="0x600010b" name="get_Qiymet()" namespace="AzAgroPOS.Mentiq.DTOs" type_name="EhtiyatHissəsiDto" block_coverage="0.00" line_coverage="0.00" blocks_covered="0" blocks_not_covered="1" lines_covered="0" lines_partially_covered="0" lines_not_covered="1">
          <ranges>
            <range source_id="30" start_line="8" end_line="8" start_column="33" end_column="37" covered="no" />
          </ranges>
        </function>
        <function id="18180" token="0x600010c" name="set_Qiymet(decimal)" namespace="AzAgroPOS.Mentiq.DTOs" type_name="EhtiyatHissəsiDto" block_coverage="0.00" line_coverage="0.00" blocks_covered="0" blocks_not_covered="1" lines_covered="0" lines_partially_covered="0" lines_not_covered="1">
          <ranges>
            <range source_id="30" start_line="8" end_line="8" start_column="38" end_column="42" covered="no" />
          </ranges>
        </function>
        <function id="18189" token="0x600010d" name="get_ÜmumiMəbləğ()" namespace="AzAgroPOS.Mentiq.DTOs" type_name="EhtiyatHissəsiDto" block_coverage="0.00" line_coverage="0.00" blocks_covered="0" blocks_not_covered="4" lines_covered="0" lines_partially_covered="0" lines_not_covered="1">
          <ranges>
            <range source_id="30" start_line="9" end_line="9" start_column="39" end_column="54" covered="no" />
          </ranges>
        </function>
        <function id="18208" token="0x600010e" name="EhtiyatHissəsiDto()" namespace="AzAgroPOS.Mentiq.DTOs" type_name="EhtiyatHissəsiDto" block_coverage="0.00" line_coverage="0.00" blocks_covered="0" blocks_not_covered="2" lines_covered="0" lines_partially_covered="0" lines_not_covered="1">
          <ranges>
            <range source_id="30" start_line="6" end_line="6" start_column="49" end_column="61" covered="no" />
          </ranges>
        </function>
        <function id="18228" token="0x600010f" name="get_Scope()" namespace="AzAgroPOS.Mentiq.DTOs" type_name="EndirimParametrləriDto" block_coverage="0.00" line_coverage="0.00" blocks_covered="0" blocks_not_covered="1" lines_covered="0" lines_partially_covered="0" lines_not_covered="1">
          <ranges>
            <range source_id="31" start_line="17" end_line="17" start_column="37" end_column="41" covered="no" />
          </ranges>
        </function>
        <function id="18236" token="0x6000110" name="set_Scope(AzAgroPOS.Mentiq.DTOs.EndirimScope)" namespace="AzAgroPOS.Mentiq.DTOs" type_name="EndirimParametrləriDto" block_coverage="0.00" line_coverage="0.00" blocks_covered="0" blocks_not_covered="1" lines_covered="0" lines_partially_covered="0" lines_not_covered="1">
          <ranges>
            <range source_id="31" start_line="17" end_line="17" start_column="42" end_column="46" covered="no" />
          </ranges>
        </function>
        <function id="18245" token="0x6000111" name="get_Type()" namespace="AzAgroPOS.Mentiq.DTOs" type_name="EndirimParametrləriDto" block_coverage="0.00" line_coverage="0.00" blocks_covered="0" blocks_not_covered="1" lines_covered="0" lines_partially_covered="0" lines_not_covered="1">
          <ranges>
            <range source_id="31" start_line="18" end_line="18" start_column="35" end_column="39" covered="no" />
          </ranges>
        </function>
        <function id="18253" token="0x6000112" name="set_Type(AzAgroPOS.Mentiq.DTOs.EndirimType)" namespace="AzAgroPOS.Mentiq.DTOs" type_name="EndirimParametrləriDto" block_coverage="0.00" line_coverage="0.00" blocks_covered="0" blocks_not_covered="1" lines_covered="0" lines_partially_covered="0" lines_not_covered="1">
          <ranges>
            <range source_id="31" start_line="18" end_line="18" start_column="40" end_column="44" covered="no" />
          </ranges>
        </function>
        <function id="18262" token="0x6000113" name="get_Value()" namespace="AzAgroPOS.Mentiq.DTOs" type_name="EndirimParametrləriDto" block_coverage="0.00" line_coverage="0.00" blocks_covered="0" blocks_not_covered="1" lines_covered="0" lines_partially_covered="0" lines_not_covered="1">
          <ranges>
            <range source_id="31" start_line="19" end_line="19" start_column="32" end_column="36" covered="no" />
          </ranges>
        </function>
        <function id="18270" token="0x6000114" name="set_Value(decimal)" namespace="AzAgroPOS.Mentiq.DTOs" type_name="EndirimParametrləriDto" block_coverage="0.00" line_coverage="0.00" blocks_covered="0" blocks_not_covered="1" lines_covered="0" lines_partially_covered="0" lines_not_covered="1">
          <ranges>
            <range source_id="31" start_line="19" end_line="19" start_column="37" end_column="41" covered="no" />
          </ranges>
        </function>
        <function id="18288" token="0x6000116" name="get_SatisId()" namespace="AzAgroPOS.Mentiq.DTOs" type_name="GunlukSatisDetayDto" block_coverage="0.00" line_coverage="0.00" blocks_covered="0" blocks_not_covered="1" lines_covered="0" lines_partially_covered="0" lines_not_covered="1">
          <ranges>
            <range source_id="32" start_line="11" end_line="11" start_column="26" end_column="30" covered="no" />
          </ranges>
        </function>
        <function id="18296" token="0x6000117" name="set_SatisId(int)" namespace="AzAgroPOS.Mentiq.DTOs" type_name="GunlukSatisDetayDto" block_coverage="100.00" line_coverage="100.00" blocks_covered="1" blocks_not_covered="0" lines_covered="1" lines_partially_covered="0" lines_not_covered="0">
          <ranges>
            <range source_id="32" start_line="11" end_line="11" start_column="31" end_column="35" covered="yes" />
          </ranges>
        </function>
        <function id="18305" token="0x6000118" name="get_Tarix()" namespace="AzAgroPOS.Mentiq.DTOs" type_name="GunlukSatisDetayDto" block_coverage="100.00" line_coverage="100.00" blocks_covered="1" blocks_not_covered="0" lines_covered="1" lines_partially_covered="0" lines_not_covered="0">
          <ranges>
            <range source_id="32" start_line="12" end_line="12" start_column="29" end_column="33" covered="yes" />
          </ranges>
        </function>
        <function id="18313" token="0x6000119" name="set_Tarix(System.DateTime)" namespace="AzAgroPOS.Mentiq.DTOs" type_name="GunlukSatisDetayDto" block_coverage="100.00" line_coverage="100.00" blocks_covered="1" blocks_not_covered="0" lines_covered="1" lines_partially_covered="0" lines_not_covered="0">
          <ranges>
            <range source_id="32" start_line="12" end_line="12" start_column="34" end_column="38" covered="yes" />
          </ranges>
        </function>
        <function id="18322" token="0x600011a" name="get_UmumiMebleg()" namespace="AzAgroPOS.Mentiq.DTOs" type_name="GunlukSatisDetayDto" block_coverage="0.00" line_coverage="0.00" blocks_covered="0" blocks_not_covered="1" lines_covered="0" lines_partially_covered="0" lines_not_covered="1">
          <ranges>
            <range source_id="32" start_line="13" end_line="13" start_column="34" end_column="38" covered="no" />
          </ranges>
        </function>
        <function id="18330" token="0x600011b" name="set_UmumiMebleg(decimal)" namespace="AzAgroPOS.Mentiq.DTOs" type_name="GunlukSatisDetayDto" block_coverage="100.00" line_coverage="100.00" blocks_covered="1" blocks_not_covered="0" lines_covered="1" lines_partially_covered="0" lines_not_covered="0">
          <ranges>
            <range source_id="32" start_line="13" end_line="13" start_column="39" end_column="43" covered="yes" />
          </ranges>
        </function>
        <function id="18339" token="0x600011c" name="get_OdenisMetodu()" namespace="AzAgroPOS.Mentiq.DTOs" type_name="GunlukSatisDetayDto" block_coverage="0.00" line_coverage="0.00" blocks_covered="0" blocks_not_covered="1" lines_covered="0" lines_partially_covered="0" lines_not_covered="1">
          <ranges>
            <range source_id="32" start_line="14" end_line="14" start_column="34" end_column="38" covered="no" />
          </ranges>
        </function>
        <function id="18347" token="0x600011d" name="set_OdenisMetodu(string)" namespace="AzAgroPOS.Mentiq.DTOs" type_name="GunlukSatisDetayDto" block_coverage="100.00" line_coverage="100.00" blocks_covered="1" blocks_not_covered="0" lines_covered="1" lines_partially_covered="0" lines_not_covered="0">
          <ranges>
            <range source_id="32" start_line="14" end_line="14" start_column="39" end_column="43" covered="yes" />
          </ranges>
        </function>
        <function id="18356" token="0x600011e" name="get_MusteriAdi()" namespace="AzAgroPOS.Mentiq.DTOs" type_name="GunlukSatisDetayDto" block_coverage="100.00" line_coverage="100.00" blocks_covered="1" blocks_not_covered="0" lines_covered="1" lines_partially_covered="0" lines_not_covered="0">
          <ranges>
            <range source_id="32" start_line="15" end_line="15" start_column="32" end_column="36" covered="yes" />
          </ranges>
        </function>
        <function id="18364" token="0x600011f" name="set_MusteriAdi(string)" namespace="AzAgroPOS.Mentiq.DTOs" type_name="GunlukSatisDetayDto" block_coverage="100.00" line_coverage="100.00" blocks_covered="1" blocks_not_covered="0" lines_covered="1" lines_partially_covered="0" lines_not_covered="0">
          <ranges>
            <range source_id="32" start_line="15" end_line="15" start_column="37" end_column="41" covered="yes" />
          </ranges>
        </function>
        <function id="18373" token="0x6000120" name="GunlukSatisDetayDto()" namespace="AzAgroPOS.Mentiq.DTOs" type_name="GunlukSatisDetayDto" block_coverage="100.00" line_coverage="100.00" blocks_covered="2" blocks_not_covered="0" lines_covered="2" lines_partially_covered="0" lines_not_covered="0">
          <ranges>
            <range source_id="32" start_line="14" end_line="14" start_column="48" end_column="60" covered="yes" />
            <range source_id="32" start_line="15" end_line="15" start_column="46" end_column="51" covered="yes" />
          </ranges>
        </function>
        <function id="18404" token="0x6000121" name="get_HesabatTarixi()" namespace="AzAgroPOS.Mentiq.DTOs" type_name="GunlukSatisHesabatDto" block_coverage="0.00" line_coverage="0.00" blocks_covered="0" blocks_not_covered="1" lines_covered="0" lines_partially_covered="0" lines_not_covered="1">
          <ranges>
            <range source_id="33" start_line="12" end_line="12" start_column="37" end_column="41" covered="no" />
          </ranges>
        </function>
        <function id="18412" token="0x6000122" name="set_HesabatTarixi(System.DateTime)" namespace="AzAgroPOS.Mentiq.DTOs" type_name="GunlukSatisHesabatDto" block_coverage="100.00" line_coverage="100.00" blocks_covered="1" blocks_not_covered="0" lines_covered="1" lines_partially_covered="0" lines_not_covered="0">
          <ranges>
            <range source_id="33" start_line="12" end_line="12" start_column="42" end_column="46" covered="yes" />
          </ranges>
        </function>
        <function id="18421" token="0x6000123" name="get_UmumiDovriyye()" namespace="AzAgroPOS.Mentiq.DTOs" type_name="GunlukSatisHesabatDto" block_coverage="100.00" line_coverage="100.00" blocks_covered="1" blocks_not_covered="0" lines_covered="1" lines_partially_covered="0" lines_not_covered="0">
          <ranges>
            <range source_id="33" start_line="13" end_line="13" start_column="36" end_column="40" covered="yes" />
          </ranges>
        </function>
        <function id="18429" token="0x6000124" name="set_UmumiDovriyye(decimal)" namespace="AzAgroPOS.Mentiq.DTOs" type_name="GunlukSatisHesabatDto" block_coverage="100.00" line_coverage="100.00" blocks_covered="1" blocks_not_covered="0" lines_covered="1" lines_partially_covered="0" lines_not_covered="0">
          <ranges>
            <range source_id="33" start_line="13" end_line="13" start_column="41" end_column="45" covered="yes" />
          </ranges>
        </function>
        <function id="18438" token="0x6000125" name="get_CemiSatisSayi()" namespace="AzAgroPOS.Mentiq.DTOs" type_name="GunlukSatisHesabatDto" block_coverage="100.00" line_coverage="100.00" blocks_covered="1" blocks_not_covered="0" lines_covered="1" lines_partially_covered="0" lines_not_covered="0">
          <ranges>
            <range source_id="33" start_line="14" end_line="14" start_column="32" end_column="36" covered="yes" />
          </ranges>
        </function>
        <function id="18446" token="0x6000126" name="set_CemiSatisSayi(int)" namespace="AzAgroPOS.Mentiq.DTOs" type_name="GunlukSatisHesabatDto" block_coverage="100.00" line_coverage="100.00" blocks_covered="1" blocks_not_covered="0" lines_covered="1" lines_partially_covered="0" lines_not_covered="0">
          <ranges>
            <range source_id="33" start_line="14" end_line="14" start_column="37" end_column="41" covered="yes" />
          </ranges>
        </function>
        <function id="18455" token="0x6000127" name="get_NagdSatisCemi()" namespace="AzAgroPOS.Mentiq.DTOs" type_name="GunlukSatisHesabatDto" block_coverage="100.00" line_coverage="100.00" blocks_covered="1" blocks_not_covered="0" lines_covered="1" lines_partially_covered="0" lines_not_covered="0">
          <ranges>
            <range source_id="33" start_line="15" end_line="15" start_column="36" end_column="40" covered="yes" />
          </ranges>
        </function>
        <function id="18463" token="0x6000128" name="set_NagdSatisCemi(decimal)" namespace="AzAgroPOS.Mentiq.DTOs" type_name="GunlukSatisHesabatDto" block_coverage="100.00" line_coverage="100.00" blocks_covered="1" blocks_not_covered="0" lines_covered="1" lines_partially_covered="0" lines_not_covered="0">
          <ranges>
            <range source_id="33" start_line="15" end_line="15" start_column="41" end_column="45" covered="yes" />
          </ranges>
        </function>
        <function id="18472" token="0x6000129" name="get_KartSatisCemi()" namespace="AzAgroPOS.Mentiq.DTOs" type_name="GunlukSatisHesabatDto" block_coverage="100.00" line_coverage="100.00" blocks_covered="1" blocks_not_covered="0" lines_covered="1" lines_partially_covered="0" lines_not_covered="0">
          <ranges>
            <range source_id="33" start_line="16" end_line="16" start_column="36" end_column="40" covered="yes" />
          </ranges>
        </function>
        <function id="18480" token="0x600012a" name="set_KartSatisCemi(decimal)" namespace="AzAgroPOS.Mentiq.DTOs" type_name="GunlukSatisHesabatDto" block_coverage="100.00" line_coverage="100.00" blocks_covered="1" blocks_not_covered="0" lines_covered="1" lines_partially_covered="0" lines_not_covered="0">
          <ranges>
            <range source_id="33" start_line="16" end_line="16" start_column="41" end_column="45" covered="yes" />
          </ranges>
        </function>
        <function id="18489" token="0x600012b" name="get_NisyeSatisCemi()" namespace="AzAgroPOS.Mentiq.DTOs" type_name="GunlukSatisHesabatDto" block_coverage="100.00" line_coverage="100.00" blocks_covered="1" blocks_not_covered="0" lines_covered="1" lines_partially_covered="0" lines_not_covered="0">
          <ranges>
            <range source_id="33" start_line="17" end_line="17" start_column="37" end_column="41" covered="yes" />
          </ranges>
        </function>
        <function id="18497" token="0x600012c" name="set_NisyeSatisCemi(decimal)" namespace="AzAgroPOS.Mentiq.DTOs" type_name="GunlukSatisHesabatDto" block_coverage="100.00" line_coverage="100.00" blocks_covered="1" blocks_not_covered="0" lines_covered="1" lines_partially_covered="0" lines_not_covered="0">
          <ranges>
            <range source_id="33" start_line="17" end_line="17" start_column="42" end_column="46" covered="yes" />
          </ranges>
        </function>
        <function id="18506" token="0x600012d" name="get_SatislarinSiyahisi()" namespace="AzAgroPOS.Mentiq.DTOs" type_name="GunlukSatisHesabatDto" block_coverage="100.00" line_coverage="100.00" blocks_covered="1" blocks_not_covered="0" lines_covered="1" lines_partially_covered="0" lines_not_covered="0">
          <ranges>
            <range source_id="33" start_line="18" end_line="18" start_column="59" end_column="63" covered="yes" />
          </ranges>
        </function>
        <function id="18514" token="0x600012e" name="set_SatislarinSiyahisi(System.Collections.Generic.List&lt;AzAgroPOS.Mentiq.DTOs.GunlukSatisDetayDto&gt;)" namespace="AzAgroPOS.Mentiq.DTOs" type_name="GunlukSatisHesabatDto" block_coverage="100.00" line_coverage="100.00" blocks_covered="1" blocks_not_covered="0" lines_covered="1" lines_partially_covered="0" lines_not_covered="0">
          <ranges>
            <range source_id="33" start_line="18" end_line="18" start_column="64" end_column="68" covered="yes" />
          </ranges>
        </function>
        <function id="18523" token="0x600012f" name="GunlukSatisHesabatDto()" namespace="AzAgroPOS.Mentiq.DTOs" type_name="GunlukSatisHesabatDto" block_coverage="100.00" line_coverage="100.00" blocks_covered="3" blocks_not_covered="0" lines_covered="1" lines_partially_covered="0" lines_not_covered="0">
          <ranges>
            <range source_id="33" start_line="18" end_line="18" start_column="73" end_column="78" covered="yes" />
          </ranges>
        </function>
        <function id="18543" token="0x6000130" name="get_Id()" namespace="AzAgroPOS.Mentiq.DTOs" type_name="IcazeDto" block_coverage="0.00" line_coverage="0.00" blocks_covered="0" blocks_not_covered="1" lines_covered="0" lines_partially_covered="0" lines_not_covered="1">
          <ranges>
            <range source_id="34" start_line="12" end_line="12" start_column="21" end_column="25" covered="no" />
          </ranges>
        </function>
        <function id="18551" token="0x6000131" name="set_Id(int)" namespace="AzAgroPOS.Mentiq.DTOs" type_name="IcazeDto" block_coverage="0.00" line_coverage="0.00" blocks_covered="0" blocks_not_covered="1" lines_covered="0" lines_partially_covered="0" lines_not_covered="1">
          <ranges>
            <range source_id="34" start_line="12" end_line="12" start_column="26" end_column="30" covered="no" />
          </ranges>
        </function>
        <function id="18560" token="0x6000132" name="get_Ad()" namespace="AzAgroPOS.Mentiq.DTOs" type_name="IcazeDto" block_coverage="0.00" line_coverage="0.00" blocks_covered="0" blocks_not_covered="1" lines_covered="0" lines_partially_covered="0" lines_not_covered="1">
          <ranges>
            <range source_id="34" start_line="17" end_line="17" start_column="24" end_column="28" covered="no" />
          </ranges>
        </function>
        <function id="18568" token="0x6000133" name="set_Ad(string)" namespace="AzAgroPOS.Mentiq.DTOs" type_name="IcazeDto" block_coverage="0.00" line_coverage="0.00" blocks_covered="0" blocks_not_covered="1" lines_covered="0" lines_partially_covered="0" lines_not_covered="1">
          <ranges>
            <range source_id="34" start_line="17" end_line="17" start_column="29" end_column="33" covered="no" />
          </ranges>
        </function>
        <function id="18577" token="0x6000134" name="get_Tesvir()" namespace="AzAgroPOS.Mentiq.DTOs" type_name="IcazeDto" block_coverage="0.00" line_coverage="0.00" blocks_covered="0" blocks_not_covered="1" lines_covered="0" lines_partially_covered="0" lines_not_covered="1">
          <ranges>
            <range source_id="34" start_line="22" end_line="22" start_column="28" end_column="32" covered="no" />
          </ranges>
        </function>
        <function id="18585" token="0x6000135" name="set_Tesvir(string)" namespace="AzAgroPOS.Mentiq.DTOs" type_name="IcazeDto" block_coverage="0.00" line_coverage="0.00" blocks_covered="0" blocks_not_covered="1" lines_covered="0" lines_partially_covered="0" lines_not_covered="1">
          <ranges>
            <range source_id="34" start_line="22" end_line="22" start_column="33" end_column="37" covered="no" />
          </ranges>
        </function>
        <function id="18594" token="0x6000136" name="IcazeDto()" namespace="AzAgroPOS.Mentiq.DTOs" type_name="IcazeDto" block_coverage="0.00" line_coverage="0.00" blocks_covered="0" blocks_not_covered="2" lines_covered="0" lines_partially_covered="0" lines_not_covered="2">
          <ranges>
            <range source_id="34" start_line="17" end_line="17" start_column="38" end_column="50" covered="no" />
            <range source_id="34" start_line="22" end_line="22" start_column="42" end_column="54" covered="no" />
          </ranges>
        </function>
        <function id="18625" token="0x6000137" name="get_Id()" namespace="AzAgroPOS.Mentiq.DTOs" type_name="IsciDto" block_coverage="0.00" line_coverage="0.00" blocks_covered="0" blocks_not_covered="1" lines_covered="0" lines_partially_covered="0" lines_not_covered="1">
          <ranges>
            <range source_id="35" start_line="15" end_line="15" start_column="21" end_column="25" covered="no" />
          </ranges>
        </function>
        <function id="18633" token="0x6000138" name="set_Id(int)" namespace="AzAgroPOS.Mentiq.DTOs" type_name="IsciDto" block_coverage="0.00" line_coverage="0.00" blocks_covered="0" blocks_not_covered="1" lines_covered="0" lines_partially_covered="0" lines_not_covered="1">
          <ranges>
            <range source_id="35" start_line="15" end_line="15" start_column="26" end_column="30" covered="no" />
          </ranges>
        </function>
        <function id="18642" token="0x6000139" name="get_TamAd()" namespace="AzAgroPOS.Mentiq.DTOs" type_name="IsciDto" block_coverage="0.00" line_coverage="0.00" blocks_covered="0" blocks_not_covered="1" lines_covered="0" lines_partially_covered="0" lines_not_covered="1">
          <ranges>
            <range source_id="35" start_line="20" end_line="20" start_column="27" end_column="31" covered="no" />
          </ranges>
        </function>
        <function id="18650" token="0x600013a" name="set_TamAd(string)" namespace="AzAgroPOS.Mentiq.DTOs" type_name="IsciDto" block_coverage="0.00" line_coverage="0.00" blocks_covered="0" blocks_not_covered="1" lines_covered="0" lines_partially_covered="0" lines_not_covered="1">
          <ranges>
            <range source_id="35" start_line="20" end_line="20" start_column="32" end_column="36" covered="no" />
          </ranges>
        </function>
        <function id="18659" token="0x600013b" name="get_DogumTarixi()" namespace="AzAgroPOS.Mentiq.DTOs" type_name="IsciDto" block_coverage="0.00" line_coverage="0.00" blocks_covered="0" blocks_not_covered="1" lines_covered="0" lines_partially_covered="0" lines_not_covered="1">
          <ranges>
            <range source_id="35" start_line="25" end_line="25" start_column="35" end_column="39" covered="no" />
          </ranges>
        </function>
        <function id="18667" token="0x600013c" name="set_DogumTarixi(System.DateTime)" namespace="AzAgroPOS.Mentiq.DTOs" type_name="IsciDto" block_coverage="0.00" line_coverage="0.00" blocks_covered="0" blocks_not_covered="1" lines_covered="0" lines_partially_covered="0" lines_not_covered="1">
          <ranges>
            <range source_id="35" start_line="25" end_line="25" start_column="40" end_column="44" covered="no" />
          </ranges>
        </function>
        <function id="18676" token="0x600013d" name="get_TelefonNomresi()" namespace="AzAgroPOS.Mentiq.DTOs" type_name="IsciDto" block_coverage="0.00" line_coverage="0.00" blocks_covered="0" blocks_not_covered="1" lines_covered="0" lines_partially_covered="0" lines_not_covered="1">
          <ranges>
            <range source_id="35" start_line="30" end_line="30" start_column="36" end_column="40" covered="no" />
          </ranges>
        </function>
        <function id="18684" token="0x600013e" name="set_TelefonNomresi(string)" namespace="AzAgroPOS.Mentiq.DTOs" type_name="IsciDto" block_coverage="0.00" line_coverage="0.00" blocks_covered="0" blocks_not_covered="1" lines_covered="0" lines_partially_covered="0" lines_not_covered="1">
          <ranges>
            <range source_id="35" start_line="30" end_line="30" start_column="41" end_column="45" covered="no" />
          </ranges>
        </function>
        <function id="18693" token="0x600013f" name="get_Unvan()" namespace="AzAgroPOS.Mentiq.DTOs" type_name="IsciDto" block_coverage="0.00" line_coverage="0.00" blocks_covered="0" blocks_not_covered="1" lines_covered="0" lines_partially_covered="0" lines_not_covered="1">
          <ranges>
            <range source_id="35" start_line="35" end_line="35" start_column="27" end_column="31" covered="no" />
          </ranges>
        </function>
        <function id="18701" token="0x6000140" name="set_Unvan(string)" namespace="AzAgroPOS.Mentiq.DTOs" type_name="IsciDto" block_coverage="0.00" line_coverage="0.00" blocks_covered="0" blocks_not_covered="1" lines_covered="0" lines_partially_covered="0" lines_not_covered="1">
          <ranges>
            <range source_id="35" start_line="35" end_line="35" start_column="32" end_column="36" covered="no" />
          </ranges>
        </function>
        <function id="18710" token="0x6000141" name="get_Email()" namespace="AzAgroPOS.Mentiq.DTOs" type_name="IsciDto" block_coverage="0.00" line_coverage="0.00" blocks_covered="0" blocks_not_covered="1" lines_covered="0" lines_partially_covered="0" lines_not_covered="1">
          <ranges>
            <range source_id="35" start_line="40" end_line="40" start_column="27" end_column="31" covered="no" />
          </ranges>
        </function>
        <function id="18718" token="0x6000142" name="set_Email(string)" namespace="AzAgroPOS.Mentiq.DTOs" type_name="IsciDto" block_coverage="0.00" line_coverage="0.00" blocks_covered="0" blocks_not_covered="1" lines_covered="0" lines_partially_covered="0" lines_not_covered="1">
          <ranges>
            <range source_id="35" start_line="40" end_line="40" start_column="32" end_column="36" covered="no" />
          </ranges>
        </function>
        <function id="18727" token="0x6000143" name="get_IseBaslamaTarixi()" namespace="AzAgroPOS.Mentiq.DTOs" type_name="IsciDto" block_coverage="0.00" line_coverage="0.00" blocks_covered="0" blocks_not_covered="1" lines_covered="0" lines_partially_covered="0" lines_not_covered="1">
          <ranges>
            <range source_id="35" start_line="45" end_line="45" start_column="40" end_column="44" covered="no" />
          </ranges>
        </function>
        <function id="18735" token="0x6000144" name="set_IseBaslamaTarixi(System.DateTime)" namespace="AzAgroPOS.Mentiq.DTOs" type_name="IsciDto" block_coverage="0.00" line_coverage="0.00" blocks_covered="0" blocks_not_covered="1" lines_covered="0" lines_partially_covered="0" lines_not_covered="1">
          <ranges>
            <range source_id="35" start_line="45" end_line="45" start_column="45" end_column="49" covered="no" />
          </ranges>
        </function>
        <function id="18744" token="0x6000145" name="get_Maas()" namespace="AzAgroPOS.Mentiq.DTOs" type_name="IsciDto" block_coverage="0.00" line_coverage="0.00" blocks_covered="0" blocks_not_covered="1" lines_covered="0" lines_partially_covered="0" lines_not_covered="1">
          <ranges>
            <range source_id="35" start_line="50" end_line="50" start_column="27" end_column="31" covered="no" />
          </ranges>
        </function>
        <function id="18752" token="0x6000146" name="set_Maas(decimal)" namespace="AzAgroPOS.Mentiq.DTOs" type_name="IsciDto" block_coverage="0.00" line_coverage="0.00" blocks_covered="0" blocks_not_covered="1" lines_covered="0" lines_partially_covered="0" lines_not_covered="1">
          <ranges>
            <range source_id="35" start_line="50" end_line="50" start_column="32" end_column="36" covered="no" />
          </ranges>
        </function>
        <function id="18761" token="0x6000147" name="get_Vezife()" namespace="AzAgroPOS.Mentiq.DTOs" type_name="IsciDto" block_coverage="0.00" line_coverage="0.00" blocks_covered="0" blocks_not_covered="1" lines_covered="0" lines_partially_covered="0" lines_not_covered="1">
          <ranges>
            <range source_id="35" start_line="55" end_line="55" start_column="28" end_column="32" covered="no" />
          </ranges>
        </function>
        <function id="18769" token="0x6000148" name="set_Vezife(string)" namespace="AzAgroPOS.Mentiq.DTOs" type_name="IsciDto" block_coverage="0.00" line_coverage="0.00" blocks_covered="0" blocks_not_covered="1" lines_covered="0" lines_partially_covered="0" lines_not_covered="1">
          <ranges>
            <range source_id="35" start_line="55" end_line="55" start_column="33" end_column="37" covered="no" />
          </ranges>
        </function>
        <function id="18778" token="0x6000149" name="get_Departament()" namespace="AzAgroPOS.Mentiq.DTOs" type_name="IsciDto" block_coverage="0.00" line_coverage="0.00" blocks_covered="0" blocks_not_covered="1" lines_covered="0" lines_partially_covered="0" lines_not_covered="1">
          <ranges>
            <range source_id="35" start_line="60" end_line="60" start_column="33" end_column="37" covered="no" />
          </ranges>
        </function>
        <function id="18786" token="0x600014a" name="set_Departament(string)" namespace="AzAgroPOS.Mentiq.DTOs" type_name="IsciDto" block_coverage="0.00" line_coverage="0.00" blocks_covered="0" blocks_not_covered="1" lines_covered="0" lines_partially_covered="0" lines_not_covered="1">
          <ranges>
            <range source_id="35" start_line="60" end_line="60" start_column="38" end_column="42" covered="no" />
          </ranges>
        </function>
        <function id="18795" token="0x600014b" name="get_Status()" namespace="AzAgroPOS.Mentiq.DTOs" type_name="IsciDto" block_coverage="0.00" line_coverage="0.00" blocks_covered="0" blocks_not_covered="1" lines_covered="0" lines_partially_covered="0" lines_not_covered="1">
          <ranges>
            <range source_id="35" start_line="65" end_line="65" start_column="33" end_column="37" covered="no" />
          </ranges>
        </function>
        <function id="18803" token="0x600014c" name="set_Status(AzAgroPOS.Varliglar.IsciStatusu)" namespace="AzAgroPOS.Mentiq.DTOs" type_name="IsciDto" block_coverage="0.00" line_coverage="0.00" blocks_covered="0" blocks_not_covered="1" lines_covered="0" lines_partially_covered="0" lines_not_covered="1">
          <ranges>
            <range source_id="35" start_line="65" end_line="65" start_column="38" end_column="42" covered="no" />
          </ranges>
        </function>
        <function id="18812" token="0x600014d" name="get_SvsNo()" namespace="AzAgroPOS.Mentiq.DTOs" type_name="IsciDto" block_coverage="0.00" line_coverage="0.00" blocks_covered="0" blocks_not_covered="1" lines_covered="0" lines_partially_covered="0" lines_not_covered="1">
          <ranges>
            <range source_id="35" start_line="70" end_line="70" start_column="27" end_column="31" covered="no" />
          </ranges>
        </function>
        <function id="18820" token="0x600014e" name="set_SvsNo(string)" namespace="AzAgroPOS.Mentiq.DTOs" type_name="IsciDto" block_coverage="0.00" line_coverage="0.00" blocks_covered="0" blocks_not_covered="1" lines_covered="0" lines_partially_covered="0" lines_not_covered="1">
          <ranges>
            <range source_id="35" start_line="70" end_line="70" start_column="32" end_column="36" covered="no" />
          </ranges>
        </function>
        <function id="18829" token="0x600014f" name="get_QeydiyyatUnvani()" namespace="AzAgroPOS.Mentiq.DTOs" type_name="IsciDto" block_coverage="0.00" line_coverage="0.00" blocks_covered="0" blocks_not_covered="1" lines_covered="0" lines_partially_covered="0" lines_not_covered="1">
          <ranges>
            <range source_id="35" start_line="75" end_line="75" start_column="37" end_column="41" covered="no" />
          </ranges>
        </function>
        <function id="18837" token="0x6000150" name="set_QeydiyyatUnvani(string)" namespace="AzAgroPOS.Mentiq.DTOs" type_name="IsciDto" block_coverage="0.00" line_coverage="0.00" blocks_covered="0" blocks_not_covered="1" lines_covered="0" lines_partially_covered="0" lines_not_covered="1">
          <ranges>
            <range source_id="35" start_line="75" end_line="75" start_column="42" end_column="46" covered="no" />
          </ranges>
        </function>
        <function id="18846" token="0x6000151" name="get_BankMəlumatları()" namespace="AzAgroPOS.Mentiq.DTOs" type_name="IsciDto" block_coverage="0.00" line_coverage="0.00" blocks_covered="0" blocks_not_covered="1" lines_covered="0" lines_partially_covered="0" lines_not_covered="1">
          <ranges>
            <range source_id="35" start_line="80" end_line="80" start_column="37" end_column="41" covered="no" />
          </ranges>
        </function>
        <function id="18854" token="0x6000152" name="set_BankMəlumatları(string)" namespace="AzAgroPOS.Mentiq.DTOs" type_name="IsciDto" block_coverage="0.00" line_coverage="0.00" blocks_covered="0" blocks_not_covered="1" lines_covered="0" lines_partially_covered="0" lines_not_covered="1">
          <ranges>
            <range source_id="35" start_line="80" end_line="80" start_column="42" end_column="46" covered="no" />
          </ranges>
        </function>
        <function id="18863" token="0x6000153" name="get_SistemIstifadeciAdi()" namespace="AzAgroPOS.Mentiq.DTOs" type_name="IsciDto" block_coverage="0.00" line_coverage="0.00" blocks_covered="0" blocks_not_covered="1" lines_covered="0" lines_partially_covered="0" lines_not_covered="1">
          <ranges>
            <range source_id="35" start_line="85" end_line="85" start_column="42" end_column="46" covered="no" />
          </ranges>
        </function>
        <function id="18871" token="0x6000154" name="set_SistemIstifadeciAdi(string)" namespace="AzAgroPOS.Mentiq.DTOs" type_name="IsciDto" block_coverage="0.00" line_coverage="0.00" blocks_covered="0" blocks_not_covered="1" lines_covered="0" lines_partially_covered="0" lines_not_covered="1">
          <ranges>
            <range source_id="35" start_line="85" end_line="85" start_column="47" end_column="51" covered="no" />
          </ranges>
        </function>
        <function id="18880" token="0x6000155" name="IsciDto()" namespace="AzAgroPOS.Mentiq.DTOs" type_name="IsciDto" block_coverage="0.00" line_coverage="0.00" blocks_covered="0" blocks_not_covered="5" lines_covered="0" lines_partially_covered="0" lines_not_covered="13">
          <ranges>
            <range source_id="35" start_line="20" end_line="20" start_column="41" end_column="53" covered="no" />
            <range source_id="35" start_line="25" end_line="25" start_column="49" end_column="75" covered="no" />
            <range source_id="35" start_line="30" end_line="30" start_column="50" end_column="62" covered="no" />
            <range source_id="35" start_line="35" end_line="35" start_column="41" end_column="53" covered="no" />
            <range source_id="35" start_line="40" end_line="40" start_column="41" end_column="53" covered="no" />
            <range source_id="35" start_line="45" end_line="45" start_column="54" end_column="66" covered="no" />
            <range source_id="35" start_line="50" end_line="50" start_column="41" end_column="42" covered="no" />
            <range source_id="35" start_line="55" end_line="55" start_column="42" end_column="54" covered="no" />
            <range source_id="35" start_line="60" end_line="60" start_column="47" end_column="59" covered="no" />
            <range source_id="35" start_line="65" end_line="65" start_column="47" end_column="64" covered="no" />
            <range source_id="35" start_line="70" end_line="70" start_column="41" end_column="53" covered="no" />
            <range source_id="35" start_line="75" end_line="75" start_column="51" end_column="63" covered="no" />
            <range source_id="35" start_line="80" end_line="80" start_column="51" end_column="63" covered="no" />
          </ranges>
        </function>
        <function id="19050" token="0x6000156" name="get_Id()" namespace="AzAgroPOS.Mentiq.DTOs" type_name="IsciIzniDto" block_coverage="0.00" line_coverage="0.00" blocks_covered="0" blocks_not_covered="1" lines_covered="0" lines_partially_covered="0" lines_not_covered="1">
          <ranges>
            <range source_id="36" start_line="15" end_line="15" start_column="21" end_column="25" covered="no" />
          </ranges>
        </function>
        <function id="19058" token="0x6000157" name="set_Id(int)" namespace="AzAgroPOS.Mentiq.DTOs" type_name="IsciIzniDto" block_coverage="0.00" line_coverage="0.00" blocks_covered="0" blocks_not_covered="1" lines_covered="0" lines_partially_covered="0" lines_not_covered="1">
          <ranges>
            <range source_id="36" start_line="15" end_line="15" start_column="26" end_column="30" covered="no" />
          </ranges>
        </function>
        <function id="19067" token="0x6000158" name="get_IsciId()" namespace="AzAgroPOS.Mentiq.DTOs" type_name="IsciIzniDto" block_coverage="0.00" line_coverage="0.00" blocks_covered="0" blocks_not_covered="1" lines_covered="0" lines_partially_covered="0" lines_not_covered="1">
          <ranges>
            <range source_id="36" start_line="20" end_line="20" start_column="25" end_column="29" covered="no" />
          </ranges>
        </function>
        <function id="19075" token="0x6000159" name="set_IsciId(int)" namespace="AzAgroPOS.Mentiq.DTOs" type_name="IsciIzniDto" block_coverage="0.00" line_coverage="0.00" blocks_covered="0" blocks_not_covered="1" lines_covered="0" lines_partially_covered="0" lines_not_covered="1">
          <ranges>
            <range source_id="36" start_line="20" end_line="20" start_column="30" end_column="34" covered="no" />
          </ranges>
        </function>
        <function id="19084" token="0x600015a" name="get_IsciAdi()" namespace="AzAgroPOS.Mentiq.DTOs" type_name="IsciIzniDto" block_coverage="0.00" line_coverage="0.00" blocks_covered="0" blocks_not_covered="1" lines_covered="0" lines_partially_covered="0" lines_not_covered="1">
          <ranges>
            <range source_id="36" start_line="25" end_line="25" start_column="29" end_column="33" covered="no" />
          </ranges>
        </function>
        <function id="19092" token="0x600015b" name="set_IsciAdi(string)" namespace="AzAgroPOS.Mentiq.DTOs" type_name="IsciIzniDto" block_coverage="0.00" line_coverage="0.00" blocks_covered="0" blocks_not_covered="1" lines_covered="0" lines_partially_covered="0" lines_not_covered="1">
          <ranges>
            <range source_id="36" start_line="25" end_line="25" start_column="34" end_column="38" covered="no" />
          </ranges>
        </function>
        <function id="19101" token="0x600015c" name="get_IzinNovu()" namespace="AzAgroPOS.Mentiq.DTOs" type_name="IsciIzniDto" block_coverage="0.00" line_coverage="0.00" blocks_covered="0" blocks_not_covered="1" lines_covered="0" lines_partially_covered="0" lines_not_covered="1">
          <ranges>
            <range source_id="36" start_line="30" end_line="30" start_column="32" end_column="36" covered="no" />
          </ranges>
        </function>
        <function id="19109" token="0x600015d" name="set_IzinNovu(AzAgroPOS.Varliglar.IzinNovu)" namespace="AzAgroPOS.Mentiq.DTOs" type_name="IsciIzniDto" block_coverage="0.00" line_coverage="0.00" blocks_covered="0" blocks_not_covered="1" lines_covered="0" lines_partially_covered="0" lines_not_covered="1">
          <ranges>
            <range source_id="36" start_line="30" end_line="30" start_column="37" end_column="41" covered="no" />
          </ranges>
        </function>
        <function id="19118" token="0x600015e" name="get_BaslamaTarixi()" namespace="AzAgroPOS.Mentiq.DTOs" type_name="IsciIzniDto" block_coverage="0.00" line_coverage="0.00" blocks_covered="0" blocks_not_covered="1" lines_covered="0" lines_partially_covered="0" lines_not_covered="1">
          <ranges>
            <range source_id="36" start_line="35" end_line="35" start_column="37" end_column="41" covered="no" />
          </ranges>
        </function>
        <function id="19126" token="0x600015f" name="set_BaslamaTarixi(System.DateTime)" namespace="AzAgroPOS.Mentiq.DTOs" type_name="IsciIzniDto" block_coverage="0.00" line_coverage="0.00" blocks_covered="0" blocks_not_covered="1" lines_covered="0" lines_partially_covered="0" lines_not_covered="1">
          <ranges>
            <range source_id="36" start_line="35" end_line="35" start_column="42" end_column="46" covered="no" />
          </ranges>
        </function>
        <function id="19135" token="0x6000160" name="get_BitmeTarixi()" namespace="AzAgroPOS.Mentiq.DTOs" type_name="IsciIzniDto" block_coverage="0.00" line_coverage="0.00" blocks_covered="0" blocks_not_covered="1" lines_covered="0" lines_partially_covered="0" lines_not_covered="1">
          <ranges>
            <range source_id="36" start_line="40" end_line="40" start_column="35" end_column="39" covered="no" />
          </ranges>
        </function>
        <function id="19143" token="0x6000161" name="set_BitmeTarixi(System.DateTime)" namespace="AzAgroPOS.Mentiq.DTOs" type_name="IsciIzniDto" block_coverage="0.00" line_coverage="0.00" blocks_covered="0" blocks_not_covered="1" lines_covered="0" lines_partially_covered="0" lines_not_covered="1">
          <ranges>
            <range source_id="36" start_line="40" end_line="40" start_column="40" end_column="44" covered="no" />
          </ranges>
        </function>
        <function id="19152" token="0x6000162" name="get_IzinGunu()" namespace="AzAgroPOS.Mentiq.DTOs" type_name="IsciIzniDto" block_coverage="0.00" line_coverage="0.00" blocks_covered="0" blocks_not_covered="1" lines_covered="0" lines_partially_covered="0" lines_not_covered="1">
          <ranges>
            <range source_id="36" start_line="45" end_line="45" start_column="27" end_column="31" covered="no" />
          </ranges>
        </function>
        <function id="19160" token="0x6000163" name="set_IzinGunu(int)" namespace="AzAgroPOS.Mentiq.DTOs" type_name="IsciIzniDto" block_coverage="0.00" line_coverage="0.00" blocks_covered="0" blocks_not_covered="1" lines_covered="0" lines_partially_covered="0" lines_not_covered="1">
          <ranges>
            <range source_id="36" start_line="45" end_line="45" start_column="32" end_column="36" covered="no" />
          </ranges>
        </function>
        <function id="19169" token="0x6000164" name="get_Sebeb()" namespace="AzAgroPOS.Mentiq.DTOs" type_name="IsciIzniDto" block_coverage="0.00" line_coverage="0.00" blocks_covered="0" blocks_not_covered="1" lines_covered="0" lines_partially_covered="0" lines_not_covered="1">
          <ranges>
            <range source_id="36" start_line="50" end_line="50" start_column="27" end_column="31" covered="no" />
          </ranges>
        </function>
        <function id="19177" token="0x6000165" name="set_Sebeb(string)" namespace="AzAgroPOS.Mentiq.DTOs" type_name="IsciIzniDto" block_coverage="0.00" line_coverage="0.00" blocks_covered="0" blocks_not_covered="1" lines_covered="0" lines_partially_covered="0" lines_not_covered="1">
          <ranges>
            <range source_id="36" start_line="50" end_line="50" start_column="32" end_column="36" covered="no" />
          </ranges>
        </function>
        <function id="19186" token="0x6000166" name="get_Status()" namespace="AzAgroPOS.Mentiq.DTOs" type_name="IsciIzniDto" block_coverage="0.00" line_coverage="0.00" blocks_covered="0" blocks_not_covered="1" lines_covered="0" lines_partially_covered="0" lines_not_covered="1">
          <ranges>
            <range source_id="36" start_line="55" end_line="55" start_column="33" end_column="37" covered="no" />
          </ranges>
        </function>
        <function id="19194" token="0x6000167" name="set_Status(AzAgroPOS.Varliglar.IzinStatusu)" namespace="AzAgroPOS.Mentiq.DTOs" type_name="IsciIzniDto" block_coverage="0.00" line_coverage="0.00" blocks_covered="0" blocks_not_covered="1" lines_covered="0" lines_partially_covered="0" lines_not_covered="1">
          <ranges>
            <range source_id="36" start_line="55" end_line="55" start_column="38" end_column="42" covered="no" />
          </ranges>
        </function>
        <function id="19203" token="0x6000168" name="get_TesdiqEdenIsciId()" namespace="AzAgroPOS.Mentiq.DTOs" type_name="IsciIzniDto" block_coverage="0.00" line_coverage="0.00" blocks_covered="0" blocks_not_covered="1" lines_covered="0" lines_partially_covered="0" lines_not_covered="1">
          <ranges>
            <range source_id="36" start_line="60" end_line="60" start_column="36" end_column="40" covered="no" />
          </ranges>
        </function>
        <function id="19211" token="0x6000169" name="set_TesdiqEdenIsciId(System.Nullable&lt;int&gt;)" namespace="AzAgroPOS.Mentiq.DTOs" type_name="IsciIzniDto" block_coverage="0.00" line_coverage="0.00" blocks_covered="0" blocks_not_covered="1" lines_covered="0" lines_partially_covered="0" lines_not_covered="1">
          <ranges>
            <range source_id="36" start_line="60" end_line="60" start_column="41" end_column="45" covered="no" />
          </ranges>
        </function>
        <function id="19220" token="0x600016a" name="get_TesdiqEdenIsciAdi()" namespace="AzAgroPOS.Mentiq.DTOs" type_name="IsciIzniDto" block_coverage="0.00" line_coverage="0.00" blocks_covered="0" blocks_not_covered="1" lines_covered="0" lines_partially_covered="0" lines_not_covered="1">
          <ranges>
            <range source_id="36" start_line="65" end_line="65" start_column="39" end_column="43" covered="no" />
          </ranges>
        </function>
        <function id="19228" token="0x600016b" name="set_TesdiqEdenIsciAdi(string)" namespace="AzAgroPOS.Mentiq.DTOs" type_name="IsciIzniDto" block_coverage="0.00" line_coverage="0.00" blocks_covered="0" blocks_not_covered="1" lines_covered="0" lines_partially_covered="0" lines_not_covered="1">
          <ranges>
            <range source_id="36" start_line="65" end_line="65" start_column="44" end_column="48" covered="no" />
          </ranges>
        </function>
        <function id="19237" token="0x600016c" name="get_TesdiqTarixi()" namespace="AzAgroPOS.Mentiq.DTOs" type_name="IsciIzniDto" block_coverage="0.00" line_coverage="0.00" blocks_covered="0" blocks_not_covered="1" lines_covered="0" lines_partially_covered="0" lines_not_covered="1">
          <ranges>
            <range source_id="36" start_line="70" end_line="70" start_column="37" end_column="41" covered="no" />
          </ranges>
        </function>
        <function id="19245" token="0x600016d" name="set_TesdiqTarixi(System.Nullable&lt;System.DateTime&gt;)" namespace="AzAgroPOS.Mentiq.DTOs" type_name="IsciIzniDto" block_coverage="0.00" line_coverage="0.00" blocks_covered="0" blocks_not_covered="1" lines_covered="0" lines_partially_covered="0" lines_not_covered="1">
          <ranges>
            <range source_id="36" start_line="70" end_line="70" start_column="42" end_column="46" covered="no" />
          </ranges>
        </function>
        <function id="19254" token="0x600016e" name="get_Qeydler()" namespace="AzAgroPOS.Mentiq.DTOs" type_name="IsciIzniDto" block_coverage="0.00" line_coverage="0.00" blocks_covered="0" blocks_not_covered="1" lines_covered="0" lines_partially_covered="0" lines_not_covered="1">
          <ranges>
            <range source_id="36" start_line="75" end_line="75" start_column="29" end_column="33" covered="no" />
          </ranges>
        </function>
        <function id="19262" token="0x600016f" name="set_Qeydler(string)" namespace="AzAgroPOS.Mentiq.DTOs" type_name="IsciIzniDto" block_coverage="0.00" line_coverage="0.00" blocks_covered="0" blocks_not_covered="1" lines_covered="0" lines_partially_covered="0" lines_not_covered="1">
          <ranges>
            <range source_id="36" start_line="75" end_line="75" start_column="34" end_column="38" covered="no" />
          </ranges>
        </function>
        <function id="19272" token="0x6000170" name="IsciIzniDto()" namespace="AzAgroPOS.Mentiq.DTOs" type_name="IsciIzniDto" block_coverage="0.00" line_coverage="0.00" blocks_covered="0" blocks_not_covered="5" lines_covered="0" lines_partially_covered="0" lines_not_covered="9">
          <ranges>
            <range source_id="36" start_line="25" end_line="25" start_column="43" end_column="55" covered="no" />
            <range source_id="36" start_line="30" end_line="30" start_column="46" end_column="65" covered="no" />
            <range source_id="36" start_line="35" end_line="35" start_column="51" end_column="63" covered="no" />
            <range source_id="36" start_line="40" end_line="40" start_column="49" end_column="72" covered="no" />
            <range source_id="36" start_line="45" end_line="45" start_column="41" end_column="42" covered="no" />
            <range source_id="36" start_line="50" end_line="50" start_column="41" end_column="53" covered="no" />
            <range source_id="36" start_line="55" end_line="55" start_column="47" end_column="68" covered="no" />
            <range source_id="36" start_line="65" end_line="65" start_column="53" end_column="65" covered="no" />
            <range source_id="36" start_line="75" end_line="75" start_column="43" end_column="55" covered="no" />
          </ranges>
        </function>
        <function id="19396" token="0x6000171" name="get_Id()" namespace="AzAgroPOS.Mentiq.DTOs" type_name="IsciPerformansDto" block_coverage="0.00" line_coverage="0.00" blocks_covered="0" blocks_not_covered="1" lines_covered="0" lines_partially_covered="0" lines_not_covered="1">
          <ranges>
            <range source_id="37" start_line="14" end_line="14" start_column="21" end_column="25" covered="no" />
          </ranges>
        </function>
        <function id="19404" token="0x6000172" name="set_Id(int)" namespace="AzAgroPOS.Mentiq.DTOs" type_name="IsciPerformansDto" block_coverage="0.00" line_coverage="0.00" blocks_covered="0" blocks_not_covered="1" lines_covered="0" lines_partially_covered="0" lines_not_covered="1">
          <ranges>
            <range source_id="37" start_line="14" end_line="14" start_column="26" end_column="30" covered="no" />
          </ranges>
        </function>
        <function id="19413" token="0x6000173" name="get_IsciId()" namespace="AzAgroPOS.Mentiq.DTOs" type_name="IsciPerformansDto" block_coverage="0.00" line_coverage="0.00" blocks_covered="0" blocks_not_covered="1" lines_covered="0" lines_partially_covered="0" lines_not_covered="1">
          <ranges>
            <range source_id="37" start_line="19" end_line="19" start_column="25" end_column="29" covered="no" />
          </ranges>
        </function>
        <function id="19421" token="0x6000174" name="set_IsciId(int)" namespace="AzAgroPOS.Mentiq.DTOs" type_name="IsciPerformansDto" block_coverage="0.00" line_coverage="0.00" blocks_covered="0" blocks_not_covered="1" lines_covered="0" lines_partially_covered="0" lines_not_covered="1">
          <ranges>
            <range source_id="37" start_line="19" end_line="19" start_column="30" end_column="34" covered="no" />
          </ranges>
        </function>
        <function id="19430" token="0x6000175" name="get_IsciAdi()" namespace="AzAgroPOS.Mentiq.DTOs" type_name="IsciPerformansDto" block_coverage="0.00" line_coverage="0.00" blocks_covered="0" blocks_not_covered="1" lines_covered="0" lines_partially_covered="0" lines_not_covered="1">
          <ranges>
            <range source_id="37" start_line="24" end_line="24" start_column="29" end_column="33" covered="no" />
          </ranges>
        </function>
        <function id="19438" token="0x6000176" name="set_IsciAdi(string)" namespace="AzAgroPOS.Mentiq.DTOs" type_name="IsciPerformansDto" block_coverage="0.00" line_coverage="0.00" blocks_covered="0" blocks_not_covered="1" lines_covered="0" lines_partially_covered="0" lines_not_covered="1">
          <ranges>
            <range source_id="37" start_line="24" end_line="24" start_column="34" end_column="38" covered="no" />
          </ranges>
        </function>
        <function id="19447" token="0x6000177" name="get_Tarix()" namespace="AzAgroPOS.Mentiq.DTOs" type_name="IsciPerformansDto" block_coverage="0.00" line_coverage="0.00" blocks_covered="0" blocks_not_covered="1" lines_covered="0" lines_partially_covered="0" lines_not_covered="1">
          <ranges>
            <range source_id="37" start_line="29" end_line="29" start_column="29" end_column="33" covered="no" />
          </ranges>
        </function>
        <function id="19455" token="0x6000178" name="set_Tarix(System.DateTime)" namespace="AzAgroPOS.Mentiq.DTOs" type_name="IsciPerformansDto" block_coverage="0.00" line_coverage="0.00" blocks_covered="0" blocks_not_covered="1" lines_covered="0" lines_partially_covered="0" lines_not_covered="1">
          <ranges>
            <range source_id="37" start_line="29" end_line="29" start_column="34" end_column="38" covered="no" />
          </ranges>
        </function>
        <function id="19464" token="0x6000179" name="get_QeydDovru()" namespace="AzAgroPOS.Mentiq.DTOs" type_name="IsciPerformansDto" block_coverage="0.00" line_coverage="0.00" blocks_covered="0" blocks_not_covered="1" lines_covered="0" lines_partially_covered="0" lines_not_covered="1">
          <ranges>
            <range source_id="37" start_line="34" end_line="34" start_column="31" end_column="35" covered="no" />
          </ranges>
        </function>
        <function id="19472" token="0x600017a" name="set_QeydDovru(string)" namespace="AzAgroPOS.Mentiq.DTOs" type_name="IsciPerformansDto" block_coverage="0.00" line_coverage="0.00" blocks_covered="0" blocks_not_covered="1" lines_covered="0" lines_partially_covered="0" lines_not_covered="1">
          <ranges>
            <range source_id="37" start_line="34" end_line="34" start_column="36" end_column="40" covered="no" />
          </ranges>
        </function>
        <function id="19481" token="0x600017b" name="get_Qiymet()" namespace="AzAgroPOS.Mentiq.DTOs" type_name="IsciPerformansDto" block_coverage="0.00" line_coverage="0.00" blocks_covered="0" blocks_not_covered="1" lines_covered="0" lines_partially_covered="0" lines_not_covered="1">
          <ranges>
            <range source_id="37" start_line="39" end_line="39" start_column="25" end_column="29" covered="no" />
          </ranges>
        </function>
        <function id="19489" token="0x600017c" name="set_Qiymet(int)" namespace="AzAgroPOS.Mentiq.DTOs" type_name="IsciPerformansDto" block_coverage="0.00" line_coverage="0.00" blocks_covered="0" blocks_not_covered="1" lines_covered="0" lines_partially_covered="0" lines_not_covered="1">
          <ranges>
            <range source_id="37" start_line="39" end_line="39" start_column="30" end_column="34" covered="no" />
          </ranges>
        </function>
        <function id="19498" token="0x600017d" name="get_Qeydler()" namespace="AzAgroPOS.Mentiq.DTOs" type_name="IsciPerformansDto" block_coverage="0.00" line_coverage="0.00" blocks_covered="0" blocks_not_covered="1" lines_covered="0" lines_partially_covered="0" lines_not_covered="1">
          <ranges>
            <range source_id="37" start_line="44" end_line="44" start_column="29" end_column="33" covered="no" />
          </ranges>
        </function>
        <function id="19506" token="0x600017e" name="set_Qeydler(string)" namespace="AzAgroPOS.Mentiq.DTOs" type_name="IsciPerformansDto" block_coverage="0.00" line_coverage="0.00" blocks_covered="0" blocks_not_covered="1" lines_covered="0" lines_partially_covered="0" lines_not_covered="1">
          <ranges>
            <range source_id="37" start_line="44" end_line="44" start_column="34" end_column="38" covered="no" />
          </ranges>
        </function>
        <function id="19515" token="0x600017f" name="get_Emsallar()" namespace="AzAgroPOS.Mentiq.DTOs" type_name="IsciPerformansDto" block_coverage="0.00" line_coverage="0.00" blocks_covered="0" blocks_not_covered="1" lines_covered="0" lines_partially_covered="0" lines_not_covered="1">
          <ranges>
            <range source_id="37" start_line="49" end_line="49" start_column="30" end_column="34" covered="no" />
          </ranges>
        </function>
        <function id="19523" token="0x6000180" name="set_Emsallar(string)" namespace="AzAgroPOS.Mentiq.DTOs" type_name="IsciPerformansDto" block_coverage="0.00" line_coverage="0.00" blocks_covered="0" blocks_not_covered="1" lines_covered="0" lines_partially_covered="0" lines_not_covered="1">
          <ranges>
            <range source_id="37" start_line="49" end_line="49" start_column="35" end_column="39" covered="no" />
          </ranges>
        </function>
        <function id="19532" token="0x6000181" name="get_Teklifler()" namespace="AzAgroPOS.Mentiq.DTOs" type_name="IsciPerformansDto" block_coverage="0.00" line_coverage="0.00" blocks_covered="0" blocks_not_covered="1" lines_covered="0" lines_partially_covered="0" lines_not_covered="1">
          <ranges>
            <range source_id="37" start_line="54" end_line="54" start_column="31" end_column="35" covered="no" />
          </ranges>
        </function>
        <function id="19540" token="0x6000182" name="set_Teklifler(string)" namespace="AzAgroPOS.Mentiq.DTOs" type_name="IsciPerformansDto" block_coverage="0.00" line_coverage="0.00" blocks_covered="0" blocks_not_covered="1" lines_covered="0" lines_partially_covered="0" lines_not_covered="1">
          <ranges>
            <range source_id="37" start_line="54" end_line="54" start_column="36" end_column="40" covered="no" />
          </ranges>
        </function>
        <function id="19552" token="0x6000183" name="IsciPerformansDto()" namespace="AzAgroPOS.Mentiq.DTOs" type_name="IsciPerformansDto" block_coverage="0.00" line_coverage="0.00" blocks_covered="0" blocks_not_covered="3" lines_covered="0" lines_partially_covered="0" lines_not_covered="7">
          <ranges>
            <range source_id="37" start_line="24" end_line="24" start_column="43" end_column="55" covered="no" />
            <range source_id="37" start_line="29" end_line="29" start_column="43" end_column="55" covered="no" />
            <range source_id="37" start_line="34" end_line="34" start_column="45" end_column="57" covered="no" />
            <range source_id="37" start_line="39" end_line="39" start_column="39" end_column="40" covered="no" />
            <range source_id="37" start_line="44" end_line="44" start_column="43" end_column="55" covered="no" />
            <range source_id="37" start_line="49" end_line="49" start_column="44" end_column="56" covered="no" />
            <range source_id="37" start_line="54" end_line="54" start_column="45" end_column="57" covered="no" />
          </ranges>
        </function>
        <function id="19645" token="0x6000184" name="get_Id()" namespace="AzAgroPOS.Mentiq.DTOs" type_name="IstifadeciDto" block_coverage="100.00" line_coverage="100.00" blocks_covered="1" blocks_not_covered="0" lines_covered="1" lines_partially_covered="0" lines_not_covered="0">
          <ranges>
            <range source_id="38" start_line="11" end_line="11" start_column="21" end_column="25" covered="yes" />
          </ranges>
        </function>
        <function id="19653" token="0x6000185" name="set_Id(int)" namespace="AzAgroPOS.Mentiq.DTOs" type_name="IstifadeciDto" block_coverage="100.00" line_coverage="100.00" blocks_covered="1" blocks_not_covered="0" lines_covered="1" lines_partially_covered="0" lines_not_covered="0">
          <ranges>
            <range source_id="38" start_line="11" end_line="11" start_column="26" end_column="30" covered="yes" />
          </ranges>
        </function>
        <function id="19662" token="0x6000186" name="get_IstifadeciAdi()" namespace="AzAgroPOS.Mentiq.DTOs" type_name="IstifadeciDto" block_coverage="100.00" line_coverage="100.00" blocks_covered="1" blocks_not_covered="0" lines_covered="1" lines_partially_covered="0" lines_not_covered="0">
          <ranges>
            <range source_id="38" start_line="15" end_line="15" start_column="35" end_column="39" covered="yes" />
          </ranges>
        </function>
        <function id="19670" token="0x6000187" name="set_IstifadeciAdi(string)" namespace="AzAgroPOS.Mentiq.DTOs" type_name="IstifadeciDto" block_coverage="100.00" line_coverage="100.00" blocks_covered="1" blocks_not_covered="0" lines_covered="1" lines_partially_covered="0" lines_not_covered="0">
          <ranges>
            <range source_id="38" start_line="15" end_line="15" start_column="40" end_column="44" covered="yes" />
          </ranges>
        </function>
        <function id="19679" token="0x6000188" name="get_TamAd()" namespace="AzAgroPOS.Mentiq.DTOs" type_name="IstifadeciDto" block_coverage="100.00" line_coverage="100.00" blocks_covered="1" blocks_not_covered="0" lines_covered="1" lines_partially_covered="0" lines_not_covered="0">
          <ranges>
            <range source_id="38" start_line="19" end_line="19" start_column="27" end_column="31" covered="yes" />
          </ranges>
        </function>
        <function id="19687" token="0x6000189" name="set_TamAd(string)" namespace="AzAgroPOS.Mentiq.DTOs" type_name="IstifadeciDto" block_coverage="100.00" line_coverage="100.00" blocks_covered="1" blocks_not_covered="0" lines_covered="1" lines_partially_covered="0" lines_not_covered="0">
          <ranges>
            <range source_id="38" start_line="19" end_line="19" start_column="32" end_column="36" covered="yes" />
          </ranges>
        </function>
        <function id="19696" token="0x600018a" name="get_RolAdi()" namespace="AzAgroPOS.Mentiq.DTOs" type_name="IstifadeciDto" block_coverage="100.00" line_coverage="100.00" blocks_covered="1" blocks_not_covered="0" lines_covered="1" lines_partially_covered="0" lines_not_covered="0">
          <ranges>
            <range source_id="38" start_line="23" end_line="23" start_column="28" end_column="32" covered="yes" />
          </ranges>
        </function>
        <function id="19704" token="0x600018b" name="set_RolAdi(string)" namespace="AzAgroPOS.Mentiq.DTOs" type_name="IstifadeciDto" block_coverage="100.00" line_coverage="100.00" blocks_covered="1" blocks_not_covered="0" lines_covered="1" lines_partially_covered="0" lines_not_covered="0">
          <ranges>
            <range source_id="38" start_line="23" end_line="23" start_column="33" end_column="37" covered="yes" />
          </ranges>
        </function>
        <function id="19713" token="0x600018c" name="get_RolId()" namespace="AzAgroPOS.Mentiq.DTOs" type_name="IstifadeciDto" block_coverage="0.00" line_coverage="0.00" blocks_covered="0" blocks_not_covered="1" lines_covered="0" lines_partially_covered="0" lines_not_covered="1">
          <ranges>
            <range source_id="38" start_line="27" end_line="27" start_column="24" end_column="28" covered="no" />
          </ranges>
        </function>
        <function id="19721" token="0x600018d" name="set_RolId(int)" namespace="AzAgroPOS.Mentiq.DTOs" type_name="IstifadeciDto" block_coverage="0.00" line_coverage="0.00" blocks_covered="0" blocks_not_covered="1" lines_covered="0" lines_partially_covered="0" lines_not_covered="1">
          <ranges>
            <range source_id="38" start_line="27" end_line="27" start_column="29" end_column="33" covered="no" />
          </ranges>
        </function>
        <function id="19730" token="0x600018e" name="IstifadeciDto()" namespace="AzAgroPOS.Mentiq.DTOs" type_name="IstifadeciDto" block_coverage="100.00" line_coverage="100.00" blocks_covered="2" blocks_not_covered="0" lines_covered="3" lines_partially_covered="0" lines_not_covered="0">
          <ranges>
            <range source_id="38" start_line="15" end_line="15" start_column="49" end_column="61" covered="yes" />
            <range source_id="38" start_line="19" end_line="19" start_column="41" end_column="53" covered="yes" />
            <range source_id="38" start_line="23" end_line="23" start_column="42" end_column="54" covered="yes" />
          </ranges>
        </function>
        <function id="19772" token="0x600018f" name="get_Id()" namespace="AzAgroPOS.Mentiq.DTOs" type_name="KateqoriyaDto" block_coverage="0.00" line_coverage="0.00" blocks_covered="0" blocks_not_covered="1" lines_covered="0" lines_partially_covered="0" lines_not_covered="1">
          <ranges>
            <range source_id="39" start_line="12" end_line="12" start_column="21" end_column="25" covered="no" />
          </ranges>
        </function>
        <function id="19780" token="0x6000190" name="set_Id(int)" namespace="AzAgroPOS.Mentiq.DTOs" type_name="KateqoriyaDto" block_coverage="0.00" line_coverage="0.00" blocks_covered="0" blocks_not_covered="1" lines_covered="0" lines_partially_covered="0" lines_not_covered="1">
          <ranges>
            <range source_id="39" start_line="12" end_line="12" start_column="26" end_column="30" covered="no" />
          </ranges>
        </function>
        <function id="19789" token="0x6000191" name="get_Ad()" namespace="AzAgroPOS.Mentiq.DTOs" type_name="KateqoriyaDto" block_coverage="0.00" line_coverage="0.00" blocks_covered="0" blocks_not_covered="1" lines_covered="0" lines_partially_covered="0" lines_not_covered="1">
          <ranges>
            <range source_id="39" start_line="17" end_line="17" start_column="24" end_column="28" covered="no" />
          </ranges>
        </function>
        <function id="19797" token="0x6000192" name="set_Ad(string)" namespace="AzAgroPOS.Mentiq.DTOs" type_name="KateqoriyaDto" block_coverage="0.00" line_coverage="0.00" blocks_covered="0" blocks_not_covered="1" lines_covered="0" lines_partially_covered="0" lines_not_covered="1">
          <ranges>
            <range source_id="39" start_line="17" end_line="17" start_column="29" end_column="33" covered="no" />
          </ranges>
        </function>
        <function id="19806" token="0x6000193" name="get_Tesvir()" namespace="AzAgroPOS.Mentiq.DTOs" type_name="KateqoriyaDto" block_coverage="0.00" line_coverage="0.00" blocks_covered="0" blocks_not_covered="1" lines_covered="0" lines_partially_covered="0" lines_not_covered="1">
          <ranges>
            <range source_id="39" start_line="22" end_line="22" start_column="29" end_column="33" covered="no" />
          </ranges>
        </function>
        <function id="19814" token="0x6000194" name="set_Tesvir(string)" namespace="AzAgroPOS.Mentiq.DTOs" type_name="KateqoriyaDto" block_coverage="0.00" line_coverage="0.00" blocks_covered="0" blocks_not_covered="1" lines_covered="0" lines_partially_covered="0" lines_not_covered="1">
          <ranges>
            <range source_id="39" start_line="22" end_line="22" start_column="34" end_column="38" covered="no" />
          </ranges>
        </function>
        <function id="19823" token="0x6000195" name="get_Aktivdir()" namespace="AzAgroPOS.Mentiq.DTOs" type_name="KateqoriyaDto" block_coverage="0.00" line_coverage="0.00" blocks_covered="0" blocks_not_covered="1" lines_covered="0" lines_partially_covered="0" lines_not_covered="1">
          <ranges>
            <range source_id="39" start_line="27" end_line="27" start_column="28" end_column="32" covered="no" />
          </ranges>
        </function>
        <function id="19831" token="0x6000196" name="set_Aktivdir(bool)" namespace="AzAgroPOS.Mentiq.DTOs" type_name="KateqoriyaDto" block_coverage="0.00" line_coverage="0.00" blocks_covered="0" blocks_not_covered="1" lines_covered="0" lines_partially_covered="0" lines_not_covered="1">
          <ranges>
            <range source_id="39" start_line="27" end_line="27" start_column="33" end_column="37" covered="no" />
          </ranges>
        </function>
        <function id="19840" token="0x6000197" name="KateqoriyaDto()" namespace="AzAgroPOS.Mentiq.DTOs" type_name="KateqoriyaDto" block_coverage="0.00" line_coverage="0.00" blocks_covered="0" blocks_not_covered="2" lines_covered="0" lines_partially_covered="0" lines_not_covered="2">
          <ranges>
            <range source_id="39" start_line="17" end_line="17" start_column="38" end_column="50" covered="no" />
            <range source_id="39" start_line="27" end_line="27" start_column="42" end_column="46" covered="no" />
          </ranges>
        </function>
        <function id="19867" token="0x6000198" name="get_Id()" namespace="AzAgroPOS.Mentiq.DTOs" type_name="KonfiqurasiyaDto" block_coverage="0.00" line_coverage="0.00" blocks_covered="0" blocks_not_covered="1" lines_covered="0" lines_partially_covered="0" lines_not_covered="1">
          <ranges>
            <range source_id="40" start_line="12" end_line="12" start_column="21" end_column="25" covered="no" />
          </ranges>
        </function>
        <function id="19875" token="0x6000199" name="set_Id(int)" namespace="AzAgroPOS.Mentiq.DTOs" type_name="KonfiqurasiyaDto" block_coverage="0.00" line_coverage="0.00" blocks_covered="0" blocks_not_covered="1" lines_covered="0" lines_partially_covered="0" lines_not_covered="1">
          <ranges>
            <range source_id="40" start_line="12" end_line="12" start_column="26" end_column="30" covered="no" />
          </ranges>
        </function>
        <function id="19884" token="0x600019a" name="get_Acar()" namespace="AzAgroPOS.Mentiq.DTOs" type_name="KonfiqurasiyaDto" block_coverage="0.00" line_coverage="0.00" blocks_covered="0" blocks_not_covered="1" lines_covered="0" lines_partially_covered="0" lines_not_covered="1">
          <ranges>
            <range source_id="40" start_line="17" end_line="17" start_column="26" end_column="30" covered="no" />
          </ranges>
        </function>
        <function id="19892" token="0x600019b" name="set_Acar(string)" namespace="AzAgroPOS.Mentiq.DTOs" type_name="KonfiqurasiyaDto" block_coverage="0.00" line_coverage="0.00" blocks_covered="0" blocks_not_covered="1" lines_covered="0" lines_partially_covered="0" lines_not_covered="1">
          <ranges>
            <range source_id="40" start_line="17" end_line="17" start_column="31" end_column="35" covered="no" />
          </ranges>
        </function>
        <function id="19901" token="0x600019c" name="get_Deyer()" namespace="AzAgroPOS.Mentiq.DTOs" type_name="KonfiqurasiyaDto" block_coverage="0.00" line_coverage="0.00" blocks_covered="0" blocks_not_covered="1" lines_covered="0" lines_partially_covered="0" lines_not_covered="1">
          <ranges>
            <range source_id="40" start_line="22" end_line="22" start_column="27" end_column="31" covered="no" />
          </ranges>
        </function>
        <function id="19909" token="0x600019d" name="set_Deyer(string)" namespace="AzAgroPOS.Mentiq.DTOs" type_name="KonfiqurasiyaDto" block_coverage="0.00" line_coverage="0.00" blocks_covered="0" blocks_not_covered="1" lines_covered="0" lines_partially_covered="0" lines_not_covered="1">
          <ranges>
            <range source_id="40" start_line="22" end_line="22" start_column="32" end_column="36" covered="no" />
          </ranges>
        </function>
        <function id="19918" token="0x600019e" name="get_Tesvir()" namespace="AzAgroPOS.Mentiq.DTOs" type_name="KonfiqurasiyaDto" block_coverage="0.00" line_coverage="0.00" blocks_covered="0" blocks_not_covered="1" lines_covered="0" lines_partially_covered="0" lines_not_covered="1">
          <ranges>
            <range source_id="40" start_line="27" end_line="27" start_column="28" end_column="32" covered="no" />
          </ranges>
        </function>
        <function id="19926" token="0x600019f" name="set_Tesvir(string)" namespace="AzAgroPOS.Mentiq.DTOs" type_name="KonfiqurasiyaDto" block_coverage="0.00" line_coverage="0.00" blocks_covered="0" blocks_not_covered="1" lines_covered="0" lines_partially_covered="0" lines_not_covered="1">
          <ranges>
            <range source_id="40" start_line="27" end_line="27" start_column="33" end_column="37" covered="no" />
          </ranges>
        </function>
        <function id="19935" token="0x60001a0" name="get_Qrup()" namespace="AzAgroPOS.Mentiq.DTOs" type_name="KonfiqurasiyaDto" block_coverage="0.00" line_coverage="0.00" blocks_covered="0" blocks_not_covered="1" lines_covered="0" lines_partially_covered="0" lines_not_covered="1">
          <ranges>
            <range source_id="40" start_line="32" end_line="32" start_column="26" end_column="30" covered="no" />
          </ranges>
        </function>
        <function id="19943" token="0x60001a1" name="set_Qrup(string)" namespace="AzAgroPOS.Mentiq.DTOs" type_name="KonfiqurasiyaDto" block_coverage="0.00" line_coverage="0.00" blocks_covered="0" blocks_not_covered="1" lines_covered="0" lines_partially_covered="0" lines_not_covered="1">
          <ranges>
            <range source_id="40" start_line="32" end_line="32" start_column="31" end_column="35" covered="no" />
          </ranges>
        </function>
        <function id="19952" token="0x60001a2" name="KonfiqurasiyaDto()" namespace="AzAgroPOS.Mentiq.DTOs" type_name="KonfiqurasiyaDto" block_coverage="0.00" line_coverage="0.00" blocks_covered="0" blocks_not_covered="2" lines_covered="0" lines_partially_covered="0" lines_not_covered="4">
          <ranges>
            <range source_id="40" start_line="17" end_line="17" start_column="40" end_column="52" covered="no" />
            <range source_id="40" start_line="22" end_line="22" start_column="41" end_column="53" covered="no" />
            <range source_id="40" start_line="27" end_line="27" start_column="42" end_column="54" covered="no" />
            <range source_id="40" start_line="32" end_line="32" start_column="40" end_column="52" covered="no" />
          </ranges>
        </function>
        <function id="20005" token="0x60001a3" name="get_Id()" namespace="AzAgroPOS.Mentiq.DTOs" type_name="MehsulDto" block_coverage="100.00" line_coverage="100.00" blocks_covered="1" blocks_not_covered="0" lines_covered="1" lines_partially_covered="0" lines_not_covered="0">
          <ranges>
            <range source_id="41" start_line="8" end_line="8" start_column="25" end_column="29" covered="yes" />
          </ranges>
        </function>
        <function id="20013" token="0x60001a4" name="set_Id(int)" namespace="AzAgroPOS.Mentiq.DTOs" type_name="MehsulDto" block_coverage="100.00" line_coverage="100.00" blocks_covered="1" blocks_not_covered="0" lines_covered="1" lines_partially_covered="0" lines_not_covered="0">
          <ranges>
            <range source_id="41" start_line="8" end_line="8" start_column="30" end_column="34" covered="yes" />
          </ranges>
        </function>
        <function id="20022" token="0x60001a5" name="get_Ad()" namespace="AzAgroPOS.Mentiq.DTOs" type_name="MehsulDto" block_coverage="100.00" line_coverage="100.00" blocks_covered="1" blocks_not_covered="0" lines_covered="1" lines_partially_covered="0" lines_not_covered="0">
          <ranges>
            <range source_id="41" start_line="9" end_line="9" start_column="28" end_column="32" covered="yes" />
          </ranges>
        </function>
        <function id="20030" token="0x60001a6" name="set_Ad(string)" namespace="AzAgroPOS.Mentiq.DTOs" type_name="MehsulDto" block_coverage="100.00" line_coverage="100.00" blocks_covered="1" blocks_not_covered="0" lines_covered="1" lines_partially_covered="0" lines_not_covered="0">
          <ranges>
            <range source_id="41" start_line="9" end_line="9" start_column="33" end_column="37" covered="yes" />
          </ranges>
        </function>
        <function id="20039" token="0x60001a7" name="get_Barkod()" namespace="AzAgroPOS.Mentiq.DTOs" type_name="MehsulDto" block_coverage="100.00" line_coverage="100.00" blocks_covered="1" blocks_not_covered="0" lines_covered="1" lines_partially_covered="0" lines_not_covered="0">
          <ranges>
            <range source_id="41" start_line="10" end_line="10" start_column="33" end_column="37" covered="yes" />
          </ranges>
        </function>
        <function id="20047" token="0x60001a8" name="set_Barkod(string)" namespace="AzAgroPOS.Mentiq.DTOs" type_name="MehsulDto" block_coverage="100.00" line_coverage="100.00" blocks_covered="1" blocks_not_covered="0" lines_covered="1" lines_partially_covered="0" lines_not_covered="0">
          <ranges>
            <range source_id="41" start_line="10" end_line="10" start_column="38" end_column="42" covered="yes" />
          </ranges>
        </function>
        <function id="20056" token="0x60001a9" name="get_StokKodu()" namespace="AzAgroPOS.Mentiq.DTOs" type_name="MehsulDto" block_coverage="100.00" line_coverage="100.00" blocks_covered="1" blocks_not_covered="0" lines_covered="1" lines_partially_covered="0" lines_not_covered="0">
          <ranges>
            <range source_id="41" start_line="11" end_line="11" start_column="35" end_column="39" covered="yes" />
          </ranges>
        </function>
        <function id="20064" token="0x60001aa" name="set_StokKodu(string)" namespace="AzAgroPOS.Mentiq.DTOs" type_name="MehsulDto" block_coverage="100.00" line_coverage="100.00" blocks_covered="1" blocks_not_covered="0" lines_covered="1" lines_partially_covered="0" lines_not_covered="0">
          <ranges>
            <range source_id="41" start_line="11" end_line="11" start_column="40" end_column="44" covered="yes" />
          </ranges>
        </function>
        <function id="20073" token="0x60001ab" name="get_AlisQiymeti()" namespace="AzAgroPOS.Mentiq.DTOs" type_name="MehsulDto" block_coverage="100.00" line_coverage="100.00" blocks_covered="1" blocks_not_covered="0" lines_covered="1" lines_partially_covered="0" lines_not_covered="0">
          <ranges>
            <range source_id="41" start_line="12" end_line="12" start_column="38" end_column="42" covered="yes" />
          </ranges>
        </function>
        <function id="20081" token="0x60001ac" name="set_AlisQiymeti(decimal)" namespace="AzAgroPOS.Mentiq.DTOs" type_name="MehsulDto" block_coverage="100.00" line_coverage="100.00" blocks_covered="1" blocks_not_covered="0" lines_covered="1" lines_partially_covered="0" lines_not_covered="0">
          <ranges>
            <range source_id="41" start_line="12" end_line="12" start_column="43" end_column="47" covered="yes" />
          </ranges>
        </function>
        <function id="20090" token="0x60001ad" name="get_PerakendeSatisQiymeti()" namespace="AzAgroPOS.Mentiq.DTOs" type_name="MehsulDto" block_coverage="100.00" line_coverage="100.00" blocks_covered="1" blocks_not_covered="0" lines_covered="1" lines_partially_covered="0" lines_not_covered="0">
          <ranges>
            <range source_id="41" start_line="13" end_line="13" start_column="48" end_column="52" covered="yes" />
          </ranges>
        </function>
        <function id="20098" token="0x60001ae" name="set_PerakendeSatisQiymeti(decimal)" namespace="AzAgroPOS.Mentiq.DTOs" type_name="MehsulDto" block_coverage="100.00" line_coverage="100.00" blocks_covered="1" blocks_not_covered="0" lines_covered="1" lines_partially_covered="0" lines_not_covered="0">
          <ranges>
            <range source_id="41" start_line="13" end_line="13" start_column="53" end_column="57" covered="yes" />
          </ranges>
        </function>
        <function id="20108" token="0x60001af" name="get_PerakendeSatisQiymetiStr()" namespace="AzAgroPOS.Mentiq.DTOs" type_name="MehsulDto" block_coverage="0.00" line_coverage="0.00" blocks_covered="0" blocks_not_covered="6" lines_covered="0" lines_partially_covered="0" lines_not_covered="1">
          <ranges>
            <range source_id="41" start_line="14" end_line="14" start_column="51" end_column="84" covered="no" />
          </ranges>
        </function>
        <function id="20169" token="0x60001b0" name="get_TopdanSatisQiymeti()" namespace="AzAgroPOS.Mentiq.DTOs" type_name="MehsulDto" block_coverage="100.00" line_coverage="100.00" blocks_covered="1" blocks_not_covered="0" lines_covered="1" lines_partially_covered="0" lines_not_covered="0">
          <ranges>
            <range source_id="41" start_line="15" end_line="15" start_column="45" end_column="49" covered="yes" />
          </ranges>
        </function>
        <function id="20177" token="0x60001b1" name="set_TopdanSatisQiymeti(decimal)" namespace="AzAgroPOS.Mentiq.DTOs" type_name="MehsulDto" block_coverage="100.00" line_coverage="100.00" blocks_covered="1" blocks_not_covered="0" lines_covered="1" lines_partially_covered="0" lines_not_covered="0">
          <ranges>
            <range source_id="41" start_line="15" end_line="15" start_column="50" end_column="54" covered="yes" />
          </ranges>
        </function>
        <function id="20186" token="0x60001b2" name="get_TekEdedSatisQiymeti()" namespace="AzAgroPOS.Mentiq.DTOs" type_name="MehsulDto" block_coverage="100.00" line_coverage="100.00" blocks_covered="1" blocks_not_covered="0" lines_covered="1" lines_partially_covered="0" lines_not_covered="0">
          <ranges>
            <range source_id="41" start_line="16" end_line="16" start_column="46" end_column="50" covered="yes" />
          </ranges>
        </function>
        <function id="20194" token="0x60001b3" name="set_TekEdedSatisQiymeti(decimal)" namespace="AzAgroPOS.Mentiq.DTOs" type_name="MehsulDto" block_coverage="100.00" line_coverage="100.00" blocks_covered="1" blocks_not_covered="0" lines_covered="1" lines_partially_covered="0" lines_not_covered="0">
          <ranges>
            <range source_id="41" start_line="16" end_line="16" start_column="51" end_column="55" covered="yes" />
          </ranges>
        </function>
        <function id="20203" token="0x60001b4" name="get_MovcudSay()" namespace="AzAgroPOS.Mentiq.DTOs" type_name="MehsulDto" block_coverage="100.00" line_coverage="100.00" blocks_covered="1" blocks_not_covered="0" lines_covered="1" lines_partially_covered="0" lines_not_covered="0">
          <ranges>
            <range source_id="41" start_line="17" end_line="17" start_column="32" end_column="36" covered="yes" />
          </ranges>
        </function>
        <function id="20211" token="0x60001b5" name="set_MovcudSay(int)" namespace="AzAgroPOS.Mentiq.DTOs" type_name="MehsulDto" block_coverage="100.00" line_coverage="100.00" blocks_covered="1" blocks_not_covered="0" lines_covered="1" lines_partially_covered="0" lines_not_covered="0">
          <ranges>
            <range source_id="41" start_line="17" end_line="17" start_column="37" end_column="41" covered="yes" />
          </ranges>
        </function>
        <function id="20220" token="0x60001b6" name="get_Aktivdir()" namespace="AzAgroPOS.Mentiq.DTOs" type_name="MehsulDto" block_coverage="0.00" line_coverage="0.00" blocks_covered="0" blocks_not_covered="1" lines_covered="0" lines_partially_covered="0" lines_not_covered="1">
          <ranges>
            <range source_id="41" start_line="18" end_line="18" start_column="32" end_column="36" covered="no" />
          </ranges>
        </function>
        <function id="20228" token="0x60001b7" name="set_Aktivdir(bool)" namespace="AzAgroPOS.Mentiq.DTOs" type_name="MehsulDto" block_coverage="0.00" line_coverage="0.00" blocks_covered="0" blocks_not_covered="1" lines_covered="0" lines_partially_covered="0" lines_not_covered="1">
          <ranges>
            <range source_id="41" start_line="18" end_line="18" start_column="37" end_column="41" covered="no" />
          </ranges>
        </function>
        <function id="20237" token="0x60001b8" name="get_OlcuVahidi()" namespace="AzAgroPOS.Mentiq.DTOs" type_name="MehsulDto" block_coverage="100.00" line_coverage="100.00" blocks_covered="1" blocks_not_covered="0" lines_covered="1" lines_partially_covered="0" lines_not_covered="0">
          <ranges>
            <range source_id="41" start_line="19" end_line="19" start_column="40" end_column="44" covered="yes" />
          </ranges>
        </function>
        <function id="20245" token="0x60001b9" name="set_OlcuVahidi(AzAgroPOS.Varliglar.OlcuVahidi)" namespace="AzAgroPOS.Mentiq.DTOs" type_name="MehsulDto" block_coverage="100.00" line_coverage="100.00" blocks_covered="1" blocks_not_covered="0" lines_covered="1" lines_partially_covered="0" lines_not_covered="0">
          <ranges>
            <range source_id="41" start_line="19" end_line="19" start_column="45" end_column="49" covered="yes" />
          </ranges>
        </function>
        <function id="20254" token="0x60001ba" name="get_AnbarMiqdari()" namespace="AzAgroPOS.Mentiq.DTOs" type_name="MehsulDto" block_coverage="0.00" line_coverage="0.00" blocks_covered="0" blocks_not_covered="1" lines_covered="0" lines_partially_covered="0" lines_not_covered="1">
          <ranges>
            <range source_id="41" start_line="20" end_line="20" start_column="39" end_column="43" covered="no" />
          </ranges>
        </function>
        <function id="20262" token="0x60001bb" name="set_AnbarMiqdari(decimal)" namespace="AzAgroPOS.Mentiq.DTOs" type_name="MehsulDto" block_coverage="0.00" line_coverage="0.00" blocks_covered="0" blocks_not_covered="1" lines_covered="0" lines_partially_covered="0" lines_not_covered="1">
          <ranges>
            <range source_id="41" start_line="20" end_line="20" start_column="44" end_column="48" covered="no" />
          </ranges>
        </function>
        <function id="20271" token="0x60001bc" name="get_OlcuVahidiAdi()" namespace="AzAgroPOS.Mentiq.DTOs" type_name="MehsulDto" block_coverage="0.00" line_coverage="0.00" blocks_covered="0" blocks_not_covered="1" lines_covered="0" lines_partially_covered="0" lines_not_covered="1">
          <ranges>
            <range source_id="41" start_line="22" end_line="22" start_column="39" end_column="43" covered="no" />
          </ranges>
        </function>
        <function id="20279" token="0x60001bd" name="set_OlcuVahidiAdi(string)" namespace="AzAgroPOS.Mentiq.DTOs" type_name="MehsulDto" block_coverage="0.00" line_coverage="0.00" blocks_covered="0" blocks_not_covered="1" lines_covered="0" lines_partially_covered="0" lines_not_covered="1">
          <ranges>
            <range source_id="41" start_line="22" end_line="22" start_column="44" end_column="48" covered="no" />
          </ranges>
        </function>
        <function id="20288" token="0x60001be" name="get_OlcuVahidiStr()" namespace="AzAgroPOS.Mentiq.DTOs" type_name="MehsulDto" block_coverage="0.00" line_coverage="0.00" blocks_covered="0" blocks_not_covered="3" lines_covered="0" lines_partially_covered="0" lines_not_covered="1">
          <ranges>
            <range source_id="41" start_line="23" end_line="23" start_column="40" end_column="61" covered="no" />
          </ranges>
        </function>
        <function id="20321" token="0x60001bf" name="get_KateqoriyaId()" namespace="AzAgroPOS.Mentiq.DTOs" type_name="MehsulDto" block_coverage="0.00" line_coverage="0.00" blocks_covered="0" blocks_not_covered="1" lines_covered="0" lines_partially_covered="0" lines_not_covered="1">
          <ranges>
            <range source_id="41" start_line="26" end_line="26" start_column="36" end_column="40" covered="no" />
          </ranges>
        </function>
        <function id="20329" token="0x60001c0" name="set_KateqoriyaId(System.Nullable&lt;int&gt;)" namespace="AzAgroPOS.Mentiq.DTOs" type_name="MehsulDto" block_coverage="0.00" line_coverage="0.00" blocks_covered="0" blocks_not_covered="1" lines_covered="0" lines_partially_covered="0" lines_not_covered="1">
          <ranges>
            <range source_id="41" start_line="26" end_line="26" start_column="41" end_column="45" covered="no" />
          </ranges>
        </function>
        <function id="20338" token="0x60001c1" name="get_KateqoriyaAdi()" namespace="AzAgroPOS.Mentiq.DTOs" type_name="MehsulDto" block_coverage="0.00" line_coverage="0.00" blocks_covered="0" blocks_not_covered="1" lines_covered="0" lines_partially_covered="0" lines_not_covered="1">
          <ranges>
            <range source_id="41" start_line="27" end_line="27" start_column="40" end_column="44" covered="no" />
          </ranges>
        </function>
        <function id="20346" token="0x60001c2" name="set_KateqoriyaAdi(string)" namespace="AzAgroPOS.Mentiq.DTOs" type_name="MehsulDto" block_coverage="0.00" line_coverage="0.00" blocks_covered="0" blocks_not_covered="1" lines_covered="0" lines_partially_covered="0" lines_not_covered="1">
          <ranges>
            <range source_id="41" start_line="27" end_line="27" start_column="45" end_column="49" covered="no" />
          </ranges>
        </function>
        <function id="20355" token="0x60001c3" name="get_BrendId()" namespace="AzAgroPOS.Mentiq.DTOs" type_name="MehsulDto" block_coverage="0.00" line_coverage="0.00" blocks_covered="0" blocks_not_covered="1" lines_covered="0" lines_partially_covered="0" lines_not_covered="1">
          <ranges>
            <range source_id="41" start_line="29" end_line="29" start_column="31" end_column="35" covered="no" />
          </ranges>
        </function>
        <function id="20363" token="0x60001c4" name="set_BrendId(System.Nullable&lt;int&gt;)" namespace="AzAgroPOS.Mentiq.DTOs" type_name="MehsulDto" block_coverage="0.00" line_coverage="0.00" blocks_covered="0" blocks_not_covered="1" lines_covered="0" lines_partially_covered="0" lines_not_covered="1">
          <ranges>
            <range source_id="41" start_line="29" end_line="29" start_column="36" end_column="40" covered="no" />
          </ranges>
        </function>
        <function id="20372" token="0x60001c5" name="get_BrendAdi()" namespace="AzAgroPOS.Mentiq.DTOs" type_name="MehsulDto" block_coverage="0.00" line_coverage="0.00" blocks_covered="0" blocks_not_covered="1" lines_covered="0" lines_partially_covered="0" lines_not_covered="1">
          <ranges>
            <range source_id="41" start_line="30" end_line="30" start_column="35" end_column="39" covered="no" />
          </ranges>
        </function>
        <function id="20380" token="0x60001c6" name="set_BrendAdi(string)" namespace="AzAgroPOS.Mentiq.DTOs" type_name="MehsulDto" block_coverage="0.00" line_coverage="0.00" blocks_covered="0" blocks_not_covered="1" lines_covered="0" lines_partially_covered="0" lines_not_covered="1">
          <ranges>
            <range source_id="41" start_line="30" end_line="30" start_column="40" end_column="44" covered="no" />
          </ranges>
        </function>
        <function id="20389" token="0x60001c7" name="get_TedarukcuId()" namespace="AzAgroPOS.Mentiq.DTOs" type_name="MehsulDto" block_coverage="0.00" line_coverage="0.00" blocks_covered="0" blocks_not_covered="1" lines_covered="0" lines_partially_covered="0" lines_not_covered="1">
          <ranges>
            <range source_id="41" start_line="32" end_line="32" start_column="35" end_column="39" covered="no" />
          </ranges>
        </function>
        <function id="20397" token="0x60001c8" name="set_TedarukcuId(System.Nullable&lt;int&gt;)" namespace="AzAgroPOS.Mentiq.DTOs" type_name="MehsulDto" block_coverage="0.00" line_coverage="0.00" blocks_covered="0" blocks_not_covered="1" lines_covered="0" lines_partially_covered="0" lines_not_covered="1">
          <ranges>
            <range source_id="41" start_line="32" end_line="32" start_column="40" end_column="44" covered="no" />
          </ranges>
        </function>
        <function id="20406" token="0x60001c9" name="get_TedarukcuAdi()" namespace="AzAgroPOS.Mentiq.DTOs" type_name="MehsulDto" block_coverage="0.00" line_coverage="0.00" blocks_covered="0" blocks_not_covered="1" lines_covered="0" lines_partially_covered="0" lines_not_covered="1">
          <ranges>
            <range source_id="41" start_line="33" end_line="33" start_column="39" end_column="43" covered="no" />
          </ranges>
        </function>
        <function id="20414" token="0x60001ca" name="set_TedarukcuAdi(string)" namespace="AzAgroPOS.Mentiq.DTOs" type_name="MehsulDto" block_coverage="0.00" line_coverage="0.00" blocks_covered="0" blocks_not_covered="1" lines_covered="0" lines_partially_covered="0" lines_not_covered="1">
          <ranges>
            <range source_id="41" start_line="33" end_line="33" start_column="44" end_column="48" covered="no" />
          </ranges>
        </function>
        <function id="20423" token="0x60001cb" name="get_MinimumStok()" namespace="AzAgroPOS.Mentiq.DTOs" type_name="MehsulDto" block_coverage="0.00" line_coverage="0.00" blocks_covered="0" blocks_not_covered="1" lines_covered="0" lines_partially_covered="0" lines_not_covered="1">
          <ranges>
            <range source_id="41" start_line="35" end_line="35" start_column="34" end_column="38" covered="no" />
          </ranges>
        </function>
        <function id="20431" token="0x60001cc" name="set_MinimumStok(int)" namespace="AzAgroPOS.Mentiq.DTOs" type_name="MehsulDto" block_coverage="0.00" line_coverage="0.00" blocks_covered="0" blocks_not_covered="1" lines_covered="0" lines_partially_covered="0" lines_not_covered="1">
          <ranges>
            <range source_id="41" start_line="35" end_line="35" start_column="39" end_column="43" covered="no" />
          </ranges>
        </function>
        <function id="20440" token="0x60001cd" name="get_SekilYolu()" namespace="AzAgroPOS.Mentiq.DTOs" type_name="MehsulDto" block_coverage="0.00" line_coverage="0.00" blocks_covered="0" blocks_not_covered="1" lines_covered="0" lines_partially_covered="0" lines_not_covered="1">
          <ranges>
            <range source_id="41" start_line="37" end_line="37" start_column="36" end_column="40" covered="no" />
          </ranges>
        </function>
        <function id="20448" token="0x60001ce" name="set_SekilYolu(string)" namespace="AzAgroPOS.Mentiq.DTOs" type_name="MehsulDto" block_coverage="0.00" line_coverage="0.00" blocks_covered="0" blocks_not_covered="1" lines_covered="0" lines_partially_covered="0" lines_not_covered="1">
          <ranges>
            <range source_id="41" start_line="37" end_line="37" start_column="41" end_column="45" covered="no" />
          </ranges>
        </function>
        <function id="20457" token="0x60001cf" name="MehsulDto()" namespace="AzAgroPOS.Mentiq.DTOs" type_name="MehsulDto" block_coverage="100.00" line_coverage="100.00" blocks_covered="2" blocks_not_covered="0" lines_covered="3" lines_partially_covered="0" lines_not_covered="0">
          <ranges>
            <range source_id="41" start_line="9" end_line="9" start_column="42" end_column="54" covered="yes" />
            <range source_id="41" start_line="22" end_line="22" start_column="53" end_column="65" covered="yes" />
            <range source_id="41" start_line="35" end_line="35" start_column="48" end_column="49" covered="yes" />
          </ranges>
        </function>
        <function id="20495" token="0x60001d0" name="get_StokKodu()" namespace="AzAgroPOS.Mentiq.DTOs" type_name="MehsulUzreSatisDetayDto" block_coverage="100.00" line_coverage="100.00" blocks_covered="1" blocks_not_covered="0" lines_covered="1" lines_partially_covered="0" lines_not_covered="0">
          <ranges>
            <range source_id="42" start_line="9" end_line="9" start_column="30" end_column="34" covered="yes" />
          </ranges>
        </function>
        <function id="20503" token="0x60001d1" name="set_StokKodu(string)" namespace="AzAgroPOS.Mentiq.DTOs" type_name="MehsulUzreSatisDetayDto" block_coverage="100.00" line_coverage="100.00" blocks_covered="1" blocks_not_covered="0" lines_covered="1" lines_partially_covered="0" lines_not_covered="0">
          <ranges>
            <range source_id="42" start_line="9" end_line="9" start_column="35" end_column="39" covered="yes" />
          </ranges>
        </function>
        <function id="20512" token="0x60001d2" name="get_MehsulAdi()" namespace="AzAgroPOS.Mentiq.DTOs" type_name="MehsulUzreSatisDetayDto" block_coverage="0.00" line_coverage="0.00" blocks_covered="0" blocks_not_covered="1" lines_covered="0" lines_partially_covered="0" lines_not_covered="1">
          <ranges>
            <range source_id="42" start_line="10" end_line="10" start_column="31" end_column="35" covered="no" />
          </ranges>
        </function>
        <function id="20520" token="0x60001d3" name="set_MehsulAdi(string)" namespace="AzAgroPOS.Mentiq.DTOs" type_name="MehsulUzreSatisDetayDto" block_coverage="100.00" line_coverage="100.00" blocks_covered="1" blocks_not_covered="0" lines_covered="1" lines_partially_covered="0" lines_not_covered="0">
          <ranges>
            <range source_id="42" start_line="10" end_line="10" start_column="36" end_column="40" covered="yes" />
          </ranges>
        </function>
        <function id="20529" token="0x60001d4" name="get_CemiSatilanMiqdar()" namespace="AzAgroPOS.Mentiq.DTOs" type_name="MehsulUzreSatisDetayDto" block_coverage="100.00" line_coverage="100.00" blocks_covered="1" blocks_not_covered="0" lines_covered="1" lines_partially_covered="0" lines_not_covered="0">
          <ranges>
            <range source_id="42" start_line="11" end_line="11" start_column="40" end_column="44" covered="yes" />
          </ranges>
        </function>
        <function id="20537" token="0x60001d5" name="set_CemiSatilanMiqdar(decimal)" namespace="AzAgroPOS.Mentiq.DTOs" type_name="MehsulUzreSatisDetayDto" block_coverage="100.00" line_coverage="100.00" blocks_covered="1" blocks_not_covered="0" lines_covered="1" lines_partially_covered="0" lines_not_covered="0">
          <ranges>
            <range source_id="42" start_line="11" end_line="11" start_column="45" end_column="49" covered="yes" />
          </ranges>
        </function>
        <function id="20546" token="0x60001d6" name="get_CemiMebleg()" namespace="AzAgroPOS.Mentiq.DTOs" type_name="MehsulUzreSatisDetayDto" block_coverage="100.00" line_coverage="100.00" blocks_covered="1" blocks_not_covered="0" lines_covered="1" lines_partially_covered="0" lines_not_covered="0">
          <ranges>
            <range source_id="42" start_line="12" end_line="12" start_column="33" end_column="37" covered="yes" />
          </ranges>
        </function>
        <function id="20554" token="0x60001d7" name="set_CemiMebleg(decimal)" namespace="AzAgroPOS.Mentiq.DTOs" type_name="MehsulUzreSatisDetayDto" block_coverage="100.00" line_coverage="100.00" blocks_covered="1" blocks_not_covered="0" lines_covered="1" lines_partially_covered="0" lines_not_covered="0">
          <ranges>
            <range source_id="42" start_line="12" end_line="12" start_column="38" end_column="42" covered="yes" />
          </ranges>
        </function>
        <function id="20564" token="0x60001d8" name="get_CemiMeblegStr()" namespace="AzAgroPOS.Mentiq.DTOs" type_name="MehsulUzreSatisDetayDto" block_coverage="0.00" line_coverage="0.00" blocks_covered="0" blocks_not_covered="6" lines_covered="0" lines_partially_covered="0" lines_not_covered="1">
          <ranges>
            <range source_id="42" start_line="15" end_line="15" start_column="36" end_column="58" covered="no" />
          </ranges>
        </function>
        <function id="20625" token="0x60001d9" name="MehsulUzreSatisDetayDto()" namespace="AzAgroPOS.Mentiq.DTOs" type_name="MehsulUzreSatisDetayDto" block_coverage="100.00" line_coverage="100.00" blocks_covered="2" blocks_not_covered="0" lines_covered="2" lines_partially_covered="0" lines_not_covered="0">
          <ranges>
            <range source_id="42" start_line="9" end_line="9" start_column="44" end_column="56" covered="yes" />
            <range source_id="42" start_line="10" end_line="10" start_column="45" end_column="57" covered="yes" />
          </ranges>
        </function>
        <function id="20656" token="0x60001da" name="get_Id()" namespace="AzAgroPOS.Mentiq.DTOs" type_name="MusteriDto" block_coverage="100.00" line_coverage="100.00" blocks_covered="1" blocks_not_covered="0" lines_covered="1" lines_partially_covered="0" lines_not_covered="0">
          <ranges>
            <range source_id="43" start_line="11" end_line="11" start_column="21" end_column="25" covered="yes" />
          </ranges>
        </function>
        <function id="20664" token="0x60001db" name="set_Id(int)" namespace="AzAgroPOS.Mentiq.DTOs" type_name="MusteriDto" block_coverage="100.00" line_coverage="100.00" blocks_covered="1" blocks_not_covered="0" lines_covered="1" lines_partially_covered="0" lines_not_covered="0">
          <ranges>
            <range source_id="43" start_line="11" end_line="11" start_column="26" end_column="30" covered="yes" />
          </ranges>
        </function>
        <function id="20673" token="0x60001dc" name="get_TamAd()" namespace="AzAgroPOS.Mentiq.DTOs" type_name="MusteriDto" block_coverage="100.00" line_coverage="100.00" blocks_covered="1" blocks_not_covered="0" lines_covered="1" lines_partially_covered="0" lines_not_covered="0">
          <ranges>
            <range source_id="43" start_line="15" end_line="15" start_column="27" end_column="31" covered="yes" />
          </ranges>
        </function>
        <function id="20681" token="0x60001dd" name="set_TamAd(string)" namespace="AzAgroPOS.Mentiq.DTOs" type_name="MusteriDto" block_coverage="100.00" line_coverage="100.00" blocks_covered="1" blocks_not_covered="0" lines_covered="1" lines_partially_covered="0" lines_not_covered="0">
          <ranges>
            <range source_id="43" start_line="15" end_line="15" start_column="32" end_column="36" covered="yes" />
          </ranges>
        </function>
        <function id="20690" token="0x60001de" name="get_TelefonNomresi()" namespace="AzAgroPOS.Mentiq.DTOs" type_name="MusteriDto" block_coverage="100.00" line_coverage="100.00" blocks_covered="1" blocks_not_covered="0" lines_covered="1" lines_partially_covered="0" lines_not_covered="0">
          <ranges>
            <range source_id="43" start_line="19" end_line="19" start_column="36" end_column="40" covered="yes" />
          </ranges>
        </function>
        <function id="20698" token="0x60001df" name="set_TelefonNomresi(string)" namespace="AzAgroPOS.Mentiq.DTOs" type_name="MusteriDto" block_coverage="100.00" line_coverage="100.00" blocks_covered="1" blocks_not_covered="0" lines_covered="1" lines_partially_covered="0" lines_not_covered="0">
          <ranges>
            <range source_id="43" start_line="19" end_line="19" start_column="41" end_column="45" covered="yes" />
          </ranges>
        </function>
        <function id="20707" token="0x60001e0" name="get_Unvan()" namespace="AzAgroPOS.Mentiq.DTOs" type_name="MusteriDto" block_coverage="100.00" line_coverage="100.00" blocks_covered="1" blocks_not_covered="0" lines_covered="1" lines_partially_covered="0" lines_not_covered="0">
          <ranges>
            <range source_id="43" start_line="23" end_line="23" start_column="28" end_column="32" covered="yes" />
          </ranges>
        </function>
        <function id="20715" token="0x60001e1" name="set_Unvan(string)" namespace="AzAgroPOS.Mentiq.DTOs" type_name="MusteriDto" block_coverage="100.00" line_coverage="100.00" blocks_covered="1" blocks_not_covered="0" lines_covered="1" lines_partially_covered="0" lines_not_covered="0">
          <ranges>
            <range source_id="43" start_line="23" end_line="23" start_column="33" end_column="37" covered="yes" />
          </ranges>
        </function>
        <function id="20724" token="0x60001e2" name="get_UmumiBorc()" namespace="AzAgroPOS.Mentiq.DTOs" type_name="MusteriDto" block_coverage="0.00" line_coverage="0.00" blocks_covered="0" blocks_not_covered="1" lines_covered="0" lines_partially_covered="0" lines_not_covered="1">
          <ranges>
            <range source_id="43" start_line="27" end_line="27" start_column="32" end_column="36" covered="no" />
          </ranges>
        </function>
        <function id="20732" token="0x60001e3" name="set_UmumiBorc(decimal)" namespace="AzAgroPOS.Mentiq.DTOs" type_name="MusteriDto" block_coverage="100.00" line_coverage="100.00" blocks_covered="1" blocks_not_covered="0" lines_covered="1" lines_partially_covered="0" lines_not_covered="0">
          <ranges>
            <range source_id="43" start_line="27" end_line="27" start_column="37" end_column="41" covered="yes" />
          </ranges>
        </function>
        <function id="20741" token="0x60001e4" name="get_KreditLimiti()" namespace="AzAgroPOS.Mentiq.DTOs" type_name="MusteriDto" block_coverage="100.00" line_coverage="100.00" blocks_covered="1" blocks_not_covered="0" lines_covered="1" lines_partially_covered="0" lines_not_covered="0">
          <ranges>
            <range source_id="43" start_line="31" end_line="31" start_column="35" end_column="39" covered="yes" />
          </ranges>
        </function>
        <function id="20749" token="0x60001e5" name="set_KreditLimiti(decimal)" namespace="AzAgroPOS.Mentiq.DTOs" type_name="MusteriDto" block_coverage="100.00" line_coverage="100.00" blocks_covered="1" blocks_not_covered="0" lines_covered="1" lines_partially_covered="0" lines_not_covered="0">
          <ranges>
            <range source_id="43" start_line="31" end_line="31" start_column="40" end_column="44" covered="yes" />
          </ranges>
        </function>
        <function id="20758" token="0x60001e6" name="MusteriDto()" namespace="AzAgroPOS.Mentiq.DTOs" type_name="MusteriDto" block_coverage="100.00" line_coverage="100.00" blocks_covered="2" blocks_not_covered="0" lines_covered="2" lines_partially_covered="0" lines_not_covered="0">
          <ranges>
            <range source_id="43" start_line="15" end_line="15" start_column="41" end_column="53" covered="yes" />
            <range source_id="43" start_line="19" end_line="19" start_column="50" end_column="62" covered="yes" />
          </ranges>
        </function>
        <function id="20789" token="0x60001e7" name="get_Tarix()" namespace="AzAgroPOS.Mentiq.DTOs" type_name="NisyeHereketiDto" block_coverage="0.00" line_coverage="0.00" blocks_covered="0" blocks_not_covered="1" lines_covered="0" lines_partially_covered="0" lines_not_covered="1">
          <ranges>
            <range source_id="44" start_line="11" end_line="11" start_column="29" end_column="33" covered="no" />
          </ranges>
        </function>
        <function id="20797" token="0x60001e8" name="set_Tarix(System.DateTime)" namespace="AzAgroPOS.Mentiq.DTOs" type_name="NisyeHereketiDto" block_coverage="0.00" line_coverage="0.00" blocks_covered="0" blocks_not_covered="1" lines_covered="0" lines_partially_covered="0" lines_not_covered="1">
          <ranges>
            <range source_id="44" start_line="11" end_line="11" start_column="34" end_column="38" covered="no" />
          </ranges>
        </function>
        <function id="20806" token="0x60001e9" name="get_EmeliyyatNovu()" namespace="AzAgroPOS.Mentiq.DTOs" type_name="NisyeHereketiDto" block_coverage="0.00" line_coverage="0.00" blocks_covered="0" blocks_not_covered="1" lines_covered="0" lines_partially_covered="0" lines_not_covered="1">
          <ranges>
            <range source_id="44" start_line="15" end_line="15" start_column="35" end_column="39" covered="no" />
          </ranges>
        </function>
        <function id="20814" token="0x60001ea" name="set_EmeliyyatNovu(string)" namespace="AzAgroPOS.Mentiq.DTOs" type_name="NisyeHereketiDto" block_coverage="0.00" line_coverage="0.00" blocks_covered="0" blocks_not_covered="1" lines_covered="0" lines_partially_covered="0" lines_not_covered="1">
          <ranges>
            <range source_id="44" start_line="15" end_line="15" start_column="40" end_column="44" covered="no" />
          </ranges>
        </function>
        <function id="20823" token="0x60001eb" name="get_Mebleg()" namespace="AzAgroPOS.Mentiq.DTOs" type_name="NisyeHereketiDto" block_coverage="0.00" line_coverage="0.00" blocks_covered="0" blocks_not_covered="1" lines_covered="0" lines_partially_covered="0" lines_not_covered="1">
          <ranges>
            <range source_id="44" start_line="19" end_line="19" start_column="29" end_column="33" covered="no" />
          </ranges>
        </function>
        <function id="20831" token="0x60001ec" name="set_Mebleg(decimal)" namespace="AzAgroPOS.Mentiq.DTOs" type_name="NisyeHereketiDto" block_coverage="0.00" line_coverage="0.00" blocks_covered="0" blocks_not_covered="1" lines_covered="0" lines_partially_covered="0" lines_not_covered="1">
          <ranges>
            <range source_id="44" start_line="19" end_line="19" start_column="34" end_column="38" covered="no" />
          </ranges>
        </function>
        <function id="20840" token="0x60001ed" name="get_Qeyd()" namespace="AzAgroPOS.Mentiq.DTOs" type_name="NisyeHereketiDto" block_coverage="0.00" line_coverage="0.00" blocks_covered="0" blocks_not_covered="1" lines_covered="0" lines_partially_covered="0" lines_not_covered="1">
          <ranges>
            <range source_id="44" start_line="23" end_line="23" start_column="26" end_column="30" covered="no" />
          </ranges>
        </function>
        <function id="20848" token="0x60001ee" name="set_Qeyd(string)" namespace="AzAgroPOS.Mentiq.DTOs" type_name="NisyeHereketiDto" block_coverage="0.00" line_coverage="0.00" blocks_covered="0" blocks_not_covered="1" lines_covered="0" lines_partially_covered="0" lines_not_covered="1">
          <ranges>
            <range source_id="44" start_line="23" end_line="23" start_column="31" end_column="35" covered="no" />
          </ranges>
        </function>
        <function id="20857" token="0x60001ef" name="NisyeHereketiDto()" namespace="AzAgroPOS.Mentiq.DTOs" type_name="NisyeHereketiDto" block_coverage="0.00" line_coverage="0.00" blocks_covered="0" blocks_not_covered="2" lines_covered="0" lines_partially_covered="0" lines_not_covered="2">
          <ranges>
            <range source_id="44" start_line="15" end_line="15" start_column="49" end_column="61" covered="no" />
            <range source_id="44" start_line="23" end_line="23" start_column="40" end_column="52" covered="no" />
          </ranges>
        </function>
        <function id="20888" token="0x60001f0" name="get_SatisId()" namespace="AzAgroPOS.Mentiq.DTOs" type_name="SatisQebzDto" block_coverage="100.00" line_coverage="100.00" blocks_covered="1" blocks_not_covered="0" lines_covered="1" lines_partially_covered="0" lines_not_covered="0">
          <ranges>
            <range source_id="45" start_line="16" end_line="16" start_column="26" end_column="30" covered="yes" />
          </ranges>
        </function>
        <function id="20896" token="0x60001f1" name="set_SatisId(int)" namespace="AzAgroPOS.Mentiq.DTOs" type_name="SatisQebzDto" block_coverage="100.00" line_coverage="100.00" blocks_covered="1" blocks_not_covered="0" lines_covered="1" lines_partially_covered="0" lines_not_covered="0">
          <ranges>
            <range source_id="45" start_line="16" end_line="16" start_column="31" end_column="35" covered="yes" />
          </ranges>
        </function>
        <function id="20905" token="0x60001f2" name="get_Tarix()" namespace="AzAgroPOS.Mentiq.DTOs" type_name="SatisQebzDto" block_coverage="0.00" line_coverage="0.00" blocks_covered="0" blocks_not_covered="1" lines_covered="0" lines_partially_covered="0" lines_not_covered="1">
          <ranges>
            <range source_id="45" start_line="20" end_line="20" start_column="29" end_column="33" covered="no" />
          </ranges>
        </function>
        <function id="20913" token="0x60001f3" name="set_Tarix(System.DateTime)" namespace="AzAgroPOS.Mentiq.DTOs" type_name="SatisQebzDto" block_coverage="100.00" line_coverage="100.00" blocks_covered="1" blocks_not_covered="0" lines_covered="1" lines_partially_covered="0" lines_not_covered="0">
          <ranges>
            <range source_id="45" start_line="20" end_line="20" start_column="34" end_column="38" covered="yes" />
          </ranges>
        </function>
        <function id="20922" token="0x60001f4" name="get_KassirAdi()" namespace="AzAgroPOS.Mentiq.DTOs" type_name="SatisQebzDto" block_coverage="0.00" line_coverage="0.00" blocks_covered="0" blocks_not_covered="1" lines_covered="0" lines_partially_covered="0" lines_not_covered="1">
          <ranges>
            <range source_id="45" start_line="24" end_line="24" start_column="31" end_column="35" covered="no" />
          </ranges>
        </function>
        <function id="20930" token="0x60001f5" name="set_KassirAdi(string)" namespace="AzAgroPOS.Mentiq.DTOs" type_name="SatisQebzDto" block_coverage="0.00" line_coverage="0.00" blocks_covered="0" blocks_not_covered="1" lines_covered="0" lines_partially_covered="0" lines_not_covered="1">
          <ranges>
            <range source_id="45" start_line="24" end_line="24" start_column="36" end_column="40" covered="no" />
          </ranges>
        </function>
        <function id="20939" token="0x60001f6" name="get_SatilanMehsullar()" namespace="AzAgroPOS.Mentiq.DTOs" type_name="SatisQebzDto" block_coverage="100.00" line_coverage="100.00" blocks_covered="1" blocks_not_covered="0" lines_covered="1" lines_partially_covered="0" lines_not_covered="0">
          <ranges>
            <range source_id="45" start_line="28" end_line="28" start_column="60" end_column="64" covered="yes" />
          </ranges>
        </function>
        <function id="20947" token="0x60001f7" name="set_SatilanMehsullar(System.Collections.Generic.List&lt;AzAgroPOS.Mentiq.DTOs.SatisSebetiElementiDto&gt;)" namespace="AzAgroPOS.Mentiq.DTOs" type_name="SatisQebzDto" block_coverage="100.00" line_coverage="100.00" blocks_covered="1" blocks_not_covered="0" lines_covered="1" lines_partially_covered="0" lines_not_covered="0">
          <ranges>
            <range source_id="45" start_line="28" end_line="28" start_column="65" end_column="69" covered="yes" />
          </ranges>
        </function>
        <function id="20956" token="0x60001f8" name="get_CemiMebleg()" namespace="AzAgroPOS.Mentiq.DTOs" type_name="SatisQebzDto" block_coverage="100.00" line_coverage="100.00" blocks_covered="6" blocks_not_covered="0" lines_covered="1" lines_partially_covered="0" lines_not_covered="0">
          <ranges>
            <range source_id="45" start_line="32" end_line="32" start_column="34" end_column="74" covered="yes" />
          </ranges>
        </function>
        <function id="21000" token="0x60001f9" name="SatisQebzDto()" namespace="AzAgroPOS.Mentiq.DTOs" type_name="SatisQebzDto" block_coverage="100.00" line_coverage="100.00" blocks_covered="3" blocks_not_covered="0" lines_covered="2" lines_partially_covered="0" lines_not_covered="0">
          <ranges>
            <range source_id="45" start_line="24" end_line="24" start_column="45" end_column="57" covered="yes" />
            <range source_id="45" start_line="28" end_line="28" start_column="74" end_column="79" covered="yes" />
          </ranges>
        </function>
        <function id="21031" token="0x60001fa" name="get_MehsulId()" namespace="AzAgroPOS.Mentiq.DTOs" type_name="SatisSebetiElementiDto" block_coverage="100.00" line_coverage="100.00" blocks_covered="1" blocks_not_covered="0" lines_covered="1" lines_partially_covered="0" lines_not_covered="0">
          <ranges>
            <range source_id="46" start_line="5" end_line="5" start_column="31" end_column="35" covered="yes" />
          </ranges>
        </function>
        <function id="21039" token="0x60001fb" name="set_MehsulId(int)" namespace="AzAgroPOS.Mentiq.DTOs" type_name="SatisSebetiElementiDto" block_coverage="100.00" line_coverage="100.00" blocks_covered="1" blocks_not_covered="0" lines_covered="1" lines_partially_covered="0" lines_not_covered="0">
          <ranges>
            <range source_id="46" start_line="5" end_line="5" start_column="36" end_column="40" covered="yes" />
          </ranges>
        </function>
        <function id="21048" token="0x60001fc" name="get_MehsulAdi()" namespace="AzAgroPOS.Mentiq.DTOs" type_name="SatisSebetiElementiDto" block_coverage="100.00" line_coverage="100.00" blocks_covered="1" blocks_not_covered="0" lines_covered="1" lines_partially_covered="0" lines_not_covered="0">
          <ranges>
            <range source_id="46" start_line="7" end_line="7" start_column="35" end_column="39" covered="yes" />
          </ranges>
        </function>
        <function id="21056" token="0x60001fd" name="set_MehsulAdi(string)" namespace="AzAgroPOS.Mentiq.DTOs" type_name="SatisSebetiElementiDto" block_coverage="100.00" line_coverage="100.00" blocks_covered="1" blocks_not_covered="0" lines_covered="1" lines_partially_covered="0" lines_not_covered="0">
          <ranges>
            <range source_id="46" start_line="7" end_line="7" start_column="40" end_column="44" covered="yes" />
          </ranges>
        </function>
        <function id="21065" token="0x60001fe" name="get_Miqdar()" namespace="AzAgroPOS.Mentiq.DTOs" type_name="SatisSebetiElementiDto" block_coverage="100.00" line_coverage="100.00" blocks_covered="1" blocks_not_covered="0" lines_covered="1" lines_partially_covered="0" lines_not_covered="0">
          <ranges>
            <range source_id="46" start_line="9" end_line="9" start_column="33" end_column="37" covered="yes" />
          </ranges>
        </function>
        <function id="21073" token="0x60001ff" name="set_Miqdar(decimal)" namespace="AzAgroPOS.Mentiq.DTOs" type_name="SatisSebetiElementiDto" block_coverage="100.00" line_coverage="100.00" blocks_covered="1" blocks_not_covered="0" lines_covered="1" lines_partially_covered="0" lines_not_covered="0">
          <ranges>
            <range source_id="46" start_line="9" end_line="9" start_column="38" end_column="42" covered="yes" />
          </ranges>
        </function>
        <function id="21082" token="0x6000200" name="get_VahidinQiymeti()" namespace="AzAgroPOS.Mentiq.DTOs" type_name="SatisSebetiElementiDto" block_coverage="100.00" line_coverage="100.00" blocks_covered="1" blocks_not_covered="0" lines_covered="1" lines_partially_covered="0" lines_not_covered="0">
          <ranges>
            <range source_id="46" start_line="11" end_line="11" start_column="41" end_column="45" covered="yes" />
          </ranges>
        </function>
        <function id="21090" token="0x6000201" name="set_VahidinQiymeti(decimal)" namespace="AzAgroPOS.Mentiq.DTOs" type_name="SatisSebetiElementiDto" block_coverage="100.00" line_coverage="100.00" blocks_covered="1" blocks_not_covered="0" lines_covered="1" lines_partially_covered="0" lines_not_covered="0">
          <ranges>
            <range source_id="46" start_line="11" end_line="11" start_column="46" end_column="50" covered="yes" />
          </ranges>
        </function>
        <function id="21099" token="0x6000202" name="get_EndirimMeblegi()" namespace="AzAgroPOS.Mentiq.DTOs" type_name="SatisSebetiElementiDto" block_coverage="100.00" line_coverage="100.00" blocks_covered="1" blocks_not_covered="0" lines_covered="1" lines_partially_covered="0" lines_not_covered="0">
          <ranges>
            <range source_id="46" start_line="14" end_line="14" start_column="41" end_column="45" covered="yes" />
          </ranges>
        </function>
        <function id="21107" token="0x6000203" name="set_EndirimMeblegi(decimal)" namespace="AzAgroPOS.Mentiq.DTOs" type_name="SatisSebetiElementiDto" block_coverage="0.00" line_coverage="0.00" blocks_covered="0" blocks_not_covered="1" lines_covered="0" lines_partially_covered="0" lines_not_covered="1">
          <ranges>
            <range source_id="46" start_line="14" end_line="14" start_column="46" end_column="50" covered="no" />
          </ranges>
        </function>
        <function id="21116" token="0x6000204" name="get_EndirimliQiymet()" namespace="AzAgroPOS.Mentiq.DTOs" type_name="SatisSebetiElementiDto" block_coverage="0.00" line_coverage="0.00" blocks_covered="0" blocks_not_covered="10" lines_covered="0" lines_partially_covered="0" lines_not_covered="1">
          <ranges>
            <range source_id="46" start_line="15" end_line="15" start_column="43" end_column="104" covered="no" />
          </ranges>
        </function>
        <function id="21171" token="0x6000205" name="get_UmumiMebleg()" namespace="AzAgroPOS.Mentiq.DTOs" type_name="SatisSebetiElementiDto" block_coverage="100.00" line_coverage="100.00" blocks_covered="6" blocks_not_covered="0" lines_covered="1" lines_partially_covered="0" lines_not_covered="0">
          <ranges>
            <range source_id="46" start_line="18" end_line="18" start_column="39" end_column="81" covered="yes" />
          </ranges>
        </function>
        <function id="21201" token="0x6000206" name="get_QiymetNövü()" namespace="AzAgroPOS.Mentiq.DTOs" type_name="SatisSebetiElementiDto" block_coverage="0.00" line_coverage="0.00" blocks_covered="0" blocks_not_covered="1" lines_covered="0" lines_partially_covered="0" lines_not_covered="1">
          <ranges>
            <range source_id="46" start_line="20" end_line="20" start_column="36" end_column="40" covered="no" />
          </ranges>
        </function>
        <function id="21209" token="0x6000207" name="set_QiymetNövü(string)" namespace="AzAgroPOS.Mentiq.DTOs" type_name="SatisSebetiElementiDto" block_coverage="0.00" line_coverage="0.00" blocks_covered="0" blocks_not_covered="1" lines_covered="0" lines_partially_covered="0" lines_not_covered="1">
          <ranges>
            <range source_id="46" start_line="20" end_line="20" start_column="41" end_column="45" covered="no" />
          </ranges>
        </function>
        <function id="21218" token="0x6000208" name="SatisSebetiElementiDto()" namespace="AzAgroPOS.Mentiq.DTOs" type_name="SatisSebetiElementiDto" block_coverage="100.00" line_coverage="100.00" blocks_covered="2" blocks_not_covered="0" lines_covered="2" lines_partially_covered="0" lines_not_covered="0">
          <ranges>
            <range source_id="46" start_line="7" end_line="7" start_column="49" end_column="61" covered="yes" />
            <range source_id="46" start_line="20" end_line="20" start_column="50" end_column="61" covered="yes" />
          </ranges>
        </function>
        <function id="21249" token="0x6000209" name="get_SebetElementleri()" namespace="AzAgroPOS.Mentiq.DTOs" type_name="SatisYaratDto" block_coverage="100.00" line_coverage="100.00" blocks_covered="1" blocks_not_covered="0" lines_covered="1" lines_partially_covered="0" lines_not_covered="0">
          <ranges>
            <range source_id="47" start_line="7" end_line="7" start_column="64" end_column="68" covered="yes" />
          </ranges>
        </function>
        <function id="21257" token="0x600020a" name="set_SebetElementleri(System.Collections.Generic.List&lt;AzAgroPOS.Mentiq.DTOs.SatisSebetiElementiDto&gt;)" namespace="AzAgroPOS.Mentiq.DTOs" type_name="SatisYaratDto" block_coverage="100.00" line_coverage="100.00" blocks_covered="1" blocks_not_covered="0" lines_covered="1" lines_partially_covered="0" lines_not_covered="0">
          <ranges>
            <range source_id="47" start_line="7" end_line="7" start_column="69" end_column="73" covered="yes" />
          </ranges>
        </function>
        <function id="21266" token="0x600020b" name="get_OdenisMetodu()" namespace="AzAgroPOS.Mentiq.DTOs" type_name="SatisYaratDto" block_coverage="100.00" line_coverage="100.00" blocks_covered="1" blocks_not_covered="0" lines_covered="1" lines_partially_covered="0" lines_not_covered="0">
          <ranges>
            <range source_id="47" start_line="8" end_line="8" start_column="44" end_column="48" covered="yes" />
          </ranges>
        </function>
        <function id="21274" token="0x600020c" name="set_OdenisMetodu(AzAgroPOS.Varliglar.OdenisMetodu)" namespace="AzAgroPOS.Mentiq.DTOs" type_name="SatisYaratDto" block_coverage="100.00" line_coverage="100.00" blocks_covered="1" blocks_not_covered="0" lines_covered="1" lines_partially_covered="0" lines_not_covered="0">
          <ranges>
            <range source_id="47" start_line="8" end_line="8" start_column="49" end_column="53" covered="yes" />
          </ranges>
        </function>
        <function id="21283" token="0x600020d" name="get_NovbeId()" namespace="AzAgroPOS.Mentiq.DTOs" type_name="SatisYaratDto" block_coverage="100.00" line_coverage="100.00" blocks_covered="1" blocks_not_covered="0" lines_covered="1" lines_partially_covered="0" lines_not_covered="0">
          <ranges>
            <range source_id="47" start_line="10" end_line="10" start_column="30" end_column="34" covered="yes" />
          </ranges>
        </function>
        <function id="21291" token="0x600020e" name="set_NovbeId(int)" namespace="AzAgroPOS.Mentiq.DTOs" type_name="SatisYaratDto" block_coverage="100.00" line_coverage="100.00" blocks_covered="1" blocks_not_covered="0" lines_covered="1" lines_partially_covered="0" lines_not_covered="0">
          <ranges>
            <range source_id="47" start_line="10" end_line="10" start_column="35" end_column="39" covered="yes" />
          </ranges>
        </function>
        <function id="21300" token="0x600020f" name="get_MusteriId()" namespace="AzAgroPOS.Mentiq.DTOs" type_name="SatisYaratDto" block_coverage="100.00" line_coverage="100.00" blocks_covered="1" blocks_not_covered="0" lines_covered="1" lines_partially_covered="0" lines_not_covered="0">
          <ranges>
            <range source_id="47" start_line="12" end_line="12" start_column="33" end_column="37" covered="yes" />
          </ranges>
        </function>
        <function id="21308" token="0x6000210" name="set_MusteriId(System.Nullable&lt;int&gt;)" namespace="AzAgroPOS.Mentiq.DTOs" type_name="SatisYaratDto" block_coverage="0.00" line_coverage="0.00" blocks_covered="0" blocks_not_covered="1" lines_covered="0" lines_partially_covered="0" lines_not_covered="1">
          <ranges>
            <range source_id="47" start_line="12" end_line="12" start_column="38" end_column="42" covered="no" />
          </ranges>
        </function>
        <function id="21317" token="0x6000211" name="get_UmumiMebleg()" namespace="AzAgroPOS.Mentiq.DTOs" type_name="SatisYaratDto" block_coverage="0.00" line_coverage="0.00" blocks_covered="0" blocks_not_covered="1" lines_covered="0" lines_partially_covered="0" lines_not_covered="1">
          <ranges>
            <range source_id="47" start_line="14" end_line="14" start_column="38" end_column="42" covered="no" />
          </ranges>
        </function>
        <function id="21325" token="0x6000212" name="set_UmumiMebleg(decimal)" namespace="AzAgroPOS.Mentiq.DTOs" type_name="SatisYaratDto" block_coverage="100.00" line_coverage="100.00" blocks_covered="1" blocks_not_covered="0" lines_covered="1" lines_partially_covered="0" lines_not_covered="0">
          <ranges>
            <range source_id="47" start_line="14" end_line="14" start_column="43" end_column="47" covered="yes" />
          </ranges>
        </function>
        <function id="21334" token="0x6000213" name="get_Endirim()" namespace="AzAgroPOS.Mentiq.DTOs" type_name="SatisYaratDto" block_coverage="0.00" line_coverage="0.00" blocks_covered="0" blocks_not_covered="1" lines_covered="0" lines_partially_covered="0" lines_not_covered="1">
          <ranges>
            <range source_id="47" start_line="16" end_line="16" start_column="34" end_column="38" covered="no" />
          </ranges>
        </function>
        <function id="21342" token="0x6000214" name="set_Endirim(decimal)" namespace="AzAgroPOS.Mentiq.DTOs" type_name="SatisYaratDto" block_coverage="0.00" line_coverage="0.00" blocks_covered="0" blocks_not_covered="1" lines_covered="0" lines_partially_covered="0" lines_not_covered="1">
          <ranges>
            <range source_id="47" start_line="16" end_line="16" start_column="39" end_column="43" covered="no" />
          </ranges>
        </function>
        <function id="21351" token="0x6000215" name="get_YekunMebleg()" namespace="AzAgroPOS.Mentiq.DTOs" type_name="SatisYaratDto" block_coverage="0.00" line_coverage="0.00" blocks_covered="0" blocks_not_covered="1" lines_covered="0" lines_partially_covered="0" lines_not_covered="1">
          <ranges>
            <range source_id="47" start_line="18" end_line="18" start_column="38" end_column="42" covered="no" />
          </ranges>
        </function>
        <function id="21359" token="0x6000216" name="set_YekunMebleg(decimal)" namespace="AzAgroPOS.Mentiq.DTOs" type_name="SatisYaratDto" block_coverage="100.00" line_coverage="100.00" blocks_covered="1" blocks_not_covered="0" lines_covered="1" lines_partially_covered="0" lines_not_covered="0">
          <ranges>
            <range source_id="47" start_line="18" end_line="18" start_column="43" end_column="47" covered="yes" />
          </ranges>
        </function>
        <function id="21368" token="0x6000217" name="SatisYaratDto()" namespace="AzAgroPOS.Mentiq.DTOs" type_name="SatisYaratDto" block_coverage="100.00" line_coverage="100.00" blocks_covered="3" blocks_not_covered="0" lines_covered="1" lines_partially_covered="0" lines_not_covered="0">
          <ranges>
            <range source_id="47" start_line="7" end_line="7" start_column="78" end_column="112" covered="yes" />
          </ranges>
        </function>
        <function id="21388" token="0x6000218" name="get_Id()" namespace="AzAgroPOS.Mentiq.DTOs" type_name="TedarukcuDto" block_coverage="0.00" line_coverage="0.00" blocks_covered="0" blocks_not_covered="1" lines_covered="0" lines_partially_covered="0" lines_not_covered="1">
          <ranges>
            <range source_id="48" start_line="11" end_line="11" start_column="21" end_column="25" covered="no" />
          </ranges>
        </function>
        <function id="21396" token="0x6000219" name="set_Id(int)" namespace="AzAgroPOS.Mentiq.DTOs" type_name="TedarukcuDto" block_coverage="0.00" line_coverage="0.00" blocks_covered="0" blocks_not_covered="1" lines_covered="0" lines_partially_covered="0" lines_not_covered="1">
          <ranges>
            <range source_id="48" start_line="11" end_line="11" start_column="26" end_column="30" covered="no" />
          </ranges>
        </function>
        <function id="21405" token="0x600021a" name="get_Ad()" namespace="AzAgroPOS.Mentiq.DTOs" type_name="TedarukcuDto" block_coverage="0.00" line_coverage="0.00" blocks_covered="0" blocks_not_covered="1" lines_covered="0" lines_partially_covered="0" lines_not_covered="1">
          <ranges>
            <range source_id="48" start_line="16" end_line="16" start_column="24" end_column="28" covered="no" />
          </ranges>
        </function>
        <function id="21413" token="0x600021b" name="set_Ad(string)" namespace="AzAgroPOS.Mentiq.DTOs" type_name="TedarukcuDto" block_coverage="0.00" line_coverage="0.00" blocks_covered="0" blocks_not_covered="1" lines_covered="0" lines_partially_covered="0" lines_not_covered="1">
          <ranges>
            <range source_id="48" start_line="16" end_line="16" start_column="29" end_column="33" covered="no" />
          </ranges>
        </function>
        <function id="21422" token="0x600021c" name="get_Voen()" namespace="AzAgroPOS.Mentiq.DTOs" type_name="TedarukcuDto" block_coverage="0.00" line_coverage="0.00" blocks_covered="0" blocks_not_covered="1" lines_covered="0" lines_partially_covered="0" lines_not_covered="1">
          <ranges>
            <range source_id="48" start_line="21" end_line="21" start_column="27" end_column="31" covered="no" />
          </ranges>
        </function>
        <function id="21430" token="0x600021d" name="set_Voen(string)" namespace="AzAgroPOS.Mentiq.DTOs" type_name="TedarukcuDto" block_coverage="0.00" line_coverage="0.00" blocks_covered="0" blocks_not_covered="1" lines_covered="0" lines_partially_covered="0" lines_not_covered="1">
          <ranges>
            <range source_id="48" start_line="21" end_line="21" start_column="32" end_column="36" covered="no" />
          </ranges>
        </function>
        <function id="21439" token="0x600021e" name="get_Unvan()" namespace="AzAgroPOS.Mentiq.DTOs" type_name="TedarukcuDto" block_coverage="0.00" line_coverage="0.00" blocks_covered="0" blocks_not_covered="1" lines_covered="0" lines_partially_covered="0" lines_not_covered="1">
          <ranges>
            <range source_id="48" start_line="26" end_line="26" start_column="28" end_column="32" covered="no" />
          </ranges>
        </function>
        <function id="21447" token="0x600021f" name="set_Unvan(string)" namespace="AzAgroPOS.Mentiq.DTOs" type_name="TedarukcuDto" block_coverage="0.00" line_coverage="0.00" blocks_covered="0" blocks_not_covered="1" lines_covered="0" lines_partially_covered="0" lines_not_covered="1">
          <ranges>
            <range source_id="48" start_line="26" end_line="26" start_column="33" end_column="37" covered="no" />
          </ranges>
        </function>
        <function id="21456" token="0x6000220" name="get_Telefon()" namespace="AzAgroPOS.Mentiq.DTOs" type_name="TedarukcuDto" block_coverage="0.00" line_coverage="0.00" blocks_covered="0" blocks_not_covered="1" lines_covered="0" lines_partially_covered="0" lines_not_covered="1">
          <ranges>
            <range source_id="48" start_line="31" end_line="31" start_column="30" end_column="34" covered="no" />
          </ranges>
        </function>
        <function id="21464" token="0x6000221" name="set_Telefon(string)" namespace="AzAgroPOS.Mentiq.DTOs" type_name="TedarukcuDto" block_coverage="0.00" line_coverage="0.00" blocks_covered="0" blocks_not_covered="1" lines_covered="0" lines_partially_covered="0" lines_not_covered="1">
          <ranges>
            <range source_id="48" start_line="31" end_line="31" start_column="35" end_column="39" covered="no" />
          </ranges>
        </function>
        <function id="21473" token="0x6000222" name="get_Email()" namespace="AzAgroPOS.Mentiq.DTOs" type_name="TedarukcuDto" block_coverage="0.00" line_coverage="0.00" blocks_covered="0" blocks_not_covered="1" lines_covered="0" lines_partially_covered="0" lines_not_covered="1">
          <ranges>
            <range source_id="48" start_line="36" end_line="36" start_column="28" end_column="32" covered="no" />
          </ranges>
        </function>
        <function id="21481" token="0x6000223" name="set_Email(string)" namespace="AzAgroPOS.Mentiq.DTOs" type_name="TedarukcuDto" block_coverage="0.00" line_coverage="0.00" blocks_covered="0" blocks_not_covered="1" lines_covered="0" lines_partially_covered="0" lines_not_covered="1">
          <ranges>
            <range source_id="48" start_line="36" end_line="36" start_column="33" end_column="37" covered="no" />
          </ranges>
        </function>
        <function id="21490" token="0x6000224" name="get_BankHesabi()" namespace="AzAgroPOS.Mentiq.DTOs" type_name="TedarukcuDto" block_coverage="0.00" line_coverage="0.00" blocks_covered="0" blocks_not_covered="1" lines_covered="0" lines_partially_covered="0" lines_not_covered="1">
          <ranges>
            <range source_id="48" start_line="41" end_line="41" start_column="33" end_column="37" covered="no" />
          </ranges>
        </function>
        <function id="21498" token="0x6000225" name="set_BankHesabi(string)" namespace="AzAgroPOS.Mentiq.DTOs" type_name="TedarukcuDto" block_coverage="0.00" line_coverage="0.00" blocks_covered="0" blocks_not_covered="1" lines_covered="0" lines_partially_covered="0" lines_not_covered="1">
          <ranges>
            <range source_id="48" start_line="41" end_line="41" start_column="38" end_column="42" covered="no" />
          </ranges>
        </function>
        <function id="21507" token="0x6000226" name="get_Aktivdir()" namespace="AzAgroPOS.Mentiq.DTOs" type_name="TedarukcuDto" block_coverage="0.00" line_coverage="0.00" blocks_covered="0" blocks_not_covered="1" lines_covered="0" lines_partially_covered="0" lines_not_covered="1">
          <ranges>
            <range source_id="48" start_line="46" end_line="46" start_column="28" end_column="32" covered="no" />
          </ranges>
        </function>
        <function id="21515" token="0x6000227" name="set_Aktivdir(bool)" namespace="AzAgroPOS.Mentiq.DTOs" type_name="TedarukcuDto" block_coverage="0.00" line_coverage="0.00" blocks_covered="0" blocks_not_covered="1" lines_covered="0" lines_partially_covered="0" lines_not_covered="1">
          <ranges>
            <range source_id="48" start_line="46" end_line="46" start_column="33" end_column="37" covered="no" />
          </ranges>
        </function>
        <function id="21524" token="0x6000228" name="TedarukcuDto()" namespace="AzAgroPOS.Mentiq.DTOs" type_name="TedarukcuDto" block_coverage="0.00" line_coverage="0.00" blocks_covered="0" blocks_not_covered="2" lines_covered="0" lines_partially_covered="0" lines_not_covered="2">
          <ranges>
            <range source_id="48" start_line="16" end_line="16" start_column="38" end_column="50" covered="no" />
            <range source_id="48" start_line="46" end_line="46" start_column="42" end_column="46" covered="no" />
          </ranges>
        </function>
        <function id="21551" token="0x6000229" name="get_Id()" namespace="AzAgroPOS.Mentiq.DTOs" type_name="TedarukcuOdemeDto" block_coverage="0.00" line_coverage="0.00" blocks_covered="0" blocks_not_covered="1" lines_covered="0" lines_partially_covered="0" lines_not_covered="1">
          <ranges>
            <range source_id="49" start_line="15" end_line="15" start_column="21" end_column="25" covered="no" />
          </ranges>
        </function>
        <function id="21559" token="0x600022a" name="set_Id(int)" namespace="AzAgroPOS.Mentiq.DTOs" type_name="TedarukcuOdemeDto" block_coverage="0.00" line_coverage="0.00" blocks_covered="0" blocks_not_covered="1" lines_covered="0" lines_partially_covered="0" lines_not_covered="1">
          <ranges>
            <range source_id="49" start_line="15" end_line="15" start_column="26" end_column="30" covered="no" />
          </ranges>
        </function>
        <function id="21568" token="0x600022b" name="get_OdemeNomresi()" namespace="AzAgroPOS.Mentiq.DTOs" type_name="TedarukcuOdemeDto" block_coverage="0.00" line_coverage="0.00" blocks_covered="0" blocks_not_covered="1" lines_covered="0" lines_partially_covered="0" lines_not_covered="1">
          <ranges>
            <range source_id="49" start_line="20" end_line="20" start_column="34" end_column="38" covered="no" />
          </ranges>
        </function>
        <function id="21576" token="0x600022c" name="set_OdemeNomresi(string)" namespace="AzAgroPOS.Mentiq.DTOs" type_name="TedarukcuOdemeDto" block_coverage="0.00" line_coverage="0.00" blocks_covered="0" blocks_not_covered="1" lines_covered="0" lines_partially_covered="0" lines_not_covered="1">
          <ranges>
            <range source_id="49" start_line="20" end_line="20" start_column="39" end_column="43" covered="no" />
          </ranges>
        </function>
        <function id="21585" token="0x600022d" name="get_YaradilmaTarixi()" namespace="AzAgroPOS.Mentiq.DTOs" type_name="TedarukcuOdemeDto" block_coverage="0.00" line_coverage="0.00" blocks_covered="0" blocks_not_covered="1" lines_covered="0" lines_partially_covered="0" lines_not_covered="1">
          <ranges>
            <range source_id="49" start_line="25" end_line="25" start_column="39" end_column="43" covered="no" />
          </ranges>
        </function>
        <function id="21593" token="0x600022e" name="set_YaradilmaTarixi(System.DateTime)" namespace="AzAgroPOS.Mentiq.DTOs" type_name="TedarukcuOdemeDto" block_coverage="0.00" line_coverage="0.00" blocks_covered="0" blocks_not_covered="1" lines_covered="0" lines_partially_covered="0" lines_not_covered="1">
          <ranges>
            <range source_id="49" start_line="25" end_line="25" start_column="44" end_column="48" covered="no" />
          </ranges>
        </function>
        <function id="21602" token="0x600022f" name="get_TedarukcuId()" namespace="AzAgroPOS.Mentiq.DTOs" type_name="TedarukcuOdemeDto" block_coverage="0.00" line_coverage="0.00" blocks_covered="0" blocks_not_covered="1" lines_covered="0" lines_partially_covered="0" lines_not_covered="1">
          <ranges>
            <range source_id="49" start_line="30" end_line="30" start_column="30" end_column="34" covered="no" />
          </ranges>
        </function>
        <function id="21610" token="0x6000230" name="set_TedarukcuId(int)" namespace="AzAgroPOS.Mentiq.DTOs" type_name="TedarukcuOdemeDto" block_coverage="0.00" line_coverage="0.00" blocks_covered="0" blocks_not_covered="1" lines_covered="0" lines_partially_covered="0" lines_not_covered="1">
          <ranges>
            <range source_id="49" start_line="30" end_line="30" start_column="35" end_column="39" covered="no" />
          </ranges>
        </function>
        <function id="21619" token="0x6000231" name="get_TedarukcuAdi()" namespace="AzAgroPOS.Mentiq.DTOs" type_name="TedarukcuOdemeDto" block_coverage="0.00" line_coverage="0.00" blocks_covered="0" blocks_not_covered="1" lines_covered="0" lines_partially_covered="0" lines_not_covered="1">
          <ranges>
            <range source_id="49" start_line="35" end_line="35" start_column="34" end_column="38" covered="no" />
          </ranges>
        </function>
        <function id="21627" token="0x6000232" name="set_TedarukcuAdi(string)" namespace="AzAgroPOS.Mentiq.DTOs" type_name="TedarukcuOdemeDto" block_coverage="0.00" line_coverage="0.00" blocks_covered="0" blocks_not_covered="1" lines_covered="0" lines_partially_covered="0" lines_not_covered="1">
          <ranges>
            <range source_id="49" start_line="35" end_line="35" start_column="39" end_column="43" covered="no" />
          </ranges>
        </function>
        <function id="21636" token="0x6000233" name="get_AlisSenedId()" namespace="AzAgroPOS.Mentiq.DTOs" type_name="TedarukcuOdemeDto" block_coverage="0.00" line_coverage="0.00" blocks_covered="0" blocks_not_covered="1" lines_covered="0" lines_partially_covered="0" lines_not_covered="1">
          <ranges>
            <range source_id="49" start_line="40" end_line="40" start_column="31" end_column="35" covered="no" />
          </ranges>
        </function>
        <function id="21644" token="0x6000234" name="set_AlisSenedId(System.Nullable&lt;int&gt;)" namespace="AzAgroPOS.Mentiq.DTOs" type_name="TedarukcuOdemeDto" block_coverage="0.00" line_coverage="0.00" blocks_covered="0" blocks_not_covered="1" lines_covered="0" lines_partially_covered="0" lines_not_covered="1">
          <ranges>
            <range source_id="49" start_line="40" end_line="40" start_column="36" end_column="40" covered="no" />
          </ranges>
        </function>
        <function id="21653" token="0x6000235" name="get_AlisSenedNomresi()" namespace="AzAgroPOS.Mentiq.DTOs" type_name="TedarukcuOdemeDto" block_coverage="0.00" line_coverage="0.00" blocks_covered="0" blocks_not_covered="1" lines_covered="0" lines_partially_covered="0" lines_not_covered="1">
          <ranges>
            <range source_id="49" start_line="45" end_line="45" start_column="39" end_column="43" covered="no" />
          </ranges>
        </function>
        <function id="21661" token="0x6000236" name="set_AlisSenedNomresi(string)" namespace="AzAgroPOS.Mentiq.DTOs" type_name="TedarukcuOdemeDto" block_coverage="0.00" line_coverage="0.00" blocks_covered="0" blocks_not_covered="1" lines_covered="0" lines_partially_covered="0" lines_not_covered="1">
          <ranges>
            <range source_id="49" start_line="45" end_line="45" start_column="44" end_column="48" covered="no" />
          </ranges>
        </function>
        <function id="21670" token="0x6000237" name="get_OdemeTarixi()" namespace="AzAgroPOS.Mentiq.DTOs" type_name="TedarukcuOdemeDto" block_coverage="0.00" line_coverage="0.00" blocks_covered="0" blocks_not_covered="1" lines_covered="0" lines_partially_covered="0" lines_not_covered="1">
          <ranges>
            <range source_id="49" start_line="50" end_line="50" start_column="35" end_column="39" covered="no" />
          </ranges>
        </function>
        <function id="21678" token="0x6000238" name="set_OdemeTarixi(System.DateTime)" namespace="AzAgroPOS.Mentiq.DTOs" type_name="TedarukcuOdemeDto" block_coverage="0.00" line_coverage="0.00" blocks_covered="0" blocks_not_covered="1" lines_covered="0" lines_partially_covered="0" lines_not_covered="1">
          <ranges>
            <range source_id="49" start_line="50" end_line="50" start_column="40" end_column="44" covered="no" />
          </ranges>
        </function>
        <function id="21687" token="0x6000239" name="get_Mebleg()" namespace="AzAgroPOS.Mentiq.DTOs" type_name="TedarukcuOdemeDto" block_coverage="0.00" line_coverage="0.00" blocks_covered="0" blocks_not_covered="1" lines_covered="0" lines_partially_covered="0" lines_not_covered="1">
          <ranges>
            <range source_id="49" start_line="55" end_line="55" start_column="29" end_column="33" covered="no" />
          </ranges>
        </function>
        <function id="21695" token="0x600023a" name="set_Mebleg(decimal)" namespace="AzAgroPOS.Mentiq.DTOs" type_name="TedarukcuOdemeDto" block_coverage="0.00" line_coverage="0.00" blocks_covered="0" blocks_not_covered="1" lines_covered="0" lines_partially_covered="0" lines_not_covered="1">
          <ranges>
            <range source_id="49" start_line="55" end_line="55" start_column="34" end_column="38" covered="no" />
          </ranges>
        </function>
        <function id="21704" token="0x600023b" name="get_OdemeUsulu()" namespace="AzAgroPOS.Mentiq.DTOs" type_name="TedarukcuOdemeDto" block_coverage="0.00" line_coverage="0.00" blocks_covered="0" blocks_not_covered="1" lines_covered="0" lines_partially_covered="0" lines_not_covered="1">
          <ranges>
            <range source_id="49" start_line="60" end_line="60" start_column="36" end_column="40" covered="no" />
          </ranges>
        </function>
        <function id="21712" token="0x600023c" name="set_OdemeUsulu(AzAgroPOS.Varliglar.OdemeUsulu)" namespace="AzAgroPOS.Mentiq.DTOs" type_name="TedarukcuOdemeDto" block_coverage="0.00" line_coverage="0.00" blocks_covered="0" blocks_not_covered="1" lines_covered="0" lines_partially_covered="0" lines_not_covered="1">
          <ranges>
            <range source_id="49" start_line="60" end_line="60" start_column="41" end_column="45" covered="no" />
          </ranges>
        </function>
        <function id="21721" token="0x600023d" name="get_Status()" namespace="AzAgroPOS.Mentiq.DTOs" type_name="TedarukcuOdemeDto" block_coverage="0.00" line_coverage="0.00" blocks_covered="0" blocks_not_covered="1" lines_covered="0" lines_partially_covered="0" lines_not_covered="1">
          <ranges>
            <range source_id="49" start_line="65" end_line="65" start_column="34" end_column="38" covered="no" />
          </ranges>
        </function>
        <function id="21729" token="0x600023e" name="set_Status(AzAgroPOS.Varliglar.OdemeStatusu)" namespace="AzAgroPOS.Mentiq.DTOs" type_name="TedarukcuOdemeDto" block_coverage="0.00" line_coverage="0.00" blocks_covered="0" blocks_not_covered="1" lines_covered="0" lines_partially_covered="0" lines_not_covered="1">
          <ranges>
            <range source_id="49" start_line="65" end_line="65" start_column="39" end_column="43" covered="no" />
          </ranges>
        </function>
        <function id="21738" token="0x600023f" name="get_Qeydler()" namespace="AzAgroPOS.Mentiq.DTOs" type_name="TedarukcuOdemeDto" block_coverage="0.00" line_coverage="0.00" blocks_covered="0" blocks_not_covered="1" lines_covered="0" lines_partially_covered="0" lines_not_covered="1">
          <ranges>
            <range source_id="49" start_line="70" end_line="70" start_column="30" end_column="34" covered="no" />
          </ranges>
        </function>
        <function id="21746" token="0x6000240" name="set_Qeydler(string)" namespace="AzAgroPOS.Mentiq.DTOs" type_name="TedarukcuOdemeDto" block_coverage="0.00" line_coverage="0.00" blocks_covered="0" blocks_not_covered="1" lines_covered="0" lines_partially_covered="0" lines_not_covered="1">
          <ranges>
            <range source_id="49" start_line="70" end_line="70" start_column="35" end_column="39" covered="no" />
          </ranges>
        </function>
        <function id="21755" token="0x6000241" name="get_BankMelumatlari()" namespace="AzAgroPOS.Mentiq.DTOs" type_name="TedarukcuOdemeDto" block_coverage="0.00" line_coverage="0.00" blocks_covered="0" blocks_not_covered="1" lines_covered="0" lines_partially_covered="0" lines_not_covered="1">
          <ranges>
            <range source_id="49" start_line="75" end_line="75" start_column="38" end_column="42" covered="no" />
          </ranges>
        </function>
        <function id="21763" token="0x6000242" name="set_BankMelumatlari(string)" namespace="AzAgroPOS.Mentiq.DTOs" type_name="TedarukcuOdemeDto" block_coverage="0.00" line_coverage="0.00" blocks_covered="0" blocks_not_covered="1" lines_covered="0" lines_partially_covered="0" lines_not_covered="1">
          <ranges>
            <range source_id="49" start_line="75" end_line="75" start_column="43" end_column="47" covered="no" />
          </ranges>
        </function>
        <function id="21772" token="0x6000243" name="TedarukcuOdemeDto()" namespace="AzAgroPOS.Mentiq.DTOs" type_name="TedarukcuOdemeDto" block_coverage="0.00" line_coverage="0.00" blocks_covered="0" blocks_not_covered="4" lines_covered="0" lines_partially_covered="0" lines_not_covered="6">
          <ranges>
            <range source_id="49" start_line="20" end_line="20" start_column="48" end_column="60" covered="no" />
            <range source_id="49" start_line="25" end_line="25" start_column="53" end_column="65" covered="no" />
            <range source_id="49" start_line="35" end_line="35" start_column="48" end_column="60" covered="no" />
            <range source_id="49" start_line="50" end_line="50" start_column="49" end_column="61" covered="no" />
            <range source_id="49" start_line="60" end_line="60" start_column="50" end_column="65" covered="no" />
            <range source_id="49" start_line="65" end_line="65" start_column="48" end_column="70" covered="no" />
          </ranges>
        </function>
        <function id="21850" token="0x6000244" name="get_Id()" namespace="AzAgroPOS.Mentiq.DTOs" type_name="TemirDto" block_coverage="0.00" line_coverage="0.00" blocks_covered="0" blocks_not_covered="1" lines_covered="0" lines_partially_covered="0" lines_not_covered="1">
          <ranges>
            <range source_id="50" start_line="13" end_line="13" start_column="21" end_column="25" covered="no" />
          </ranges>
        </function>
        <function id="21858" token="0x6000245" name="set_Id(int)" namespace="AzAgroPOS.Mentiq.DTOs" type_name="TemirDto" block_coverage="0.00" line_coverage="0.00" blocks_covered="0" blocks_not_covered="1" lines_covered="0" lines_partially_covered="0" lines_not_covered="1">
          <ranges>
            <range source_id="50" start_line="13" end_line="13" start_column="26" end_column="30" covered="no" />
          </ranges>
        </function>
        <function id="21867" token="0x6000246" name="get_MusteriAdi()" namespace="AzAgroPOS.Mentiq.DTOs" type_name="TemirDto" block_coverage="0.00" line_coverage="0.00" blocks_covered="0" blocks_not_covered="1" lines_covered="0" lines_partially_covered="0" lines_not_covered="1">
          <ranges>
            <range source_id="50" start_line="17" end_line="17" start_column="32" end_column="36" covered="no" />
          </ranges>
        </function>
        <function id="21875" token="0x6000247" name="set_MusteriAdi(string)" namespace="AzAgroPOS.Mentiq.DTOs" type_name="TemirDto" block_coverage="0.00" line_coverage="0.00" blocks_covered="0" blocks_not_covered="1" lines_covered="0" lines_partially_covered="0" lines_not_covered="1">
          <ranges>
            <range source_id="50" start_line="17" end_line="17" start_column="37" end_column="41" covered="no" />
          </ranges>
        </function>
        <function id="21884" token="0x6000248" name="get_MusteriTelefonu()" namespace="AzAgroPOS.Mentiq.DTOs" type_name="TemirDto" block_coverage="0.00" line_coverage="0.00" blocks_covered="0" blocks_not_covered="1" lines_covered="0" lines_partially_covered="0" lines_not_covered="1">
          <ranges>
            <range source_id="50" start_line="21" end_line="21" start_column="37" end_column="41" covered="no" />
          </ranges>
        </function>
        <function id="21892" token="0x6000249" name="set_MusteriTelefonu(string)" namespace="AzAgroPOS.Mentiq.DTOs" type_name="TemirDto" block_coverage="0.00" line_coverage="0.00" blocks_covered="0" blocks_not_covered="1" lines_covered="0" lines_partially_covered="0" lines_not_covered="1">
          <ranges>
            <range source_id="50" start_line="21" end_line="21" start_column="42" end_column="46" covered="no" />
          </ranges>
        </function>
        <function id="21901" token="0x600024a" name="get_CihazAdi()" namespace="AzAgroPOS.Mentiq.DTOs" type_name="TemirDto" block_coverage="0.00" line_coverage="0.00" blocks_covered="0" blocks_not_covered="1" lines_covered="0" lines_partially_covered="0" lines_not_covered="1">
          <ranges>
            <range source_id="50" start_line="25" end_line="25" start_column="30" end_column="34" covered="no" />
          </ranges>
        </function>
        <function id="21909" token="0x600024b" name="set_CihazAdi(string)" namespace="AzAgroPOS.Mentiq.DTOs" type_name="TemirDto" block_coverage="0.00" line_coverage="0.00" blocks_covered="0" blocks_not_covered="1" lines_covered="0" lines_partially_covered="0" lines_not_covered="1">
          <ranges>
            <range source_id="50" start_line="25" end_line="25" start_column="35" end_column="39" covered="no" />
          </ranges>
        </function>
        <function id="21918" token="0x600024c" name="get_SeriyaNomresi()" namespace="AzAgroPOS.Mentiq.DTOs" type_name="TemirDto" block_coverage="0.00" line_coverage="0.00" blocks_covered="0" blocks_not_covered="1" lines_covered="0" lines_partially_covered="0" lines_not_covered="1">
          <ranges>
            <range source_id="50" start_line="29" end_line="29" start_column="35" end_column="39" covered="no" />
          </ranges>
        </function>
        <function id="21926" token="0x600024d" name="set_SeriyaNomresi(string)" namespace="AzAgroPOS.Mentiq.DTOs" type_name="TemirDto" block_coverage="0.00" line_coverage="0.00" blocks_covered="0" blocks_not_covered="1" lines_covered="0" lines_partially_covered="0" lines_not_covered="1">
          <ranges>
            <range source_id="50" start_line="29" end_line="29" start_column="40" end_column="44" covered="no" />
          </ranges>
        </function>
        <function id="21935" token="0x600024e" name="get_ProblemTesviri()" namespace="AzAgroPOS.Mentiq.DTOs" type_name="TemirDto" block_coverage="0.00" line_coverage="0.00" blocks_covered="0" blocks_not_covered="1" lines_covered="0" lines_partially_covered="0" lines_not_covered="1">
          <ranges>
            <range source_id="50" start_line="33" end_line="33" start_column="36" end_column="40" covered="no" />
          </ranges>
        </function>
        <function id="21943" token="0x600024f" name="set_ProblemTesviri(string)" namespace="AzAgroPOS.Mentiq.DTOs" type_name="TemirDto" block_coverage="0.00" line_coverage="0.00" blocks_covered="0" blocks_not_covered="1" lines_covered="0" lines_partially_covered="0" lines_not_covered="1">
          <ranges>
            <range source_id="50" start_line="33" end_line="33" start_column="41" end_column="45" covered="no" />
          </ranges>
        </function>
        <function id="21952" token="0x6000250" name="get_QebulTarixi()" namespace="AzAgroPOS.Mentiq.DTOs" type_name="TemirDto" block_coverage="0.00" line_coverage="0.00" blocks_covered="0" blocks_not_covered="1" lines_covered="0" lines_partially_covered="0" lines_not_covered="1">
          <ranges>
            <range source_id="50" start_line="37" end_line="37" start_column="35" end_column="39" covered="no" />
          </ranges>
        </function>
        <function id="21960" token="0x6000251" name="set_QebulTarixi(System.DateTime)" namespace="AzAgroPOS.Mentiq.DTOs" type_name="TemirDto" block_coverage="0.00" line_coverage="0.00" blocks_covered="0" blocks_not_covered="1" lines_covered="0" lines_partially_covered="0" lines_not_covered="1">
          <ranges>
            <range source_id="50" start_line="37" end_line="37" start_column="40" end_column="44" covered="no" />
          </ranges>
        </function>
        <function id="21969" token="0x6000252" name="get_Status()" namespace="AzAgroPOS.Mentiq.DTOs" type_name="TemirDto" block_coverage="0.00" line_coverage="0.00" blocks_covered="0" blocks_not_covered="1" lines_covered="0" lines_partially_covered="0" lines_not_covered="1">
          <ranges>
            <range source_id="50" start_line="41" end_line="41" start_column="34" end_column="38" covered="no" />
          </ranges>
        </function>
        <function id="21977" token="0x6000253" name="set_Status(AzAgroPOS.Varliglar.TemirStatusu)" namespace="AzAgroPOS.Mentiq.DTOs" type_name="TemirDto" block_coverage="0.00" line_coverage="0.00" blocks_covered="0" blocks_not_covered="1" lines_covered="0" lines_partially_covered="0" lines_not_covered="1">
          <ranges>
            <range source_id="50" start_line="41" end_line="41" start_column="39" end_column="43" covered="no" />
          </ranges>
        </function>
        <function id="21986" token="0x6000254" name="get_TemirXerci()" namespace="AzAgroPOS.Mentiq.DTOs" type_name="TemirDto" block_coverage="0.00" line_coverage="0.00" blocks_covered="0" blocks_not_covered="1" lines_covered="0" lines_partially_covered="0" lines_not_covered="1">
          <ranges>
            <range source_id="50" start_line="45" end_line="45" start_column="33" end_column="37" covered="no" />
          </ranges>
        </function>
        <function id="21994" token="0x6000255" name="set_TemirXerci(decimal)" namespace="AzAgroPOS.Mentiq.DTOs" type_name="TemirDto" block_coverage="0.00" line_coverage="0.00" blocks_covered="0" blocks_not_covered="1" lines_covered="0" lines_partially_covered="0" lines_not_covered="1">
          <ranges>
            <range source_id="50" start_line="45" end_line="45" start_column="38" end_column="42" covered="no" />
          </ranges>
        </function>
        <function id="22003" token="0x6000256" name="get_ServisHaqqi()" namespace="AzAgroPOS.Mentiq.DTOs" type_name="TemirDto" block_coverage="0.00" line_coverage="0.00" blocks_covered="0" blocks_not_covered="1" lines_covered="0" lines_partially_covered="0" lines_not_covered="1">
          <ranges>
            <range source_id="50" start_line="49" end_line="49" start_column="34" end_column="38" covered="no" />
          </ranges>
        </function>
        <function id="22011" token="0x6000257" name="set_ServisHaqqi(decimal)" namespace="AzAgroPOS.Mentiq.DTOs" type_name="TemirDto" block_coverage="0.00" line_coverage="0.00" blocks_covered="0" blocks_not_covered="1" lines_covered="0" lines_partially_covered="0" lines_not_covered="1">
          <ranges>
            <range source_id="50" start_line="49" end_line="49" start_column="39" end_column="43" covered="no" />
          </ranges>
        </function>
        <function id="22020" token="0x6000258" name="get_YekunMebleg()" namespace="AzAgroPOS.Mentiq.DTOs" type_name="TemirDto" block_coverage="0.00" line_coverage="0.00" blocks_covered="0" blocks_not_covered="1" lines_covered="0" lines_partially_covered="0" lines_not_covered="1">
          <ranges>
            <range source_id="50" start_line="53" end_line="53" start_column="34" end_column="38" covered="no" />
          </ranges>
        </function>
        <function id="22028" token="0x6000259" name="set_YekunMebleg(decimal)" namespace="AzAgroPOS.Mentiq.DTOs" type_name="TemirDto" block_coverage="0.00" line_coverage="0.00" blocks_covered="0" blocks_not_covered="1" lines_covered="0" lines_partially_covered="0" lines_not_covered="1">
          <ranges>
            <range source_id="50" start_line="53" end_line="53" start_column="39" end_column="43" covered="no" />
          </ranges>
        </function>
        <function id="22037" token="0x600025a" name="get_ZemanetMuddeti()" namespace="AzAgroPOS.Mentiq.DTOs" type_name="TemirDto" block_coverage="0.00" line_coverage="0.00" blocks_covered="0" blocks_not_covered="1" lines_covered="0" lines_partially_covered="0" lines_not_covered="1">
          <ranges>
            <range source_id="50" start_line="57" end_line="57" start_column="34" end_column="38" covered="no" />
          </ranges>
        </function>
        <function id="22045" token="0x600025b" name="set_ZemanetMuddeti(System.Nullable&lt;int&gt;)" namespace="AzAgroPOS.Mentiq.DTOs" type_name="TemirDto" block_coverage="0.00" line_coverage="0.00" blocks_covered="0" blocks_not_covered="1" lines_covered="0" lines_partially_covered="0" lines_not_covered="1">
          <ranges>
            <range source_id="50" start_line="57" end_line="57" start_column="39" end_column="43" covered="no" />
          </ranges>
        </function>
        <function id="22054" token="0x600025c" name="get_IsciId()" namespace="AzAgroPOS.Mentiq.DTOs" type_name="TemirDto" block_coverage="0.00" line_coverage="0.00" blocks_covered="0" blocks_not_covered="1" lines_covered="0" lines_partially_covered="0" lines_not_covered="1">
          <ranges>
            <range source_id="50" start_line="61" end_line="61" start_column="26" end_column="30" covered="no" />
          </ranges>
        </function>
        <function id="22062" token="0x600025d" name="set_IsciId(System.Nullable&lt;int&gt;)" namespace="AzAgroPOS.Mentiq.DTOs" type_name="TemirDto" block_coverage="0.00" line_coverage="0.00" blocks_covered="0" blocks_not_covered="1" lines_covered="0" lines_partially_covered="0" lines_not_covered="1">
          <ranges>
            <range source_id="50" start_line="61" end_line="61" start_column="31" end_column="35" covered="no" />
          </ranges>
        </function>
        <function id="22071" token="0x600025e" name="TemirDto()" namespace="AzAgroPOS.Mentiq.DTOs" type_name="TemirDto" block_coverage="0.00" line_coverage="0.00" blocks_covered="0" blocks_not_covered="2" lines_covered="0" lines_partially_covered="0" lines_not_covered="5">
          <ranges>
            <range source_id="50" start_line="17" end_line="17" start_column="46" end_column="58" covered="no" />
            <range source_id="50" start_line="21" end_line="21" start_column="51" end_column="63" covered="no" />
            <range source_id="50" start_line="25" end_line="25" start_column="44" end_column="56" covered="no" />
            <range source_id="50" start_line="29" end_line="29" start_column="49" end_column="61" covered="no" />
            <range source_id="50" start_line="33" end_line="33" start_column="50" end_column="62" covered="no" />
          </ranges>
        </function>
        <function id="22144" token="0x6000260" name="get_AcilmaTarixi()" namespace="AzAgroPOS.Mentiq.DTOs" type_name="ZHesabatDto" block_coverage="0.00" line_coverage="0.00" blocks_covered="0" blocks_not_covered="1" lines_covered="0" lines_partially_covered="0" lines_not_covered="1">
          <ranges>
            <range source_id="51" start_line="14" end_line="14" start_column="36" end_column="40" covered="no" />
          </ranges>
        </function>
        <function id="22152" token="0x6000261" name="set_AcilmaTarixi(System.DateTime)" namespace="AzAgroPOS.Mentiq.DTOs" type_name="ZHesabatDto" block_coverage="100.00" line_coverage="100.00" blocks_covered="1" blocks_not_covered="0" lines_covered="1" lines_partially_covered="0" lines_not_covered="0">
          <ranges>
            <range source_id="51" start_line="14" end_line="14" start_column="41" end_column="45" covered="yes" />
          </ranges>
        </function>
        <function id="22161" token="0x6000262" name="get_BaglanmaTarixi()" namespace="AzAgroPOS.Mentiq.DTOs" type_name="ZHesabatDto" block_coverage="0.00" line_coverage="0.00" blocks_covered="0" blocks_not_covered="1" lines_covered="0" lines_partially_covered="0" lines_not_covered="1">
          <ranges>
            <range source_id="51" start_line="18" end_line="18" start_column="38" end_column="42" covered="no" />
          </ranges>
        </function>
        <function id="22169" token="0x6000263" name="set_BaglanmaTarixi(System.DateTime)" namespace="AzAgroPOS.Mentiq.DTOs" type_name="ZHesabatDto" block_coverage="100.00" line_coverage="100.00" blocks_covered="1" blocks_not_covered="0" lines_covered="1" lines_partially_covered="0" lines_not_covered="0">
          <ranges>
            <range source_id="51" start_line="18" end_line="18" start_column="43" end_column="47" covered="yes" />
          </ranges>
        </function>
        <function id="22178" token="0x6000264" name="get_KassirAdi()" namespace="AzAgroPOS.Mentiq.DTOs" type_name="ZHesabatDto" block_coverage="0.00" line_coverage="0.00" blocks_covered="0" blocks_not_covered="1" lines_covered="0" lines_partially_covered="0" lines_not_covered="1">
          <ranges>
            <range source_id="51" start_line="22" end_line="22" start_column="31" end_column="35" covered="no" />
          </ranges>
        </function>
        <function id="22186" token="0x6000265" name="set_KassirAdi(string)" namespace="AzAgroPOS.Mentiq.DTOs" type_name="ZHesabatDto" block_coverage="100.00" line_coverage="100.00" blocks_covered="1" blocks_not_covered="0" lines_covered="1" lines_partially_covered="0" lines_not_covered="0">
          <ranges>
            <range source_id="51" start_line="22" end_line="22" start_column="36" end_column="40" covered="yes" />
          </ranges>
        </function>
        <function id="22195" token="0x6000266" name="get_BaslangicMebleg()" namespace="AzAgroPOS.Mentiq.DTOs" type_name="ZHesabatDto" block_coverage="0.00" line_coverage="0.00" blocks_covered="0" blocks_not_covered="1" lines_covered="0" lines_partially_covered="0" lines_not_covered="1">
          <ranges>
            <range source_id="51" start_line="26" end_line="26" start_column="38" end_column="42" covered="no" />
          </ranges>
        </function>
        <function id="22203" token="0x6000267" name="set_BaslangicMebleg(decimal)" namespace="AzAgroPOS.Mentiq.DTOs" type_name="ZHesabatDto" block_coverage="100.00" line_coverage="100.00" blocks_covered="1" blocks_not_covered="0" lines_covered="1" lines_partially_covered="0" lines_not_covered="0">
          <ranges>
            <range source_id="51" start_line="26" end_line="26" start_column="43" end_column="47" covered="yes" />
          </ranges>
        </function>
        <function id="22212" token="0x6000268" name="get_SatisSayi()" namespace="AzAgroPOS.Mentiq.DTOs" type_name="ZHesabatDto" block_coverage="0.00" line_coverage="0.00" blocks_covered="0" blocks_not_covered="1" lines_covered="0" lines_partially_covered="0" lines_not_covered="1">
          <ranges>
            <range source_id="51" start_line="30" end_line="30" start_column="28" end_column="32" covered="no" />
          </ranges>
        </function>
        <function id="22220" token="0x6000269" name="set_SatisSayi(int)" namespace="AzAgroPOS.Mentiq.DTOs" type_name="ZHesabatDto" block_coverage="100.00" line_coverage="100.00" blocks_covered="1" blocks_not_covered="0" lines_covered="1" lines_partially_covered="0" lines_not_covered="0">
          <ranges>
            <range source_id="51" start_line="30" end_line="30" start_column="33" end_column="37" covered="yes" />
          </ranges>
        </function>
        <function id="22229" token="0x600026a" name="get_NagdSatislar()" namespace="AzAgroPOS.Mentiq.DTOs" type_name="ZHesabatDto" block_coverage="0.00" line_coverage="0.00" blocks_covered="0" blocks_not_covered="1" lines_covered="0" lines_partially_covered="0" lines_not_covered="1">
          <ranges>
            <range source_id="51" start_line="34" end_line="34" start_column="35" end_column="39" covered="no" />
          </ranges>
        </function>
        <function id="22237" token="0x600026b" name="set_NagdSatislar(decimal)" namespace="AzAgroPOS.Mentiq.DTOs" type_name="ZHesabatDto" block_coverage="100.00" line_coverage="100.00" blocks_covered="1" blocks_not_covered="0" lines_covered="1" lines_partially_covered="0" lines_not_covered="0">
          <ranges>
            <range source_id="51" start_line="34" end_line="34" start_column="40" end_column="44" covered="yes" />
          </ranges>
        </function>
        <function id="22246" token="0x600026c" name="get_KartSatislar()" namespace="AzAgroPOS.Mentiq.DTOs" type_name="ZHesabatDto" block_coverage="0.00" line_coverage="0.00" blocks_covered="0" blocks_not_covered="1" lines_covered="0" lines_partially_covered="0" lines_not_covered="1">
          <ranges>
            <range source_id="51" start_line="38" end_line="38" start_column="35" end_column="39" covered="no" />
          </ranges>
        </function>
        <function id="22254" token="0x600026d" name="set_KartSatislar(decimal)" namespace="AzAgroPOS.Mentiq.DTOs" type_name="ZHesabatDto" block_coverage="100.00" line_coverage="100.00" blocks_covered="1" blocks_not_covered="0" lines_covered="1" lines_partially_covered="0" lines_not_covered="0">
          <ranges>
            <range source_id="51" start_line="38" end_line="38" start_column="40" end_column="44" covered="yes" />
          </ranges>
        </function>
        <function id="22263" token="0x600026e" name="get_CemiSatislar()" namespace="AzAgroPOS.Mentiq.DTOs" type_name="ZHesabatDto" block_coverage="0.00" line_coverage="0.00" blocks_covered="0" blocks_not_covered="4" lines_covered="0" lines_partially_covered="0" lines_not_covered="1">
          <ranges>
            <range source_id="51" start_line="42" end_line="42" start_column="36" end_column="63" covered="no" />
          </ranges>
        </function>
        <function id="22282" token="0x600026f" name="get_GozlenilenMebleg()" namespace="AzAgroPOS.Mentiq.DTOs" type_name="ZHesabatDto" block_coverage="0.00" line_coverage="0.00" blocks_covered="0" blocks_not_covered="1" lines_covered="0" lines_partially_covered="0" lines_not_covered="1">
          <ranges>
            <range source_id="51" start_line="46" end_line="46" start_column="39" end_column="43" covered="no" />
          </ranges>
        </function>
        <function id="22290" token="0x6000270" name="set_GozlenilenMebleg(decimal)" namespace="AzAgroPOS.Mentiq.DTOs" type_name="ZHesabatDto" block_coverage="100.00" line_coverage="100.00" blocks_covered="1" blocks_not_covered="0" lines_covered="1" lines_partially_covered="0" lines_not_covered="0">
          <ranges>
            <range source_id="51" start_line="46" end_line="46" start_column="44" end_column="48" covered="yes" />
          </ranges>
        </function>
        <function id="22299" token="0x6000271" name="get_FaktikiMebleg()" namespace="AzAgroPOS.Mentiq.DTOs" type_name="ZHesabatDto" block_coverage="0.00" line_coverage="0.00" blocks_covered="0" blocks_not_covered="1" lines_covered="0" lines_partially_covered="0" lines_not_covered="1">
          <ranges>
            <range source_id="51" start_line="50" end_line="50" start_column="36" end_column="40" covered="no" />
          </ranges>
        </function>
        <function id="22307" token="0x6000272" name="set_FaktikiMebleg(decimal)" namespace="AzAgroPOS.Mentiq.DTOs" type_name="ZHesabatDto" block_coverage="100.00" line_coverage="100.00" blocks_covered="1" blocks_not_covered="0" lines_covered="1" lines_partially_covered="0" lines_not_covered="0">
          <ranges>
            <range source_id="51" start_line="50" end_line="50" start_column="41" end_column="45" covered="yes" />
          </ranges>
        </function>
        <function id="22316" token="0x6000273" name="get_Ferq()" namespace="AzAgroPOS.Mentiq.DTOs" type_name="ZHesabatDto" block_coverage="0.00" line_coverage="0.00" blocks_covered="0" blocks_not_covered="4" lines_covered="0" lines_partially_covered="0" lines_not_covered="1">
          <ranges>
            <range source_id="51" start_line="54" end_line="54" start_column="28" end_column="60" covered="no" />
          </ranges>
        </function>
        <function id="22335" token="0x6000274" name="ZHesabatDto()" namespace="AzAgroPOS.Mentiq.DTOs" type_name="ZHesabatDto" block_coverage="100.00" line_coverage="100.00" blocks_covered="2" blocks_not_covered="0" lines_covered="1" lines_partially_covered="0" lines_not_covered="0">
          <ranges>
            <range source_id="51" start_line="22" end_line="22" start_column="45" end_column="57" covered="yes" />
          </ranges>
        </function>
        <function id="22376" token="0x6000277" name="&lt;ButunTedarukculeriGetirAsync&gt;b__2_0(AzAgroPOS.Varliglar.Tedarukcu)" namespace="AzAgroPOS.Mentiq.Idareciler" type_name="AlisManager.&lt;&gt;c" block_coverage="0.00" line_coverage="0.00" blocks_covered="0" blocks_not_covered="18" lines_covered="0" lines_partially_covered="0" lines_not_covered="11">
          <ranges>
            <range source_id="3" start_line="38" end_line="48" start_column="51" end_column="14" covered="no" />
          </ranges>
        </function>
        <function id="22508" token="0x6000279" name="&lt;ButunAlisSenetleriniGetirAsync&gt;b__0(AzAgroPOS.Varliglar.AlisSened)" namespace="AzAgroPOS.Mentiq.Idareciler" type_name="AlisManager.&lt;&gt;c__DisplayClass13_0" block_coverage="0.00" line_coverage="0.00" blocks_covered="0" blocks_not_covered="26" lines_covered="0" lines_partially_covered="0" lines_not_covered="12">
          <ranges>
            <range source_id="3" start_line="430" end_line="441" start_column="47" end_column="14" covered="no" />
          </ranges>
        </function>
        <function id="22743" token="0x600027b" name="&lt;ButunAlisSenetleriniGetirAsync&gt;b__1(AzAgroPOS.Varliglar.Tedarukcu)" namespace="AzAgroPOS.Mentiq.Idareciler" type_name="AlisManager.&lt;&gt;c__DisplayClass13_1" block_coverage="0.00" line_coverage="0.00" blocks_covered="0" blocks_not_covered="3" lines_covered="0" lines_partially_covered="0" lines_not_covered="1">
          <ranges>
            <range source_id="3" start_line="436" end_line="436" start_column="65" end_column="86" covered="no" />
          </ranges>
        </function>
        <function id="22776" token="0x600027d" name="&lt;ButunTedarukcuOdemeleriniGetirAsync&gt;b__0(AzAgroPOS.Varliglar.TedarukcuOdeme)" namespace="AzAgroPOS.Mentiq.Idareciler" type_name="AlisManager.&lt;&gt;c__DisplayClass17_0" block_coverage="0.00" line_coverage="0.00" blocks_covered="0" blocks_not_covered="42" lines_covered="0" lines_partially_covered="0" lines_not_covered="16">
          <ranges>
            <range source_id="3" start_line="592" end_line="607" start_column="47" end_column="14" covered="no" />
          </ranges>
        </function>
        <function id="23131" token="0x600027f" name="&lt;ButunTedarukcuOdemeleriniGetirAsync&gt;b__1(AzAgroPOS.Varliglar.Tedarukcu)" namespace="AzAgroPOS.Mentiq.Idareciler" type_name="AlisManager.&lt;&gt;c__DisplayClass17_1" block_coverage="0.00" line_coverage="0.00" blocks_covered="0" blocks_not_covered="3" lines_covered="0" lines_partially_covered="0" lines_not_covered="1">
          <ranges>
            <range source_id="3" start_line="598" end_line="598" start_column="65" end_column="86" covered="no" />
          </ranges>
        </function>
        <function id="23152" token="0x6000280" name="&lt;ButunTedarukcuOdemeleriniGetirAsync&gt;b__2(AzAgroPOS.Varliglar.AlisSened)" namespace="AzAgroPOS.Mentiq.Idareciler" type_name="AlisManager.&lt;&gt;c__DisplayClass17_1" block_coverage="0.00" line_coverage="0.00" blocks_covered="0" blocks_not_covered="4" lines_covered="0" lines_partially_covered="0" lines_not_covered="1">
          <ranges>
            <range source_id="3" start_line="600" end_line="600" start_column="90" end_column="117" covered="no" />
          </ranges>
        </function>
        <function id="23204" token="0x6000282" name="&lt;ButunAlisSifarisleriniGetirAsync&gt;b__0(AzAgroPOS.Varliglar.AlisSifaris)" namespace="AzAgroPOS.Mentiq.Idareciler" type_name="AlisManager.&lt;&gt;c__DisplayClass7_0" block_coverage="0.00" line_coverage="0.00" blocks_covered="0" blocks_not_covered="30" lines_covered="0" lines_partially_covered="0" lines_not_covered="14">
          <ranges>
            <range source_id="3" start_line="196" end_line="209" start_column="49" end_column="14" covered="no" />
          </ranges>
        </function>
        <function id="23475" token="0x6000284" name="&lt;ButunAlisSifarisleriniGetirAsync&gt;b__1(AzAgroPOS.Varliglar.Tedarukcu)" namespace="AzAgroPOS.Mentiq.Idareciler" type_name="AlisManager.&lt;&gt;c__DisplayClass7_1" block_coverage="0.00" line_coverage="0.00" blocks_covered="0" blocks_not_covered="3" lines_covered="0" lines_partially_covered="0" lines_not_covered="1">
          <ranges>
            <range source_id="3" start_line="205" end_line="205" start_column="65" end_column="86" covered="no" />
          </ranges>
        </function>
        <function id="23508" token="0x6000286" name="&lt;AlisSifarisGetirAsync&gt;b__1(AzAgroPOS.Varliglar.AlisSifarisSetiri)" namespace="AzAgroPOS.Mentiq.Idareciler" type_name="AlisManager.&lt;&gt;c__DisplayClass8_0" block_coverage="0.00" line_coverage="0.00" blocks_covered="0" blocks_not_covered="26" lines_covered="0" lines_partially_covered="0" lines_not_covered="12">
          <ranges>
            <range source_id="3" start_line="247" end_line="258" start_column="65" end_column="18" covered="no" />
          </ranges>
        </function>
        <function id="23743" token="0x6000288" name="&lt;AlisSifarisGetirAsync&gt;b__2(AzAgroPOS.Varliglar.Mehsul)" namespace="AzAgroPOS.Mentiq.Idareciler" type_name="AlisManager.&lt;&gt;c__DisplayClass8_1" block_coverage="0.00" line_coverage="0.00" blocks_covered="0" blocks_not_covered="3" lines_covered="0" lines_partially_covered="0" lines_not_covered="1">
          <ranges>
            <range source_id="3" start_line="252" end_line="252" start_column="63" end_column="81" covered="no" />
          </ranges>
        </function>
        <function id="23776" token="0x600028a" name="MoveNext()" namespace="AzAgroPOS.Mentiq.Idareciler" type_name="AlisManager.&lt;AlisSenedSilAsync&gt;d__16" block_coverage="0.00" line_coverage="0.00" blocks_covered="0" blocks_not_covered="20" lines_covered="0" lines_partially_covered="0" lines_not_covered="12">
          <ranges>
            <range source_id="3" start_line="558" end_line="558" start_column="5" end_column="6" covered="no" />
            <range source_id="3" start_line="560" end_line="560" start_column="9" end_column="10" covered="no" />
            <range source_id="3" start_line="562" end_line="562" start_column="13" end_column="78" covered="no" />
            <range source_id="3" start_line="563" end_line="563" start_column="13" end_column="37" covered="no" />
            <range source_id="3" start_line="564" end_line="564" start_column="17" end_column="86" covered="no" />
            <range source_id="3" start_line="566" end_line="566" start_column="13" end_column="56" covered="no" />
            <range source_id="3" start_line="567" end_line="567" start_column="13" end_column="57" covered="no" />
            <range source_id="3" start_line="569" end_line="569" start_column="13" end_column="47" covered="no" />
            <range source_id="3" start_line="571" end_line="571" start_column="9" end_column="29" covered="no" />
            <range source_id="3" start_line="572" end_line="572" start_column="9" end_column="10" covered="no" />
            <range source_id="3" start_line="573" end_line="573" start_column="13" end_column="94" covered="no" />
            <range source_id="3" start_line="575" end_line="575" start_column="5" end_column="6" covered="no" />
          </ranges>
        </function>
        <function id="24296" token="0x600028d" name="MoveNext()" namespace="AzAgroPOS.Mentiq.Idareciler" type_name="AlisManager.&lt;AlisSenedYaratAsync&gt;d__14" block_coverage="0.00" line_coverage="0.00" blocks_covered="0" blocks_not_covered="83" lines_covered="0" lines_partially_covered="0" lines_not_covered="44">
          <ranges>
            <range source_id="3" start_line="455" end_line="455" start_column="5" end_column="6" covered="no" />
            <range source_id="3" start_line="457" end_line="457" start_column="9" end_column="10" covered="no" />
            <range source_id="3" start_line="459" end_line="459" start_column="13" end_column="61" covered="no" />
            <range source_id="3" start_line="460" end_line="460" start_column="17" end_column="88" covered="no" />
            <range source_id="3" start_line="462" end_line="462" start_column="13" end_column="38" covered="no" />
            <range source_id="3" start_line="463" end_line="463" start_column="17" end_column="82" covered="no" />
            <range source_id="3" start_line="466" end_line="475" start_column="13" end_column="15" covered="no" />
            <range source_id="3" start_line="477" end_line="477" start_column="13" end_column="69" covered="no" />
            <range source_id="3" start_line="478" end_line="478" start_column="13" end_column="57" covered="no" />
            <range source_id="3" start_line="481" end_line="481" start_column="13" end_column="20" covered="no" />
            <range source_id="3" start_line="481" end_line="481" start_column="38" end_column="56" covered="no" />
            <range source_id="3" start_line="481" end_line="481" start_column="22" end_column="34" covered="no" />
            <range source_id="3" start_line="482" end_line="482" start_column="13" end_column="14" covered="no" />
            <range source_id="3" start_line="483" end_line="491" start_column="17" end_column="19" covered="no" />
            <range source_id="3" start_line="493" end_line="493" start_column="17" end_column="74" covered="no" />
            <range source_id="3" start_line="496" end_line="496" start_column="17" end_column="88" covered="no" />
            <range source_id="3" start_line="497" end_line="497" start_column="17" end_column="36" covered="no" />
            <range source_id="3" start_line="498" end_line="498" start_column="17" end_column="18" covered="no" />
            <range source_id="3" start_line="499" end_line="499" start_column="21" end_column="62" covered="no" />
            <range source_id="3" start_line="500" end_line="500" start_column="21" end_column="66" covered="no" />
            <range source_id="3" start_line="501" end_line="501" start_column="21" end_column="58" covered="no" />
            <range source_id="3" start_line="502" end_line="502" start_column="17" end_column="18" covered="no" />
            <range source_id="3" start_line="503" end_line="503" start_column="13" end_column="14" covered="no" />
            <range source_id="3" start_line="481" end_line="481" start_column="35" end_column="37" covered="no" />
            <range source_id="3" start_line="505" end_line="505" start_column="13" end_column="57" covered="no" />
            <range source_id="3" start_line="507" end_line="507" start_column="13" end_column="64" covered="no" />
            <range source_id="3" start_line="509" end_line="509" start_column="9" end_column="29" covered="no" />
            <range source_id="3" start_line="510" end_line="510" start_column="9" end_column="10" covered="no" />
            <range source_id="3" start_line="511" end_line="511" start_column="13" end_column="99" covered="no" />
            <range source_id="3" start_line="513" end_line="513" start_column="5" end_column="6" covered="no" />
          </ranges>
        </function>
        <function id="25760" token="0x6000290" name="MoveNext()" namespace="AzAgroPOS.Mentiq.Idareciler" type_name="AlisManager.&lt;AlisSenedYenileAsync&gt;d__15" block_coverage="0.00" line_coverage="0.00" blocks_covered="0" blocks_not_covered="44" lines_covered="0" lines_partially_covered="0" lines_not_covered="23">
          <ranges>
            <range source_id="3" start_line="519" end_line="519" start_column="5" end_column="6" covered="no" />
            <range source_id="3" start_line="521" end_line="521" start_column="9" end_column="10" covered="no" />
            <range source_id="3" start_line="523" end_line="523" start_column="13" end_column="61" covered="no" />
            <range source_id="3" start_line="524" end_line="524" start_column="17" end_column="83" covered="no" />
            <range source_id="3" start_line="526" end_line="526" start_column="13" end_column="38" covered="no" />
            <range source_id="3" start_line="527" end_line="527" start_column="17" end_column="77" covered="no" />
            <range source_id="3" start_line="530" end_line="530" start_column="13" end_column="82" covered="no" />
            <range source_id="3" start_line="531" end_line="531" start_column="13" end_column="37" covered="no" />
            <range source_id="3" start_line="532" end_line="532" start_column="17" end_column="92" covered="no" />
            <range source_id="3" start_line="535" end_line="535" start_column="13" end_column="57" covered="no" />
            <range source_id="3" start_line="536" end_line="536" start_column="13" end_column="63" covered="no" />
            <range source_id="3" start_line="537" end_line="537" start_column="13" end_column="55" covered="no" />
            <range source_id="3" start_line="538" end_line="538" start_column="13" end_column="57" covered="no" />
            <range source_id="3" start_line="539" end_line="539" start_column="13" end_column="55" covered="no" />
            <range source_id="3" start_line="540" end_line="540" start_column="13" end_column="45" covered="no" />
            <range source_id="3" start_line="541" end_line="541" start_column="13" end_column="47" covered="no" />
            <range source_id="3" start_line="543" end_line="543" start_column="13" end_column="59" covered="no" />
            <range source_id="3" start_line="544" end_line="544" start_column="13" end_column="57" covered="no" />
            <range source_id="3" start_line="546" end_line="546" start_column="13" end_column="47" covered="no" />
            <range source_id="3" start_line="548" end_line="548" start_column="9" end_column="29" covered="no" />
            <range source_id="3" start_line="549" end_line="549" start_column="9" end_column="10" covered="no" />
            <range source_id="3" start_line="550" end_line="550" start_column="13" end_column="97" covered="no" />
            <range source_id="3" start_line="552" end_line="552" start_column="5" end_column="6" covered="no" />
          </ranges>
        </function>
        <function id="26524" token="0x6000293" name="MoveNext()" namespace="AzAgroPOS.Mentiq.Idareciler" type_name="AlisManager.&lt;AlisSifarisGetirAsync&gt;d__8" block_coverage="0.00" line_coverage="0.00" blocks_covered="0" blocks_not_covered="71" lines_covered="0" lines_partially_covered="0" lines_not_covered="39">
          <ranges>
            <range source_id="3" start_line="223" end_line="223" start_column="5" end_column="6" covered="no" />
            <range source_id="3" start_line="225" end_line="225" start_column="9" end_column="10" covered="no" />
            <range source_id="3" start_line="226" end_line="226" start_column="13" end_column="76" covered="no" />
            <range source_id="3" start_line="227" end_line="227" start_column="13" end_column="33" covered="no" />
            <range source_id="3" start_line="228" end_line="228" start_column="17" end_column="94" covered="no" />
            <range source_id="3" start_line="230" end_line="230" start_column="13" end_column="92" covered="no" />
            <range source_id="3" start_line="231" end_line="231" start_column="13" end_column="122" covered="no" />
            <range source_id="3" start_line="232" end_line="232" start_column="13" end_column="78" covered="no" />
            <range source_id="3" start_line="234" end_line="259" start_column="13" end_column="15" covered="no" />
            <range source_id="3" start_line="261" end_line="261" start_column="13" end_column="66" covered="no" />
            <range source_id="3" start_line="263" end_line="263" start_column="9" end_column="29" covered="no" />
            <range source_id="3" start_line="264" end_line="264" start_column="9" end_column="10" covered="no" />
            <range source_id="3" start_line="265" end_line="265" start_column="13" end_column="126" covered="no" />
            <range source_id="3" start_line="267" end_line="267" start_column="5" end_column="6" covered="no" />
          </ranges>
        </function>
        <function id="27828" token="0x6000296" name="MoveNext()" namespace="AzAgroPOS.Mentiq.Idareciler" type_name="AlisManager.&lt;AlisSifarisSilAsync&gt;d__11" block_coverage="0.00" line_coverage="0.00" blocks_covered="0" blocks_not_covered="20" lines_covered="0" lines_partially_covered="0" lines_not_covered="12">
          <ranges>
            <range source_id="3" start_line="369" end_line="369" start_column="5" end_column="6" covered="no" />
            <range source_id="3" start_line="371" end_line="371" start_column="9" end_column="10" covered="no" />
            <range source_id="3" start_line="373" end_line="373" start_column="13" end_column="82" covered="no" />
            <range source_id="3" start_line="374" end_line="374" start_column="13" end_column="39" covered="no" />
            <range source_id="3" start_line="375" end_line="375" start_column="17" end_column="88" covered="no" />
            <range source_id="3" start_line="377" end_line="377" start_column="13" end_column="60" covered="no" />
            <range source_id="3" start_line="378" end_line="378" start_column="13" end_column="57" covered="no" />
            <range source_id="3" start_line="380" end_line="380" start_column="13" end_column="47" covered="no" />
            <range source_id="3" start_line="382" end_line="382" start_column="9" end_column="29" covered="no" />
            <range source_id="3" start_line="383" end_line="383" start_column="9" end_column="10" covered="no" />
            <range source_id="3" start_line="384" end_line="384" start_column="13" end_column="96" covered="no" />
            <range source_id="3" start_line="386" end_line="386" start_column="5" end_column="6" covered="no" />
          </ranges>
        </function>
        <function id="28348" token="0x6000299" name="MoveNext()" namespace="AzAgroPOS.Mentiq.Idareciler" type_name="AlisManager.&lt;AlisSifarisYaratAsync&gt;d__9" block_coverage="0.00" line_coverage="0.00" blocks_covered="0" blocks_not_covered="70" lines_covered="0" lines_partially_covered="0" lines_not_covered="38">
          <ranges>
            <range source_id="3" start_line="273" end_line="273" start_column="5" end_column="6" covered="no" />
            <range source_id="3" start_line="275" end_line="275" start_column="9" end_column="10" covered="no" />
            <range source_id="3" start_line="277" end_line="277" start_column="13" end_column="63" covered="no" />
            <range source_id="3" start_line="278" end_line="278" start_column="17" end_column="90" covered="no" />
            <range source_id="3" start_line="280" end_line="280" start_column="13" end_column="38" covered="no" />
            <range source_id="3" start_line="281" end_line="281" start_column="17" end_column="82" covered="no" />
            <range source_id="3" start_line="284" end_line="294" start_column="13" end_column="15" covered="no" />
            <range source_id="3" start_line="296" end_line="296" start_column="13" end_column="73" covered="no" />
            <range source_id="3" start_line="297" end_line="297" start_column="13" end_column="57" covered="no" />
            <range source_id="3" start_line="300" end_line="300" start_column="13" end_column="20" covered="no" />
            <range source_id="3" start_line="300" end_line="300" start_column="38" end_column="58" covered="no" />
            <range source_id="3" start_line="300" end_line="300" start_column="22" end_column="34" covered="no" />
            <range source_id="3" start_line="301" end_line="301" start_column="13" end_column="14" covered="no" />
            <range source_id="3" start_line="302" end_line="310" start_column="17" end_column="19" covered="no" />
            <range source_id="3" start_line="312" end_line="312" start_column="17" end_column="76" covered="no" />
            <range source_id="3" start_line="313" end_line="313" start_column="13" end_column="14" covered="no" />
            <range source_id="3" start_line="300" end_line="300" start_column="35" end_column="37" covered="no" />
            <range source_id="3" start_line="315" end_line="315" start_column="13" end_column="57" covered="no" />
            <range source_id="3" start_line="317" end_line="317" start_column="13" end_column="66" covered="no" />
            <range source_id="3" start_line="319" end_line="319" start_column="9" end_column="29" covered="no" />
            <range source_id="3" start_line="320" end_line="320" start_column="9" end_column="10" covered="no" />
            <range source_id="3" start_line="321" end_line="321" start_column="13" end_column="101" covered="no" />
            <range source_id="3" start_line="323" end_line="323" start_column="5" end_column="6" covered="no" />
          </ranges>
        </function>
        <function id="29552" token="0x600029c" name="MoveNext()" namespace="AzAgroPOS.Mentiq.Idareciler" type_name="AlisManager.&lt;AlisSifarisYenileAsync&gt;d__10" block_coverage="0.00" line_coverage="0.00" blocks_covered="0" blocks_not_covered="46" lines_covered="0" lines_partially_covered="0" lines_not_covered="24">
          <ranges>
            <range source_id="3" start_line="329" end_line="329" start_column="5" end_column="6" covered="no" />
            <range source_id="3" start_line="331" end_line="331" start_column="9" end_column="10" covered="no" />
            <range source_id="3" start_line="333" end_line="333" start_column="13" end_column="63" covered="no" />
            <range source_id="3" start_line="334" end_line="334" start_column="17" end_column="85" covered="no" />
            <range source_id="3" start_line="336" end_line="336" start_column="13" end_column="38" covered="no" />
            <range source_id="3" start_line="337" end_line="337" start_column="17" end_column="77" covered="no" />
            <range source_id="3" start_line="340" end_line="340" start_column="13" end_column="86" covered="no" />
            <range source_id="3" start_line="341" end_line="341" start_column="13" end_column="39" covered="no" />
            <range source_id="3" start_line="342" end_line="342" start_column="17" end_column="94" covered="no" />
            <range source_id="3" start_line="345" end_line="345" start_column="13" end_column="63" covered="no" />
            <range source_id="3" start_line="346" end_line="346" start_column="13" end_column="65" covered="no" />
            <range source_id="3" start_line="347" end_line="347" start_column="13" end_column="59" covered="no" />
            <range source_id="3" start_line="348" end_line="348" start_column="13" end_column="79" covered="no" />
            <range source_id="3" start_line="349" end_line="349" start_column="13" end_column="57" covered="no" />
            <range source_id="3" start_line="350" end_line="350" start_column="13" end_column="57" covered="no" />
            <range source_id="3" start_line="351" end_line="351" start_column="13" end_column="47" covered="no" />
            <range source_id="3" start_line="352" end_line="352" start_column="13" end_column="49" covered="no" />
            <range source_id="3" start_line="354" end_line="354" start_column="13" end_column="63" covered="no" />
            <range source_id="3" start_line="355" end_line="355" start_column="13" end_column="57" covered="no" />
            <range source_id="3" start_line="357" end_line="357" start_column="13" end_column="47" covered="no" />
            <range source_id="3" start_line="359" end_line="359" start_column="9" end_column="29" covered="no" />
            <range source_id="3" start_line="360" end_line="360" start_column="9" end_column="10" covered="no" />
            <range source_id="3" start_line="361" end_line="361" start_column="13" end_column="99" covered="no" />
            <range source_id="3" start_line="363" end_line="363" start_column="5" end_column="6" covered="no" />
          </ranges>
        </function>
        <function id="30340" token="0x600029f" name="MoveNext()" namespace="AzAgroPOS.Mentiq.Idareciler" type_name="AlisManager.&lt;AlisSifarisiniTesdiqleAsync&gt;d__12" block_coverage="0.00" line_coverage="0.00" blocks_covered="0" blocks_not_covered="28" lines_covered="0" lines_partially_covered="0" lines_not_covered="16">
          <ranges>
            <range source_id="3" start_line="392" end_line="392" start_column="5" end_column="6" covered="no" />
            <range source_id="3" start_line="394" end_line="394" start_column="9" end_column="10" covered="no" />
            <range source_id="3" start_line="395" end_line="395" start_column="13" end_column="76" covered="no" />
            <range source_id="3" start_line="396" end_line="396" start_column="13" end_column="33" covered="no" />
            <range source_id="3" start_line="397" end_line="397" start_column="17" end_column="96" covered="no" />
            <range source_id="3" start_line="399" end_line="399" start_column="13" end_column="64" covered="no" />
            <range source_id="3" start_line="400" end_line="400" start_column="17" end_column="101" covered="no" />
            <range source_id="3" start_line="402" end_line="402" start_column="13" end_column="61" covered="no" />
            <range source_id="3" start_line="403" end_line="403" start_column="13" end_column="49" covered="no" />
            <range source_id="3" start_line="405" end_line="405" start_column="13" end_column="57" covered="no" />
            <range source_id="3" start_line="406" end_line="406" start_column="13" end_column="57" covered="no" />
            <range source_id="3" start_line="408" end_line="408" start_column="13" end_column="47" covered="no" />
            <range source_id="3" start_line="410" end_line="410" start_column="9" end_column="29" covered="no" />
            <range source_id="3" start_line="411" end_line="411" start_column="9" end_column="10" covered="no" />
            <range source_id="3" start_line="412" end_line="412" start_column="13" end_column="101" covered="no" />
            <range source_id="3" start_line="414" end_line="414" start_column="5" end_column="6" covered="no" />
          </ranges>
        </function>
        <function id="30932" token="0x60002a2" name="MoveNext()" namespace="AzAgroPOS.Mentiq.Idareciler" type_name="AlisManager.&lt;ButunAlisSenetleriniGetirAsync&gt;d__13" block_coverage="0.00" line_coverage="0.00" blocks_covered="0" blocks_not_covered="19" lines_covered="0" lines_partially_covered="0" lines_not_covered="21">
          <ranges>
            <range source_id="3" start_line="424" end_line="424" start_column="5" end_column="6" covered="no" />
            <range source_id="3" start_line="426" end_line="426" start_column="9" end_column="10" covered="no" />
            <range source_id="3" start_line="427" end_line="427" start_column="13" end_column="81" covered="no" />
            <range source_id="3" start_line="428" end_line="428" start_column="13" end_column="84" covered="no" />
            <range source_id="3" start_line="430" end_line="441" start_column="13" end_column="25" covered="no" />
            <range source_id="3" start_line="443" end_line="443" start_column="13" end_column="73" covered="no" />
            <range source_id="3" start_line="445" end_line="445" start_column="9" end_column="29" covered="no" />
            <range source_id="3" start_line="446" end_line="446" start_column="9" end_column="10" covered="no" />
            <range source_id="3" start_line="447" end_line="447" start_column="13" end_column="119" covered="no" />
            <range source_id="3" start_line="449" end_line="449" start_column="5" end_column="6" covered="no" />
          </ranges>
        </function>
        <function id="31476" token="0x60002a5" name="MoveNext()" namespace="AzAgroPOS.Mentiq.Idareciler" type_name="AlisManager.&lt;ButunAlisSifarisleriniGetirAsync&gt;d__7" block_coverage="0.00" line_coverage="0.00" blocks_covered="0" blocks_not_covered="19" lines_covered="0" lines_partially_covered="0" lines_not_covered="23">
          <ranges>
            <range source_id="3" start_line="190" end_line="190" start_column="5" end_column="6" covered="no" />
            <range source_id="3" start_line="192" end_line="192" start_column="9" end_column="10" covered="no" />
            <range source_id="3" start_line="193" end_line="193" start_column="13" end_column="85" covered="no" />
            <range source_id="3" start_line="194" end_line="194" start_column="13" end_column="84" covered="no" />
            <range source_id="3" start_line="196" end_line="209" start_column="13" end_column="25" covered="no" />
            <range source_id="3" start_line="211" end_line="211" start_column="13" end_column="75" covered="no" />
            <range source_id="3" start_line="213" end_line="213" start_column="9" end_column="29" covered="no" />
            <range source_id="3" start_line="214" end_line="214" start_column="9" end_column="10" covered="no" />
            <range source_id="3" start_line="215" end_line="215" start_column="13" end_column="123" covered="no" />
            <range source_id="3" start_line="217" end_line="217" start_column="5" end_column="6" covered="no" />
          </ranges>
        </function>
        <function id="32020" token="0x60002a8" name="MoveNext()" namespace="AzAgroPOS.Mentiq.Idareciler" type_name="AlisManager.&lt;ButunTedarukcuOdemeleriniGetirAsync&gt;d__17" block_coverage="0.00" line_coverage="0.00" blocks_covered="0" blocks_not_covered="23" lines_covered="0" lines_partially_covered="0" lines_not_covered="26">
          <ranges>
            <range source_id="3" start_line="585" end_line="585" start_column="5" end_column="6" covered="no" />
            <range source_id="3" start_line="587" end_line="587" start_column="9" end_column="10" covered="no" />
            <range source_id="3" start_line="588" end_line="588" start_column="13" end_column="86" covered="no" />
            <range source_id="3" start_line="589" end_line="589" start_column="13" end_column="84" covered="no" />
            <range source_id="3" start_line="590" end_line="590" start_column="13" end_column="81" covered="no" />
            <range source_id="3" start_line="592" end_line="607" start_column="13" end_column="25" covered="no" />
            <range source_id="3" start_line="609" end_line="609" start_column="13" end_column="78" covered="no" />
            <range source_id="3" start_line="611" end_line="611" start_column="9" end_column="29" covered="no" />
            <range source_id="3" start_line="612" end_line="612" start_column="9" end_column="10" covered="no" />
            <range source_id="3" start_line="613" end_line="613" start_column="13" end_column="130" covered="no" />
            <range source_id="3" start_line="615" end_line="615" start_column="5" end_column="6" covered="no" />
          </ranges>
        </function>
        <function id="32720" token="0x60002ab" name="MoveNext()" namespace="AzAgroPOS.Mentiq.Idareciler" type_name="AlisManager.&lt;ButunTedarukculeriGetirAsync&gt;d__2" block_coverage="0.00" line_coverage="0.00" blocks_covered="0" blocks_not_covered="18" lines_covered="0" lines_partially_covered="0" lines_not_covered="20">
          <ranges>
            <range source_id="3" start_line="34" end_line="34" start_column="5" end_column="6" covered="no" />
            <range source_id="3" start_line="36" end_line="36" start_column="9" end_column="10" covered="no" />
            <range source_id="3" start_line="37" end_line="37" start_column="13" end_column="84" covered="no" />
            <range source_id="3" start_line="38" end_line="48" start_column="13" end_column="25" covered="no" />
            <range source_id="3" start_line="50" end_line="50" start_column="13" end_column="73" covered="no" />
            <range source_id="3" start_line="52" end_line="52" start_column="9" end_column="29" covered="no" />
            <range source_id="3" start_line="53" end_line="53" start_column="9" end_column="10" covered="no" />
            <range source_id="3" start_line="54" end_line="54" start_column="13" end_column="67" covered="no" />
            <range source_id="3" start_line="55" end_line="55" start_column="13" end_column="116" covered="no" />
            <range source_id="3" start_line="57" end_line="57" start_column="5" end_column="6" covered="no" />
          </ranges>
        </function>
        <function id="33128" token="0x60002ae" name="MoveNext()" namespace="AzAgroPOS.Mentiq.Idareciler" type_name="AlisManager.&lt;TedarukcuGetirAsync&gt;d__3" block_coverage="0.00" line_coverage="0.00" blocks_covered="0" blocks_not_covered="33" lines_covered="0" lines_partially_covered="0" lines_not_covered="22">
          <ranges>
            <range source_id="3" start_line="63" end_line="63" start_column="5" end_column="6" covered="no" />
            <range source_id="3" start_line="65" end_line="65" start_column="9" end_column="10" covered="no" />
            <range source_id="3" start_line="66" end_line="66" start_column="13" end_column="75" covered="no" />
            <range source_id="3" start_line="67" end_line="67" start_column="13" end_column="35" covered="no" />
            <range source_id="3" start_line="68" end_line="68" start_column="17" end_column="88" covered="no" />
            <range source_id="3" start_line="70" end_line="80" start_column="13" end_column="15" covered="no" />
            <range source_id="3" start_line="82" end_line="82" start_column="13" end_column="64" covered="no" />
            <range source_id="3" start_line="84" end_line="84" start_column="9" end_column="29" covered="no" />
            <range source_id="3" start_line="85" end_line="85" start_column="9" end_column="10" covered="no" />
            <range source_id="3" start_line="86" end_line="86" start_column="13" end_column="77" covered="no" />
            <range source_id="3" start_line="87" end_line="87" start_column="13" end_column="120" covered="no" />
            <range source_id="3" start_line="89" end_line="89" start_column="5" end_column="6" covered="no" />
          </ranges>
        </function>
        <function id="33676" token="0x60002b1" name="MoveNext()" namespace="AzAgroPOS.Mentiq.Idareciler" type_name="AlisManager.&lt;TedarukcuOdemeSilAsync&gt;d__20" block_coverage="0.00" line_coverage="0.00" blocks_covered="0" blocks_not_covered="20" lines_covered="0" lines_partially_covered="0" lines_not_covered="12">
          <ranges>
            <range source_id="3" start_line="709" end_line="709" start_column="5" end_column="6" covered="no" />
            <range source_id="3" start_line="711" end_line="711" start_column="9" end_column="10" covered="no" />
            <range source_id="3" start_line="713" end_line="713" start_column="13" end_column="83" covered="no" />
            <range source_id="3" start_line="714" end_line="714" start_column="13" end_column="37" covered="no" />
            <range source_id="3" start_line="715" end_line="715" start_column="17" end_column="92" covered="no" />
            <range source_id="3" start_line="717" end_line="717" start_column="13" end_column="61" covered="no" />
            <range source_id="3" start_line="718" end_line="718" start_column="13" end_column="57" covered="no" />
            <range source_id="3" start_line="720" end_line="720" start_column="13" end_column="47" covered="no" />
            <range source_id="3" start_line="722" end_line="722" start_column="9" end_column="29" covered="no" />
            <range source_id="3" start_line="723" end_line="723" start_column="9" end_column="10" covered="no" />
            <range source_id="3" start_line="724" end_line="724" start_column="13" end_column="100" covered="no" />
            <range source_id="3" start_line="726" end_line="726" start_column="5" end_column="6" covered="no" />
          </ranges>
        </function>
        <function id="34196" token="0x60002b4" name="MoveNext()" namespace="AzAgroPOS.Mentiq.Idareciler" type_name="AlisManager.&lt;TedarukcuOdemeYaratAsync&gt;d__18" block_coverage="0.00" line_coverage="0.00" blocks_covered="0" blocks_not_covered="51" lines_covered="0" lines_partially_covered="0" lines_not_covered="28">
          <ranges>
            <range source_id="3" start_line="621" end_line="621" start_column="5" end_column="6" covered="no" />
            <range source_id="3" start_line="623" end_line="623" start_column="9" end_column="10" covered="no" />
            <range source_id="3" start_line="625" end_line="625" start_column="13" end_column="61" covered="no" />
            <range source_id="3" start_line="626" end_line="626" start_column="17" end_column="89" covered="no" />
            <range source_id="3" start_line="628" end_line="628" start_column="13" end_column="38" covered="no" />
            <range source_id="3" start_line="629" end_line="629" start_column="17" end_column="82" covered="no" />
            <range source_id="3" start_line="631" end_line="631" start_column="13" end_column="33" covered="no" />
            <range source_id="3" start_line="632" end_line="632" start_column="17" end_column="91" covered="no" />
            <range source_id="3" start_line="635" end_line="647" start_column="13" end_column="15" covered="no" />
            <range source_id="3" start_line="649" end_line="649" start_column="13" end_column="74" covered="no" />
            <range source_id="3" start_line="650" end_line="650" start_column="13" end_column="57" covered="no" />
            <range source_id="3" start_line="652" end_line="652" start_column="13" end_column="64" covered="no" />
            <range source_id="3" start_line="654" end_line="654" start_column="9" end_column="29" covered="no" />
            <range source_id="3" start_line="655" end_line="655" start_column="9" end_column="10" covered="no" />
            <range source_id="3" start_line="656" end_line="656" start_column="13" end_column="105" covered="no" />
            <range source_id="3" start_line="658" end_line="658" start_column="5" end_column="6" covered="no" />
          </ranges>
        </function>
        <function id="34956" token="0x60002b7" name="MoveNext()" namespace="AzAgroPOS.Mentiq.Idareciler" type_name="AlisManager.&lt;TedarukcuOdemeYenileAsync&gt;d__19" block_coverage="0.00" line_coverage="0.00" blocks_covered="0" blocks_not_covered="55" lines_covered="0" lines_partially_covered="0" lines_not_covered="28">
          <ranges>
            <range source_id="3" start_line="664" end_line="664" start_column="5" end_column="6" covered="no" />
            <range source_id="3" start_line="666" end_line="666" start_column="9" end_column="10" covered="no" />
            <range source_id="3" start_line="668" end_line="668" start_column="13" end_column="61" covered="no" />
            <range source_id="3" start_line="669" end_line="669" start_column="17" end_column="84" covered="no" />
            <range source_id="3" start_line="671" end_line="671" start_column="13" end_column="38" covered="no" />
            <range source_id="3" start_line="672" end_line="672" start_column="17" end_column="77" covered="no" />
            <range source_id="3" start_line="674" end_line="674" start_column="13" end_column="33" covered="no" />
            <range source_id="3" start_line="675" end_line="675" start_column="17" end_column="86" covered="no" />
            <range source_id="3" start_line="678" end_line="678" start_column="13" end_column="87" covered="no" />
            <range source_id="3" start_line="679" end_line="679" start_column="13" end_column="37" covered="no" />
            <range source_id="3" start_line="680" end_line="680" start_column="17" end_column="98" covered="no" />
            <range source_id="3" start_line="683" end_line="683" start_column="13" end_column="57" covered="no" />
            <range source_id="3" start_line="684" end_line="684" start_column="13" end_column="63" covered="no" />
            <range source_id="3" start_line="685" end_line="685" start_column="13" end_column="55" covered="no" />
            <range source_id="3" start_line="686" end_line="686" start_column="13" end_column="55" covered="no" />
            <range source_id="3" start_line="687" end_line="687" start_column="13" end_column="55" covered="no" />
            <range source_id="3" start_line="688" end_line="688" start_column="13" end_column="45" covered="no" />
            <range source_id="3" start_line="689" end_line="689" start_column="13" end_column="53" covered="no" />
            <range source_id="3" start_line="690" end_line="690" start_column="13" end_column="45" covered="no" />
            <range source_id="3" start_line="691" end_line="691" start_column="13" end_column="47" covered="no" />
            <range source_id="3" start_line="692" end_line="692" start_column="13" end_column="63" covered="no" />
            <range source_id="3" start_line="694" end_line="694" start_column="13" end_column="64" covered="no" />
            <range source_id="3" start_line="695" end_line="695" start_column="13" end_column="57" covered="no" />
            <range source_id="3" start_line="697" end_line="697" start_column="13" end_column="47" covered="no" />
            <range source_id="3" start_line="699" end_line="699" start_column="9" end_column="29" covered="no" />
            <range source_id="3" start_line="700" end_line="700" start_column="9" end_column="10" covered="no" />
            <range source_id="3" start_line="701" end_line="701" start_column="13" end_column="103" covered="no" />
            <range source_id="3" start_line="703" end_line="703" start_column="5" end_column="6" covered="no" />
          </ranges>
        </function>
        <function id="35832" token="0x60002ba" name="MoveNext()" namespace="AzAgroPOS.Mentiq.Idareciler" type_name="AlisManager.&lt;TedarukcuSilAsync&gt;d__6" block_coverage="0.00" line_coverage="0.00" blocks_covered="0" blocks_not_covered="20" lines_covered="0" lines_partially_covered="0" lines_not_covered="12">
          <ranges>
            <range source_id="3" start_line="164" end_line="164" start_column="5" end_column="6" covered="no" />
            <range source_id="3" start_line="166" end_line="166" start_column="9" end_column="10" covered="no" />
            <range source_id="3" start_line="167" end_line="167" start_column="13" end_column="75" covered="no" />
            <range source_id="3" start_line="168" end_line="168" start_column="13" end_column="35" covered="no" />
            <range source_id="3" start_line="169" end_line="169" start_column="17" end_column="84" covered="no" />
            <range source_id="3" start_line="171" end_line="171" start_column="13" end_column="53" covered="no" />
            <range source_id="3" start_line="172" end_line="172" start_column="13" end_column="57" covered="no" />
            <range source_id="3" start_line="174" end_line="174" start_column="13" end_column="47" covered="no" />
            <range source_id="3" start_line="176" end_line="176" start_column="9" end_column="29" covered="no" />
            <range source_id="3" start_line="177" end_line="177" start_column="9" end_column="10" covered="no" />
            <range source_id="3" start_line="178" end_line="178" start_column="13" end_column="90" covered="no" />
            <range source_id="3" start_line="180" end_line="180" start_column="5" end_column="6" covered="no" />
          </ranges>
        </function>
        <function id="36352" token="0x60002bd" name="MoveNext()" namespace="AzAgroPOS.Mentiq.Idareciler" type_name="AlisManager.&lt;TedarukcuYaratAsync&gt;d__4" block_coverage="0.00" line_coverage="0.00" blocks_covered="0" blocks_not_covered="36" lines_covered="0" lines_partially_covered="0" lines_not_covered="21">
          <ranges>
            <range source_id="3" start_line="95" end_line="95" start_column="5" end_column="6" covered="no" />
            <range source_id="3" start_line="97" end_line="97" start_column="9" end_column="10" covered="no" />
            <range source_id="3" start_line="99" end_line="99" start_column="13" end_column="51" covered="no" />
            <range source_id="3" start_line="100" end_line="100" start_column="17" end_column="88" covered="no" />
            <range source_id="3" start_line="103" end_line="112" start_column="13" end_column="15" covered="no" />
            <range source_id="3" start_line="114" end_line="114" start_column="13" end_column="72" covered="no" />
            <range source_id="3" start_line="115" end_line="115" start_column="13" end_column="57" covered="no" />
            <range source_id="3" start_line="117" end_line="117" start_column="13" end_column="68" covered="no" />
            <range source_id="3" start_line="119" end_line="119" start_column="9" end_column="29" covered="no" />
            <range source_id="3" start_line="120" end_line="120" start_column="9" end_column="10" covered="no" />
            <range source_id="3" start_line="121" end_line="121" start_column="13" end_column="97" covered="no" />
            <range source_id="3" start_line="123" end_line="123" start_column="5" end_column="6" covered="no" />
          </ranges>
        </function>
        <function id="36976" token="0x60002c0" name="MoveNext()" namespace="AzAgroPOS.Mentiq.Idareciler" type_name="AlisManager.&lt;TedarukcuYenileAsync&gt;d__5" block_coverage="0.00" line_coverage="0.00" blocks_covered="0" blocks_not_covered="40" lines_covered="0" lines_partially_covered="0" lines_not_covered="21">
          <ranges>
            <range source_id="3" start_line="129" end_line="129" start_column="5" end_column="6" covered="no" />
            <range source_id="3" start_line="131" end_line="131" start_column="9" end_column="10" covered="no" />
            <range source_id="3" start_line="132" end_line="132" start_column="13" end_column="85" covered="no" />
            <range source_id="3" start_line="133" end_line="133" start_column="13" end_column="41" covered="no" />
            <range source_id="3" start_line="134" end_line="134" start_column="17" end_column="90" covered="no" />
            <range source_id="3" start_line="137" end_line="137" start_column="13" end_column="51" covered="no" />
            <range source_id="3" start_line="138" end_line="138" start_column="17" end_column="83" covered="no" />
            <range source_id="3" start_line="141" end_line="141" start_column="13" end_column="41" covered="no" />
            <range source_id="3" start_line="142" end_line="142" start_column="13" end_column="45" covered="no" />
            <range source_id="3" start_line="143" end_line="143" start_column="13" end_column="47" covered="no" />
            <range source_id="3" start_line="144" end_line="144" start_column="13" end_column="51" covered="no" />
            <range source_id="3" start_line="145" end_line="145" start_column="13" end_column="47" covered="no" />
            <range source_id="3" start_line="146" end_line="146" start_column="13" end_column="57" covered="no" />
            <range source_id="3" start_line="147" end_line="147" start_column="13" end_column="53" covered="no" />
            <range source_id="3" start_line="149" end_line="149" start_column="13" end_column="62" covered="no" />
            <range source_id="3" start_line="150" end_line="150" start_column="13" end_column="57" covered="no" />
            <range source_id="3" start_line="152" end_line="152" start_column="13" end_column="47" covered="no" />
            <range source_id="3" start_line="154" end_line="154" start_column="9" end_column="29" covered="no" />
            <range source_id="3" start_line="155" end_line="155" start_column="9" end_column="10" covered="no" />
            <range source_id="3" start_line="156" end_line="156" start_column="13" end_column="107" covered="no" />
            <range source_id="3" start_line="158" end_line="158" start_column="5" end_column="6" covered="no" />
          </ranges>
        </function>
        <function id="37708" token="0x60002c4" name="MoveNext()" namespace="AzAgroPOS.Mentiq.Idareciler" type_name="AnbarManager.&lt;AnbardakiStokuArtirAsync&gt;d__3" block_coverage="0.00" line_coverage="0.00" blocks_covered="0" blocks_not_covered="21" lines_covered="0" lines_partially_covered="0" lines_not_covered="11">
          <ranges>
            <range source_id="4" start_line="57" end_line="57" start_column="5" end_column="6" covered="no" />
            <range source_id="4" start_line="58" end_line="58" start_column="9" end_column="33" covered="no" />
            <range source_id="4" start_line="59" end_line="59" start_column="13" end_column="94" covered="no" />
            <range source_id="4" start_line="61" end_line="61" start_column="9" end_column="71" covered="no" />
            <range source_id="4" start_line="62" end_line="62" start_column="9" end_column="28" covered="no" />
            <range source_id="4" start_line="63" end_line="63" start_column="13" end_column="72" covered="no" />
            <range source_id="4" start_line="65" end_line="65" start_column="9" end_column="44" covered="no" />
            <range source_id="4" start_line="66" end_line="66" start_column="9" end_column="46" covered="no" />
            <range source_id="4" start_line="67" end_line="67" start_column="9" end_column="53" covered="no" />
            <range source_id="4" start_line="69" end_line="69" start_column="9" end_column="64" covered="no" />
            <range source_id="4" start_line="70" end_line="70" start_column="5" end_column="6" covered="no" />
          </ranges>
        </function>
        <function id="38232" token="0x60002c7" name="MoveNext()" namespace="AzAgroPOS.Mentiq.Idareciler" type_name="AnbarManager.&lt;MehsulTapAsync&gt;d__2" block_coverage="0.00" line_coverage="0.00" blocks_covered="0" blocks_not_covered="43" lines_covered="0" lines_partially_covered="0" lines_not_covered="16">
          <ranges>
            <range source_id="4" start_line="28" end_line="28" start_column="5" end_column="6" covered="no" />
            <range source_id="4" start_line="29" end_line="29" start_column="9" end_column="59" covered="no" />
            <range source_id="4" start_line="30" end_line="30" start_column="13" end_column="91" covered="no" />
            <range source_id="4" start_line="32" end_line="32" start_column="9" end_column="153" covered="no" />
            <range source_id="4" start_line="34" end_line="34" start_column="9" end_column="28" covered="no" />
            <range source_id="4" start_line="35" end_line="35" start_column="13" end_column="92" covered="no" />
            <range source_id="4" start_line="37" end_line="44" start_column="9" end_column="11" covered="no" />
            <range source_id="4" start_line="46" end_line="46" start_column="9" end_column="63" covered="no" />
            <range source_id="4" start_line="47" end_line="47" start_column="5" end_column="6" covered="no" />
          </ranges>
        </function>
        <function id="38928" token="0x60002cb" name="&lt;MehsullariAxtarAsync&gt;b__2_0(AzAgroPOS.Varliglar.Mehsul)" namespace="AzAgroPOS.Mentiq.Idareciler" type_name="BarkodCapiManager.&lt;&gt;c" block_coverage="100.00" line_coverage="100.00" blocks_covered="22" blocks_not_covered="0" lines_covered="14" lines_partially_covered="0" lines_not_covered="0">
          <ranges>
            <range source_id="5" start_line="48" end_line="61" start_column="44" end_column="10" covered="yes" />
          </ranges>
        </function>
        <function id="39096" token="0x60002ce" name="MoveNext()" namespace="AzAgroPOS.Mentiq.Idareciler" type_name="BarkodCapiManager.&lt;MehsullariAxtarAsync&gt;d__2" block_coverage="100.00" line_coverage="100.00" blocks_covered="56" blocks_not_covered="0" lines_covered="29" lines_partially_covered="0" lines_not_covered="0">
          <ranges>
            <range source_id="5" start_line="29" end_line="29" start_column="5" end_column="6" covered="yes" />
            <range source_id="5" start_line="30" end_line="30" start_column="9" end_column="53" covered="yes" />
            <range source_id="5" start_line="31" end_line="31" start_column="9" end_column="10" covered="yes" />
            <range source_id="5" start_line="32" end_line="32" start_column="13" end_column="96" covered="yes" />
            <range source_id="5" start_line="35" end_line="35" start_column="9" end_column="57" covered="yes" />
            <range source_id="5" start_line="37" end_line="41" start_column="9" end_column="11" covered="yes" />
            <range source_id="5" start_line="43" end_line="43" start_column="9" end_column="30" covered="yes" />
            <range source_id="5" start_line="44" end_line="44" start_column="9" end_column="10" covered="yes" />
            <range source_id="5" start_line="45" end_line="45" start_column="13" end_column="99" covered="yes" />
            <range source_id="5" start_line="48" end_line="61" start_column="9" end_column="21" covered="yes" />
            <range source_id="5" start_line="63" end_line="63" start_column="9" end_column="66" covered="yes" />
            <range source_id="5" start_line="64" end_line="64" start_column="5" end_column="6" covered="yes" />
          </ranges>
        </function>
        <function id="39932" token="0x60002d2" name="&lt;ButunBrendleriGetirAsync&gt;b__2_0(AzAgroPOS.Varliglar.Brend)" namespace="AzAgroPOS.Mentiq.Idareciler" type_name="BrendMeneceri.&lt;&gt;c" block_coverage="0.00" line_coverage="0.00" blocks_covered="0" blocks_not_covered="16" lines_covered="0" lines_partially_covered="0" lines_not_covered="10">
          <ranges>
            <range source_id="6" start_line="34" end_line="43" start_column="47" end_column="14" covered="no" />
          </ranges>
        </function>
        <function id="40052" token="0x60002d4" name="MoveNext()" namespace="AzAgroPOS.Mentiq.Idareciler" type_name="BrendMeneceri.&lt;BrendGetirAsync&gt;d__3" block_coverage="0.00" line_coverage="0.00" blocks_covered="0" blocks_not_covered="30" lines_covered="0" lines_partially_covered="0" lines_not_covered="20">
          <ranges>
            <range source_id="6" start_line="57" end_line="57" start_column="5" end_column="6" covered="no" />
            <range source_id="6" start_line="59" end_line="59" start_column="9" end_column="10" covered="no" />
            <range source_id="6" start_line="60" end_line="60" start_column="13" end_column="67" covered="no" />
            <range source_id="6" start_line="61" end_line="61" start_column="13" end_column="31" covered="no" />
            <range source_id="6" start_line="62" end_line="62" start_column="17" end_column="80" covered="no" />
            <range source_id="6" start_line="64" end_line="73" start_column="13" end_column="15" covered="no" />
            <range source_id="6" start_line="75" end_line="75" start_column="13" end_column="60" covered="no" />
            <range source_id="6" start_line="77" end_line="77" start_column="9" end_column="29" covered="no" />
            <range source_id="6" start_line="78" end_line="78" start_column="9" end_column="10" covered="no" />
            <range source_id="6" start_line="79" end_line="79" start_column="13" end_column="112" covered="no" />
            <range source_id="6" start_line="81" end_line="81" start_column="5" end_column="6" covered="no" />
          </ranges>
        </function>
        <function id="40564" token="0x60002d7" name="MoveNext()" namespace="AzAgroPOS.Mentiq.Idareciler" type_name="BrendMeneceri.&lt;BrendSilAsync&gt;d__6" block_coverage="0.00" line_coverage="0.00" blocks_covered="0" blocks_not_covered="20" lines_covered="0" lines_partially_covered="0" lines_not_covered="12">
          <ranges>
            <range source_id="6" start_line="154" end_line="154" start_column="5" end_column="6" covered="no" />
            <range source_id="6" start_line="156" end_line="156" start_column="9" end_column="10" covered="no" />
            <range source_id="6" start_line="157" end_line="157" start_column="13" end_column="67" covered="no" />
            <range source_id="6" start_line="158" end_line="158" start_column="13" end_column="31" covered="no" />
            <range source_id="6" start_line="159" end_line="159" start_column="17" end_column="80" covered="no" />
            <range source_id="6" start_line="161" end_line="161" start_column="13" end_column="45" covered="no" />
            <range source_id="6" start_line="162" end_line="162" start_column="13" end_column="57" covered="no" />
            <range source_id="6" start_line="164" end_line="164" start_column="13" end_column="47" covered="no" />
            <range source_id="6" start_line="166" end_line="166" start_column="9" end_column="29" covered="no" />
            <range source_id="6" start_line="167" end_line="167" start_column="9" end_column="10" covered="no" />
            <range source_id="6" start_line="168" end_line="168" start_column="13" end_column="86" covered="no" />
            <range source_id="6" start_line="170" end_line="170" start_column="5" end_column="6" covered="no" />
          </ranges>
        </function>
        <function id="41084" token="0x60002da" name="MoveNext()" namespace="AzAgroPOS.Mentiq.Idareciler" type_name="BrendMeneceri.&lt;BrendYaratAsync&gt;d__4" block_coverage="0.00" line_coverage="0.00" blocks_covered="0" blocks_not_covered="34" lines_covered="0" lines_partially_covered="0" lines_not_covered="20">
          <ranges>
            <range source_id="6" start_line="87" end_line="87" start_column="5" end_column="6" covered="no" />
            <range source_id="6" start_line="89" end_line="89" start_column="9" end_column="10" covered="no" />
            <range source_id="6" start_line="91" end_line="91" start_column="13" end_column="51" covered="no" />
            <range source_id="6" start_line="92" end_line="92" start_column="17" end_column="84" covered="no" />
            <range source_id="6" start_line="95" end_line="103" start_column="13" end_column="15" covered="no" />
            <range source_id="6" start_line="105" end_line="105" start_column="13" end_column="64" covered="no" />
            <range source_id="6" start_line="106" end_line="106" start_column="13" end_column="57" covered="no" />
            <range source_id="6" start_line="108" end_line="108" start_column="13" end_column="64" covered="no" />
            <range source_id="6" start_line="110" end_line="110" start_column="9" end_column="29" covered="no" />
            <range source_id="6" start_line="111" end_line="111" start_column="9" end_column="10" covered="no" />
            <range source_id="6" start_line="112" end_line="112" start_column="13" end_column="93" covered="no" />
            <range source_id="6" start_line="114" end_line="114" start_column="5" end_column="6" covered="no" />
          </ranges>
        </function>
        <function id="41692" token="0x60002dd" name="MoveNext()" namespace="AzAgroPOS.Mentiq.Idareciler" type_name="BrendMeneceri.&lt;BrendYenileAsync&gt;d__5" block_coverage="0.00" line_coverage="0.00" blocks_covered="0" blocks_not_covered="38" lines_covered="0" lines_partially_covered="0" lines_not_covered="20">
          <ranges>
            <range source_id="6" start_line="120" end_line="120" start_column="5" end_column="6" covered="no" />
            <range source_id="6" start_line="122" end_line="122" start_column="9" end_column="10" covered="no" />
            <range source_id="6" start_line="123" end_line="123" start_column="13" end_column="77" covered="no" />
            <range source_id="6" start_line="124" end_line="124" start_column="13" end_column="37" covered="no" />
            <range source_id="6" start_line="125" end_line="125" start_column="17" end_column="86" covered="no" />
            <range source_id="6" start_line="128" end_line="128" start_column="13" end_column="51" covered="no" />
            <range source_id="6" start_line="129" end_line="129" start_column="17" end_column="79" covered="no" />
            <range source_id="6" start_line="132" end_line="132" start_column="13" end_column="37" covered="no" />
            <range source_id="6" start_line="133" end_line="133" start_column="13" end_column="41" covered="no" />
            <range source_id="6" start_line="134" end_line="134" start_column="13" end_column="47" covered="no" />
            <range source_id="6" start_line="135" end_line="135" start_column="13" end_column="45" covered="no" />
            <range source_id="6" start_line="136" end_line="136" start_column="13" end_column="57" covered="no" />
            <range source_id="6" start_line="137" end_line="137" start_column="13" end_column="49" covered="no" />
            <range source_id="6" start_line="139" end_line="139" start_column="13" end_column="54" covered="no" />
            <range source_id="6" start_line="140" end_line="140" start_column="13" end_column="57" covered="no" />
            <range source_id="6" start_line="142" end_line="142" start_column="13" end_column="47" covered="no" />
            <range source_id="6" start_line="144" end_line="144" start_column="9" end_column="29" covered="no" />
            <range source_id="6" start_line="145" end_line="145" start_column="9" end_column="10" covered="no" />
            <range source_id="6" start_line="146" end_line="146" start_column="13" end_column="103" covered="no" />
            <range source_id="6" start_line="148" end_line="148" start_column="5" end_column="6" covered="no" />
          </ranges>
        </function>
        <function id="42392" token="0x60002e0" name="MoveNext()" namespace="AzAgroPOS.Mentiq.Idareciler" type_name="BrendMeneceri.&lt;ButunBrendleriGetirAsync&gt;d__2" block_coverage="0.00" line_coverage="0.00" blocks_covered="0" blocks_not_covered="17" lines_covered="0" lines_partially_covered="0" lines_not_covered="18">
          <ranges>
            <range source_id="6" start_line="30" end_line="30" start_column="5" end_column="6" covered="no" />
            <range source_id="6" start_line="32" end_line="32" start_column="9" end_column="10" covered="no" />
            <range source_id="6" start_line="33" end_line="33" start_column="13" end_column="76" covered="no" />
            <range source_id="6" start_line="34" end_line="43" start_column="13" end_column="25" covered="no" />
            <range source_id="6" start_line="45" end_line="45" start_column="13" end_column="69" covered="no" />
            <range source_id="6" start_line="47" end_line="47" start_column="9" end_column="29" covered="no" />
            <range source_id="6" start_line="48" end_line="48" start_column="9" end_column="10" covered="no" />
            <range source_id="6" start_line="49" end_line="49" start_column="13" end_column="108" covered="no" />
            <range source_id="6" start_line="51" end_line="51" start_column="5" end_column="6" covered="no" />
          </ranges>
        </function>
        <function id="42796" token="0x60002e4" name="&lt;GunlukSatisHesabatiGetirAsync&gt;b__2_0(AzAgroPOS.Varliglar.Satis)" namespace="AzAgroPOS.Mentiq.Idareciler" type_name="HesabatManager.&lt;&gt;c" block_coverage="100.00" line_coverage="100.00" blocks_covered="3" blocks_not_covered="0" lines_covered="1" lines_partially_covered="0" lines_not_covered="0">
          <ranges>
            <range source_id="7" start_line="41" end_line="41" start_column="50" end_column="70" covered="yes" />
          </ranges>
        </function>
        <function id="42824" token="0x60002e5" name="&lt;GunlukSatisHesabatiGetirAsync&gt;b__2_1(AzAgroPOS.Varliglar.Satis)" namespace="AzAgroPOS.Mentiq.Idareciler" type_name="HesabatManager.&lt;&gt;c" block_coverage="100.00" line_coverage="100.00" blocks_covered="3" blocks_not_covered="0" lines_covered="1" lines_partially_covered="0" lines_not_covered="0">
          <ranges>
            <range source_id="7" start_line="41" end_line="41" start_column="84" end_column="101" covered="yes" />
          </ranges>
        </function>
        <function id="42851" token="0x60002e6" name="&lt;GunlukSatisHesabatiGetirAsync&gt;b__2_4(AzAgroPOS.Varliglar.Musteri)" namespace="AzAgroPOS.Mentiq.Idareciler" type_name="HesabatManager.&lt;&gt;c" block_coverage="100.00" line_coverage="100.00" blocks_covered="2" blocks_not_covered="0" lines_covered="1" lines_partially_covered="0" lines_not_covered="0">
          <ranges>
            <range source_id="7" start_line="43" end_line="43" start_column="49" end_column="53" covered="yes" />
          </ranges>
        </function>
        <function id="42859" token="0x60002e7" name="&lt;GunlukSatisHesabatiGetirAsync&gt;b__2_5(AzAgroPOS.Varliglar.Musteri)" namespace="AzAgroPOS.Mentiq.Idareciler" type_name="HesabatManager.&lt;&gt;c" block_coverage="100.00" line_coverage="100.00" blocks_covered="2" blocks_not_covered="0" lines_covered="1" lines_partially_covered="0" lines_not_covered="0">
          <ranges>
            <range source_id="7" start_line="43" end_line="43" start_column="60" end_column="67" covered="yes" />
          </ranges>
        </function>
        <function id="42867" token="0x60002e8" name="&lt;GunlukSatisHesabatiGetirAsync&gt;b__2_6(AzAgroPOS.Varliglar.Satis)" namespace="AzAgroPOS.Mentiq.Idareciler" type_name="HesabatManager.&lt;&gt;c" block_coverage="100.00" line_coverage="100.00" blocks_covered="2" blocks_not_covered="0" lines_covered="1" lines_partially_covered="0" lines_not_covered="0">
          <ranges>
            <range source_id="7" start_line="54" end_line="54" start_column="51" end_column="64" covered="yes" />
          </ranges>
        </function>
        <function id="42875" token="0x60002e9" name="&lt;GunlukSatisHesabatiGetirAsync&gt;b__2_7(AzAgroPOS.Varliglar.Satis)" namespace="AzAgroPOS.Mentiq.Idareciler" type_name="HesabatManager.&lt;&gt;c" block_coverage="100.00" line_coverage="100.00" blocks_covered="2" blocks_not_covered="0" lines_covered="1" lines_partially_covered="0" lines_not_covered="0">
          <ranges>
            <range source_id="7" start_line="56" end_line="56" start_column="53" end_column="88" covered="yes" />
          </ranges>
        </function>
        <function id="42886" token="0x60002ea" name="&lt;GunlukSatisHesabatiGetirAsync&gt;b__2_8(AzAgroPOS.Varliglar.Satis)" namespace="AzAgroPOS.Mentiq.Idareciler" type_name="HesabatManager.&lt;&gt;c" block_coverage="100.00" line_coverage="100.00" blocks_covered="2" blocks_not_covered="0" lines_covered="1" lines_partially_covered="0" lines_not_covered="0">
          <ranges>
            <range source_id="7" start_line="56" end_line="56" start_column="99" end_column="112" covered="yes" />
          </ranges>
        </function>
        <function id="42894" token="0x60002eb" name="&lt;GunlukSatisHesabatiGetirAsync&gt;b__2_9(AzAgroPOS.Varliglar.Satis)" namespace="AzAgroPOS.Mentiq.Idareciler" type_name="HesabatManager.&lt;&gt;c" block_coverage="100.00" line_coverage="100.00" blocks_covered="2" blocks_not_covered="0" lines_covered="1" lines_partially_covered="0" lines_not_covered="0">
          <ranges>
            <range source_id="7" start_line="57" end_line="57" start_column="53" end_column="88" covered="yes" />
          </ranges>
        </function>
        <function id="42905" token="0x60002ec" name="&lt;GunlukSatisHesabatiGetirAsync&gt;b__2_10(AzAgroPOS.Varliglar.Satis)" namespace="AzAgroPOS.Mentiq.Idareciler" type_name="HesabatManager.&lt;&gt;c" block_coverage="100.00" line_coverage="100.00" blocks_covered="2" blocks_not_covered="0" lines_covered="1" lines_partially_covered="0" lines_not_covered="0">
          <ranges>
            <range source_id="7" start_line="57" end_line="57" start_column="99" end_column="112" covered="yes" />
          </ranges>
        </function>
        <function id="42913" token="0x60002ed" name="&lt;GunlukSatisHesabatiGetirAsync&gt;b__2_11(AzAgroPOS.Varliglar.Satis)" namespace="AzAgroPOS.Mentiq.Idareciler" type_name="HesabatManager.&lt;&gt;c" block_coverage="100.00" line_coverage="100.00" blocks_covered="2" blocks_not_covered="0" lines_covered="1" lines_partially_covered="0" lines_not_covered="0">
          <ranges>
            <range source_id="7" start_line="58" end_line="58" start_column="54" end_column="90" covered="yes" />
          </ranges>
        </function>
        <function id="42924" token="0x60002ee" name="&lt;GunlukSatisHesabatiGetirAsync&gt;b__2_12(AzAgroPOS.Varliglar.Satis)" namespace="AzAgroPOS.Mentiq.Idareciler" type_name="HesabatManager.&lt;&gt;c" block_coverage="100.00" line_coverage="100.00" blocks_covered="2" blocks_not_covered="0" lines_covered="1" lines_partially_covered="0" lines_not_covered="0">
          <ranges>
            <range source_id="7" start_line="58" end_line="58" start_column="101" end_column="114" covered="yes" />
          </ranges>
        </function>
        <function id="42932" token="0x60002ef" name="&lt;GunlukSatisHesabatiGetirAsync&gt;b__2_14(AzAgroPOS.Mentiq.DTOs.GunlukSatisDetayDto)" namespace="AzAgroPOS.Mentiq.Idareciler" type_name="HesabatManager.&lt;&gt;c" block_coverage="100.00" line_coverage="100.00" blocks_covered="2" blocks_not_covered="0" lines_covered="1" lines_partially_covered="0" lines_not_covered="0">
          <ranges>
            <range source_id="7" start_line="68" end_line="68" start_column="33" end_column="40" covered="yes" />
          </ranges>
        </function>
        <function id="42940" token="0x60002f0" name="&lt;MehsulUzreSatisHesabatiGetirAsync&gt;b__3_0(AzAgroPOS.Varliglar.Satis)" namespace="AzAgroPOS.Mentiq.Idareciler" type_name="HesabatManager.&lt;&gt;c" block_coverage="100.00" line_coverage="100.00" blocks_covered="2" blocks_not_covered="0" lines_covered="1" lines_partially_covered="0" lines_not_covered="0">
          <ranges>
            <range source_id="7" start_line="93" end_line="93" start_column="60" end_column="76" covered="yes" />
          </ranges>
        </function>
        <function id="42948" token="0x60002f1" name="&lt;MehsulUzreSatisHesabatiGetirAsync&gt;b__3_1(AzAgroPOS.Varliglar.SatisDetali)" namespace="AzAgroPOS.Mentiq.Idareciler" type_name="HesabatManager.&lt;&gt;c" block_coverage="100.00" line_coverage="100.00" blocks_covered="2" blocks_not_covered="0" lines_covered="1" lines_partially_covered="0" lines_not_covered="0">
          <ranges>
            <range source_id="7" start_line="93" end_line="93" start_column="90" end_column="100" covered="yes" />
          </ranges>
        </function>
        <function id="42956" token="0x60002f2" name="&lt;MehsulUzreSatisHesabatiGetirAsync&gt;b__3_8(AzAgroPOS.Varliglar.Mehsul)" namespace="AzAgroPOS.Mentiq.Idareciler" type_name="HesabatManager.&lt;&gt;c" block_coverage="100.00" line_coverage="100.00" blocks_covered="2" blocks_not_covered="0" lines_covered="1" lines_partially_covered="0" lines_not_covered="0">
          <ranges>
            <range source_id="7" start_line="95" end_line="95" start_column="48" end_column="52" covered="yes" />
          </ranges>
        </function>
        <function id="42964" token="0x60002f3" name="&lt;MehsulUzreSatisHesabatiGetirAsync&gt;b__3_2(AzAgroPOS.Varliglar.Satis)" namespace="AzAgroPOS.Mentiq.Idareciler" type_name="HesabatManager.&lt;&gt;c" block_coverage="100.00" line_coverage="100.00" blocks_covered="2" blocks_not_covered="0" lines_covered="1" lines_partially_covered="0" lines_not_covered="0">
          <ranges>
            <range source_id="7" start_line="104" end_line="104" start_column="34" end_column="50" covered="yes" />
          </ranges>
        </function>
        <function id="42972" token="0x60002f4" name="&lt;MehsulUzreSatisHesabatiGetirAsync&gt;b__3_3(AzAgroPOS.Varliglar.SatisDetali)" namespace="AzAgroPOS.Mentiq.Idareciler" type_name="HesabatManager.&lt;&gt;c" block_coverage="100.00" line_coverage="100.00" blocks_covered="2" blocks_not_covered="0" lines_covered="1" lines_partially_covered="0" lines_not_covered="0">
          <ranges>
            <range source_id="7" start_line="105" end_line="105" start_column="31" end_column="41" covered="yes" />
          </ranges>
        </function>
        <function id="42980" token="0x60002f5" name="&lt;MehsulUzreSatisHesabatiGetirAsync&gt;b__3_9(AzAgroPOS.Varliglar.SatisDetali)" namespace="AzAgroPOS.Mentiq.Idareciler" type_name="HesabatManager.&lt;&gt;c" block_coverage="100.00" line_coverage="100.00" blocks_covered="2" blocks_not_covered="0" lines_covered="1" lines_partially_covered="0" lines_not_covered="0">
          <ranges>
            <range source_id="7" start_line="110" end_line="110" start_column="52" end_column="60" covered="yes" />
          </ranges>
        </function>
        <function id="42988" token="0x60002f6" name="&lt;MehsulUzreSatisHesabatiGetirAsync&gt;b__3_10(AzAgroPOS.Varliglar.SatisDetali)" namespace="AzAgroPOS.Mentiq.Idareciler" type_name="HesabatManager.&lt;&gt;c" block_coverage="100.00" line_coverage="100.00" blocks_covered="4" blocks_not_covered="0" lines_covered="1" lines_partially_covered="0" lines_not_covered="0">
          <ranges>
            <range source_id="7" start_line="111" end_line="111" start_column="45" end_column="64" covered="yes" />
          </ranges>
        </function>
        <function id="43007" token="0x60002f7" name="&lt;MehsulUzreSatisHesabatiGetirAsync&gt;b__3_5(AzAgroPOS.Mentiq.DTOs.MehsulUzreSatisDetayDto)" namespace="AzAgroPOS.Mentiq.Idareciler" type_name="HesabatManager.&lt;&gt;c" block_coverage="100.00" line_coverage="100.00" blocks_covered="2" blocks_not_covered="0" lines_covered="1" lines_partially_covered="0" lines_not_covered="0">
          <ranges>
            <range source_id="7" start_line="113" end_line="113" start_column="41" end_column="53" covered="yes" />
          </ranges>
        </function>
        <function id="43015" token="0x60002f8" name="&lt;AnbarQaliqHesabatiGetirAsync&gt;b__4_0(AzAgroPOS.Varliglar.Mehsul)" namespace="AzAgroPOS.Mentiq.Idareciler" type_name="HesabatManager.&lt;&gt;c" block_coverage="0.00" line_coverage="0.00" blocks_covered="0" blocks_not_covered="8" lines_covered="0" lines_partially_covered="0" lines_not_covered="6">
          <ranges>
            <range source_id="7" start_line="141" end_line="146" start_column="30" end_column="18" covered="no" />
          </ranges>
        </function>
        <function id="43061" token="0x60002f9" name="&lt;AnbarQaliqHesabatiGetirAsync&gt;b__4_1(AzAgroPOS.Mentiq.DTOs.AnbarQaliqDetayDto)" namespace="AzAgroPOS.Mentiq.Idareciler" type_name="HesabatManager.&lt;&gt;c" block_coverage="0.00" line_coverage="0.00" blocks_covered="0" blocks_not_covered="2" lines_covered="0" lines_partially_covered="0" lines_not_covered="1">
          <ranges>
            <range source_id="7" start_line="147" end_line="147" start_column="31" end_column="42" covered="no" />
          </ranges>
        </function>
        <function id="43069" token="0x60002fa" name="&lt;BaglanmisNovbeleriGetirAsync&gt;b__5_0(AzAgroPOS.Varliglar.Novbe)" namespace="AzAgroPOS.Mentiq.Idareciler" type_name="HesabatManager.&lt;&gt;c" block_coverage="0.00" line_coverage="0.00" blocks_covered="0" blocks_not_covered="2" lines_covered="0" lines_partially_covered="0" lines_not_covered="1">
          <ranges>
            <range source_id="7" start_line="166" end_line="166" start_column="48" end_column="56" covered="no" />
          </ranges>
        </function>
        <function id="43077" token="0x60002fb" name="&lt;BaglanmisNovbeleriGetirAsync&gt;b__5_5(AzAgroPOS.Varliglar.Istifadeci)" namespace="AzAgroPOS.Mentiq.Idareciler" type_name="HesabatManager.&lt;&gt;c" block_coverage="0.00" line_coverage="0.00" blocks_covered="0" blocks_not_covered="2" lines_covered="0" lines_partially_covered="0" lines_not_covered="1">
          <ranges>
            <range source_id="7" start_line="168" end_line="168" start_column="46" end_column="50" covered="no" />
          </ranges>
        </function>
        <function id="43085" token="0x60002fc" name="&lt;BaglanmisNovbeleriGetirAsync&gt;b__5_6(AzAgroPOS.Varliglar.Istifadeci)" namespace="AzAgroPOS.Mentiq.Idareciler" type_name="HesabatManager.&lt;&gt;c" block_coverage="0.00" line_coverage="0.00" blocks_covered="0" blocks_not_covered="2" lines_covered="0" lines_partially_covered="0" lines_not_covered="1">
          <ranges>
            <range source_id="7" start_line="168" end_line="168" start_column="57" end_column="64" covered="no" />
          </ranges>
        </function>
        <function id="43093" token="0x60002fd" name="&lt;BaglanmisNovbeleriGetirAsync&gt;b__5_2(AzAgroPOS.Mentiq.DTOs.BaglanmisNovbeDto)" namespace="AzAgroPOS.Mentiq.Idareciler" type_name="HesabatManager.&lt;&gt;c" block_coverage="0.00" line_coverage="0.00" blocks_covered="0" blocks_not_covered="2" lines_covered="0" lines_partially_covered="0" lines_not_covered="1">
          <ranges>
            <range source_id="7" start_line="180" end_line="180" start_column="41" end_column="57" covered="no" />
          </ranges>
        </function>
        <function id="43101" token="0x60002fe" name="&lt;ZHesabatTekrarGetirAsync&gt;b__6_1(AzAgroPOS.Varliglar.Satis)" namespace="AzAgroPOS.Mentiq.Idareciler" type_name="HesabatManager.&lt;&gt;c" block_coverage="0.00" line_coverage="0.00" blocks_covered="0" blocks_not_covered="2" lines_covered="0" lines_partially_covered="0" lines_not_covered="1">
          <ranges>
            <range source_id="7" start_line="213" end_line="213" start_column="57" end_column="92" covered="no" />
          </ranges>
        </function>
        <function id="43112" token="0x60002ff" name="&lt;ZHesabatTekrarGetirAsync&gt;b__6_2(AzAgroPOS.Varliglar.Satis)" namespace="AzAgroPOS.Mentiq.Idareciler" type_name="HesabatManager.&lt;&gt;c" block_coverage="0.00" line_coverage="0.00" blocks_covered="0" blocks_not_covered="2" lines_covered="0" lines_partially_covered="0" lines_not_covered="1">
          <ranges>
            <range source_id="7" start_line="213" end_line="213" start_column="103" end_column="116" covered="no" />
          </ranges>
        </function>
        <function id="43120" token="0x6000300" name="&lt;ZHesabatTekrarGetirAsync&gt;b__6_3(AzAgroPOS.Varliglar.Satis)" namespace="AzAgroPOS.Mentiq.Idareciler" type_name="HesabatManager.&lt;&gt;c" block_coverage="0.00" line_coverage="0.00" blocks_covered="0" blocks_not_covered="2" lines_covered="0" lines_partially_covered="0" lines_not_covered="1">
          <ranges>
            <range source_id="7" start_line="214" end_line="214" start_column="57" end_column="92" covered="no" />
          </ranges>
        </function>
        <function id="43131" token="0x6000301" name="&lt;ZHesabatTekrarGetirAsync&gt;b__6_4(AzAgroPOS.Varliglar.Satis)" namespace="AzAgroPOS.Mentiq.Idareciler" type_name="HesabatManager.&lt;&gt;c" block_coverage="0.00" line_coverage="0.00" blocks_covered="0" blocks_not_covered="2" lines_covered="0" lines_partially_covered="0" lines_not_covered="1">
          <ranges>
            <range source_id="7" start_line="214" end_line="214" start_column="103" end_column="116" covered="no" />
          </ranges>
        </function>
        <function id="43148" token="0x6000303" name="&lt;GunlukSatisHesabatiGetirAsync&gt;b__13(AzAgroPOS.Varliglar.Satis)" namespace="AzAgroPOS.Mentiq.Idareciler" type_name="HesabatManager.&lt;&gt;c__DisplayClass2_0" block_coverage="100.00" line_coverage="100.00" blocks_covered="23" blocks_not_covered="0" lines_covered="10" lines_partially_covered="0" lines_not_covered="0">
          <ranges>
            <range source_id="7" start_line="59" end_line="68" start_column="59" end_column="18" covered="yes" />
          </ranges>
        </function>
        <function id="43324" token="0x6000305" name="&lt;MehsulUzreSatisHesabatiGetirAsync&gt;b__4(System.Linq.IGrouping&lt;int, AzAgroPOS.Varliglar.SatisDetali&gt;)" namespace="AzAgroPOS.Mentiq.Idareciler" type_name="HesabatManager.&lt;&gt;c__DisplayClass3_0" block_coverage="92.86" line_coverage="0.00" blocks_covered="26" blocks_not_covered="2" lines_covered="0" lines_partially_covered="7" lines_not_covered="0">
          <ranges>
            <range source_id="7" start_line="106" end_line="112" start_column="30" end_column="18" covered="partial" />
          </ranges>
        </function>
        <function id="43560" token="0x6000308" name="&lt;BaglanmisNovbeleriGetirAsync&gt;b__1(AzAgroPOS.Varliglar.Novbe)" namespace="AzAgroPOS.Mentiq.Idareciler" type_name="HesabatManager.&lt;&gt;c__DisplayClass5_0" block_coverage="0.00" line_coverage="0.00" blocks_covered="0" blocks_not_covered="14" lines_covered="0" lines_partially_covered="0" lines_not_covered="6">
          <ranges>
            <range source_id="7" start_line="174" end_line="179" start_column="30" end_column="18" covered="no" />
          </ranges>
        </function>
        <function id="43680" token="0x600030b" name="MoveNext()" namespace="AzAgroPOS.Mentiq.Idareciler" type_name="HesabatManager.&lt;AnbarQaliqHesabatiGetirAsync&gt;d__4" block_coverage="0.00" line_coverage="0.00" blocks_covered="0" blocks_not_covered="40" lines_covered="0" lines_partially_covered="0" lines_not_covered="20">
          <ranges>
            <range source_id="7" start_line="130" end_line="130" start_column="5" end_column="6" covered="no" />
            <range source_id="7" start_line="132" end_line="132" start_column="9" end_column="10" covered="no" />
            <range source_id="7" start_line="133" end_line="133" start_column="13" end_column="98" covered="no" />
            <range source_id="7" start_line="135" end_line="135" start_column="13" end_column="34" covered="no" />
            <range source_id="7" start_line="136" end_line="136" start_column="13" end_column="14" covered="no" />
            <range source_id="7" start_line="137" end_line="137" start_column="17" end_column="134" covered="no" />
            <range source_id="7" start_line="140" end_line="148" start_column="13" end_column="27" covered="no" />
            <range source_id="7" start_line="150" end_line="150" start_column="13" end_column="80" covered="no" />
            <range source_id="7" start_line="152" end_line="152" start_column="9" end_column="29" covered="no" />
            <range source_id="7" start_line="153" end_line="153" start_column="9" end_column="10" covered="no" />
            <range source_id="7" start_line="154" end_line="154" start_column="13" end_column="127" covered="no" />
            <range source_id="7" start_line="156" end_line="156" start_column="5" end_column="6" covered="no" />
          </ranges>
        </function>
        <function id="44348" token="0x600030e" name="MoveNext()" namespace="AzAgroPOS.Mentiq.Idareciler" type_name="HesabatManager.&lt;BaglanmisNovbeleriGetirAsync&gt;d__5" block_coverage="0.00" line_coverage="0.00" blocks_covered="0" blocks_not_covered="54" lines_covered="0" lines_partially_covered="0" lines_not_covered="22">
          <ranges>
            <range source_id="7" start_line="161" end_line="161" start_column="5" end_column="6" covered="no" />
            <range source_id="7" start_line="163" end_line="163" start_column="9" end_column="10" covered="no" />
            <range source_id="7" start_line="164" end_line="164" start_column="13" end_column="103" covered="no" />
            <range source_id="7" start_line="166" end_line="166" start_column="13" end_column="78" covered="no" />
            <range source_id="7" start_line="167" end_line="168" start_column="13" end_column="66" covered="no" />
            <range source_id="7" start_line="170" end_line="170" start_column="13" end_column="33" covered="no" />
            <range source_id="7" start_line="171" end_line="171" start_column="17" end_column="113" covered="no" />
            <range source_id="7" start_line="173" end_line="181" start_column="13" end_column="27" covered="no" />
            <range source_id="7" start_line="183" end_line="183" start_column="13" end_column="83" covered="no" />
            <range source_id="7" start_line="185" end_line="185" start_column="9" end_column="29" covered="no" />
            <range source_id="7" start_line="186" end_line="186" start_column="9" end_column="10" covered="no" />
            <range source_id="7" start_line="187" end_line="187" start_column="13" end_column="126" covered="no" />
            <range source_id="7" start_line="189" end_line="189" start_column="5" end_column="6" covered="no" />
          </ranges>
        </function>
        <function id="45324" token="0x6000311" name="MoveNext()" namespace="AzAgroPOS.Mentiq.Idareciler" type_name="HesabatManager.&lt;GunlukSatisHesabatiGetirAsync&gt;d__2" block_coverage="96.30" line_coverage="91.67" blocks_covered="104" blocks_not_covered="4" lines_covered="33" lines_partially_covered="0" lines_not_covered="3">
          <ranges>
            <range source_id="7" start_line="30" end_line="30" start_column="5" end_column="6" covered="yes" />
            <range source_id="7" start_line="32" end_line="32" start_column="9" end_column="10" covered="yes" />
            <range source_id="7" start_line="33" end_line="33" start_column="13" end_column="40" covered="yes" />
            <range source_id="7" start_line="34" end_line="34" start_column="13" end_column="63" covered="yes" />
            <range source_id="7" start_line="37" end_line="38" start_column="13" end_column="80" covered="yes" />
            <range source_id="7" start_line="41" end_line="41" start_column="13" end_column="123" covered="yes" />
            <range source_id="7" start_line="42" end_line="43" start_column="13" end_column="69" covered="yes" />
            <range source_id="7" start_line="46" end_line="46" start_column="13" end_column="33" covered="yes" />
            <range source_id="7" start_line="47" end_line="47" start_column="13" end_column="14" covered="yes" />
            <range source_id="7" start_line="48" end_line="48" start_column="17" end_column="121" covered="yes" />
            <range source_id="7" start_line="51" end_line="69" start_column="13" end_column="15" covered="yes" />
            <range source_id="7" start_line="71" end_line="71" start_column="13" end_column="77" covered="yes" />
            <range source_id="7" start_line="73" end_line="73" start_column="9" end_column="29" covered="no" />
            <range source_id="7" start_line="74" end_line="74" start_column="9" end_column="10" covered="no" />
            <range source_id="7" start_line="76" end_line="76" start_column="13" end_column="124" covered="no" />
            <range source_id="7" start_line="78" end_line="78" start_column="5" end_column="6" covered="yes" />
          </ranges>
        </function>
        <function id="46864" token="0x6000314" name="MoveNext()" namespace="AzAgroPOS.Mentiq.Idareciler" type_name="HesabatManager.&lt;MehsulUzreSatisHesabatiGetirAsync&gt;d__3" block_coverage="95.00" line_coverage="89.29" blocks_covered="76" blocks_not_covered="4" lines_covered="25" lines_partially_covered="0" lines_not_covered="3">
          <ranges>
            <range source_id="7" start_line="85" end_line="85" start_column="5" end_column="6" covered="yes" />
            <range source_id="7" start_line="87" end_line="87" start_column="9" end_column="10" covered="yes" />
            <range source_id="7" start_line="88" end_line="88" start_column="13" end_column="50" covered="yes" />
            <range source_id="7" start_line="89" end_line="89" start_column="13" end_column="66" covered="yes" />
            <range source_id="7" start_line="91" end_line="91" start_column="13" end_column="131" covered="yes" />
            <range source_id="7" start_line="93" end_line="93" start_column="13" end_column="122" covered="yes" />
            <range source_id="7" start_line="94" end_line="95" start_column="13" end_column="54" covered="yes" />
            <range source_id="7" start_line="98" end_line="98" start_column="13" end_column="39" covered="yes" />
            <range source_id="7" start_line="99" end_line="99" start_column="13" end_column="14" covered="yes" />
            <range source_id="7" start_line="100" end_line="100" start_column="17" end_column="137" covered="yes" />
            <range source_id="7" start_line="103" end_line="114" start_column="13" end_column="27" covered="yes" />
            <range source_id="7" start_line="116" end_line="116" start_column="13" end_column="85" covered="yes" />
            <range source_id="7" start_line="118" end_line="118" start_column="9" end_column="29" covered="no" />
            <range source_id="7" start_line="119" end_line="119" start_column="9" end_column="10" covered="no" />
            <range source_id="7" start_line="120" end_line="120" start_column="13" end_column="132" covered="no" />
            <range source_id="7" start_line="122" end_line="122" start_column="5" end_column="6" covered="yes" />
          </ranges>
        </function>
        <function id="48096" token="0x6000317" name="MoveNext()" namespace="AzAgroPOS.Mentiq.Idareciler" type_name="HesabatManager.&lt;ZHesabatTekrarGetirAsync&gt;d__6" block_coverage="0.00" line_coverage="0.00" blocks_covered="0" blocks_not_covered="76" lines_covered="0" lines_partially_covered="0" lines_not_covered="24">
          <ranges>
            <range source_id="7" start_line="196" end_line="196" start_column="5" end_column="6" covered="no" />
            <range source_id="7" start_line="198" end_line="198" start_column="9" end_column="10" covered="no" />
            <range source_id="7" start_line="199" end_line="199" start_column="13" end_column="72" covered="no" />
            <range source_id="7" start_line="200" end_line="200" start_column="13" end_column="68" covered="no" />
            <range source_id="7" start_line="201" end_line="201" start_column="17" end_column="93" covered="no" />
            <range source_id="7" start_line="203" end_line="203" start_column="13" end_column="98" covered="no" />
            <range source_id="7" start_line="204" end_line="204" start_column="13" end_column="81" covered="no" />
            <range source_id="7" start_line="206" end_line="217" start_column="13" end_column="15" covered="no" />
            <range source_id="7" start_line="219" end_line="219" start_column="13" end_column="67" covered="no" />
            <range source_id="7" start_line="221" end_line="221" start_column="9" end_column="29" covered="no" />
            <range source_id="7" start_line="222" end_line="222" start_column="9" end_column="10" covered="no" />
            <range source_id="7" start_line="223" end_line="223" start_column="13" end_column="116" covered="no" />
            <range source_id="7" start_line="225" end_line="225" start_column="5" end_column="6" covered="no" />
          </ranges>
        </function>
        <function id="49291" token="0x600031b" name="&lt;IstifadecininIcazesiVarAsync&gt;b__2_0(AzAgroPOS.Varliglar.RolIcazesi)" namespace="AzAgroPOS.Mentiq.Idareciler" type_name="IcazeManager.&lt;&gt;c" block_coverage="0.00" line_coverage="0.00" blocks_covered="0" blocks_not_covered="2" lines_covered="0" lines_partially_covered="0" lines_not_covered="1">
          <ranges>
            <range source_id="8" start_line="49" end_line="49" start_column="57" end_column="67" covered="no" />
          </ranges>
        </function>
        <function id="49299" token="0x600031c" name="&lt;ButunIcazeleriGetirAsync&gt;b__3_0(AzAgroPOS.Varliglar.Icaze)" namespace="AzAgroPOS.Mentiq.Idareciler" type_name="IcazeManager.&lt;&gt;c" block_coverage="0.00" line_coverage="0.00" blocks_covered="0" blocks_not_covered="8" lines_covered="0" lines_partially_covered="0" lines_not_covered="6">
          <ranges>
            <range source_id="8" start_line="77" end_line="82" start_column="50" end_column="14" covered="no" />
          </ranges>
        </function>
        <function id="49345" token="0x600031d" name="&lt;RolIcazeleriniGetirAsync&gt;b__5_0(AzAgroPOS.Varliglar.RolIcazesi)" namespace="AzAgroPOS.Mentiq.Idareciler" type_name="IcazeManager.&lt;&gt;c" block_coverage="0.00" line_coverage="0.00" blocks_covered="0" blocks_not_covered="2" lines_covered="0" lines_partially_covered="0" lines_not_covered="1">
          <ranges>
            <range source_id="8" start_line="140" end_line="140" start_column="57" end_column="67" covered="no" />
          </ranges>
        </function>
        <function id="49353" token="0x600031e" name="&lt;RolIcazeleriniGetirAsync&gt;b__5_1(AzAgroPOS.Varliglar.Icaze)" namespace="AzAgroPOS.Mentiq.Idareciler" type_name="IcazeManager.&lt;&gt;c" block_coverage="0.00" line_coverage="0.00" blocks_covered="0" blocks_not_covered="8" lines_covered="0" lines_partially_covered="0" lines_not_covered="6">
          <ranges>
            <range source_id="8" start_line="148" end_line="153" start_column="50" end_column="14" covered="no" />
          </ranges>
        </function>
        <function id="49456" token="0x6000325" name="MoveNext()" namespace="AzAgroPOS.Mentiq.Idareciler" type_name="IcazeManager.&lt;ButunIcazeleriGetirAsync&gt;d__3" block_coverage="0.00" line_coverage="0.00" blocks_covered="0" blocks_not_covered="16" lines_covered="0" lines_partially_covered="0" lines_not_covered="14">
          <ranges>
            <range source_id="8" start_line="73" end_line="73" start_column="5" end_column="6" covered="no" />
            <range source_id="8" start_line="75" end_line="75" start_column="9" end_column="10" covered="no" />
            <range source_id="8" start_line="76" end_line="76" start_column="13" end_column="76" covered="no" />
            <range source_id="8" start_line="77" end_line="82" start_column="13" end_column="16" covered="no" />
            <range source_id="8" start_line="84" end_line="84" start_column="13" end_column="79" covered="no" />
            <range source_id="8" start_line="86" end_line="86" start_column="9" end_column="36" covered="no" />
            <range source_id="8" start_line="87" end_line="87" start_column="9" end_column="10" covered="no" />
            <range source_id="8" start_line="88" end_line="88" start_column="13" end_column="124" covered="no" />
            <range source_id="8" start_line="90" end_line="90" start_column="5" end_column="6" covered="no" />
          </ranges>
        </function>
        <function id="49820" token="0x6000328" name="MoveNext()" namespace="AzAgroPOS.Mentiq.Idareciler" type_name="IcazeManager.&lt;IstifadecininIcazesiVarAsync&gt;d__2" block_coverage="0.00" line_coverage="0.00" blocks_covered="0" blocks_not_covered="70" lines_covered="0" lines_partially_covered="0" lines_not_covered="21">
          <ranges>
            <range source_id="8" start_line="31" end_line="31" start_column="5" end_column="6" covered="no" />
            <range source_id="8" start_line="33" end_line="33" start_column="9" end_column="10" covered="no" />
            <range source_id="8" start_line="35" end_line="35" start_column="13" end_column="87" covered="no" />
            <range source_id="8" start_line="36" end_line="36" start_column="13" end_column="36" covered="no" />
            <range source_id="8" start_line="37" end_line="37" start_column="13" end_column="14" covered="no" />
            <range source_id="8" start_line="38" end_line="38" start_column="17" end_column="80" covered="no" />
            <range source_id="8" start_line="42" end_line="42" start_column="13" end_column="39" covered="no" />
            <range source_id="8" start_line="43" end_line="43" start_column="13" end_column="14" covered="no" />
            <range source_id="8" start_line="44" end_line="44" start_column="17" end_column="61" covered="no" />
            <range source_id="8" start_line="48" end_line="48" start_column="13" end_column="110" covered="no" />
            <range source_id="8" start_line="49" end_line="49" start_column="13" end_column="78" covered="no" />
            <range source_id="8" start_line="51" end_line="51" start_column="13" end_column="36" covered="no" />
            <range source_id="8" start_line="52" end_line="52" start_column="13" end_column="14" covered="no" />
            <range source_id="8" start_line="53" end_line="53" start_column="17" end_column="62" covered="no" />
            <range source_id="8" start_line="57" end_line="57" start_column="13" end_column="118" covered="no" />
            <range source_id="8" start_line="58" end_line="58" start_column="13" end_column="43" covered="no" />
            <range source_id="8" start_line="60" end_line="60" start_column="13" end_column="61" covered="no" />
            <range source_id="8" start_line="62" end_line="62" start_column="9" end_column="36" covered="no" />
            <range source_id="8" start_line="63" end_line="63" start_column="9" end_column="10" covered="no" />
            <range source_id="8" start_line="64" end_line="64" start_column="13" end_column="111" covered="no" />
            <range source_id="8" start_line="66" end_line="66" start_column="5" end_column="6" covered="no" />
          </ranges>
        </function>
        <function id="51064" token="0x600032b" name="MoveNext()" namespace="AzAgroPOS.Mentiq.Idareciler" type_name="IcazeManager.&lt;RolIcazeleriniGetirAsync&gt;d__5" block_coverage="0.00" line_coverage="0.00" blocks_covered="0" blocks_not_covered="51" lines_covered="0" lines_partially_covered="0" lines_not_covered="19">
          <ranges>
            <range source_id="8" start_line="136" end_line="136" start_column="5" end_column="6" covered="no" />
            <range source_id="8" start_line="138" end_line="138" start_column="9" end_column="10" covered="no" />
            <range source_id="8" start_line="139" end_line="139" start_column="13" end_column="99" covered="no" />
            <range source_id="8" start_line="140" end_line="140" start_column="13" end_column="78" covered="no" />
            <range source_id="8" start_line="142" end_line="142" start_column="13" end_column="36" covered="no" />
            <range source_id="8" start_line="143" end_line="143" start_column="13" end_column="14" covered="no" />
            <range source_id="8" start_line="144" end_line="144" start_column="17" end_column="94" covered="no" />
            <range source_id="8" start_line="147" end_line="147" start_column="13" end_column="99" covered="no" />
            <range source_id="8" start_line="148" end_line="153" start_column="13" end_column="16" covered="no" />
            <range source_id="8" start_line="155" end_line="155" start_column="13" end_column="79" covered="no" />
            <range source_id="8" start_line="157" end_line="157" start_column="9" end_column="36" covered="no" />
            <range source_id="8" start_line="158" end_line="158" start_column="9" end_column="10" covered="no" />
            <range source_id="8" start_line="159" end_line="159" start_column="13" end_column="129" covered="no" />
            <range source_id="8" start_line="161" end_line="161" start_column="5" end_column="6" covered="no" />
          </ranges>
        </function>
        <function id="51984" token="0x600032e" name="MoveNext()" namespace="AzAgroPOS.Mentiq.Idareciler" type_name="IcazeManager.&lt;RolIcazeleriniTeyinEtAsync&gt;d__4" block_coverage="0.00" line_coverage="0.00" blocks_covered="0" blocks_not_covered="48" lines_covered="0" lines_partially_covered="0" lines_not_covered="22">
          <ranges>
            <range source_id="8" start_line="99" end_line="99" start_column="5" end_column="6" covered="no" />
            <range source_id="8" start_line="101" end_line="101" start_column="9" end_column="10" covered="no" />
            <range source_id="8" start_line="103" end_line="103" start_column="13" end_column="105" covered="no" />
            <range source_id="8" start_line="104" end_line="104" start_column="13" end_column="20" covered="no" />
            <range source_id="8" start_line="104" end_line="104" start_column="40" end_column="58" covered="no" />
            <range source_id="8" start_line="104" end_line="104" start_column="22" end_column="36" covered="no" />
            <range source_id="8" start_line="105" end_line="105" start_column="13" end_column="14" covered="no" />
            <range source_id="8" start_line="106" end_line="106" start_column="17" end_column="58" covered="no" />
            <range source_id="8" start_line="107" end_line="107" start_column="13" end_column="14" covered="no" />
            <range source_id="8" start_line="104" end_line="104" start_column="37" end_column="39" covered="no" />
            <range source_id="8" start_line="110" end_line="110" start_column="13" end_column="20" covered="no" />
            <range source_id="8" start_line="110" end_line="110" start_column="37" end_column="48" covered="no" />
            <range source_id="8" start_line="110" end_line="110" start_column="22" end_column="33" covered="no" />
            <range source_id="8" start_line="111" end_line="111" start_column="13" end_column="14" covered="no" />
            <range source_id="8" start_line="112" end_line="116" start_column="17" end_column="19" covered="no" />
            <range source_id="8" start_line="117" end_line="117" start_column="17" end_column="77" covered="no" />
            <range source_id="8" start_line="118" end_line="118" start_column="13" end_column="14" covered="no" />
            <range source_id="8" start_line="110" end_line="110" start_column="34" end_column="36" covered="no" />
            <range source_id="8" start_line="120" end_line="120" start_column="13" end_column="57" covered="no" />
            <range source_id="8" start_line="122" end_line="122" start_column="13" end_column="47" covered="no" />
            <range source_id="8" start_line="124" end_line="124" start_column="9" end_column="36" covered="no" />
            <range source_id="8" start_line="125" end_line="125" start_column="9" end_column="10" covered="no" />
            <range source_id="8" start_line="126" end_line="126" start_column="13" end_column="109" covered="no" />
            <range source_id="8" start_line="128" end_line="128" start_column="5" end_column="6" covered="no" />
          </ranges>
        </function>
        <function id="53052" token="0x6000332" name="&lt;ButunIscileriGetirAsync&gt;b__2_0(AzAgroPOS.Varliglar.Isci)" namespace="AzAgroPOS.Mentiq.Idareciler" type_name="IsciManager.&lt;&gt;c" block_coverage="0.00" line_coverage="0.00" blocks_covered="0" blocks_not_covered="35" lines_covered="0" lines_partially_covered="0" lines_not_covered="18">
          <ranges>
            <range source_id="9" start_line="33" end_line="50" start_column="46" end_column="14" covered="no" />
          </ranges>
        </function>
        <function id="53280" token="0x6000333" name="&lt;IscininPerformansQeydleriniGetirAsync&gt;b__7_0(AzAgroPOS.Varliglar.IsciPerformans)" namespace="AzAgroPOS.Mentiq.Idareciler" type_name="IsciManager.&lt;&gt;c" block_coverage="0.00" line_coverage="0.00" blocks_covered="0" blocks_not_covered="25" lines_covered="0" lines_partially_covered="0" lines_not_covered="12">
          <ranges>
            <range source_id="9" start_line="215" end_line="226" start_column="57" end_column="14" covered="no" />
          </ranges>
        </function>
        <function id="53436" token="0x6000334" name="&lt;IscininIzinQeydleriniGetirAsync&gt;b__8_0(AzAgroPOS.Varliglar.IsciIzni)" namespace="AzAgroPOS.Mentiq.Idareciler" type_name="IsciManager.&lt;&gt;c" block_coverage="0.00" line_coverage="0.00" blocks_covered="0" blocks_not_covered="38" lines_covered="0" lines_partially_covered="0" lines_not_covered="16">
          <ranges>
            <range source_id="9" start_line="244" end_line="259" start_column="51" end_column="14" covered="no" />
          </ranges>
        </function>
        <function id="53692" token="0x6000338" name="MoveNext()" namespace="AzAgroPOS.Mentiq.Idareciler" type_name="IsciManager.&lt;ButunIscileriGetirAsync&gt;d__2" block_coverage="0.00" line_coverage="0.00" blocks_covered="0" blocks_not_covered="17" lines_covered="0" lines_partially_covered="0" lines_not_covered="26">
          <ranges>
            <range source_id="9" start_line="29" end_line="29" start_column="5" end_column="6" covered="no" />
            <range source_id="9" start_line="31" end_line="31" start_column="9" end_column="10" covered="no" />
            <range source_id="9" start_line="32" end_line="32" start_column="13" end_column="74" covered="no" />
            <range source_id="9" start_line="33" end_line="50" start_column="13" end_column="25" covered="no" />
            <range source_id="9" start_line="52" end_line="52" start_column="13" end_column="68" covered="no" />
            <range source_id="9" start_line="54" end_line="54" start_column="9" end_column="29" covered="no" />
            <range source_id="9" start_line="55" end_line="55" start_column="9" end_column="10" covered="no" />
            <range source_id="9" start_line="56" end_line="56" start_column="13" end_column="106" covered="no" />
            <range source_id="9" start_line="58" end_line="58" start_column="5" end_column="6" covered="no" />
          </ranges>
        </function>
        <function id="54084" token="0x600033b" name="MoveNext()" namespace="AzAgroPOS.Mentiq.Idareciler" type_name="IsciManager.&lt;IsciGetirAsync&gt;d__3" block_coverage="0.00" line_coverage="0.00" blocks_covered="0" blocks_not_covered="49" lines_covered="0" lines_partially_covered="0" lines_not_covered="28">
          <ranges>
            <range source_id="9" start_line="64" end_line="64" start_column="5" end_column="6" covered="no" />
            <range source_id="9" start_line="66" end_line="66" start_column="9" end_column="10" covered="no" />
            <range source_id="9" start_line="67" end_line="67" start_column="13" end_column="65" covered="no" />
            <range source_id="9" start_line="68" end_line="68" start_column="13" end_column="30" covered="no" />
            <range source_id="9" start_line="69" end_line="69" start_column="17" end_column="78" covered="no" />
            <range source_id="9" start_line="71" end_line="88" start_column="13" end_column="15" covered="no" />
            <range source_id="9" start_line="90" end_line="90" start_column="13" end_column="59" covered="no" />
            <range source_id="9" start_line="92" end_line="92" start_column="9" end_column="29" covered="no" />
            <range source_id="9" start_line="93" end_line="93" start_column="9" end_column="10" covered="no" />
            <range source_id="9" start_line="94" end_line="94" start_column="13" end_column="110" covered="no" />
            <range source_id="9" start_line="96" end_line="96" start_column="5" end_column="6" covered="no" />
          </ranges>
        </function>
        <function id="54752" token="0x600033e" name="MoveNext()" namespace="AzAgroPOS.Mentiq.Idareciler" type_name="IsciManager.&lt;IsciSilAsync&gt;d__6" block_coverage="0.00" line_coverage="0.00" blocks_covered="0" blocks_not_covered="20" lines_covered="0" lines_partially_covered="0" lines_not_covered="12">
          <ranges>
            <range source_id="9" start_line="189" end_line="189" start_column="5" end_column="6" covered="no" />
            <range source_id="9" start_line="191" end_line="191" start_column="9" end_column="10" covered="no" />
            <range source_id="9" start_line="192" end_line="192" start_column="13" end_column="65" covered="no" />
            <range source_id="9" start_line="193" end_line="193" start_column="13" end_column="30" covered="no" />
            <range source_id="9" start_line="194" end_line="194" start_column="17" end_column="79" covered="no" />
            <range source_id="9" start_line="196" end_line="196" start_column="13" end_column="43" covered="no" />
            <range source_id="9" start_line="197" end_line="197" start_column="13" end_column="57" covered="no" />
            <range source_id="9" start_line="199" end_line="199" start_column="13" end_column="47" covered="no" />
            <range source_id="9" start_line="201" end_line="201" start_column="9" end_column="29" covered="no" />
            <range source_id="9" start_line="202" end_line="202" start_column="9" end_column="10" covered="no" />
            <range source_id="9" start_line="203" end_line="203" start_column="13" end_column="85" covered="no" />
            <range source_id="9" start_line="205" end_line="205" start_column="5" end_column="6" covered="no" />
          </ranges>
        </function>
        <function id="55272" token="0x6000341" name="MoveNext()" namespace="AzAgroPOS.Mentiq.Idareciler" type_name="IsciManager.&lt;IsciYaratAsync&gt;d__4" block_coverage="0.00" line_coverage="0.00" blocks_covered="0" blocks_not_covered="53" lines_covered="0" lines_partially_covered="0" lines_not_covered="29">
          <ranges>
            <range source_id="9" start_line="102" end_line="102" start_column="5" end_column="6" covered="no" />
            <range source_id="9" start_line="104" end_line="104" start_column="9" end_column="10" covered="no" />
            <range source_id="9" start_line="106" end_line="106" start_column="13" end_column="54" covered="no" />
            <range source_id="9" start_line="107" end_line="107" start_column="17" end_column="90" covered="no" />
            <range source_id="9" start_line="109" end_line="109" start_column="13" end_column="30" covered="no" />
            <range source_id="9" start_line="110" end_line="110" start_column="17" end_column="81" covered="no" />
            <range source_id="9" start_line="113" end_line="128" start_column="13" end_column="15" covered="no" />
            <range source_id="9" start_line="130" end_line="130" start_column="13" end_column="62" covered="no" />
            <range source_id="9" start_line="131" end_line="131" start_column="13" end_column="57" covered="no" />
            <range source_id="9" start_line="133" end_line="133" start_column="13" end_column="63" covered="no" />
            <range source_id="9" start_line="135" end_line="135" start_column="9" end_column="29" covered="no" />
            <range source_id="9" start_line="136" end_line="136" start_column="9" end_column="10" covered="no" />
            <range source_id="9" start_line="137" end_line="137" start_column="13" end_column="92" covered="no" />
            <range source_id="9" start_line="139" end_line="139" start_column="5" end_column="6" covered="no" />
          </ranges>
        </function>
        <function id="56048" token="0x6000344" name="MoveNext()" namespace="AzAgroPOS.Mentiq.Idareciler" type_name="IsciManager.&lt;IsciYenileAsync&gt;d__5" block_coverage="0.00" line_coverage="0.00" blocks_covered="0" blocks_not_covered="57" lines_covered="0" lines_partially_covered="0" lines_not_covered="29">
          <ranges>
            <range source_id="9" start_line="145" end_line="145" start_column="5" end_column="6" covered="no" />
            <range source_id="9" start_line="147" end_line="147" start_column="9" end_column="10" covered="no" />
            <range source_id="9" start_line="148" end_line="148" start_column="13" end_column="75" covered="no" />
            <range source_id="9" start_line="149" end_line="149" start_column="13" end_column="36" covered="no" />
            <range source_id="9" start_line="150" end_line="150" start_column="17" end_column="85" covered="no" />
            <range source_id="9" start_line="153" end_line="153" start_column="13" end_column="54" covered="no" />
            <range source_id="9" start_line="154" end_line="154" start_column="17" end_column="85" covered="no" />
            <range source_id="9" start_line="156" end_line="156" start_column="13" end_column="30" covered="no" />
            <range source_id="9" start_line="157" end_line="157" start_column="17" end_column="76" covered="no" />
            <range source_id="9" start_line="160" end_line="160" start_column="13" end_column="42" covered="no" />
            <range source_id="9" start_line="161" end_line="161" start_column="13" end_column="54" covered="no" />
            <range source_id="9" start_line="162" end_line="162" start_column="13" end_column="60" covered="no" />
            <range source_id="9" start_line="163" end_line="163" start_column="13" end_column="42" covered="no" />
            <range source_id="9" start_line="164" end_line="164" start_column="13" end_column="42" covered="no" />
            <range source_id="9" start_line="165" end_line="165" start_column="13" end_column="64" covered="no" />
            <range source_id="9" start_line="166" end_line="166" start_column="13" end_column="40" covered="no" />
            <range source_id="9" start_line="167" end_line="167" start_column="13" end_column="44" covered="no" />
            <range source_id="9" start_line="168" end_line="168" start_column="13" end_column="54" covered="no" />
            <range source_id="9" start_line="169" end_line="169" start_column="13" end_column="44" covered="no" />
            <range source_id="9" start_line="170" end_line="170" start_column="13" end_column="42" covered="no" />
            <range source_id="9" start_line="171" end_line="171" start_column="13" end_column="62" covered="no" />
            <range source_id="9" start_line="172" end_line="172" start_column="13" end_column="62" covered="no" />
            <range source_id="9" start_line="174" end_line="174" start_column="13" end_column="52" covered="no" />
            <range source_id="9" start_line="175" end_line="175" start_column="13" end_column="57" covered="no" />
            <range source_id="9" start_line="177" end_line="177" start_column="13" end_column="47" covered="no" />
            <range source_id="9" start_line="179" end_line="179" start_column="9" end_column="29" covered="no" />
            <range source_id="9" start_line="180" end_line="180" start_column="9" end_column="10" covered="no" />
            <range source_id="9" start_line="181" end_line="181" start_column="13" end_column="102" covered="no" />
            <range source_id="9" start_line="183" end_line="183" start_column="5" end_column="6" covered="no" />
          </ranges>
        </function>
        <function id="56952" token="0x6000347" name="MoveNext()" namespace="AzAgroPOS.Mentiq.Idareciler" type_name="IsciManager.&lt;IscininIzinQeydleriniGetirAsync&gt;d__8" block_coverage="0.00" line_coverage="0.00" blocks_covered="0" blocks_not_covered="27" lines_covered="0" lines_partially_covered="0" lines_not_covered="24">
          <ranges>
            <range source_id="9" start_line="240" end_line="240" start_column="5" end_column="6" covered="no" />
            <range source_id="9" start_line="242" end_line="242" start_column="9" end_column="10" covered="no" />
            <range source_id="9" start_line="243" end_line="243" start_column="13" end_column="98" covered="no" />
            <range source_id="9" start_line="244" end_line="259" start_column="13" end_column="25" covered="no" />
            <range source_id="9" start_line="261" end_line="261" start_column="13" end_column="72" covered="no" />
            <range source_id="9" start_line="263" end_line="263" start_column="9" end_column="29" covered="no" />
            <range source_id="9" start_line="264" end_line="264" start_column="9" end_column="10" covered="no" />
            <range source_id="9" start_line="265" end_line="265" start_column="13" end_column="137" covered="no" />
            <range source_id="9" start_line="267" end_line="267" start_column="5" end_column="6" covered="no" />
          </ranges>
        </function>
        <function id="57488" token="0x600034a" name="MoveNext()" namespace="AzAgroPOS.Mentiq.Idareciler" type_name="IsciManager.&lt;IscininPerformansQeydleriniGetirAsync&gt;d__7" block_coverage="0.00" line_coverage="0.00" blocks_covered="0" blocks_not_covered="27" lines_covered="0" lines_partially_covered="0" lines_not_covered="20">
          <ranges>
            <range source_id="9" start_line="211" end_line="211" start_column="5" end_column="6" covered="no" />
            <range source_id="9" start_line="213" end_line="213" start_column="9" end_column="10" covered="no" />
            <range source_id="9" start_line="214" end_line="214" start_column="13" end_column="111" covered="no" />
            <range source_id="9" start_line="215" end_line="226" start_column="13" end_column="25" covered="no" />
            <range source_id="9" start_line="228" end_line="228" start_column="13" end_column="78" covered="no" />
            <range source_id="9" start_line="230" end_line="230" start_column="9" end_column="29" covered="no" />
            <range source_id="9" start_line="231" end_line="231" start_column="9" end_column="10" covered="no" />
            <range source_id="9" start_line="232" end_line="232" start_column="13" end_column="137" covered="no" />
            <range source_id="9" start_line="234" end_line="234" start_column="5" end_column="6" covered="no" />
          </ranges>
        </function>
        <function id="58024" token="0x600034d" name="&lt;IstifadecileriGetirAsync&gt;b__0(AzAgroPOS.Varliglar.Istifadeci)" namespace="AzAgroPOS.Mentiq.Idareciler" type_name="IstifadeciManager.&lt;&gt;c__DisplayClass2_0" block_coverage="0.00" line_coverage="0.00" blocks_covered="0" blocks_not_covered="16" lines_covered="0" lines_partially_covered="0" lines_not_covered="7">
          <ranges>
            <range source_id="10" start_line="35" end_line="41" start_column="48" end_column="10" covered="no" />
          </ranges>
        </function>
        <function id="58169" token="0x600034f" name="&lt;IstifadecileriGetirAsync&gt;b__1(AzAgroPOS.Varliglar.Rol)" namespace="AzAgroPOS.Mentiq.Idareciler" type_name="IstifadeciManager.&lt;&gt;c__DisplayClass2_1" block_coverage="0.00" line_coverage="0.00" blocks_covered="0" blocks_not_covered="3" lines_covered="0" lines_partially_covered="0" lines_not_covered="1">
          <ranges>
            <range source_id="10" start_line="40" end_line="40" start_column="49" end_column="64" covered="no" />
          </ranges>
        </function>
        <function id="58208" token="0x6000352" name="&lt;ButunTexnikleriGetirAsync&gt;b__0(AzAgroPOS.Varliglar.Istifadeci)" namespace="AzAgroPOS.Mentiq.Idareciler" type_name="IstifadeciManager.&lt;&gt;c__DisplayClass8_0" block_coverage="0.00" line_coverage="0.00" blocks_covered="0" blocks_not_covered="16" lines_covered="0" lines_partially_covered="0" lines_not_covered="2">
          <ranges>
            <range source_id="10" start_line="166" end_line="167" start_column="17" end_column="74" covered="no" />
          </ranges>
        </function>
        <function id="58332" token="0x6000353" name="&lt;ButunTexnikleriGetirAsync&gt;b__1(AzAgroPOS.Varliglar.Istifadeci)" namespace="AzAgroPOS.Mentiq.Idareciler" type_name="IstifadeciManager.&lt;&gt;c__DisplayClass8_0" block_coverage="0.00" line_coverage="0.00" blocks_covered="0" blocks_not_covered="16" lines_covered="0" lines_partially_covered="0" lines_not_covered="7">
          <ranges>
            <range source_id="10" start_line="169" end_line="175" start_column="48" end_column="14" covered="no" />
          </ranges>
        </function>
        <function id="58477" token="0x6000355" name="&lt;ButunTexnikleriGetirAsync&gt;b__2(AzAgroPOS.Varliglar.Rol)" namespace="AzAgroPOS.Mentiq.Idareciler" type_name="IstifadeciManager.&lt;&gt;c__DisplayClass8_1" block_coverage="0.00" line_coverage="0.00" blocks_covered="0" blocks_not_covered="3" lines_covered="0" lines_partially_covered="0" lines_not_covered="1">
          <ranges>
            <range source_id="10" start_line="166" end_line="166" start_column="44" end_column="59" covered="no" />
          </ranges>
        </function>
        <function id="58498" token="0x6000356" name="&lt;ButunTexnikleriGetirAsync&gt;b__3(AzAgroPOS.Varliglar.Rol)" namespace="AzAgroPOS.Mentiq.Idareciler" type_name="IstifadeciManager.&lt;&gt;c__DisplayClass8_1" block_coverage="0.00" line_coverage="0.00" blocks_covered="0" blocks_not_covered="3" lines_covered="0" lines_partially_covered="0" lines_not_covered="1">
          <ranges>
            <range source_id="10" start_line="167" end_line="167" start_column="44" end_column="59" covered="no" />
          </ranges>
        </function>
        <function id="58528" token="0x6000358" name="&lt;ButunTexnikleriGetirAsync&gt;b__4(AzAgroPOS.Varliglar.Rol)" namespace="AzAgroPOS.Mentiq.Idareciler" type_name="IstifadeciManager.&lt;&gt;c__DisplayClass8_2" block_coverage="0.00" line_coverage="0.00" blocks_covered="0" blocks_not_covered="3" lines_covered="0" lines_partially_covered="0" lines_not_covered="1">
          <ranges>
            <range source_id="10" start_line="174" end_line="174" start_column="53" end_column="68" covered="no" />
          </ranges>
        </function>
        <function id="58560" token="0x600035a" name="MoveNext()" namespace="AzAgroPOS.Mentiq.Idareciler" type_name="IstifadeciManager.&lt;ButunIstifadecileriGetirAsync&gt;d__3" block_coverage="0.00" line_coverage="0.00" blocks_covered="0" blocks_not_covered="5" lines_covered="0" lines_partially_covered="0" lines_not_covered="3">
          <ranges>
            <range source_id="10" start_line="51" end_line="51" start_column="5" end_column="6" covered="no" />
            <range source_id="10" start_line="52" end_line="52" start_column="9" end_column="80" covered="no" />
            <range source_id="10" start_line="53" end_line="53" start_column="5" end_column="6" covered="no" />
          </ranges>
        </function>
        <function id="58792" token="0x600035d" name="MoveNext()" namespace="AzAgroPOS.Mentiq.Idareciler" type_name="IstifadeciManager.&lt;ButunRollarGetirAsync&gt;d__4" block_coverage="0.00" line_coverage="0.00" blocks_covered="0" blocks_not_covered="5" lines_covered="0" lines_partially_covered="0" lines_not_covered="3">
          <ranges>
            <range source_id="10" start_line="60" end_line="60" start_column="5" end_column="6" covered="no" />
            <range source_id="10" start_line="61" end_line="61" start_column="9" end_column="73" covered="no" />
            <range source_id="10" start_line="62" end_line="62" start_column="5" end_column="6" covered="no" />
          </ranges>
        </function>
        <function id="59024" token="0x6000360" name="MoveNext()" namespace="AzAgroPOS.Mentiq.Idareciler" type_name="IstifadeciManager.&lt;ButunTexnikleriGetirAsync&gt;d__8" block_coverage="0.00" line_coverage="0.00" blocks_covered="0" blocks_not_covered="22" lines_covered="0" lines_partially_covered="0" lines_not_covered="19">
          <ranges>
            <range source_id="10" start_line="158" end_line="158" start_column="5" end_column="6" covered="no" />
            <range source_id="10" start_line="160" end_line="160" start_column="9" end_column="10" covered="no" />
            <range source_id="10" start_line="161" end_line="161" start_column="13" end_column="86" covered="no" />
            <range source_id="10" start_line="162" end_line="162" start_column="13" end_column="72" covered="no" />
            <range source_id="10" start_line="165" end_line="167" start_column="13" end_column="85" covered="no" />
            <range source_id="10" start_line="169" end_line="175" start_column="13" end_column="25" covered="no" />
            <range source_id="10" start_line="177" end_line="177" start_column="13" end_column="74" covered="no" />
            <range source_id="10" start_line="179" end_line="179" start_column="9" end_column="29" covered="no" />
            <range source_id="10" start_line="180" end_line="180" start_column="9" end_column="10" covered="no" />
            <range source_id="10" start_line="181" end_line="181" start_column="13" end_column="114" covered="no" />
            <range source_id="10" start_line="183" end_line="183" start_column="5" end_column="6" covered="no" />
          </ranges>
        </function>
        <function id="59608" token="0x6000363" name="MoveNext()" namespace="AzAgroPOS.Mentiq.Idareciler" type_name="IstifadeciManager.&lt;IstifadeciSilAsync&gt;d__6" block_coverage="0.00" line_coverage="0.00" blocks_covered="0" blocks_not_covered="18" lines_covered="0" lines_partially_covered="0" lines_not_covered="10">
          <ranges>
            <range source_id="10" start_line="106" end_line="106" start_column="5" end_column="6" covered="no" />
            <range source_id="10" start_line="107" end_line="107" start_column="9" end_column="21" covered="no" />
            <range source_id="10" start_line="108" end_line="108" start_column="13" end_column="83" covered="no" />
            <range source_id="10" start_line="110" end_line="110" start_column="9" end_column="73" covered="no" />
            <range source_id="10" start_line="111" end_line="111" start_column="9" end_column="32" covered="no" />
            <range source_id="10" start_line="112" end_line="112" start_column="13" end_column="71" covered="no" />
            <range source_id="10" start_line="114" end_line="114" start_column="9" end_column="51" covered="no" />
            <range source_id="10" start_line="115" end_line="115" start_column="9" end_column="53" covered="no" />
            <range source_id="10" start_line="117" end_line="117" start_column="9" end_column="43" covered="no" />
            <range source_id="10" start_line="118" end_line="118" start_column="5" end_column="6" covered="no" />
          </ranges>
        </function>
        <function id="60096" token="0x6000366" name="MoveNext()" namespace="AzAgroPOS.Mentiq.Idareciler" type_name="IstifadeciManager.&lt;IstifadeciYaratAsync&gt;d__5" block_coverage="0.00" line_coverage="0.00" blocks_covered="0" blocks_not_covered="47" lines_covered="0" lines_partially_covered="0" lines_not_covered="17">
          <ranges>
            <range source_id="10" start_line="75" end_line="75" start_column="5" end_column="6" covered="no" />
            <range source_id="10" start_line="76" end_line="76" start_column="9" end_column="105" covered="no" />
            <range source_id="10" start_line="77" end_line="77" start_column="13" end_column="89" covered="no" />
            <range source_id="10" start_line="79" end_line="79" start_column="9" end_column="148" covered="no" />
            <range source_id="10" start_line="80" end_line="80" start_column="9" end_column="38" covered="no" />
            <range source_id="10" start_line="81" end_line="81" start_column="13" end_column="84" covered="no" />
            <range source_id="10" start_line="83" end_line="89" start_column="9" end_column="11" covered="no" />
            <range source_id="10" start_line="91" end_line="91" start_column="9" end_column="66" covered="no" />
            <range source_id="10" start_line="92" end_line="92" start_column="9" end_column="53" covered="no" />
            <range source_id="10" start_line="94" end_line="94" start_column="9" end_column="43" covered="no" />
            <range source_id="10" start_line="95" end_line="95" start_column="5" end_column="6" covered="no" />
          </ranges>
        </function>
        <function id="61000" token="0x6000369" name="MoveNext()" namespace="AzAgroPOS.Mentiq.Idareciler" type_name="IstifadeciManager.&lt;IstifadeciYenileAsync&gt;d__7" block_coverage="0.00" line_coverage="0.00" blocks_covered="0" blocks_not_covered="38" lines_covered="0" lines_partially_covered="0" lines_not_covered="18">
          <ranges>
            <range source_id="10" start_line="126" end_line="126" start_column="5" end_column="6" covered="no" />
            <range source_id="10" start_line="127" end_line="127" start_column="9" end_column="60" covered="no" />
            <range source_id="10" start_line="128" end_line="128" start_column="13" end_column="72" covered="no" />
            <range source_id="10" start_line="130" end_line="130" start_column="9" end_column="93" covered="no" />
            <range source_id="10" start_line="131" end_line="131" start_column="9" end_column="38" covered="no" />
            <range source_id="10" start_line="132" end_line="132" start_column="13" end_column="87" covered="no" />
            <range source_id="10" start_line="135" end_line="135" start_column="9" end_column="66" covered="no" />
            <range source_id="10" start_line="136" end_line="136" start_column="13" end_column="95" covered="no" />
            <range source_id="10" start_line="138" end_line="138" start_column="9" end_column="54" covered="no" />
            <range source_id="10" start_line="139" end_line="139" start_column="9" end_column="54" covered="no" />
            <range source_id="10" start_line="142" end_line="142" start_column="9" end_column="51" covered="no" />
            <range source_id="10" start_line="143" end_line="143" start_column="9" end_column="10" covered="no" />
            <range source_id="10" start_line="144" end_line="144" start_column="13" end_column="84" covered="no" />
            <range source_id="10" start_line="145" end_line="145" start_column="9" end_column="10" covered="no" />
            <range source_id="10" start_line="147" end_line="147" start_column="9" end_column="60" covered="no" />
            <range source_id="10" start_line="148" end_line="148" start_column="9" end_column="53" covered="no" />
            <range source_id="10" start_line="150" end_line="150" start_column="9" end_column="43" covered="no" />
            <range source_id="10" start_line="151" end_line="151" start_column="5" end_column="6" covered="no" />
          </ranges>
        </function>
        <function id="61648" token="0x600036c" name="MoveNext()" namespace="AzAgroPOS.Mentiq.Idareciler" type_name="IstifadeciManager.&lt;IstifadecileriGetirAsync&gt;d__2" block_coverage="0.00" line_coverage="0.00" blocks_covered="0" blocks_not_covered="14" lines_covered="0" lines_partially_covered="0" lines_not_covered="12">
          <ranges>
            <range source_id="10" start_line="30" end_line="30" start_column="5" end_column="6" covered="no" />
            <range source_id="10" start_line="32" end_line="32" start_column="9" end_column="82" covered="no" />
            <range source_id="10" start_line="33" end_line="33" start_column="9" end_column="68" covered="no" />
            <range source_id="10" start_line="35" end_line="41" start_column="9" end_column="21" covered="no" />
            <range source_id="10" start_line="43" end_line="43" start_column="9" end_column="70" covered="no" />
            <range source_id="10" start_line="44" end_line="44" start_column="5" end_column="6" covered="no" />
          </ranges>
        </function>
        <function id="62171" token="0x6000370" name="&lt;ButunKateqoriyalariGetirAsync&gt;b__2_0(AzAgroPOS.Varliglar.Kateqoriya)" namespace="AzAgroPOS.Mentiq.Idareciler" type_name="KateqoriyaMeneceri.&lt;&gt;c" block_coverage="0.00" line_coverage="0.00" blocks_covered="0" blocks_not_covered="10" lines_covered="0" lines_partially_covered="0" lines_not_covered="7">
          <ranges>
            <range source_id="11" start_line="34" end_line="40" start_column="52" end_column="14" covered="no" />
          </ranges>
        </function>
        <function id="62240" token="0x6000372" name="MoveNext()" namespace="AzAgroPOS.Mentiq.Idareciler" type_name="KateqoriyaMeneceri.&lt;ButunKateqoriyalariGetirAsync&gt;d__2" block_coverage="0.00" line_coverage="0.00" blocks_covered="0" blocks_not_covered="17" lines_covered="0" lines_partially_covered="0" lines_not_covered="15">
          <ranges>
            <range source_id="11" start_line="30" end_line="30" start_column="5" end_column="6" covered="no" />
            <range source_id="11" start_line="32" end_line="32" start_column="9" end_column="10" covered="no" />
            <range source_id="11" start_line="33" end_line="33" start_column="13" end_column="86" covered="no" />
            <range source_id="11" start_line="34" end_line="40" start_column="13" end_column="25" covered="no" />
            <range source_id="11" start_line="42" end_line="42" start_column="13" end_column="74" covered="no" />
            <range source_id="11" start_line="44" end_line="44" start_column="9" end_column="29" covered="no" />
            <range source_id="11" start_line="45" end_line="45" start_column="9" end_column="10" covered="no" />
            <range source_id="11" start_line="46" end_line="46" start_column="13" end_column="118" covered="no" />
            <range source_id="11" start_line="48" end_line="48" start_column="5" end_column="6" covered="no" />
          </ranges>
        </function>
        <function id="62632" token="0x6000375" name="MoveNext()" namespace="AzAgroPOS.Mentiq.Idareciler" type_name="KateqoriyaMeneceri.&lt;KateqoriyaGetirAsync&gt;d__3" block_coverage="0.00" line_coverage="0.00" blocks_covered="0" blocks_not_covered="24" lines_covered="0" lines_partially_covered="0" lines_not_covered="17">
          <ranges>
            <range source_id="11" start_line="54" end_line="54" start_column="5" end_column="6" covered="no" />
            <range source_id="11" start_line="56" end_line="56" start_column="9" end_column="10" covered="no" />
            <range source_id="11" start_line="57" end_line="57" start_column="13" end_column="77" covered="no" />
            <range source_id="11" start_line="58" end_line="58" start_column="13" end_column="36" covered="no" />
            <range source_id="11" start_line="59" end_line="59" start_column="17" end_column="90" covered="no" />
            <range source_id="11" start_line="61" end_line="67" start_column="13" end_column="15" covered="no" />
            <range source_id="11" start_line="69" end_line="69" start_column="13" end_column="65" covered="no" />
            <range source_id="11" start_line="71" end_line="71" start_column="9" end_column="29" covered="no" />
            <range source_id="11" start_line="72" end_line="72" start_column="9" end_column="10" covered="no" />
            <range source_id="11" start_line="73" end_line="73" start_column="13" end_column="122" covered="no" />
            <range source_id="11" start_line="75" end_line="75" start_column="5" end_column="6" covered="no" />
          </ranges>
        </function>
        <function id="63092" token="0x6000378" name="MoveNext()" namespace="AzAgroPOS.Mentiq.Idareciler" type_name="KateqoriyaMeneceri.&lt;KateqoriyaSilAsync&gt;d__6" block_coverage="0.00" line_coverage="0.00" blocks_covered="0" blocks_not_covered="20" lines_covered="0" lines_partially_covered="0" lines_not_covered="12">
          <ranges>
            <range source_id="11" start_line="142" end_line="142" start_column="5" end_column="6" covered="no" />
            <range source_id="11" start_line="144" end_line="144" start_column="9" end_column="10" covered="no" />
            <range source_id="11" start_line="145" end_line="145" start_column="13" end_column="77" covered="no" />
            <range source_id="11" start_line="146" end_line="146" start_column="13" end_column="36" covered="no" />
            <range source_id="11" start_line="147" end_line="147" start_column="17" end_column="85" covered="no" />
            <range source_id="11" start_line="149" end_line="149" start_column="13" end_column="55" covered="no" />
            <range source_id="11" start_line="150" end_line="150" start_column="13" end_column="57" covered="no" />
            <range source_id="11" start_line="152" end_line="152" start_column="13" end_column="47" covered="no" />
            <range source_id="11" start_line="154" end_line="154" start_column="9" end_column="29" covered="no" />
            <range source_id="11" start_line="155" end_line="155" start_column="9" end_column="10" covered="no" />
            <range source_id="11" start_line="156" end_line="156" start_column="13" end_column="91" covered="no" />
            <range source_id="11" start_line="158" end_line="158" start_column="5" end_column="6" covered="no" />
          </ranges>
        </function>
        <function id="63612" token="0x600037b" name="MoveNext()" namespace="AzAgroPOS.Mentiq.Idareciler" type_name="KateqoriyaMeneceri.&lt;KateqoriyaYaratAsync&gt;d__4" block_coverage="0.00" line_coverage="0.00" blocks_covered="0" blocks_not_covered="28" lines_covered="0" lines_partially_covered="0" lines_not_covered="17">
          <ranges>
            <range source_id="11" start_line="81" end_line="81" start_column="5" end_column="6" covered="no" />
            <range source_id="11" start_line="83" end_line="83" start_column="9" end_column="10" covered="no" />
            <range source_id="11" start_line="85" end_line="85" start_column="13" end_column="51" covered="no" />
            <range source_id="11" start_line="86" end_line="86" start_column="17" end_column="89" covered="no" />
            <range source_id="11" start_line="89" end_line="94" start_column="13" end_column="15" covered="no" />
            <range source_id="11" start_line="96" end_line="96" start_column="13" end_column="74" covered="no" />
            <range source_id="11" start_line="97" end_line="97" start_column="13" end_column="57" covered="no" />
            <range source_id="11" start_line="99" end_line="99" start_column="13" end_column="69" covered="no" />
            <range source_id="11" start_line="101" end_line="101" start_column="9" end_column="29" covered="no" />
            <range source_id="11" start_line="102" end_line="102" start_column="9" end_column="10" covered="no" />
            <range source_id="11" start_line="103" end_line="103" start_column="13" end_column="98" covered="no" />
            <range source_id="11" start_line="105" end_line="105" start_column="5" end_column="6" covered="no" />
          </ranges>
        </function>
        <function id="64164" token="0x600037e" name="MoveNext()" namespace="AzAgroPOS.Mentiq.Idareciler" type_name="KateqoriyaMeneceri.&lt;KateqoriyaYenileAsync&gt;d__5" block_coverage="0.00" line_coverage="0.00" blocks_covered="0" blocks_not_covered="32" lines_covered="0" lines_partially_covered="0" lines_not_covered="17">
          <ranges>
            <range source_id="11" start_line="111" end_line="111" start_column="5" end_column="6" covered="no" />
            <range source_id="11" start_line="113" end_line="113" start_column="9" end_column="10" covered="no" />
            <range source_id="11" start_line="114" end_line="114" start_column="13" end_column="87" covered="no" />
            <range source_id="11" start_line="115" end_line="115" start_column="13" end_column="42" covered="no" />
            <range source_id="11" start_line="116" end_line="116" start_column="17" end_column="91" covered="no" />
            <range source_id="11" start_line="119" end_line="119" start_column="13" end_column="51" covered="no" />
            <range source_id="11" start_line="120" end_line="120" start_column="17" end_column="84" covered="no" />
            <range source_id="11" start_line="123" end_line="123" start_column="13" end_column="42" covered="no" />
            <range source_id="11" start_line="124" end_line="124" start_column="13" end_column="50" covered="no" />
            <range source_id="11" start_line="125" end_line="125" start_column="13" end_column="54" covered="no" />
            <range source_id="11" start_line="127" end_line="127" start_column="13" end_column="64" covered="no" />
            <range source_id="11" start_line="128" end_line="128" start_column="13" end_column="57" covered="no" />
            <range source_id="11" start_line="130" end_line="130" start_column="13" end_column="47" covered="no" />
            <range source_id="11" start_line="132" end_line="132" start_column="9" end_column="29" covered="no" />
            <range source_id="11" start_line="133" end_line="133" start_column="9" end_column="10" covered="no" />
            <range source_id="11" start_line="134" end_line="134" start_column="13" end_column="108" covered="no" />
            <range source_id="11" start_line="136" end_line="136" start_column="5" end_column="6" covered="no" />
          </ranges>
        </function>
        <function id="64808" token="0x6000382" name="&lt;QruplaGetirAsync&gt;b__3_0(AzAgroPOS.Varliglar.Konfiqurasiya)" namespace="AzAgroPOS.Mentiq.Idareciler" type_name="KonfiqurasiyaManager.&lt;&gt;c" block_coverage="0.00" line_coverage="0.00" blocks_covered="0" blocks_not_covered="12" lines_covered="0" lines_partially_covered="0" lines_not_covered="8">
          <ranges>
            <range source_id="12" start_line="65" end_line="72" start_column="53" end_column="14" covered="no" />
          </ranges>
        </function>
        <function id="64892" token="0x6000383" name="&lt;ButununuGetirAsync&gt;b__5_0(AzAgroPOS.Varliglar.Konfiqurasiya)" namespace="AzAgroPOS.Mentiq.Idareciler" type_name="KonfiqurasiyaManager.&lt;&gt;c" block_coverage="0.00" line_coverage="0.00" blocks_covered="0" blocks_not_covered="12" lines_covered="0" lines_partially_covered="0" lines_not_covered="8">
          <ranges>
            <range source_id="12" start_line="136" end_line="143" start_column="53" end_column="14" covered="no" />
          </ranges>
        </function>
        <function id="64984" token="0x6000385" name="MoveNext()" namespace="AzAgroPOS.Mentiq.Idareciler" type_name="KonfiqurasiyaManager.&lt;AcarlaGetirAsync&gt;d__2" block_coverage="0.00" line_coverage="0.00" blocks_covered="0" blocks_not_covered="26" lines_covered="0" lines_partially_covered="0" lines_not_covered="19">
          <ranges>
            <range source_id="12" start_line="27" end_line="27" start_column="5" end_column="6" covered="no" />
            <range source_id="12" start_line="29" end_line="29" start_column="9" end_column="10" covered="no" />
            <range source_id="12" start_line="30" end_line="30" start_column="13" end_column="91" covered="no" />
            <range source_id="12" start_line="32" end_line="32" start_column="13" end_column="39" covered="no" />
            <range source_id="12" start_line="33" end_line="33" start_column="13" end_column="14" covered="no" />
            <range source_id="12" start_line="34" end_line="34" start_column="17" end_column="105" covered="no" />
            <range source_id="12" start_line="37" end_line="44" start_column="13" end_column="15" covered="no" />
            <range source_id="12" start_line="46" end_line="46" start_column="13" end_column="68" covered="no" />
            <range source_id="12" start_line="48" end_line="48" start_column="9" end_column="29" covered="no" />
            <range source_id="12" start_line="49" end_line="49" start_column="9" end_column="10" covered="no" />
            <range source_id="12" start_line="50" end_line="50" start_column="13" end_column="134" covered="no" />
            <range source_id="12" start_line="52" end_line="52" start_column="5" end_column="6" covered="no" />
          </ranges>
        </function>
        <function id="65460" token="0x6000388" name="MoveNext()" namespace="AzAgroPOS.Mentiq.Idareciler" type_name="KonfiqurasiyaManager.&lt;ButununuGetirAsync&gt;d__5" block_coverage="0.00" line_coverage="0.00" blocks_covered="0" blocks_not_covered="16" lines_covered="0" lines_partially_covered="0" lines_not_covered="16">
          <ranges>
            <range source_id="12" start_line="131" end_line="131" start_column="5" end_column="6" covered="no" />
            <range source_id="12" start_line="133" end_line="133" start_column="9" end_column="10" covered="no" />
            <range source_id="12" start_line="134" end_line="134" start_column="13" end_column="92" covered="no" />
            <range source_id="12" start_line="136" end_line="143" start_column="13" end_column="16" covered="no" />
            <range source_id="12" start_line="145" end_line="145" start_column="13" end_column="82" covered="no" />
            <range source_id="12" start_line="147" end_line="147" start_column="9" end_column="29" covered="no" />
            <range source_id="12" start_line="148" end_line="148" start_column="9" end_column="10" covered="no" />
            <range source_id="12" start_line="149" end_line="149" start_column="13" end_column="150" covered="no" />
            <range source_id="12" start_line="151" end_line="151" start_column="5" end_column="6" covered="no" />
          </ranges>
        </function>
        <function id="65824" token="0x600038b" name="MoveNext()" namespace="AzAgroPOS.Mentiq.Idareciler" type_name="KonfiqurasiyaManager.&lt;KonfiqurasiyaElaveEtVəYaYenileAsync&gt;d__4" block_coverage="0.00" line_coverage="0.00" blocks_covered="0" blocks_not_covered="40" lines_covered="0" lines_partially_covered="0" lines_not_covered="26">
          <ranges>
            <range source_id="12" start_line="88" end_line="88" start_column="5" end_column="6" covered="no" />
            <range source_id="12" start_line="90" end_line="90" start_column="9" end_column="10" covered="no" />
            <range source_id="12" start_line="91" end_line="91" start_column="13" end_column="101" covered="no" />
            <range source_id="12" start_line="93" end_line="93" start_column="13" end_column="45" covered="no" />
            <range source_id="12" start_line="94" end_line="94" start_column="13" end_column="14" covered="no" />
            <range source_id="12" start_line="96" end_line="102" start_column="17" end_column="19" covered="no" />
            <range source_id="12" start_line="104" end_line="104" start_column="17" end_column="84" covered="no" />
            <range source_id="12" start_line="105" end_line="105" start_column="13" end_column="14" covered="no" />
            <range source_id="12" start_line="107" end_line="107" start_column="13" end_column="14" covered="no" />
            <range source_id="12" start_line="109" end_line="109" start_column="17" end_column="55" covered="no" />
            <range source_id="12" start_line="110" end_line="110" start_column="17" end_column="57" covered="no" />
            <range source_id="12" start_line="111" end_line="111" start_column="17" end_column="53" covered="no" />
            <range source_id="12" start_line="113" end_line="113" start_column="17" end_column="74" covered="no" />
            <range source_id="12" start_line="114" end_line="114" start_column="13" end_column="14" covered="no" />
            <range source_id="12" start_line="116" end_line="116" start_column="13" end_column="57" covered="no" />
            <range source_id="12" start_line="118" end_line="118" start_column="13" end_column="57" covered="no" />
            <range source_id="12" start_line="120" end_line="120" start_column="9" end_column="29" covered="no" />
            <range source_id="12" start_line="121" end_line="121" start_column="9" end_column="10" covered="no" />
            <range source_id="12" start_line="122" end_line="122" start_column="13" end_column="123" covered="no" />
            <range source_id="12" start_line="124" end_line="124" start_column="5" end_column="6" covered="no" />
          </ranges>
        </function>
        <function id="66636" token="0x600038e" name="MoveNext()" namespace="AzAgroPOS.Mentiq.Idareciler" type_name="KonfiqurasiyaManager.&lt;QruplaGetirAsync&gt;d__3" block_coverage="0.00" line_coverage="0.00" blocks_covered="0" blocks_not_covered="16" lines_covered="0" lines_partially_covered="0" lines_not_covered="16">
          <ranges>
            <range source_id="12" start_line="60" end_line="60" start_column="5" end_column="6" covered="no" />
            <range source_id="12" start_line="62" end_line="62" start_column="9" end_column="10" covered="no" />
            <range source_id="12" start_line="63" end_line="63" start_column="13" end_column="94" covered="no" />
            <range source_id="12" start_line="65" end_line="72" start_column="13" end_column="16" covered="no" />
            <range source_id="12" start_line="74" end_line="74" start_column="13" end_column="82" covered="no" />
            <range source_id="12" start_line="76" end_line="76" start_column="9" end_column="29" covered="no" />
            <range source_id="12" start_line="77" end_line="77" start_column="9" end_column="10" covered="no" />
            <range source_id="12" start_line="78" end_line="78" start_column="13" end_column="150" covered="no" />
            <range source_id="12" start_line="80" end_line="80" start_column="5" end_column="6" covered="no" />
          </ranges>
        </function>
        <function id="67040" token="0x6000392" name="&lt;ButunMehsullariGetirAsync&gt;b__2_0(AzAgroPOS.Varliglar.Mehsul)" namespace="AzAgroPOS.Mentiq.Idareciler" type_name="MehsulManager.&lt;&gt;c" block_coverage="0.00" line_coverage="0.00" blocks_covered="0" blocks_not_covered="22" lines_covered="0" lines_partially_covered="0" lines_not_covered="13">
          <ranges>
            <range source_id="13" start_line="35" end_line="47" start_column="54" end_column="14" covered="no" />
          </ranges>
        </function>
        <function id="67188" token="0x6000393" name="&lt;AxtarAsync&gt;b__8_1(AzAgroPOS.Varliglar.Mehsul)" namespace="AzAgroPOS.Mentiq.Idareciler" type_name="MehsulManager.&lt;&gt;c" block_coverage="0.00" line_coverage="0.00" blocks_covered="0" blocks_not_covered="22" lines_covered="0" lines_partially_covered="0" lines_not_covered="12">
          <ranges>
            <range source_id="13" start_line="285" end_line="296" start_column="68" end_column="14" covered="no" />
          </ranges>
        </function>
        <function id="67388" token="0x6000399" name="&lt;AxtarAsync&gt;b__0(AzAgroPOS.Varliglar.Mehsul)" namespace="AzAgroPOS.Mentiq.Idareciler" type_name="MehsulManager.&lt;&gt;c__DisplayClass8_0" block_coverage="0.00" line_coverage="0.00" blocks_covered="0" blocks_not_covered="19" lines_covered="0" lines_partially_covered="0" lines_not_covered="3">
          <ranges>
            <range source_id="13" start_line="279" end_line="281" start_column="21" end_column="74" covered="no" />
          </ranges>
        </function>
        <function id="67500" token="0x600039b" name="MoveNext()" namespace="AzAgroPOS.Mentiq.Idareciler" type_name="MehsulManager.&lt;AxtarAsync&gt;d__8" block_coverage="0.00" line_coverage="0.00" blocks_covered="0" blocks_not_covered="38" lines_covered="0" lines_partially_covered="0" lines_not_covered="32">
          <ranges>
            <range source_id="13" start_line="269" end_line="269" start_column="5" end_column="6" covered="no" />
            <range source_id="13" start_line="270" end_line="270" start_column="9" end_column="87" covered="no" />
            <range source_id="13" start_line="272" end_line="272" start_column="9" end_column="10" covered="no" />
            <range source_id="13" start_line="273" end_line="273" start_column="13" end_column="90" covered="no" />
            <range source_id="13" start_line="275" end_line="275" start_column="13" end_column="58" covered="no" />
            <range source_id="13" start_line="276" end_line="276" start_column="13" end_column="14" covered="no" />
            <range source_id="13" start_line="277" end_line="277" start_column="17" end_column="55" covered="no" />
            <range source_id="13" start_line="278" end_line="282" start_column="17" end_column="19" covered="no" />
            <range source_id="13" start_line="283" end_line="283" start_column="13" end_column="14" covered="no" />
            <range source_id="13" start_line="285" end_line="296" start_column="13" end_column="25" covered="no" />
            <range source_id="13" start_line="298" end_line="298" start_column="13" end_column="99" covered="no" />
            <range source_id="13" start_line="299" end_line="299" start_column="13" end_column="70" covered="no" />
            <range source_id="13" start_line="301" end_line="301" start_column="9" end_column="29" covered="no" />
            <range source_id="13" start_line="302" end_line="302" start_column="9" end_column="10" covered="no" />
            <range source_id="13" start_line="303" end_line="303" start_column="13" end_column="76" covered="no" />
            <range source_id="13" start_line="304" end_line="304" start_column="13" end_column="122" covered="no" />
            <range source_id="13" start_line="306" end_line="306" start_column="5" end_column="6" covered="no" />
          </ranges>
        </function>
        <function id="68192" token="0x600039e" name="MoveNext()" namespace="AzAgroPOS.Mentiq.Idareciler" type_name="MehsulManager.&lt;BarkodGeneralasiyaEtAsync&gt;d__7" block_coverage="0.00" line_coverage="0.00" blocks_covered="0" blocks_not_covered="31" lines_covered="0" lines_partially_covered="0" lines_not_covered="14">
          <ranges>
            <range source_id="13" start_line="246" end_line="246" start_column="5" end_column="6" covered="no" />
            <range source_id="13" start_line="247" end_line="247" start_column="9" end_column="65" covered="no" />
            <range source_id="13" start_line="249" end_line="249" start_column="9" end_column="10" covered="no" />
            <range source_id="13" start_line="251" end_line="251" start_column="13" end_column="42" covered="no" />
            <range source_id="13" start_line="254" end_line="254" start_column="13" end_column="14" covered="no" />
            <range source_id="13" start_line="255" end_line="255" start_column="17" end_column="98" covered="no" />
            <range source_id="13" start_line="256" end_line="256" start_column="13" end_column="14" covered="no" />
            <range source_id="13" start_line="256" end_line="256" start_column="15" end_column="99" covered="no" />
            <range source_id="13" start_line="258" end_line="258" start_column="13" end_column="73" covered="no" />
            <range source_id="13" start_line="259" end_line="259" start_column="13" end_column="65" covered="no" />
            <range source_id="13" start_line="261" end_line="261" start_column="9" end_column="29" covered="no" />
            <range source_id="13" start_line="262" end_line="262" start_column="9" end_column="10" covered="no" />
            <range source_id="13" start_line="263" end_line="263" start_column="13" end_column="86" covered="no" />
            <range source_id="13" start_line="264" end_line="264" start_column="13" end_column="123" covered="no" />
            <range source_id="13" start_line="266" end_line="266" start_column="5" end_column="6" covered="no" />
          </ranges>
        </function>
        <function id="68788" token="0x60003a1" name="MoveNext()" namespace="AzAgroPOS.Mentiq.Idareciler" type_name="MehsulManager.&lt;ButunMehsullariGetirAsync&gt;d__2" block_coverage="0.00" line_coverage="0.00" blocks_covered="0" blocks_not_covered="19" lines_covered="0" lines_partially_covered="0" lines_not_covered="24">
          <ranges>
            <range source_id="13" start_line="29" end_line="29" start_column="5" end_column="6" covered="no" />
            <range source_id="13" start_line="30" end_line="30" start_column="9" end_column="58" covered="no" />
            <range source_id="13" start_line="32" end_line="32" start_column="9" end_column="10" covered="no" />
            <range source_id="13" start_line="33" end_line="33" start_column="13" end_column="78" covered="no" />
            <range source_id="13" start_line="35" end_line="47" start_column="13" end_column="16" covered="no" />
            <range source_id="13" start_line="49" end_line="49" start_column="13" end_column="69" covered="no" />
            <range source_id="13" start_line="50" end_line="50" start_column="13" end_column="83" covered="no" />
            <range source_id="13" start_line="52" end_line="52" start_column="9" end_column="29" covered="no" />
            <range source_id="13" start_line="53" end_line="53" start_column="9" end_column="10" covered="no" />
            <range source_id="13" start_line="54" end_line="54" start_column="13" end_column="84" covered="no" />
            <range source_id="13" start_line="55" end_line="55" start_column="13" end_column="137" covered="no" />
            <range source_id="13" start_line="57" end_line="57" start_column="5" end_column="6" covered="no" />
          </ranges>
        </function>
        <function id="69212" token="0x60003a4" name="MoveNext()" namespace="AzAgroPOS.Mentiq.Idareciler" type_name="MehsulManager.&lt;MehsulSilAsync&gt;d__5" block_coverage="84.38" line_coverage="76.47" blocks_covered="27" blocks_not_covered="5" lines_covered="13" lines_partially_covered="0" lines_not_covered="4">
          <ranges>
            <range source_id="13" start_line="175" end_line="175" start_column="5" end_column="6" covered="yes" />
            <range source_id="13" start_line="176" end_line="176" start_column="9" end_column="74" covered="yes" />
            <range source_id="13" start_line="178" end_line="178" start_column="9" end_column="10" covered="yes" />
            <range source_id="13" start_line="179" end_line="179" start_column="13" end_column="69" covered="yes" />
            <range source_id="13" start_line="180" end_line="180" start_column="13" end_column="32" covered="yes" />
            <range source_id="13" start_line="181" end_line="181" start_column="13" end_column="14" covered="yes" />
            <range source_id="13" start_line="182" end_line="182" start_column="17" end_column="69" covered="yes" />
            <range source_id="13" start_line="183" end_line="183" start_column="17" end_column="81" covered="yes" />
            <range source_id="13" start_line="186" end_line="186" start_column="13" end_column="47" covered="yes" />
            <range source_id="13" start_line="187" end_line="187" start_column="13" end_column="57" covered="yes" />
            <range source_id="13" start_line="189" end_line="189" start_column="13" end_column="67" covered="yes" />
            <range source_id="13" start_line="190" end_line="190" start_column="13" end_column="47" covered="yes" />
            <range source_id="13" start_line="192" end_line="192" start_column="9" end_column="29" covered="no" />
            <range source_id="13" start_line="193" end_line="193" start_column="9" end_column="10" covered="no" />
            <range source_id="13" start_line="194" end_line="194" start_column="13" end_column="84" covered="no" />
            <range source_id="13" start_line="195" end_line="195" start_column="13" end_column="113" covered="no" />
            <range source_id="13" start_line="197" end_line="197" start_column="5" end_column="6" covered="yes" />
          </ranges>
        </function>
        <function id="69860" token="0x60003a7" name="MoveNext()" namespace="AzAgroPOS.Mentiq.Idareciler" type_name="MehsulManager.&lt;MehsulYaratAsync&gt;d__3" block_coverage="77.22" line_coverage="64.86" blocks_covered="61" blocks_not_covered="18" lines_covered="24" lines_partially_covered="0" lines_not_covered="13">
          <ranges>
            <range source_id="13" start_line="66" end_line="66" start_column="5" end_column="6" covered="yes" />
            <range source_id="13" start_line="67" end_line="67" start_column="9" end_column="70" covered="yes" />
            <range source_id="13" start_line="69" end_line="69" start_column="9" end_column="10" covered="yes" />
            <range source_id="13" start_line="71" end_line="71" start_column="13" end_column="61" covered="yes" />
            <range source_id="13" start_line="72" end_line="72" start_column="13" end_column="14" covered="no" />
            <range source_id="13" start_line="73" end_line="73" start_column="17" end_column="68" covered="no" />
            <range source_id="13" start_line="74" end_line="74" start_column="17" end_column="85" covered="no" />
            <range source_id="13" start_line="77" end_line="77" start_column="13" end_column="67" covered="yes" />
            <range source_id="13" start_line="78" end_line="78" start_column="13" end_column="14" covered="no" />
            <range source_id="13" start_line="79" end_line="79" start_column="17" end_column="67" covered="no" />
            <range source_id="13" start_line="80" end_line="80" start_column="17" end_column="84" covered="no" />
            <range source_id="13" start_line="84" end_line="84" start_column="13" end_column="133" covered="yes" />
            <range source_id="13" start_line="85" end_line="85" start_column="13" end_column="38" covered="yes" />
            <range source_id="13" start_line="86" end_line="86" start_column="13" end_column="14" covered="no" />
            <range source_id="13" start_line="87" end_line="87" start_column="17" end_column="104" covered="no" />
            <range source_id="13" start_line="88" end_line="88" start_column="17" end_column="121" covered="no" />
            <range source_id="13" start_line="92" end_line="103" start_column="13" end_column="15" covered="yes" />
            <range source_id="13" start_line="105" end_line="105" start_column="13" end_column="66" covered="yes" />
            <range source_id="13" start_line="106" end_line="106" start_column="13" end_column="57" covered="yes" />
            <range source_id="13" start_line="108" end_line="108" start_column="13" end_column="85" covered="yes" />
            <range source_id="13" start_line="109" end_line="109" start_column="13" end_column="65" covered="yes" />
            <range source_id="13" start_line="111" end_line="111" start_column="9" end_column="29" covered="no" />
            <range source_id="13" start_line="112" end_line="112" start_column="9" end_column="10" covered="no" />
            <range source_id="13" start_line="113" end_line="113" start_column="13" end_column="91" covered="no" />
            <range source_id="13" start_line="114" end_line="114" start_column="13" end_column="125" covered="no" />
            <range source_id="13" start_line="116" end_line="116" start_column="5" end_column="6" covered="yes" />
          </ranges>
        </function>
        <function id="71140" token="0x60003aa" name="MoveNext()" namespace="AzAgroPOS.Mentiq.Idareciler" type_name="MehsulManager.&lt;MehsulYenileAsync&gt;d__4" block_coverage="86.21" line_coverage="77.42" blocks_covered="75" blocks_not_covered="12" lines_covered="24" lines_partially_covered="0" lines_not_covered="7">
          <ranges>
            <range source_id="13" start_line="125" end_line="125" start_column="5" end_column="6" covered="yes" />
            <range source_id="13" start_line="126" end_line="126" start_column="9" end_column="87" covered="yes" />
            <range source_id="13" start_line="128" end_line="128" start_column="9" end_column="10" covered="yes" />
            <range source_id="13" start_line="129" end_line="129" start_column="13" end_column="85" covered="yes" />
            <range source_id="13" start_line="130" end_line="130" start_column="13" end_column="38" covered="yes" />
            <range source_id="13" start_line="131" end_line="131" start_column="13" end_column="14" covered="yes" />
            <range source_id="13" start_line="132" end_line="132" start_column="17" end_column="59" covered="yes" />
            <range source_id="13" start_line="133" end_line="133" start_column="17" end_column="71" covered="yes" />
            <range source_id="13" start_line="137" end_line="137" start_column="13" end_column="161" covered="yes" />
            <range source_id="13" start_line="138" end_line="138" start_column="13" end_column="46" covered="yes" />
            <range source_id="13" start_line="139" end_line="139" start_column="13" end_column="14" covered="no" />
            <range source_id="13" start_line="140" end_line="140" start_column="17" end_column="107" covered="no" />
            <range source_id="13" start_line="141" end_line="141" start_column="17" end_column="119" covered="no" />
            <range source_id="13" start_line="144" end_line="144" start_column="13" end_column="44" covered="yes" />
            <range source_id="13" start_line="145" end_line="145" start_column="13" end_column="56" covered="yes" />
            <range source_id="13" start_line="146" end_line="146" start_column="13" end_column="52" covered="yes" />
            <range source_id="13" start_line="147" end_line="147" start_column="13" end_column="82" covered="yes" />
            <range source_id="13" start_line="148" end_line="148" start_column="13" end_column="76" covered="yes" />
            <range source_id="13" start_line="149" end_line="149" start_column="13" end_column="78" covered="yes" />
            <range source_id="13" start_line="150" end_line="150" start_column="13" end_column="62" covered="yes" />
            <range source_id="13" start_line="151" end_line="151" start_column="13" end_column="58" covered="yes" />
            <range source_id="13" start_line="152" end_line="152" start_column="13" end_column="60" covered="yes" />
            <range source_id="13" start_line="155" end_line="155" start_column="13" end_column="56" covered="yes" />
            <range source_id="13" start_line="156" end_line="156" start_column="13" end_column="57" covered="yes" />
            <range source_id="13" start_line="158" end_line="158" start_column="13" end_column="79" covered="yes" />
            <range source_id="13" start_line="159" end_line="159" start_column="13" end_column="47" covered="yes" />
            <range source_id="13" start_line="161" end_line="161" start_column="9" end_column="29" covered="no" />
            <range source_id="13" start_line="162" end_line="162" start_column="9" end_column="10" covered="no" />
            <range source_id="13" start_line="163" end_line="163" start_column="13" end_column="87" covered="no" />
            <range source_id="13" start_line="164" end_line="164" start_column="13" end_column="116" covered="no" />
            <range source_id="13" start_line="166" end_line="166" start_column="5" end_column="6" covered="yes" />
          </ranges>
        </function>
        <function id="72576" token="0x60003ad" name="MoveNext()" namespace="AzAgroPOS.Mentiq.Idareciler" type_name="MehsulManager.&lt;StokKoduGeneralasiyaEtAsync&gt;d__6" block_coverage="0.00" line_coverage="0.00" blocks_covered="0" blocks_not_covered="49" lines_covered="0" lines_partially_covered="0" lines_not_covered="22">
          <ranges>
            <range source_id="13" start_line="206" end_line="206" start_column="5" end_column="6" covered="no" />
            <range source_id="13" start_line="207" end_line="207" start_column="9" end_column="68" covered="no" />
            <range source_id="13" start_line="209" end_line="209" start_column="9" end_column="10" covered="no" />
            <range source_id="13" start_line="210" end_line="210" start_column="13" end_column="54" covered="no" />
            <range source_id="13" start_line="211" end_line="211" start_column="13" end_column="14" covered="no" />
            <range source_id="13" start_line="212" end_line="212" start_column="17" end_column="95" covered="no" />
            <range source_id="13" start_line="213" end_line="213" start_column="17" end_column="115" covered="no" />
            <range source_id="13" start_line="217" end_line="217" start_column="13" end_column="42" covered="no" />
            <range source_id="13" start_line="220" end_line="220" start_column="13" end_column="88" covered="no" />
            <range source_id="13" start_line="221" end_line="221" start_column="13" end_column="111" covered="no" />
            <range source_id="13" start_line="224" end_line="224" start_column="13" end_column="59" covered="no" />
            <range source_id="13" start_line="225" end_line="225" start_column="13" end_column="36" covered="no" />
            <range source_id="13" start_line="225" end_line="225" start_column="37" end_column="52" covered="no" />
            <range source_id="13" start_line="228" end_line="228" start_column="13" end_column="14" covered="no" />
            <range source_id="13" start_line="229" end_line="229" start_column="17" end_column="72" covered="no" />
            <range source_id="13" start_line="230" end_line="230" start_column="13" end_column="14" covered="no" />
            <range source_id="13" start_line="230" end_line="230" start_column="15" end_column="103" covered="no" />
            <range source_id="13" start_line="232" end_line="232" start_column="13" end_column="78" covered="no" />
            <range source_id="13" start_line="233" end_line="233" start_column="13" end_column="67" covered="no" />
            <range source_id="13" start_line="235" end_line="235" start_column="9" end_column="29" covered="no" />
            <range source_id="13" start_line="236" end_line="236" start_column="9" end_column="10" covered="no" />
            <range source_id="13" start_line="237" end_line="237" start_column="13" end_column="89" covered="no" />
            <range source_id="13" start_line="238" end_line="238" start_column="13" end_column="126" covered="no" />
            <range source_id="13" start_line="240" end_line="240" start_column="5" end_column="6" covered="no" />
          </ranges>
        </function>
        <function id="73380" token="0x60003b1" name="&lt;ButunMehsullariGetirAsync&gt;b__2_0(AzAgroPOS.Varliglar.Mehsul)" namespace="AzAgroPOS.Mentiq.Idareciler" type_name="MehsulMeneceri.&lt;&gt;c" block_coverage="0.00" line_coverage="0.00" blocks_covered="0" blocks_not_covered="55" lines_covered="0" lines_partially_covered="0" lines_not_covered="25">
          <ranges>
            <range source_id="14" start_line="34" end_line="58" start_column="48" end_column="14" covered="no" />
          </ranges>
        </function>
        <function id="73728" token="0x60003b2" name="&lt;MinimumStokMehsullariniGetirAsync&gt;b__9_0(AzAgroPOS.Varliglar.Mehsul)" namespace="AzAgroPOS.Mentiq.Idareciler" type_name="MehsulMeneceri.&lt;&gt;c" block_coverage="0.00" line_coverage="0.00" blocks_covered="0" blocks_not_covered="55" lines_covered="0" lines_partially_covered="0" lines_not_covered="25">
          <ranges>
            <range source_id="14" start_line="279" end_line="303" start_column="48" end_column="14" covered="no" />
          </ranges>
        </function>
        <function id="74084" token="0x60003b4" name="MoveNext()" namespace="AzAgroPOS.Mentiq.Idareciler" type_name="MehsulMeneceri.&lt;ButunMehsullariGetirAsync&gt;d__2" block_coverage="0.00" line_coverage="0.00" blocks_covered="0" blocks_not_covered="17" lines_covered="0" lines_partially_covered="0" lines_not_covered="33">
          <ranges>
            <range source_id="14" start_line="30" end_line="30" start_column="5" end_column="6" covered="no" />
            <range source_id="14" start_line="32" end_line="32" start_column="9" end_column="10" covered="no" />
            <range source_id="14" start_line="33" end_line="33" start_column="13" end_column="78" covered="no" />
            <range source_id="14" start_line="34" end_line="58" start_column="13" end_column="25" covered="no" />
            <range source_id="14" start_line="60" end_line="60" start_column="13" end_column="70" covered="no" />
            <range source_id="14" start_line="62" end_line="62" start_column="9" end_column="29" covered="no" />
            <range source_id="14" start_line="63" end_line="63" start_column="9" end_column="10" covered="no" />
            <range source_id="14" start_line="64" end_line="64" start_column="13" end_column="110" covered="no" />
            <range source_id="14" start_line="66" end_line="66" start_column="5" end_column="6" covered="no" />
          </ranges>
        </function>
        <function id="74476" token="0x60003b7" name="MoveNext()" namespace="AzAgroPOS.Mentiq.Idareciler" type_name="MehsulMeneceri.&lt;MehsulGetirAsync&gt;d__3" block_coverage="0.00" line_coverage="0.00" blocks_covered="0" blocks_not_covered="69" lines_covered="0" lines_partially_covered="0" lines_not_covered="35">
          <ranges>
            <range source_id="14" start_line="72" end_line="72" start_column="5" end_column="6" covered="no" />
            <range source_id="14" start_line="74" end_line="74" start_column="9" end_column="10" covered="no" />
            <range source_id="14" start_line="75" end_line="75" start_column="13" end_column="69" covered="no" />
            <range source_id="14" start_line="76" end_line="76" start_column="13" end_column="32" covered="no" />
            <range source_id="14" start_line="77" end_line="77" start_column="17" end_column="82" covered="no" />
            <range source_id="14" start_line="79" end_line="103" start_column="13" end_column="15" covered="no" />
            <range source_id="14" start_line="105" end_line="105" start_column="13" end_column="61" covered="no" />
            <range source_id="14" start_line="107" end_line="107" start_column="9" end_column="29" covered="no" />
            <range source_id="14" start_line="108" end_line="108" start_column="9" end_column="10" covered="no" />
            <range source_id="14" start_line="109" end_line="109" start_column="13" end_column="114" covered="no" />
            <range source_id="14" start_line="111" end_line="111" start_column="5" end_column="6" covered="no" />
          </ranges>
        </function>
        <function id="75296" token="0x60003ba" name="MoveNext()" namespace="AzAgroPOS.Mentiq.Idareciler" type_name="MehsulMeneceri.&lt;MehsulMiqdariniArtirAsync&gt;d__7" block_coverage="0.00" line_coverage="0.00" blocks_covered="0" blocks_not_covered="22" lines_covered="0" lines_partially_covered="0" lines_not_covered="13">
          <ranges>
            <range source_id="14" start_line="226" end_line="226" start_column="5" end_column="6" covered="no" />
            <range source_id="14" start_line="228" end_line="228" start_column="9" end_column="10" covered="no" />
            <range source_id="14" start_line="229" end_line="229" start_column="13" end_column="75" covered="no" />
            <range source_id="14" start_line="230" end_line="230" start_column="13" end_column="32" covered="no" />
            <range source_id="14" start_line="231" end_line="231" start_column="17" end_column="71" covered="no" />
            <range source_id="14" start_line="233" end_line="233" start_column="13" end_column="40" covered="no" />
            <range source_id="14" start_line="234" end_line="234" start_column="13" end_column="50" covered="no" />
            <range source_id="14" start_line="235" end_line="235" start_column="13" end_column="57" covered="no" />
            <range source_id="14" start_line="237" end_line="237" start_column="13" end_column="47" covered="no" />
            <range source_id="14" start_line="239" end_line="239" start_column="9" end_column="29" covered="no" />
            <range source_id="14" start_line="240" end_line="240" start_column="9" end_column="10" covered="no" />
            <range source_id="14" start_line="241" end_line="241" start_column="13" end_column="99" covered="no" />
            <range source_id="14" start_line="243" end_line="243" start_column="5" end_column="6" covered="no" />
          </ranges>
        </function>
        <function id="75840" token="0x60003bd" name="MoveNext()" namespace="AzAgroPOS.Mentiq.Idareciler" type_name="MehsulMeneceri.&lt;MehsulMiqdariniAzaltAsync&gt;d__8" block_coverage="0.00" line_coverage="0.00" blocks_covered="0" blocks_not_covered="26" lines_covered="0" lines_partially_covered="0" lines_not_covered="15">
          <ranges>
            <range source_id="14" start_line="249" end_line="249" start_column="5" end_column="6" covered="no" />
            <range source_id="14" start_line="251" end_line="251" start_column="9" end_column="10" covered="no" />
            <range source_id="14" start_line="252" end_line="252" start_column="13" end_column="75" covered="no" />
            <range source_id="14" start_line="253" end_line="253" start_column="13" end_column="32" covered="no" />
            <range source_id="14" start_line="254" end_line="254" start_column="17" end_column="71" covered="no" />
            <range source_id="14" start_line="256" end_line="256" start_column="13" end_column="43" covered="no" />
            <range source_id="14" start_line="257" end_line="257" start_column="17" end_column="90" covered="no" />
            <range source_id="14" start_line="259" end_line="259" start_column="13" end_column="40" covered="no" />
            <range source_id="14" start_line="260" end_line="260" start_column="13" end_column="50" covered="no" />
            <range source_id="14" start_line="261" end_line="261" start_column="13" end_column="57" covered="no" />
            <range source_id="14" start_line="263" end_line="263" start_column="13" end_column="47" covered="no" />
            <range source_id="14" start_line="265" end_line="265" start_column="9" end_column="29" covered="no" />
            <range source_id="14" start_line="266" end_line="266" start_column="9" end_column="10" covered="no" />
            <range source_id="14" start_line="267" end_line="267" start_column="13" end_column="99" covered="no" />
            <range source_id="14" start_line="269" end_line="269" start_column="5" end_column="6" covered="no" />
          </ranges>
        </function>
        <function id="76424" token="0x60003c0" name="MoveNext()" namespace="AzAgroPOS.Mentiq.Idareciler" type_name="MehsulMeneceri.&lt;MehsulSilAsync&gt;d__6" block_coverage="0.00" line_coverage="0.00" blocks_covered="0" blocks_not_covered="20" lines_covered="0" lines_partially_covered="0" lines_not_covered="12">
          <ranges>
            <range source_id="14" start_line="204" end_line="204" start_column="5" end_column="6" covered="no" />
            <range source_id="14" start_line="206" end_line="206" start_column="9" end_column="10" covered="no" />
            <range source_id="14" start_line="207" end_line="207" start_column="13" end_column="69" covered="no" />
            <range source_id="14" start_line="208" end_line="208" start_column="13" end_column="32" covered="no" />
            <range source_id="14" start_line="209" end_line="209" start_column="17" end_column="81" covered="no" />
            <range source_id="14" start_line="211" end_line="211" start_column="13" end_column="47" covered="no" />
            <range source_id="14" start_line="212" end_line="212" start_column="13" end_column="57" covered="no" />
            <range source_id="14" start_line="214" end_line="214" start_column="13" end_column="47" covered="no" />
            <range source_id="14" start_line="216" end_line="216" start_column="9" end_column="29" covered="no" />
            <range source_id="14" start_line="217" end_line="217" start_column="9" end_column="10" covered="no" />
            <range source_id="14" start_line="218" end_line="218" start_column="13" end_column="87" covered="no" />
            <range source_id="14" start_line="220" end_line="220" start_column="5" end_column="6" covered="no" />
          </ranges>
        </function>
        <function id="76944" token="0x60003c3" name="MoveNext()" namespace="AzAgroPOS.Mentiq.Idareciler" type_name="MehsulMeneceri.&lt;MehsulYaratAsync&gt;d__4" block_coverage="0.00" line_coverage="0.00" blocks_covered="0" blocks_not_covered="52" lines_covered="0" lines_partially_covered="0" lines_not_covered="30">
          <ranges>
            <range source_id="14" start_line="117" end_line="117" start_column="5" end_column="6" covered="no" />
            <range source_id="14" start_line="119" end_line="119" start_column="9" end_column="10" covered="no" />
            <range source_id="14" start_line="121" end_line="121" start_column="13" end_column="51" covered="no" />
            <range source_id="14" start_line="122" end_line="122" start_column="17" end_column="85" covered="no" />
            <range source_id="14" start_line="125" end_line="143" start_column="13" end_column="15" covered="no" />
            <range source_id="14" start_line="145" end_line="145" start_column="13" end_column="66" covered="no" />
            <range source_id="14" start_line="146" end_line="146" start_column="13" end_column="57" covered="no" />
            <range source_id="14" start_line="148" end_line="148" start_column="13" end_column="65" covered="no" />
            <range source_id="14" start_line="150" end_line="150" start_column="9" end_column="29" covered="no" />
            <range source_id="14" start_line="151" end_line="151" start_column="9" end_column="10" covered="no" />
            <range source_id="14" start_line="152" end_line="152" start_column="13" end_column="94" covered="no" />
            <range source_id="14" start_line="154" end_line="154" start_column="5" end_column="6" covered="no" />
          </ranges>
        </function>
        <function id="77712" token="0x60003c6" name="MoveNext()" namespace="AzAgroPOS.Mentiq.Idareciler" type_name="MehsulMeneceri.&lt;MehsulYenileAsync&gt;d__5" block_coverage="0.00" line_coverage="0.00" blocks_covered="0" blocks_not_covered="56" lines_covered="0" lines_partially_covered="0" lines_not_covered="29">
          <ranges>
            <range source_id="14" start_line="160" end_line="160" start_column="5" end_column="6" covered="no" />
            <range source_id="14" start_line="162" end_line="162" start_column="9" end_column="10" covered="no" />
            <range source_id="14" start_line="163" end_line="163" start_column="13" end_column="79" covered="no" />
            <range source_id="14" start_line="164" end_line="164" start_column="13" end_column="38" covered="no" />
            <range source_id="14" start_line="165" end_line="165" start_column="17" end_column="87" covered="no" />
            <range source_id="14" start_line="168" end_line="168" start_column="13" end_column="51" covered="no" />
            <range source_id="14" start_line="169" end_line="169" start_column="17" end_column="80" covered="no" />
            <range source_id="14" start_line="172" end_line="172" start_column="13" end_column="38" covered="no" />
            <range source_id="14" start_line="173" end_line="173" start_column="13" end_column="46" covered="no" />
            <range source_id="14" start_line="174" end_line="174" start_column="13" end_column="50" covered="no" />
            <range source_id="14" start_line="175" end_line="175" start_column="13" end_column="56" covered="no" />
            <range source_id="14" start_line="176" end_line="176" start_column="13" end_column="76" covered="no" />
            <range source_id="14" start_line="177" end_line="177" start_column="13" end_column="70" covered="no" />
            <range source_id="14" start_line="178" end_line="178" start_column="13" end_column="72" covered="no" />
            <range source_id="14" start_line="179" end_line="179" start_column="13" end_column="52" covered="no" />
            <range source_id="14" start_line="180" end_line="180" start_column="13" end_column="50" covered="no" />
            <range source_id="14" start_line="181" end_line="181" start_column="13" end_column="54" covered="no" />
            <range source_id="14" start_line="183" end_line="183" start_column="13" end_column="58" covered="no" />
            <range source_id="14" start_line="184" end_line="184" start_column="13" end_column="48" covered="no" />
            <range source_id="14" start_line="185" end_line="185" start_column="13" end_column="56" covered="no" />
            <range source_id="14" start_line="186" end_line="186" start_column="13" end_column="56" covered="no" />
            <range source_id="14" start_line="187" end_line="187" start_column="13" end_column="52" covered="no" />
            <range source_id="14" start_line="189" end_line="189" start_column="13" end_column="56" covered="no" />
            <range source_id="14" start_line="190" end_line="190" start_column="13" end_column="57" covered="no" />
            <range source_id="14" start_line="192" end_line="192" start_column="13" end_column="47" covered="no" />
            <range source_id="14" start_line="194" end_line="194" start_column="9" end_column="29" covered="no" />
            <range source_id="14" start_line="195" end_line="195" start_column="9" end_column="10" covered="no" />
            <range source_id="14" start_line="196" end_line="196" start_column="13" end_column="104" covered="no" />
            <range source_id="14" start_line="198" end_line="198" start_column="5" end_column="6" covered="no" />
          </ranges>
        </function>
        <function id="78620" token="0x60003c9" name="MoveNext()" namespace="AzAgroPOS.Mentiq.Idareciler" type_name="MehsulMeneceri.&lt;MinimumStokMehsullariniGetirAsync&gt;d__9" block_coverage="0.00" line_coverage="0.00" blocks_covered="0" blocks_not_covered="28" lines_covered="0" lines_partially_covered="0" lines_not_covered="33">
          <ranges>
            <range source_id="14" start_line="275" end_line="275" start_column="5" end_column="6" covered="no" />
            <range source_id="14" start_line="277" end_line="277" start_column="9" end_column="10" covered="no" />
            <range source_id="14" start_line="278" end_line="278" start_column="13" end_column="117" covered="no" />
            <range source_id="14" start_line="279" end_line="303" start_column="13" end_column="25" covered="no" />
            <range source_id="14" start_line="305" end_line="305" start_column="13" end_column="70" covered="no" />
            <range source_id="14" start_line="307" end_line="307" start_column="9" end_column="29" covered="no" />
            <range source_id="14" start_line="308" end_line="308" start_column="9" end_column="10" covered="no" />
            <range source_id="14" start_line="309" end_line="309" start_column="13" end_column="125" covered="no" />
            <range source_id="14" start_line="311" end_line="311" start_column="5" end_column="6" covered="no" />
          </ranges>
        </function>
        <function id="79136" token="0x60003cd" name="&lt;ButunMusterileriGetirAsync&gt;b__2_0(AzAgroPOS.Varliglar.Musteri)" namespace="AzAgroPOS.Mentiq.Idareciler" type_name="MusteriManager.&lt;&gt;c" block_coverage="0.00" line_coverage="0.00" blocks_covered="0" blocks_not_covered="14" lines_covered="0" lines_partially_covered="0" lines_not_covered="9">
          <ranges>
            <range source_id="15" start_line="20" end_line="28" start_column="49" end_column="14" covered="no" />
          </ranges>
        </function>
        <function id="79232" token="0x60003ce" name="&lt;ButunMusterileriGetirAsync&gt;b__2_1(AzAgroPOS.Mentiq.DTOs.MusteriDto)" namespace="AzAgroPOS.Mentiq.Idareciler" type_name="MusteriManager.&lt;&gt;c" block_coverage="0.00" line_coverage="0.00" blocks_covered="0" blocks_not_covered="2" lines_covered="0" lines_partially_covered="0" lines_not_covered="1">
          <ranges>
            <range source_id="15" start_line="28" end_line="28" start_column="29" end_column="36" covered="no" />
          </ranges>
        </function>
        <function id="79260" token="0x60003d1" name="MoveNext()" namespace="AzAgroPOS.Mentiq.Idareciler" type_name="MusteriManager.&lt;ButunMusterileriGetirAsync&gt;d__2" block_coverage="0.00" line_coverage="0.00" blocks_covered="0" blocks_not_covered="16" lines_covered="0" lines_partially_covered="0" lines_not_covered="13">
          <ranges>
            <range source_id="15" start_line="18" end_line="18" start_column="9" end_column="10" covered="no" />
            <range source_id="15" start_line="19" end_line="19" start_column="13" end_column="80" covered="no" />
            <range source_id="15" start_line="20" end_line="28" start_column="13" end_column="47" covered="no" />
            <range source_id="15" start_line="29" end_line="29" start_column="13" end_column="71" covered="no" />
            <range source_id="15" start_line="30" end_line="30" start_column="9" end_column="10" covered="no" />
          </ranges>
        </function>
        <function id="79632" token="0x60003d4" name="MoveNext()" namespace="AzAgroPOS.Mentiq.Idareciler" type_name="MusteriManager.&lt;MusteriSilAsync&gt;d__5" block_coverage="90.00" line_coverage="90.00" blocks_covered="18" blocks_not_covered="2" lines_covered="9" lines_partially_covered="0" lines_not_covered="1">
          <ranges>
            <range source_id="15" start_line="68" end_line="68" start_column="9" end_column="10" covered="yes" />
            <range source_id="15" start_line="69" end_line="69" start_column="13" end_column="71" covered="yes" />
            <range source_id="15" start_line="70" end_line="70" start_column="13" end_column="33" covered="yes" />
            <range source_id="15" start_line="71" end_line="71" start_column="17" end_column="72" covered="no" />
            <range source_id="15" start_line="73" end_line="73" start_column="13" end_column="39" covered="yes" />
            <range source_id="15" start_line="74" end_line="74" start_column="17" end_column="88" covered="yes" />
            <range source_id="15" start_line="76" end_line="76" start_column="13" end_column="49" covered="yes" />
            <range source_id="15" start_line="77" end_line="77" start_column="13" end_column="57" covered="yes" />
            <range source_id="15" start_line="78" end_line="78" start_column="13" end_column="47" covered="yes" />
            <range source_id="15" start_line="79" end_line="79" start_column="9" end_column="10" covered="yes" />
          </ranges>
        </function>
        <function id="80132" token="0x60003d7" name="MoveNext()" namespace="AzAgroPOS.Mentiq.Idareciler" type_name="MusteriManager.&lt;MusteriYaratAsync&gt;d__3" block_coverage="100.00" line_coverage="100.00" blocks_covered="39" blocks_not_covered="0" lines_covered="16" lines_partially_covered="0" lines_not_covered="0">
          <ranges>
            <range source_id="15" start_line="33" end_line="33" start_column="9" end_column="10" covered="yes" />
            <range source_id="15" start_line="34" end_line="34" start_column="13" end_column="137" covered="yes" />
            <range source_id="15" start_line="35" end_line="35" start_column="13" end_column="39" covered="yes" />
            <range source_id="15" start_line="36" end_line="36" start_column="17" end_column="101" covered="yes" />
            <range source_id="15" start_line="38" end_line="45" start_column="13" end_column="15" covered="yes" />
            <range source_id="15" start_line="46" end_line="46" start_column="13" end_column="64" covered="yes" />
            <range source_id="15" start_line="47" end_line="47" start_column="13" end_column="57" covered="yes" />
            <range source_id="15" start_line="48" end_line="48" start_column="13" end_column="47" covered="yes" />
            <range source_id="15" start_line="49" end_line="49" start_column="9" end_column="10" covered="yes" />
          </ranges>
        </function>
        <function id="80992" token="0x60003da" name="MoveNext()" namespace="AzAgroPOS.Mentiq.Idareciler" type_name="MusteriManager.&lt;MusteriYenileAsync&gt;d__4" block_coverage="100.00" line_coverage="100.00" blocks_covered="24" blocks_not_covered="0" lines_covered="12" lines_partially_covered="0" lines_not_covered="0">
          <ranges>
            <range source_id="15" start_line="52" end_line="52" start_column="9" end_column="10" covered="yes" />
            <range source_id="15" start_line="53" end_line="53" start_column="13" end_column="75" covered="yes" />
            <range source_id="15" start_line="54" end_line="54" start_column="13" end_column="33" covered="yes" />
            <range source_id="15" start_line="55" end_line="55" start_column="17" end_column="72" covered="yes" />
            <range source_id="15" start_line="57" end_line="57" start_column="13" end_column="39" covered="yes" />
            <range source_id="15" start_line="58" end_line="58" start_column="13" end_column="57" covered="yes" />
            <range source_id="15" start_line="59" end_line="59" start_column="13" end_column="39" covered="yes" />
            <range source_id="15" start_line="60" end_line="60" start_column="13" end_column="53" covered="yes" />
            <range source_id="15" start_line="62" end_line="62" start_column="13" end_column="52" covered="yes" />
            <range source_id="15" start_line="63" end_line="63" start_column="13" end_column="57" covered="yes" />
            <range source_id="15" start_line="64" end_line="64" start_column="13" end_column="47" covered="yes" />
            <range source_id="15" start_line="65" end_line="65" start_column="9" end_column="10" covered="yes" />
          </ranges>
        </function>
        <function id="81556" token="0x60003de" name="&lt;MusterileriGetirAsync&gt;b__2_0(AzAgroPOS.Varliglar.Musteri)" namespace="AzAgroPOS.Mentiq.Idareciler" type_name="NisyeManager.&lt;&gt;c" block_coverage="0.00" line_coverage="0.00" blocks_covered="0" blocks_not_covered="12" lines_covered="0" lines_partially_covered="0" lines_not_covered="8">
          <ranges>
            <range source_id="16" start_line="32" end_line="39" start_column="45" end_column="10" covered="no" />
          </ranges>
        </function>
        <function id="81639" token="0x60003df" name="&lt;MusteriHereketleriniGetirAsync&gt;b__3_0(AzAgroPOS.Varliglar.NisyeHereketi)" namespace="AzAgroPOS.Mentiq.Idareciler" type_name="NisyeManager.&lt;&gt;c" block_coverage="0.00" line_coverage="0.00" blocks_covered="0" blocks_not_covered="2" lines_covered="0" lines_partially_covered="0" lines_not_covered="1">
          <ranges>
            <range source_id="16" start_line="56" end_line="56" start_column="56" end_column="63" covered="no" />
          </ranges>
        </function>
        <function id="81648" token="0x60003e0" name="&lt;MusteriHereketleriniGetirAsync&gt;b__3_1(AzAgroPOS.Varliglar.NisyeHereketi)" namespace="AzAgroPOS.Mentiq.Idareciler" type_name="NisyeManager.&lt;&gt;c" block_coverage="0.00" line_coverage="0.00" blocks_covered="0" blocks_not_covered="13" lines_covered="0" lines_partially_covered="0" lines_not_covered="7">
          <ranges>
            <range source_id="16" start_line="57" end_line="63" start_column="45" end_column="33" covered="no" />
          </ranges>
        </function>
        <function id="81760" token="0x60003e3" name="MoveNext()" namespace="AzAgroPOS.Mentiq.Idareciler" type_name="NisyeManager.&lt;BorcOdenisiEtAsync&gt;d__4" block_coverage="0.00" line_coverage="0.00" blocks_covered="0" blocks_not_covered="38" lines_covered="0" lines_partially_covered="0" lines_not_covered="22">
          <ranges>
            <range source_id="16" start_line="80" end_line="80" start_column="5" end_column="6" covered="no" />
            <range source_id="16" start_line="81" end_line="81" start_column="9" end_column="31" covered="no" />
            <range source_id="16" start_line="82" end_line="82" start_column="13" end_column="82" covered="no" />
            <range source_id="16" start_line="84" end_line="84" start_column="9" end_column="74" covered="no" />
            <range source_id="16" start_line="85" end_line="85" start_column="9" end_column="29" covered="no" />
            <range source_id="16" start_line="86" end_line="86" start_column="13" end_column="68" covered="no" />
            <range source_id="16" start_line="88" end_line="88" start_column="9" end_column="46" covered="no" />
            <range source_id="16" start_line="89" end_line="89" start_column="13" end_column="95" covered="no" />
            <range source_id="16" start_line="92" end_line="92" start_column="9" end_column="43" covered="no" />
            <range source_id="16" start_line="93" end_line="93" start_column="9" end_column="48" covered="no" />
            <range source_id="16" start_line="96" end_line="103" start_column="9" end_column="11" covered="no" />
            <range source_id="16" start_line="104" end_line="104" start_column="9" end_column="66" covered="no" />
            <range source_id="16" start_line="106" end_line="106" start_column="9" end_column="53" covered="no" />
            <range source_id="16" start_line="108" end_line="108" start_column="9" end_column="43" covered="no" />
            <range source_id="16" start_line="109" end_line="109" start_column="5" end_column="6" covered="no" />
          </ranges>
        </function>
        <function id="82548" token="0x60003e6" name="MoveNext()" namespace="AzAgroPOS.Mentiq.Idareciler" type_name="NisyeManager.&lt;MusteriHereketleriniGetirAsync&gt;d__3" block_coverage="0.00" line_coverage="0.00" blocks_covered="0" blocks_not_covered="26" lines_covered="0" lines_partially_covered="0" lines_not_covered="13">
          <ranges>
            <range source_id="16" start_line="52" end_line="52" start_column="5" end_column="6" covered="no" />
            <range source_id="16" start_line="53" end_line="54" start_column="9" end_column="86" covered="no" />
            <range source_id="16" start_line="56" end_line="63" start_column="9" end_column="44" covered="no" />
            <range source_id="16" start_line="65" end_line="65" start_column="9" end_column="73" covered="no" />
            <range source_id="16" start_line="66" end_line="66" start_column="5" end_column="6" covered="no" />
          </ranges>
        </function>
        <function id="83076" token="0x60003e9" name="MoveNext()" namespace="AzAgroPOS.Mentiq.Idareciler" type_name="NisyeManager.&lt;MusterileriGetirAsync&gt;d__2" block_coverage="0.00" line_coverage="0.00" blocks_covered="0" blocks_not_covered="12" lines_covered="0" lines_partially_covered="0" lines_not_covered="12">
          <ranges>
            <range source_id="16" start_line="30" end_line="30" start_column="5" end_column="6" covered="no" />
            <range source_id="16" start_line="31" end_line="31" start_column="9" end_column="76" covered="no" />
            <range source_id="16" start_line="32" end_line="39" start_column="9" end_column="21" covered="no" />
            <range source_id="16" start_line="40" end_line="40" start_column="9" end_column="67" covered="no" />
            <range source_id="16" start_line="41" end_line="41" start_column="5" end_column="6" covered="no" />
          </ranges>
        </function>
        <function id="83412" token="0x60003ec" name="MoveNext()" namespace="AzAgroPOS.Mentiq.Idareciler" type_name="NisyeManager.&lt;NisyeyeSatisElaveEtAsync&gt;d__5" block_coverage="0.00" line_coverage="0.00" blocks_covered="0" blocks_not_covered="44" lines_covered="0" lines_partially_covered="0" lines_not_covered="20">
          <ranges>
            <range source_id="16" start_line="116" end_line="116" start_column="5" end_column="6" covered="no" />
            <range source_id="16" start_line="117" end_line="117" start_column="9" end_column="39" covered="no" />
            <range source_id="16" start_line="118" end_line="118" start_column="13" end_column="88" covered="no" />
            <range source_id="16" start_line="120" end_line="120" start_column="9" end_column="86" covered="no" />
            <range source_id="16" start_line="121" end_line="121" start_column="9" end_column="29" covered="no" />
            <range source_id="16" start_line="122" end_line="122" start_column="13" end_column="68" covered="no" />
            <range source_id="16" start_line="124" end_line="124" start_column="9" end_column="48" covered="no" />
            <range source_id="16" start_line="125" end_line="125" start_column="9" end_column="48" covered="no" />
            <range source_id="16" start_line="127" end_line="135" start_column="9" end_column="11" covered="no" />
            <range source_id="16" start_line="136" end_line="136" start_column="9" end_column="66" covered="no" />
            <range source_id="16" start_line="138" end_line="138" start_column="9" end_column="43" covered="no" />
            <range source_id="16" start_line="139" end_line="139" start_column="5" end_column="6" covered="no" />
          </ranges>
        </function>
        <function id="84151" token="0x60003f0" name="&lt;NovbeBaglaAsync&gt;b__5_0(AzAgroPOS.Varliglar.Satis)" namespace="AzAgroPOS.Mentiq.Idareciler" type_name="NovbeManager.&lt;&gt;c" block_coverage="100.00" line_coverage="100.00" blocks_covered="2" blocks_not_covered="0" lines_covered="1" lines_partially_covered="0" lines_not_covered="0">
          <ranges>
            <range source_id="17" start_line="86" end_line="86" start_column="57" end_column="92" covered="yes" />
          </ranges>
        </function>
        <function id="84162" token="0x60003f1" name="&lt;NovbeBaglaAsync&gt;b__5_1(AzAgroPOS.Varliglar.Satis)" namespace="AzAgroPOS.Mentiq.Idareciler" type_name="NovbeManager.&lt;&gt;c" block_coverage="100.00" line_coverage="100.00" blocks_covered="2" blocks_not_covered="0" lines_covered="1" lines_partially_covered="0" lines_not_covered="0">
          <ranges>
            <range source_id="17" start_line="86" end_line="86" start_column="103" end_column="116" covered="yes" />
          </ranges>
        </function>
        <function id="84170" token="0x60003f2" name="&lt;NovbeBaglaAsync&gt;b__5_2(AzAgroPOS.Varliglar.Satis)" namespace="AzAgroPOS.Mentiq.Idareciler" type_name="NovbeManager.&lt;&gt;c" block_coverage="100.00" line_coverage="100.00" blocks_covered="2" blocks_not_covered="0" lines_covered="1" lines_partially_covered="0" lines_not_covered="0">
          <ranges>
            <range source_id="17" start_line="87" end_line="87" start_column="57" end_column="92" covered="yes" />
          </ranges>
        </function>
        <function id="84181" token="0x60003f3" name="&lt;NovbeBaglaAsync&gt;b__5_3(AzAgroPOS.Varliglar.Satis)" namespace="AzAgroPOS.Mentiq.Idareciler" type_name="NovbeManager.&lt;&gt;c" block_coverage="100.00" line_coverage="100.00" blocks_covered="2" blocks_not_covered="0" lines_covered="1" lines_partially_covered="0" lines_not_covered="0">
          <ranges>
            <range source_id="17" start_line="87" end_line="87" start_column="103" end_column="116" covered="yes" />
          </ranges>
        </function>
        <function id="84208" token="0x60003f6" name="MoveNext()" namespace="AzAgroPOS.Mentiq.Idareciler" type_name="NovbeManager.&lt;AktivNovbeniGetirAsync&gt;d__3" block_coverage="100.00" line_coverage="100.00" blocks_covered="5" blocks_not_covered="0" lines_covered="3" lines_partially_covered="0" lines_not_covered="0">
          <ranges>
            <range source_id="17" start_line="43" end_line="43" start_column="5" end_column="6" covered="yes" />
            <range source_id="17" start_line="44" end_line="44" start_column="9" end_column="74" covered="yes" />
            <range source_id="17" start_line="45" end_line="45" start_column="5" end_column="6" covered="yes" />
          </ranges>
        </function>
        <function id="84440" token="0x60003f9" name="MoveNext()" namespace="AzAgroPOS.Mentiq.Idareciler" type_name="NovbeManager.&lt;NovbeAcAsync&gt;d__4" block_coverage="90.91" line_coverage="88.89" blocks_covered="20" blocks_not_covered="2" lines_covered="8" lines_partially_covered="0" lines_not_covered="1">
          <ranges>
            <range source_id="17" start_line="57" end_line="57" start_column="5" end_column="6" covered="yes" />
            <range source_id="17" start_line="58" end_line="58" start_column="9" end_column="63" covered="yes" />
            <range source_id="17" start_line="59" end_line="59" start_column="9" end_column="32" covered="yes" />
            <range source_id="17" start_line="60" end_line="60" start_column="13" end_column="103" covered="no" />
            <range source_id="17" start_line="61" end_line="61" start_column="9" end_column="147" covered="yes" />
            <range source_id="17" start_line="62" end_line="62" start_column="9" end_column="60" covered="yes" />
            <range source_id="17" start_line="63" end_line="63" start_column="9" end_column="53" covered="yes" />
            <range source_id="17" start_line="64" end_line="64" start_column="9" end_column="59" covered="yes" />
            <range source_id="17" start_line="65" end_line="65" start_column="5" end_column="6" covered="yes" />
          </ranges>
        </function>
        <function id="85068" token="0x60003fc" name="MoveNext()" namespace="AzAgroPOS.Mentiq.Idareciler" type_name="NovbeManager.&lt;NovbeBaglaAsync&gt;d__5" block_coverage="98.81" line_coverage="57.14" blocks_covered="83" blocks_not_covered="1" lines_covered="16" lines_partially_covered="12" lines_not_covered="0">
          <ranges>
            <range source_id="17" start_line="80" end_line="80" start_column="5" end_column="6" covered="yes" />
            <range source_id="17" start_line="81" end_line="81" start_column="9" end_column="68" covered="yes" />
            <range source_id="17" start_line="82" end_line="82" start_column="9" end_column="65" covered="yes" />
            <range source_id="17" start_line="83" end_line="83" start_column="13" end_column="100" covered="yes" />
            <range source_id="17" start_line="85" end_line="85" start_column="9" end_column="94" covered="yes" />
            <range source_id="17" start_line="86" end_line="86" start_column="9" end_column="118" covered="yes" />
            <range source_id="17" start_line="87" end_line="87" start_column="9" end_column="118" covered="yes" />
            <range source_id="17" start_line="89" end_line="89" start_column="9" end_column="45" covered="yes" />
            <range source_id="17" start_line="90" end_line="90" start_column="9" end_column="45" covered="yes" />
            <range source_id="17" start_line="91" end_line="91" start_column="9" end_column="71" covered="yes" />
            <range source_id="17" start_line="92" end_line="92" start_column="9" end_column="43" covered="yes" />
            <range source_id="17" start_line="93" end_line="93" start_column="9" end_column="44" covered="yes" />
            <range source_id="17" start_line="94" end_line="94" start_column="9" end_column="53" covered="yes" />
            <range source_id="17" start_line="96" end_line="96" start_column="9" end_column="77" covered="yes" />
            <range source_id="17" start_line="97" end_line="108" start_column="9" end_column="11" covered="partial" />
            <range source_id="17" start_line="109" end_line="109" start_column="9" end_column="63" covered="yes" />
            <range source_id="17" start_line="110" end_line="110" start_column="5" end_column="6" covered="yes" />
          </ranges>
        </function>
        <function id="86496" token="0x60003ff" name="MoveNext()" namespace="AzAgroPOS.Mentiq.Idareciler" type_name="NovbeManager.&lt;NovbeGetirAsync&gt;d__2" block_coverage="0.00" line_coverage="0.00" blocks_covered="0" blocks_not_covered="5" lines_covered="0" lines_partially_covered="0" lines_not_covered="3">
          <ranges>
            <range source_id="17" start_line="30" end_line="30" start_column="5" end_column="6" covered="no" />
            <range source_id="17" start_line="31" end_line="31" start_column="9" end_column="58" covered="no" />
            <range source_id="17" start_line="32" end_line="32" start_column="5" end_column="6" covered="no" />
          </ranges>
        </function>
        <function id="86739" token="0x6000403" name="&lt;SatisYaratAsync&gt;b__3_0(AzAgroPOS.Mentiq.DTOs.SatisSebetiElementiDto)" namespace="AzAgroPOS.Mentiq.Idareciler" type_name="SatisManager.&lt;&gt;c" block_coverage="100.00" line_coverage="100.00" blocks_covered="2" blocks_not_covered="0" lines_covered="1" lines_partially_covered="0" lines_not_covered="0">
          <ranges>
            <range source_id="18" start_line="63" end_line="63" start_column="66" end_column="79" covered="yes" />
          </ranges>
        </function>
        <function id="86747" token="0x6000404" name="&lt;QaytarmaEmeliyyatiAsync&gt;b__5_0(AzAgroPOS.Mentiq.DTOs.SatisSebetiElementiDto)" namespace="AzAgroPOS.Mentiq.Idareciler" type_name="SatisManager.&lt;&gt;c" block_coverage="0.00" line_coverage="0.00" blocks_covered="0" blocks_not_covered="2" lines_covered="0" lines_partially_covered="0" lines_not_covered="1">
          <ranges>
            <range source_id="18" start_line="186" end_line="186" start_column="60" end_column="73" covered="no" />
          </ranges>
        </function>
        <function id="86764" token="0x6000406" name="MoveNext()" namespace="AzAgroPOS.Mentiq.Idareciler" type_name="SatisManager.&lt;QaytarmaEmeliyyatiAsync&gt;d__5" block_coverage="0.00" line_coverage="0.00" blocks_covered="0" blocks_not_covered="127" lines_covered="0" lines_partially_covered="0" lines_not_covered="74">
          <ranges>
            <range source_id="18" start_line="167" end_line="167" start_column="5" end_column="6" covered="no" />
            <range source_id="18" start_line="168" end_line="168" start_column="9" end_column="59" covered="no" />
            <range source_id="18" start_line="170" end_line="170" start_column="9" end_column="10" covered="no" />
            <range source_id="18" start_line="172" end_line="172" start_column="13" end_column="72" covered="no" />
            <range source_id="18" start_line="173" end_line="173" start_column="13" end_column="31" covered="no" />
            <range source_id="18" start_line="174" end_line="174" start_column="13" end_column="14" covered="no" />
            <range source_id="18" start_line="175" end_line="175" start_column="17" end_column="58" covered="no" />
            <range source_id="18" start_line="176" end_line="176" start_column="17" end_column="76" covered="no" />
            <range source_id="18" start_line="180" end_line="187" start_column="13" end_column="15" covered="no" />
            <range source_id="18" start_line="190" end_line="190" start_column="13" end_column="20" covered="no" />
            <range source_id="18" start_line="190" end_line="190" start_column="37" end_column="56" covered="no" />
            <range source_id="18" start_line="190" end_line="190" start_column="22" end_column="33" covered="no" />
            <range source_id="18" start_line="191" end_line="191" start_column="13" end_column="14" covered="no" />
            <range source_id="18" start_line="193" end_line="199" start_column="17" end_column="20" covered="no" />
            <range source_id="18" start_line="202" end_line="202" start_column="17" end_column="87" covered="no" />
            <range source_id="18" start_line="203" end_line="203" start_column="17" end_column="36" covered="no" />
            <range source_id="18" start_line="204" end_line="204" start_column="17" end_column="18" covered="no" />
            <range source_id="18" start_line="205" end_line="205" start_column="21" end_column="61" covered="no" />
            <range source_id="18" start_line="206" end_line="206" start_column="21" end_column="58" covered="no" />
            <range source_id="18" start_line="207" end_line="207" start_column="17" end_column="18" covered="no" />
            <range source_id="18" start_line="208" end_line="208" start_column="13" end_column="14" covered="no" />
            <range source_id="18" start_line="190" end_line="190" start_column="34" end_column="36" covered="no" />
            <range source_id="18" start_line="211" end_line="211" start_column="13" end_column="86" covered="no" />
            <range source_id="18" start_line="212" end_line="212" start_column="13" end_column="14" covered="no" />
            <range source_id="18" start_line="213" end_line="213" start_column="17" end_column="94" covered="no" />
            <range source_id="18" start_line="214" end_line="214" start_column="17" end_column="37" covered="no" />
            <range source_id="18" start_line="215" end_line="215" start_column="17" end_column="18" covered="no" />
            <range source_id="18" start_line="216" end_line="216" start_column="21" end_column="63" covered="no" />
            <range source_id="18" start_line="217" end_line="217" start_column="21" end_column="60" covered="no" />
            <range source_id="18" start_line="220" end_line="227" start_column="21" end_column="23" covered="no" />
            <range source_id="18" start_line="228" end_line="228" start_column="21" end_column="84" covered="no" />
            <range source_id="18" start_line="229" end_line="229" start_column="17" end_column="18" covered="no" />
            <range source_id="18" start_line="230" end_line="230" start_column="13" end_column="14" covered="no" />
            <range source_id="18" start_line="233" end_line="233" start_column="13" end_column="66" covered="no" />
            <range source_id="18" start_line="236" end_line="236" start_column="13" end_column="39" covered="no" />
            <range source_id="18" start_line="237" end_line="237" start_column="13" end_column="14" covered="no" />
            <range source_id="18" start_line="238" end_line="238" start_column="17" end_column="87" covered="no" />
            <range source_id="18" start_line="239" end_line="239" start_column="17" end_column="35" covered="no" />
            <range source_id="18" start_line="240" end_line="240" start_column="17" end_column="18" covered="no" />
            <range source_id="18" start_line="241" end_line="241" start_column="21" end_column="65" covered="no" />
            <range source_id="18" start_line="242" end_line="242" start_column="21" end_column="22" covered="no" />
            <range source_id="18" start_line="243" end_line="243" start_column="25" end_column="69" covered="no" />
            <range source_id="18" start_line="244" end_line="244" start_column="21" end_column="22" covered="no" />
            <range source_id="18" start_line="245" end_line="245" start_column="26" end_column="70" covered="no" />
            <range source_id="18" start_line="246" end_line="246" start_column="21" end_column="22" covered="no" />
            <range source_id="18" start_line="249" end_line="249" start_column="21" end_column="22" covered="no" />
            <range source_id="18" start_line="250" end_line="250" start_column="21" end_column="56" covered="no" />
            <range source_id="18" start_line="251" end_line="251" start_column="17" end_column="18" covered="no" />
            <range source_id="18" start_line="252" end_line="252" start_column="13" end_column="14" covered="no" />
            <range source_id="18" start_line="255" end_line="255" start_column="13" end_column="57" covered="no" />
            <range source_id="18" start_line="257" end_line="257" start_column="13" end_column="72" covered="no" />
            <range source_id="18" start_line="258" end_line="258" start_column="13" end_column="57" covered="no" />
            <range source_id="18" start_line="260" end_line="260" start_column="9" end_column="29" covered="no" />
            <range source_id="18" start_line="261" end_line="261" start_column="9" end_column="10" covered="no" />
            <range source_id="18" start_line="262" end_line="262" start_column="13" end_column="80" covered="no" />
            <range source_id="18" start_line="263" end_line="263" start_column="13" end_column="115" covered="no" />
            <range source_id="18" start_line="265" end_line="265" start_column="5" end_column="6" covered="no" />
          </ranges>
        </function>
        <function id="88868" token="0x6000409" name="MoveNext()" namespace="AzAgroPOS.Mentiq.Idareciler" type_name="SatisManager.&lt;SatisGetirAsync&gt;d__4" block_coverage="80.70" line_coverage="75.00" blocks_covered="46" blocks_not_covered="11" lines_covered="30" lines_partially_covered="0" lines_not_covered="10">
          <ranges>
            <range source_id="18" start_line="111" end_line="111" start_column="5" end_column="6" covered="yes" />
            <range source_id="18" start_line="112" end_line="112" start_column="9" end_column="77" covered="yes" />
            <range source_id="18" start_line="114" end_line="114" start_column="9" end_column="10" covered="yes" />
            <range source_id="18" start_line="116" end_line="116" start_column="13" end_column="62" covered="yes" />
            <range source_id="18" start_line="117" end_line="117" start_column="13" end_column="14" covered="no" />
            <range source_id="18" start_line="118" end_line="118" start_column="17" end_column="71" covered="no" />
            <range source_id="18" start_line="119" end_line="119" start_column="17" end_column="97" covered="no" />
            <range source_id="18" start_line="122" end_line="122" start_column="13" end_column="72" covered="yes" />
            <range source_id="18" start_line="123" end_line="123" start_column="13" end_column="31" covered="yes" />
            <range source_id="18" start_line="124" end_line="124" start_column="13" end_column="14" covered="no" />
            <range source_id="18" start_line="125" end_line="125" start_column="17" end_column="58" covered="no" />
            <range source_id="18" start_line="126" end_line="126" start_column="17" end_column="84" covered="no" />
            <range source_id="18" start_line="130" end_line="130" start_column="13" end_column="71" covered="yes" />
            <range source_id="18" start_line="131" end_line="131" start_column="13" end_column="20" covered="yes" />
            <range source_id="18" start_line="131" end_line="131" start_column="36" end_column="56" covered="yes" />
            <range source_id="18" start_line="131" end_line="131" start_column="22" end_column="32" covered="yes" />
            <range source_id="18" start_line="132" end_line="132" start_column="13" end_column="14" covered="yes" />
            <range source_id="18" start_line="133" end_line="133" start_column="17" end_column="86" covered="yes" />
            <range source_id="18" start_line="134" end_line="134" start_column="17" end_column="36" covered="yes" />
            <range source_id="18" start_line="135" end_line="135" start_column="17" end_column="18" covered="yes" />
            <range source_id="18" start_line="136" end_line="142" start_column="21" end_column="24" covered="yes" />
            <range source_id="18" start_line="143" end_line="143" start_column="17" end_column="18" covered="yes" />
            <range source_id="18" start_line="144" end_line="144" start_column="13" end_column="14" covered="yes" />
            <range source_id="18" start_line="131" end_line="131" start_column="33" end_column="35" covered="yes" />
            <range source_id="18" start_line="146" end_line="151" start_column="13" end_column="15" covered="yes" />
            <range source_id="18" start_line="153" end_line="153" start_column="13" end_column="71" covered="yes" />
            <range source_id="18" start_line="154" end_line="154" start_column="13" end_column="69" covered="yes" />
            <range source_id="18" start_line="156" end_line="156" start_column="9" end_column="29" covered="no" />
            <range source_id="18" start_line="157" end_line="157" start_column="9" end_column="10" covered="no" />
            <range source_id="18" start_line="158" end_line="158" start_column="13" end_column="86" covered="no" />
            <range source_id="18" start_line="159" end_line="159" start_column="13" end_column="129" covered="no" />
            <range source_id="18" start_line="161" end_line="161" start_column="5" end_column="6" covered="yes" />
          </ranges>
        </function>
        <function id="89844" token="0x600040c" name="MoveNext()" namespace="AzAgroPOS.Mentiq.Idareciler" type_name="SatisManager.&lt;SatisYaratAsync&gt;d__3" block_coverage="82.31" line_coverage="70.37" blocks_covered="107" blocks_not_covered="23" lines_covered="38" lines_partially_covered="2" lines_not_covered="14">
          <ranges>
            <range source_id="18" start_line="32" end_line="32" start_column="5" end_column="6" covered="yes" />
            <range source_id="18" start_line="33" end_line="33" start_column="9" end_column="64" covered="yes" />
            <range source_id="18" start_line="35" end_line="35" start_column="9" end_column="10" covered="yes" />
            <range source_id="18" start_line="36" end_line="36" start_column="13" end_column="87" covered="partial" />
            <range source_id="18" start_line="37" end_line="37" start_column="13" end_column="14" covered="no" />
            <range source_id="18" start_line="38" end_line="38" start_column="17" end_column="66" covered="no" />
            <range source_id="18" start_line="39" end_line="39" start_column="17" end_column="85" covered="no" />
            <range source_id="18" start_line="42" end_line="42" start_column="13" end_column="93" covered="yes" />
            <range source_id="18" start_line="43" end_line="43" start_column="13" end_column="14" covered="yes" />
            <range source_id="18" start_line="44" end_line="44" start_column="17" end_column="80" covered="yes" />
            <range source_id="18" start_line="45" end_line="45" start_column="17" end_column="99" covered="yes" />
            <range source_id="18" start_line="49" end_line="49" start_column="13" end_column="20" covered="yes" />
            <range source_id="18" start_line="49" end_line="49" start_column="37" end_column="62" covered="yes" />
            <range source_id="18" start_line="49" end_line="49" start_column="22" end_column="33" covered="yes" />
            <range source_id="18" start_line="50" end_line="50" start_column="13" end_column="14" covered="yes" />
            <range source_id="18" start_line="51" end_line="51" start_column="17" end_column="87" covered="yes" />
            <range source_id="18" start_line="52" end_line="52" start_column="17" end_column="73" covered="partial" />
            <range source_id="18" start_line="53" end_line="53" start_column="17" end_column="18" covered="yes" />
            <range source_id="18" start_line="54" end_line="54" start_column="21" end_column="109" covered="yes" />
            <range source_id="18" start_line="55" end_line="55" start_column="21" end_column="128" covered="yes" />
            <range source_id="18" start_line="57" end_line="57" start_column="13" end_column="14" covered="yes" />
            <range source_id="18" start_line="49" end_line="49" start_column="34" end_column="36" covered="yes" />
            <range source_id="18" start_line="59" end_line="66" start_column="13" end_column="15" covered="yes" />
            <range source_id="18" start_line="69" end_line="69" start_column="13" end_column="20" covered="yes" />
            <range source_id="18" start_line="69" end_line="69" start_column="37" end_column="62" covered="yes" />
            <range source_id="18" start_line="69" end_line="69" start_column="22" end_column="33" covered="yes" />
            <range source_id="18" start_line="70" end_line="70" start_column="13" end_column="14" covered="yes" />
            <range source_id="18" start_line="71" end_line="71" start_column="17" end_column="204" covered="yes" />
            <range source_id="18" start_line="72" end_line="72" start_column="17" end_column="87" covered="yes" />
            <range source_id="18" start_line="73" end_line="73" start_column="17" end_column="36" covered="yes" />
            <range source_id="18" start_line="74" end_line="74" start_column="17" end_column="18" covered="yes" />
            <range source_id="18" start_line="75" end_line="75" start_column="21" end_column="61" covered="yes" />
            <range source_id="18" start_line="76" end_line="76" start_column="21" end_column="58" covered="yes" />
            <range source_id="18" start_line="77" end_line="77" start_column="17" end_column="18" covered="yes" />
            <range source_id="18" start_line="78" end_line="78" start_column="13" end_column="14" covered="yes" />
            <range source_id="18" start_line="69" end_line="69" start_column="34" end_column="36" covered="yes" />
            <range source_id="18" start_line="80" end_line="80" start_column="13" end_column="60" covered="yes" />
            <range source_id="18" start_line="82" end_line="82" start_column="13" end_column="57" covered="yes" />
            <range source_id="18" start_line="85" end_line="85" start_column="13" end_column="58" covered="yes" />
            <range source_id="18" start_line="86" end_line="86" start_column="13" end_column="14" covered="no" />
            <range source_id="18" start_line="87" end_line="87" start_column="17" end_column="87" covered="no" />
            <range source_id="18" start_line="88" end_line="88" start_column="17" end_column="44" covered="no" />
            <range source_id="18" start_line="89" end_line="89" start_column="17" end_column="18" covered="no" />
            <range source_id="18" start_line="92" end_line="92" start_column="21" end_column="101" covered="no" />
            <range source_id="18" start_line="93" end_line="93" start_column="21" end_column="114" covered="no" />
            <range source_id="18" start_line="95" end_line="95" start_column="13" end_column="14" covered="no" />
            <range source_id="18" start_line="97" end_line="97" start_column="13" end_column="57" covered="yes" />
            <range source_id="18" start_line="98" end_line="98" start_column="13" end_column="59" covered="yes" />
            <range source_id="18" start_line="100" end_line="100" start_column="9" end_column="29" covered="no" />
            <range source_id="18" start_line="101" end_line="101" start_column="9" end_column="10" covered="no" />
            <range source_id="18" start_line="102" end_line="102" start_column="13" end_column="85" covered="no" />
            <range source_id="18" start_line="103" end_line="103" start_column="13" end_column="121" covered="no" />
            <range source_id="18" start_line="105" end_line="105" start_column="5" end_column="6" covered="yes" />
          </ranges>
        </function>
        <function id="91788" token="0x600040f" name="MoveNext()" namespace="AzAgroPOS.Mentiq.Idareciler" type_name="TedarukcuMeneceri.&lt;ButunTedarukculeriGetirAsync&gt;d__2" block_coverage="0.00" line_coverage="0.00" blocks_covered="0" blocks_not_covered="4" lines_covered="0" lines_partially_covered="0" lines_not_covered="3">
          <ranges>
            <range source_id="19" start_line="25" end_line="25" start_column="5" end_column="6" covered="no" />
            <range source_id="19" start_line="26" end_line="26" start_column="9" end_column="66" covered="no" />
            <range source_id="19" start_line="27" end_line="27" start_column="5" end_column="6" covered="no" />
          </ranges>
        </function>
        <function id="92008" token="0x6000412" name="MoveNext()" namespace="AzAgroPOS.Mentiq.Idareciler" type_name="TedarukcuMeneceri.&lt;TedarukcuGetirAsync&gt;d__3" block_coverage="0.00" line_coverage="0.00" blocks_covered="0" blocks_not_covered="4" lines_covered="0" lines_partially_covered="0" lines_not_covered="3">
          <ranges>
            <range source_id="19" start_line="33" end_line="33" start_column="5" end_column="6" covered="no" />
            <range source_id="19" start_line="34" end_line="34" start_column="9" end_column="59" covered="no" />
            <range source_id="19" start_line="35" end_line="35" start_column="5" end_column="6" covered="no" />
          </ranges>
        </function>
        <function id="92236" token="0x6000415" name="MoveNext()" namespace="AzAgroPOS.Mentiq.Idareciler" type_name="TedarukcuMeneceri.&lt;TedarukcuSilAsync&gt;d__6" block_coverage="0.00" line_coverage="0.00" blocks_covered="0" blocks_not_covered="4" lines_covered="0" lines_partially_covered="0" lines_not_covered="3">
          <ranges>
            <range source_id="19" start_line="57" end_line="57" start_column="5" end_column="6" covered="no" />
            <range source_id="19" start_line="58" end_line="58" start_column="9" end_column="57" covered="no" />
            <range source_id="19" start_line="59" end_line="59" start_column="5" end_column="6" covered="no" />
          </ranges>
        </function>
        <function id="92464" token="0x6000418" name="MoveNext()" namespace="AzAgroPOS.Mentiq.Idareciler" type_name="TedarukcuMeneceri.&lt;TedarukcuYaratAsync&gt;d__4" block_coverage="0.00" line_coverage="0.00" blocks_covered="0" blocks_not_covered="4" lines_covered="0" lines_partially_covered="0" lines_not_covered="3">
          <ranges>
            <range source_id="19" start_line="41" end_line="41" start_column="5" end_column="6" covered="no" />
            <range source_id="19" start_line="42" end_line="42" start_column="9" end_column="60" covered="no" />
            <range source_id="19" start_line="43" end_line="43" start_column="5" end_column="6" covered="no" />
          </ranges>
        </function>
        <function id="92692" token="0x600041b" name="MoveNext()" namespace="AzAgroPOS.Mentiq.Idareciler" type_name="TedarukcuMeneceri.&lt;TedarukcuYenileAsync&gt;d__5" block_coverage="0.00" line_coverage="0.00" blocks_covered="0" blocks_not_covered="4" lines_covered="0" lines_partially_covered="0" lines_not_covered="3">
          <ranges>
            <range source_id="19" start_line="49" end_line="49" start_column="5" end_column="6" covered="no" />
            <range source_id="19" start_line="50" end_line="50" start_column="9" end_column="61" covered="no" />
            <range source_id="19" start_line="51" end_line="51" start_column="5" end_column="6" covered="no" />
          </ranges>
        </function>
        <function id="92928" token="0x600041f" name="MoveNext()" namespace="AzAgroPOS.Mentiq.Idareciler" type_name="TehlukesizlikManager.&lt;DaxilOlAsync&gt;d__2" block_coverage="96.23" line_coverage="66.67" blocks_covered="51" blocks_not_covered="2" lines_covered="14" lines_partially_covered="7" lines_not_covered="0">
          <ranges>
            <range source_id="20" start_line="32" end_line="32" start_column="5" end_column="6" covered="yes" />
            <range source_id="20" start_line="34" end_line="34" start_column="9" end_column="50" covered="yes" />
            <range source_id="20" start_line="35" end_line="35" start_column="9" end_column="45" covered="yes" />
            <range source_id="20" start_line="37" end_line="37" start_column="9" end_column="101" covered="yes" />
            <range source_id="20" start_line="38" end_line="38" start_column="13" end_column="104" covered="yes" />
            <range source_id="20" start_line="44" end_line="44" start_column="9" end_column="127" covered="yes" />
            <range source_id="20" start_line="46" end_line="46" start_column="9" end_column="32" covered="yes" />
            <range source_id="20" start_line="47" end_line="47" start_column="13" end_column="102" covered="yes" />
            <range source_id="20" start_line="50" end_line="50" start_column="9" end_column="95" covered="yes" />
            <range source_id="20" start_line="52" end_line="52" start_column="9" end_column="28" covered="yes" />
            <range source_id="20" start_line="53" end_line="53" start_column="13" end_column="102" covered="yes" />
            <range source_id="20" start_line="55" end_line="55" start_column="9" end_column="83" covered="yes" />
            <range source_id="20" start_line="56" end_line="62" start_column="9" end_column="11" covered="partial" />
            <range source_id="20" start_line="64" end_line="64" start_column="9" end_column="71" covered="yes" />
            <range source_id="20" start_line="65" end_line="65" start_column="5" end_column="6" covered="yes" />
          </ranges>
        </function>
        <function id="93840" token="0x6000423" name="&lt;ButunSifarisleriGetirAsync&gt;b__2_0(AzAgroPOS.Varliglar.Temir)" namespace="AzAgroPOS.Mentiq.Idareciler" type_name="TemirManager.&lt;&gt;c" block_coverage="0.00" line_coverage="0.00" blocks_covered="0" blocks_not_covered="28" lines_covered="0" lines_partially_covered="0" lines_not_covered="16">
          <ranges>
            <range source_id="21" start_line="38" end_line="53" start_column="49" end_column="14" covered="no" />
          </ranges>
        </function>
        <function id="94027" token="0x6000424" name="&lt;ButunSifarisleriGetirAsync&gt;b__2_1(AzAgroPOS.Mentiq.DTOs.TemirDto)" namespace="AzAgroPOS.Mentiq.Idareciler" type_name="TemirManager.&lt;&gt;c" block_coverage="0.00" line_coverage="0.00" blocks_covered="0" blocks_not_covered="2" lines_covered="0" lines_partially_covered="0" lines_not_covered="1">
          <ranges>
            <range source_id="21" start_line="53" end_line="53" start_column="39" end_column="52" covered="no" />
          </ranges>
        </function>
        <function id="94044" token="0x6000426" name="MoveNext()" namespace="AzAgroPOS.Mentiq.Idareciler" type_name="TemirManager.&lt;ButunSifarisleriGetirAsync&gt;d__2" block_coverage="0.00" line_coverage="0.00" blocks_covered="0" blocks_not_covered="21" lines_covered="0" lines_partially_covered="0" lines_not_covered="24">
          <ranges>
            <range source_id="21" start_line="34" end_line="34" start_column="5" end_column="6" covered="no" />
            <range source_id="21" start_line="36" end_line="36" start_column="9" end_column="10" covered="no" />
            <range source_id="21" start_line="37" end_line="37" start_column="13" end_column="86" covered="no" />
            <range source_id="21" start_line="38" end_line="53" start_column="13" end_column="63" covered="no" />
            <range source_id="21" start_line="55" end_line="55" start_column="13" end_column="69" covered="no" />
            <range source_id="21" start_line="57" end_line="57" start_column="9" end_column="29" covered="no" />
            <range source_id="21" start_line="58" end_line="58" start_column="9" end_column="10" covered="no" />
            <range source_id="21" start_line="59" end_line="59" start_column="13" end_column="118" covered="no" />
            <range source_id="21" start_line="61" end_line="61" start_column="5" end_column="6" covered="no" />
          </ranges>
        </function>
        <function id="94472" token="0x6000429" name="MoveNext()" namespace="AzAgroPOS.Mentiq.Idareciler" type_name="TemirManager.&lt;SifarisSilAsync&gt;d__5" block_coverage="0.00" line_coverage="0.00" blocks_covered="0" blocks_not_covered="20" lines_covered="0" lines_partially_covered="0" lines_not_covered="12">
          <ranges>
            <range source_id="21" start_line="158" end_line="158" start_column="5" end_column="6" covered="no" />
            <range source_id="21" start_line="160" end_line="160" start_column="9" end_column="10" covered="no" />
            <range source_id="21" start_line="161" end_line="161" start_column="13" end_column="77" covered="no" />
            <range source_id="21" start_line="162" end_line="162" start_column="13" end_column="33" covered="no" />
            <range source_id="21" start_line="163" end_line="163" start_column="17" end_column="89" covered="no" />
            <range source_id="21" start_line="165" end_line="165" start_column="13" end_column="55" covered="no" />
            <range source_id="21" start_line="166" end_line="166" start_column="13" end_column="57" covered="no" />
            <range source_id="21" start_line="168" end_line="168" start_column="13" end_column="47" covered="no" />
            <range source_id="21" start_line="170" end_line="170" start_column="9" end_column="29" covered="no" />
            <range source_id="21" start_line="171" end_line="171" start_column="9" end_column="10" covered="no" />
            <range source_id="21" start_line="172" end_line="172" start_column="13" end_column="97" covered="no" />
            <range source_id="21" start_line="174" end_line="174" start_column="5" end_column="6" covered="no" />
          </ranges>
        </function>
        <function id="94992" token="0x600042c" name="MoveNext()" namespace="AzAgroPOS.Mentiq.Idareciler" type_name="TemirManager.&lt;SifarisYenileAsync&gt;d__4" block_coverage="0.00" line_coverage="0.00" blocks_covered="0" blocks_not_covered="51" lines_covered="0" lines_partially_covered="0" lines_not_covered="24">
          <ranges>
            <range source_id="21" start_line="116" end_line="116" start_column="5" end_column="6" covered="no" />
            <range source_id="21" start_line="118" end_line="118" start_column="9" end_column="10" covered="no" />
            <range source_id="21" start_line="119" end_line="119" start_column="13" end_column="116" covered="no" />
            <range source_id="21" start_line="120" end_line="120" start_column="17" end_column="94" covered="no" />
            <range source_id="21" start_line="122" end_line="122" start_column="13" end_column="94" covered="no" />
            <range source_id="21" start_line="123" end_line="123" start_column="13" end_column="39" covered="no" />
            <range source_id="21" start_line="124" end_line="124" start_column="17" end_column="95" covered="no" />
            <range source_id="21" start_line="126" end_line="126" start_column="13" end_column="62" covered="no" />
            <range source_id="21" start_line="127" end_line="127" start_column="13" end_column="72" covered="no" />
            <range source_id="21" start_line="128" end_line="128" start_column="13" end_column="58" covered="no" />
            <range source_id="21" start_line="129" end_line="129" start_column="13" end_column="68" covered="no" />
            <range source_id="21" start_line="130" end_line="130" start_column="13" end_column="70" covered="no" />
            <range source_id="21" start_line="131" end_line="131" start_column="13" end_column="62" covered="no" />
            <range source_id="21" start_line="132" end_line="132" start_column="13" end_column="64" covered="no" />
            <range source_id="21" start_line="133" end_line="133" start_column="13" end_column="64" covered="no" />
            <range source_id="21" start_line="134" end_line="134" start_column="13" end_column="70" covered="no" />
            <range source_id="21" start_line="135" end_line="135" start_column="13" end_column="54" covered="no" />
            <range source_id="21" start_line="137" end_line="137" start_column="13" end_column="64" covered="no" />
            <range source_id="21" start_line="138" end_line="138" start_column="13" end_column="57" covered="no" />
            <range source_id="21" start_line="140" end_line="140" start_column="13" end_column="47" covered="no" />
            <range source_id="21" start_line="142" end_line="142" start_column="9" end_column="29" covered="no" />
            <range source_id="21" start_line="143" end_line="143" start_column="9" end_column="10" covered="no" />
            <range source_id="21" start_line="144" end_line="144" start_column="13" end_column="100" covered="no" />
            <range source_id="21" start_line="146" end_line="146" start_column="5" end_column="6" covered="no" />
          </ranges>
        </function>
        <function id="95808" token="0x600042f" name="MoveNext()" namespace="AzAgroPOS.Mentiq.Idareciler" type_name="TemirManager.&lt;StatusDeyisAsync&gt;d__6" block_coverage="0.00" line_coverage="0.00" blocks_covered="0" blocks_not_covered="26" lines_covered="0" lines_partially_covered="0" lines_not_covered="17">
          <ranges>
            <range source_id="21" start_line="188" end_line="188" start_column="5" end_column="6" covered="no" />
            <range source_id="21" start_line="190" end_line="190" start_column="9" end_column="10" covered="no" />
            <range source_id="21" start_line="191" end_line="191" start_column="13" end_column="77" covered="no" />
            <range source_id="21" start_line="192" end_line="192" start_column="13" end_column="33" covered="no" />
            <range source_id="21" start_line="193" end_line="193" start_column="17" end_column="106" covered="no" />
            <range source_id="21" start_line="195" end_line="195" start_column="13" end_column="41" covered="no" />
            <range source_id="21" start_line="196" end_line="196" start_column="13" end_column="53" covered="no" />
            <range source_id="21" start_line="197" end_line="197" start_column="13" end_column="14" covered="no" />
            <range source_id="21" start_line="198" end_line="198" start_column="17" end_column="57" covered="no" />
            <range source_id="21" start_line="199" end_line="199" start_column="13" end_column="14" covered="no" />
            <range source_id="21" start_line="201" end_line="201" start_column="13" end_column="58" covered="no" />
            <range source_id="21" start_line="202" end_line="202" start_column="13" end_column="57" covered="no" />
            <range source_id="21" start_line="204" end_line="204" start_column="13" end_column="47" covered="no" />
            <range source_id="21" start_line="206" end_line="206" start_column="9" end_column="29" covered="no" />
            <range source_id="21" start_line="207" end_line="207" start_column="9" end_column="10" covered="no" />
            <range source_id="21" start_line="208" end_line="208" start_column="13" end_column="107" covered="no" />
            <range source_id="21" start_line="210" end_line="210" start_column="5" end_column="6" covered="no" />
          </ranges>
        </function>
        <function id="96384" token="0x6000432" name="MoveNext()" namespace="AzAgroPOS.Mentiq.Idareciler" type_name="TemirManager.&lt;YeniSifarisYaratAsync&gt;d__3" block_coverage="0.00" line_coverage="0.00" blocks_covered="0" blocks_not_covered="50" lines_covered="0" lines_partially_covered="0" lines_not_covered="26">
          <ranges>
            <range source_id="21" start_line="73" end_line="73" start_column="5" end_column="6" covered="no" />
            <range source_id="21" start_line="75" end_line="75" start_column="9" end_column="10" covered="no" />
            <range source_id="21" start_line="76" end_line="76" start_column="13" end_column="118" covered="no" />
            <range source_id="21" start_line="77" end_line="77" start_column="17" end_column="99" covered="no" />
            <range source_id="21" start_line="79" end_line="93" start_column="13" end_column="15" covered="no" />
            <range source_id="21" start_line="95" end_line="95" start_column="13" end_column="70" covered="no" />
            <range source_id="21" start_line="96" end_line="96" start_column="13" end_column="57" covered="no" />
            <range source_id="21" start_line="98" end_line="98" start_column="13" end_column="62" covered="no" />
            <range source_id="21" start_line="100" end_line="100" start_column="9" end_column="29" covered="no" />
            <range source_id="21" start_line="101" end_line="101" start_column="9" end_column="10" covered="no" />
            <range source_id="21" start_line="102" end_line="102" start_column="13" end_column="102" covered="no" />
            <range source_id="21" start_line="104" end_line="104" start_column="5" end_column="6" covered="no" />
          </ranges>
        </function>
        <function id="97115" token="0x6000436" name="&lt;get_CemiMebleg&gt;b__17_0(AzAgroPOS.Mentiq.DTOs.SatisSebetiElementiDto)" namespace="AzAgroPOS.Mentiq.DTOs" type_name="SatisQebzDto.&lt;&gt;c" block_coverage="100.00" line_coverage="100.00" blocks_covered="2" blocks_not_covered="0" lines_covered="1" lines_partially_covered="0" lines_not_covered="0">
          <ranges>
            <range source_id="45" start_line="32" end_line="32" start_column="60" end_column="73" covered="yes" />
          </ranges>
        </function>
      </functions>
      <source_files>
        <source_file id="1" path="C:\Users\murad\Tam\AzAgroPOS\AzAgroPOS.Mentiq\Yardimcilar\Logger.cs" checksum_type="SHA256" checksum="2A27706C97E47B2C7D2BCCC6C0B8463B8674FAB85424FF55B2074DC806D53FCB" />
        <source_file id="2" path="C:\Users\murad\Tam\AzAgroPOS\AzAgroPOS.Mentiq\Uslublar\EmeliyyatNeticesi.cs" checksum_type="SHA256" checksum="B8AFF43339568AD22C1EFFB620AFA32B759251710EAE97C1793403DF8B043AB7" />
        <source_file id="3" path="C:\Users\murad\Tam\AzAgroPOS\AzAgroPOS.Mentiq\Idareciler\AlisManager.cs" checksum_type="SHA256" checksum="E7EBD65D7922451BA430A9A42DFD91D10A2F4EE690946567C45C72383C796B5F" />
        <source_file id="4" path="C:\Users\murad\Tam\AzAgroPOS\AzAgroPOS.Mentiq\Idareciler\AnbarManager.cs" checksum_type="SHA256" checksum="5F34CE71A6EA8AEB6A296D2926A2473BCF37612286EB0CE491BBC5D9F3228533" />
        <source_file id="5" path="C:\Users\murad\Tam\AzAgroPOS\AzAgroPOS.Mentiq\Idareciler\BarkodCapiManager.cs" checksum_type="SHA256" checksum="AB0295FA5C90D24E60296A82910AB3EEA6CC5AAF5B1CA3210D9433E813A867E5" />
        <source_file id="6" path="C:\Users\murad\Tam\AzAgroPOS\AzAgroPOS.Mentiq\Idareciler\BrendMeneceri.cs" checksum_type="SHA256" checksum="37F5EC02FEC14BAF242A796BDE17CB009858C301089391673DCF9AFFCFF18446" />
        <source_file id="7" path="C:\Users\murad\Tam\AzAgroPOS\AzAgroPOS.Mentiq\Idareciler\HesabatManager.cs" checksum_type="SHA256" checksum="A1B000374865C705CE43609911CB4CE0973C5BC4ECF027D3ABCC0A78723DC49B" />
        <source_file id="8" path="C:\Users\murad\Tam\AzAgroPOS\AzAgroPOS.Mentiq\Idareciler\IcazeManager.cs" checksum_type="SHA256" checksum="1A5D1324052014E774F61788EAB8CB8F91CB32E585A26E5482CB86F83E01ED81" />
        <source_file id="9" path="C:\Users\murad\Tam\AzAgroPOS\AzAgroPOS.Mentiq\Idareciler\IsciManager.cs" checksum_type="SHA256" checksum="215C5E7DD764E5EDD5F687A4E2FD035901E573CB476860A186EC6A95E142211C" />
        <source_file id="10" path="C:\Users\murad\Tam\AzAgroPOS\AzAgroPOS.Mentiq\Idareciler\IstifadeciManager.cs" checksum_type="SHA256" checksum="C6291DE93F897EB9B739BF315346F86639536B338E041429F4A46E2D8A560D1E" />
        <source_file id="11" path="C:\Users\murad\Tam\AzAgroPOS\AzAgroPOS.Mentiq\Idareciler\KateqoriyaMeneceri.cs" checksum_type="SHA256" checksum="54B1448059BBE5B3062DFFE4235BD1D96F26D80940C9003EA9C7B5A3BAEB8634" />
        <source_file id="12" path="C:\Users\murad\Tam\AzAgroPOS\AzAgroPOS.Mentiq\Idareciler\KonfiqurasiyaManager.cs" checksum_type="SHA256" checksum="11E8EB2CE7F87A8FA115FEC48D6DDFFB0E68CE82397B959C4F231878B59066B2" />
        <source_file id="13" path="C:\Users\murad\Tam\AzAgroPOS\AzAgroPOS.Mentiq\Idareciler\MehsulManager.cs" checksum_type="SHA256" checksum="2C8D61FDA11A13E196BF74CFEF11F57782F34F830CA4E5D46695D035ADD9810B" />
        <source_file id="14" path="C:\Users\murad\Tam\AzAgroPOS\AzAgroPOS.Mentiq\Idareciler\MehsulMeneceri.cs" checksum_type="SHA256" checksum="66F1EE99EB6017B5C2A34C2CE8D78066F0FCA78632C0B224E7FEE9AE828A7A78" />
        <source_file id="15" path="C:\Users\murad\Tam\AzAgroPOS\AzAgroPOS.Mentiq\Idareciler\MusteriManager.cs" checksum_type="SHA256" checksum="DED2EF66C932C935207E2D05BFEA85F6F9A4D1FDA17832AA02597995B8DE4AF9" />
        <source_file id="16" path="C:\Users\murad\Tam\AzAgroPOS\AzAgroPOS.Mentiq\Idareciler\NisyeManager.cs" checksum_type="SHA256" checksum="FD22DE7DAAC5A64FBB5B3779832CBEC2CFA1F2E9834318F6E348E2F11DAFDC7A" />
        <source_file id="17" path="C:\Users\murad\Tam\AzAgroPOS\AzAgroPOS.Mentiq\Idareciler\NovbeManager.cs" checksum_type="SHA256" checksum="AFE0CF248458373BED6437EA73517B614B0F99E0606FA56106C5CE4DDE348BFB" />
        <source_file id="18" path="C:\Users\murad\Tam\AzAgroPOS\AzAgroPOS.Mentiq\Idareciler\SatisManager.cs" checksum_type="SHA256" checksum="6B099F49025C13F897FCE69EB257BD90AE081C82146DF862EE1CB3729EB750E5" />
        <source_file id="19" path="C:\Users\murad\Tam\AzAgroPOS\AzAgroPOS.Mentiq\Idareciler\TedarukcuMeneceri.cs" checksum_type="SHA256" checksum="3E442FA132C3A6794BF3FBEA061A291C9A7975D7BD4B867DABD3D763B6493EDA" />
        <source_file id="20" path="C:\Users\murad\Tam\AzAgroPOS\AzAgroPOS.Mentiq\Idareciler\TehlukesizlikManager.cs" checksum_type="SHA256" checksum="ACFC1092CC82BCEFC705748F2C208CCFA547A586DAA2A4DA83A25136DAD7BF28" />
        <source_file id="21" path="C:\Users\murad\Tam\AzAgroPOS\AzAgroPOS.Mentiq\Idareciler\TemirManager.cs" checksum_type="SHA256" checksum="30DC745C0CCEAF3B875E9BFB3D18AB3EA2B2D87A01E8C82F09E46835D8E86BDE" />
        <source_file id="22" path="C:\Users\murad\Tam\AzAgroPOS\AzAgroPOS.Mentiq\DTOs\AlisSenedDto.cs" checksum_type="SHA256" checksum="FE999CB7C8E4BC50F5E7599DD6E60AA89658835FF5A6B84861296D6DAD1D7D8D" />
        <source_file id="23" path="C:\Users\murad\Tam\AzAgroPOS\AzAgroPOS.Mentiq\DTOs\AlisSenedSetiriDto.cs" checksum_type="SHA256" checksum="6A794EA269EF848F02312FCDF66D6109D6E0721F88E125F377135A7BB5B4848D" />
        <source_file id="24" path="C:\Users\murad\Tam\AzAgroPOS\AzAgroPOS.Mentiq\DTOs\AlisSifarisDto.cs" checksum_type="SHA256" checksum="630BEBC0488417B9BD0662A689BCD9F51F0AB98D34D9E6DD4874ABE182874E00" />
        <source_file id="25" path="C:\Users\murad\Tam\AzAgroPOS\AzAgroPOS.Mentiq\DTOs\AlisSifarisSetiriDto.cs" checksum_type="SHA256" checksum="C832402CD76033DC4BF4AAC482E205AEC326786ECD8DD7B90837AB540CB210A5" />
        <source_file id="26" path="C:\Users\murad\Tam\AzAgroPOS\AzAgroPOS.Mentiq\DTOs\AnbarQaliqDetayDto.cs" checksum_type="SHA256" checksum="25FFCC28D4E82DBFBFCC65E70A9223E655D2B21535083B57D0B78685FAE98D74" />
        <source_file id="27" path="C:\Users\murad\Tam\AzAgroPOS\AzAgroPOS.Mentiq\DTOs\BaglanmisNovbeDto.cs" checksum_type="SHA256" checksum="FA8B1D7EE06C385B04DBE1FCF7CEBBC0E98A5EB9FB51FFD381DA83A65094EBFC" />
        <source_file id="28" path="C:\Users\murad\Tam\AzAgroPOS\AzAgroPOS.Mentiq\DTOs\BarkodEtiketDto.cs" checksum_type="SHA256" checksum="8904167078221377656E220C6EFC0C0D3925A20A37817052F93C512B61778805" />
        <source_file id="29" path="C:\Users\murad\Tam\AzAgroPOS\AzAgroPOS.Mentiq\DTOs\BrendDto.cs" checksum_type="SHA256" checksum="B52B86303A33B73D8C55A99A23724707D6D8DD0A06368475CF5BAA05B98D04D2" />
        <source_file id="30" path="C:\Users\murad\Tam\AzAgroPOS\AzAgroPOS.Mentiq\DTOs\EhtiyatHissəsiDto.cs" checksum_type="SHA256" checksum="2AB80156113188911B9AC92AC2DE617FC57A3C2C2C2D94D8A353EF53D759C543" />
        <source_file id="31" path="C:\Users\murad\Tam\AzAgroPOS\AzAgroPOS.Mentiq\DTOs\EndirimParametrləriDto.cs" checksum_type="SHA256" checksum="D5892110CA543B8120FBA8BAEA54CB8F8D5B6BB405EEB24998106CE967C0B4D9" />
        <source_file id="32" path="C:\Users\murad\Tam\AzAgroPOS\AzAgroPOS.Mentiq\DTOs\GunlukSatisDetayDto.cs" checksum_type="SHA256" checksum="9D1A898604F953221E646833E9343E1D5F21371898ED60F5415887F2674DA8AC" />
        <source_file id="33" path="C:\Users\murad\Tam\AzAgroPOS\AzAgroPOS.Mentiq\DTOs\GunlukSatisHesabatDto.cs" checksum_type="SHA256" checksum="075C9CBE7F144774A6899781CC64958813D2B660FCCAED703389D47BFB64852F" />
        <source_file id="34" path="C:\Users\murad\Tam\AzAgroPOS\AzAgroPOS.Mentiq\DTOs\IcazeDto.cs" checksum_type="SHA256" checksum="6CD1BD65A20AFF1E0B44031C71D449688C2601886B74B883A978B6298EBF818B" />
        <source_file id="35" path="C:\Users\murad\Tam\AzAgroPOS\AzAgroPOS.Mentiq\DTOs\IsciDto.cs" checksum_type="SHA256" checksum="303D6B998EF701485059BD970A2ACBACD564F359B76BD9CD517CF57AB718FB00" />
        <source_file id="36" path="C:\Users\murad\Tam\AzAgroPOS\AzAgroPOS.Mentiq\DTOs\IsciIzniDto.cs" checksum_type="SHA256" checksum="032E26FAAA64D4A62E9AC6AAAF7AFC5F63591130588603EB8EC79D966275B42A" />
        <source_file id="37" path="C:\Users\murad\Tam\AzAgroPOS\AzAgroPOS.Mentiq\DTOs\IsciPerformansDto.cs" checksum_type="SHA256" checksum="82C1789D210D2D71426CD386BBD7768AC57BD0B8809E98B2E111F45702C4E965" />
        <source_file id="38" path="C:\Users\murad\Tam\AzAgroPOS\AzAgroPOS.Mentiq\DTOs\IstifadeciDto.cs" checksum_type="SHA256" checksum="BE012672A7AA0CB7FC655709483C65055EF2CF66611AC307A063FD5D5BA3AD60" />
        <source_file id="39" path="C:\Users\murad\Tam\AzAgroPOS\AzAgroPOS.Mentiq\DTOs\KateqoriyaDto.cs" checksum_type="SHA256" checksum="A2B33B19059A243D32852CEBB7DF44441ADB65386E4DF09BBFD8AEA21C457074" />
        <source_file id="40" path="C:\Users\murad\Tam\AzAgroPOS\AzAgroPOS.Mentiq\DTOs\KonfiqurasiyaDto.cs" checksum_type="SHA256" checksum="8F03E82A37A1930B32B78615BC72E89752A9CC26B28C3CB1AB03FF204219A379" />
        <source_file id="41" path="C:\Users\murad\Tam\AzAgroPOS\AzAgroPOS.Mentiq\DTOs\MehsulDto.cs" checksum_type="SHA256" checksum="D8BF30C32FD0E85F17AEE326A48B3C07813228319BCD7B2D2DAE656CDE925045" />
        <source_file id="42" path="C:\Users\murad\Tam\AzAgroPOS\AzAgroPOS.Mentiq\DTOs\MehsulUzreSatisDetayDto.cs" checksum_type="SHA256" checksum="561A480F1BAC74D175C95FF816A1C22496374B05EF9642C633706A9B1C7FC0F5" />
        <source_file id="43" path="C:\Users\murad\Tam\AzAgroPOS\AzAgroPOS.Mentiq\DTOs\MusteriDto.cs" checksum_type="SHA256" checksum="9E8682F9958F39BFF48DB736E18091CD680B12B0328279C85047F93511000624" />
        <source_file id="44" path="C:\Users\murad\Tam\AzAgroPOS\AzAgroPOS.Mentiq\DTOs\NisyeHereketiDto.cs" checksum_type="SHA256" checksum="17722841CA499B2D6DD2FFC306564A7F44592AD26FD4A9B4E0879D481F12FD71" />
        <source_file id="45" path="C:\Users\murad\Tam\AzAgroPOS\AzAgroPOS.Mentiq\DTOs\SatisQebzDto.cs" checksum_type="SHA256" checksum="37590F61F4D52BA9F5CF0A6E9404175FE519EDB64F1B444FF297121A97E44E09" />
        <source_file id="46" path="C:\Users\murad\Tam\AzAgroPOS\AzAgroPOS.Mentiq\DTOs\SatisSebetiElementiDto.cs" checksum_type="SHA256" checksum="F32ADE3C729394A4E0D21522162080AF87E6083F1C33B4923B5D4427BEA842F3" />
        <source_file id="47" path="C:\Users\murad\Tam\AzAgroPOS\AzAgroPOS.Mentiq\DTOs\SatisYaratDto.cs" checksum_type="SHA256" checksum="50FF2DBB1E5F7F15E7989E0329EDF269BC6BEEDAC41B1EE815B82146ECA0BBB6" />
        <source_file id="48" path="C:\Users\murad\Tam\AzAgroPOS\AzAgroPOS.Mentiq\DTOs\TedarukcuDto.cs" checksum_type="SHA256" checksum="1A8AC4FB7258728319FE4178A26C74B57F6F6BF771BD8E7572802C2553E73B79" />
        <source_file id="49" path="C:\Users\murad\Tam\AzAgroPOS\AzAgroPOS.Mentiq\DTOs\TedarukcuOdemeDto.cs" checksum_type="SHA256" checksum="4F96E33C797D23EDF7196F5B55A08FC2BA942A251BB5770297026B50D94875FA" />
        <source_file id="50" path="C:\Users\murad\Tam\AzAgroPOS\AzAgroPOS.Mentiq\DTOs\TemirDto.cs" checksum_type="SHA256" checksum="2CF413013202E92D117737BEA35CCAD22C35EBFC86BF144A9B48B411F07327E5" />
        <source_file id="51" path="C:\Users\murad\Tam\AzAgroPOS\AzAgroPOS.Mentiq\DTOs\ZHesabatDto.cs" checksum_type="SHA256" checksum="0E0501EF738D7AA0F9D1943AC8C0C65F27C92A87828C2BA9E40B3C1E419CD7A1" />
      </source_files>
      <skipped_functions />
    </module>
    <module id="F05E174B4CAB0A449A23FC184F904721EA6041EE" name="AzAgroPOS.Tests.dll" path="AzAgroPOS.Tests.dll" block_coverage="90.51" line_coverage="92.47" blocks_covered="3138" blocks_not_covered="329" lines_covered="1216" lines_partially_covered="49" lines_not_covered="50">
      <functions>
        <function id="8284" token="0x6000003" name="BarkodCapiManagerTests()" namespace="AzAgroPOS.Tests.LogicTests" type_name="BarkodCapiManagerTests" block_coverage="100.00" line_coverage="100.00" blocks_covered="15" blocks_not_covered="0" lines_covered="7" lines_partially_covered="0" lines_not_covered="0">
          <ranges>
            <range source_id="1" start_line="23" end_line="23" start_column="9" end_column="40" covered="yes" />
            <range source_id="1" start_line="24" end_line="24" start_column="9" end_column="10" covered="yes" />
            <range source_id="1" start_line="25" end_line="25" start_column="13" end_column="65" covered="yes" />
            <range source_id="1" start_line="27" end_line="27" start_column="13" end_column="55" covered="yes" />
            <range source_id="1" start_line="30" end_line="30" start_column="13" end_column="99" covered="yes" />
            <range source_id="1" start_line="32" end_line="32" start_column="13" end_column="80" covered="yes" />
            <range source_id="1" start_line="33" end_line="33" start_column="9" end_column="10" covered="yes" />
          </ranges>
        </function>
        <function id="8433" token="0x6000004" name="Dispose()" namespace="AzAgroPOS.Tests.LogicTests" type_name="BarkodCapiManagerTests" block_coverage="80.00" line_coverage="66.67" blocks_covered="4" blocks_not_covered="1" lines_covered="2" lines_partially_covered="1" lines_not_covered="0">
          <ranges>
            <range source_id="1" start_line="36" end_line="36" start_column="9" end_column="10" covered="yes" />
            <range source_id="1" start_line="37" end_line="37" start_column="13" end_column="35" covered="partial" />
            <range source_id="1" start_line="38" end_line="38" start_column="9" end_column="10" covered="yes" />
          </ranges>
        </function>
        <function id="8864" token="0x600000b" name="HesabatManagerTests()" namespace="AzAgroPOS.Tests.LogicTests" type_name="HesabatManagerTests" block_coverage="100.00" line_coverage="100.00" blocks_covered="51" blocks_not_covered="0" lines_covered="11" lines_partially_covered="0" lines_not_covered="0">
          <ranges>
            <range source_id="2" start_line="24" end_line="24" start_column="9" end_column="37" covered="yes" />
            <range source_id="2" start_line="25" end_line="25" start_column="9" end_column="10" covered="yes" />
            <range source_id="2" start_line="26" end_line="26" start_column="13" end_column="65" covered="yes" />
            <range source_id="2" start_line="28" end_line="28" start_column="13" end_column="55" covered="yes" />
            <range source_id="2" start_line="31" end_line="31" start_column="13" end_column="97" covered="yes" />
            <range source_id="2" start_line="32" end_line="32" start_column="13" end_column="101" covered="yes" />
            <range source_id="2" start_line="33" end_line="33" start_column="13" end_column="99" covered="yes" />
            <range source_id="2" start_line="34" end_line="34" start_column="13" end_column="97" covered="yes" />
            <range source_id="2" start_line="35" end_line="35" start_column="13" end_column="107" covered="yes" />
            <range source_id="2" start_line="37" end_line="37" start_column="13" end_column="74" covered="yes" />
            <range source_id="2" start_line="38" end_line="38" start_column="9" end_column="10" covered="yes" />
          </ranges>
        </function>
        <function id="9349" token="0x600000c" name="Dispose()" namespace="AzAgroPOS.Tests.LogicTests" type_name="HesabatManagerTests" block_coverage="80.00" line_coverage="66.67" blocks_covered="4" blocks_not_covered="1" lines_covered="2" lines_partially_covered="1" lines_not_covered="0">
          <ranges>
            <range source_id="2" start_line="41" end_line="41" start_column="9" end_column="10" covered="yes" />
            <range source_id="2" start_line="42" end_line="42" start_column="13" end_column="35" covered="partial" />
            <range source_id="2" start_line="43" end_line="43" start_column="9" end_column="10" covered="yes" />
          </ranges>
        </function>
        <function id="9712" token="0x6000012" name="MehsulManagerTests()" namespace="AzAgroPOS.Tests.LogicTests" type_name="MehsulManagerTests" block_coverage="100.00" line_coverage="100.00" blocks_covered="24" blocks_not_covered="0" lines_covered="8" lines_partially_covered="0" lines_not_covered="0">
          <ranges>
            <range source_id="3" start_line="20" end_line="20" start_column="9" end_column="36" covered="yes" />
            <range source_id="3" start_line="21" end_line="21" start_column="9" end_column="10" covered="yes" />
            <range source_id="3" start_line="22" end_line="22" start_column="13" end_column="65" covered="yes" />
            <range source_id="3" start_line="24" end_line="24" start_column="13" end_column="55" covered="yes" />
            <range source_id="3" start_line="27" end_line="27" start_column="13" end_column="99" covered="yes" />
            <range source_id="3" start_line="28" end_line="28" start_column="13" end_column="97" covered="yes" />
            <range source_id="3" start_line="30" end_line="30" start_column="13" end_column="72" covered="yes" />
            <range source_id="3" start_line="31" end_line="31" start_column="9" end_column="10" covered="yes" />
          </ranges>
        </function>
        <function id="9946" token="0x6000013" name="Dispose()" namespace="AzAgroPOS.Tests.LogicTests" type_name="MehsulManagerTests" block_coverage="80.00" line_coverage="66.67" blocks_covered="4" blocks_not_covered="1" lines_covered="2" lines_partially_covered="1" lines_not_covered="0">
          <ranges>
            <range source_id="3" start_line="34" end_line="34" start_column="9" end_column="10" covered="yes" />
            <range source_id="3" start_line="35" end_line="35" start_column="13" end_column="35" covered="partial" />
            <range source_id="3" start_line="36" end_line="36" start_column="9" end_column="10" covered="yes" />
          </ranges>
        </function>
        <function id="10308" token="0x6000019" name="MusteriManagerTests()" namespace="AzAgroPOS.Tests.LogicTests" type_name="MusteriManagerTests" block_coverage="100.00" line_coverage="100.00" blocks_covered="24" blocks_not_covered="0" lines_covered="8" lines_partially_covered="0" lines_not_covered="0">
          <ranges>
            <range source_id="4" start_line="24" end_line="24" start_column="9" end_column="37" covered="yes" />
            <range source_id="4" start_line="25" end_line="25" start_column="9" end_column="10" covered="yes" />
            <range source_id="4" start_line="26" end_line="26" start_column="13" end_column="65" covered="yes" />
            <range source_id="4" start_line="28" end_line="28" start_column="13" end_column="55" covered="yes" />
            <range source_id="4" start_line="31" end_line="31" start_column="13" end_column="101" covered="yes" />
            <range source_id="4" start_line="32" end_line="32" start_column="13" end_column="97" covered="yes" />
            <range source_id="4" start_line="34" end_line="34" start_column="13" end_column="74" covered="yes" />
            <range source_id="4" start_line="35" end_line="35" start_column="9" end_column="10" covered="yes" />
          </ranges>
        </function>
        <function id="10542" token="0x600001a" name="Dispose()" namespace="AzAgroPOS.Tests.LogicTests" type_name="MusteriManagerTests" block_coverage="80.00" line_coverage="66.67" blocks_covered="4" blocks_not_covered="1" lines_covered="2" lines_partially_covered="1" lines_not_covered="0">
          <ranges>
            <range source_id="4" start_line="38" end_line="38" start_column="9" end_column="10" covered="yes" />
            <range source_id="4" start_line="39" end_line="39" start_column="13" end_column="35" covered="partial" />
            <range source_id="4" start_line="40" end_line="40" start_column="9" end_column="10" covered="yes" />
          </ranges>
        </function>
        <function id="10972" token="0x6000021" name="NovbeManagerTests()" namespace="AzAgroPOS.Tests.LogicTests" type_name="NovbeManagerTests" block_coverage="100.00" line_coverage="100.00" blocks_covered="42" blocks_not_covered="0" lines_covered="10" lines_partially_covered="0" lines_not_covered="0">
          <ranges>
            <range source_id="5" start_line="27" end_line="27" start_column="9" end_column="35" covered="yes" />
            <range source_id="5" start_line="28" end_line="28" start_column="9" end_column="10" covered="yes" />
            <range source_id="5" start_line="29" end_line="29" start_column="13" end_column="65" covered="yes" />
            <range source_id="5" start_line="31" end_line="31" start_column="13" end_column="55" covered="yes" />
            <range source_id="5" start_line="33" end_line="33" start_column="13" end_column="97" covered="yes" />
            <range source_id="5" start_line="34" end_line="34" start_column="13" end_column="107" covered="yes" />
            <range source_id="5" start_line="35" end_line="35" start_column="13" end_column="97" covered="yes" />
            <range source_id="5" start_line="36" end_line="36" start_column="13" end_column="97" covered="yes" />
            <range source_id="5" start_line="38" end_line="38" start_column="13" end_column="70" covered="yes" />
            <range source_id="5" start_line="39" end_line="39" start_column="9" end_column="10" covered="yes" />
          </ranges>
        </function>
        <function id="11374" token="0x6000022" name="Dispose()" namespace="AzAgroPOS.Tests.LogicTests" type_name="NovbeManagerTests" block_coverage="80.00" line_coverage="66.67" blocks_covered="4" blocks_not_covered="1" lines_covered="2" lines_partially_covered="1" lines_not_covered="0">
          <ranges>
            <range source_id="5" start_line="42" end_line="42" start_column="9" end_column="10" covered="yes" />
            <range source_id="5" start_line="43" end_line="43" start_column="13" end_column="35" covered="partial" />
            <range source_id="5" start_line="44" end_line="44" start_column="9" end_column="10" covered="yes" />
          </ranges>
        </function>
        <function id="11872" token="0x600002a" name="SatisManagerTests()" namespace="AzAgroPOS.Tests.LogicTests" type_name="SatisManagerTests" block_coverage="100.00" line_coverage="100.00" blocks_covered="54" blocks_not_covered="0" lines_covered="12" lines_partially_covered="0" lines_not_covered="0">
          <ranges>
            <range source_id="6" start_line="24" end_line="24" start_column="9" end_column="35" covered="yes" />
            <range source_id="6" start_line="25" end_line="25" start_column="9" end_column="10" covered="yes" />
            <range source_id="6" start_line="26" end_line="26" start_column="13" end_column="65" covered="yes" />
            <range source_id="6" start_line="28" end_line="28" start_column="13" end_column="55" covered="yes" />
            <range source_id="6" start_line="29" end_line="29" start_column="13" end_column="80" covered="yes" />
            <range source_id="6" start_line="32" end_line="32" start_column="13" end_column="99" covered="yes" />
            <range source_id="6" start_line="33" end_line="33" start_column="13" end_column="101" covered="yes" />
            <range source_id="6" start_line="34" end_line="34" start_column="13" end_column="97" covered="yes" />
            <range source_id="6" start_line="35" end_line="35" start_column="13" end_column="97" covered="yes" />
            <range source_id="6" start_line="36" end_line="36" start_column="13" end_column="97" covered="yes" />
            <range source_id="6" start_line="38" end_line="38" start_column="13" end_column="96" covered="yes" />
            <range source_id="6" start_line="39" end_line="39" start_column="9" end_column="10" covered="yes" />
          </ranges>
        </function>
        <function id="12400" token="0x600002b" name="Dispose()" namespace="AzAgroPOS.Tests.LogicTests" type_name="SatisManagerTests" block_coverage="80.00" line_coverage="66.67" blocks_covered="4" blocks_not_covered="1" lines_covered="2" lines_partially_covered="1" lines_not_covered="0">
          <ranges>
            <range source_id="6" start_line="42" end_line="42" start_column="9" end_column="10" covered="yes" />
            <range source_id="6" start_line="43" end_line="43" start_column="13" end_column="35" covered="partial" />
            <range source_id="6" start_line="44" end_line="44" start_column="9" end_column="10" covered="yes" />
          </ranges>
        </function>
        <function id="12764" token="0x6000031" name="TehlukesizlikManagerTests()" namespace="AzAgroPOS.Tests.LogicTests" type_name="TehlukesizlikManagerTests" block_coverage="100.00" line_coverage="100.00" blocks_covered="24" blocks_not_covered="0" lines_covered="8" lines_partially_covered="0" lines_not_covered="0">
          <ranges>
            <range source_id="7" start_line="23" end_line="23" start_column="9" end_column="43" covered="yes" />
            <range source_id="7" start_line="24" end_line="24" start_column="9" end_column="10" covered="yes" />
            <range source_id="7" start_line="25" end_line="25" start_column="13" end_column="65" covered="yes" />
            <range source_id="7" start_line="27" end_line="27" start_column="13" end_column="55" covered="yes" />
            <range source_id="7" start_line="30" end_line="30" start_column="13" end_column="107" covered="yes" />
            <range source_id="7" start_line="31" end_line="31" start_column="13" end_column="93" covered="yes" />
            <range source_id="7" start_line="33" end_line="33" start_column="13" end_column="86" covered="yes" />
            <range source_id="7" start_line="34" end_line="34" start_column="9" end_column="10" covered="yes" />
          </ranges>
        </function>
        <function id="12997" token="0x6000032" name="Dispose()" namespace="AzAgroPOS.Tests.LogicTests" type_name="TehlukesizlikManagerTests" block_coverage="80.00" line_coverage="66.67" blocks_covered="4" blocks_not_covered="1" lines_covered="2" lines_partially_covered="1" lines_not_covered="0">
          <ranges>
            <range source_id="7" start_line="37" end_line="37" start_column="9" end_column="10" covered="yes" />
            <range source_id="7" start_line="38" end_line="38" start_column="13" end_column="35" covered="partial" />
            <range source_id="7" start_line="39" end_line="39" start_column="9" end_column="10" covered="yes" />
          </ranges>
        </function>
        <function id="13360" token="0x6000038" name="GetInMemoryDbContext()" namespace="AzAgroPOS.Tests.Helpers" type_name="DbContextHelper" block_coverage="100.00" line_coverage="100.00" blocks_covered="8" blocks_not_covered="0" lines_covered="6" lines_partially_covered="0" lines_not_covered="0">
          <ranges>
            <range source_id="8" start_line="10" end_line="10" start_column="9" end_column="10" covered="yes" />
            <range source_id="8" start_line="11" end_line="13" start_column="13" end_column="26" covered="yes" />
            <range source_id="8" start_line="14" end_line="14" start_column="13" end_column="52" covered="yes" />
            <range source_id="8" start_line="15" end_line="15" start_column="9" end_column="10" covered="yes" />
          </ranges>
        </function>
        <function id="13420" token="0x6000039" name="MehsulRepozitoriTests()" namespace="AzAgroPOS.Tests.DataTests" type_name="MehsulRepozitoriTests" block_coverage="100.00" line_coverage="100.00" blocks_covered="4" blocks_not_covered="0" lines_covered="5" lines_partially_covered="0" lines_not_covered="0">
          <ranges>
            <range source_id="9" start_line="18" end_line="18" start_column="9" end_column="39" covered="yes" />
            <range source_id="9" start_line="19" end_line="19" start_column="9" end_column="10" covered="yes" />
            <range source_id="9" start_line="20" end_line="20" start_column="13" end_column="65" covered="yes" />
            <range source_id="9" start_line="21" end_line="21" start_column="13" end_column="66" covered="yes" />
            <range source_id="9" start_line="22" end_line="22" start_column="9" end_column="10" covered="yes" />
          </ranges>
        </function>
        <function id="13458" token="0x600003a" name="Dispose()" namespace="AzAgroPOS.Tests.DataTests" type_name="MehsulRepozitoriTests" block_coverage="80.00" line_coverage="66.67" blocks_covered="4" blocks_not_covered="1" lines_covered="2" lines_partially_covered="1" lines_not_covered="0">
          <ranges>
            <range source_id="9" start_line="25" end_line="25" start_column="9" end_column="10" covered="yes" />
            <range source_id="9" start_line="26" end_line="26" start_column="13" end_column="35" covered="partial" />
            <range source_id="9" start_line="27" end_line="27" start_column="9" end_column="10" covered="yes" />
          </ranges>
        </function>
        <function id="13988" token="0x6000045" name="MoveNext()" namespace="AzAgroPOS.Tests.LogicTests" type_name="BarkodCapiManagerTests.&lt;MehsullariAxtarAsync_BarkodaGoreAxtar_Ugurlu&gt;d__9" block_coverage="100.00" line_coverage="100.00" blocks_covered="62" blocks_not_covered="0" lines_covered="29" lines_partially_covered="0" lines_not_covered="0">
          <ranges>
            <range source_id="1" start_line="157" end_line="157" start_column="9" end_column="10" covered="yes" />
            <range source_id="1" start_line="159" end_line="159" start_column="13" end_column="50" covered="yes" />
            <range source_id="1" start_line="161" end_line="174" start_column="13" end_column="15" covered="yes" />
            <range source_id="1" start_line="176" end_line="176" start_column="13" end_column="64" covered="yes" />
            <range source_id="1" start_line="177" end_line="178" start_column="13" end_column="42" covered="yes" />
            <range source_id="1" start_line="180" end_line="180" start_column="13" end_column="84" covered="yes" />
            <range source_id="1" start_line="183" end_line="183" start_column="13" end_column="86" covered="yes" />
            <range source_id="1" start_line="186" end_line="186" start_column="13" end_column="43" covered="yes" />
            <range source_id="1" start_line="187" end_line="187" start_column="13" end_column="41" covered="yes" />
            <range source_id="1" start_line="188" end_line="188" start_column="13" end_column="40" covered="yes" />
            <range source_id="1" start_line="189" end_line="189" start_column="13" end_column="66" covered="yes" />
            <range source_id="1" start_line="190" end_line="190" start_column="13" end_column="60" covered="yes" />
            <range source_id="1" start_line="191" end_line="191" start_column="13" end_column="65" covered="yes" />
            <range source_id="1" start_line="192" end_line="192" start_column="13" end_column="71" covered="yes" />
            <range source_id="1" start_line="193" end_line="193" start_column="9" end_column="10" covered="yes" />
          </ranges>
        </function>
        <function id="14872" token="0x6000048" name="MoveNext()" namespace="AzAgroPOS.Tests.LogicTests" type_name="BarkodCapiManagerTests.&lt;MehsullariAxtarAsync_BirNeceMehsulTapildi_Ugurlu&gt;d__10" block_coverage="100.00" line_coverage="100.00" blocks_covered="66" blocks_not_covered="0" lines_covered="38" lines_partially_covered="0" lines_not_covered="0">
          <ranges>
            <range source_id="1" start_line="197" end_line="197" start_column="9" end_column="10" covered="yes" />
            <range source_id="1" start_line="199" end_line="199" start_column="13" end_column="41" covered="yes" />
            <range source_id="1" start_line="201" end_line="225" start_column="13" end_column="15" covered="yes" />
            <range source_id="1" start_line="227" end_line="227" start_column="13" end_column="64" covered="yes" />
            <range source_id="1" start_line="228" end_line="229" start_column="13" end_column="42" covered="yes" />
            <range source_id="1" start_line="231" end_line="231" start_column="13" end_column="84" covered="yes" />
            <range source_id="1" start_line="234" end_line="234" start_column="13" end_column="86" covered="yes" />
            <range source_id="1" start_line="237" end_line="237" start_column="13" end_column="43" covered="yes" />
            <range source_id="1" start_line="238" end_line="238" start_column="13" end_column="41" covered="yes" />
            <range source_id="1" start_line="239" end_line="239" start_column="13" end_column="48" covered="yes" />
            <range source_id="1" start_line="240" end_line="240" start_column="13" end_column="55" covered="yes" />
            <range source_id="1" start_line="241" end_line="241" start_column="13" end_column="62" covered="yes" />
            <range source_id="1" start_line="242" end_line="242" start_column="9" end_column="10" covered="yes" />
          </ranges>
        </function>
        <function id="15800" token="0x600004b" name="MoveNext()" namespace="AzAgroPOS.Tests.LogicTests" type_name="BarkodCapiManagerTests.&lt;MehsullariAxtarAsync_BosAxtarisMetni_Ugursuz&gt;d__5" block_coverage="100.00" line_coverage="100.00" blocks_covered="9" blocks_not_covered="0" lines_covered="6" lines_partially_covered="0" lines_not_covered="0">
          <ranges>
            <range source_id="1" start_line="42" end_line="42" start_column="9" end_column="10" covered="yes" />
            <range source_id="1" start_line="44" end_line="44" start_column="13" end_column="38" covered="yes" />
            <range source_id="1" start_line="47" end_line="47" start_column="13" end_column="86" covered="yes" />
            <range source_id="1" start_line="50" end_line="50" start_column="13" end_column="44" covered="yes" />
            <range source_id="1" start_line="51" end_line="51" start_column="13" end_column="75" covered="yes" />
            <range source_id="1" start_line="52" end_line="52" start_column="9" end_column="10" covered="yes" />
          </ranges>
        </function>
        <function id="16116" token="0x600004e" name="MoveNext()" namespace="AzAgroPOS.Tests.LogicTests" type_name="BarkodCapiManagerTests.&lt;MehsullariAxtarAsync_MehsulAdinaGoreAxtar_Ugurlu&gt;d__7" block_coverage="100.00" line_coverage="100.00" blocks_covered="62" blocks_not_covered="0" lines_covered="29" lines_partially_covered="0" lines_not_covered="0">
          <ranges>
            <range source_id="1" start_line="77" end_line="77" start_column="9" end_column="10" covered="yes" />
            <range source_id="1" start_line="79" end_line="79" start_column="13" end_column="43" covered="yes" />
            <range source_id="1" start_line="81" end_line="94" start_column="13" end_column="15" covered="yes" />
            <range source_id="1" start_line="96" end_line="96" start_column="13" end_column="64" covered="yes" />
            <range source_id="1" start_line="97" end_line="98" start_column="13" end_column="42" covered="yes" />
            <range source_id="1" start_line="100" end_line="100" start_column="13" end_column="84" covered="yes" />
            <range source_id="1" start_line="103" end_line="103" start_column="13" end_column="86" covered="yes" />
            <range source_id="1" start_line="106" end_line="106" start_column="13" end_column="43" covered="yes" />
            <range source_id="1" start_line="107" end_line="107" start_column="13" end_column="41" covered="yes" />
            <range source_id="1" start_line="108" end_line="108" start_column="13" end_column="40" covered="yes" />
            <range source_id="1" start_line="109" end_line="109" start_column="13" end_column="54" covered="yes" />
            <range source_id="1" start_line="110" end_line="110" start_column="13" end_column="60" covered="yes" />
            <range source_id="1" start_line="111" end_line="111" start_column="13" end_column="65" covered="yes" />
            <range source_id="1" start_line="112" end_line="112" start_column="13" end_column="71" covered="yes" />
            <range source_id="1" start_line="113" end_line="113" start_column="9" end_column="10" covered="yes" />
          </ranges>
        </function>
        <function id="16988" token="0x6000051" name="MoveNext()" namespace="AzAgroPOS.Tests.LogicTests" type_name="BarkodCapiManagerTests.&lt;MehsullariAxtarAsync_MehsulTapilmadi_Ugursuz&gt;d__6" block_coverage="100.00" line_coverage="100.00" blocks_covered="31" blocks_not_covered="0" lines_covered="11" lines_partially_covered="0" lines_not_covered="0">
          <ranges>
            <range source_id="1" start_line="56" end_line="56" start_column="9" end_column="10" covered="yes" />
            <range source_id="1" start_line="58" end_line="58" start_column="13" end_column="56" covered="yes" />
            <range source_id="1" start_line="60" end_line="60" start_column="13" end_column="51" covered="yes" />
            <range source_id="1" start_line="61" end_line="61" start_column="13" end_column="64" covered="yes" />
            <range source_id="1" start_line="62" end_line="63" start_column="13" end_column="45" covered="yes" />
            <range source_id="1" start_line="65" end_line="65" start_column="13" end_column="84" covered="yes" />
            <range source_id="1" start_line="68" end_line="68" start_column="13" end_column="86" covered="yes" />
            <range source_id="1" start_line="71" end_line="71" start_column="13" end_column="44" covered="yes" />
            <range source_id="1" start_line="72" end_line="72" start_column="13" end_column="78" covered="yes" />
            <range source_id="1" start_line="73" end_line="73" start_column="9" end_column="10" covered="yes" />
          </ranges>
        </function>
        <function id="17600" token="0x6000054" name="MoveNext()" namespace="AzAgroPOS.Tests.LogicTests" type_name="BarkodCapiManagerTests.&lt;MehsullariAxtarAsync_StokKodunaGoreAxtar_Ugurlu&gt;d__8" block_coverage="100.00" line_coverage="100.00" blocks_covered="62" blocks_not_covered="0" lines_covered="29" lines_partially_covered="0" lines_not_covered="0">
          <ranges>
            <range source_id="1" start_line="117" end_line="117" start_column="9" end_column="10" covered="yes" />
            <range source_id="1" start_line="119" end_line="119" start_column="13" end_column="43" covered="yes" />
            <range source_id="1" start_line="121" end_line="134" start_column="13" end_column="15" covered="yes" />
            <range source_id="1" start_line="136" end_line="136" start_column="13" end_column="64" covered="yes" />
            <range source_id="1" start_line="137" end_line="138" start_column="13" end_column="42" covered="yes" />
            <range source_id="1" start_line="140" end_line="140" start_column="13" end_column="84" covered="yes" />
            <range source_id="1" start_line="143" end_line="143" start_column="13" end_column="86" covered="yes" />
            <range source_id="1" start_line="146" end_line="146" start_column="13" end_column="43" covered="yes" />
            <range source_id="1" start_line="147" end_line="147" start_column="13" end_column="41" covered="yes" />
            <range source_id="1" start_line="148" end_line="148" start_column="13" end_column="40" covered="yes" />
            <range source_id="1" start_line="149" end_line="149" start_column="13" end_column="55" covered="yes" />
            <range source_id="1" start_line="150" end_line="150" start_column="13" end_column="60" covered="yes" />
            <range source_id="1" start_line="151" end_line="151" start_column="13" end_column="65" covered="yes" />
            <range source_id="1" start_line="152" end_line="152" start_column="13" end_column="71" covered="yes" />
            <range source_id="1" start_line="153" end_line="153" start_column="9" end_column="10" covered="yes" />
          </ranges>
        </function>
        <function id="18491" token="0x6000058" name="&lt;MehsulUzreSatisHesabatiGetirAsync_MehsulUzreSatislar_Ugurlu&gt;b__9_4(AzAgroPOS.Mentiq.DTOs.MehsulUzreSatisDetayDto)" namespace="AzAgroPOS.Tests.LogicTests" type_name="HesabatManagerTests.&lt;&gt;c" block_coverage="100.00" line_coverage="100.00" blocks_covered="3" blocks_not_covered="0" lines_covered="1" lines_partially_covered="0" lines_not_covered="0">
          <ranges>
            <range source_id="2" start_line="276" end_line="276" start_column="59" end_column="80" covered="yes" />
          </ranges>
        </function>
        <function id="18509" token="0x6000059" name="&lt;MehsulUzreSatisHesabatiGetirAsync_MehsulUzreSatislar_Ugurlu&gt;b__9_5(AzAgroPOS.Mentiq.DTOs.MehsulUzreSatisDetayDto)" namespace="AzAgroPOS.Tests.LogicTests" type_name="HesabatManagerTests.&lt;&gt;c" block_coverage="100.00" line_coverage="100.00" blocks_covered="3" blocks_not_covered="0" lines_covered="1" lines_partially_covered="0" lines_not_covered="0">
          <ranges>
            <range source_id="2" start_line="282" end_line="282" start_column="59" end_column="80" covered="yes" />
          </ranges>
        </function>
        <function id="18536" token="0x600005b" name="MoveNext()" namespace="AzAgroPOS.Tests.LogicTests" type_name="HesabatManagerTests.&lt;GunlukSatisHesabatiGetirAsync_MusteriAdlariDuzgun_Ugurlu&gt;d__7" block_coverage="100.00" line_coverage="100.00" blocks_covered="112" blocks_not_covered="0" lines_covered="52" lines_partially_covered="0" lines_not_covered="0">
          <ranges>
            <range source_id="2" start_line="135" end_line="135" start_column="9" end_column="10" covered="yes" />
            <range source_id="2" start_line="137" end_line="137" start_column="13" end_column="45" covered="yes" />
            <range source_id="2" start_line="138" end_line="138" start_column="13" end_column="40" covered="yes" />
            <range source_id="2" start_line="139" end_line="139" start_column="13" end_column="63" covered="yes" />
            <range source_id="2" start_line="141" end_line="145" start_column="13" end_column="15" covered="yes" />
            <range source_id="2" start_line="147" end_line="173" start_column="13" end_column="15" covered="yes" />
            <range source_id="2" start_line="175" end_line="175" start_column="13" end_column="62" covered="yes" />
            <range source_id="2" start_line="176" end_line="177" start_column="13" end_column="41" covered="yes" />
            <range source_id="2" start_line="179" end_line="179" start_column="13" end_column="66" covered="yes" />
            <range source_id="2" start_line="180" end_line="181" start_column="13" end_column="43" covered="yes" />
            <range source_id="2" start_line="183" end_line="183" start_column="13" end_column="82" covered="yes" />
            <range source_id="2" start_line="184" end_line="184" start_column="13" end_column="86" covered="yes" />
            <range source_id="2" start_line="187" end_line="187" start_column="13" end_column="85" covered="yes" />
            <range source_id="2" start_line="190" end_line="190" start_column="13" end_column="43" covered="yes" />
            <range source_id="2" start_line="191" end_line="191" start_column="13" end_column="41" covered="yes" />
            <range source_id="2" start_line="192" end_line="192" start_column="13" end_column="67" covered="yes" />
            <range source_id="2" start_line="193" end_line="193" start_column="13" end_column="90" covered="yes" />
            <range source_id="2" start_line="194" end_line="194" start_column="13" end_column="90" covered="yes" />
            <range source_id="2" start_line="195" end_line="195" start_column="13" end_column="79" covered="yes" />
            <range source_id="2" start_line="196" end_line="196" start_column="9" end_column="10" covered="yes" />
          </ranges>
        </function>
        <function id="19924" token="0x600005e" name="MoveNext()" namespace="AzAgroPOS.Tests.LogicTests" type_name="HesabatManagerTests.&lt;GunlukSatisHesabatiGetirAsync_NagdKartVeNisyeSatislar_Ugurlu&gt;d__6" block_coverage="100.00" line_coverage="100.00" blocks_covered="118" blocks_not_covered="0" lines_covered="54" lines_partially_covered="0" lines_not_covered="0">
          <ranges>
            <range source_id="2" start_line="68" end_line="68" start_column="9" end_column="10" covered="yes" />
            <range source_id="2" start_line="70" end_line="70" start_column="13" end_column="45" covered="yes" />
            <range source_id="2" start_line="71" end_line="71" start_column="13" end_column="40" covered="yes" />
            <range source_id="2" start_line="72" end_line="72" start_column="13" end_column="63" covered="yes" />
            <range source_id="2" start_line="74" end_line="78" start_column="13" end_column="15" covered="yes" />
            <range source_id="2" start_line="80" end_line="106" start_column="13" end_column="15" covered="yes" />
            <range source_id="2" start_line="108" end_line="108" start_column="13" end_column="62" covered="yes" />
            <range source_id="2" start_line="109" end_line="110" start_column="13" end_column="41" covered="yes" />
            <range source_id="2" start_line="112" end_line="112" start_column="13" end_column="66" covered="yes" />
            <range source_id="2" start_line="113" end_line="114" start_column="13" end_column="43" covered="yes" />
            <range source_id="2" start_line="116" end_line="116" start_column="13" end_column="82" covered="yes" />
            <range source_id="2" start_line="117" end_line="117" start_column="13" end_column="86" covered="yes" />
            <range source_id="2" start_line="120" end_line="120" start_column="13" end_column="85" covered="yes" />
            <range source_id="2" start_line="123" end_line="123" start_column="13" end_column="43" covered="yes" />
            <range source_id="2" start_line="124" end_line="124" start_column="13" end_column="41" covered="yes" />
            <range source_id="2" start_line="125" end_line="125" start_column="13" end_column="62" covered="yes" />
            <range source_id="2" start_line="126" end_line="126" start_column="13" end_column="56" covered="yes" />
            <range source_id="2" start_line="127" end_line="127" start_column="13" end_column="61" covered="yes" />
            <range source_id="2" start_line="128" end_line="128" start_column="13" end_column="61" covered="yes" />
            <range source_id="2" start_line="129" end_line="129" start_column="13" end_column="62" covered="yes" />
            <range source_id="2" start_line="130" end_line="130" start_column="13" end_column="67" covered="yes" />
            <range source_id="2" start_line="131" end_line="131" start_column="9" end_column="10" covered="yes" />
          </ranges>
        </function>
        <function id="21376" token="0x6000061" name="MoveNext()" namespace="AzAgroPOS.Tests.LogicTests" type_name="HesabatManagerTests.&lt;GunlukSatisHesabatiGetirAsync_TarixUcunSatisYoxdur_Ugursuz&gt;d__5" block_coverage="100.00" line_coverage="100.00" blocks_covered="32" blocks_not_covered="0" lines_covered="11" lines_partially_covered="0" lines_not_covered="0">
          <ranges>
            <range source_id="2" start_line="47" end_line="47" start_column="9" end_column="10" covered="yes" />
            <range source_id="2" start_line="49" end_line="49" start_column="13" end_column="45" covered="yes" />
            <range source_id="2" start_line="51" end_line="51" start_column="13" end_column="49" covered="yes" />
            <range source_id="2" start_line="52" end_line="52" start_column="13" end_column="62" covered="yes" />
            <range source_id="2" start_line="53" end_line="54" start_column="13" end_column="44" covered="yes" />
            <range source_id="2" start_line="56" end_line="56" start_column="13" end_column="82" covered="yes" />
            <range source_id="2" start_line="59" end_line="59" start_column="13" end_column="85" covered="yes" />
            <range source_id="2" start_line="62" end_line="62" start_column="13" end_column="44" covered="yes" />
            <range source_id="2" start_line="63" end_line="63" start_column="13" end_column="90" covered="yes" />
            <range source_id="2" start_line="64" end_line="64" start_column="9" end_column="10" covered="yes" />
          </ranges>
        </function>
        <function id="21976" token="0x6000064" name="MoveNext()" namespace="AzAgroPOS.Tests.LogicTests" type_name="HesabatManagerTests.&lt;MehsulUzreSatisHesabatiGetirAsync_MehsulUzreSatislar_Ugurlu&gt;d__9" block_coverage="100.00" line_coverage="100.00" blocks_covered="131" blocks_not_covered="0" lines_covered="51" lines_partially_covered="0" lines_not_covered="0">
          <ranges>
            <range source_id="2" start_line="222" end_line="222" start_column="9" end_column="10" covered="yes" />
            <range source_id="2" start_line="224" end_line="224" start_column="13" end_column="61" covered="yes" />
            <range source_id="2" start_line="225" end_line="225" start_column="13" end_column="45" covered="yes" />
            <range source_id="2" start_line="227" end_line="231" start_column="13" end_column="15" covered="yes" />
            <range source_id="2" start_line="233" end_line="254" start_column="13" end_column="15" covered="yes" />
            <range source_id="2" start_line="256" end_line="256" start_column="13" end_column="62" covered="yes" />
            <range source_id="2" start_line="257" end_line="258" start_column="13" end_column="41" covered="yes" />
            <range source_id="2" start_line="260" end_line="260" start_column="13" end_column="64" covered="yes" />
            <range source_id="2" start_line="261" end_line="262" start_column="13" end_column="42" covered="yes" />
            <range source_id="2" start_line="264" end_line="264" start_column="13" end_column="82" covered="yes" />
            <range source_id="2" start_line="265" end_line="265" start_column="13" end_column="84" covered="yes" />
            <range source_id="2" start_line="268" end_line="268" start_column="13" end_column="100" covered="yes" />
            <range source_id="2" start_line="271" end_line="271" start_column="13" end_column="43" covered="yes" />
            <range source_id="2" start_line="272" end_line="272" start_column="13" end_column="41" covered="yes" />
            <range source_id="2" start_line="273" end_line="273" start_column="13" end_column="48" covered="yes" />
            <range source_id="2" start_line="276" end_line="276" start_column="13" end_column="82" covered="yes" />
            <range source_id="2" start_line="277" end_line="277" start_column="13" end_column="37" covered="yes" />
            <range source_id="2" start_line="278" end_line="278" start_column="13" end_column="56" covered="yes" />
            <range source_id="2" start_line="279" end_line="279" start_column="13" end_column="54" covered="yes" />
            <range source_id="2" start_line="282" end_line="282" start_column="13" end_column="82" covered="yes" />
            <range source_id="2" start_line="283" end_line="283" start_column="13" end_column="37" covered="yes" />
            <range source_id="2" start_line="284" end_line="284" start_column="13" end_column="56" covered="yes" />
            <range source_id="2" start_line="285" end_line="285" start_column="13" end_column="54" covered="yes" />
            <range source_id="2" start_line="286" end_line="286" start_column="9" end_column="10" covered="yes" />
          </ranges>
        </function>
        <function id="23568" token="0x6000067" name="MoveNext()" namespace="AzAgroPOS.Tests.LogicTests" type_name="HesabatManagerTests.&lt;MehsulUzreSatisHesabatiGetirAsync_TarixAraligindaSatisYoxdur_Ugursuz&gt;d__8" block_coverage="100.00" line_coverage="100.00" blocks_covered="34" blocks_not_covered="0" lines_covered="12" lines_partially_covered="0" lines_not_covered="0">
          <ranges>
            <range source_id="2" start_line="200" end_line="200" start_column="9" end_column="10" covered="yes" />
            <range source_id="2" start_line="202" end_line="202" start_column="13" end_column="61" covered="yes" />
            <range source_id="2" start_line="203" end_line="203" start_column="13" end_column="45" covered="yes" />
            <range source_id="2" start_line="205" end_line="205" start_column="13" end_column="49" covered="yes" />
            <range source_id="2" start_line="206" end_line="206" start_column="13" end_column="62" covered="yes" />
            <range source_id="2" start_line="207" end_line="208" start_column="13" end_column="44" covered="yes" />
            <range source_id="2" start_line="210" end_line="210" start_column="13" end_column="82" covered="yes" />
            <range source_id="2" start_line="213" end_line="213" start_column="13" end_column="100" covered="yes" />
            <range source_id="2" start_line="216" end_line="216" start_column="13" end_column="44" covered="yes" />
            <range source_id="2" start_line="217" end_line="217" start_column="13" end_column="98" covered="yes" />
            <range source_id="2" start_line="218" end_line="218" start_column="9" end_column="10" covered="yes" />
          </ranges>
        </function>
        <function id="24224" token="0x600006c" name="&lt;MehsulYenileAsync_MovcudMehsulunAnbarMiqdariniYenile&gt;b__2(AzAgroPOS.Varliglar.Mehsul)" namespace="AzAgroPOS.Tests.LogicTests" type_name="MehsulManagerTests.&lt;&gt;c__DisplayClass6_0" block_coverage="100.00" line_coverage="100.00" blocks_covered="3" blocks_not_covered="0" lines_covered="1" lines_partially_covered="0" lines_not_covered="0">
          <ranges>
            <range source_id="3" start_line="100" end_line="100" start_column="40" end_column="76" covered="yes" />
          </ranges>
        </function>
        <function id="24272" token="0x6000070" name="MoveNext()" namespace="AzAgroPOS.Tests.LogicTests" type_name="MehsulManagerTests.&lt;MehsulSilAsync_MehsulTapilmadi_Ugursuz&gt;d__9" block_coverage="42.19" line_coverage="69.23" blocks_covered="27" blocks_not_covered="37" lines_covered="9" lines_partially_covered="0" lines_not_covered="4">
          <ranges>
            <range source_id="3" start_line="184" end_line="184" start_column="9" end_column="10" covered="yes" />
            <range source_id="3" start_line="186" end_line="186" start_column="13" end_column="32" covered="yes" />
            <range source_id="3" start_line="188" end_line="188" start_column="13" end_column="64" covered="yes" />
            <range source_id="3" start_line="189" end_line="190" start_column="13" end_column="45" covered="yes" />
            <range source_id="3" start_line="192" end_line="192" start_column="13" end_column="84" covered="yes" />
            <range source_id="3" start_line="195" end_line="195" start_column="13" end_column="72" covered="yes" />
            <range source_id="3" start_line="198" end_line="198" start_column="13" end_column="44" covered="yes" />
            <range source_id="3" start_line="199" end_line="199" start_column="13" end_column="63" covered="yes" />
            <range source_id="3" start_line="200" end_line="200" start_column="13" end_column="76" covered="no" />
            <range source_id="3" start_line="201" end_line="201" start_column="13" end_column="80" covered="no" />
            <range source_id="3" start_line="202" end_line="202" start_column="13" end_column="83" covered="no" />
            <range source_id="3" start_line="203" end_line="203" start_column="9" end_column="10" covered="no" />
          </ranges>
        </function>
        <function id="25256" token="0x6000073" name="MoveNext()" namespace="AzAgroPOS.Tests.LogicTests" type_name="MehsulManagerTests.&lt;MehsulSilAsync_MovcudMehsulSilinir&gt;d__8" block_coverage="92.68" line_coverage="87.50" blocks_covered="76" blocks_not_covered="6" lines_covered="21" lines_partially_covered="3" lines_not_covered="0">
          <ranges>
            <range source_id="3" start_line="150" end_line="150" start_column="9" end_column="10" covered="yes" />
            <range source_id="3" start_line="152" end_line="152" start_column="13" end_column="30" covered="yes" />
            <range source_id="3" start_line="153" end_line="163" start_column="13" end_column="15" covered="yes" />
            <range source_id="3" start_line="165" end_line="165" start_column="13" end_column="64" covered="yes" />
            <range source_id="3" start_line="166" end_line="167" start_column="13" end_column="45" covered="yes" />
            <range source_id="3" start_line="168" end_line="168" start_column="13" end_column="66" covered="yes" />
            <range source_id="3" start_line="170" end_line="170" start_column="13" end_column="84" covered="yes" />
            <range source_id="3" start_line="173" end_line="173" start_column="13" end_column="72" covered="yes" />
            <range source_id="3" start_line="176" end_line="176" start_column="13" end_column="43" covered="yes" />
            <range source_id="3" start_line="177" end_line="177" start_column="13" end_column="76" covered="partial" />
            <range source_id="3" start_line="178" end_line="178" start_column="13" end_column="79" covered="partial" />
            <range source_id="3" start_line="179" end_line="179" start_column="13" end_column="82" covered="partial" />
            <range source_id="3" start_line="180" end_line="180" start_column="9" end_column="10" covered="yes" />
          </ranges>
        </function>
        <function id="26464" token="0x6000076" name="MoveNext()" namespace="AzAgroPOS.Tests.LogicTests" type_name="MehsulManagerTests.&lt;MehsulYaratAsync_UgurluMehsulYaratma&gt;d__5" block_coverage="93.22" line_coverage="90.00" blocks_covered="55" blocks_not_covered="4" lines_covered="18" lines_partially_covered="2" lines_not_covered="0">
          <ranges>
            <range source_id="3" start_line="40" end_line="40" start_column="9" end_column="10" covered="yes" />
            <range source_id="3" start_line="42" end_line="51" start_column="13" end_column="15" covered="yes" />
            <range source_id="3" start_line="53" end_line="53" start_column="13" end_column="64" covered="yes" />
            <range source_id="3" start_line="54" end_line="55" start_column="13" end_column="46" covered="yes" />
            <range source_id="3" start_line="57" end_line="57" start_column="13" end_column="84" covered="yes" />
            <range source_id="3" start_line="60" end_line="60" start_column="13" end_column="75" covered="yes" />
            <range source_id="3" start_line="63" end_line="63" start_column="13" end_column="43" covered="yes" />
            <range source_id="3" start_line="64" end_line="64" start_column="13" end_column="88" covered="partial" />
            <range source_id="3" start_line="65" end_line="65" start_column="13" end_column="82" covered="partial" />
            <range source_id="3" start_line="66" end_line="66" start_column="9" end_column="10" covered="yes" />
          </ranges>
        </function>
        <function id="27348" token="0x6000079" name="MoveNext()" namespace="AzAgroPOS.Tests.LogicTests" type_name="MehsulManagerTests.&lt;MehsulYenileAsync_MehsulTapilmadi_Ugursuz&gt;d__7" block_coverage="97.18" line_coverage="95.65" blocks_covered="69" blocks_not_covered="2" lines_covered="22" lines_partially_covered="1" lines_not_covered="0">
          <ranges>
            <range source_id="3" start_line="117" end_line="117" start_column="9" end_column="10" covered="yes" />
            <range source_id="3" start_line="119" end_line="129" start_column="13" end_column="15" covered="yes" />
            <range source_id="3" start_line="131" end_line="131" start_column="13" end_column="64" covered="yes" />
            <range source_id="3" start_line="132" end_line="133" start_column="13" end_column="45" covered="yes" />
            <range source_id="3" start_line="135" end_line="135" start_column="13" end_column="84" covered="yes" />
            <range source_id="3" start_line="138" end_line="138" start_column="13" end_column="76" covered="yes" />
            <range source_id="3" start_line="141" end_line="141" start_column="13" end_column="44" covered="yes" />
            <range source_id="3" start_line="142" end_line="142" start_column="13" end_column="63" covered="yes" />
            <range source_id="3" start_line="143" end_line="143" start_column="13" end_column="71" covered="yes" />
            <range source_id="3" start_line="144" end_line="144" start_column="13" end_column="83" covered="yes" />
            <range source_id="3" start_line="145" end_line="145" start_column="13" end_column="83" covered="partial" />
            <range source_id="3" start_line="146" end_line="146" start_column="9" end_column="10" covered="yes" />
          </ranges>
        </function>
        <function id="28396" token="0x600007c" name="MoveNext()" namespace="AzAgroPOS.Tests.LogicTests" type_name="MehsulManagerTests.&lt;MehsulYenileAsync_MovcudMehsulunAnbarMiqdariniYenile&gt;d__6" block_coverage="93.55" line_coverage="91.67" blocks_covered="87" blocks_not_covered="6" lines_covered="33" lines_partially_covered="3" lines_not_covered="0">
          <ranges>
            <range source_id="3" start_line="70" end_line="70" start_column="9" end_column="10" covered="yes" />
            <range source_id="3" start_line="72" end_line="82" start_column="13" end_column="15" covered="yes" />
            <range source_id="3" start_line="84" end_line="94" start_column="13" end_column="15" covered="yes" />
            <range source_id="3" start_line="96" end_line="96" start_column="13" end_column="64" covered="yes" />
            <range source_id="3" start_line="97" end_line="98" start_column="13" end_column="45" covered="yes" />
            <range source_id="3" start_line="99" end_line="100" start_column="13" end_column="78" covered="yes" />
            <range source_id="3" start_line="102" end_line="102" start_column="13" end_column="84" covered="yes" />
            <range source_id="3" start_line="105" end_line="105" start_column="13" end_column="76" covered="yes" />
            <range source_id="3" start_line="108" end_line="108" start_column="13" end_column="43" covered="yes" />
            <range source_id="3" start_line="109" end_line="109" start_column="13" end_column="54" covered="yes" />
            <range source_id="3" start_line="110" end_line="110" start_column="13" end_column="69" covered="partial" />
            <range source_id="3" start_line="111" end_line="111" start_column="13" end_column="82" covered="partial" />
            <range source_id="3" start_line="112" end_line="112" start_column="13" end_column="82" covered="partial" />
            <range source_id="3" start_line="113" end_line="113" start_column="9" end_column="10" covered="yes" />
          </ranges>
        </function>
        <function id="29752" token="0x6000082" name="&lt;MusteriYenileAsync_MovcudMusteriYenile&gt;b__2(AzAgroPOS.Varliglar.Musteri)" namespace="AzAgroPOS.Tests.LogicTests" type_name="MusteriManagerTests.&lt;&gt;c__DisplayClass7_0" block_coverage="100.00" line_coverage="100.00" blocks_covered="9" blocks_not_covered="0" lines_covered="6" lines_partially_covered="0" lines_not_covered="0">
          <ranges>
            <range source_id="4" start_line="146" end_line="146" start_column="17" end_column="18" covered="yes" />
            <range source_id="4" start_line="147" end_line="147" start_column="21" end_column="51" covered="yes" />
            <range source_id="4" start_line="148" end_line="148" start_column="21" end_column="69" covered="yes" />
            <range source_id="4" start_line="149" end_line="149" start_column="21" end_column="51" covered="yes" />
            <range source_id="4" start_line="150" end_line="150" start_column="21" end_column="65" covered="yes" />
            <range source_id="4" start_line="151" end_line="151" start_column="17" end_column="18" covered="yes" />
          </ranges>
        </function>
        <function id="29856" token="0x6000085" name="MoveNext()" namespace="AzAgroPOS.Tests.LogicTests" type_name="MusteriManagerTests.&lt;MusteriSilAsync_BorcluMusteriSilinmir_Ugursuz&gt;d__10" block_coverage="94.52" line_coverage="90.91" blocks_covered="69" blocks_not_covered="4" lines_covered="20" lines_partially_covered="2" lines_not_covered="0">
          <ranges>
            <range source_id="4" start_line="234" end_line="234" start_column="9" end_column="10" covered="yes" />
            <range source_id="4" start_line="236" end_line="236" start_column="13" end_column="31" covered="yes" />
            <range source_id="4" start_line="237" end_line="245" start_column="13" end_column="15" covered="yes" />
            <range source_id="4" start_line="247" end_line="247" start_column="13" end_column="66" covered="yes" />
            <range source_id="4" start_line="248" end_line="249" start_column="13" end_column="46" covered="yes" />
            <range source_id="4" start_line="251" end_line="251" start_column="13" end_column="86" covered="yes" />
            <range source_id="4" start_line="254" end_line="254" start_column="13" end_column="75" covered="yes" />
            <range source_id="4" start_line="257" end_line="257" start_column="13" end_column="44" covered="yes" />
            <range source_id="4" start_line="258" end_line="258" start_column="13" end_column="80" covered="yes" />
            <range source_id="4" start_line="259" end_line="259" start_column="13" end_column="78" covered="partial" />
            <range source_id="4" start_line="260" end_line="260" start_column="13" end_column="82" covered="yes" />
            <range source_id="4" start_line="261" end_line="261" start_column="13" end_column="83" covered="partial" />
            <range source_id="4" start_line="262" end_line="262" start_column="9" end_column="10" covered="yes" />
          </ranges>
        </function>
        <function id="30960" token="0x6000088" name="MoveNext()" namespace="AzAgroPOS.Tests.LogicTests" type_name="MusteriManagerTests.&lt;MusteriSilAsync_BorcsuzMusteriSilinir&gt;d__9" block_coverage="92.41" line_coverage="86.36" blocks_covered="73" blocks_not_covered="6" lines_covered="19" lines_partially_covered="3" lines_not_covered="0">
          <ranges>
            <range source_id="4" start_line="202" end_line="202" start_column="9" end_column="10" covered="yes" />
            <range source_id="4" start_line="204" end_line="204" start_column="13" end_column="31" covered="yes" />
            <range source_id="4" start_line="205" end_line="213" start_column="13" end_column="15" covered="yes" />
            <range source_id="4" start_line="215" end_line="215" start_column="13" end_column="66" covered="yes" />
            <range source_id="4" start_line="216" end_line="217" start_column="13" end_column="46" covered="yes" />
            <range source_id="4" start_line="218" end_line="218" start_column="13" end_column="68" covered="yes" />
            <range source_id="4" start_line="220" end_line="220" start_column="13" end_column="86" covered="yes" />
            <range source_id="4" start_line="223" end_line="223" start_column="13" end_column="75" covered="yes" />
            <range source_id="4" start_line="226" end_line="226" start_column="13" end_column="43" covered="yes" />
            <range source_id="4" start_line="227" end_line="227" start_column="13" end_column="78" covered="partial" />
            <range source_id="4" start_line="228" end_line="228" start_column="13" end_column="81" covered="partial" />
            <range source_id="4" start_line="229" end_line="229" start_column="13" end_column="82" covered="partial" />
            <range source_id="4" start_line="230" end_line="230" start_column="9" end_column="10" covered="yes" />
          </ranges>
        </function>
        <function id="32144" token="0x600008b" name="MoveNext()" namespace="AzAgroPOS.Tests.LogicTests" type_name="MusteriManagerTests.&lt;MusteriYaratAsync_MovcudTelefonNomresi_Ugursuz&gt;d__6" block_coverage="92.86" line_coverage="90.63" blocks_covered="78" blocks_not_covered="6" lines_covered="29" lines_partially_covered="3" lines_not_covered="0">
          <ranges>
            <range source_id="4" start_line="76" end_line="76" start_column="9" end_column="10" covered="yes" />
            <range source_id="4" start_line="78" end_line="85" start_column="13" end_column="15" covered="yes" />
            <range source_id="4" start_line="87" end_line="98" start_column="13" end_column="15" covered="yes" />
            <range source_id="4" start_line="100" end_line="100" start_column="13" end_column="66" covered="yes" />
            <range source_id="4" start_line="101" end_line="102" start_column="13" end_column="49" covered="yes" />
            <range source_id="4" start_line="104" end_line="104" start_column="13" end_column="86" covered="yes" />
            <range source_id="4" start_line="107" end_line="107" start_column="13" end_column="78" covered="yes" />
            <range source_id="4" start_line="110" end_line="110" start_column="13" end_column="44" covered="yes" />
            <range source_id="4" start_line="111" end_line="111" start_column="13" end_column="93" covered="yes" />
            <range source_id="4" start_line="112" end_line="112" start_column="13" end_column="118" covered="partial" />
            <range source_id="4" start_line="113" end_line="113" start_column="13" end_column="91" covered="partial" />
            <range source_id="4" start_line="114" end_line="114" start_column="13" end_column="83" covered="partial" />
            <range source_id="4" start_line="115" end_line="115" start_column="9" end_column="10" covered="yes" />
          </ranges>
        </function>
        <function id="33320" token="0x600008e" name="MoveNext()" namespace="AzAgroPOS.Tests.LogicTests" type_name="MusteriManagerTests.&lt;MusteriYaratAsync_UgurluMusteriYaratma&gt;d__5" block_coverage="92.77" line_coverage="86.36" blocks_covered="77" blocks_not_covered="6" lines_covered="19" lines_partially_covered="3" lines_not_covered="0">
          <ranges>
            <range source_id="4" start_line="44" end_line="44" start_column="9" end_column="10" covered="yes" />
            <range source_id="4" start_line="46" end_line="53" start_column="13" end_column="15" covered="yes" />
            <range source_id="4" start_line="55" end_line="55" start_column="13" end_column="53" covered="yes" />
            <range source_id="4" start_line="56" end_line="56" start_column="13" end_column="66" covered="yes" />
            <range source_id="4" start_line="57" end_line="58" start_column="13" end_column="46" covered="yes" />
            <range source_id="4" start_line="59" end_line="60" start_column="13" end_column="46" covered="yes" />
            <range source_id="4" start_line="62" end_line="62" start_column="13" end_column="86" covered="yes" />
            <range source_id="4" start_line="65" end_line="65" start_column="13" end_column="78" covered="yes" />
            <range source_id="4" start_line="68" end_line="68" start_column="13" end_column="43" covered="yes" />
            <range source_id="4" start_line="69" end_line="69" start_column="13" end_column="118" covered="partial" />
            <range source_id="4" start_line="70" end_line="70" start_column="13" end_column="90" covered="partial" />
            <range source_id="4" start_line="71" end_line="71" start_column="13" end_column="82" covered="partial" />
            <range source_id="4" start_line="72" end_line="72" start_column="9" end_column="10" covered="yes" />
          </ranges>
        </function>
        <function id="34496" token="0x6000091" name="MoveNext()" namespace="AzAgroPOS.Tests.LogicTests" type_name="MusteriManagerTests.&lt;MusteriYenileAsync_MovcudMusteriYenile&gt;d__7" block_coverage="95.83" line_coverage="95.12" blocks_covered="92" blocks_not_covered="4" lines_covered="39" lines_partially_covered="2" lines_not_covered="0">
          <ranges>
            <range source_id="4" start_line="119" end_line="119" start_column="9" end_column="10" covered="yes" />
            <range source_id="4" start_line="121" end_line="129" start_column="13" end_column="15" covered="yes" />
            <range source_id="4" start_line="131" end_line="139" start_column="13" end_column="15" covered="yes" />
            <range source_id="4" start_line="141" end_line="141" start_column="13" end_column="66" covered="yes" />
            <range source_id="4" start_line="142" end_line="143" start_column="13" end_column="46" covered="yes" />
            <range source_id="4" start_line="144" end_line="151" start_column="13" end_column="20" covered="yes" />
            <range source_id="4" start_line="153" end_line="153" start_column="13" end_column="86" covered="yes" />
            <range source_id="4" start_line="156" end_line="156" start_column="13" end_column="79" covered="yes" />
            <range source_id="4" start_line="159" end_line="159" start_column="13" end_column="43" covered="yes" />
            <range source_id="4" start_line="160" end_line="160" start_column="13" end_column="69" covered="yes" />
            <range source_id="4" start_line="161" end_line="161" start_column="13" end_column="73" covered="yes" />
            <range source_id="4" start_line="162" end_line="162" start_column="13" end_column="62" covered="yes" />
            <range source_id="4" start_line="163" end_line="163" start_column="13" end_column="64" covered="yes" />
            <range source_id="4" start_line="164" end_line="164" start_column="13" end_column="70" covered="yes" />
            <range source_id="4" start_line="165" end_line="165" start_column="13" end_column="84" covered="partial" />
            <range source_id="4" start_line="166" end_line="166" start_column="13" end_column="82" covered="partial" />
            <range source_id="4" start_line="167" end_line="167" start_column="9" end_column="10" covered="yes" />
          </ranges>
        </function>
        <function id="35876" token="0x6000094" name="MoveNext()" namespace="AzAgroPOS.Tests.LogicTests" type_name="MusteriManagerTests.&lt;MusteriYenileAsync_MusteriTapilmadi_Ugursuz&gt;d__8" block_coverage="91.18" line_coverage="85.71" blocks_covered="62" blocks_not_covered="6" lines_covered="18" lines_partially_covered="3" lines_not_covered="0">
          <ranges>
            <range source_id="4" start_line="171" end_line="171" start_column="9" end_column="10" covered="yes" />
            <range source_id="4" start_line="173" end_line="181" start_column="13" end_column="15" covered="yes" />
            <range source_id="4" start_line="183" end_line="183" start_column="13" end_column="66" covered="yes" />
            <range source_id="4" start_line="184" end_line="185" start_column="13" end_column="46" covered="yes" />
            <range source_id="4" start_line="187" end_line="187" start_column="13" end_column="86" covered="yes" />
            <range source_id="4" start_line="190" end_line="190" start_column="13" end_column="79" covered="yes" />
            <range source_id="4" start_line="193" end_line="193" start_column="13" end_column="44" covered="yes" />
            <range source_id="4" start_line="194" end_line="194" start_column="13" end_column="64" covered="yes" />
            <range source_id="4" start_line="195" end_line="195" start_column="13" end_column="72" covered="partial" />
            <range source_id="4" start_line="196" end_line="196" start_column="13" end_column="85" covered="partial" />
            <range source_id="4" start_line="197" end_line="197" start_column="13" end_column="83" covered="partial" />
            <range source_id="4" start_line="198" end_line="198" start_column="9" end_column="10" covered="yes" />
          </ranges>
        </function>
        <function id="36934" token="0x600009b" name="&lt;NovbeBaglaAsync_UgurluNovbeBaglama&gt;b__2(AzAgroPOS.Varliglar.Novbe)" namespace="AzAgroPOS.Tests.LogicTests" type_name="NovbeManagerTests.&lt;&gt;c__DisplayClass7_0" block_coverage="100.00" line_coverage="100.00" blocks_covered="7" blocks_not_covered="0" lines_covered="5" lines_partially_covered="0" lines_not_covered="0">
          <ranges>
            <range source_id="5" start_line="138" end_line="138" start_column="39" end_column="40" covered="yes" />
            <range source_id="5" start_line="139" end_line="139" start_column="21" end_column="65" covered="yes" />
            <range source_id="5" start_line="140" end_line="140" start_column="21" end_column="51" covered="yes" />
            <range source_id="5" start_line="141" end_line="141" start_column="21" end_column="67" covered="yes" />
            <range source_id="5" start_line="142" end_line="142" start_column="17" end_column="18" covered="yes" />
          </ranges>
        </function>
        <function id="37020" token="0x600009f" name="MoveNext()" namespace="AzAgroPOS.Tests.LogicTests" type_name="NovbeManagerTests.&lt;AktivNovbeniGetirAsync_AktivNovbeTapildi&gt;d__10" block_coverage="65.57" line_coverage="82.61" blocks_covered="40" blocks_not_covered="21" lines_covered="19" lines_partially_covered="0" lines_not_covered="4">
          <ranges>
            <range source_id="5" start_line="226" end_line="226" start_column="9" end_column="10" covered="yes" />
            <range source_id="5" start_line="228" end_line="228" start_column="13" end_column="28" covered="yes" />
            <range source_id="5" start_line="230" end_line="239" start_column="13" end_column="15" covered="yes" />
            <range source_id="5" start_line="241" end_line="241" start_column="13" end_column="59" covered="yes" />
            <range source_id="5" start_line="243" end_line="243" start_column="13" end_column="62" covered="yes" />
            <range source_id="5" start_line="244" end_line="245" start_column="13" end_column="41" covered="yes" />
            <range source_id="5" start_line="247" end_line="247" start_column="13" end_column="82" covered="yes" />
            <range source_id="5" start_line="250" end_line="250" start_column="13" end_column="77" covered="yes" />
            <range source_id="5" start_line="253" end_line="253" start_column="13" end_column="36" covered="yes" />
            <range source_id="5" start_line="254" end_line="254" start_column="13" end_column="52" covered="no" />
            <range source_id="5" start_line="255" end_line="255" start_column="13" end_column="60" covered="no" />
            <range source_id="5" start_line="256" end_line="256" start_column="13" end_column="114" covered="no" />
            <range source_id="5" start_line="257" end_line="257" start_column="9" end_column="10" covered="no" />
          </ranges>
        </function>
        <function id="37948" token="0x60000a2" name="MoveNext()" namespace="AzAgroPOS.Tests.LogicTests" type_name="NovbeManagerTests.&lt;AktivNovbeniGetirAsync_AktivNovbeYoxdur_Ugursuz&gt;d__11" block_coverage="90.48" line_coverage="81.82" blocks_covered="38" blocks_not_covered="4" lines_covered="9" lines_partially_covered="1" lines_not_covered="1">
          <ranges>
            <range source_id="5" start_line="261" end_line="261" start_column="9" end_column="10" covered="yes" />
            <range source_id="5" start_line="263" end_line="263" start_column="13" end_column="28" covered="yes" />
            <range source_id="5" start_line="265" end_line="265" start_column="13" end_column="49" covered="yes" />
            <range source_id="5" start_line="267" end_line="267" start_column="13" end_column="62" covered="yes" />
            <range source_id="5" start_line="268" end_line="269" start_column="13" end_column="44" covered="yes" />
            <range source_id="5" start_line="271" end_line="271" start_column="13" end_column="82" covered="yes" />
            <range source_id="5" start_line="274" end_line="274" start_column="13" end_column="77" covered="yes" />
            <range source_id="5" start_line="277" end_line="277" start_column="13" end_column="33" covered="yes" />
            <range source_id="5" start_line="278" end_line="278" start_column="13" end_column="114" covered="partial" />
            <range source_id="5" start_line="279" end_line="279" start_column="9" end_column="10" covered="no" />
          </ranges>
        </function>
        <function id="38672" token="0x60000a5" name="MoveNext()" namespace="AzAgroPOS.Tests.LogicTests" type_name="NovbeManagerTests.&lt;NovbeAcAsync_IsciTapilmadi_Ugursuz&gt;d__6" block_coverage="38.81" line_coverage="64.29" blocks_covered="26" blocks_not_covered="41" lines_covered="9" lines_partially_covered="0" lines_not_covered="5">
          <ranges>
            <range source_id="5" start_line="87" end_line="87" start_column="9" end_column="10" covered="yes" />
            <range source_id="5" start_line="89" end_line="89" start_column="13" end_column="30" covered="yes" />
            <range source_id="5" start_line="90" end_line="90" start_column="13" end_column="47" covered="yes" />
            <range source_id="5" start_line="92" end_line="92" start_column="13" end_column="66" covered="yes" />
            <range source_id="5" start_line="93" end_line="94" start_column="13" end_column="49" covered="yes" />
            <range source_id="5" start_line="96" end_line="96" start_column="13" end_column="86" covered="yes" />
            <range source_id="5" start_line="99" end_line="99" start_column="13" end_column="84" covered="yes" />
            <range source_id="5" start_line="102" end_line="102" start_column="13" end_column="44" covered="yes" />
            <range source_id="5" start_line="103" end_line="103" start_column="13" end_column="61" covered="no" />
            <range source_id="5" start_line="104" end_line="104" start_column="13" end_column="72" covered="no" />
            <range source_id="5" start_line="105" end_line="105" start_column="13" end_column="98" covered="no" />
            <range source_id="5" start_line="106" end_line="106" start_column="13" end_column="83" covered="no" />
            <range source_id="5" start_line="107" end_line="107" start_column="9" end_column="10" covered="no" />
          </ranges>
        </function>
        <function id="39708" token="0x60000a8" name="MoveNext()" namespace="AzAgroPOS.Tests.LogicTests" type_name="NovbeManagerTests.&lt;NovbeAcAsync_UgurluNovbeAcma&gt;d__5" block_coverage="65.93" line_coverage="81.48" blocks_covered="60" blocks_not_covered="31" lines_covered="22" lines_partially_covered="0" lines_not_covered="5">
          <ranges>
            <range source_id="5" start_line="48" end_line="48" start_column="9" end_column="10" covered="yes" />
            <range source_id="5" start_line="50" end_line="50" start_column="13" end_column="28" covered="yes" />
            <range source_id="5" start_line="51" end_line="51" start_column="13" end_column="47" covered="yes" />
            <range source_id="5" start_line="53" end_line="57" start_column="13" end_column="15" covered="yes" />
            <range source_id="5" start_line="59" end_line="59" start_column="13" end_column="66" covered="yes" />
            <range source_id="5" start_line="60" end_line="61" start_column="13" end_column="37" covered="yes" />
            <range source_id="5" start_line="63" end_line="63" start_column="13" end_column="62" covered="yes" />
            <range source_id="5" start_line="64" end_line="65" start_column="13" end_column="46" covered="yes" />
            <range source_id="5" start_line="67" end_line="67" start_column="13" end_column="86" covered="yes" />
            <range source_id="5" start_line="68" end_line="68" start_column="13" end_column="82" covered="yes" />
            <range source_id="5" start_line="71" end_line="71" start_column="13" end_column="84" covered="yes" />
            <range source_id="5" start_line="74" end_line="74" start_column="13" end_column="43" covered="yes" />
            <range source_id="5" start_line="75" end_line="75" start_column="13" end_column="41" covered="yes" />
            <range source_id="5" start_line="76" end_line="76" start_column="13" end_column="54" covered="yes" />
            <range source_id="5" start_line="77" end_line="77" start_column="13" end_column="72" covered="yes" />
            <range source_id="5" start_line="78" end_line="78" start_column="13" end_column="73" covered="yes" />
            <range source_id="5" start_line="79" end_line="79" start_column="13" end_column="60" covered="no" />
            <range source_id="5" start_line="80" end_line="80" start_column="13" end_column="65" covered="no" />
            <range source_id="5" start_line="81" end_line="81" start_column="13" end_column="86" covered="no" />
            <range source_id="5" start_line="82" end_line="82" start_column="13" end_column="82" covered="no" />
            <range source_id="5" start_line="83" end_line="83" start_column="9" end_column="10" covered="no" />
          </ranges>
        </function>
        <function id="41000" token="0x60000ab" name="MoveNext()" namespace="AzAgroPOS.Tests.LogicTests" type_name="NovbeManagerTests.&lt;NovbeBaglaAsync_NovbeArtiqBaglidir_Ugursuz&gt;d__9" block_coverage="54.32" line_coverage="84.00" blocks_covered="44" blocks_not_covered="37" lines_covered="21" lines_partially_covered="0" lines_not_covered="4">
          <ranges>
            <range source_id="5" start_line="190" end_line="190" start_column="9" end_column="10" covered="yes" />
            <range source_id="5" start_line="192" end_line="192" start_column="13" end_column="29" covered="yes" />
            <range source_id="5" start_line="193" end_line="193" start_column="13" end_column="46" covered="yes" />
            <range source_id="5" start_line="195" end_line="205" start_column="13" end_column="15" covered="yes" />
            <range source_id="5" start_line="207" end_line="207" start_column="13" end_column="62" covered="yes" />
            <range source_id="5" start_line="208" end_line="209" start_column="13" end_column="44" covered="yes" />
            <range source_id="5" start_line="211" end_line="211" start_column="13" end_column="82" covered="yes" />
            <range source_id="5" start_line="214" end_line="214" start_column="13" end_column="86" covered="yes" />
            <range source_id="5" start_line="217" end_line="217" start_column="13" end_column="44" covered="yes" />
            <range source_id="5" start_line="218" end_line="218" start_column="13" end_column="67" covered="yes" />
            <range source_id="5" start_line="219" end_line="219" start_column="13" end_column="74" covered="no" />
            <range source_id="5" start_line="220" end_line="220" start_column="13" end_column="81" covered="no" />
            <range source_id="5" start_line="221" end_line="221" start_column="13" end_column="83" covered="no" />
            <range source_id="5" start_line="222" end_line="222" start_column="9" end_column="10" covered="no" />
          </ranges>
        </function>
        <function id="42180" token="0x60000ae" name="MoveNext()" namespace="AzAgroPOS.Tests.LogicTests" type_name="NovbeManagerTests.&lt;NovbeBaglaAsync_NovbeTapilmadi_Ugursuz&gt;d__8" block_coverage="93.85" line_coverage="85.71" blocks_covered="61" blocks_not_covered="4" lines_covered="12" lines_partially_covered="2" lines_not_covered="0">
          <ranges>
            <range source_id="5" start_line="166" end_line="166" start_column="9" end_column="10" covered="yes" />
            <range source_id="5" start_line="168" end_line="168" start_column="13" end_column="31" covered="yes" />
            <range source_id="5" start_line="169" end_line="169" start_column="13" end_column="46" covered="yes" />
            <range source_id="5" start_line="171" end_line="171" start_column="13" end_column="62" covered="yes" />
            <range source_id="5" start_line="172" end_line="173" start_column="13" end_column="44" covered="yes" />
            <range source_id="5" start_line="175" end_line="175" start_column="13" end_column="82" covered="yes" />
            <range source_id="5" start_line="178" end_line="178" start_column="13" end_column="86" covered="yes" />
            <range source_id="5" start_line="181" end_line="181" start_column="13" end_column="44" covered="yes" />
            <range source_id="5" start_line="182" end_line="182" start_column="13" end_column="62" covered="yes" />
            <range source_id="5" start_line="183" end_line="183" start_column="13" end_column="74" covered="partial" />
            <range source_id="5" start_line="184" end_line="184" start_column="13" end_column="81" covered="yes" />
            <range source_id="5" start_line="185" end_line="185" start_column="13" end_column="83" covered="partial" />
            <range source_id="5" start_line="186" end_line="186" start_column="9" end_column="10" covered="yes" />
          </ranges>
        </function>
        <function id="43188" token="0x60000b1" name="MoveNext()" namespace="AzAgroPOS.Tests.LogicTests" type_name="NovbeManagerTests.&lt;NovbeBaglaAsync_UgurluNovbeBaglama&gt;d__7" block_coverage="96.99" line_coverage="95.24" blocks_covered="129" blocks_not_covered="4" lines_covered="40" lines_partially_covered="2" lines_not_covered="0">
          <ranges>
            <range source_id="5" start_line="111" end_line="111" start_column="9" end_column="10" covered="yes" />
            <range source_id="5" start_line="113" end_line="113" start_column="13" end_column="29" covered="yes" />
            <range source_id="5" start_line="114" end_line="114" start_column="13" end_column="46" covered="yes" />
            <range source_id="5" start_line="116" end_line="125" start_column="13" end_column="15" covered="yes" />
            <range source_id="5" start_line="127" end_line="132" start_column="13" end_column="15" covered="yes" />
            <range source_id="5" start_line="134" end_line="134" start_column="13" end_column="62" covered="yes" />
            <range source_id="5" start_line="135" end_line="136" start_column="13" end_column="44" covered="yes" />
            <range source_id="5" start_line="137" end_line="142" start_column="13" end_column="20" covered="yes" />
            <range source_id="5" start_line="144" end_line="144" start_column="13" end_column="62" covered="yes" />
            <range source_id="5" start_line="145" end_line="146" start_column="13" end_column="41" covered="yes" />
            <range source_id="5" start_line="148" end_line="148" start_column="13" end_column="82" covered="yes" />
            <range source_id="5" start_line="149" end_line="149" start_column="13" end_column="82" covered="yes" />
            <range source_id="5" start_line="152" end_line="152" start_column="13" end_column="86" covered="yes" />
            <range source_id="5" start_line="155" end_line="155" start_column="13" end_column="43" covered="yes" />
            <range source_id="5" start_line="156" end_line="156" start_column="13" end_column="68" covered="yes" />
            <range source_id="5" start_line="157" end_line="157" start_column="13" end_column="66" covered="yes" />
            <range source_id="5" start_line="158" end_line="158" start_column="13" end_column="56" covered="yes" />
            <range source_id="5" start_line="159" end_line="159" start_column="13" end_column="74" covered="yes" />
            <range source_id="5" start_line="160" end_line="160" start_column="13" end_column="80" covered="partial" />
            <range source_id="5" start_line="161" end_line="161" start_column="13" end_column="82" covered="partial" />
            <range source_id="5" start_line="162" end_line="162" start_column="9" end_column="10" covered="yes" />
          </ranges>
        </function>
        <function id="44976" token="0x60000b6" name="MoveNext()" namespace="AzAgroPOS.Tests.LogicTests" type_name="SatisManagerTests.&lt;SatisGetirAsync_Ugurlu_QebzMelumatlari&gt;d__10" block_coverage="100.00" line_coverage="100.00" blocks_covered="120" blocks_not_covered="0" lines_covered="43" lines_partially_covered="0" lines_not_covered="0">
          <ranges>
            <range source_id="6" start_line="259" end_line="259" start_column="9" end_column="10" covered="yes" />
            <range source_id="6" start_line="261" end_line="266" start_column="13" end_column="15" covered="yes" />
            <range source_id="6" start_line="268" end_line="275" start_column="13" end_column="15" covered="yes" />
            <range source_id="6" start_line="277" end_line="285" start_column="13" end_column="15" covered="yes" />
            <range source_id="6" start_line="287" end_line="287" start_column="13" end_column="51" covered="yes" />
            <range source_id="6" start_line="290" end_line="290" start_column="13" end_column="46" covered="yes" />
            <range source_id="6" start_line="291" end_line="291" start_column="13" end_column="44" covered="yes" />
            <range source_id="6" start_line="292" end_line="292" start_column="13" end_column="56" covered="yes" />
            <range source_id="6" start_line="293" end_line="293" start_column="13" end_column="49" covered="yes" />
            <range source_id="6" start_line="296" end_line="297" start_column="13" end_column="116" covered="yes" />
            <range source_id="6" start_line="299" end_line="300" start_column="13" end_column="86" covered="yes" />
            <range source_id="6" start_line="303" end_line="303" start_column="13" end_column="67" covered="yes" />
            <range source_id="6" start_line="306" end_line="306" start_column="13" end_column="43" covered="yes" />
            <range source_id="6" start_line="307" end_line="307" start_column="13" end_column="41" covered="yes" />
            <range source_id="6" start_line="308" end_line="308" start_column="13" end_column="50" covered="yes" />
            <range source_id="6" start_line="309" end_line="309" start_column="13" end_column="57" covered="yes" />
            <range source_id="6" start_line="310" end_line="310" start_column="13" end_column="85" covered="yes" />
            <range source_id="6" start_line="311" end_line="311" start_column="13" end_column="69" covered="yes" />
            <range source_id="6" start_line="312" end_line="312" start_column="13" end_column="82" covered="yes" />
            <range source_id="6" start_line="313" end_line="313" start_column="13" end_column="58" covered="yes" />
            <range source_id="6" start_line="314" end_line="314" start_column="9" end_column="10" covered="yes" />
          </ranges>
        </function>
        <function id="46828" token="0x60000b9" name="MoveNext()" namespace="AzAgroPOS.Tests.LogicTests" type_name="SatisManagerTests.&lt;SatisYaratAsync_NisyedeMusteriBorcuArtir&gt;d__9" block_coverage="53.46" line_coverage="46.15" blocks_covered="85" blocks_not_covered="74" lines_covered="24" lines_partially_covered="2" lines_not_covered="26">
          <ranges>
            <range source_id="6" start_line="188" end_line="188" start_column="9" end_column="10" covered="yes" />
            <range source_id="6" start_line="190" end_line="196" start_column="13" end_column="15" covered="yes" />
            <range source_id="6" start_line="198" end_line="203" start_column="13" end_column="15" covered="yes" />
            <range source_id="6" start_line="206" end_line="206" start_column="13" end_column="46" covered="yes" />
            <range source_id="6" start_line="207" end_line="207" start_column="13" end_column="48" covered="yes" />
            <range source_id="6" start_line="208" end_line="208" start_column="13" end_column="49" covered="yes" />
            <range source_id="6" start_line="211" end_line="212" start_column="13" end_column="86" covered="yes" />
            <range source_id="6" start_line="214" end_line="215" start_column="13" end_column="87" covered="yes" />
            <range source_id="6" start_line="217" end_line="218" start_column="13" end_column="46" covered="yes" />
            <range source_id="6" start_line="221" end_line="221" start_column="13" end_column="68" covered="yes" />
            <range source_id="6" start_line="222" end_line="223" start_column="13" end_column="44" covered="partial" />
            <range source_id="6" start_line="225" end_line="234" start_column="13" end_column="15" covered="no" />
            <range source_id="6" start_line="236" end_line="244" start_column="13" end_column="15" covered="no" />
            <range source_id="6" start_line="247" end_line="247" start_column="13" end_column="72" covered="no" />
            <range source_id="6" start_line="250" end_line="250" start_column="13" end_column="43" covered="no" />
            <range source_id="6" start_line="251" end_line="251" start_column="13" end_column="86" covered="no" />
            <range source_id="6" start_line="252" end_line="252" start_column="13" end_column="97" covered="no" />
            <range source_id="6" start_line="253" end_line="253" start_column="13" end_column="82" covered="no" />
            <range source_id="6" start_line="254" end_line="254" start_column="13" end_column="102" covered="no" />
            <range source_id="6" start_line="255" end_line="255" start_column="9" end_column="10" covered="no" />
          </ranges>
        </function>
        <function id="49256" token="0x60000bc" name="MoveNext()" namespace="AzAgroPOS.Tests.LogicTests" type_name="SatisManagerTests.&lt;SatisYaratAsync_NisyedeMusteriSecilmeyib&gt;d__8" block_coverage="90.48" line_coverage="88.89" blocks_covered="57" blocks_not_covered="6" lines_covered="24" lines_partially_covered="3" lines_not_covered="0">
          <ranges>
            <range source_id="6" start_line="152" end_line="152" start_column="9" end_column="10" covered="yes" />
            <range source_id="6" start_line="154" end_line="163" start_column="13" end_column="15" covered="yes" />
            <range source_id="6" start_line="165" end_line="173" start_column="13" end_column="15" covered="yes" />
            <range source_id="6" start_line="176" end_line="176" start_column="13" end_column="72" covered="yes" />
            <range source_id="6" start_line="179" end_line="179" start_column="13" end_column="44" covered="yes" />
            <range source_id="6" start_line="180" end_line="180" start_column="13" end_column="84" covered="yes" />
            <range source_id="6" start_line="181" end_line="181" start_column="13" end_column="81" covered="partial" />
            <range source_id="6" start_line="182" end_line="182" start_column="13" end_column="98" covered="partial" />
            <range source_id="6" start_line="183" end_line="183" start_column="13" end_column="83" covered="partial" />
            <range source_id="6" start_line="184" end_line="184" start_column="9" end_column="10" covered="yes" />
          </ranges>
        </function>
        <function id="50156" token="0x60000bf" name="MoveNext()" namespace="AzAgroPOS.Tests.LogicTests" type_name="SatisManagerTests.&lt;SatisYaratAsync_StokdaMehsulYoxdur&gt;d__7" block_coverage="97.92" line_coverage="97.30" blocks_covered="94" blocks_not_covered="2" lines_covered="36" lines_partially_covered="1" lines_not_covered="0">
          <ranges>
            <range source_id="6" start_line="101" end_line="101" start_column="9" end_column="10" covered="yes" />
            <range source_id="6" start_line="103" end_line="109" start_column="13" end_column="15" covered="yes" />
            <range source_id="6" start_line="112" end_line="112" start_column="13" end_column="46" covered="yes" />
            <range source_id="6" start_line="113" end_line="113" start_column="13" end_column="49" covered="yes" />
            <range source_id="6" start_line="116" end_line="117" start_column="13" end_column="86" covered="yes" />
            <range source_id="6" start_line="119" end_line="128" start_column="13" end_column="15" covered="yes" />
            <range source_id="6" start_line="130" end_line="137" start_column="13" end_column="15" covered="yes" />
            <range source_id="6" start_line="140" end_line="140" start_column="13" end_column="72" covered="yes" />
            <range source_id="6" start_line="143" end_line="143" start_column="13" end_column="44" covered="yes" />
            <range source_id="6" start_line="144" end_line="144" start_column="13" end_column="81" covered="yes" />
            <range source_id="6" start_line="145" end_line="145" start_column="13" end_column="80" covered="yes" />
            <range source_id="6" start_line="146" end_line="146" start_column="13" end_column="98" covered="yes" />
            <range source_id="6" start_line="147" end_line="147" start_column="13" end_column="83" covered="partial" />
            <range source_id="6" start_line="148" end_line="148" start_column="9" end_column="10" covered="yes" />
          </ranges>
        </function>
        <function id="51692" token="0x60000c2" name="MoveNext()" namespace="AzAgroPOS.Tests.LogicTests" type_name="SatisManagerTests.&lt;SatisYaratAsync_Ugurlu_Satis&gt;d__6" block_coverage="96.19" line_coverage="94.74" blocks_covered="101" blocks_not_covered="4" lines_covered="36" lines_partially_covered="2" lines_not_covered="0">
          <ranges>
            <range source_id="6" start_line="48" end_line="48" start_column="9" end_column="10" covered="yes" />
            <range source_id="6" start_line="50" end_line="56" start_column="13" end_column="15" covered="yes" />
            <range source_id="6" start_line="59" end_line="59" start_column="13" end_column="46" covered="yes" />
            <range source_id="6" start_line="60" end_line="60" start_column="13" end_column="49" covered="yes" />
            <range source_id="6" start_line="63" end_line="64" start_column="13" end_column="86" covered="yes" />
            <range source_id="6" start_line="66" end_line="75" start_column="13" end_column="15" covered="yes" />
            <range source_id="6" start_line="77" end_line="84" start_column="13" end_column="15" covered="yes" />
            <range source_id="6" start_line="86" end_line="87" start_column="13" end_column="46" covered="yes" />
            <range source_id="6" start_line="90" end_line="90" start_column="13" end_column="72" covered="yes" />
            <range source_id="6" start_line="93" end_line="93" start_column="13" end_column="43" covered="yes" />
            <range source_id="6" start_line="94" end_line="94" start_column="13" end_column="86" covered="yes" />
            <range source_id="6" start_line="95" end_line="95" start_column="13" end_column="97" covered="partial" />
            <range source_id="6" start_line="96" end_line="96" start_column="13" end_column="82" covered="partial" />
            <range source_id="6" start_line="97" end_line="97" start_column="9" end_column="10" covered="yes" />
          </ranges>
        </function>
        <function id="53352" token="0x60000c7" name="MoveNext()" namespace="AzAgroPOS.Tests.LogicTests" type_name="TehlukesizlikManagerTests.&lt;DaxilOlAsync_BosIstifadeciAdi_Ugursuz&gt;d__8" block_coverage="100.00" line_coverage="100.00" blocks_covered="9" blocks_not_covered="0" lines_covered="7" lines_partially_covered="0" lines_not_covered="0">
          <ranges>
            <range source_id="7" start_line="143" end_line="143" start_column="9" end_column="10" covered="yes" />
            <range source_id="7" start_line="145" end_line="145" start_column="13" end_column="39" covered="yes" />
            <range source_id="7" start_line="146" end_line="146" start_column="13" end_column="42" covered="yes" />
            <range source_id="7" start_line="149" end_line="149" start_column="13" end_column="89" covered="yes" />
            <range source_id="7" start_line="152" end_line="152" start_column="13" end_column="44" covered="yes" />
            <range source_id="7" start_line="153" end_line="153" start_column="13" end_column="86" covered="yes" />
            <range source_id="7" start_line="154" end_line="154" start_column="9" end_column="10" covered="yes" />
          </ranges>
        </function>
        <function id="53700" token="0x60000ca" name="MoveNext()" namespace="AzAgroPOS.Tests.LogicTests" type_name="TehlukesizlikManagerTests.&lt;DaxilOlAsync_BosSifre_Ugursuz&gt;d__9" block_coverage="100.00" line_coverage="100.00" blocks_covered="9" blocks_not_covered="0" lines_covered="7" lines_partially_covered="0" lines_not_covered="0">
          <ranges>
            <range source_id="7" start_line="158" end_line="158" start_column="9" end_column="10" covered="yes" />
            <range source_id="7" start_line="160" end_line="160" start_column="13" end_column="47" covered="yes" />
            <range source_id="7" start_line="161" end_line="161" start_column="13" end_column="31" covered="yes" />
            <range source_id="7" start_line="164" end_line="164" start_column="13" end_column="89" covered="yes" />
            <range source_id="7" start_line="167" end_line="167" start_column="13" end_column="44" covered="yes" />
            <range source_id="7" start_line="168" end_line="168" start_column="13" end_column="86" covered="yes" />
            <range source_id="7" start_line="169" end_line="169" start_column="9" end_column="10" covered="yes" />
          </ranges>
        </function>
        <function id="54048" token="0x60000cd" name="MoveNext()" namespace="AzAgroPOS.Tests.LogicTests" type_name="TehlukesizlikManagerTests.&lt;DaxilOlAsync_DuzgunSifre_Ugurlu&gt;d__5" block_coverage="97.78" line_coverage="96.55" blocks_covered="88" blocks_not_covered="2" lines_covered="28" lines_partially_covered="1" lines_not_covered="0">
          <ranges>
            <range source_id="7" start_line="43" end_line="43" start_column="9" end_column="10" covered="yes" />
            <range source_id="7" start_line="45" end_line="45" start_column="13" end_column="47" covered="yes" />
            <range source_id="7" start_line="46" end_line="46" start_column="13" end_column="46" covered="yes" />
            <range source_id="7" start_line="49" end_line="49" start_column="13" end_column="70" covered="yes" />
            <range source_id="7" start_line="51" end_line="58" start_column="13" end_column="15" covered="yes" />
            <range source_id="7" start_line="60" end_line="60" start_column="13" end_column="56" covered="yes" />
            <range source_id="7" start_line="62" end_line="62" start_column="13" end_column="72" covered="yes" />
            <range source_id="7" start_line="63" end_line="64" start_column="13" end_column="68" covered="yes" />
            <range source_id="7" start_line="66" end_line="66" start_column="13" end_column="58" covered="yes" />
            <range source_id="7" start_line="67" end_line="67" start_column="13" end_column="71" covered="yes" />
            <range source_id="7" start_line="69" end_line="69" start_column="13" end_column="92" covered="yes" />
            <range source_id="7" start_line="70" end_line="70" start_column="13" end_column="78" covered="yes" />
            <range source_id="7" start_line="73" end_line="73" start_column="13" end_column="89" covered="yes" />
            <range source_id="7" start_line="76" end_line="76" start_column="13" end_column="43" covered="yes" />
            <range source_id="7" start_line="77" end_line="77" start_column="13" end_column="41" covered="yes" />
            <range source_id="7" start_line="78" end_line="78" start_column="13" end_column="57" covered="yes" />
            <range source_id="7" start_line="79" end_line="79" start_column="13" end_column="79" covered="yes" />
            <range source_id="7" start_line="80" end_line="80" start_column="13" end_column="63" covered="yes" />
            <range source_id="7" start_line="81" end_line="81" start_column="13" end_column="54" covered="yes" />
            <range source_id="7" start_line="82" end_line="82" start_column="13" end_column="124" covered="partial" />
            <range source_id="7" start_line="83" end_line="83" start_column="9" end_column="10" covered="yes" />
          </ranges>
        </function>
        <function id="55348" token="0x60000d0" name="MoveNext()" namespace="AzAgroPOS.Tests.LogicTests" type_name="TehlukesizlikManagerTests.&lt;DaxilOlAsync_IstifadeciTapilmadi_Ugursuz&gt;d__7" block_coverage="100.00" line_coverage="100.00" blocks_covered="45" blocks_not_covered="0" lines_covered="13" lines_partially_covered="0" lines_not_covered="0">
          <ranges>
            <range source_id="7" start_line="119" end_line="119" start_column="9" end_column="10" covered="yes" />
            <range source_id="7" start_line="121" end_line="121" start_column="13" end_column="54" covered="yes" />
            <range source_id="7" start_line="122" end_line="122" start_column="13" end_column="42" covered="yes" />
            <range source_id="7" start_line="124" end_line="124" start_column="13" end_column="59" covered="yes" />
            <range source_id="7" start_line="126" end_line="126" start_column="13" end_column="72" covered="yes" />
            <range source_id="7" start_line="127" end_line="128" start_column="13" end_column="49" covered="yes" />
            <range source_id="7" start_line="130" end_line="130" start_column="13" end_column="92" covered="yes" />
            <range source_id="7" start_line="133" end_line="133" start_column="13" end_column="89" covered="yes" />
            <range source_id="7" start_line="136" end_line="136" start_column="13" end_column="44" covered="yes" />
            <range source_id="7" start_line="137" end_line="137" start_column="13" end_column="83" covered="yes" />
            <range source_id="7" start_line="138" end_line="138" start_column="13" end_column="124" covered="yes" />
            <range source_id="7" start_line="139" end_line="139" start_column="9" end_column="10" covered="yes" />
          </ranges>
        </function>
        <function id="56148" token="0x60000d3" name="MoveNext()" namespace="AzAgroPOS.Tests.LogicTests" type_name="TehlukesizlikManagerTests.&lt;DaxilOlAsync_YanlisSifre_Ugursuz&gt;d__6" block_coverage="96.15" line_coverage="95.00" blocks_covered="50" blocks_not_covered="2" lines_covered="19" lines_partially_covered="1" lines_not_covered="0">
          <ranges>
            <range source_id="7" start_line="87" end_line="87" start_column="9" end_column="10" covered="yes" />
            <range source_id="7" start_line="89" end_line="89" start_column="13" end_column="47" covered="yes" />
            <range source_id="7" start_line="90" end_line="90" start_column="13" end_column="44" covered="yes" />
            <range source_id="7" start_line="92" end_line="92" start_column="13" end_column="87" covered="yes" />
            <range source_id="7" start_line="94" end_line="100" start_column="13" end_column="15" covered="yes" />
            <range source_id="7" start_line="102" end_line="102" start_column="13" end_column="72" covered="yes" />
            <range source_id="7" start_line="103" end_line="104" start_column="13" end_column="68" covered="yes" />
            <range source_id="7" start_line="106" end_line="106" start_column="13" end_column="92" covered="yes" />
            <range source_id="7" start_line="109" end_line="109" start_column="13" end_column="89" covered="yes" />
            <range source_id="7" start_line="112" end_line="112" start_column="13" end_column="44" covered="yes" />
            <range source_id="7" start_line="113" end_line="113" start_column="13" end_column="83" covered="yes" />
            <range source_id="7" start_line="114" end_line="114" start_column="13" end_column="124" covered="partial" />
            <range source_id="7" start_line="115" end_line="115" start_column="9" end_column="10" covered="yes" />
          </ranges>
        </function>
        <function id="57047" token="0x60000d7" name="&lt;ButununuGetirAsync_ButunMehsullarGetirilir&gt;b__6_0(AzAgroPOS.Varliglar.Mehsul)" namespace="AzAgroPOS.Tests.DataTests" type_name="MehsulRepozitoriTests.&lt;&gt;c" block_coverage="100.00" line_coverage="100.00" blocks_covered="3" blocks_not_covered="0" lines_covered="1" lines_partially_covered="0" lines_not_covered="0">
          <ranges>
            <range source_id="9" start_line="121" end_line="121" start_column="56" end_column="77" covered="yes" />
          </ranges>
        </function>
        <function id="57065" token="0x60000d8" name="&lt;ButununuGetirAsync_ButunMehsullarGetirilir&gt;b__6_1(AzAgroPOS.Varliglar.Mehsul)" namespace="AzAgroPOS.Tests.DataTests" type_name="MehsulRepozitoriTests.&lt;&gt;c" block_coverage="100.00" line_coverage="100.00" blocks_covered="3" blocks_not_covered="0" lines_covered="1" lines_partially_covered="0" lines_not_covered="0">
          <ranges>
            <range source_id="9" start_line="122" end_line="122" start_column="56" end_column="77" covered="yes" />
          </ranges>
        </function>
        <function id="57112" token="0x60000dc" name="MoveNext()" namespace="AzAgroPOS.Tests.DataTests" type_name="MehsulRepozitoriTests.&lt;AxtarAsync_MehsulAdinaGoreAxtar&gt;d__7" block_coverage="100.00" line_coverage="100.00" blocks_covered="47" blocks_not_covered="0" lines_covered="31" lines_partially_covered="0" lines_not_covered="0">
          <ranges>
            <range source_id="9" start_line="127" end_line="127" start_column="9" end_column="10" covered="yes" />
            <range source_id="9" start_line="129" end_line="151" start_column="13" end_column="15" covered="yes" />
            <range source_id="9" start_line="153" end_line="153" start_column="13" end_column="54" covered="yes" />
            <range source_id="9" start_line="154" end_line="154" start_column="13" end_column="49" covered="yes" />
            <range source_id="9" start_line="157" end_line="157" start_column="13" end_column="100" covered="yes" />
            <range source_id="9" start_line="160" end_line="160" start_column="13" end_column="46" covered="yes" />
            <range source_id="9" start_line="161" end_line="161" start_column="13" end_column="45" covered="yes" />
            <range source_id="9" start_line="162" end_line="162" start_column="13" end_column="64" covered="yes" />
            <range source_id="9" start_line="163" end_line="163" start_column="9" end_column="10" covered="yes" />
          </ranges>
        </function>
        <function id="57928" token="0x60000df" name="MoveNext()" namespace="AzAgroPOS.Tests.DataTests" type_name="MehsulRepozitoriTests.&lt;AxtarAsync_StokKodunaGoreAxtar&gt;d__8" block_coverage="100.00" line_coverage="100.00" blocks_covered="49" blocks_not_covered="0" lines_covered="32" lines_partially_covered="0" lines_not_covered="0">
          <ranges>
            <range source_id="9" start_line="167" end_line="167" start_column="9" end_column="10" covered="yes" />
            <range source_id="9" start_line="169" end_line="191" start_column="13" end_column="15" covered="yes" />
            <range source_id="9" start_line="193" end_line="193" start_column="13" end_column="54" covered="yes" />
            <range source_id="9" start_line="194" end_line="194" start_column="13" end_column="49" covered="yes" />
            <range source_id="9" start_line="197" end_line="197" start_column="13" end_column="99" covered="yes" />
            <range source_id="9" start_line="200" end_line="200" start_column="13" end_column="46" covered="yes" />
            <range source_id="9" start_line="201" end_line="201" start_column="13" end_column="45" covered="yes" />
            <range source_id="9" start_line="202" end_line="202" start_column="13" end_column="65" covered="yes" />
            <range source_id="9" start_line="203" end_line="203" start_column="13" end_column="70" covered="yes" />
            <range source_id="9" start_line="204" end_line="204" start_column="9" end_column="10" covered="yes" />
          </ranges>
        </function>
        <function id="58748" token="0x60000e2" name="MoveNext()" namespace="AzAgroPOS.Tests.DataTests" type_name="MehsulRepozitoriTests.&lt;ButununuGetirAsync_ButunMehsullarGetirilir&gt;d__6" block_coverage="100.00" line_coverage="100.00" blocks_covered="44" blocks_not_covered="0" lines_covered="32" lines_partially_covered="0" lines_not_covered="0">
          <ranges>
            <range source_id="9" start_line="86" end_line="86" start_column="9" end_column="10" covered="yes" />
            <range source_id="9" start_line="88" end_line="110" start_column="13" end_column="15" covered="yes" />
            <range source_id="9" start_line="112" end_line="112" start_column="13" end_column="54" covered="yes" />
            <range source_id="9" start_line="113" end_line="113" start_column="13" end_column="49" covered="yes" />
            <range source_id="9" start_line="116" end_line="116" start_column="13" end_column="85" covered="yes" />
            <range source_id="9" start_line="119" end_line="119" start_column="13" end_column="50" covered="yes" />
            <range source_id="9" start_line="120" end_line="120" start_column="13" end_column="59" covered="yes" />
            <range source_id="9" start_line="121" end_line="121" start_column="13" end_column="79" covered="yes" />
            <range source_id="9" start_line="122" end_line="122" start_column="13" end_column="79" covered="yes" />
            <range source_id="9" start_line="123" end_line="123" start_column="9" end_column="10" covered="yes" />
          </ranges>
        </function>
        <function id="59524" token="0x60000e5" name="MoveNext()" namespace="AzAgroPOS.Tests.DataTests" type_name="MehsulRepozitoriTests.&lt;ElaveEtAsync_MehsulElaveEdilir&gt;d__4" block_coverage="100.00" line_coverage="100.00" blocks_covered="38" blocks_not_covered="0" lines_covered="19" lines_partially_covered="0" lines_not_covered="0">
          <ranges>
            <range source_id="9" start_line="31" end_line="31" start_column="9" end_column="10" covered="yes" />
            <range source_id="9" start_line="33" end_line="42" start_column="13" end_column="15" covered="yes" />
            <range source_id="9" start_line="45" end_line="45" start_column="13" end_column="62" covered="yes" />
            <range source_id="9" start_line="46" end_line="46" start_column="13" end_column="49" covered="yes" />
            <range source_id="9" start_line="49" end_line="49" start_column="13" end_column="113" covered="yes" />
            <range source_id="9" start_line="50" end_line="50" start_column="13" end_column="48" covered="yes" />
            <range source_id="9" start_line="51" end_line="51" start_column="13" end_column="65" covered="yes" />
            <range source_id="9" start_line="52" end_line="52" start_column="13" end_column="69" covered="yes" />
            <range source_id="9" start_line="53" end_line="53" start_column="13" end_column="76" covered="yes" />
            <range source_id="9" start_line="54" end_line="54" start_column="9" end_column="10" covered="yes" />
          </ranges>
        </function>
        <function id="60352" token="0x60000e8" name="MoveNext()" namespace="AzAgroPOS.Tests.DataTests" type_name="MehsulRepozitoriTests.&lt;GetirAsync_MehsulIdyeGoreMehsulGetirilir&gt;d__5" block_coverage="100.00" line_coverage="100.00" blocks_covered="29" blocks_not_covered="0" lines_covered="19" lines_partially_covered="0" lines_not_covered="0">
          <ranges>
            <range source_id="9" start_line="58" end_line="58" start_column="9" end_column="10" covered="yes" />
            <range source_id="9" start_line="60" end_line="69" start_column="13" end_column="15" covered="yes" />
            <range source_id="9" start_line="71" end_line="71" start_column="13" end_column="46" covered="yes" />
            <range source_id="9" start_line="72" end_line="72" start_column="13" end_column="49" covered="yes" />
            <range source_id="9" start_line="75" end_line="75" start_column="13" end_column="83" covered="yes" />
            <range source_id="9" start_line="78" end_line="78" start_column="13" end_column="47" covered="yes" />
            <range source_id="9" start_line="79" end_line="79" start_column="13" end_column="59" covered="yes" />
            <range source_id="9" start_line="80" end_line="80" start_column="13" end_column="64" covered="yes" />
            <range source_id="9" start_line="81" end_line="81" start_column="13" end_column="63" covered="yes" />
            <range source_id="9" start_line="82" end_line="82" start_column="9" end_column="10" covered="yes" />
          </ranges>
        </function>
        <function id="60988" token="0x60000eb" name="MoveNext()" namespace="AzAgroPOS.Tests.DataTests" type_name="MehsulRepozitoriTests.&lt;SilAsync_MehsulSilinir&gt;d__10" block_coverage="94.74" line_coverage="88.89" blocks_covered="36" blocks_not_covered="2" lines_covered="16" lines_partially_covered="1" lines_not_covered="1">
          <ranges>
            <range source_id="9" start_line="239" end_line="239" start_column="9" end_column="10" covered="yes" />
            <range source_id="9" start_line="241" end_line="250" start_column="13" end_column="15" covered="yes" />
            <range source_id="9" start_line="252" end_line="252" start_column="13" end_column="46" covered="yes" />
            <range source_id="9" start_line="253" end_line="253" start_column="13" end_column="49" covered="yes" />
            <range source_id="9" start_line="256" end_line="256" start_column="13" end_column="43" covered="yes" />
            <range source_id="9" start_line="257" end_line="257" start_column="13" end_column="49" covered="yes" />
            <range source_id="9" start_line="260" end_line="260" start_column="13" end_column="105" covered="yes" />
            <range source_id="9" start_line="261" end_line="261" start_column="13" end_column="41" covered="partial" />
            <range source_id="9" start_line="262" end_line="262" start_column="9" end_column="10" covered="no" />
          </ranges>
        </function>
        <function id="61856" token="0x60000ee" name="MoveNext()" namespace="AzAgroPOS.Tests.DataTests" type_name="MehsulRepozitoriTests.&lt;YenileAsync_MehsulMəlumatlarıYenilənir&gt;d__9" block_coverage="100.00" line_coverage="100.00" blocks_covered="46" blocks_not_covered="0" lines_covered="22" lines_partially_covered="0" lines_not_covered="0">
          <ranges>
            <range source_id="9" start_line="208" end_line="208" start_column="9" end_column="10" covered="yes" />
            <range source_id="9" start_line="210" end_line="219" start_column="13" end_column="15" covered="yes" />
            <range source_id="9" start_line="221" end_line="221" start_column="13" end_column="46" covered="yes" />
            <range source_id="9" start_line="222" end_line="222" start_column="13" end_column="49" covered="yes" />
            <range source_id="9" start_line="225" end_line="225" start_column="13" end_column="41" covered="yes" />
            <range source_id="9" start_line="226" end_line="226" start_column="13" end_column="51" covered="yes" />
            <range source_id="9" start_line="227" end_line="227" start_column="13" end_column="46" covered="yes" />
            <range source_id="9" start_line="228" end_line="228" start_column="13" end_column="49" covered="yes" />
            <range source_id="9" start_line="231" end_line="231" start_column="13" end_column="107" covered="yes" />
            <range source_id="9" start_line="232" end_line="232" start_column="13" end_column="46" covered="yes" />
            <range source_id="9" start_line="233" end_line="233" start_column="13" end_column="64" covered="yes" />
            <range source_id="9" start_line="234" end_line="234" start_column="13" end_column="74" covered="yes" />
            <range source_id="9" start_line="235" end_line="235" start_column="9" end_column="10" covered="yes" />
          </ranges>
        </function>
      </functions>
      <source_files>
        <source_file id="1" path="C:\Users\murad\Tam\AzAgroPOS\AzAgroPOS.Tests\LogicTests\BarkodCapiManagerTests.cs" checksum_type="SHA256" checksum="50DB5041ACBE260FEAD6B939D913A37C74F3766A8FA34DDF2140FE10265C2CAC" />
        <source_file id="2" path="C:\Users\murad\Tam\AzAgroPOS\AzAgroPOS.Tests\LogicTests\HesabatManagerTests.cs" checksum_type="SHA256" checksum="49B442000324B9720098E868BA55CDCEC841C1B152168324CC0F8122BABFCE3C" />
        <source_file id="3" path="C:\Users\murad\Tam\AzAgroPOS\AzAgroPOS.Tests\LogicTests\MehsulManagerTests.cs" checksum_type="SHA256" checksum="72AF3B27950A5D6D97639B88CFDD042564B22CAD6C4159E797E27150030552F4" />
        <source_file id="4" path="C:\Users\murad\Tam\AzAgroPOS\AzAgroPOS.Tests\LogicTests\MusteriManagerTests.cs" checksum_type="SHA256" checksum="839C5335DA8E7FE9A8B4876DAAA52B6FD16EC8180A92EC27088C9D0A78439583" />
        <source_file id="5" path="C:\Users\murad\Tam\AzAgroPOS\AzAgroPOS.Tests\LogicTests\NovbeManagerTests.cs" checksum_type="SHA256" checksum="A7B8EB8CD0A21DDC2B6EE2E8A4CB49C1847D862835B4BE4CD6E566E0A0E5C8B6" />
        <source_file id="6" path="C:\Users\murad\Tam\AzAgroPOS\AzAgroPOS.Tests\LogicTests\SatisManagerTests.cs" checksum_type="SHA256" checksum="962DF4D9D7B733C04DAC8E13F983FD032B2E2C927DB5083D9AE2B9DCB3E1523D" />
        <source_file id="7" path="C:\Users\murad\Tam\AzAgroPOS\AzAgroPOS.Tests\LogicTests\TehlukesizlikManagerTests.cs" checksum_type="SHA256" checksum="AB0E3DE7F1BAD6CFE8FEDAB0C55820D8898161C221D7D14EA8497CF3F98B3C46" />
        <source_file id="8" path="C:\Users\murad\Tam\AzAgroPOS\AzAgroPOS.Tests\Helpers\DbContextHelper.cs" checksum_type="SHA256" checksum="2F63423273C45E5940604C156BF4B2F4AC5C0210566359C7F387DA8721261FCD" />
        <source_file id="9" path="C:\Users\murad\Tam\AzAgroPOS\AzAgroPOS.Tests\DataTests\MehsulRepozitoriTests.cs" checksum_type="SHA256" checksum="AD1AF69F2E147821668F7419EB07CCB0E413D09C523A7DB8B598D0C753F50D84" />
      </source_files>
      <skipped_functions>
        <skipped_function id="8272" original_id="8272" token="0x6000001" name="Main(string[])" type_name="AutoGeneratedProgram" reason="attribute_excluded" />
      </skipped_functions>
    </module>
    <module id="6227721561246C49B5CB6DADE8D1270628C6E8C7" name="AzAgroPOS.Varliglar.dll" path="AzAgroPOS.Varliglar.dll" block_coverage="29.58" line_coverage="29.94" blocks_covered="155" blocks_not_covered="369" lines_covered="159" lines_partially_covered="0" lines_not_covered="372">
      <functions>
        <function id="8272" token="0x6000001" name="get_SenedNomresi()" namespace="AzAgroPOS.Varliglar" type_name="AlisSened" block_coverage="0.00" line_coverage="0.00" blocks_covered="0" blocks_not_covered="1" lines_covered="0" lines_partially_covered="0" lines_not_covered="1">
          <ranges>
            <range source_id="1" start_line="15" end_line="15" start_column="34" end_column="38" covered="no" />
          </ranges>
        </function>
        <function id="8280" token="0x6000002" name="set_SenedNomresi(string)" namespace="AzAgroPOS.Varliglar" type_name="AlisSened" block_coverage="0.00" line_coverage="0.00" blocks_covered="0" blocks_not_covered="1" lines_covered="0" lines_partially_covered="0" lines_not_covered="1">
          <ranges>
            <range source_id="1" start_line="15" end_line="15" start_column="39" end_column="43" covered="no" />
          </ranges>
        </function>
        <function id="8289" token="0x6000003" name="get_YaradilmaTarixi()" namespace="AzAgroPOS.Varliglar" type_name="AlisSened" block_coverage="0.00" line_coverage="0.00" blocks_covered="0" blocks_not_covered="1" lines_covered="0" lines_partially_covered="0" lines_not_covered="1">
          <ranges>
            <range source_id="1" start_line="20" end_line="20" start_column="39" end_column="43" covered="no" />
          </ranges>
        </function>
        <function id="8297" token="0x6000004" name="set_YaradilmaTarixi(System.DateTime)" namespace="AzAgroPOS.Varliglar" type_name="AlisSened" block_coverage="0.00" line_coverage="0.00" blocks_covered="0" blocks_not_covered="1" lines_covered="0" lines_partially_covered="0" lines_not_covered="1">
          <ranges>
            <range source_id="1" start_line="20" end_line="20" start_column="44" end_column="48" covered="no" />
          </ranges>
        </function>
        <function id="8306" token="0x6000005" name="get_TedarukcuId()" namespace="AzAgroPOS.Varliglar" type_name="AlisSened" block_coverage="0.00" line_coverage="0.00" blocks_covered="0" blocks_not_covered="1" lines_covered="0" lines_partially_covered="0" lines_not_covered="1">
          <ranges>
            <range source_id="1" start_line="25" end_line="25" start_column="30" end_column="34" covered="no" />
          </ranges>
        </function>
        <function id="8314" token="0x6000006" name="set_TedarukcuId(int)" namespace="AzAgroPOS.Varliglar" type_name="AlisSened" block_coverage="0.00" line_coverage="0.00" blocks_covered="0" blocks_not_covered="1" lines_covered="0" lines_partially_covered="0" lines_not_covered="1">
          <ranges>
            <range source_id="1" start_line="25" end_line="25" start_column="35" end_column="39" covered="no" />
          </ranges>
        </function>
        <function id="8323" token="0x6000007" name="get_Tedarukcu()" namespace="AzAgroPOS.Varliglar" type_name="AlisSened" block_coverage="0.00" line_coverage="0.00" blocks_covered="0" blocks_not_covered="1" lines_covered="0" lines_partially_covered="0" lines_not_covered="1">
          <ranges>
            <range source_id="1" start_line="30" end_line="30" start_column="35" end_column="39" covered="no" />
          </ranges>
        </function>
        <function id="8331" token="0x6000008" name="set_Tedarukcu(AzAgroPOS.Varliglar.Tedarukcu)" namespace="AzAgroPOS.Varliglar" type_name="AlisSened" block_coverage="0.00" line_coverage="0.00" blocks_covered="0" blocks_not_covered="1" lines_covered="0" lines_partially_covered="0" lines_not_covered="1">
          <ranges>
            <range source_id="1" start_line="30" end_line="30" start_column="40" end_column="44" covered="no" />
          </ranges>
        </function>
        <function id="8340" token="0x6000009" name="get_TehvilTarixi()" namespace="AzAgroPOS.Varliglar" type_name="AlisSened" block_coverage="0.00" line_coverage="0.00" blocks_covered="0" blocks_not_covered="1" lines_covered="0" lines_partially_covered="0" lines_not_covered="1">
          <ranges>
            <range source_id="1" start_line="35" end_line="35" start_column="36" end_column="40" covered="no" />
          </ranges>
        </function>
        <function id="8348" token="0x600000a" name="set_TehvilTarixi(System.DateTime)" namespace="AzAgroPOS.Varliglar" type_name="AlisSened" block_coverage="0.00" line_coverage="0.00" blocks_covered="0" blocks_not_covered="1" lines_covered="0" lines_partially_covered="0" lines_not_covered="1">
          <ranges>
            <range source_id="1" start_line="35" end_line="35" start_column="41" end_column="45" covered="no" />
          </ranges>
        </function>
        <function id="8357" token="0x600000b" name="get_UmumiMebleg()" namespace="AzAgroPOS.Varliglar" type_name="AlisSened" block_coverage="0.00" line_coverage="0.00" blocks_covered="0" blocks_not_covered="1" lines_covered="0" lines_partially_covered="0" lines_not_covered="1">
          <ranges>
            <range source_id="1" start_line="40" end_line="40" start_column="34" end_column="38" covered="no" />
          </ranges>
        </function>
        <function id="8365" token="0x600000c" name="set_UmumiMebleg(decimal)" namespace="AzAgroPOS.Varliglar" type_name="AlisSened" block_coverage="0.00" line_coverage="0.00" blocks_covered="0" blocks_not_covered="1" lines_covered="0" lines_partially_covered="0" lines_not_covered="1">
          <ranges>
            <range source_id="1" start_line="40" end_line="40" start_column="39" end_column="43" covered="no" />
          </ranges>
        </function>
        <function id="8374" token="0x600000d" name="get_Status()" namespace="AzAgroPOS.Varliglar" type_name="AlisSened" block_coverage="0.00" line_coverage="0.00" blocks_covered="0" blocks_not_covered="1" lines_covered="0" lines_partially_covered="0" lines_not_covered="1">
          <ranges>
            <range source_id="1" start_line="45" end_line="45" start_column="38" end_column="42" covered="no" />
          </ranges>
        </function>
        <function id="8382" token="0x600000e" name="set_Status(AzAgroPOS.Varliglar.AlisSenedStatusu)" namespace="AzAgroPOS.Varliglar" type_name="AlisSened" block_coverage="0.00" line_coverage="0.00" blocks_covered="0" blocks_not_covered="1" lines_covered="0" lines_partially_covered="0" lines_not_covered="1">
          <ranges>
            <range source_id="1" start_line="45" end_line="45" start_column="43" end_column="47" covered="no" />
          </ranges>
        </function>
        <function id="8391" token="0x600000f" name="get_Qeydler()" namespace="AzAgroPOS.Varliglar" type_name="AlisSened" block_coverage="0.00" line_coverage="0.00" blocks_covered="0" blocks_not_covered="1" lines_covered="0" lines_partially_covered="0" lines_not_covered="1">
          <ranges>
            <range source_id="1" start_line="50" end_line="50" start_column="30" end_column="34" covered="no" />
          </ranges>
        </function>
        <function id="8399" token="0x6000010" name="set_Qeydler(string)" namespace="AzAgroPOS.Varliglar" type_name="AlisSened" block_coverage="0.00" line_coverage="0.00" blocks_covered="0" blocks_not_covered="1" lines_covered="0" lines_partially_covered="0" lines_not_covered="1">
          <ranges>
            <range source_id="1" start_line="50" end_line="50" start_column="35" end_column="39" covered="no" />
          </ranges>
        </function>
        <function id="8408" token="0x6000011" name="get_SenedSetirleri()" namespace="AzAgroPOS.Varliglar" type_name="AlisSened" block_coverage="0.00" line_coverage="0.00" blocks_covered="0" blocks_not_covered="1" lines_covered="0" lines_partially_covered="0" lines_not_covered="1">
          <ranges>
            <range source_id="1" start_line="55" end_line="55" start_column="58" end_column="62" covered="no" />
          </ranges>
        </function>
        <function id="8416" token="0x6000012" name="set_SenedSetirleri(System.Collections.Generic.ICollection&lt;AzAgroPOS.Varliglar.AlisSenedSetiri&gt;)" namespace="AzAgroPOS.Varliglar" type_name="AlisSened" block_coverage="0.00" line_coverage="0.00" blocks_covered="0" blocks_not_covered="1" lines_covered="0" lines_partially_covered="0" lines_not_covered="1">
          <ranges>
            <range source_id="1" start_line="55" end_line="55" start_column="63" end_column="67" covered="no" />
          </ranges>
        </function>
        <function id="8425" token="0x6000013" name="get_Odemeler()" namespace="AzAgroPOS.Varliglar" type_name="AlisSened" block_coverage="0.00" line_coverage="0.00" blocks_covered="0" blocks_not_covered="1" lines_covered="0" lines_partially_covered="0" lines_not_covered="1">
          <ranges>
            <range source_id="1" start_line="60" end_line="60" start_column="51" end_column="55" covered="no" />
          </ranges>
        </function>
        <function id="8433" token="0x6000014" name="set_Odemeler(System.Collections.Generic.ICollection&lt;AzAgroPOS.Varliglar.TedarukcuOdeme&gt;)" namespace="AzAgroPOS.Varliglar" type_name="AlisSened" block_coverage="0.00" line_coverage="0.00" blocks_covered="0" blocks_not_covered="1" lines_covered="0" lines_partially_covered="0" lines_not_covered="1">
          <ranges>
            <range source_id="1" start_line="60" end_line="60" start_column="56" end_column="60" covered="no" />
          </ranges>
        </function>
        <function id="8444" token="0x6000015" name="AlisSened()" namespace="AzAgroPOS.Varliglar" type_name="AlisSened" block_coverage="0.00" line_coverage="0.00" blocks_covered="0" blocks_not_covered="6" lines_covered="0" lines_partially_covered="0" lines_not_covered="6">
          <ranges>
            <range source_id="1" start_line="15" end_line="15" start_column="48" end_column="60" covered="no" />
            <range source_id="1" start_line="20" end_line="20" start_column="53" end_column="65" covered="no" />
            <range source_id="1" start_line="35" end_line="35" start_column="50" end_column="62" covered="no" />
            <range source_id="1" start_line="45" end_line="45" start_column="52" end_column="78" covered="no" />
            <range source_id="1" start_line="55" end_line="55" start_column="72" end_column="99" covered="no" />
            <range source_id="1" start_line="60" end_line="60" start_column="65" end_column="91" covered="no" />
          </ranges>
        </function>
        <function id="8526" token="0x6000016" name="get_AlisSenedId()" namespace="AzAgroPOS.Varliglar" type_name="AlisSenedSetiri" block_coverage="0.00" line_coverage="0.00" blocks_covered="0" blocks_not_covered="1" lines_covered="0" lines_partially_covered="0" lines_not_covered="1">
          <ranges>
            <range source_id="2" start_line="11" end_line="11" start_column="30" end_column="34" covered="no" />
          </ranges>
        </function>
        <function id="8534" token="0x6000017" name="set_AlisSenedId(int)" namespace="AzAgroPOS.Varliglar" type_name="AlisSenedSetiri" block_coverage="0.00" line_coverage="0.00" blocks_covered="0" blocks_not_covered="1" lines_covered="0" lines_partially_covered="0" lines_not_covered="1">
          <ranges>
            <range source_id="2" start_line="11" end_line="11" start_column="35" end_column="39" covered="no" />
          </ranges>
        </function>
        <function id="8543" token="0x6000018" name="get_AlisSened()" namespace="AzAgroPOS.Varliglar" type_name="AlisSenedSetiri" block_coverage="0.00" line_coverage="0.00" blocks_covered="0" blocks_not_covered="1" lines_covered="0" lines_partially_covered="0" lines_not_covered="1">
          <ranges>
            <range source_id="2" start_line="16" end_line="16" start_column="35" end_column="39" covered="no" />
          </ranges>
        </function>
        <function id="8551" token="0x6000019" name="set_AlisSened(AzAgroPOS.Varliglar.AlisSened)" namespace="AzAgroPOS.Varliglar" type_name="AlisSenedSetiri" block_coverage="0.00" line_coverage="0.00" blocks_covered="0" blocks_not_covered="1" lines_covered="0" lines_partially_covered="0" lines_not_covered="1">
          <ranges>
            <range source_id="2" start_line="16" end_line="16" start_column="40" end_column="44" covered="no" />
          </ranges>
        </function>
        <function id="8560" token="0x600001a" name="get_MehsulId()" namespace="AzAgroPOS.Varliglar" type_name="AlisSenedSetiri" block_coverage="0.00" line_coverage="0.00" blocks_covered="0" blocks_not_covered="1" lines_covered="0" lines_partially_covered="0" lines_not_covered="1">
          <ranges>
            <range source_id="2" start_line="21" end_line="21" start_column="27" end_column="31" covered="no" />
          </ranges>
        </function>
        <function id="8568" token="0x600001b" name="set_MehsulId(int)" namespace="AzAgroPOS.Varliglar" type_name="AlisSenedSetiri" block_coverage="0.00" line_coverage="0.00" blocks_covered="0" blocks_not_covered="1" lines_covered="0" lines_partially_covered="0" lines_not_covered="1">
          <ranges>
            <range source_id="2" start_line="21" end_line="21" start_column="32" end_column="36" covered="no" />
          </ranges>
        </function>
        <function id="8577" token="0x600001c" name="get_Mehsul()" namespace="AzAgroPOS.Varliglar" type_name="AlisSenedSetiri" block_coverage="0.00" line_coverage="0.00" blocks_covered="0" blocks_not_covered="1" lines_covered="0" lines_partially_covered="0" lines_not_covered="1">
          <ranges>
            <range source_id="2" start_line="26" end_line="26" start_column="29" end_column="33" covered="no" />
          </ranges>
        </function>
        <function id="8585" token="0x600001d" name="set_Mehsul(AzAgroPOS.Varliglar.Mehsul)" namespace="AzAgroPOS.Varliglar" type_name="AlisSenedSetiri" block_coverage="0.00" line_coverage="0.00" blocks_covered="0" blocks_not_covered="1" lines_covered="0" lines_partially_covered="0" lines_not_covered="1">
          <ranges>
            <range source_id="2" start_line="26" end_line="26" start_column="34" end_column="38" covered="no" />
          </ranges>
        </function>
        <function id="8594" token="0x600001e" name="get_Miqdar()" namespace="AzAgroPOS.Varliglar" type_name="AlisSenedSetiri" block_coverage="0.00" line_coverage="0.00" blocks_covered="0" blocks_not_covered="1" lines_covered="0" lines_partially_covered="0" lines_not_covered="1">
          <ranges>
            <range source_id="2" start_line="31" end_line="31" start_column="29" end_column="33" covered="no" />
          </ranges>
        </function>
        <function id="8602" token="0x600001f" name="set_Miqdar(decimal)" namespace="AzAgroPOS.Varliglar" type_name="AlisSenedSetiri" block_coverage="0.00" line_coverage="0.00" blocks_covered="0" blocks_not_covered="1" lines_covered="0" lines_partially_covered="0" lines_not_covered="1">
          <ranges>
            <range source_id="2" start_line="31" end_line="31" start_column="34" end_column="38" covered="no" />
          </ranges>
        </function>
        <function id="8611" token="0x6000020" name="get_BirVahidQiymet()" namespace="AzAgroPOS.Varliglar" type_name="AlisSenedSetiri" block_coverage="0.00" line_coverage="0.00" blocks_covered="0" blocks_not_covered="1" lines_covered="0" lines_partially_covered="0" lines_not_covered="1">
          <ranges>
            <range source_id="2" start_line="36" end_line="36" start_column="37" end_column="41" covered="no" />
          </ranges>
        </function>
        <function id="8619" token="0x6000021" name="set_BirVahidQiymet(decimal)" namespace="AzAgroPOS.Varliglar" type_name="AlisSenedSetiri" block_coverage="0.00" line_coverage="0.00" blocks_covered="0" blocks_not_covered="1" lines_covered="0" lines_partially_covered="0" lines_not_covered="1">
          <ranges>
            <range source_id="2" start_line="36" end_line="36" start_column="42" end_column="46" covered="no" />
          </ranges>
        </function>
        <function id="8628" token="0x6000022" name="get_CemiMebleg()" namespace="AzAgroPOS.Varliglar" type_name="AlisSenedSetiri" block_coverage="0.00" line_coverage="0.00" blocks_covered="0" blocks_not_covered="1" lines_covered="0" lines_partially_covered="0" lines_not_covered="1">
          <ranges>
            <range source_id="2" start_line="41" end_line="41" start_column="33" end_column="37" covered="no" />
          </ranges>
        </function>
        <function id="8636" token="0x6000023" name="set_CemiMebleg(decimal)" namespace="AzAgroPOS.Varliglar" type_name="AlisSenedSetiri" block_coverage="0.00" line_coverage="0.00" blocks_covered="0" blocks_not_covered="1" lines_covered="0" lines_partially_covered="0" lines_not_covered="1">
          <ranges>
            <range source_id="2" start_line="41" end_line="41" start_column="38" end_column="42" covered="no" />
          </ranges>
        </function>
        <function id="8645" token="0x6000024" name="get_AlisSifarisSetiriId()" namespace="AzAgroPOS.Varliglar" type_name="AlisSenedSetiri" block_coverage="0.00" line_coverage="0.00" blocks_covered="0" blocks_not_covered="1" lines_covered="0" lines_partially_covered="0" lines_not_covered="1">
          <ranges>
            <range source_id="2" start_line="46" end_line="46" start_column="39" end_column="43" covered="no" />
          </ranges>
        </function>
        <function id="8653" token="0x6000025" name="set_AlisSifarisSetiriId(System.Nullable&lt;int&gt;)" namespace="AzAgroPOS.Varliglar" type_name="AlisSenedSetiri" block_coverage="0.00" line_coverage="0.00" blocks_covered="0" blocks_not_covered="1" lines_covered="0" lines_partially_covered="0" lines_not_covered="1">
          <ranges>
            <range source_id="2" start_line="46" end_line="46" start_column="44" end_column="48" covered="no" />
          </ranges>
        </function>
        <function id="8662" token="0x6000026" name="get_AlisSifarisSetiri()" namespace="AzAgroPOS.Varliglar" type_name="AlisSenedSetiri" block_coverage="0.00" line_coverage="0.00" blocks_covered="0" blocks_not_covered="1" lines_covered="0" lines_partially_covered="0" lines_not_covered="1">
          <ranges>
            <range source_id="2" start_line="51" end_line="51" start_column="51" end_column="55" covered="no" />
          </ranges>
        </function>
        <function id="8670" token="0x6000027" name="set_AlisSifarisSetiri(AzAgroPOS.Varliglar.AlisSifarisSetiri)" namespace="AzAgroPOS.Varliglar" type_name="AlisSenedSetiri" block_coverage="0.00" line_coverage="0.00" blocks_covered="0" blocks_not_covered="1" lines_covered="0" lines_partially_covered="0" lines_not_covered="1">
          <ranges>
            <range source_id="2" start_line="51" end_line="51" start_column="56" end_column="60" covered="no" />
          </ranges>
        </function>
        <function id="8688" token="0x6000029" name="get_SifarisNomresi()" namespace="AzAgroPOS.Varliglar" type_name="AlisSifaris" block_coverage="0.00" line_coverage="0.00" blocks_covered="0" blocks_not_covered="1" lines_covered="0" lines_partially_covered="0" lines_not_covered="1">
          <ranges>
            <range source_id="3" start_line="15" end_line="15" start_column="36" end_column="40" covered="no" />
          </ranges>
        </function>
        <function id="8696" token="0x600002a" name="set_SifarisNomresi(string)" namespace="AzAgroPOS.Varliglar" type_name="AlisSifaris" block_coverage="0.00" line_coverage="0.00" blocks_covered="0" blocks_not_covered="1" lines_covered="0" lines_partially_covered="0" lines_not_covered="1">
          <ranges>
            <range source_id="3" start_line="15" end_line="15" start_column="41" end_column="45" covered="no" />
          </ranges>
        </function>
        <function id="8705" token="0x600002b" name="get_YaradilmaTarixi()" namespace="AzAgroPOS.Varliglar" type_name="AlisSifaris" block_coverage="0.00" line_coverage="0.00" blocks_covered="0" blocks_not_covered="1" lines_covered="0" lines_partially_covered="0" lines_not_covered="1">
          <ranges>
            <range source_id="3" start_line="20" end_line="20" start_column="39" end_column="43" covered="no" />
          </ranges>
        </function>
        <function id="8713" token="0x600002c" name="set_YaradilmaTarixi(System.DateTime)" namespace="AzAgroPOS.Varliglar" type_name="AlisSifaris" block_coverage="0.00" line_coverage="0.00" blocks_covered="0" blocks_not_covered="1" lines_covered="0" lines_partially_covered="0" lines_not_covered="1">
          <ranges>
            <range source_id="3" start_line="20" end_line="20" start_column="44" end_column="48" covered="no" />
          </ranges>
        </function>
        <function id="8722" token="0x600002d" name="get_TesdiqTarixi()" namespace="AzAgroPOS.Varliglar" type_name="AlisSifaris" block_coverage="0.00" line_coverage="0.00" blocks_covered="0" blocks_not_covered="1" lines_covered="0" lines_partially_covered="0" lines_not_covered="1">
          <ranges>
            <range source_id="3" start_line="25" end_line="25" start_column="37" end_column="41" covered="no" />
          </ranges>
        </function>
        <function id="8730" token="0x600002e" name="set_TesdiqTarixi(System.Nullable&lt;System.DateTime&gt;)" namespace="AzAgroPOS.Varliglar" type_name="AlisSifaris" block_coverage="0.00" line_coverage="0.00" blocks_covered="0" blocks_not_covered="1" lines_covered="0" lines_partially_covered="0" lines_not_covered="1">
          <ranges>
            <range source_id="3" start_line="25" end_line="25" start_column="42" end_column="46" covered="no" />
          </ranges>
        </function>
        <function id="8739" token="0x600002f" name="get_GozlenilenTehvilTarixi()" namespace="AzAgroPOS.Varliglar" type_name="AlisSifaris" block_coverage="0.00" line_coverage="0.00" blocks_covered="0" blocks_not_covered="1" lines_covered="0" lines_partially_covered="0" lines_not_covered="1">
          <ranges>
            <range source_id="3" start_line="30" end_line="30" start_column="47" end_column="51" covered="no" />
          </ranges>
        </function>
        <function id="8747" token="0x6000030" name="set_GozlenilenTehvilTarixi(System.Nullable&lt;System.DateTime&gt;)" namespace="AzAgroPOS.Varliglar" type_name="AlisSifaris" block_coverage="0.00" line_coverage="0.00" blocks_covered="0" blocks_not_covered="1" lines_covered="0" lines_partially_covered="0" lines_not_covered="1">
          <ranges>
            <range source_id="3" start_line="30" end_line="30" start_column="52" end_column="56" covered="no" />
          </ranges>
        </function>
        <function id="8756" token="0x6000031" name="get_FaktikiTehvilTarixi()" namespace="AzAgroPOS.Varliglar" type_name="AlisSifaris" block_coverage="0.00" line_coverage="0.00" blocks_covered="0" blocks_not_covered="1" lines_covered="0" lines_partially_covered="0" lines_not_covered="1">
          <ranges>
            <range source_id="3" start_line="35" end_line="35" start_column="44" end_column="48" covered="no" />
          </ranges>
        </function>
        <function id="8764" token="0x6000032" name="set_FaktikiTehvilTarixi(System.Nullable&lt;System.DateTime&gt;)" namespace="AzAgroPOS.Varliglar" type_name="AlisSifaris" block_coverage="0.00" line_coverage="0.00" blocks_covered="0" blocks_not_covered="1" lines_covered="0" lines_partially_covered="0" lines_not_covered="1">
          <ranges>
            <range source_id="3" start_line="35" end_line="35" start_column="49" end_column="53" covered="no" />
          </ranges>
        </function>
        <function id="8773" token="0x6000033" name="get_TedarukcuId()" namespace="AzAgroPOS.Varliglar" type_name="AlisSifaris" block_coverage="0.00" line_coverage="0.00" blocks_covered="0" blocks_not_covered="1" lines_covered="0" lines_partially_covered="0" lines_not_covered="1">
          <ranges>
            <range source_id="3" start_line="40" end_line="40" start_column="30" end_column="34" covered="no" />
          </ranges>
        </function>
        <function id="8781" token="0x6000034" name="set_TedarukcuId(int)" namespace="AzAgroPOS.Varliglar" type_name="AlisSifaris" block_coverage="0.00" line_coverage="0.00" blocks_covered="0" blocks_not_covered="1" lines_covered="0" lines_partially_covered="0" lines_not_covered="1">
          <ranges>
            <range source_id="3" start_line="40" end_line="40" start_column="35" end_column="39" covered="no" />
          </ranges>
        </function>
        <function id="8790" token="0x6000035" name="get_Tedarukcu()" namespace="AzAgroPOS.Varliglar" type_name="AlisSifaris" block_coverage="0.00" line_coverage="0.00" blocks_covered="0" blocks_not_covered="1" lines_covered="0" lines_partially_covered="0" lines_not_covered="1">
          <ranges>
            <range source_id="3" start_line="45" end_line="45" start_column="35" end_column="39" covered="no" />
          </ranges>
        </function>
        <function id="8798" token="0x6000036" name="set_Tedarukcu(AzAgroPOS.Varliglar.Tedarukcu)" namespace="AzAgroPOS.Varliglar" type_name="AlisSifaris" block_coverage="0.00" line_coverage="0.00" blocks_covered="0" blocks_not_covered="1" lines_covered="0" lines_partially_covered="0" lines_not_covered="1">
          <ranges>
            <range source_id="3" start_line="45" end_line="45" start_column="40" end_column="44" covered="no" />
          </ranges>
        </function>
        <function id="8807" token="0x6000037" name="get_UmumiMebleg()" namespace="AzAgroPOS.Varliglar" type_name="AlisSifaris" block_coverage="0.00" line_coverage="0.00" blocks_covered="0" blocks_not_covered="1" lines_covered="0" lines_partially_covered="0" lines_not_covered="1">
          <ranges>
            <range source_id="3" start_line="50" end_line="50" start_column="34" end_column="38" covered="no" />
          </ranges>
        </function>
        <function id="8815" token="0x6000038" name="set_UmumiMebleg(decimal)" namespace="AzAgroPOS.Varliglar" type_name="AlisSifaris" block_coverage="0.00" line_coverage="0.00" blocks_covered="0" blocks_not_covered="1" lines_covered="0" lines_partially_covered="0" lines_not_covered="1">
          <ranges>
            <range source_id="3" start_line="50" end_line="50" start_column="39" end_column="43" covered="no" />
          </ranges>
        </function>
        <function id="8824" token="0x6000039" name="get_Status()" namespace="AzAgroPOS.Varliglar" type_name="AlisSifaris" block_coverage="0.00" line_coverage="0.00" blocks_covered="0" blocks_not_covered="1" lines_covered="0" lines_partially_covered="0" lines_not_covered="1">
          <ranges>
            <range source_id="3" start_line="55" end_line="55" start_column="40" end_column="44" covered="no" />
          </ranges>
        </function>
        <function id="8832" token="0x600003a" name="set_Status(AzAgroPOS.Varliglar.AlisSifarisStatusu)" namespace="AzAgroPOS.Varliglar" type_name="AlisSifaris" block_coverage="0.00" line_coverage="0.00" blocks_covered="0" blocks_not_covered="1" lines_covered="0" lines_partially_covered="0" lines_not_covered="1">
          <ranges>
            <range source_id="3" start_line="55" end_line="55" start_column="45" end_column="49" covered="no" />
          </ranges>
        </function>
        <function id="8841" token="0x600003b" name="get_Qeydler()" namespace="AzAgroPOS.Varliglar" type_name="AlisSifaris" block_coverage="0.00" line_coverage="0.00" blocks_covered="0" blocks_not_covered="1" lines_covered="0" lines_partially_covered="0" lines_not_covered="1">
          <ranges>
            <range source_id="3" start_line="60" end_line="60" start_column="30" end_column="34" covered="no" />
          </ranges>
        </function>
        <function id="8849" token="0x600003c" name="set_Qeydler(string)" namespace="AzAgroPOS.Varliglar" type_name="AlisSifaris" block_coverage="0.00" line_coverage="0.00" blocks_covered="0" blocks_not_covered="1" lines_covered="0" lines_partially_covered="0" lines_not_covered="1">
          <ranges>
            <range source_id="3" start_line="60" end_line="60" start_column="35" end_column="39" covered="no" />
          </ranges>
        </function>
        <function id="8858" token="0x600003d" name="get_SifarisSetirleri()" namespace="AzAgroPOS.Varliglar" type_name="AlisSifaris" block_coverage="0.00" line_coverage="0.00" blocks_covered="0" blocks_not_covered="1" lines_covered="0" lines_partially_covered="0" lines_not_covered="1">
          <ranges>
            <range source_id="3" start_line="65" end_line="65" start_column="62" end_column="66" covered="no" />
          </ranges>
        </function>
        <function id="8866" token="0x600003e" name="set_SifarisSetirleri(System.Collections.Generic.ICollection&lt;AzAgroPOS.Varliglar.AlisSifarisSetiri&gt;)" namespace="AzAgroPOS.Varliglar" type_name="AlisSifaris" block_coverage="0.00" line_coverage="0.00" blocks_covered="0" blocks_not_covered="1" lines_covered="0" lines_partially_covered="0" lines_not_covered="1">
          <ranges>
            <range source_id="3" start_line="65" end_line="65" start_column="67" end_column="71" covered="no" />
          </ranges>
        </function>
        <function id="8875" token="0x600003f" name="AlisSifaris()" namespace="AzAgroPOS.Varliglar" type_name="AlisSifaris" block_coverage="0.00" line_coverage="0.00" blocks_covered="0" blocks_not_covered="4" lines_covered="0" lines_partially_covered="0" lines_not_covered="4">
          <ranges>
            <range source_id="3" start_line="15" end_line="15" start_column="50" end_column="62" covered="no" />
            <range source_id="3" start_line="20" end_line="20" start_column="53" end_column="65" covered="no" />
            <range source_id="3" start_line="55" end_line="55" start_column="54" end_column="82" covered="no" />
            <range source_id="3" start_line="65" end_line="65" start_column="76" end_column="105" covered="no" />
          </ranges>
        </function>
        <function id="8924" token="0x6000040" name="get_AlisSifarisId()" namespace="AzAgroPOS.Varliglar" type_name="AlisSifarisSetiri" block_coverage="0.00" line_coverage="0.00" blocks_covered="0" blocks_not_covered="1" lines_covered="0" lines_partially_covered="0" lines_not_covered="1">
          <ranges>
            <range source_id="4" start_line="11" end_line="11" start_column="32" end_column="36" covered="no" />
          </ranges>
        </function>
        <function id="8932" token="0x6000041" name="set_AlisSifarisId(int)" namespace="AzAgroPOS.Varliglar" type_name="AlisSifarisSetiri" block_coverage="0.00" line_coverage="0.00" blocks_covered="0" blocks_not_covered="1" lines_covered="0" lines_partially_covered="0" lines_not_covered="1">
          <ranges>
            <range source_id="4" start_line="11" end_line="11" start_column="37" end_column="41" covered="no" />
          </ranges>
        </function>
        <function id="8941" token="0x6000042" name="get_AlisSifaris()" namespace="AzAgroPOS.Varliglar" type_name="AlisSifarisSetiri" block_coverage="0.00" line_coverage="0.00" blocks_covered="0" blocks_not_covered="1" lines_covered="0" lines_partially_covered="0" lines_not_covered="1">
          <ranges>
            <range source_id="4" start_line="16" end_line="16" start_column="39" end_column="43" covered="no" />
          </ranges>
        </function>
        <function id="8949" token="0x6000043" name="set_AlisSifaris(AzAgroPOS.Varliglar.AlisSifaris)" namespace="AzAgroPOS.Varliglar" type_name="AlisSifarisSetiri" block_coverage="0.00" line_coverage="0.00" blocks_covered="0" blocks_not_covered="1" lines_covered="0" lines_partially_covered="0" lines_not_covered="1">
          <ranges>
            <range source_id="4" start_line="16" end_line="16" start_column="44" end_column="48" covered="no" />
          </ranges>
        </function>
        <function id="8958" token="0x6000044" name="get_MehsulId()" namespace="AzAgroPOS.Varliglar" type_name="AlisSifarisSetiri" block_coverage="0.00" line_coverage="0.00" blocks_covered="0" blocks_not_covered="1" lines_covered="0" lines_partially_covered="0" lines_not_covered="1">
          <ranges>
            <range source_id="4" start_line="21" end_line="21" start_column="27" end_column="31" covered="no" />
          </ranges>
        </function>
        <function id="8966" token="0x6000045" name="set_MehsulId(int)" namespace="AzAgroPOS.Varliglar" type_name="AlisSifarisSetiri" block_coverage="0.00" line_coverage="0.00" blocks_covered="0" blocks_not_covered="1" lines_covered="0" lines_partially_covered="0" lines_not_covered="1">
          <ranges>
            <range source_id="4" start_line="21" end_line="21" start_column="32" end_column="36" covered="no" />
          </ranges>
        </function>
        <function id="8975" token="0x6000046" name="get_Mehsul()" namespace="AzAgroPOS.Varliglar" type_name="AlisSifarisSetiri" block_coverage="0.00" line_coverage="0.00" blocks_covered="0" blocks_not_covered="1" lines_covered="0" lines_partially_covered="0" lines_not_covered="1">
          <ranges>
            <range source_id="4" start_line="26" end_line="26" start_column="29" end_column="33" covered="no" />
          </ranges>
        </function>
        <function id="8983" token="0x6000047" name="set_Mehsul(AzAgroPOS.Varliglar.Mehsul)" namespace="AzAgroPOS.Varliglar" type_name="AlisSifarisSetiri" block_coverage="0.00" line_coverage="0.00" blocks_covered="0" blocks_not_covered="1" lines_covered="0" lines_partially_covered="0" lines_not_covered="1">
          <ranges>
            <range source_id="4" start_line="26" end_line="26" start_column="34" end_column="38" covered="no" />
          </ranges>
        </function>
        <function id="8992" token="0x6000048" name="get_Miqdar()" namespace="AzAgroPOS.Varliglar" type_name="AlisSifarisSetiri" block_coverage="0.00" line_coverage="0.00" blocks_covered="0" blocks_not_covered="1" lines_covered="0" lines_partially_covered="0" lines_not_covered="1">
          <ranges>
            <range source_id="4" start_line="31" end_line="31" start_column="29" end_column="33" covered="no" />
          </ranges>
        </function>
        <function id="9000" token="0x6000049" name="set_Miqdar(decimal)" namespace="AzAgroPOS.Varliglar" type_name="AlisSifarisSetiri" block_coverage="0.00" line_coverage="0.00" blocks_covered="0" blocks_not_covered="1" lines_covered="0" lines_partially_covered="0" lines_not_covered="1">
          <ranges>
            <range source_id="4" start_line="31" end_line="31" start_column="34" end_column="38" covered="no" />
          </ranges>
        </function>
        <function id="9009" token="0x600004a" name="get_BirVahidQiymet()" namespace="AzAgroPOS.Varliglar" type_name="AlisSifarisSetiri" block_coverage="0.00" line_coverage="0.00" blocks_covered="0" blocks_not_covered="1" lines_covered="0" lines_partially_covered="0" lines_not_covered="1">
          <ranges>
            <range source_id="4" start_line="36" end_line="36" start_column="37" end_column="41" covered="no" />
          </ranges>
        </function>
        <function id="9017" token="0x600004b" name="set_BirVahidQiymet(decimal)" namespace="AzAgroPOS.Varliglar" type_name="AlisSifarisSetiri" block_coverage="0.00" line_coverage="0.00" blocks_covered="0" blocks_not_covered="1" lines_covered="0" lines_partially_covered="0" lines_not_covered="1">
          <ranges>
            <range source_id="4" start_line="36" end_line="36" start_column="42" end_column="46" covered="no" />
          </ranges>
        </function>
        <function id="9026" token="0x600004c" name="get_CemiMebleg()" namespace="AzAgroPOS.Varliglar" type_name="AlisSifarisSetiri" block_coverage="0.00" line_coverage="0.00" blocks_covered="0" blocks_not_covered="1" lines_covered="0" lines_partially_covered="0" lines_not_covered="1">
          <ranges>
            <range source_id="4" start_line="41" end_line="41" start_column="33" end_column="37" covered="no" />
          </ranges>
        </function>
        <function id="9034" token="0x600004d" name="set_CemiMebleg(decimal)" namespace="AzAgroPOS.Varliglar" type_name="AlisSifarisSetiri" block_coverage="0.00" line_coverage="0.00" blocks_covered="0" blocks_not_covered="1" lines_covered="0" lines_partially_covered="0" lines_not_covered="1">
          <ranges>
            <range source_id="4" start_line="41" end_line="41" start_column="38" end_column="42" covered="no" />
          </ranges>
        </function>
        <function id="9043" token="0x600004e" name="get_TehvilAlinanMiqdar()" namespace="AzAgroPOS.Varliglar" type_name="AlisSifarisSetiri" block_coverage="0.00" line_coverage="0.00" blocks_covered="0" blocks_not_covered="1" lines_covered="0" lines_partially_covered="0" lines_not_covered="1">
          <ranges>
            <range source_id="4" start_line="46" end_line="46" start_column="41" end_column="45" covered="no" />
          </ranges>
        </function>
        <function id="9051" token="0x600004f" name="set_TehvilAlinanMiqdar(decimal)" namespace="AzAgroPOS.Varliglar" type_name="AlisSifarisSetiri" block_coverage="0.00" line_coverage="0.00" blocks_covered="0" blocks_not_covered="1" lines_covered="0" lines_partially_covered="0" lines_not_covered="1">
          <ranges>
            <range source_id="4" start_line="46" end_line="46" start_column="46" end_column="50" covered="no" />
          </ranges>
        </function>
        <function id="9060" token="0x6000050" name="get_QalanMiqdar()" namespace="AzAgroPOS.Varliglar" type_name="AlisSifarisSetiri" block_coverage="0.00" line_coverage="0.00" blocks_covered="0" blocks_not_covered="4" lines_covered="0" lines_partially_covered="0" lines_not_covered="1">
          <ranges>
            <range source_id="4" start_line="51" end_line="51" start_column="35" end_column="62" covered="no" />
          </ranges>
        </function>
        <function id="9079" token="0x6000051" name="AlisSifarisSetiri()" namespace="AzAgroPOS.Varliglar" type_name="AlisSifarisSetiri" block_coverage="0.00" line_coverage="0.00" blocks_covered="0" blocks_not_covered="2" lines_covered="0" lines_partially_covered="0" lines_not_covered="1">
          <ranges>
            <range source_id="4" start_line="46" end_line="46" start_column="55" end_column="56" covered="no" />
          </ranges>
        </function>
        <function id="9100" token="0x6000052" name="get_Id()" namespace="AzAgroPOS.Varliglar" type_name="BazaVarligi" block_coverage="100.00" line_coverage="100.00" blocks_covered="1" blocks_not_covered="0" lines_covered="1" lines_partially_covered="0" lines_not_covered="0">
          <ranges>
            <range source_id="5" start_line="16" end_line="16" start_column="21" end_column="25" covered="yes" />
          </ranges>
        </function>
        <function id="9108" token="0x6000053" name="set_Id(int)" namespace="AzAgroPOS.Varliglar" type_name="BazaVarligi" block_coverage="100.00" line_coverage="100.00" blocks_covered="1" blocks_not_covered="0" lines_covered="1" lines_partially_covered="0" lines_not_covered="0">
          <ranges>
            <range source_id="5" start_line="16" end_line="16" start_column="26" end_column="30" covered="yes" />
          </ranges>
        </function>
        <function id="9117" token="0x6000054" name="get_Silinib()" namespace="AzAgroPOS.Varliglar" type_name="BazaVarligi" block_coverage="100.00" line_coverage="100.00" blocks_covered="1" blocks_not_covered="0" lines_covered="1" lines_partially_covered="0" lines_not_covered="0">
          <ranges>
            <range source_id="5" start_line="21" end_line="21" start_column="27" end_column="31" covered="yes" />
          </ranges>
        </function>
        <function id="9125" token="0x6000055" name="set_Silinib(bool)" namespace="AzAgroPOS.Varliglar" type_name="BazaVarligi" block_coverage="100.00" line_coverage="100.00" blocks_covered="1" blocks_not_covered="0" lines_covered="1" lines_partially_covered="0" lines_not_covered="0">
          <ranges>
            <range source_id="5" start_line="21" end_line="21" start_column="32" end_column="36" covered="yes" />
          </ranges>
        </function>
        <function id="9134" token="0x6000056" name="BazaVarligi()" namespace="AzAgroPOS.Varliglar" type_name="BazaVarligi" block_coverage="100.00" line_coverage="100.00" blocks_covered="2" blocks_not_covered="0" lines_covered="1" lines_partially_covered="0" lines_not_covered="0">
          <ranges>
            <range source_id="5" start_line="21" end_line="21" start_column="41" end_column="46" covered="yes" />
          </ranges>
        </function>
        <function id="9150" token="0x6000057" name="get_Ad()" namespace="AzAgroPOS.Varliglar" type_name="Brend" block_coverage="0.00" line_coverage="0.00" blocks_covered="0" blocks_not_covered="1" lines_covered="0" lines_partially_covered="0" lines_not_covered="1">
          <ranges>
            <range source_id="6" start_line="12" end_line="12" start_column="24" end_column="28" covered="no" />
          </ranges>
        </function>
        <function id="9158" token="0x6000058" name="set_Ad(string)" namespace="AzAgroPOS.Varliglar" type_name="Brend" block_coverage="100.00" line_coverage="100.00" blocks_covered="1" blocks_not_covered="0" lines_covered="1" lines_partially_covered="0" lines_not_covered="0">
          <ranges>
            <range source_id="6" start_line="12" end_line="12" start_column="29" end_column="33" covered="yes" />
          </ranges>
        </function>
        <function id="9167" token="0x6000059" name="get_Olke()" namespace="AzAgroPOS.Varliglar" type_name="Brend" block_coverage="0.00" line_coverage="0.00" blocks_covered="0" blocks_not_covered="1" lines_covered="0" lines_partially_covered="0" lines_not_covered="1">
          <ranges>
            <range source_id="6" start_line="17" end_line="17" start_column="27" end_column="31" covered="no" />
          </ranges>
        </function>
        <function id="9175" token="0x600005a" name="set_Olke(string)" namespace="AzAgroPOS.Varliglar" type_name="Brend" block_coverage="100.00" line_coverage="100.00" blocks_covered="1" blocks_not_covered="0" lines_covered="1" lines_partially_covered="0" lines_not_covered="0">
          <ranges>
            <range source_id="6" start_line="17" end_line="17" start_column="32" end_column="36" covered="yes" />
          </ranges>
        </function>
        <function id="9184" token="0x600005b" name="get_Vebsayt()" namespace="AzAgroPOS.Varliglar" type_name="Brend" block_coverage="0.00" line_coverage="0.00" blocks_covered="0" blocks_not_covered="1" lines_covered="0" lines_partially_covered="0" lines_not_covered="1">
          <ranges>
            <range source_id="6" start_line="22" end_line="22" start_column="30" end_column="34" covered="no" />
          </ranges>
        </function>
        <function id="9192" token="0x600005c" name="set_Vebsayt(string)" namespace="AzAgroPOS.Varliglar" type_name="Brend" block_coverage="100.00" line_coverage="100.00" blocks_covered="1" blocks_not_covered="0" lines_covered="1" lines_partially_covered="0" lines_not_covered="0">
          <ranges>
            <range source_id="6" start_line="22" end_line="22" start_column="35" end_column="39" covered="yes" />
          </ranges>
        </function>
        <function id="9201" token="0x600005d" name="get_Tesvir()" namespace="AzAgroPOS.Varliglar" type_name="Brend" block_coverage="0.00" line_coverage="0.00" blocks_covered="0" blocks_not_covered="1" lines_covered="0" lines_partially_covered="0" lines_not_covered="1">
          <ranges>
            <range source_id="6" start_line="27" end_line="27" start_column="29" end_column="33" covered="no" />
          </ranges>
        </function>
        <function id="9209" token="0x600005e" name="set_Tesvir(string)" namespace="AzAgroPOS.Varliglar" type_name="Brend" block_coverage="100.00" line_coverage="100.00" blocks_covered="1" blocks_not_covered="0" lines_covered="1" lines_partially_covered="0" lines_not_covered="0">
          <ranges>
            <range source_id="6" start_line="27" end_line="27" start_column="34" end_column="38" covered="yes" />
          </ranges>
        </function>
        <function id="9218" token="0x600005f" name="get_LoqoFaylYolu()" namespace="AzAgroPOS.Varliglar" type_name="Brend" block_coverage="0.00" line_coverage="0.00" blocks_covered="0" blocks_not_covered="1" lines_covered="0" lines_partially_covered="0" lines_not_covered="1">
          <ranges>
            <range source_id="6" start_line="32" end_line="32" start_column="35" end_column="39" covered="no" />
          </ranges>
        </function>
        <function id="9226" token="0x6000060" name="set_LoqoFaylYolu(string)" namespace="AzAgroPOS.Varliglar" type_name="Brend" block_coverage="0.00" line_coverage="0.00" blocks_covered="0" blocks_not_covered="1" lines_covered="0" lines_partially_covered="0" lines_not_covered="1">
          <ranges>
            <range source_id="6" start_line="32" end_line="32" start_column="40" end_column="44" covered="no" />
          </ranges>
        </function>
        <function id="9235" token="0x6000061" name="get_Aktivdir()" namespace="AzAgroPOS.Varliglar" type_name="Brend" block_coverage="0.00" line_coverage="0.00" blocks_covered="0" blocks_not_covered="1" lines_covered="0" lines_partially_covered="0" lines_not_covered="1">
          <ranges>
            <range source_id="6" start_line="37" end_line="37" start_column="28" end_column="32" covered="no" />
          </ranges>
        </function>
        <function id="9243" token="0x6000062" name="set_Aktivdir(bool)" namespace="AzAgroPOS.Varliglar" type_name="Brend" block_coverage="100.00" line_coverage="100.00" blocks_covered="1" blocks_not_covered="0" lines_covered="1" lines_partially_covered="0" lines_not_covered="0">
          <ranges>
            <range source_id="6" start_line="37" end_line="37" start_column="33" end_column="37" covered="yes" />
          </ranges>
        </function>
        <function id="9252" token="0x6000063" name="get_Mehsullar()" namespace="AzAgroPOS.Varliglar" type_name="Brend" block_coverage="0.00" line_coverage="0.00" blocks_covered="0" blocks_not_covered="1" lines_covered="0" lines_partially_covered="0" lines_not_covered="1">
          <ranges>
            <range source_id="6" start_line="42" end_line="42" start_column="44" end_column="48" covered="no" />
          </ranges>
        </function>
        <function id="9260" token="0x6000064" name="set_Mehsullar(System.Collections.Generic.ICollection&lt;AzAgroPOS.Varliglar.Mehsul&gt;)" namespace="AzAgroPOS.Varliglar" type_name="Brend" block_coverage="0.00" line_coverage="0.00" blocks_covered="0" blocks_not_covered="1" lines_covered="0" lines_partially_covered="0" lines_not_covered="1">
          <ranges>
            <range source_id="6" start_line="42" end_line="42" start_column="49" end_column="53" covered="no" />
          </ranges>
        </function>
        <function id="9269" token="0x6000065" name="Brend()" namespace="AzAgroPOS.Varliglar" type_name="Brend" block_coverage="100.00" line_coverage="100.00" blocks_covered="3" blocks_not_covered="0" lines_covered="3" lines_partially_covered="0" lines_not_covered="0">
          <ranges>
            <range source_id="6" start_line="12" end_line="12" start_column="38" end_column="50" covered="yes" />
            <range source_id="6" start_line="37" end_line="37" start_column="42" end_column="46" covered="yes" />
            <range source_id="6" start_line="42" end_line="42" start_column="58" end_column="76" covered="yes" />
          </ranges>
        </function>
        <function id="9307" token="0x6000066" name="get_IstifadeciId()" namespace="AzAgroPOS.Varliglar" type_name="EmeliyyatJurnali" block_coverage="0.00" line_coverage="0.00" blocks_covered="0" blocks_not_covered="1" lines_covered="0" lines_partially_covered="0" lines_not_covered="1">
          <ranges>
            <range source_id="7" start_line="13" end_line="13" start_column="31" end_column="35" covered="no" />
          </ranges>
        </function>
        <function id="9315" token="0x6000067" name="set_IstifadeciId(int)" namespace="AzAgroPOS.Varliglar" type_name="EmeliyyatJurnali" block_coverage="0.00" line_coverage="0.00" blocks_covered="0" blocks_not_covered="1" lines_covered="0" lines_partially_covered="0" lines_not_covered="1">
          <ranges>
            <range source_id="7" start_line="13" end_line="13" start_column="36" end_column="40" covered="no" />
          </ranges>
        </function>
        <function id="9324" token="0x6000068" name="get_EmeliyyatTarixi()" namespace="AzAgroPOS.Varliglar" type_name="EmeliyyatJurnali" block_coverage="0.00" line_coverage="0.00" blocks_covered="0" blocks_not_covered="1" lines_covered="0" lines_partially_covered="0" lines_not_covered="1">
          <ranges>
            <range source_id="7" start_line="18" end_line="18" start_column="39" end_column="43" covered="no" />
          </ranges>
        </function>
        <function id="9332" token="0x6000069" name="set_EmeliyyatTarixi(System.DateTime)" namespace="AzAgroPOS.Varliglar" type_name="EmeliyyatJurnali" block_coverage="0.00" line_coverage="0.00" blocks_covered="0" blocks_not_covered="1" lines_covered="0" lines_partially_covered="0" lines_not_covered="1">
          <ranges>
            <range source_id="7" start_line="18" end_line="18" start_column="44" end_column="48" covered="no" />
          </ranges>
        </function>
        <function id="9341" token="0x600006a" name="get_EmeliyyatNovu()" namespace="AzAgroPOS.Varliglar" type_name="EmeliyyatJurnali" block_coverage="0.00" line_coverage="0.00" blocks_covered="0" blocks_not_covered="1" lines_covered="0" lines_partially_covered="0" lines_not_covered="1">
          <ranges>
            <range source_id="7" start_line="23" end_line="23" start_column="47" end_column="51" covered="no" />
          </ranges>
        </function>
        <function id="9349" token="0x600006b" name="set_EmeliyyatNovu(AzAgroPOS.Varliglar.AuditEmeliyyatNovu)" namespace="AzAgroPOS.Varliglar" type_name="EmeliyyatJurnali" block_coverage="0.00" line_coverage="0.00" blocks_covered="0" blocks_not_covered="1" lines_covered="0" lines_partially_covered="0" lines_not_covered="1">
          <ranges>
            <range source_id="7" start_line="23" end_line="23" start_column="52" end_column="56" covered="no" />
          </ranges>
        </function>
        <function id="9358" token="0x600006c" name="get_CədvəlAdi()" namespace="AzAgroPOS.Varliglar" type_name="EmeliyyatJurnali" block_coverage="0.00" line_coverage="0.00" blocks_covered="0" blocks_not_covered="1" lines_covered="0" lines_partially_covered="0" lines_not_covered="1">
          <ranges>
            <range source_id="7" start_line="28" end_line="28" start_column="31" end_column="35" covered="no" />
          </ranges>
        </function>
        <function id="9366" token="0x600006d" name="set_CədvəlAdi(string)" namespace="AzAgroPOS.Varliglar" type_name="EmeliyyatJurnali" block_coverage="0.00" line_coverage="0.00" blocks_covered="0" blocks_not_covered="1" lines_covered="0" lines_partially_covered="0" lines_not_covered="1">
          <ranges>
            <range source_id="7" start_line="28" end_line="28" start_column="36" end_column="40" covered="no" />
          </ranges>
        </function>
        <function id="9375" token="0x600006e" name="get_ObyektId()" namespace="AzAgroPOS.Varliglar" type_name="EmeliyyatJurnali" block_coverage="0.00" line_coverage="0.00" blocks_covered="0" blocks_not_covered="1" lines_covered="0" lines_partially_covered="0" lines_not_covered="1">
          <ranges>
            <range source_id="7" start_line="33" end_line="33" start_column="27" end_column="31" covered="no" />
          </ranges>
        </function>
        <function id="9383" token="0x600006f" name="set_ObyektId(int)" namespace="AzAgroPOS.Varliglar" type_name="EmeliyyatJurnali" block_coverage="0.00" line_coverage="0.00" blocks_covered="0" blocks_not_covered="1" lines_covered="0" lines_partially_covered="0" lines_not_covered="1">
          <ranges>
            <range source_id="7" start_line="33" end_line="33" start_column="32" end_column="36" covered="no" />
          </ranges>
        </function>
        <function id="9392" token="0x6000070" name="get_Aciklama()" namespace="AzAgroPOS.Varliglar" type_name="EmeliyyatJurnali" block_coverage="0.00" line_coverage="0.00" blocks_covered="0" blocks_not_covered="1" lines_covered="0" lines_partially_covered="0" lines_not_covered="1">
          <ranges>
            <range source_id="7" start_line="39" end_line="39" start_column="30" end_column="34" covered="no" />
          </ranges>
        </function>
        <function id="9400" token="0x6000071" name="set_Aciklama(string)" namespace="AzAgroPOS.Varliglar" type_name="EmeliyyatJurnali" block_coverage="0.00" line_coverage="0.00" blocks_covered="0" blocks_not_covered="1" lines_covered="0" lines_partially_covered="0" lines_not_covered="1">
          <ranges>
            <range source_id="7" start_line="39" end_line="39" start_column="35" end_column="39" covered="no" />
          </ranges>
        </function>
        <function id="9409" token="0x6000072" name="EmeliyyatJurnali()" namespace="AzAgroPOS.Varliglar" type_name="EmeliyyatJurnali" block_coverage="0.00" line_coverage="0.00" blocks_covered="0" blocks_not_covered="2" lines_covered="0" lines_partially_covered="0" lines_not_covered="2">
          <ranges>
            <range source_id="7" start_line="28" end_line="28" start_column="45" end_column="57" covered="no" />
            <range source_id="7" start_line="39" end_line="39" start_column="44" end_column="56" covered="no" />
          </ranges>
        </function>
        <function id="9440" token="0x6000073" name="get_Ad()" namespace="AzAgroPOS.Varliglar" type_name="Icaze" block_coverage="0.00" line_coverage="0.00" blocks_covered="0" blocks_not_covered="1" lines_covered="0" lines_partially_covered="0" lines_not_covered="1">
          <ranges>
            <range source_id="8" start_line="13" end_line="13" start_column="24" end_column="28" covered="no" />
          </ranges>
        </function>
        <function id="9448" token="0x6000074" name="set_Ad(string)" namespace="AzAgroPOS.Varliglar" type_name="Icaze" block_coverage="100.00" line_coverage="100.00" blocks_covered="1" blocks_not_covered="0" lines_covered="1" lines_partially_covered="0" lines_not_covered="0">
          <ranges>
            <range source_id="8" start_line="13" end_line="13" start_column="29" end_column="33" covered="yes" />
          </ranges>
        </function>
        <function id="9457" token="0x6000075" name="get_Tesvir()" namespace="AzAgroPOS.Varliglar" type_name="Icaze" block_coverage="0.00" line_coverage="0.00" blocks_covered="0" blocks_not_covered="1" lines_covered="0" lines_partially_covered="0" lines_not_covered="1">
          <ranges>
            <range source_id="8" start_line="18" end_line="18" start_column="28" end_column="32" covered="no" />
          </ranges>
        </function>
        <function id="9465" token="0x6000076" name="set_Tesvir(string)" namespace="AzAgroPOS.Varliglar" type_name="Icaze" block_coverage="100.00" line_coverage="100.00" blocks_covered="1" blocks_not_covered="0" lines_covered="1" lines_partially_covered="0" lines_not_covered="0">
          <ranges>
            <range source_id="8" start_line="18" end_line="18" start_column="33" end_column="37" covered="yes" />
          </ranges>
        </function>
        <function id="9474" token="0x6000077" name="get_Rollar()" namespace="AzAgroPOS.Varliglar" type_name="Icaze" block_coverage="0.00" line_coverage="0.00" blocks_covered="0" blocks_not_covered="1" lines_covered="0" lines_partially_covered="0" lines_not_covered="1">
          <ranges>
            <range source_id="8" start_line="23" end_line="23" start_column="45" end_column="49" covered="no" />
          </ranges>
        </function>
        <function id="9482" token="0x6000078" name="set_Rollar(System.Collections.Generic.ICollection&lt;AzAgroPOS.Varliglar.RolIcazesi&gt;)" namespace="AzAgroPOS.Varliglar" type_name="Icaze" block_coverage="0.00" line_coverage="0.00" blocks_covered="0" blocks_not_covered="1" lines_covered="0" lines_partially_covered="0" lines_not_covered="1">
          <ranges>
            <range source_id="8" start_line="23" end_line="23" start_column="50" end_column="54" covered="no" />
          </ranges>
        </function>
        <function id="9491" token="0x6000079" name="Icaze()" namespace="AzAgroPOS.Varliglar" type_name="Icaze" block_coverage="100.00" line_coverage="100.00" blocks_covered="3" blocks_not_covered="0" lines_covered="3" lines_partially_covered="0" lines_not_covered="0">
          <ranges>
            <range source_id="8" start_line="13" end_line="13" start_column="38" end_column="50" covered="yes" />
            <range source_id="8" start_line="18" end_line="18" start_column="42" end_column="54" covered="yes" />
            <range source_id="8" start_line="23" end_line="23" start_column="59" end_column="81" covered="yes" />
          </ranges>
        </function>
        <function id="9533" token="0x600007a" name="get_TamAd()" namespace="AzAgroPOS.Varliglar" type_name="Isci" block_coverage="0.00" line_coverage="0.00" blocks_covered="0" blocks_not_covered="1" lines_covered="0" lines_partially_covered="0" lines_not_covered="1">
          <ranges>
            <range source_id="9" start_line="16" end_line="16" start_column="27" end_column="31" covered="no" />
          </ranges>
        </function>
        <function id="9541" token="0x600007b" name="set_TamAd(string)" namespace="AzAgroPOS.Varliglar" type_name="Isci" block_coverage="100.00" line_coverage="100.00" blocks_covered="1" blocks_not_covered="0" lines_covered="1" lines_partially_covered="0" lines_not_covered="0">
          <ranges>
            <range source_id="9" start_line="16" end_line="16" start_column="32" end_column="36" covered="yes" />
          </ranges>
        </function>
        <function id="9550" token="0x600007c" name="get_DogumTarixi()" namespace="AzAgroPOS.Varliglar" type_name="Isci" block_coverage="0.00" line_coverage="0.00" blocks_covered="0" blocks_not_covered="1" lines_covered="0" lines_partially_covered="0" lines_not_covered="1">
          <ranges>
            <range source_id="9" start_line="21" end_line="21" start_column="35" end_column="39" covered="no" />
          </ranges>
        </function>
        <function id="9558" token="0x600007d" name="set_DogumTarixi(System.DateTime)" namespace="AzAgroPOS.Varliglar" type_name="Isci" block_coverage="100.00" line_coverage="100.00" blocks_covered="1" blocks_not_covered="0" lines_covered="1" lines_partially_covered="0" lines_not_covered="0">
          <ranges>
            <range source_id="9" start_line="21" end_line="21" start_column="40" end_column="44" covered="yes" />
          </ranges>
        </function>
        <function id="9567" token="0x600007e" name="get_TelefonNomresi()" namespace="AzAgroPOS.Varliglar" type_name="Isci" block_coverage="0.00" line_coverage="0.00" blocks_covered="0" blocks_not_covered="1" lines_covered="0" lines_partially_covered="0" lines_not_covered="1">
          <ranges>
            <range source_id="9" start_line="26" end_line="26" start_column="36" end_column="40" covered="no" />
          </ranges>
        </function>
        <function id="9575" token="0x600007f" name="set_TelefonNomresi(string)" namespace="AzAgroPOS.Varliglar" type_name="Isci" block_coverage="100.00" line_coverage="100.00" blocks_covered="1" blocks_not_covered="0" lines_covered="1" lines_partially_covered="0" lines_not_covered="0">
          <ranges>
            <range source_id="9" start_line="26" end_line="26" start_column="41" end_column="45" covered="yes" />
          </ranges>
        </function>
        <function id="9584" token="0x6000080" name="get_Unvan()" namespace="AzAgroPOS.Varliglar" type_name="Isci" block_coverage="0.00" line_coverage="0.00" blocks_covered="0" blocks_not_covered="1" lines_covered="0" lines_partially_covered="0" lines_not_covered="1">
          <ranges>
            <range source_id="9" start_line="31" end_line="31" start_column="27" end_column="31" covered="no" />
          </ranges>
        </function>
        <function id="9592" token="0x6000081" name="set_Unvan(string)" namespace="AzAgroPOS.Varliglar" type_name="Isci" block_coverage="100.00" line_coverage="100.00" blocks_covered="1" blocks_not_covered="0" lines_covered="1" lines_partially_covered="0" lines_not_covered="0">
          <ranges>
            <range source_id="9" start_line="31" end_line="31" start_column="32" end_column="36" covered="yes" />
          </ranges>
        </function>
        <function id="9601" token="0x6000082" name="get_Email()" namespace="AzAgroPOS.Varliglar" type_name="Isci" block_coverage="0.00" line_coverage="0.00" blocks_covered="0" blocks_not_covered="1" lines_covered="0" lines_partially_covered="0" lines_not_covered="1">
          <ranges>
            <range source_id="9" start_line="36" end_line="36" start_column="27" end_column="31" covered="no" />
          </ranges>
        </function>
        <function id="9609" token="0x6000083" name="set_Email(string)" namespace="AzAgroPOS.Varliglar" type_name="Isci" block_coverage="100.00" line_coverage="100.00" blocks_covered="1" blocks_not_covered="0" lines_covered="1" lines_partially_covered="0" lines_not_covered="0">
          <ranges>
            <range source_id="9" start_line="36" end_line="36" start_column="32" end_column="36" covered="yes" />
          </ranges>
        </function>
        <function id="9618" token="0x6000084" name="get_IseBaslamaTarixi()" namespace="AzAgroPOS.Varliglar" type_name="Isci" block_coverage="0.00" line_coverage="0.00" blocks_covered="0" blocks_not_covered="1" lines_covered="0" lines_partially_covered="0" lines_not_covered="1">
          <ranges>
            <range source_id="9" start_line="41" end_line="41" start_column="40" end_column="44" covered="no" />
          </ranges>
        </function>
        <function id="9626" token="0x6000085" name="set_IseBaslamaTarixi(System.DateTime)" namespace="AzAgroPOS.Varliglar" type_name="Isci" block_coverage="100.00" line_coverage="100.00" blocks_covered="1" blocks_not_covered="0" lines_covered="1" lines_partially_covered="0" lines_not_covered="0">
          <ranges>
            <range source_id="9" start_line="41" end_line="41" start_column="45" end_column="49" covered="yes" />
          </ranges>
        </function>
        <function id="9635" token="0x6000086" name="get_Maas()" namespace="AzAgroPOS.Varliglar" type_name="Isci" block_coverage="0.00" line_coverage="0.00" blocks_covered="0" blocks_not_covered="1" lines_covered="0" lines_partially_covered="0" lines_not_covered="1">
          <ranges>
            <range source_id="9" start_line="46" end_line="46" start_column="27" end_column="31" covered="no" />
          </ranges>
        </function>
        <function id="9643" token="0x6000087" name="set_Maas(decimal)" namespace="AzAgroPOS.Varliglar" type_name="Isci" block_coverage="100.00" line_coverage="100.00" blocks_covered="1" blocks_not_covered="0" lines_covered="1" lines_partially_covered="0" lines_not_covered="0">
          <ranges>
            <range source_id="9" start_line="46" end_line="46" start_column="32" end_column="36" covered="yes" />
          </ranges>
        </function>
        <function id="9652" token="0x6000088" name="get_Vezife()" namespace="AzAgroPOS.Varliglar" type_name="Isci" block_coverage="0.00" line_coverage="0.00" blocks_covered="0" blocks_not_covered="1" lines_covered="0" lines_partially_covered="0" lines_not_covered="1">
          <ranges>
            <range source_id="9" start_line="51" end_line="51" start_column="28" end_column="32" covered="no" />
          </ranges>
        </function>
        <function id="9660" token="0x6000089" name="set_Vezife(string)" namespace="AzAgroPOS.Varliglar" type_name="Isci" block_coverage="100.00" line_coverage="100.00" blocks_covered="1" blocks_not_covered="0" lines_covered="1" lines_partially_covered="0" lines_not_covered="0">
          <ranges>
            <range source_id="9" start_line="51" end_line="51" start_column="33" end_column="37" covered="yes" />
          </ranges>
        </function>
        <function id="9669" token="0x600008a" name="get_Departament()" namespace="AzAgroPOS.Varliglar" type_name="Isci" block_coverage="0.00" line_coverage="0.00" blocks_covered="0" blocks_not_covered="1" lines_covered="0" lines_partially_covered="0" lines_not_covered="1">
          <ranges>
            <range source_id="9" start_line="56" end_line="56" start_column="33" end_column="37" covered="no" />
          </ranges>
        </function>
        <function id="9677" token="0x600008b" name="set_Departament(string)" namespace="AzAgroPOS.Varliglar" type_name="Isci" block_coverage="100.00" line_coverage="100.00" blocks_covered="1" blocks_not_covered="0" lines_covered="1" lines_partially_covered="0" lines_not_covered="0">
          <ranges>
            <range source_id="9" start_line="56" end_line="56" start_column="38" end_column="42" covered="yes" />
          </ranges>
        </function>
        <function id="9686" token="0x600008c" name="get_Status()" namespace="AzAgroPOS.Varliglar" type_name="Isci" block_coverage="0.00" line_coverage="0.00" blocks_covered="0" blocks_not_covered="1" lines_covered="0" lines_partially_covered="0" lines_not_covered="1">
          <ranges>
            <range source_id="9" start_line="61" end_line="61" start_column="33" end_column="37" covered="no" />
          </ranges>
        </function>
        <function id="9694" token="0x600008d" name="set_Status(AzAgroPOS.Varliglar.IsciStatusu)" namespace="AzAgroPOS.Varliglar" type_name="Isci" block_coverage="100.00" line_coverage="100.00" blocks_covered="1" blocks_not_covered="0" lines_covered="1" lines_partially_covered="0" lines_not_covered="0">
          <ranges>
            <range source_id="9" start_line="61" end_line="61" start_column="38" end_column="42" covered="yes" />
          </ranges>
        </function>
        <function id="9703" token="0x600008e" name="get_SvsNo()" namespace="AzAgroPOS.Varliglar" type_name="Isci" block_coverage="0.00" line_coverage="0.00" blocks_covered="0" blocks_not_covered="1" lines_covered="0" lines_partially_covered="0" lines_not_covered="1">
          <ranges>
            <range source_id="9" start_line="66" end_line="66" start_column="27" end_column="31" covered="no" />
          </ranges>
        </function>
        <function id="9711" token="0x600008f" name="set_SvsNo(string)" namespace="AzAgroPOS.Varliglar" type_name="Isci" block_coverage="100.00" line_coverage="100.00" blocks_covered="1" blocks_not_covered="0" lines_covered="1" lines_partially_covered="0" lines_not_covered="0">
          <ranges>
            <range source_id="9" start_line="66" end_line="66" start_column="32" end_column="36" covered="yes" />
          </ranges>
        </function>
        <function id="9720" token="0x6000090" name="get_QeydiyyatUnvani()" namespace="AzAgroPOS.Varliglar" type_name="Isci" block_coverage="0.00" line_coverage="0.00" blocks_covered="0" blocks_not_covered="1" lines_covered="0" lines_partially_covered="0" lines_not_covered="1">
          <ranges>
            <range source_id="9" start_line="71" end_line="71" start_column="37" end_column="41" covered="no" />
          </ranges>
        </function>
        <function id="9728" token="0x6000091" name="set_QeydiyyatUnvani(string)" namespace="AzAgroPOS.Varliglar" type_name="Isci" block_coverage="100.00" line_coverage="100.00" blocks_covered="1" blocks_not_covered="0" lines_covered="1" lines_partially_covered="0" lines_not_covered="0">
          <ranges>
            <range source_id="9" start_line="71" end_line="71" start_column="42" end_column="46" covered="yes" />
          </ranges>
        </function>
        <function id="9737" token="0x6000092" name="get_BankMəlumatları()" namespace="AzAgroPOS.Varliglar" type_name="Isci" block_coverage="0.00" line_coverage="0.00" blocks_covered="0" blocks_not_covered="1" lines_covered="0" lines_partially_covered="0" lines_not_covered="1">
          <ranges>
            <range source_id="9" start_line="76" end_line="76" start_column="37" end_column="41" covered="no" />
          </ranges>
        </function>
        <function id="9745" token="0x6000093" name="set_BankMəlumatları(string)" namespace="AzAgroPOS.Varliglar" type_name="Isci" block_coverage="100.00" line_coverage="100.00" blocks_covered="1" blocks_not_covered="0" lines_covered="1" lines_partially_covered="0" lines_not_covered="0">
          <ranges>
            <range source_id="9" start_line="76" end_line="76" start_column="42" end_column="46" covered="yes" />
          </ranges>
        </function>
        <function id="9754" token="0x6000094" name="get_PerformansQeydleri()" namespace="AzAgroPOS.Varliglar" type_name="Isci" block_coverage="0.00" line_coverage="0.00" blocks_covered="0" blocks_not_covered="1" lines_covered="0" lines_partially_covered="0" lines_not_covered="1">
          <ranges>
            <range source_id="9" start_line="81" end_line="81" start_column="61" end_column="65" covered="no" />
          </ranges>
        </function>
        <function id="9762" token="0x6000095" name="set_PerformansQeydleri(System.Collections.Generic.ICollection&lt;AzAgroPOS.Varliglar.IsciPerformans&gt;)" namespace="AzAgroPOS.Varliglar" type_name="Isci" block_coverage="0.00" line_coverage="0.00" blocks_covered="0" blocks_not_covered="1" lines_covered="0" lines_partially_covered="0" lines_not_covered="1">
          <ranges>
            <range source_id="9" start_line="81" end_line="81" start_column="66" end_column="70" covered="no" />
          </ranges>
        </function>
        <function id="9771" token="0x6000096" name="get_IzinQeydleri()" namespace="AzAgroPOS.Varliglar" type_name="Isci" block_coverage="0.00" line_coverage="0.00" blocks_covered="0" blocks_not_covered="1" lines_covered="0" lines_partially_covered="0" lines_not_covered="1">
          <ranges>
            <range source_id="9" start_line="86" end_line="86" start_column="49" end_column="53" covered="no" />
          </ranges>
        </function>
        <function id="9779" token="0x6000097" name="set_IzinQeydleri(System.Collections.Generic.ICollection&lt;AzAgroPOS.Varliglar.IsciIzni&gt;)" namespace="AzAgroPOS.Varliglar" type_name="Isci" block_coverage="0.00" line_coverage="0.00" blocks_covered="0" blocks_not_covered="1" lines_covered="0" lines_partially_covered="0" lines_not_covered="1">
          <ranges>
            <range source_id="9" start_line="86" end_line="86" start_column="54" end_column="58" covered="no" />
          </ranges>
        </function>
        <function id="9788" token="0x6000098" name="get_SistemIstifadecisi()" namespace="AzAgroPOS.Varliglar" type_name="Isci" block_coverage="0.00" line_coverage="0.00" blocks_covered="0" blocks_not_covered="1" lines_covered="0" lines_partially_covered="0" lines_not_covered="1">
          <ranges>
            <range source_id="9" start_line="91" end_line="91" start_column="45" end_column="49" covered="no" />
          </ranges>
        </function>
        <function id="9796" token="0x6000099" name="set_SistemIstifadecisi(AzAgroPOS.Varliglar.Istifadeci)" namespace="AzAgroPOS.Varliglar" type_name="Isci" block_coverage="0.00" line_coverage="0.00" blocks_covered="0" blocks_not_covered="1" lines_covered="0" lines_partially_covered="0" lines_not_covered="1">
          <ranges>
            <range source_id="9" start_line="91" end_line="91" start_column="50" end_column="54" covered="no" />
          </ranges>
        </function>
        <function id="9808" token="0x600009a" name="Isci()" namespace="AzAgroPOS.Varliglar" type_name="Isci" block_coverage="100.00" line_coverage="100.00" blocks_covered="4" blocks_not_covered="0" lines_covered="11" lines_partially_covered="0" lines_not_covered="0">
          <ranges>
            <range source_id="9" start_line="16" end_line="16" start_column="41" end_column="53" covered="yes" />
            <range source_id="9" start_line="26" end_line="26" start_column="50" end_column="62" covered="yes" />
            <range source_id="9" start_line="31" end_line="31" start_column="41" end_column="53" covered="yes" />
            <range source_id="9" start_line="36" end_line="36" start_column="41" end_column="53" covered="yes" />
            <range source_id="9" start_line="51" end_line="51" start_column="42" end_column="54" covered="yes" />
            <range source_id="9" start_line="56" end_line="56" start_column="47" end_column="59" covered="yes" />
            <range source_id="9" start_line="66" end_line="66" start_column="41" end_column="53" covered="yes" />
            <range source_id="9" start_line="71" end_line="71" start_column="51" end_column="63" covered="yes" />
            <range source_id="9" start_line="76" end_line="76" start_column="51" end_column="63" covered="yes" />
            <range source_id="9" start_line="81" end_line="81" start_column="75" end_column="101" covered="yes" />
            <range source_id="9" start_line="86" end_line="86" start_column="63" end_column="83" covered="yes" />
          </ranges>
        </function>
        <function id="9949" token="0x600009b" name="get_IsciId()" namespace="AzAgroPOS.Varliglar" type_name="IsciIzni" block_coverage="0.00" line_coverage="0.00" blocks_covered="0" blocks_not_covered="1" lines_covered="0" lines_partially_covered="0" lines_not_covered="1">
          <ranges>
            <range source_id="10" start_line="15" end_line="15" start_column="25" end_column="29" covered="no" />
          </ranges>
        </function>
        <function id="9957" token="0x600009c" name="set_IsciId(int)" namespace="AzAgroPOS.Varliglar" type_name="IsciIzni" block_coverage="0.00" line_coverage="0.00" blocks_covered="0" blocks_not_covered="1" lines_covered="0" lines_partially_covered="0" lines_not_covered="1">
          <ranges>
            <range source_id="10" start_line="15" end_line="15" start_column="30" end_column="34" covered="no" />
          </ranges>
        </function>
        <function id="9966" token="0x600009d" name="get_Isci()" namespace="AzAgroPOS.Varliglar" type_name="IsciIzni" block_coverage="0.00" line_coverage="0.00" blocks_covered="0" blocks_not_covered="1" lines_covered="0" lines_partially_covered="0" lines_not_covered="1">
          <ranges>
            <range source_id="10" start_line="20" end_line="20" start_column="25" end_column="29" covered="no" />
          </ranges>
        </function>
        <function id="9974" token="0x600009e" name="set_Isci(AzAgroPOS.Varliglar.Isci)" namespace="AzAgroPOS.Varliglar" type_name="IsciIzni" block_coverage="0.00" line_coverage="0.00" blocks_covered="0" blocks_not_covered="1" lines_covered="0" lines_partially_covered="0" lines_not_covered="1">
          <ranges>
            <range source_id="10" start_line="20" end_line="20" start_column="30" end_column="34" covered="no" />
          </ranges>
        </function>
        <function id="9983" token="0x600009f" name="get_IzinNovu()" namespace="AzAgroPOS.Varliglar" type_name="IsciIzni" block_coverage="0.00" line_coverage="0.00" blocks_covered="0" blocks_not_covered="1" lines_covered="0" lines_partially_covered="0" lines_not_covered="1">
          <ranges>
            <range source_id="10" start_line="25" end_line="25" start_column="32" end_column="36" covered="no" />
          </ranges>
        </function>
        <function id="9991" token="0x60000a0" name="set_IzinNovu(AzAgroPOS.Varliglar.IzinNovu)" namespace="AzAgroPOS.Varliglar" type_name="IsciIzni" block_coverage="0.00" line_coverage="0.00" blocks_covered="0" blocks_not_covered="1" lines_covered="0" lines_partially_covered="0" lines_not_covered="1">
          <ranges>
            <range source_id="10" start_line="25" end_line="25" start_column="37" end_column="41" covered="no" />
          </ranges>
        </function>
        <function id="10000" token="0x60000a1" name="get_BaslamaTarixi()" namespace="AzAgroPOS.Varliglar" type_name="IsciIzni" block_coverage="0.00" line_coverage="0.00" blocks_covered="0" blocks_not_covered="1" lines_covered="0" lines_partially_covered="0" lines_not_covered="1">
          <ranges>
            <range source_id="10" start_line="30" end_line="30" start_column="37" end_column="41" covered="no" />
          </ranges>
        </function>
        <function id="10008" token="0x60000a2" name="set_BaslamaTarixi(System.DateTime)" namespace="AzAgroPOS.Varliglar" type_name="IsciIzni" block_coverage="0.00" line_coverage="0.00" blocks_covered="0" blocks_not_covered="1" lines_covered="0" lines_partially_covered="0" lines_not_covered="1">
          <ranges>
            <range source_id="10" start_line="30" end_line="30" start_column="42" end_column="46" covered="no" />
          </ranges>
        </function>
        <function id="10017" token="0x60000a3" name="get_BitmeTarixi()" namespace="AzAgroPOS.Varliglar" type_name="IsciIzni" block_coverage="0.00" line_coverage="0.00" blocks_covered="0" blocks_not_covered="1" lines_covered="0" lines_partially_covered="0" lines_not_covered="1">
          <ranges>
            <range source_id="10" start_line="35" end_line="35" start_column="35" end_column="39" covered="no" />
          </ranges>
        </function>
        <function id="10025" token="0x60000a4" name="set_BitmeTarixi(System.DateTime)" namespace="AzAgroPOS.Varliglar" type_name="IsciIzni" block_coverage="0.00" line_coverage="0.00" blocks_covered="0" blocks_not_covered="1" lines_covered="0" lines_partially_covered="0" lines_not_covered="1">
          <ranges>
            <range source_id="10" start_line="35" end_line="35" start_column="40" end_column="44" covered="no" />
          </ranges>
        </function>
        <function id="10034" token="0x60000a5" name="get_IzinGunu()" namespace="AzAgroPOS.Varliglar" type_name="IsciIzni" block_coverage="0.00" line_coverage="0.00" blocks_covered="0" blocks_not_covered="1" lines_covered="0" lines_partially_covered="0" lines_not_covered="1">
          <ranges>
            <range source_id="10" start_line="40" end_line="40" start_column="27" end_column="31" covered="no" />
          </ranges>
        </function>
        <function id="10042" token="0x60000a6" name="set_IzinGunu(int)" namespace="AzAgroPOS.Varliglar" type_name="IsciIzni" block_coverage="0.00" line_coverage="0.00" blocks_covered="0" blocks_not_covered="1" lines_covered="0" lines_partially_covered="0" lines_not_covered="1">
          <ranges>
            <range source_id="10" start_line="40" end_line="40" start_column="32" end_column="36" covered="no" />
          </ranges>
        </function>
        <function id="10051" token="0x60000a7" name="get_Sebeb()" namespace="AzAgroPOS.Varliglar" type_name="IsciIzni" block_coverage="0.00" line_coverage="0.00" blocks_covered="0" blocks_not_covered="1" lines_covered="0" lines_partially_covered="0" lines_not_covered="1">
          <ranges>
            <range source_id="10" start_line="45" end_line="45" start_column="27" end_column="31" covered="no" />
          </ranges>
        </function>
        <function id="10059" token="0x60000a8" name="set_Sebeb(string)" namespace="AzAgroPOS.Varliglar" type_name="IsciIzni" block_coverage="0.00" line_coverage="0.00" blocks_covered="0" blocks_not_covered="1" lines_covered="0" lines_partially_covered="0" lines_not_covered="1">
          <ranges>
            <range source_id="10" start_line="45" end_line="45" start_column="32" end_column="36" covered="no" />
          </ranges>
        </function>
        <function id="10068" token="0x60000a9" name="get_Status()" namespace="AzAgroPOS.Varliglar" type_name="IsciIzni" block_coverage="0.00" line_coverage="0.00" blocks_covered="0" blocks_not_covered="1" lines_covered="0" lines_partially_covered="0" lines_not_covered="1">
          <ranges>
            <range source_id="10" start_line="50" end_line="50" start_column="33" end_column="37" covered="no" />
          </ranges>
        </function>
        <function id="10076" token="0x60000aa" name="set_Status(AzAgroPOS.Varliglar.IzinStatusu)" namespace="AzAgroPOS.Varliglar" type_name="IsciIzni" block_coverage="0.00" line_coverage="0.00" blocks_covered="0" blocks_not_covered="1" lines_covered="0" lines_partially_covered="0" lines_not_covered="1">
          <ranges>
            <range source_id="10" start_line="50" end_line="50" start_column="38" end_column="42" covered="no" />
          </ranges>
        </function>
        <function id="10085" token="0x60000ab" name="get_TesdiqEdenIsciId()" namespace="AzAgroPOS.Varliglar" type_name="IsciIzni" block_coverage="0.00" line_coverage="0.00" blocks_covered="0" blocks_not_covered="1" lines_covered="0" lines_partially_covered="0" lines_not_covered="1">
          <ranges>
            <range source_id="10" start_line="55" end_line="55" start_column="36" end_column="40" covered="no" />
          </ranges>
        </function>
        <function id="10093" token="0x60000ac" name="set_TesdiqEdenIsciId(System.Nullable&lt;int&gt;)" namespace="AzAgroPOS.Varliglar" type_name="IsciIzni" block_coverage="0.00" line_coverage="0.00" blocks_covered="0" blocks_not_covered="1" lines_covered="0" lines_partially_covered="0" lines_not_covered="1">
          <ranges>
            <range source_id="10" start_line="55" end_line="55" start_column="41" end_column="45" covered="no" />
          </ranges>
        </function>
        <function id="10102" token="0x60000ad" name="get_TesdiqEdenIsci()" namespace="AzAgroPOS.Varliglar" type_name="IsciIzni" block_coverage="0.00" line_coverage="0.00" blocks_covered="0" blocks_not_covered="1" lines_covered="0" lines_partially_covered="0" lines_not_covered="1">
          <ranges>
            <range source_id="10" start_line="60" end_line="60" start_column="35" end_column="39" covered="no" />
          </ranges>
        </function>
        <function id="10110" token="0x60000ae" name="set_TesdiqEdenIsci(AzAgroPOS.Varliglar.Isci)" namespace="AzAgroPOS.Varliglar" type_name="IsciIzni" block_coverage="0.00" line_coverage="0.00" blocks_covered="0" blocks_not_covered="1" lines_covered="0" lines_partially_covered="0" lines_not_covered="1">
          <ranges>
            <range source_id="10" start_line="60" end_line="60" start_column="40" end_column="44" covered="no" />
          </ranges>
        </function>
        <function id="10119" token="0x60000af" name="get_TesdiqTarixi()" namespace="AzAgroPOS.Varliglar" type_name="IsciIzni" block_coverage="0.00" line_coverage="0.00" blocks_covered="0" blocks_not_covered="1" lines_covered="0" lines_partially_covered="0" lines_not_covered="1">
          <ranges>
            <range source_id="10" start_line="65" end_line="65" start_column="37" end_column="41" covered="no" />
          </ranges>
        </function>
        <function id="10127" token="0x60000b0" name="set_TesdiqTarixi(System.Nullable&lt;System.DateTime&gt;)" namespace="AzAgroPOS.Varliglar" type_name="IsciIzni" block_coverage="0.00" line_coverage="0.00" blocks_covered="0" blocks_not_covered="1" lines_covered="0" lines_partially_covered="0" lines_not_covered="1">
          <ranges>
            <range source_id="10" start_line="65" end_line="65" start_column="42" end_column="46" covered="no" />
          </ranges>
        </function>
        <function id="10136" token="0x60000b1" name="get_Qeydler()" namespace="AzAgroPOS.Varliglar" type_name="IsciIzni" block_coverage="0.00" line_coverage="0.00" blocks_covered="0" blocks_not_covered="1" lines_covered="0" lines_partially_covered="0" lines_not_covered="1">
          <ranges>
            <range source_id="10" start_line="70" end_line="70" start_column="29" end_column="33" covered="no" />
          </ranges>
        </function>
        <function id="10144" token="0x60000b2" name="set_Qeydler(string)" namespace="AzAgroPOS.Varliglar" type_name="IsciIzni" block_coverage="0.00" line_coverage="0.00" blocks_covered="0" blocks_not_covered="1" lines_covered="0" lines_partially_covered="0" lines_not_covered="1">
          <ranges>
            <range source_id="10" start_line="70" end_line="70" start_column="34" end_column="38" covered="no" />
          </ranges>
        </function>
        <function id="10153" token="0x60000b3" name="IsciIzni()" namespace="AzAgroPOS.Varliglar" type_name="IsciIzni" block_coverage="0.00" line_coverage="0.00" blocks_covered="0" blocks_not_covered="2" lines_covered="0" lines_partially_covered="0" lines_not_covered="2">
          <ranges>
            <range source_id="10" start_line="45" end_line="45" start_column="41" end_column="53" covered="no" />
            <range source_id="10" start_line="70" end_line="70" start_column="43" end_column="55" covered="no" />
          </ranges>
        </function>
        <function id="10184" token="0x60000b4" name="get_IsciId()" namespace="AzAgroPOS.Varliglar" type_name="IsciPerformans" block_coverage="0.00" line_coverage="0.00" blocks_covered="0" blocks_not_covered="1" lines_covered="0" lines_partially_covered="0" lines_not_covered="1">
          <ranges>
            <range source_id="11" start_line="15" end_line="15" start_column="25" end_column="29" covered="no" />
          </ranges>
        </function>
        <function id="10192" token="0x60000b5" name="set_IsciId(int)" namespace="AzAgroPOS.Varliglar" type_name="IsciPerformans" block_coverage="0.00" line_coverage="0.00" blocks_covered="0" blocks_not_covered="1" lines_covered="0" lines_partially_covered="0" lines_not_covered="1">
          <ranges>
            <range source_id="11" start_line="15" end_line="15" start_column="30" end_column="34" covered="no" />
          </ranges>
        </function>
        <function id="10201" token="0x60000b6" name="get_Isci()" namespace="AzAgroPOS.Varliglar" type_name="IsciPerformans" block_coverage="0.00" line_coverage="0.00" blocks_covered="0" blocks_not_covered="1" lines_covered="0" lines_partially_covered="0" lines_not_covered="1">
          <ranges>
            <range source_id="11" start_line="20" end_line="20" start_column="25" end_column="29" covered="no" />
          </ranges>
        </function>
        <function id="10209" token="0x60000b7" name="set_Isci(AzAgroPOS.Varliglar.Isci)" namespace="AzAgroPOS.Varliglar" type_name="IsciPerformans" block_coverage="0.00" line_coverage="0.00" blocks_covered="0" blocks_not_covered="1" lines_covered="0" lines_partially_covered="0" lines_not_covered="1">
          <ranges>
            <range source_id="11" start_line="20" end_line="20" start_column="30" end_column="34" covered="no" />
          </ranges>
        </function>
        <function id="10218" token="0x60000b8" name="get_Tarix()" namespace="AzAgroPOS.Varliglar" type_name="IsciPerformans" block_coverage="0.00" line_coverage="0.00" blocks_covered="0" blocks_not_covered="1" lines_covered="0" lines_partially_covered="0" lines_not_covered="1">
          <ranges>
            <range source_id="11" start_line="25" end_line="25" start_column="29" end_column="33" covered="no" />
          </ranges>
        </function>
        <function id="10226" token="0x60000b9" name="set_Tarix(System.DateTime)" namespace="AzAgroPOS.Varliglar" type_name="IsciPerformans" block_coverage="0.00" line_coverage="0.00" blocks_covered="0" blocks_not_covered="1" lines_covered="0" lines_partially_covered="0" lines_not_covered="1">
          <ranges>
            <range source_id="11" start_line="25" end_line="25" start_column="34" end_column="38" covered="no" />
          </ranges>
        </function>
        <function id="10235" token="0x60000ba" name="get_QeydDovru()" namespace="AzAgroPOS.Varliglar" type_name="IsciPerformans" block_coverage="0.00" line_coverage="0.00" blocks_covered="0" blocks_not_covered="1" lines_covered="0" lines_partially_covered="0" lines_not_covered="1">
          <ranges>
            <range source_id="11" start_line="30" end_line="30" start_column="31" end_column="35" covered="no" />
          </ranges>
        </function>
        <function id="10243" token="0x60000bb" name="set_QeydDovru(string)" namespace="AzAgroPOS.Varliglar" type_name="IsciPerformans" block_coverage="0.00" line_coverage="0.00" blocks_covered="0" blocks_not_covered="1" lines_covered="0" lines_partially_covered="0" lines_not_covered="1">
          <ranges>
            <range source_id="11" start_line="30" end_line="30" start_column="36" end_column="40" covered="no" />
          </ranges>
        </function>
        <function id="10252" token="0x60000bc" name="get_Qiymet()" namespace="AzAgroPOS.Varliglar" type_name="IsciPerformans" block_coverage="0.00" line_coverage="0.00" blocks_covered="0" blocks_not_covered="1" lines_covered="0" lines_partially_covered="0" lines_not_covered="1">
          <ranges>
            <range source_id="11" start_line="35" end_line="35" start_column="25" end_column="29" covered="no" />
          </ranges>
        </function>
        <function id="10260" token="0x60000bd" name="set_Qiymet(int)" namespace="AzAgroPOS.Varliglar" type_name="IsciPerformans" block_coverage="0.00" line_coverage="0.00" blocks_covered="0" blocks_not_covered="1" lines_covered="0" lines_partially_covered="0" lines_not_covered="1">
          <ranges>
            <range source_id="11" start_line="35" end_line="35" start_column="30" end_column="34" covered="no" />
          </ranges>
        </function>
        <function id="10269" token="0x60000be" name="get_Qeydler()" namespace="AzAgroPOS.Varliglar" type_name="IsciPerformans" block_coverage="0.00" line_coverage="0.00" blocks_covered="0" blocks_not_covered="1" lines_covered="0" lines_partially_covered="0" lines_not_covered="1">
          <ranges>
            <range source_id="11" start_line="40" end_line="40" start_column="29" end_column="33" covered="no" />
          </ranges>
        </function>
        <function id="10277" token="0x60000bf" name="set_Qeydler(string)" namespace="AzAgroPOS.Varliglar" type_name="IsciPerformans" block_coverage="0.00" line_coverage="0.00" blocks_covered="0" blocks_not_covered="1" lines_covered="0" lines_partially_covered="0" lines_not_covered="1">
          <ranges>
            <range source_id="11" start_line="40" end_line="40" start_column="34" end_column="38" covered="no" />
          </ranges>
        </function>
        <function id="10286" token="0x60000c0" name="get_Emsallar()" namespace="AzAgroPOS.Varliglar" type_name="IsciPerformans" block_coverage="0.00" line_coverage="0.00" blocks_covered="0" blocks_not_covered="1" lines_covered="0" lines_partially_covered="0" lines_not_covered="1">
          <ranges>
            <range source_id="11" start_line="45" end_line="45" start_column="30" end_column="34" covered="no" />
          </ranges>
        </function>
        <function id="10294" token="0x60000c1" name="set_Emsallar(string)" namespace="AzAgroPOS.Varliglar" type_name="IsciPerformans" block_coverage="0.00" line_coverage="0.00" blocks_covered="0" blocks_not_covered="1" lines_covered="0" lines_partially_covered="0" lines_not_covered="1">
          <ranges>
            <range source_id="11" start_line="45" end_line="45" start_column="35" end_column="39" covered="no" />
          </ranges>
        </function>
        <function id="10303" token="0x60000c2" name="get_Teklifler()" namespace="AzAgroPOS.Varliglar" type_name="IsciPerformans" block_coverage="0.00" line_coverage="0.00" blocks_covered="0" blocks_not_covered="1" lines_covered="0" lines_partially_covered="0" lines_not_covered="1">
          <ranges>
            <range source_id="11" start_line="50" end_line="50" start_column="31" end_column="35" covered="no" />
          </ranges>
        </function>
        <function id="10311" token="0x60000c3" name="set_Teklifler(string)" namespace="AzAgroPOS.Varliglar" type_name="IsciPerformans" block_coverage="0.00" line_coverage="0.00" blocks_covered="0" blocks_not_covered="1" lines_covered="0" lines_partially_covered="0" lines_not_covered="1">
          <ranges>
            <range source_id="11" start_line="50" end_line="50" start_column="36" end_column="40" covered="no" />
          </ranges>
        </function>
        <function id="10320" token="0x60000c4" name="IsciPerformans()" namespace="AzAgroPOS.Varliglar" type_name="IsciPerformans" block_coverage="0.00" line_coverage="0.00" blocks_covered="0" blocks_not_covered="2" lines_covered="0" lines_partially_covered="0" lines_not_covered="4">
          <ranges>
            <range source_id="11" start_line="30" end_line="30" start_column="45" end_column="57" covered="no" />
            <range source_id="11" start_line="40" end_line="40" start_column="43" end_column="55" covered="no" />
            <range source_id="11" start_line="45" end_line="45" start_column="44" end_column="56" covered="no" />
            <range source_id="11" start_line="50" end_line="50" start_column="45" end_column="57" covered="no" />
          </ranges>
        </function>
        <function id="10373" token="0x60000c5" name="get_IstifadeciAdi()" namespace="AzAgroPOS.Varliglar" type_name="Istifadeci" block_coverage="100.00" line_coverage="100.00" blocks_covered="1" blocks_not_covered="0" lines_covered="1" lines_partially_covered="0" lines_not_covered="0">
          <ranges>
            <range source_id="12" start_line="17" end_line="17" start_column="35" end_column="39" covered="yes" />
          </ranges>
        </function>
        <function id="10381" token="0x60000c6" name="set_IstifadeciAdi(string)" namespace="AzAgroPOS.Varliglar" type_name="Istifadeci" block_coverage="100.00" line_coverage="100.00" blocks_covered="1" blocks_not_covered="0" lines_covered="1" lines_partially_covered="0" lines_not_covered="0">
          <ranges>
            <range source_id="12" start_line="17" end_line="17" start_column="40" end_column="44" covered="yes" />
          </ranges>
        </function>
        <function id="10390" token="0x60000c7" name="get_ParolHash()" namespace="AzAgroPOS.Varliglar" type_name="Istifadeci" block_coverage="100.00" line_coverage="100.00" blocks_covered="1" blocks_not_covered="0" lines_covered="1" lines_partially_covered="0" lines_not_covered="0">
          <ranges>
            <range source_id="12" start_line="24" end_line="24" start_column="31" end_column="35" covered="yes" />
          </ranges>
        </function>
        <function id="10398" token="0x60000c8" name="set_ParolHash(string)" namespace="AzAgroPOS.Varliglar" type_name="Istifadeci" block_coverage="100.00" line_coverage="100.00" blocks_covered="1" blocks_not_covered="0" lines_covered="1" lines_partially_covered="0" lines_not_covered="0">
          <ranges>
            <range source_id="12" start_line="24" end_line="24" start_column="36" end_column="40" covered="yes" />
          </ranges>
        </function>
        <function id="10407" token="0x60000c9" name="get_TamAd()" namespace="AzAgroPOS.Varliglar" type_name="Istifadeci" block_coverage="100.00" line_coverage="100.00" blocks_covered="1" blocks_not_covered="0" lines_covered="1" lines_partially_covered="0" lines_not_covered="0">
          <ranges>
            <range source_id="12" start_line="31" end_line="31" start_column="27" end_column="31" covered="yes" />
          </ranges>
        </function>
        <function id="10415" token="0x60000ca" name="set_TamAd(string)" namespace="AzAgroPOS.Varliglar" type_name="Istifadeci" block_coverage="100.00" line_coverage="100.00" blocks_covered="1" blocks_not_covered="0" lines_covered="1" lines_partially_covered="0" lines_not_covered="0">
          <ranges>
            <range source_id="12" start_line="31" end_line="31" start_column="32" end_column="36" covered="yes" />
          </ranges>
        </function>
        <function id="10424" token="0x60000cb" name="get_RolId()" namespace="AzAgroPOS.Varliglar" type_name="Istifadeci" block_coverage="100.00" line_coverage="100.00" blocks_covered="1" blocks_not_covered="0" lines_covered="1" lines_partially_covered="0" lines_not_covered="0">
          <ranges>
            <range source_id="12" start_line="38" end_line="38" start_column="24" end_column="28" covered="yes" />
          </ranges>
        </function>
        <function id="10432" token="0x60000cc" name="set_RolId(int)" namespace="AzAgroPOS.Varliglar" type_name="Istifadeci" block_coverage="100.00" line_coverage="100.00" blocks_covered="1" blocks_not_covered="0" lines_covered="1" lines_partially_covered="0" lines_not_covered="0">
          <ranges>
            <range source_id="12" start_line="38" end_line="38" start_column="29" end_column="33" covered="yes" />
          </ranges>
        </function>
        <function id="10441" token="0x60000cd" name="get_Rol()" namespace="AzAgroPOS.Varliglar" type_name="Istifadeci" block_coverage="0.00" line_coverage="0.00" blocks_covered="0" blocks_not_covered="1" lines_covered="0" lines_partially_covered="0" lines_not_covered="1">
          <ranges>
            <range source_id="12" start_line="45" end_line="45" start_column="23" end_column="27" covered="no" />
          </ranges>
        </function>
        <function id="10449" token="0x60000ce" name="set_Rol(AzAgroPOS.Varliglar.Rol)" namespace="AzAgroPOS.Varliglar" type_name="Istifadeci" block_coverage="0.00" line_coverage="0.00" blocks_covered="0" blocks_not_covered="1" lines_covered="0" lines_partially_covered="0" lines_not_covered="1">
          <ranges>
            <range source_id="12" start_line="45" end_line="45" start_column="28" end_column="32" covered="no" />
          </ranges>
        </function>
        <function id="10458" token="0x60000cf" name="get_TemirSifarisleri()" namespace="AzAgroPOS.Varliglar" type_name="Istifadeci" block_coverage="0.00" line_coverage="0.00" blocks_covered="0" blocks_not_covered="1" lines_covered="0" lines_partially_covered="0" lines_not_covered="1">
          <ranges>
            <range source_id="12" start_line="52" end_line="52" start_column="50" end_column="54" covered="no" />
          </ranges>
        </function>
        <function id="10466" token="0x60000d0" name="set_TemirSifarisleri(System.Collections.Generic.ICollection&lt;AzAgroPOS.Varliglar.Temir&gt;)" namespace="AzAgroPOS.Varliglar" type_name="Istifadeci" block_coverage="0.00" line_coverage="0.00" blocks_covered="0" blocks_not_covered="1" lines_covered="0" lines_partially_covered="0" lines_not_covered="1">
          <ranges>
            <range source_id="12" start_line="52" end_line="52" start_column="55" end_column="59" covered="no" />
          </ranges>
        </function>
        <function id="10475" token="0x60000d1" name="get_Novbeler()" namespace="AzAgroPOS.Varliglar" type_name="Istifadeci" block_coverage="0.00" line_coverage="0.00" blocks_covered="0" blocks_not_covered="1" lines_covered="0" lines_partially_covered="0" lines_not_covered="1">
          <ranges>
            <range source_id="12" start_line="54" end_line="54" start_column="42" end_column="46" covered="no" />
          </ranges>
        </function>
        <function id="10483" token="0x60000d2" name="set_Novbeler(System.Collections.Generic.ICollection&lt;AzAgroPOS.Varliglar.Novbe&gt;)" namespace="AzAgroPOS.Varliglar" type_name="Istifadeci" block_coverage="0.00" line_coverage="0.00" blocks_covered="0" blocks_not_covered="1" lines_covered="0" lines_partially_covered="0" lines_not_covered="1">
          <ranges>
            <range source_id="12" start_line="54" end_line="54" start_column="47" end_column="51" covered="no" />
          </ranges>
        </function>
        <function id="10492" token="0x60000d3" name="Istifadeci()" namespace="AzAgroPOS.Varliglar" type_name="Istifadeci" block_coverage="100.00" line_coverage="100.00" blocks_covered="4" blocks_not_covered="0" lines_covered="5" lines_partially_covered="0" lines_not_covered="0">
          <ranges>
            <range source_id="12" start_line="17" end_line="17" start_column="49" end_column="61" covered="yes" />
            <range source_id="12" start_line="24" end_line="24" start_column="45" end_column="57" covered="yes" />
            <range source_id="12" start_line="31" end_line="31" start_column="41" end_column="53" covered="yes" />
            <range source_id="12" start_line="52" end_line="52" start_column="64" end_column="81" covered="yes" />
            <range source_id="12" start_line="54" end_line="54" start_column="56" end_column="73" covered="yes" />
          </ranges>
        </function>
        <function id="10556" token="0x60000d4" name="get_Ad()" namespace="AzAgroPOS.Varliglar" type_name="Kateqoriya" block_coverage="0.00" line_coverage="0.00" blocks_covered="0" blocks_not_covered="1" lines_covered="0" lines_partially_covered="0" lines_not_covered="1">
          <ranges>
            <range source_id="13" start_line="14" end_line="14" start_column="24" end_column="28" covered="no" />
          </ranges>
        </function>
        <function id="10564" token="0x60000d5" name="set_Ad(string)" namespace="AzAgroPOS.Varliglar" type_name="Kateqoriya" block_coverage="100.00" line_coverage="100.00" blocks_covered="1" blocks_not_covered="0" lines_covered="1" lines_partially_covered="0" lines_not_covered="0">
          <ranges>
            <range source_id="13" start_line="14" end_line="14" start_column="29" end_column="33" covered="yes" />
          </ranges>
        </function>
        <function id="10573" token="0x60000d6" name="get_Tesvir()" namespace="AzAgroPOS.Varliglar" type_name="Kateqoriya" block_coverage="0.00" line_coverage="0.00" blocks_covered="0" blocks_not_covered="1" lines_covered="0" lines_partially_covered="0" lines_not_covered="1">
          <ranges>
            <range source_id="13" start_line="19" end_line="19" start_column="29" end_column="33" covered="no" />
          </ranges>
        </function>
        <function id="10581" token="0x60000d7" name="set_Tesvir(string)" namespace="AzAgroPOS.Varliglar" type_name="Kateqoriya" block_coverage="100.00" line_coverage="100.00" blocks_covered="1" blocks_not_covered="0" lines_covered="1" lines_partially_covered="0" lines_not_covered="0">
          <ranges>
            <range source_id="13" start_line="19" end_line="19" start_column="34" end_column="38" covered="yes" />
          </ranges>
        </function>
        <function id="10590" token="0x60000d8" name="get_Aktivdir()" namespace="AzAgroPOS.Varliglar" type_name="Kateqoriya" block_coverage="0.00" line_coverage="0.00" blocks_covered="0" blocks_not_covered="1" lines_covered="0" lines_partially_covered="0" lines_not_covered="1">
          <ranges>
            <range source_id="13" start_line="24" end_line="24" start_column="28" end_column="32" covered="no" />
          </ranges>
        </function>
        <function id="10598" token="0x60000d9" name="set_Aktivdir(bool)" namespace="AzAgroPOS.Varliglar" type_name="Kateqoriya" block_coverage="100.00" line_coverage="100.00" blocks_covered="1" blocks_not_covered="0" lines_covered="1" lines_partially_covered="0" lines_not_covered="0">
          <ranges>
            <range source_id="13" start_line="24" end_line="24" start_column="33" end_column="37" covered="yes" />
          </ranges>
        </function>
        <function id="10607" token="0x60000da" name="get_Mehsullar()" namespace="AzAgroPOS.Varliglar" type_name="Kateqoriya" block_coverage="0.00" line_coverage="0.00" blocks_covered="0" blocks_not_covered="1" lines_covered="0" lines_partially_covered="0" lines_not_covered="1">
          <ranges>
            <range source_id="13" start_line="29" end_line="29" start_column="44" end_column="48" covered="no" />
          </ranges>
        </function>
        <function id="10615" token="0x60000db" name="set_Mehsullar(System.Collections.Generic.ICollection&lt;AzAgroPOS.Varliglar.Mehsul&gt;)" namespace="AzAgroPOS.Varliglar" type_name="Kateqoriya" block_coverage="0.00" line_coverage="0.00" blocks_covered="0" blocks_not_covered="1" lines_covered="0" lines_partially_covered="0" lines_not_covered="1">
          <ranges>
            <range source_id="13" start_line="29" end_line="29" start_column="49" end_column="53" covered="no" />
          </ranges>
        </function>
        <function id="10624" token="0x60000dc" name="Kateqoriya()" namespace="AzAgroPOS.Varliglar" type_name="Kateqoriya" block_coverage="100.00" line_coverage="100.00" blocks_covered="3" blocks_not_covered="0" lines_covered="3" lines_partially_covered="0" lines_not_covered="0">
          <ranges>
            <range source_id="13" start_line="14" end_line="14" start_column="38" end_column="50" covered="yes" />
            <range source_id="13" start_line="24" end_line="24" start_column="42" end_column="46" covered="yes" />
            <range source_id="13" start_line="29" end_line="29" start_column="58" end_column="76" covered="yes" />
          </ranges>
        </function>
        <function id="10662" token="0x60000dd" name="get_Acar()" namespace="AzAgroPOS.Varliglar" type_name="Konfiqurasiya" block_coverage="0.00" line_coverage="0.00" blocks_covered="0" blocks_not_covered="1" lines_covered="0" lines_partially_covered="0" lines_not_covered="1">
          <ranges>
            <range source_id="14" start_line="12" end_line="12" start_column="26" end_column="30" covered="no" />
          </ranges>
        </function>
        <function id="10670" token="0x60000de" name="set_Acar(string)" namespace="AzAgroPOS.Varliglar" type_name="Konfiqurasiya" block_coverage="0.00" line_coverage="0.00" blocks_covered="0" blocks_not_covered="1" lines_covered="0" lines_partially_covered="0" lines_not_covered="1">
          <ranges>
            <range source_id="14" start_line="12" end_line="12" start_column="31" end_column="35" covered="no" />
          </ranges>
        </function>
        <function id="10679" token="0x60000df" name="get_Deyer()" namespace="AzAgroPOS.Varliglar" type_name="Konfiqurasiya" block_coverage="0.00" line_coverage="0.00" blocks_covered="0" blocks_not_covered="1" lines_covered="0" lines_partially_covered="0" lines_not_covered="1">
          <ranges>
            <range source_id="14" start_line="17" end_line="17" start_column="27" end_column="31" covered="no" />
          </ranges>
        </function>
        <function id="10687" token="0x60000e0" name="set_Deyer(string)" namespace="AzAgroPOS.Varliglar" type_name="Konfiqurasiya" block_coverage="0.00" line_coverage="0.00" blocks_covered="0" blocks_not_covered="1" lines_covered="0" lines_partially_covered="0" lines_not_covered="1">
          <ranges>
            <range source_id="14" start_line="17" end_line="17" start_column="32" end_column="36" covered="no" />
          </ranges>
        </function>
        <function id="10696" token="0x60000e1" name="get_Tesvir()" namespace="AzAgroPOS.Varliglar" type_name="Konfiqurasiya" block_coverage="0.00" line_coverage="0.00" blocks_covered="0" blocks_not_covered="1" lines_covered="0" lines_partially_covered="0" lines_not_covered="1">
          <ranges>
            <range source_id="14" start_line="22" end_line="22" start_column="28" end_column="32" covered="no" />
          </ranges>
        </function>
        <function id="10704" token="0x60000e2" name="set_Tesvir(string)" namespace="AzAgroPOS.Varliglar" type_name="Konfiqurasiya" block_coverage="0.00" line_coverage="0.00" blocks_covered="0" blocks_not_covered="1" lines_covered="0" lines_partially_covered="0" lines_not_covered="1">
          <ranges>
            <range source_id="14" start_line="22" end_line="22" start_column="33" end_column="37" covered="no" />
          </ranges>
        </function>
        <function id="10713" token="0x60000e3" name="get_Qrup()" namespace="AzAgroPOS.Varliglar" type_name="Konfiqurasiya" block_coverage="0.00" line_coverage="0.00" blocks_covered="0" blocks_not_covered="1" lines_covered="0" lines_partially_covered="0" lines_not_covered="1">
          <ranges>
            <range source_id="14" start_line="27" end_line="27" start_column="26" end_column="30" covered="no" />
          </ranges>
        </function>
        <function id="10721" token="0x60000e4" name="set_Qrup(string)" namespace="AzAgroPOS.Varliglar" type_name="Konfiqurasiya" block_coverage="0.00" line_coverage="0.00" blocks_covered="0" blocks_not_covered="1" lines_covered="0" lines_partially_covered="0" lines_not_covered="1">
          <ranges>
            <range source_id="14" start_line="27" end_line="27" start_column="31" end_column="35" covered="no" />
          </ranges>
        </function>
        <function id="10730" token="0x60000e5" name="Konfiqurasiya()" namespace="AzAgroPOS.Varliglar" type_name="Konfiqurasiya" block_coverage="0.00" line_coverage="0.00" blocks_covered="0" blocks_not_covered="2" lines_covered="0" lines_partially_covered="0" lines_not_covered="4">
          <ranges>
            <range source_id="14" start_line="12" end_line="12" start_column="40" end_column="52" covered="no" />
            <range source_id="14" start_line="17" end_line="17" start_column="41" end_column="53" covered="no" />
            <range source_id="14" start_line="22" end_line="22" start_column="42" end_column="54" covered="no" />
            <range source_id="14" start_line="27" end_line="27" start_column="40" end_column="52" covered="no" />
          </ranges>
        </function>
        <function id="10783" token="0x60000e6" name="get_Ad()" namespace="AzAgroPOS.Varliglar" type_name="Mehsul" block_coverage="100.00" line_coverage="100.00" blocks_covered="1" blocks_not_covered="0" lines_covered="1" lines_partially_covered="0" lines_not_covered="0">
          <ranges>
            <range source_id="15" start_line="6" end_line="6" start_column="28" end_column="32" covered="yes" />
          </ranges>
        </function>
        <function id="10791" token="0x60000e7" name="set_Ad(string)" namespace="AzAgroPOS.Varliglar" type_name="Mehsul" block_coverage="100.00" line_coverage="100.00" blocks_covered="1" blocks_not_covered="0" lines_covered="1" lines_partially_covered="0" lines_not_covered="0">
          <ranges>
            <range source_id="15" start_line="6" end_line="6" start_column="33" end_column="37" covered="yes" />
          </ranges>
        </function>
        <function id="10800" token="0x60000e8" name="get_Barkod()" namespace="AzAgroPOS.Varliglar" type_name="Mehsul" block_coverage="100.00" line_coverage="100.00" blocks_covered="1" blocks_not_covered="0" lines_covered="1" lines_partially_covered="0" lines_not_covered="0">
          <ranges>
            <range source_id="15" start_line="7" end_line="7" start_column="33" end_column="37" covered="yes" />
          </ranges>
        </function>
        <function id="10808" token="0x60000e9" name="set_Barkod(string)" namespace="AzAgroPOS.Varliglar" type_name="Mehsul" block_coverage="100.00" line_coverage="100.00" blocks_covered="1" blocks_not_covered="0" lines_covered="1" lines_partially_covered="0" lines_not_covered="0">
          <ranges>
            <range source_id="15" start_line="7" end_line="7" start_column="38" end_column="42" covered="yes" />
          </ranges>
        </function>
        <function id="10817" token="0x60000ea" name="get_StokKodu()" namespace="AzAgroPOS.Varliglar" type_name="Mehsul" block_coverage="100.00" line_coverage="100.00" blocks_covered="1" blocks_not_covered="0" lines_covered="1" lines_partially_covered="0" lines_not_covered="0">
          <ranges>
            <range source_id="15" start_line="8" end_line="8" start_column="35" end_column="39" covered="yes" />
          </ranges>
        </function>
        <function id="10825" token="0x60000eb" name="set_StokKodu(string)" namespace="AzAgroPOS.Varliglar" type_name="Mehsul" block_coverage="100.00" line_coverage="100.00" blocks_covered="1" blocks_not_covered="0" lines_covered="1" lines_partially_covered="0" lines_not_covered="0">
          <ranges>
            <range source_id="15" start_line="8" end_line="8" start_column="40" end_column="44" covered="yes" />
          </ranges>
        </function>
        <function id="10834" token="0x60000ec" name="get_OlcuVahidi()" namespace="AzAgroPOS.Varliglar" type_name="Mehsul" block_coverage="100.00" line_coverage="100.00" blocks_covered="1" blocks_not_covered="0" lines_covered="1" lines_partially_covered="0" lines_not_covered="0">
          <ranges>
            <range source_id="15" start_line="10" end_line="10" start_column="40" end_column="44" covered="yes" />
          </ranges>
        </function>
        <function id="10842" token="0x60000ed" name="set_OlcuVahidi(AzAgroPOS.Varliglar.OlcuVahidi)" namespace="AzAgroPOS.Varliglar" type_name="Mehsul" block_coverage="100.00" line_coverage="100.00" blocks_covered="1" blocks_not_covered="0" lines_covered="1" lines_partially_covered="0" lines_not_covered="0">
          <ranges>
            <range source_id="15" start_line="10" end_line="10" start_column="45" end_column="49" covered="yes" />
          </ranges>
        </function>
        <function id="10851" token="0x60000ee" name="get_AlisQiymeti()" namespace="AzAgroPOS.Varliglar" type_name="Mehsul" block_coverage="100.00" line_coverage="100.00" blocks_covered="1" blocks_not_covered="0" lines_covered="1" lines_partially_covered="0" lines_not_covered="0">
          <ranges>
            <range source_id="15" start_line="11" end_line="11" start_column="38" end_column="42" covered="yes" />
          </ranges>
        </function>
        <function id="10859" token="0x60000ef" name="set_AlisQiymeti(decimal)" namespace="AzAgroPOS.Varliglar" type_name="Mehsul" block_coverage="100.00" line_coverage="100.00" blocks_covered="1" blocks_not_covered="0" lines_covered="1" lines_partially_covered="0" lines_not_covered="0">
          <ranges>
            <range source_id="15" start_line="11" end_line="11" start_column="43" end_column="47" covered="yes" />
          </ranges>
        </function>
        <function id="10868" token="0x60000f0" name="get_PerakendeSatisQiymeti()" namespace="AzAgroPOS.Varliglar" type_name="Mehsul" block_coverage="100.00" line_coverage="100.00" blocks_covered="1" blocks_not_covered="0" lines_covered="1" lines_partially_covered="0" lines_not_covered="0">
          <ranges>
            <range source_id="15" start_line="12" end_line="12" start_column="48" end_column="52" covered="yes" />
          </ranges>
        </function>
        <function id="10876" token="0x60000f1" name="set_PerakendeSatisQiymeti(decimal)" namespace="AzAgroPOS.Varliglar" type_name="Mehsul" block_coverage="100.00" line_coverage="100.00" blocks_covered="1" blocks_not_covered="0" lines_covered="1" lines_partially_covered="0" lines_not_covered="0">
          <ranges>
            <range source_id="15" start_line="12" end_line="12" start_column="53" end_column="57" covered="yes" />
          </ranges>
        </function>
        <function id="10885" token="0x60000f2" name="get_TopdanSatisQiymeti()" namespace="AzAgroPOS.Varliglar" type_name="Mehsul" block_coverage="100.00" line_coverage="100.00" blocks_covered="1" blocks_not_covered="0" lines_covered="1" lines_partially_covered="0" lines_not_covered="0">
          <ranges>
            <range source_id="15" start_line="13" end_line="13" start_column="45" end_column="49" covered="yes" />
          </ranges>
        </function>
        <function id="10893" token="0x60000f3" name="set_TopdanSatisQiymeti(decimal)" namespace="AzAgroPOS.Varliglar" type_name="Mehsul" block_coverage="100.00" line_coverage="100.00" blocks_covered="1" blocks_not_covered="0" lines_covered="1" lines_partially_covered="0" lines_not_covered="0">
          <ranges>
            <range source_id="15" start_line="13" end_line="13" start_column="50" end_column="54" covered="yes" />
          </ranges>
        </function>
        <function id="10902" token="0x60000f4" name="get_TekEdedSatisQiymeti()" namespace="AzAgroPOS.Varliglar" type_name="Mehsul" block_coverage="100.00" line_coverage="100.00" blocks_covered="1" blocks_not_covered="0" lines_covered="1" lines_partially_covered="0" lines_not_covered="0">
          <ranges>
            <range source_id="15" start_line="14" end_line="14" start_column="46" end_column="50" covered="yes" />
          </ranges>
        </function>
        <function id="10910" token="0x60000f5" name="set_TekEdedSatisQiymeti(decimal)" namespace="AzAgroPOS.Varliglar" type_name="Mehsul" block_coverage="100.00" line_coverage="100.00" blocks_covered="1" blocks_not_covered="0" lines_covered="1" lines_partially_covered="0" lines_not_covered="0">
          <ranges>
            <range source_id="15" start_line="14" end_line="14" start_column="51" end_column="55" covered="yes" />
          </ranges>
        </function>
        <function id="10919" token="0x60000f6" name="get_MovcudSay()" namespace="AzAgroPOS.Varliglar" type_name="Mehsul" block_coverage="100.00" line_coverage="100.00" blocks_covered="1" blocks_not_covered="0" lines_covered="1" lines_partially_covered="0" lines_not_covered="0">
          <ranges>
            <range source_id="15" start_line="15" end_line="15" start_column="32" end_column="36" covered="yes" />
          </ranges>
        </function>
        <function id="10927" token="0x60000f7" name="set_MovcudSay(int)" namespace="AzAgroPOS.Varliglar" type_name="Mehsul" block_coverage="100.00" line_coverage="100.00" blocks_covered="1" blocks_not_covered="0" lines_covered="1" lines_partially_covered="0" lines_not_covered="0">
          <ranges>
            <range source_id="15" start_line="15" end_line="15" start_column="37" end_column="41" covered="yes" />
          </ranges>
        </function>
        <function id="10936" token="0x60000f8" name="get_Aktivdir()" namespace="AzAgroPOS.Varliglar" type_name="Mehsul" block_coverage="100.00" line_coverage="100.00" blocks_covered="1" blocks_not_covered="0" lines_covered="1" lines_partially_covered="0" lines_not_covered="0">
          <ranges>
            <range source_id="15" start_line="16" end_line="16" start_column="32" end_column="36" covered="yes" />
          </ranges>
        </function>
        <function id="10944" token="0x60000f9" name="set_Aktivdir(bool)" namespace="AzAgroPOS.Varliglar" type_name="Mehsul" block_coverage="0.00" line_coverage="0.00" blocks_covered="0" blocks_not_covered="1" lines_covered="0" lines_partially_covered="0" lines_not_covered="1">
          <ranges>
            <range source_id="15" start_line="16" end_line="16" start_column="37" end_column="41" covered="no" />
          </ranges>
        </function>
        <function id="10953" token="0x60000fa" name="get_KateqoriyaId()" namespace="AzAgroPOS.Varliglar" type_name="Mehsul" block_coverage="100.00" line_coverage="100.00" blocks_covered="1" blocks_not_covered="0" lines_covered="1" lines_partially_covered="0" lines_not_covered="0">
          <ranges>
            <range source_id="15" start_line="19" end_line="19" start_column="36" end_column="40" covered="yes" />
          </ranges>
        </function>
        <function id="10961" token="0x60000fb" name="set_KateqoriyaId(System.Nullable&lt;int&gt;)" namespace="AzAgroPOS.Varliglar" type_name="Mehsul" block_coverage="0.00" line_coverage="0.00" blocks_covered="0" blocks_not_covered="1" lines_covered="0" lines_partially_covered="0" lines_not_covered="1">
          <ranges>
            <range source_id="15" start_line="19" end_line="19" start_column="41" end_column="45" covered="no" />
          </ranges>
        </function>
        <function id="10970" token="0x60000fc" name="get_Kateqoriya()" namespace="AzAgroPOS.Varliglar" type_name="Mehsul" block_coverage="100.00" line_coverage="100.00" blocks_covered="1" blocks_not_covered="0" lines_covered="1" lines_partially_covered="0" lines_not_covered="0">
          <ranges>
            <range source_id="15" start_line="20" end_line="20" start_column="41" end_column="45" covered="yes" />
          </ranges>
        </function>
        <function id="10978" token="0x60000fd" name="set_Kateqoriya(AzAgroPOS.Varliglar.Kateqoriya)" namespace="AzAgroPOS.Varliglar" type_name="Mehsul" block_coverage="0.00" line_coverage="0.00" blocks_covered="0" blocks_not_covered="1" lines_covered="0" lines_partially_covered="0" lines_not_covered="1">
          <ranges>
            <range source_id="15" start_line="20" end_line="20" start_column="46" end_column="50" covered="no" />
          </ranges>
        </function>
        <function id="10987" token="0x60000fe" name="get_BrendId()" namespace="AzAgroPOS.Varliglar" type_name="Mehsul" block_coverage="100.00" line_coverage="100.00" blocks_covered="1" blocks_not_covered="0" lines_covered="1" lines_partially_covered="0" lines_not_covered="0">
          <ranges>
            <range source_id="15" start_line="22" end_line="22" start_column="31" end_column="35" covered="yes" />
          </ranges>
        </function>
        <function id="10995" token="0x60000ff" name="set_BrendId(System.Nullable&lt;int&gt;)" namespace="AzAgroPOS.Varliglar" type_name="Mehsul" block_coverage="0.00" line_coverage="0.00" blocks_covered="0" blocks_not_covered="1" lines_covered="0" lines_partially_covered="0" lines_not_covered="1">
          <ranges>
            <range source_id="15" start_line="22" end_line="22" start_column="36" end_column="40" covered="no" />
          </ranges>
        </function>
        <function id="11004" token="0x6000100" name="get_Brend()" namespace="AzAgroPOS.Varliglar" type_name="Mehsul" block_coverage="100.00" line_coverage="100.00" blocks_covered="1" blocks_not_covered="0" lines_covered="1" lines_partially_covered="0" lines_not_covered="0">
          <ranges>
            <range source_id="15" start_line="23" end_line="23" start_column="31" end_column="35" covered="yes" />
          </ranges>
        </function>
        <function id="11012" token="0x6000101" name="set_Brend(AzAgroPOS.Varliglar.Brend)" namespace="AzAgroPOS.Varliglar" type_name="Mehsul" block_coverage="0.00" line_coverage="0.00" blocks_covered="0" blocks_not_covered="1" lines_covered="0" lines_partially_covered="0" lines_not_covered="1">
          <ranges>
            <range source_id="15" start_line="23" end_line="23" start_column="36" end_column="40" covered="no" />
          </ranges>
        </function>
        <function id="11021" token="0x6000102" name="get_TedarukcuId()" namespace="AzAgroPOS.Varliglar" type_name="Mehsul" block_coverage="100.00" line_coverage="100.00" blocks_covered="1" blocks_not_covered="0" lines_covered="1" lines_partially_covered="0" lines_not_covered="0">
          <ranges>
            <range source_id="15" start_line="25" end_line="25" start_column="35" end_column="39" covered="yes" />
          </ranges>
        </function>
        <function id="11029" token="0x6000103" name="set_TedarukcuId(System.Nullable&lt;int&gt;)" namespace="AzAgroPOS.Varliglar" type_name="Mehsul" block_coverage="0.00" line_coverage="0.00" blocks_covered="0" blocks_not_covered="1" lines_covered="0" lines_partially_covered="0" lines_not_covered="1">
          <ranges>
            <range source_id="15" start_line="25" end_line="25" start_column="40" end_column="44" covered="no" />
          </ranges>
        </function>
        <function id="11038" token="0x6000104" name="get_Tedarukcu()" namespace="AzAgroPOS.Varliglar" type_name="Mehsul" block_coverage="100.00" line_coverage="100.00" blocks_covered="1" blocks_not_covered="0" lines_covered="1" lines_partially_covered="0" lines_not_covered="0">
          <ranges>
            <range source_id="15" start_line="26" end_line="26" start_column="39" end_column="43" covered="yes" />
          </ranges>
        </function>
        <function id="11046" token="0x6000105" name="set_Tedarukcu(AzAgroPOS.Varliglar.Tedarukcu)" namespace="AzAgroPOS.Varliglar" type_name="Mehsul" block_coverage="0.00" line_coverage="0.00" blocks_covered="0" blocks_not_covered="1" lines_covered="0" lines_partially_covered="0" lines_not_covered="1">
          <ranges>
            <range source_id="15" start_line="26" end_line="26" start_column="44" end_column="48" covered="no" />
          </ranges>
        </function>
        <function id="11055" token="0x6000106" name="get_MinimumStok()" namespace="AzAgroPOS.Varliglar" type_name="Mehsul" block_coverage="100.00" line_coverage="100.00" blocks_covered="1" blocks_not_covered="0" lines_covered="1" lines_partially_covered="0" lines_not_covered="0">
          <ranges>
            <range source_id="15" start_line="28" end_line="28" start_column="34" end_column="38" covered="yes" />
          </ranges>
        </function>
        <function id="11063" token="0x6000107" name="set_MinimumStok(int)" namespace="AzAgroPOS.Varliglar" type_name="Mehsul" block_coverage="0.00" line_coverage="0.00" blocks_covered="0" blocks_not_covered="1" lines_covered="0" lines_partially_covered="0" lines_not_covered="1">
          <ranges>
            <range source_id="15" start_line="28" end_line="28" start_column="39" end_column="43" covered="no" />
          </ranges>
        </function>
        <function id="11072" token="0x6000108" name="get_SekilYolu()" namespace="AzAgroPOS.Varliglar" type_name="Mehsul" block_coverage="100.00" line_coverage="100.00" blocks_covered="1" blocks_not_covered="0" lines_covered="1" lines_partially_covered="0" lines_not_covered="0">
          <ranges>
            <range source_id="15" start_line="30" end_line="30" start_column="36" end_column="40" covered="yes" />
          </ranges>
        </function>
        <function id="11080" token="0x6000109" name="set_SekilYolu(string)" namespace="AzAgroPOS.Varliglar" type_name="Mehsul" block_coverage="0.00" line_coverage="0.00" blocks_covered="0" blocks_not_covered="1" lines_covered="0" lines_partially_covered="0" lines_not_covered="1">
          <ranges>
            <range source_id="15" start_line="30" end_line="30" start_column="41" end_column="45" covered="no" />
          </ranges>
        </function>
        <function id="11089" token="0x600010a" name="Mehsul()" namespace="AzAgroPOS.Varliglar" type_name="Mehsul" block_coverage="100.00" line_coverage="100.00" blocks_covered="2" blocks_not_covered="0" lines_covered="3" lines_partially_covered="0" lines_not_covered="0">
          <ranges>
            <range source_id="15" start_line="6" end_line="6" start_column="42" end_column="54" covered="yes" />
            <range source_id="15" start_line="16" end_line="16" start_column="46" end_column="50" covered="yes" />
            <range source_id="15" start_line="28" end_line="28" start_column="48" end_column="49" covered="yes" />
          </ranges>
        </function>
        <function id="11123" token="0x600010b" name="get_TamAd()" namespace="AzAgroPOS.Varliglar" type_name="Musteri" block_coverage="100.00" line_coverage="100.00" blocks_covered="1" blocks_not_covered="0" lines_covered="1" lines_partially_covered="0" lines_not_covered="0">
          <ranges>
            <range source_id="16" start_line="16" end_line="16" start_column="27" end_column="31" covered="yes" />
          </ranges>
        </function>
        <function id="11131" token="0x600010c" name="set_TamAd(string)" namespace="AzAgroPOS.Varliglar" type_name="Musteri" block_coverage="100.00" line_coverage="100.00" blocks_covered="1" blocks_not_covered="0" lines_covered="1" lines_partially_covered="0" lines_not_covered="0">
          <ranges>
            <range source_id="16" start_line="16" end_line="16" start_column="32" end_column="36" covered="yes" />
          </ranges>
        </function>
        <function id="11140" token="0x600010d" name="get_TelefonNomresi()" namespace="AzAgroPOS.Varliglar" type_name="Musteri" block_coverage="100.00" line_coverage="100.00" blocks_covered="1" blocks_not_covered="0" lines_covered="1" lines_partially_covered="0" lines_not_covered="0">
          <ranges>
            <range source_id="16" start_line="23" end_line="23" start_column="36" end_column="40" covered="yes" />
          </ranges>
        </function>
        <function id="11148" token="0x600010e" name="set_TelefonNomresi(string)" namespace="AzAgroPOS.Varliglar" type_name="Musteri" block_coverage="100.00" line_coverage="100.00" blocks_covered="1" blocks_not_covered="0" lines_covered="1" lines_partially_covered="0" lines_not_covered="0">
          <ranges>
            <range source_id="16" start_line="23" end_line="23" start_column="41" end_column="45" covered="yes" />
          </ranges>
        </function>
        <function id="11157" token="0x600010f" name="get_Unvan()" namespace="AzAgroPOS.Varliglar" type_name="Musteri" block_coverage="100.00" line_coverage="100.00" blocks_covered="1" blocks_not_covered="0" lines_covered="1" lines_partially_covered="0" lines_not_covered="0">
          <ranges>
            <range source_id="16" start_line="30" end_line="30" start_column="28" end_column="32" covered="yes" />
          </ranges>
        </function>
        <function id="11165" token="0x6000110" name="set_Unvan(string)" namespace="AzAgroPOS.Varliglar" type_name="Musteri" block_coverage="100.00" line_coverage="100.00" blocks_covered="1" blocks_not_covered="0" lines_covered="1" lines_partially_covered="0" lines_not_covered="0">
          <ranges>
            <range source_id="16" start_line="30" end_line="30" start_column="33" end_column="37" covered="yes" />
          </ranges>
        </function>
        <function id="11174" token="0x6000111" name="get_UmumiBorc()" namespace="AzAgroPOS.Varliglar" type_name="Musteri" block_coverage="100.00" line_coverage="100.00" blocks_covered="1" blocks_not_covered="0" lines_covered="1" lines_partially_covered="0" lines_not_covered="0">
          <ranges>
            <range source_id="16" start_line="37" end_line="37" start_column="32" end_column="36" covered="yes" />
          </ranges>
        </function>
        <function id="11182" token="0x6000112" name="set_UmumiBorc(decimal)" namespace="AzAgroPOS.Varliglar" type_name="Musteri" block_coverage="100.00" line_coverage="100.00" blocks_covered="1" blocks_not_covered="0" lines_covered="1" lines_partially_covered="0" lines_not_covered="0">
          <ranges>
            <range source_id="16" start_line="37" end_line="37" start_column="37" end_column="41" covered="yes" />
          </ranges>
        </function>
        <function id="11191" token="0x6000113" name="get_KreditLimiti()" namespace="AzAgroPOS.Varliglar" type_name="Musteri" block_coverage="100.00" line_coverage="100.00" blocks_covered="1" blocks_not_covered="0" lines_covered="1" lines_partially_covered="0" lines_not_covered="0">
          <ranges>
            <range source_id="16" start_line="42" end_line="42" start_column="35" end_column="39" covered="yes" />
          </ranges>
        </function>
        <function id="11199" token="0x6000114" name="set_KreditLimiti(decimal)" namespace="AzAgroPOS.Varliglar" type_name="Musteri" block_coverage="100.00" line_coverage="100.00" blocks_covered="1" blocks_not_covered="0" lines_covered="1" lines_partially_covered="0" lines_not_covered="0">
          <ranges>
            <range source_id="16" start_line="42" end_line="42" start_column="40" end_column="44" covered="yes" />
          </ranges>
        </function>
        <function id="11208" token="0x6000115" name="Musteri()" namespace="AzAgroPOS.Varliglar" type_name="Musteri" block_coverage="100.00" line_coverage="100.00" blocks_covered="2" blocks_not_covered="0" lines_covered="3" lines_partially_covered="0" lines_not_covered="0">
          <ranges>
            <range source_id="16" start_line="16" end_line="16" start_column="41" end_column="53" covered="yes" />
            <range source_id="16" start_line="23" end_line="23" start_column="50" end_column="62" covered="yes" />
            <range source_id="16" start_line="42" end_line="42" start_column="49" end_column="50" covered="yes" />
          </ranges>
        </function>
        <function id="11251" token="0x6000116" name="get_MusteriId()" namespace="AzAgroPOS.Varliglar" type_name="NisyeHereketi" block_coverage="0.00" line_coverage="0.00" blocks_covered="0" blocks_not_covered="1" lines_covered="0" lines_partially_covered="0" lines_not_covered="1">
          <ranges>
            <range source_id="17" start_line="17" end_line="17" start_column="28" end_column="32" covered="no" />
          </ranges>
        </function>
        <function id="11259" token="0x6000117" name="set_MusteriId(int)" namespace="AzAgroPOS.Varliglar" type_name="NisyeHereketi" block_coverage="0.00" line_coverage="0.00" blocks_covered="0" blocks_not_covered="1" lines_covered="0" lines_partially_covered="0" lines_not_covered="1">
          <ranges>
            <range source_id="17" start_line="17" end_line="17" start_column="33" end_column="37" covered="no" />
          </ranges>
        </function>
        <function id="11268" token="0x6000118" name="get_Musteri()" namespace="AzAgroPOS.Varliglar" type_name="NisyeHereketi" block_coverage="0.00" line_coverage="0.00" blocks_covered="0" blocks_not_covered="1" lines_covered="0" lines_partially_covered="0" lines_not_covered="1">
          <ranges>
            <range source_id="17" start_line="25" end_line="25" start_column="31" end_column="35" covered="no" />
          </ranges>
        </function>
        <function id="11276" token="0x6000119" name="set_Musteri(AzAgroPOS.Varliglar.Musteri)" namespace="AzAgroPOS.Varliglar" type_name="NisyeHereketi" block_coverage="0.00" line_coverage="0.00" blocks_covered="0" blocks_not_covered="1" lines_covered="0" lines_partially_covered="0" lines_not_covered="1">
          <ranges>
            <range source_id="17" start_line="25" end_line="25" start_column="36" end_column="40" covered="no" />
          </ranges>
        </function>
        <function id="11285" token="0x600011a" name="get_Tarix()" namespace="AzAgroPOS.Varliglar" type_name="NisyeHereketi" block_coverage="0.00" line_coverage="0.00" blocks_covered="0" blocks_not_covered="1" lines_covered="0" lines_partially_covered="0" lines_not_covered="1">
          <ranges>
            <range source_id="17" start_line="33" end_line="33" start_column="29" end_column="33" covered="no" />
          </ranges>
        </function>
        <function id="11293" token="0x600011b" name="set_Tarix(System.DateTime)" namespace="AzAgroPOS.Varliglar" type_name="NisyeHereketi" block_coverage="0.00" line_coverage="0.00" blocks_covered="0" blocks_not_covered="1" lines_covered="0" lines_partially_covered="0" lines_not_covered="1">
          <ranges>
            <range source_id="17" start_line="33" end_line="33" start_column="34" end_column="38" covered="no" />
          </ranges>
        </function>
        <function id="11302" token="0x600011c" name="get_EmeliyyatNovu()" namespace="AzAgroPOS.Varliglar" type_name="NisyeHereketi" block_coverage="0.00" line_coverage="0.00" blocks_covered="0" blocks_not_covered="1" lines_covered="0" lines_partially_covered="0" lines_not_covered="1">
          <ranges>
            <range source_id="17" start_line="41" end_line="41" start_column="42" end_column="46" covered="no" />
          </ranges>
        </function>
        <function id="11310" token="0x600011d" name="set_EmeliyyatNovu(AzAgroPOS.Varliglar.EmeliyyatNovu)" namespace="AzAgroPOS.Varliglar" type_name="NisyeHereketi" block_coverage="0.00" line_coverage="0.00" blocks_covered="0" blocks_not_covered="1" lines_covered="0" lines_partially_covered="0" lines_not_covered="1">
          <ranges>
            <range source_id="17" start_line="41" end_line="41" start_column="47" end_column="51" covered="no" />
          </ranges>
        </function>
        <function id="11319" token="0x600011e" name="get_Mebleg()" namespace="AzAgroPOS.Varliglar" type_name="NisyeHereketi" block_coverage="0.00" line_coverage="0.00" blocks_covered="0" blocks_not_covered="1" lines_covered="0" lines_partially_covered="0" lines_not_covered="1">
          <ranges>
            <range source_id="17" start_line="50" end_line="50" start_column="29" end_column="33" covered="no" />
          </ranges>
        </function>
        <function id="11327" token="0x600011f" name="set_Mebleg(decimal)" namespace="AzAgroPOS.Varliglar" type_name="NisyeHereketi" block_coverage="0.00" line_coverage="0.00" blocks_covered="0" blocks_not_covered="1" lines_covered="0" lines_partially_covered="0" lines_not_covered="1">
          <ranges>
            <range source_id="17" start_line="50" end_line="50" start_column="34" end_column="38" covered="no" />
          </ranges>
        </function>
        <function id="11336" token="0x6000120" name="get_SatisId()" namespace="AzAgroPOS.Varliglar" type_name="NisyeHereketi" block_coverage="0.00" line_coverage="0.00" blocks_covered="0" blocks_not_covered="1" lines_covered="0" lines_partially_covered="0" lines_not_covered="1">
          <ranges>
            <range source_id="17" start_line="58" end_line="58" start_column="27" end_column="31" covered="no" />
          </ranges>
        </function>
        <function id="11344" token="0x6000121" name="set_SatisId(System.Nullable&lt;int&gt;)" namespace="AzAgroPOS.Varliglar" type_name="NisyeHereketi" block_coverage="0.00" line_coverage="0.00" blocks_covered="0" blocks_not_covered="1" lines_covered="0" lines_partially_covered="0" lines_not_covered="1">
          <ranges>
            <range source_id="17" start_line="58" end_line="58" start_column="32" end_column="36" covered="no" />
          </ranges>
        </function>
        <function id="11353" token="0x6000122" name="get_Satis()" namespace="AzAgroPOS.Varliglar" type_name="NisyeHereketi" block_coverage="0.00" line_coverage="0.00" blocks_covered="0" blocks_not_covered="1" lines_covered="0" lines_partially_covered="0" lines_not_covered="1">
          <ranges>
            <range source_id="17" start_line="66" end_line="66" start_column="27" end_column="31" covered="no" />
          </ranges>
        </function>
        <function id="11361" token="0x6000123" name="set_Satis(AzAgroPOS.Varliglar.Satis)" namespace="AzAgroPOS.Varliglar" type_name="NisyeHereketi" block_coverage="0.00" line_coverage="0.00" blocks_covered="0" blocks_not_covered="1" lines_covered="0" lines_partially_covered="0" lines_not_covered="1">
          <ranges>
            <range source_id="17" start_line="66" end_line="66" start_column="32" end_column="36" covered="no" />
          </ranges>
        </function>
        <function id="11370" token="0x6000124" name="get_Qeyd()" namespace="AzAgroPOS.Varliglar" type_name="NisyeHereketi" block_coverage="0.00" line_coverage="0.00" blocks_covered="0" blocks_not_covered="1" lines_covered="0" lines_partially_covered="0" lines_not_covered="1">
          <ranges>
            <range source_id="17" start_line="74" end_line="74" start_column="27" end_column="31" covered="no" />
          </ranges>
        </function>
        <function id="11378" token="0x6000125" name="set_Qeyd(string)" namespace="AzAgroPOS.Varliglar" type_name="NisyeHereketi" block_coverage="0.00" line_coverage="0.00" blocks_covered="0" blocks_not_covered="1" lines_covered="0" lines_partially_covered="0" lines_not_covered="1">
          <ranges>
            <range source_id="17" start_line="74" end_line="74" start_column="32" end_column="36" covered="no" />
          </ranges>
        </function>
        <function id="11396" token="0x6000127" name="get_IsciId()" namespace="AzAgroPOS.Varliglar" type_name="Novbe" block_coverage="100.00" line_coverage="100.00" blocks_covered="1" blocks_not_covered="0" lines_covered="1" lines_partially_covered="0" lines_not_covered="0">
          <ranges>
            <range source_id="18" start_line="10" end_line="10" start_column="25" end_column="29" covered="yes" />
          </ranges>
        </function>
        <function id="11404" token="0x6000128" name="set_IsciId(int)" namespace="AzAgroPOS.Varliglar" type_name="Novbe" block_coverage="100.00" line_coverage="100.00" blocks_covered="1" blocks_not_covered="0" lines_covered="1" lines_partially_covered="0" lines_not_covered="0">
          <ranges>
            <range source_id="18" start_line="10" end_line="10" start_column="30" end_column="34" covered="yes" />
          </ranges>
        </function>
        <function id="11413" token="0x6000129" name="get_Isci()" namespace="AzAgroPOS.Varliglar" type_name="Novbe" block_coverage="0.00" line_coverage="0.00" blocks_covered="0" blocks_not_covered="1" lines_covered="0" lines_partially_covered="0" lines_not_covered="1">
          <ranges>
            <range source_id="18" start_line="12" end_line="12" start_column="31" end_column="35" covered="no" />
          </ranges>
        </function>
        <function id="11421" token="0x600012a" name="set_Isci(AzAgroPOS.Varliglar.Istifadeci)" namespace="AzAgroPOS.Varliglar" type_name="Novbe" block_coverage="0.00" line_coverage="0.00" blocks_covered="0" blocks_not_covered="1" lines_covered="0" lines_partially_covered="0" lines_not_covered="1">
          <ranges>
            <range source_id="18" start_line="12" end_line="12" start_column="36" end_column="40" covered="no" />
          </ranges>
        </function>
        <function id="11430" token="0x600012b" name="get_AcilmaTarixi()" namespace="AzAgroPOS.Varliglar" type_name="Novbe" block_coverage="100.00" line_coverage="100.00" blocks_covered="1" blocks_not_covered="0" lines_covered="1" lines_partially_covered="0" lines_not_covered="0">
          <ranges>
            <range source_id="18" start_line="14" end_line="14" start_column="36" end_column="40" covered="yes" />
          </ranges>
        </function>
        <function id="11438" token="0x600012c" name="set_AcilmaTarixi(System.DateTime)" namespace="AzAgroPOS.Varliglar" type_name="Novbe" block_coverage="100.00" line_coverage="100.00" blocks_covered="1" blocks_not_covered="0" lines_covered="1" lines_partially_covered="0" lines_not_covered="0">
          <ranges>
            <range source_id="18" start_line="14" end_line="14" start_column="41" end_column="45" covered="yes" />
          </ranges>
        </function>
        <function id="11447" token="0x600012d" name="get_BaglanmaTarixi()" namespace="AzAgroPOS.Varliglar" type_name="Novbe" block_coverage="100.00" line_coverage="100.00" blocks_covered="1" blocks_not_covered="0" lines_covered="1" lines_partially_covered="0" lines_not_covered="0">
          <ranges>
            <range source_id="18" start_line="16" end_line="16" start_column="39" end_column="43" covered="yes" />
          </ranges>
        </function>
        <function id="11455" token="0x600012e" name="set_BaglanmaTarixi(System.Nullable&lt;System.DateTime&gt;)" namespace="AzAgroPOS.Varliglar" type_name="Novbe" block_coverage="100.00" line_coverage="100.00" blocks_covered="1" blocks_not_covered="0" lines_covered="1" lines_partially_covered="0" lines_not_covered="0">
          <ranges>
            <range source_id="18" start_line="16" end_line="16" start_column="44" end_column="48" covered="yes" />
          </ranges>
        </function>
        <function id="11464" token="0x600012f" name="get_BaslangicMebleg()" namespace="AzAgroPOS.Varliglar" type_name="Novbe" block_coverage="100.00" line_coverage="100.00" blocks_covered="1" blocks_not_covered="0" lines_covered="1" lines_partially_covered="0" lines_not_covered="0">
          <ranges>
            <range source_id="18" start_line="18" end_line="18" start_column="38" end_column="42" covered="yes" />
          </ranges>
        </function>
        <function id="11472" token="0x6000130" name="set_BaslangicMebleg(decimal)" namespace="AzAgroPOS.Varliglar" type_name="Novbe" block_coverage="100.00" line_coverage="100.00" blocks_covered="1" blocks_not_covered="0" lines_covered="1" lines_partially_covered="0" lines_not_covered="0">
          <ranges>
            <range source_id="18" start_line="18" end_line="18" start_column="43" end_column="47" covered="yes" />
          </ranges>
        </function>
        <function id="11481" token="0x6000131" name="get_GozlenilenMebleg()" namespace="AzAgroPOS.Varliglar" type_name="Novbe" block_coverage="100.00" line_coverage="100.00" blocks_covered="1" blocks_not_covered="0" lines_covered="1" lines_partially_covered="0" lines_not_covered="0">
          <ranges>
            <range source_id="18" start_line="20" end_line="20" start_column="39" end_column="43" covered="yes" />
          </ranges>
        </function>
        <function id="11489" token="0x6000132" name="set_GozlenilenMebleg(decimal)" namespace="AzAgroPOS.Varliglar" type_name="Novbe" block_coverage="100.00" line_coverage="100.00" blocks_covered="1" blocks_not_covered="0" lines_covered="1" lines_partially_covered="0" lines_not_covered="0">
          <ranges>
            <range source_id="18" start_line="20" end_line="20" start_column="44" end_column="48" covered="yes" />
          </ranges>
        </function>
        <function id="11498" token="0x6000133" name="get_FaktikiMebleg()" namespace="AzAgroPOS.Varliglar" type_name="Novbe" block_coverage="100.00" line_coverage="100.00" blocks_covered="1" blocks_not_covered="0" lines_covered="1" lines_partially_covered="0" lines_not_covered="0">
          <ranges>
            <range source_id="18" start_line="22" end_line="22" start_column="36" end_column="40" covered="yes" />
          </ranges>
        </function>
        <function id="11506" token="0x6000134" name="set_FaktikiMebleg(decimal)" namespace="AzAgroPOS.Varliglar" type_name="Novbe" block_coverage="100.00" line_coverage="100.00" blocks_covered="1" blocks_not_covered="0" lines_covered="1" lines_partially_covered="0" lines_not_covered="0">
          <ranges>
            <range source_id="18" start_line="22" end_line="22" start_column="41" end_column="45" covered="yes" />
          </ranges>
        </function>
        <function id="11515" token="0x6000135" name="get_Status()" namespace="AzAgroPOS.Varliglar" type_name="Novbe" block_coverage="100.00" line_coverage="100.00" blocks_covered="1" blocks_not_covered="0" lines_covered="1" lines_partially_covered="0" lines_not_covered="0">
          <ranges>
            <range source_id="18" start_line="24" end_line="24" start_column="34" end_column="38" covered="yes" />
          </ranges>
        </function>
        <function id="11523" token="0x6000136" name="set_Status(AzAgroPOS.Varliglar.NovbeStatusu)" namespace="AzAgroPOS.Varliglar" type_name="Novbe" block_coverage="100.00" line_coverage="100.00" blocks_covered="1" blocks_not_covered="0" lines_covered="1" lines_partially_covered="0" lines_not_covered="0">
          <ranges>
            <range source_id="18" start_line="24" end_line="24" start_column="39" end_column="43" covered="yes" />
          </ranges>
        </function>
        <function id="11532" token="0x6000137" name="get_Satislar()" namespace="AzAgroPOS.Varliglar" type_name="Novbe" block_coverage="0.00" line_coverage="0.00" blocks_covered="0" blocks_not_covered="1" lines_covered="0" lines_partially_covered="0" lines_not_covered="1">
          <ranges>
            <range source_id="18" start_line="26" end_line="26" start_column="42" end_column="46" covered="no" />
          </ranges>
        </function>
        <function id="11540" token="0x6000138" name="set_Satislar(System.Collections.Generic.ICollection&lt;AzAgroPOS.Varliglar.Satis&gt;)" namespace="AzAgroPOS.Varliglar" type_name="Novbe" block_coverage="0.00" line_coverage="0.00" blocks_covered="0" blocks_not_covered="1" lines_covered="0" lines_partially_covered="0" lines_not_covered="1">
          <ranges>
            <range source_id="18" start_line="26" end_line="26" start_column="47" end_column="51" covered="no" />
          </ranges>
        </function>
        <function id="11549" token="0x6000139" name="Novbe()" namespace="AzAgroPOS.Varliglar" type_name="Novbe" block_coverage="100.00" line_coverage="100.00" blocks_covered="3" blocks_not_covered="0" lines_covered="1" lines_partially_covered="0" lines_not_covered="0">
          <ranges>
            <range source_id="18" start_line="26" end_line="26" start_column="56" end_column="73" covered="yes" />
          </ranges>
        </function>
        <function id="11569" token="0x600013a" name="get_Tarix()" namespace="AzAgroPOS.Varliglar" type_name="Qaytarma" block_coverage="0.00" line_coverage="0.00" blocks_covered="0" blocks_not_covered="1" lines_covered="0" lines_partially_covered="0" lines_not_covered="1">
          <ranges>
            <range source_id="19" start_line="15" end_line="15" start_column="29" end_column="33" covered="no" />
          </ranges>
        </function>
        <function id="11577" token="0x600013b" name="set_Tarix(System.DateTime)" namespace="AzAgroPOS.Varliglar" type_name="Qaytarma" block_coverage="0.00" line_coverage="0.00" blocks_covered="0" blocks_not_covered="1" lines_covered="0" lines_partially_covered="0" lines_not_covered="1">
          <ranges>
            <range source_id="19" start_line="15" end_line="15" start_column="34" end_column="38" covered="no" />
          </ranges>
        </function>
        <function id="11586" token="0x600013c" name="get_SatisId()" namespace="AzAgroPOS.Varliglar" type_name="Qaytarma" block_coverage="0.00" line_coverage="0.00" blocks_covered="0" blocks_not_covered="1" lines_covered="0" lines_partially_covered="0" lines_not_covered="1">
          <ranges>
            <range source_id="19" start_line="20" end_line="20" start_column="26" end_column="30" covered="no" />
          </ranges>
        </function>
        <function id="11594" token="0x600013d" name="set_SatisId(int)" namespace="AzAgroPOS.Varliglar" type_name="Qaytarma" block_coverage="0.00" line_coverage="0.00" blocks_covered="0" blocks_not_covered="1" lines_covered="0" lines_partially_covered="0" lines_not_covered="1">
          <ranges>
            <range source_id="19" start_line="20" end_line="20" start_column="31" end_column="35" covered="no" />
          </ranges>
        </function>
        <function id="11603" token="0x600013e" name="get_Satis()" namespace="AzAgroPOS.Varliglar" type_name="Qaytarma" block_coverage="0.00" line_coverage="0.00" blocks_covered="0" blocks_not_covered="1" lines_covered="0" lines_partially_covered="0" lines_not_covered="1">
          <ranges>
            <range source_id="19" start_line="25" end_line="25" start_column="27" end_column="31" covered="no" />
          </ranges>
        </function>
        <function id="11611" token="0x600013f" name="set_Satis(AzAgroPOS.Varliglar.Satis)" namespace="AzAgroPOS.Varliglar" type_name="Qaytarma" block_coverage="0.00" line_coverage="0.00" blocks_covered="0" blocks_not_covered="1" lines_covered="0" lines_partially_covered="0" lines_not_covered="1">
          <ranges>
            <range source_id="19" start_line="25" end_line="25" start_column="32" end_column="36" covered="no" />
          </ranges>
        </function>
        <function id="11620" token="0x6000140" name="get_UmumiMebleg()" namespace="AzAgroPOS.Varliglar" type_name="Qaytarma" block_coverage="0.00" line_coverage="0.00" blocks_covered="0" blocks_not_covered="1" lines_covered="0" lines_partially_covered="0" lines_not_covered="1">
          <ranges>
            <range source_id="19" start_line="30" end_line="30" start_column="34" end_column="38" covered="no" />
          </ranges>
        </function>
        <function id="11628" token="0x6000141" name="set_UmumiMebleg(decimal)" namespace="AzAgroPOS.Varliglar" type_name="Qaytarma" block_coverage="0.00" line_coverage="0.00" blocks_covered="0" blocks_not_covered="1" lines_covered="0" lines_partially_covered="0" lines_not_covered="1">
          <ranges>
            <range source_id="19" start_line="30" end_line="30" start_column="39" end_column="43" covered="no" />
          </ranges>
        </function>
        <function id="11637" token="0x6000142" name="get_Sebeb()" namespace="AzAgroPOS.Varliglar" type_name="Qaytarma" block_coverage="0.00" line_coverage="0.00" blocks_covered="0" blocks_not_covered="1" lines_covered="0" lines_partially_covered="0" lines_not_covered="1">
          <ranges>
            <range source_id="19" start_line="35" end_line="35" start_column="27" end_column="31" covered="no" />
          </ranges>
        </function>
        <function id="11645" token="0x6000143" name="set_Sebeb(string)" namespace="AzAgroPOS.Varliglar" type_name="Qaytarma" block_coverage="0.00" line_coverage="0.00" blocks_covered="0" blocks_not_covered="1" lines_covered="0" lines_partially_covered="0" lines_not_covered="1">
          <ranges>
            <range source_id="19" start_line="35" end_line="35" start_column="32" end_column="36" covered="no" />
          </ranges>
        </function>
        <function id="11654" token="0x6000144" name="get_KassirId()" namespace="AzAgroPOS.Varliglar" type_name="Qaytarma" block_coverage="0.00" line_coverage="0.00" blocks_covered="0" blocks_not_covered="1" lines_covered="0" lines_partially_covered="0" lines_not_covered="1">
          <ranges>
            <range source_id="19" start_line="40" end_line="40" start_column="27" end_column="31" covered="no" />
          </ranges>
        </function>
        <function id="11662" token="0x6000145" name="set_KassirId(int)" namespace="AzAgroPOS.Varliglar" type_name="Qaytarma" block_coverage="0.00" line_coverage="0.00" blocks_covered="0" blocks_not_covered="1" lines_covered="0" lines_partially_covered="0" lines_not_covered="1">
          <ranges>
            <range source_id="19" start_line="40" end_line="40" start_column="32" end_column="36" covered="no" />
          </ranges>
        </function>
        <function id="11671" token="0x6000146" name="get_Kassir()" namespace="AzAgroPOS.Varliglar" type_name="Qaytarma" block_coverage="0.00" line_coverage="0.00" blocks_covered="0" blocks_not_covered="1" lines_covered="0" lines_partially_covered="0" lines_not_covered="1">
          <ranges>
            <range source_id="19" start_line="45" end_line="45" start_column="33" end_column="37" covered="no" />
          </ranges>
        </function>
        <function id="11679" token="0x6000147" name="set_Kassir(AzAgroPOS.Varliglar.Istifadeci)" namespace="AzAgroPOS.Varliglar" type_name="Qaytarma" block_coverage="0.00" line_coverage="0.00" blocks_covered="0" blocks_not_covered="1" lines_covered="0" lines_partially_covered="0" lines_not_covered="1">
          <ranges>
            <range source_id="19" start_line="45" end_line="45" start_column="38" end_column="42" covered="no" />
          </ranges>
        </function>
        <function id="11688" token="0x6000148" name="get_QaytarmaDetallari()" namespace="AzAgroPOS.Varliglar" type_name="Qaytarma" block_coverage="0.00" line_coverage="0.00" blocks_covered="0" blocks_not_covered="1" lines_covered="0" lines_partially_covered="0" lines_not_covered="1">
          <ranges>
            <range source_id="19" start_line="50" end_line="50" start_column="60" end_column="64" covered="no" />
          </ranges>
        </function>
        <function id="11696" token="0x6000149" name="set_QaytarmaDetallari(System.Collections.Generic.ICollection&lt;AzAgroPOS.Varliglar.QaytarmaDetali&gt;)" namespace="AzAgroPOS.Varliglar" type_name="Qaytarma" block_coverage="0.00" line_coverage="0.00" blocks_covered="0" blocks_not_covered="1" lines_covered="0" lines_partially_covered="0" lines_not_covered="1">
          <ranges>
            <range source_id="19" start_line="50" end_line="50" start_column="65" end_column="69" covered="no" />
          </ranges>
        </function>
        <function id="11705" token="0x600014a" name="Qaytarma()" namespace="AzAgroPOS.Varliglar" type_name="Qaytarma" block_coverage="0.00" line_coverage="0.00" blocks_covered="0" blocks_not_covered="3" lines_covered="0" lines_partially_covered="0" lines_not_covered="2">
          <ranges>
            <range source_id="19" start_line="35" end_line="35" start_column="41" end_column="53" covered="no" />
            <range source_id="19" start_line="50" end_line="50" start_column="74" end_column="100" covered="no" />
          </ranges>
        </function>
        <function id="11736" token="0x600014b" name="get_QaytarmaId()" namespace="AzAgroPOS.Varliglar" type_name="QaytarmaDetali" block_coverage="0.00" line_coverage="0.00" blocks_covered="0" blocks_not_covered="1" lines_covered="0" lines_partially_covered="0" lines_not_covered="1">
          <ranges>
            <range source_id="20" start_line="11" end_line="11" start_column="29" end_column="33" covered="no" />
          </ranges>
        </function>
        <function id="11744" token="0x600014c" name="set_QaytarmaId(int)" namespace="AzAgroPOS.Varliglar" type_name="QaytarmaDetali" block_coverage="0.00" line_coverage="0.00" blocks_covered="0" blocks_not_covered="1" lines_covered="0" lines_partially_covered="0" lines_not_covered="1">
          <ranges>
            <range source_id="20" start_line="11" end_line="11" start_column="34" end_column="38" covered="no" />
          </ranges>
        </function>
        <function id="11753" token="0x600014d" name="get_Qaytarma()" namespace="AzAgroPOS.Varliglar" type_name="QaytarmaDetali" block_coverage="0.00" line_coverage="0.00" blocks_covered="0" blocks_not_covered="1" lines_covered="0" lines_partially_covered="0" lines_not_covered="1">
          <ranges>
            <range source_id="20" start_line="16" end_line="16" start_column="33" end_column="37" covered="no" />
          </ranges>
        </function>
        <function id="11761" token="0x600014e" name="set_Qaytarma(AzAgroPOS.Varliglar.Qaytarma)" namespace="AzAgroPOS.Varliglar" type_name="QaytarmaDetali" block_coverage="0.00" line_coverage="0.00" blocks_covered="0" blocks_not_covered="1" lines_covered="0" lines_partially_covered="0" lines_not_covered="1">
          <ranges>
            <range source_id="20" start_line="16" end_line="16" start_column="38" end_column="42" covered="no" />
          </ranges>
        </function>
        <function id="11770" token="0x600014f" name="get_MehsulId()" namespace="AzAgroPOS.Varliglar" type_name="QaytarmaDetali" block_coverage="0.00" line_coverage="0.00" blocks_covered="0" blocks_not_covered="1" lines_covered="0" lines_partially_covered="0" lines_not_covered="1">
          <ranges>
            <range source_id="20" start_line="21" end_line="21" start_column="27" end_column="31" covered="no" />
          </ranges>
        </function>
        <function id="11778" token="0x6000150" name="set_MehsulId(int)" namespace="AzAgroPOS.Varliglar" type_name="QaytarmaDetali" block_coverage="0.00" line_coverage="0.00" blocks_covered="0" blocks_not_covered="1" lines_covered="0" lines_partially_covered="0" lines_not_covered="1">
          <ranges>
            <range source_id="20" start_line="21" end_line="21" start_column="32" end_column="36" covered="no" />
          </ranges>
        </function>
        <function id="11787" token="0x6000151" name="get_Mehsul()" namespace="AzAgroPOS.Varliglar" type_name="QaytarmaDetali" block_coverage="0.00" line_coverage="0.00" blocks_covered="0" blocks_not_covered="1" lines_covered="0" lines_partially_covered="0" lines_not_covered="1">
          <ranges>
            <range source_id="20" start_line="26" end_line="26" start_column="29" end_column="33" covered="no" />
          </ranges>
        </function>
        <function id="11795" token="0x6000152" name="set_Mehsul(AzAgroPOS.Varliglar.Mehsul)" namespace="AzAgroPOS.Varliglar" type_name="QaytarmaDetali" block_coverage="0.00" line_coverage="0.00" blocks_covered="0" blocks_not_covered="1" lines_covered="0" lines_partially_covered="0" lines_not_covered="1">
          <ranges>
            <range source_id="20" start_line="26" end_line="26" start_column="34" end_column="38" covered="no" />
          </ranges>
        </function>
        <function id="11804" token="0x6000153" name="get_Miqdar()" namespace="AzAgroPOS.Varliglar" type_name="QaytarmaDetali" block_coverage="0.00" line_coverage="0.00" blocks_covered="0" blocks_not_covered="1" lines_covered="0" lines_partially_covered="0" lines_not_covered="1">
          <ranges>
            <range source_id="20" start_line="31" end_line="31" start_column="29" end_column="33" covered="no" />
          </ranges>
        </function>
        <function id="11812" token="0x6000154" name="set_Miqdar(decimal)" namespace="AzAgroPOS.Varliglar" type_name="QaytarmaDetali" block_coverage="0.00" line_coverage="0.00" blocks_covered="0" blocks_not_covered="1" lines_covered="0" lines_partially_covered="0" lines_not_covered="1">
          <ranges>
            <range source_id="20" start_line="31" end_line="31" start_column="34" end_column="38" covered="no" />
          </ranges>
        </function>
        <function id="11821" token="0x6000155" name="get_Qiymet()" namespace="AzAgroPOS.Varliglar" type_name="QaytarmaDetali" block_coverage="0.00" line_coverage="0.00" blocks_covered="0" blocks_not_covered="1" lines_covered="0" lines_partially_covered="0" lines_not_covered="1">
          <ranges>
            <range source_id="20" start_line="36" end_line="36" start_column="29" end_column="33" covered="no" />
          </ranges>
        </function>
        <function id="11829" token="0x6000156" name="set_Qiymet(decimal)" namespace="AzAgroPOS.Varliglar" type_name="QaytarmaDetali" block_coverage="0.00" line_coverage="0.00" blocks_covered="0" blocks_not_covered="1" lines_covered="0" lines_partially_covered="0" lines_not_covered="1">
          <ranges>
            <range source_id="20" start_line="36" end_line="36" start_column="34" end_column="38" covered="no" />
          </ranges>
        </function>
        <function id="11838" token="0x6000157" name="get_UmumiMebleg()" namespace="AzAgroPOS.Varliglar" type_name="QaytarmaDetali" block_coverage="0.00" line_coverage="0.00" blocks_covered="0" blocks_not_covered="1" lines_covered="0" lines_partially_covered="0" lines_not_covered="1">
          <ranges>
            <range source_id="20" start_line="41" end_line="41" start_column="34" end_column="38" covered="no" />
          </ranges>
        </function>
        <function id="11846" token="0x6000158" name="set_UmumiMebleg(decimal)" namespace="AzAgroPOS.Varliglar" type_name="QaytarmaDetali" block_coverage="0.00" line_coverage="0.00" blocks_covered="0" blocks_not_covered="1" lines_covered="0" lines_partially_covered="0" lines_not_covered="1">
          <ranges>
            <range source_id="20" start_line="41" end_line="41" start_column="39" end_column="43" covered="no" />
          </ranges>
        </function>
        <function id="11864" token="0x600015a" name="get_Ad()" namespace="AzAgroPOS.Varliglar" type_name="Rol" block_coverage="100.00" line_coverage="100.00" blocks_covered="1" blocks_not_covered="0" lines_covered="1" lines_partially_covered="0" lines_not_covered="0">
          <ranges>
            <range source_id="21" start_line="16" end_line="16" start_column="24" end_column="28" covered="yes" />
          </ranges>
        </function>
        <function id="11872" token="0x600015b" name="set_Ad(string)" namespace="AzAgroPOS.Varliglar" type_name="Rol" block_coverage="100.00" line_coverage="100.00" blocks_covered="1" blocks_not_covered="0" lines_covered="1" lines_partially_covered="0" lines_not_covered="0">
          <ranges>
            <range source_id="21" start_line="16" end_line="16" start_column="29" end_column="33" covered="yes" />
          </ranges>
        </function>
        <function id="11881" token="0x600015c" name="get_Istifadeciler()" namespace="AzAgroPOS.Varliglar" type_name="Rol" block_coverage="0.00" line_coverage="0.00" blocks_covered="0" blocks_not_covered="1" lines_covered="0" lines_partially_covered="0" lines_not_covered="1">
          <ranges>
            <range source_id="21" start_line="23" end_line="23" start_column="52" end_column="56" covered="no" />
          </ranges>
        </function>
        <function id="11889" token="0x600015d" name="set_Istifadeciler(System.Collections.Generic.ICollection&lt;AzAgroPOS.Varliglar.Istifadeci&gt;)" namespace="AzAgroPOS.Varliglar" type_name="Rol" block_coverage="0.00" line_coverage="0.00" blocks_covered="0" blocks_not_covered="1" lines_covered="0" lines_partially_covered="0" lines_not_covered="1">
          <ranges>
            <range source_id="21" start_line="23" end_line="23" start_column="57" end_column="61" covered="no" />
          </ranges>
        </function>
        <function id="11898" token="0x600015e" name="get_Icazeler()" namespace="AzAgroPOS.Varliglar" type_name="Rol" block_coverage="0.00" line_coverage="0.00" blocks_covered="0" blocks_not_covered="1" lines_covered="0" lines_partially_covered="0" lines_not_covered="1">
          <ranges>
            <range source_id="21" start_line="28" end_line="28" start_column="47" end_column="51" covered="no" />
          </ranges>
        </function>
        <function id="11906" token="0x600015f" name="set_Icazeler(System.Collections.Generic.ICollection&lt;AzAgroPOS.Varliglar.RolIcazesi&gt;)" namespace="AzAgroPOS.Varliglar" type_name="Rol" block_coverage="0.00" line_coverage="0.00" blocks_covered="0" blocks_not_covered="1" lines_covered="0" lines_partially_covered="0" lines_not_covered="1">
          <ranges>
            <range source_id="21" start_line="28" end_line="28" start_column="52" end_column="56" covered="no" />
          </ranges>
        </function>
        <function id="11915" token="0x6000160" name="Rol()" namespace="AzAgroPOS.Varliglar" type_name="Rol" block_coverage="100.00" line_coverage="100.00" blocks_covered="4" blocks_not_covered="0" lines_covered="3" lines_partially_covered="0" lines_not_covered="0">
          <ranges>
            <range source_id="21" start_line="16" end_line="16" start_column="38" end_column="50" covered="yes" />
            <range source_id="21" start_line="23" end_line="23" start_column="66" end_column="88" covered="yes" />
            <range source_id="21" start_line="28" end_line="28" start_column="61" end_column="83" covered="yes" />
          </ranges>
        </function>
        <function id="11957" token="0x6000161" name="get_RolId()" namespace="AzAgroPOS.Varliglar" type_name="RolIcazesi" block_coverage="0.00" line_coverage="0.00" blocks_covered="0" blocks_not_covered="1" lines_covered="0" lines_partially_covered="0" lines_not_covered="1">
          <ranges>
            <range source_id="22" start_line="12" end_line="12" start_column="24" end_column="28" covered="no" />
          </ranges>
        </function>
        <function id="11965" token="0x6000162" name="set_RolId(int)" namespace="AzAgroPOS.Varliglar" type_name="RolIcazesi" block_coverage="100.00" line_coverage="100.00" blocks_covered="1" blocks_not_covered="0" lines_covered="1" lines_partially_covered="0" lines_not_covered="0">
          <ranges>
            <range source_id="22" start_line="12" end_line="12" start_column="29" end_column="33" covered="yes" />
          </ranges>
        </function>
        <function id="11974" token="0x6000163" name="get_Rol()" namespace="AzAgroPOS.Varliglar" type_name="RolIcazesi" block_coverage="0.00" line_coverage="0.00" blocks_covered="0" blocks_not_covered="1" lines_covered="0" lines_partially_covered="0" lines_not_covered="1">
          <ranges>
            <range source_id="22" start_line="17" end_line="17" start_column="23" end_column="27" covered="no" />
          </ranges>
        </function>
        <function id="11982" token="0x6000164" name="set_Rol(AzAgroPOS.Varliglar.Rol)" namespace="AzAgroPOS.Varliglar" type_name="RolIcazesi" block_coverage="0.00" line_coverage="0.00" blocks_covered="0" blocks_not_covered="1" lines_covered="0" lines_partially_covered="0" lines_not_covered="1">
          <ranges>
            <range source_id="22" start_line="17" end_line="17" start_column="28" end_column="32" covered="no" />
          </ranges>
        </function>
        <function id="11991" token="0x6000165" name="get_IcazeId()" namespace="AzAgroPOS.Varliglar" type_name="RolIcazesi" block_coverage="0.00" line_coverage="0.00" blocks_covered="0" blocks_not_covered="1" lines_covered="0" lines_partially_covered="0" lines_not_covered="1">
          <ranges>
            <range source_id="22" start_line="22" end_line="22" start_column="26" end_column="30" covered="no" />
          </ranges>
        </function>
        <function id="11999" token="0x6000166" name="set_IcazeId(int)" namespace="AzAgroPOS.Varliglar" type_name="RolIcazesi" block_coverage="100.00" line_coverage="100.00" blocks_covered="1" blocks_not_covered="0" lines_covered="1" lines_partially_covered="0" lines_not_covered="0">
          <ranges>
            <range source_id="22" start_line="22" end_line="22" start_column="31" end_column="35" covered="yes" />
          </ranges>
        </function>
        <function id="12008" token="0x6000167" name="get_Icaze()" namespace="AzAgroPOS.Varliglar" type_name="RolIcazesi" block_coverage="0.00" line_coverage="0.00" blocks_covered="0" blocks_not_covered="1" lines_covered="0" lines_partially_covered="0" lines_not_covered="1">
          <ranges>
            <range source_id="22" start_line="27" end_line="27" start_column="27" end_column="31" covered="no" />
          </ranges>
        </function>
        <function id="12016" token="0x6000168" name="set_Icaze(AzAgroPOS.Varliglar.Icaze)" namespace="AzAgroPOS.Varliglar" type_name="RolIcazesi" block_coverage="0.00" line_coverage="0.00" blocks_covered="0" blocks_not_covered="1" lines_covered="0" lines_partially_covered="0" lines_not_covered="1">
          <ranges>
            <range source_id="22" start_line="27" end_line="27" start_column="32" end_column="36" covered="no" />
          </ranges>
        </function>
        <function id="12034" token="0x600016a" name="get_Tarix()" namespace="AzAgroPOS.Varliglar" type_name="Satis" block_coverage="100.00" line_coverage="100.00" blocks_covered="1" blocks_not_covered="0" lines_covered="1" lines_partially_covered="0" lines_not_covered="0">
          <ranges>
            <range source_id="23" start_line="18" end_line="18" start_column="29" end_column="33" covered="yes" />
          </ranges>
        </function>
        <function id="12042" token="0x600016b" name="set_Tarix(System.DateTime)" namespace="AzAgroPOS.Varliglar" type_name="Satis" block_coverage="100.00" line_coverage="100.00" blocks_covered="1" blocks_not_covered="0" lines_covered="1" lines_partially_covered="0" lines_not_covered="0">
          <ranges>
            <range source_id="23" start_line="18" end_line="18" start_column="34" end_column="38" covered="yes" />
          </ranges>
        </function>
        <function id="12051" token="0x600016c" name="get_UmumiMebleg()" namespace="AzAgroPOS.Varliglar" type_name="Satis" block_coverage="100.00" line_coverage="100.00" blocks_covered="1" blocks_not_covered="0" lines_covered="1" lines_partially_covered="0" lines_not_covered="0">
          <ranges>
            <range source_id="23" start_line="24" end_line="24" start_column="34" end_column="38" covered="yes" />
          </ranges>
        </function>
        <function id="12059" token="0x600016d" name="set_UmumiMebleg(decimal)" namespace="AzAgroPOS.Varliglar" type_name="Satis" block_coverage="100.00" line_coverage="100.00" blocks_covered="1" blocks_not_covered="0" lines_covered="1" lines_partially_covered="0" lines_not_covered="0">
          <ranges>
            <range source_id="23" start_line="24" end_line="24" start_column="39" end_column="43" covered="yes" />
          </ranges>
        </function>
        <function id="12068" token="0x600016e" name="get_OdenisMetodu()" namespace="AzAgroPOS.Varliglar" type_name="Satis" block_coverage="100.00" line_coverage="100.00" blocks_covered="1" blocks_not_covered="0" lines_covered="1" lines_partially_covered="0" lines_not_covered="0">
          <ranges>
            <range source_id="23" start_line="30" end_line="30" start_column="40" end_column="44" covered="yes" />
          </ranges>
        </function>
        <function id="12076" token="0x600016f" name="set_OdenisMetodu(AzAgroPOS.Varliglar.OdenisMetodu)" namespace="AzAgroPOS.Varliglar" type_name="Satis" block_coverage="100.00" line_coverage="100.00" blocks_covered="1" blocks_not_covered="0" lines_covered="1" lines_partially_covered="0" lines_not_covered="0">
          <ranges>
            <range source_id="23" start_line="30" end_line="30" start_column="45" end_column="49" covered="yes" />
          </ranges>
        </function>
        <function id="12085" token="0x6000170" name="get_MusteriId()" namespace="AzAgroPOS.Varliglar" type_name="Satis" block_coverage="100.00" line_coverage="100.00" blocks_covered="1" blocks_not_covered="0" lines_covered="1" lines_partially_covered="0" lines_not_covered="0">
          <ranges>
            <range source_id="23" start_line="36" end_line="36" start_column="29" end_column="33" covered="yes" />
          </ranges>
        </function>
        <function id="12093" token="0x6000171" name="set_MusteriId(System.Nullable&lt;int&gt;)" namespace="AzAgroPOS.Varliglar" type_name="Satis" block_coverage="100.00" line_coverage="100.00" blocks_covered="1" blocks_not_covered="0" lines_covered="1" lines_partially_covered="0" lines_not_covered="0">
          <ranges>
            <range source_id="23" start_line="36" end_line="36" start_column="34" end_column="38" covered="yes" />
          </ranges>
        </function>
        <function id="12102" token="0x6000172" name="get_Musteri()" namespace="AzAgroPOS.Varliglar" type_name="Satis" block_coverage="0.00" line_coverage="0.00" blocks_covered="0" blocks_not_covered="1" lines_covered="0" lines_partially_covered="0" lines_not_covered="1">
          <ranges>
            <range source_id="23" start_line="42" end_line="42" start_column="31" end_column="35" covered="no" />
          </ranges>
        </function>
        <function id="12110" token="0x6000173" name="set_Musteri(AzAgroPOS.Varliglar.Musteri)" namespace="AzAgroPOS.Varliglar" type_name="Satis" block_coverage="0.00" line_coverage="0.00" blocks_covered="0" blocks_not_covered="1" lines_covered="0" lines_partially_covered="0" lines_not_covered="1">
          <ranges>
            <range source_id="23" start_line="42" end_line="42" start_column="36" end_column="40" covered="no" />
          </ranges>
        </function>
        <function id="12119" token="0x6000174" name="get_NovbeId()" namespace="AzAgroPOS.Varliglar" type_name="Satis" block_coverage="0.00" line_coverage="0.00" blocks_covered="0" blocks_not_covered="1" lines_covered="0" lines_partially_covered="0" lines_not_covered="1">
          <ranges>
            <range source_id="23" start_line="48" end_line="48" start_column="26" end_column="30" covered="no" />
          </ranges>
        </function>
        <function id="12127" token="0x6000175" name="set_NovbeId(int)" namespace="AzAgroPOS.Varliglar" type_name="Satis" block_coverage="100.00" line_coverage="100.00" blocks_covered="1" blocks_not_covered="0" lines_covered="1" lines_partially_covered="0" lines_not_covered="0">
          <ranges>
            <range source_id="23" start_line="48" end_line="48" start_column="31" end_column="35" covered="yes" />
          </ranges>
        </function>
        <function id="12136" token="0x6000176" name="get_Novbe()" namespace="AzAgroPOS.Varliglar" type_name="Satis" block_coverage="0.00" line_coverage="0.00" blocks_covered="0" blocks_not_covered="1" lines_covered="0" lines_partially_covered="0" lines_not_covered="1">
          <ranges>
            <range source_id="23" start_line="54" end_line="54" start_column="27" end_column="31" covered="no" />
          </ranges>
        </function>
        <function id="12144" token="0x6000177" name="set_Novbe(AzAgroPOS.Varliglar.Novbe)" namespace="AzAgroPOS.Varliglar" type_name="Satis" block_coverage="0.00" line_coverage="0.00" blocks_covered="0" blocks_not_covered="1" lines_covered="0" lines_partially_covered="0" lines_not_covered="1">
          <ranges>
            <range source_id="23" start_line="54" end_line="54" start_column="32" end_column="36" covered="no" />
          </ranges>
        </function>
        <function id="12153" token="0x6000178" name="get_SatisDetallari()" namespace="AzAgroPOS.Varliglar" type_name="Satis" block_coverage="100.00" line_coverage="100.00" blocks_covered="1" blocks_not_covered="0" lines_covered="1" lines_partially_covered="0" lines_not_covered="0">
          <ranges>
            <range source_id="23" start_line="60" end_line="60" start_column="54" end_column="58" covered="yes" />
          </ranges>
        </function>
        <function id="12161" token="0x6000179" name="set_SatisDetallari(System.Collections.Generic.ICollection&lt;AzAgroPOS.Varliglar.SatisDetali&gt;)" namespace="AzAgroPOS.Varliglar" type_name="Satis" block_coverage="100.00" line_coverage="100.00" blocks_covered="1" blocks_not_covered="0" lines_covered="1" lines_partially_covered="0" lines_not_covered="0">
          <ranges>
            <range source_id="23" start_line="60" end_line="60" start_column="59" end_column="63" covered="yes" />
          </ranges>
        </function>
        <function id="12170" token="0x600017a" name="get_Qaytarmalar()" namespace="AzAgroPOS.Varliglar" type_name="Satis" block_coverage="0.00" line_coverage="0.00" blocks_covered="0" blocks_not_covered="1" lines_covered="0" lines_partially_covered="0" lines_not_covered="1">
          <ranges>
            <range source_id="23" start_line="65" end_line="65" start_column="48" end_column="52" covered="no" />
          </ranges>
        </function>
        <function id="12178" token="0x600017b" name="set_Qaytarmalar(System.Collections.Generic.ICollection&lt;AzAgroPOS.Varliglar.Qaytarma&gt;)" namespace="AzAgroPOS.Varliglar" type_name="Satis" block_coverage="0.00" line_coverage="0.00" blocks_covered="0" blocks_not_covered="1" lines_covered="0" lines_partially_covered="0" lines_not_covered="1">
          <ranges>
            <range source_id="23" start_line="65" end_line="65" start_column="53" end_column="57" covered="no" />
          </ranges>
        </function>
        <function id="12187" token="0x600017c" name="Satis()" namespace="AzAgroPOS.Varliglar" type_name="Satis" block_coverage="100.00" line_coverage="100.00" blocks_covered="4" blocks_not_covered="0" lines_covered="2" lines_partially_covered="0" lines_not_covered="0">
          <ranges>
            <range source_id="23" start_line="60" end_line="60" start_column="68" end_column="91" covered="yes" />
            <range source_id="23" start_line="65" end_line="65" start_column="62" end_column="82" covered="yes" />
          </ranges>
        </function>
        <function id="12218" token="0x600017d" name="get_SatisId()" namespace="AzAgroPOS.Varliglar" type_name="SatisDetali" block_coverage="0.00" line_coverage="0.00" blocks_covered="0" blocks_not_covered="1" lines_covered="0" lines_partially_covered="0" lines_not_covered="1">
          <ranges>
            <range source_id="24" start_line="6" end_line="6" start_column="30" end_column="34" covered="no" />
          </ranges>
        </function>
        <function id="12226" token="0x600017e" name="set_SatisId(int)" namespace="AzAgroPOS.Varliglar" type_name="SatisDetali" block_coverage="100.00" line_coverage="100.00" blocks_covered="1" blocks_not_covered="0" lines_covered="1" lines_partially_covered="0" lines_not_covered="0">
          <ranges>
            <range source_id="24" start_line="6" end_line="6" start_column="35" end_column="39" covered="yes" />
          </ranges>
        </function>
        <function id="12235" token="0x600017f" name="get_Satis()" namespace="AzAgroPOS.Varliglar" type_name="SatisDetali" block_coverage="0.00" line_coverage="0.00" blocks_covered="0" blocks_not_covered="1" lines_covered="0" lines_partially_covered="0" lines_not_covered="1">
          <ranges>
            <range source_id="24" start_line="7" end_line="7" start_column="30" end_column="34" covered="no" />
          </ranges>
        </function>
        <function id="12243" token="0x6000180" name="set_Satis(AzAgroPOS.Varliglar.Satis)" namespace="AzAgroPOS.Varliglar" type_name="SatisDetali" block_coverage="0.00" line_coverage="0.00" blocks_covered="0" blocks_not_covered="1" lines_covered="0" lines_partially_covered="0" lines_not_covered="1">
          <ranges>
            <range source_id="24" start_line="7" end_line="7" start_column="35" end_column="39" covered="no" />
          </ranges>
        </function>
        <function id="12252" token="0x6000181" name="get_MehsulId()" namespace="AzAgroPOS.Varliglar" type_name="SatisDetali" block_coverage="100.00" line_coverage="100.00" blocks_covered="1" blocks_not_covered="0" lines_covered="1" lines_partially_covered="0" lines_not_covered="0">
          <ranges>
            <range source_id="24" start_line="8" end_line="8" start_column="31" end_column="35" covered="yes" />
          </ranges>
        </function>
        <function id="12260" token="0x6000182" name="set_MehsulId(int)" namespace="AzAgroPOS.Varliglar" type_name="SatisDetali" block_coverage="100.00" line_coverage="100.00" blocks_covered="1" blocks_not_covered="0" lines_covered="1" lines_partially_covered="0" lines_not_covered="0">
          <ranges>
            <range source_id="24" start_line="8" end_line="8" start_column="36" end_column="40" covered="yes" />
          </ranges>
        </function>
        <function id="12269" token="0x6000183" name="get_Mehsul()" namespace="AzAgroPOS.Varliglar" type_name="SatisDetali" block_coverage="0.00" line_coverage="0.00" blocks_covered="0" blocks_not_covered="1" lines_covered="0" lines_partially_covered="0" lines_not_covered="1">
          <ranges>
            <range source_id="24" start_line="9" end_line="9" start_column="32" end_column="36" covered="no" />
          </ranges>
        </function>
        <function id="12277" token="0x6000184" name="set_Mehsul(AzAgroPOS.Varliglar.Mehsul)" namespace="AzAgroPOS.Varliglar" type_name="SatisDetali" block_coverage="0.00" line_coverage="0.00" blocks_covered="0" blocks_not_covered="1" lines_covered="0" lines_partially_covered="0" lines_not_covered="1">
          <ranges>
            <range source_id="24" start_line="9" end_line="9" start_column="37" end_column="41" covered="no" />
          </ranges>
        </function>
        <function id="12286" token="0x6000185" name="get_Miqdar()" namespace="AzAgroPOS.Varliglar" type_name="SatisDetali" block_coverage="100.00" line_coverage="100.00" blocks_covered="1" blocks_not_covered="0" lines_covered="1" lines_partially_covered="0" lines_not_covered="0">
          <ranges>
            <range source_id="24" start_line="10" end_line="10" start_column="33" end_column="37" covered="yes" />
          </ranges>
        </function>
        <function id="12294" token="0x6000186" name="set_Miqdar(decimal)" namespace="AzAgroPOS.Varliglar" type_name="SatisDetali" block_coverage="100.00" line_coverage="100.00" blocks_covered="1" blocks_not_covered="0" lines_covered="1" lines_partially_covered="0" lines_not_covered="0">
          <ranges>
            <range source_id="24" start_line="10" end_line="10" start_column="38" end_column="42" covered="yes" />
          </ranges>
        </function>
        <function id="12303" token="0x6000187" name="get_Qiymet()" namespace="AzAgroPOS.Varliglar" type_name="SatisDetali" block_coverage="100.00" line_coverage="100.00" blocks_covered="1" blocks_not_covered="0" lines_covered="1" lines_partially_covered="0" lines_not_covered="0">
          <ranges>
            <range source_id="24" start_line="11" end_line="11" start_column="33" end_column="37" covered="yes" />
          </ranges>
        </function>
        <function id="12311" token="0x6000188" name="set_Qiymet(decimal)" namespace="AzAgroPOS.Varliglar" type_name="SatisDetali" block_coverage="100.00" line_coverage="100.00" blocks_covered="1" blocks_not_covered="0" lines_covered="1" lines_partially_covered="0" lines_not_covered="0">
          <ranges>
            <range source_id="24" start_line="11" end_line="11" start_column="38" end_column="42" covered="yes" />
          </ranges>
        </function>
        <function id="12320" token="0x6000189" name="get_UmumiMebleg()" namespace="AzAgroPOS.Varliglar" type_name="SatisDetali" block_coverage="0.00" line_coverage="0.00" blocks_covered="0" blocks_not_covered="1" lines_covered="0" lines_partially_covered="0" lines_not_covered="1">
          <ranges>
            <range source_id="24" start_line="12" end_line="12" start_column="38" end_column="42" covered="no" />
          </ranges>
        </function>
        <function id="12328" token="0x600018a" name="set_UmumiMebleg(decimal)" namespace="AzAgroPOS.Varliglar" type_name="SatisDetali" block_coverage="100.00" line_coverage="100.00" blocks_covered="1" blocks_not_covered="0" lines_covered="1" lines_partially_covered="0" lines_not_covered="0">
          <ranges>
            <range source_id="24" start_line="12" end_line="12" start_column="43" end_column="47" covered="yes" />
          </ranges>
        </function>
        <function id="12346" token="0x600018c" name="get_Ad()" namespace="AzAgroPOS.Varliglar" type_name="Tedarukcu" block_coverage="0.00" line_coverage="0.00" blocks_covered="0" blocks_not_covered="1" lines_covered="0" lines_partially_covered="0" lines_not_covered="1">
          <ranges>
            <range source_id="25" start_line="14" end_line="14" start_column="24" end_column="28" covered="no" />
          </ranges>
        </function>
        <function id="12354" token="0x600018d" name="set_Ad(string)" namespace="AzAgroPOS.Varliglar" type_name="Tedarukcu" block_coverage="100.00" line_coverage="100.00" blocks_covered="1" blocks_not_covered="0" lines_covered="1" lines_partially_covered="0" lines_not_covered="0">
          <ranges>
            <range source_id="25" start_line="14" end_line="14" start_column="29" end_column="33" covered="yes" />
          </ranges>
        </function>
        <function id="12363" token="0x600018e" name="get_Voen()" namespace="AzAgroPOS.Varliglar" type_name="Tedarukcu" block_coverage="0.00" line_coverage="0.00" blocks_covered="0" blocks_not_covered="1" lines_covered="0" lines_partially_covered="0" lines_not_covered="1">
          <ranges>
            <range source_id="25" start_line="19" end_line="19" start_column="27" end_column="31" covered="no" />
          </ranges>
        </function>
        <function id="12371" token="0x600018f" name="set_Voen(string)" namespace="AzAgroPOS.Varliglar" type_name="Tedarukcu" block_coverage="100.00" line_coverage="100.00" blocks_covered="1" blocks_not_covered="0" lines_covered="1" lines_partially_covered="0" lines_not_covered="0">
          <ranges>
            <range source_id="25" start_line="19" end_line="19" start_column="32" end_column="36" covered="yes" />
          </ranges>
        </function>
        <function id="12380" token="0x6000190" name="get_Unvan()" namespace="AzAgroPOS.Varliglar" type_name="Tedarukcu" block_coverage="0.00" line_coverage="0.00" blocks_covered="0" blocks_not_covered="1" lines_covered="0" lines_partially_covered="0" lines_not_covered="1">
          <ranges>
            <range source_id="25" start_line="24" end_line="24" start_column="28" end_column="32" covered="no" />
          </ranges>
        </function>
        <function id="12388" token="0x6000191" name="set_Unvan(string)" namespace="AzAgroPOS.Varliglar" type_name="Tedarukcu" block_coverage="100.00" line_coverage="100.00" blocks_covered="1" blocks_not_covered="0" lines_covered="1" lines_partially_covered="0" lines_not_covered="0">
          <ranges>
            <range source_id="25" start_line="24" end_line="24" start_column="33" end_column="37" covered="yes" />
          </ranges>
        </function>
        <function id="12397" token="0x6000192" name="get_Telefon()" namespace="AzAgroPOS.Varliglar" type_name="Tedarukcu" block_coverage="0.00" line_coverage="0.00" blocks_covered="0" blocks_not_covered="1" lines_covered="0" lines_partially_covered="0" lines_not_covered="1">
          <ranges>
            <range source_id="25" start_line="29" end_line="29" start_column="30" end_column="34" covered="no" />
          </ranges>
        </function>
        <function id="12405" token="0x6000193" name="set_Telefon(string)" namespace="AzAgroPOS.Varliglar" type_name="Tedarukcu" block_coverage="100.00" line_coverage="100.00" blocks_covered="1" blocks_not_covered="0" lines_covered="1" lines_partially_covered="0" lines_not_covered="0">
          <ranges>
            <range source_id="25" start_line="29" end_line="29" start_column="35" end_column="39" covered="yes" />
          </ranges>
        </function>
        <function id="12414" token="0x6000194" name="get_Email()" namespace="AzAgroPOS.Varliglar" type_name="Tedarukcu" block_coverage="0.00" line_coverage="0.00" blocks_covered="0" blocks_not_covered="1" lines_covered="0" lines_partially_covered="0" lines_not_covered="1">
          <ranges>
            <range source_id="25" start_line="34" end_line="34" start_column="28" end_column="32" covered="no" />
          </ranges>
        </function>
        <function id="12422" token="0x6000195" name="set_Email(string)" namespace="AzAgroPOS.Varliglar" type_name="Tedarukcu" block_coverage="100.00" line_coverage="100.00" blocks_covered="1" blocks_not_covered="0" lines_covered="1" lines_partially_covered="0" lines_not_covered="0">
          <ranges>
            <range source_id="25" start_line="34" end_line="34" start_column="33" end_column="37" covered="yes" />
          </ranges>
        </function>
        <function id="12431" token="0x6000196" name="get_BankHesabi()" namespace="AzAgroPOS.Varliglar" type_name="Tedarukcu" block_coverage="0.00" line_coverage="0.00" blocks_covered="0" blocks_not_covered="1" lines_covered="0" lines_partially_covered="0" lines_not_covered="1">
          <ranges>
            <range source_id="25" start_line="39" end_line="39" start_column="33" end_column="37" covered="no" />
          </ranges>
        </function>
        <function id="12439" token="0x6000197" name="set_BankHesabi(string)" namespace="AzAgroPOS.Varliglar" type_name="Tedarukcu" block_coverage="100.00" line_coverage="100.00" blocks_covered="1" blocks_not_covered="0" lines_covered="1" lines_partially_covered="0" lines_not_covered="0">
          <ranges>
            <range source_id="25" start_line="39" end_line="39" start_column="38" end_column="42" covered="yes" />
          </ranges>
        </function>
        <function id="12448" token="0x6000198" name="get_Aktivdir()" namespace="AzAgroPOS.Varliglar" type_name="Tedarukcu" block_coverage="0.00" line_coverage="0.00" blocks_covered="0" blocks_not_covered="1" lines_covered="0" lines_partially_covered="0" lines_not_covered="1">
          <ranges>
            <range source_id="25" start_line="44" end_line="44" start_column="28" end_column="32" covered="no" />
          </ranges>
        </function>
        <function id="12456" token="0x6000199" name="set_Aktivdir(bool)" namespace="AzAgroPOS.Varliglar" type_name="Tedarukcu" block_coverage="100.00" line_coverage="100.00" blocks_covered="1" blocks_not_covered="0" lines_covered="1" lines_partially_covered="0" lines_not_covered="0">
          <ranges>
            <range source_id="25" start_line="44" end_line="44" start_column="33" end_column="37" covered="yes" />
          </ranges>
        </function>
        <function id="12465" token="0x600019a" name="get_AlisSifarisleri()" namespace="AzAgroPOS.Varliglar" type_name="Tedarukcu" block_coverage="0.00" line_coverage="0.00" blocks_covered="0" blocks_not_covered="1" lines_covered="0" lines_partially_covered="0" lines_not_covered="1">
          <ranges>
            <range source_id="25" start_line="49" end_line="49" start_column="55" end_column="59" covered="no" />
          </ranges>
        </function>
        <function id="12473" token="0x600019b" name="set_AlisSifarisleri(System.Collections.Generic.ICollection&lt;AzAgroPOS.Varliglar.AlisSifaris&gt;)" namespace="AzAgroPOS.Varliglar" type_name="Tedarukcu" block_coverage="0.00" line_coverage="0.00" blocks_covered="0" blocks_not_covered="1" lines_covered="0" lines_partially_covered="0" lines_not_covered="1">
          <ranges>
            <range source_id="25" start_line="49" end_line="49" start_column="60" end_column="64" covered="no" />
          </ranges>
        </function>
        <function id="12482" token="0x600019c" name="get_AlisSenetleri()" namespace="AzAgroPOS.Varliglar" type_name="Tedarukcu" block_coverage="0.00" line_coverage="0.00" blocks_covered="0" blocks_not_covered="1" lines_covered="0" lines_partially_covered="0" lines_not_covered="1">
          <ranges>
            <range source_id="25" start_line="54" end_line="54" start_column="51" end_column="55" covered="no" />
          </ranges>
        </function>
        <function id="12490" token="0x600019d" name="set_AlisSenetleri(System.Collections.Generic.ICollection&lt;AzAgroPOS.Varliglar.AlisSened&gt;)" namespace="AzAgroPOS.Varliglar" type_name="Tedarukcu" block_coverage="0.00" line_coverage="0.00" blocks_covered="0" blocks_not_covered="1" lines_covered="0" lines_partially_covered="0" lines_not_covered="1">
          <ranges>
            <range source_id="25" start_line="54" end_line="54" start_column="56" end_column="60" covered="no" />
          </ranges>
        </function>
        <function id="12499" token="0x600019e" name="get_Odemeler()" namespace="AzAgroPOS.Varliglar" type_name="Tedarukcu" block_coverage="0.00" line_coverage="0.00" blocks_covered="0" blocks_not_covered="1" lines_covered="0" lines_partially_covered="0" lines_not_covered="1">
          <ranges>
            <range source_id="25" start_line="59" end_line="59" start_column="51" end_column="55" covered="no" />
          </ranges>
        </function>
        <function id="12507" token="0x600019f" name="set_Odemeler(System.Collections.Generic.ICollection&lt;AzAgroPOS.Varliglar.TedarukcuOdeme&gt;)" namespace="AzAgroPOS.Varliglar" type_name="Tedarukcu" block_coverage="0.00" line_coverage="0.00" blocks_covered="0" blocks_not_covered="1" lines_covered="0" lines_partially_covered="0" lines_not_covered="1">
          <ranges>
            <range source_id="25" start_line="59" end_line="59" start_column="56" end_column="60" covered="no" />
          </ranges>
        </function>
        <function id="12516" token="0x60001a0" name="Tedarukcu()" namespace="AzAgroPOS.Varliglar" type_name="Tedarukcu" block_coverage="100.00" line_coverage="100.00" blocks_covered="5" blocks_not_covered="0" lines_covered="5" lines_partially_covered="0" lines_not_covered="0">
          <ranges>
            <range source_id="25" start_line="14" end_line="14" start_column="38" end_column="50" covered="yes" />
            <range source_id="25" start_line="44" end_line="44" start_column="42" end_column="46" covered="yes" />
            <range source_id="25" start_line="49" end_line="49" start_column="69" end_column="92" covered="yes" />
            <range source_id="25" start_line="54" end_line="54" start_column="65" end_column="86" covered="yes" />
            <range source_id="25" start_line="59" end_line="59" start_column="65" end_column="91" covered="yes" />
          </ranges>
        </function>
        <function id="12576" token="0x60001a1" name="get_OdemeNomresi()" namespace="AzAgroPOS.Varliglar" type_name="TedarukcuOdeme" block_coverage="0.00" line_coverage="0.00" blocks_covered="0" blocks_not_covered="1" lines_covered="0" lines_partially_covered="0" lines_not_covered="1">
          <ranges>
            <range source_id="26" start_line="14" end_line="14" start_column="34" end_column="38" covered="no" />
          </ranges>
        </function>
        <function id="12584" token="0x60001a2" name="set_OdemeNomresi(string)" namespace="AzAgroPOS.Varliglar" type_name="TedarukcuOdeme" block_coverage="0.00" line_coverage="0.00" blocks_covered="0" blocks_not_covered="1" lines_covered="0" lines_partially_covered="0" lines_not_covered="1">
          <ranges>
            <range source_id="26" start_line="14" end_line="14" start_column="39" end_column="43" covered="no" />
          </ranges>
        </function>
        <function id="12593" token="0x60001a3" name="get_YaradilmaTarixi()" namespace="AzAgroPOS.Varliglar" type_name="TedarukcuOdeme" block_coverage="0.00" line_coverage="0.00" blocks_covered="0" blocks_not_covered="1" lines_covered="0" lines_partially_covered="0" lines_not_covered="1">
          <ranges>
            <range source_id="26" start_line="19" end_line="19" start_column="39" end_column="43" covered="no" />
          </ranges>
        </function>
        <function id="12601" token="0x60001a4" name="set_YaradilmaTarixi(System.DateTime)" namespace="AzAgroPOS.Varliglar" type_name="TedarukcuOdeme" block_coverage="0.00" line_coverage="0.00" blocks_covered="0" blocks_not_covered="1" lines_covered="0" lines_partially_covered="0" lines_not_covered="1">
          <ranges>
            <range source_id="26" start_line="19" end_line="19" start_column="44" end_column="48" covered="no" />
          </ranges>
        </function>
        <function id="12610" token="0x60001a5" name="get_TedarukcuId()" namespace="AzAgroPOS.Varliglar" type_name="TedarukcuOdeme" block_coverage="0.00" line_coverage="0.00" blocks_covered="0" blocks_not_covered="1" lines_covered="0" lines_partially_covered="0" lines_not_covered="1">
          <ranges>
            <range source_id="26" start_line="24" end_line="24" start_column="30" end_column="34" covered="no" />
          </ranges>
        </function>
        <function id="12618" token="0x60001a6" name="set_TedarukcuId(int)" namespace="AzAgroPOS.Varliglar" type_name="TedarukcuOdeme" block_coverage="0.00" line_coverage="0.00" blocks_covered="0" blocks_not_covered="1" lines_covered="0" lines_partially_covered="0" lines_not_covered="1">
          <ranges>
            <range source_id="26" start_line="24" end_line="24" start_column="35" end_column="39" covered="no" />
          </ranges>
        </function>
        <function id="12627" token="0x60001a7" name="get_Tedarukcu()" namespace="AzAgroPOS.Varliglar" type_name="TedarukcuOdeme" block_coverage="0.00" line_coverage="0.00" blocks_covered="0" blocks_not_covered="1" lines_covered="0" lines_partially_covered="0" lines_not_covered="1">
          <ranges>
            <range source_id="26" start_line="29" end_line="29" start_column="35" end_column="39" covered="no" />
          </ranges>
        </function>
        <function id="12635" token="0x60001a8" name="set_Tedarukcu(AzAgroPOS.Varliglar.Tedarukcu)" namespace="AzAgroPOS.Varliglar" type_name="TedarukcuOdeme" block_coverage="0.00" line_coverage="0.00" blocks_covered="0" blocks_not_covered="1" lines_covered="0" lines_partially_covered="0" lines_not_covered="1">
          <ranges>
            <range source_id="26" start_line="29" end_line="29" start_column="40" end_column="44" covered="no" />
          </ranges>
        </function>
        <function id="12644" token="0x60001a9" name="get_AlisSenedId()" namespace="AzAgroPOS.Varliglar" type_name="TedarukcuOdeme" block_coverage="0.00" line_coverage="0.00" blocks_covered="0" blocks_not_covered="1" lines_covered="0" lines_partially_covered="0" lines_not_covered="1">
          <ranges>
            <range source_id="26" start_line="34" end_line="34" start_column="31" end_column="35" covered="no" />
          </ranges>
        </function>
        <function id="12652" token="0x60001aa" name="set_AlisSenedId(System.Nullable&lt;int&gt;)" namespace="AzAgroPOS.Varliglar" type_name="TedarukcuOdeme" block_coverage="0.00" line_coverage="0.00" blocks_covered="0" blocks_not_covered="1" lines_covered="0" lines_partially_covered="0" lines_not_covered="1">
          <ranges>
            <range source_id="26" start_line="34" end_line="34" start_column="36" end_column="40" covered="no" />
          </ranges>
        </function>
        <function id="12661" token="0x60001ab" name="get_AlisSened()" namespace="AzAgroPOS.Varliglar" type_name="TedarukcuOdeme" block_coverage="0.00" line_coverage="0.00" blocks_covered="0" blocks_not_covered="1" lines_covered="0" lines_partially_covered="0" lines_not_covered="1">
          <ranges>
            <range source_id="26" start_line="39" end_line="39" start_column="35" end_column="39" covered="no" />
          </ranges>
        </function>
        <function id="12669" token="0x60001ac" name="set_AlisSened(AzAgroPOS.Varliglar.AlisSened)" namespace="AzAgroPOS.Varliglar" type_name="TedarukcuOdeme" block_coverage="0.00" line_coverage="0.00" blocks_covered="0" blocks_not_covered="1" lines_covered="0" lines_partially_covered="0" lines_not_covered="1">
          <ranges>
            <range source_id="26" start_line="39" end_line="39" start_column="40" end_column="44" covered="no" />
          </ranges>
        </function>
        <function id="12678" token="0x60001ad" name="get_OdemeTarixi()" namespace="AzAgroPOS.Varliglar" type_name="TedarukcuOdeme" block_coverage="0.00" line_coverage="0.00" blocks_covered="0" blocks_not_covered="1" lines_covered="0" lines_partially_covered="0" lines_not_covered="1">
          <ranges>
            <range source_id="26" start_line="44" end_line="44" start_column="35" end_column="39" covered="no" />
          </ranges>
        </function>
        <function id="12686" token="0x60001ae" name="set_OdemeTarixi(System.DateTime)" namespace="AzAgroPOS.Varliglar" type_name="TedarukcuOdeme" block_coverage="0.00" line_coverage="0.00" blocks_covered="0" blocks_not_covered="1" lines_covered="0" lines_partially_covered="0" lines_not_covered="1">
          <ranges>
            <range source_id="26" start_line="44" end_line="44" start_column="40" end_column="44" covered="no" />
          </ranges>
        </function>
        <function id="12695" token="0x60001af" name="get_Mebleg()" namespace="AzAgroPOS.Varliglar" type_name="TedarukcuOdeme" block_coverage="0.00" line_coverage="0.00" blocks_covered="0" blocks_not_covered="1" lines_covered="0" lines_partially_covered="0" lines_not_covered="1">
          <ranges>
            <range source_id="26" start_line="49" end_line="49" start_column="29" end_column="33" covered="no" />
          </ranges>
        </function>
        <function id="12703" token="0x60001b0" name="set_Mebleg(decimal)" namespace="AzAgroPOS.Varliglar" type_name="TedarukcuOdeme" block_coverage="0.00" line_coverage="0.00" blocks_covered="0" blocks_not_covered="1" lines_covered="0" lines_partially_covered="0" lines_not_covered="1">
          <ranges>
            <range source_id="26" start_line="49" end_line="49" start_column="34" end_column="38" covered="no" />
          </ranges>
        </function>
        <function id="12712" token="0x60001b1" name="get_OdemeUsulu()" namespace="AzAgroPOS.Varliglar" type_name="TedarukcuOdeme" block_coverage="0.00" line_coverage="0.00" blocks_covered="0" blocks_not_covered="1" lines_covered="0" lines_partially_covered="0" lines_not_covered="1">
          <ranges>
            <range source_id="26" start_line="54" end_line="54" start_column="36" end_column="40" covered="no" />
          </ranges>
        </function>
        <function id="12720" token="0x60001b2" name="set_OdemeUsulu(AzAgroPOS.Varliglar.OdemeUsulu)" namespace="AzAgroPOS.Varliglar" type_name="TedarukcuOdeme" block_coverage="0.00" line_coverage="0.00" blocks_covered="0" blocks_not_covered="1" lines_covered="0" lines_partially_covered="0" lines_not_covered="1">
          <ranges>
            <range source_id="26" start_line="54" end_line="54" start_column="41" end_column="45" covered="no" />
          </ranges>
        </function>
        <function id="12729" token="0x60001b3" name="get_Status()" namespace="AzAgroPOS.Varliglar" type_name="TedarukcuOdeme" block_coverage="0.00" line_coverage="0.00" blocks_covered="0" blocks_not_covered="1" lines_covered="0" lines_partially_covered="0" lines_not_covered="1">
          <ranges>
            <range source_id="26" start_line="59" end_line="59" start_column="34" end_column="38" covered="no" />
          </ranges>
        </function>
        <function id="12737" token="0x60001b4" name="set_Status(AzAgroPOS.Varliglar.OdemeStatusu)" namespace="AzAgroPOS.Varliglar" type_name="TedarukcuOdeme" block_coverage="0.00" line_coverage="0.00" blocks_covered="0" blocks_not_covered="1" lines_covered="0" lines_partially_covered="0" lines_not_covered="1">
          <ranges>
            <range source_id="26" start_line="59" end_line="59" start_column="39" end_column="43" covered="no" />
          </ranges>
        </function>
        <function id="12746" token="0x60001b5" name="get_Qeydler()" namespace="AzAgroPOS.Varliglar" type_name="TedarukcuOdeme" block_coverage="0.00" line_coverage="0.00" blocks_covered="0" blocks_not_covered="1" lines_covered="0" lines_partially_covered="0" lines_not_covered="1">
          <ranges>
            <range source_id="26" start_line="64" end_line="64" start_column="30" end_column="34" covered="no" />
          </ranges>
        </function>
        <function id="12754" token="0x60001b6" name="set_Qeydler(string)" namespace="AzAgroPOS.Varliglar" type_name="TedarukcuOdeme" block_coverage="0.00" line_coverage="0.00" blocks_covered="0" blocks_not_covered="1" lines_covered="0" lines_partially_covered="0" lines_not_covered="1">
          <ranges>
            <range source_id="26" start_line="64" end_line="64" start_column="35" end_column="39" covered="no" />
          </ranges>
        </function>
        <function id="12763" token="0x60001b7" name="get_BankMelumatlari()" namespace="AzAgroPOS.Varliglar" type_name="TedarukcuOdeme" block_coverage="0.00" line_coverage="0.00" blocks_covered="0" blocks_not_covered="1" lines_covered="0" lines_partially_covered="0" lines_not_covered="1">
          <ranges>
            <range source_id="26" start_line="69" end_line="69" start_column="38" end_column="42" covered="no" />
          </ranges>
        </function>
        <function id="12771" token="0x60001b8" name="set_BankMelumatlari(string)" namespace="AzAgroPOS.Varliglar" type_name="TedarukcuOdeme" block_coverage="0.00" line_coverage="0.00" blocks_covered="0" blocks_not_covered="1" lines_covered="0" lines_partially_covered="0" lines_not_covered="1">
          <ranges>
            <range source_id="26" start_line="69" end_line="69" start_column="43" end_column="47" covered="no" />
          </ranges>
        </function>
        <function id="12780" token="0x60001b9" name="TedarukcuOdeme()" namespace="AzAgroPOS.Varliglar" type_name="TedarukcuOdeme" block_coverage="0.00" line_coverage="0.00" blocks_covered="0" blocks_not_covered="4" lines_covered="0" lines_partially_covered="0" lines_not_covered="5">
          <ranges>
            <range source_id="26" start_line="14" end_line="14" start_column="48" end_column="60" covered="no" />
            <range source_id="26" start_line="19" end_line="19" start_column="53" end_column="65" covered="no" />
            <range source_id="26" start_line="44" end_line="44" start_column="49" end_column="61" covered="no" />
            <range source_id="26" start_line="54" end_line="54" start_column="50" end_column="65" covered="no" />
            <range source_id="26" start_line="59" end_line="59" start_column="48" end_column="70" covered="no" />
          </ranges>
        </function>
        <function id="12836" token="0x60001ba" name="get_MusteriAdi()" namespace="AzAgroPOS.Varliglar" type_name="Temir" block_coverage="0.00" line_coverage="0.00" blocks_covered="0" blocks_not_covered="1" lines_covered="0" lines_partially_covered="0" lines_not_covered="1">
          <ranges>
            <range source_id="27" start_line="17" end_line="17" start_column="32" end_column="36" covered="no" />
          </ranges>
        </function>
        <function id="12844" token="0x60001bb" name="set_MusteriAdi(string)" namespace="AzAgroPOS.Varliglar" type_name="Temir" block_coverage="0.00" line_coverage="0.00" blocks_covered="0" blocks_not_covered="1" lines_covered="0" lines_partially_covered="0" lines_not_covered="1">
          <ranges>
            <range source_id="27" start_line="17" end_line="17" start_column="37" end_column="41" covered="no" />
          </ranges>
        </function>
        <function id="12853" token="0x60001bc" name="get_MusteriTelefonu()" namespace="AzAgroPOS.Varliglar" type_name="Temir" block_coverage="0.00" line_coverage="0.00" blocks_covered="0" blocks_not_covered="1" lines_covered="0" lines_partially_covered="0" lines_not_covered="1">
          <ranges>
            <range source_id="27" start_line="23" end_line="23" start_column="37" end_column="41" covered="no" />
          </ranges>
        </function>
        <function id="12861" token="0x60001bd" name="set_MusteriTelefonu(string)" namespace="AzAgroPOS.Varliglar" type_name="Temir" block_coverage="0.00" line_coverage="0.00" blocks_covered="0" blocks_not_covered="1" lines_covered="0" lines_partially_covered="0" lines_not_covered="1">
          <ranges>
            <range source_id="27" start_line="23" end_line="23" start_column="42" end_column="46" covered="no" />
          </ranges>
        </function>
        <function id="12870" token="0x60001be" name="get_CihazAdi()" namespace="AzAgroPOS.Varliglar" type_name="Temir" block_coverage="0.00" line_coverage="0.00" blocks_covered="0" blocks_not_covered="1" lines_covered="0" lines_partially_covered="0" lines_not_covered="1">
          <ranges>
            <range source_id="27" start_line="32" end_line="32" start_column="30" end_column="34" covered="no" />
          </ranges>
        </function>
        <function id="12878" token="0x60001bf" name="set_CihazAdi(string)" namespace="AzAgroPOS.Varliglar" type_name="Temir" block_coverage="0.00" line_coverage="0.00" blocks_covered="0" blocks_not_covered="1" lines_covered="0" lines_partially_covered="0" lines_not_covered="1">
          <ranges>
            <range source_id="27" start_line="32" end_line="32" start_column="35" end_column="39" covered="no" />
          </ranges>
        </function>
        <function id="12887" token="0x60001c0" name="get_SeriyaNomresi()" namespace="AzAgroPOS.Varliglar" type_name="Temir" block_coverage="0.00" line_coverage="0.00" blocks_covered="0" blocks_not_covered="1" lines_covered="0" lines_partially_covered="0" lines_not_covered="1">
          <ranges>
            <range source_id="27" start_line="38" end_line="38" start_column="35" end_column="39" covered="no" />
          </ranges>
        </function>
        <function id="12895" token="0x60001c1" name="set_SeriyaNomresi(string)" namespace="AzAgroPOS.Varliglar" type_name="Temir" block_coverage="0.00" line_coverage="0.00" blocks_covered="0" blocks_not_covered="1" lines_covered="0" lines_partially_covered="0" lines_not_covered="1">
          <ranges>
            <range source_id="27" start_line="38" end_line="38" start_column="40" end_column="44" covered="no" />
          </ranges>
        </function>
        <function id="12904" token="0x60001c2" name="get_ProblemTesviri()" namespace="AzAgroPOS.Varliglar" type_name="Temir" block_coverage="0.00" line_coverage="0.00" blocks_covered="0" blocks_not_covered="1" lines_covered="0" lines_partially_covered="0" lines_not_covered="1">
          <ranges>
            <range source_id="27" start_line="44" end_line="44" start_column="36" end_column="40" covered="no" />
          </ranges>
        </function>
        <function id="12912" token="0x60001c3" name="set_ProblemTesviri(string)" namespace="AzAgroPOS.Varliglar" type_name="Temir" block_coverage="0.00" line_coverage="0.00" blocks_covered="0" blocks_not_covered="1" lines_covered="0" lines_partially_covered="0" lines_not_covered="1">
          <ranges>
            <range source_id="27" start_line="44" end_line="44" start_column="41" end_column="45" covered="no" />
          </ranges>
        </function>
        <function id="12921" token="0x60001c4" name="get_ZemanetMuddeti()" namespace="AzAgroPOS.Varliglar" type_name="Temir" block_coverage="0.00" line_coverage="0.00" blocks_covered="0" blocks_not_covered="1" lines_covered="0" lines_partially_covered="0" lines_not_covered="1">
          <ranges>
            <range source_id="27" start_line="50" end_line="50" start_column="34" end_column="38" covered="no" />
          </ranges>
        </function>
        <function id="12929" token="0x60001c5" name="set_ZemanetMuddeti(System.Nullable&lt;int&gt;)" namespace="AzAgroPOS.Varliglar" type_name="Temir" block_coverage="0.00" line_coverage="0.00" blocks_covered="0" blocks_not_covered="1" lines_covered="0" lines_partially_covered="0" lines_not_covered="1">
          <ranges>
            <range source_id="27" start_line="50" end_line="50" start_column="39" end_column="43" covered="no" />
          </ranges>
        </function>
        <function id="12938" token="0x60001c6" name="get_QebulTarixi()" namespace="AzAgroPOS.Varliglar" type_name="Temir" block_coverage="0.00" line_coverage="0.00" blocks_covered="0" blocks_not_covered="1" lines_covered="0" lines_partially_covered="0" lines_not_covered="1">
          <ranges>
            <range source_id="27" start_line="58" end_line="58" start_column="35" end_column="39" covered="no" />
          </ranges>
        </function>
        <function id="12946" token="0x60001c7" name="set_QebulTarixi(System.DateTime)" namespace="AzAgroPOS.Varliglar" type_name="Temir" block_coverage="0.00" line_coverage="0.00" blocks_covered="0" blocks_not_covered="1" lines_covered="0" lines_partially_covered="0" lines_not_covered="1">
          <ranges>
            <range source_id="27" start_line="58" end_line="58" start_column="40" end_column="44" covered="no" />
          </ranges>
        </function>
        <function id="12955" token="0x60001c8" name="get_TamamlanmaTarixi()" namespace="AzAgroPOS.Varliglar" type_name="Temir" block_coverage="0.00" line_coverage="0.00" blocks_covered="0" blocks_not_covered="1" lines_covered="0" lines_partially_covered="0" lines_not_covered="1">
          <ranges>
            <range source_id="27" start_line="64" end_line="64" start_column="41" end_column="45" covered="no" />
          </ranges>
        </function>
        <function id="12963" token="0x60001c9" name="set_TamamlanmaTarixi(System.Nullable&lt;System.DateTime&gt;)" namespace="AzAgroPOS.Varliglar" type_name="Temir" block_coverage="0.00" line_coverage="0.00" blocks_covered="0" blocks_not_covered="1" lines_covered="0" lines_partially_covered="0" lines_not_covered="1">
          <ranges>
            <range source_id="27" start_line="64" end_line="64" start_column="46" end_column="50" covered="no" />
          </ranges>
        </function>
        <function id="12972" token="0x60001ca" name="get_Status()" namespace="AzAgroPOS.Varliglar" type_name="Temir" block_coverage="0.00" line_coverage="0.00" blocks_covered="0" blocks_not_covered="1" lines_covered="0" lines_partially_covered="0" lines_not_covered="1">
          <ranges>
            <range source_id="27" start_line="70" end_line="70" start_column="34" end_column="38" covered="no" />
          </ranges>
        </function>
        <function id="12980" token="0x60001cb" name="set_Status(AzAgroPOS.Varliglar.TemirStatusu)" namespace="AzAgroPOS.Varliglar" type_name="Temir" block_coverage="0.00" line_coverage="0.00" blocks_covered="0" blocks_not_covered="1" lines_covered="0" lines_partially_covered="0" lines_not_covered="1">
          <ranges>
            <range source_id="27" start_line="70" end_line="70" start_column="39" end_column="43" covered="no" />
          </ranges>
        </function>
        <function id="12989" token="0x60001cc" name="get_TemirXerci()" namespace="AzAgroPOS.Varliglar" type_name="Temir" block_coverage="0.00" line_coverage="0.00" blocks_covered="0" blocks_not_covered="1" lines_covered="0" lines_partially_covered="0" lines_not_covered="1">
          <ranges>
            <range source_id="27" start_line="78" end_line="78" start_column="33" end_column="37" covered="no" />
          </ranges>
        </function>
        <function id="12997" token="0x60001cd" name="set_TemirXerci(decimal)" namespace="AzAgroPOS.Varliglar" type_name="Temir" block_coverage="0.00" line_coverage="0.00" blocks_covered="0" blocks_not_covered="1" lines_covered="0" lines_partially_covered="0" lines_not_covered="1">
          <ranges>
            <range source_id="27" start_line="78" end_line="78" start_column="38" end_column="42" covered="no" />
          </ranges>
        </function>
        <function id="13006" token="0x60001ce" name="get_ServisHaqqi()" namespace="AzAgroPOS.Varliglar" type_name="Temir" block_coverage="0.00" line_coverage="0.00" blocks_covered="0" blocks_not_covered="1" lines_covered="0" lines_partially_covered="0" lines_not_covered="1">
          <ranges>
            <range source_id="27" start_line="84" end_line="84" start_column="34" end_column="38" covered="no" />
          </ranges>
        </function>
        <function id="13014" token="0x60001cf" name="set_ServisHaqqi(decimal)" namespace="AzAgroPOS.Varliglar" type_name="Temir" block_coverage="0.00" line_coverage="0.00" blocks_covered="0" blocks_not_covered="1" lines_covered="0" lines_partially_covered="0" lines_not_covered="1">
          <ranges>
            <range source_id="27" start_line="84" end_line="84" start_column="39" end_column="43" covered="no" />
          </ranges>
        </function>
        <function id="13023" token="0x60001d0" name="get_YekunMebleg()" namespace="AzAgroPOS.Varliglar" type_name="Temir" block_coverage="0.00" line_coverage="0.00" blocks_covered="0" blocks_not_covered="1" lines_covered="0" lines_partially_covered="0" lines_not_covered="1">
          <ranges>
            <range source_id="27" start_line="90" end_line="90" start_column="34" end_column="38" covered="no" />
          </ranges>
        </function>
        <function id="13031" token="0x60001d1" name="set_YekunMebleg(decimal)" namespace="AzAgroPOS.Varliglar" type_name="Temir" block_coverage="0.00" line_coverage="0.00" blocks_covered="0" blocks_not_covered="1" lines_covered="0" lines_partially_covered="0" lines_not_covered="1">
          <ranges>
            <range source_id="27" start_line="90" end_line="90" start_column="39" end_column="43" covered="no" />
          </ranges>
        </function>
        <function id="13040" token="0x60001d2" name="get_IsciId()" namespace="AzAgroPOS.Varliglar" type_name="Temir" block_coverage="0.00" line_coverage="0.00" blocks_covered="0" blocks_not_covered="1" lines_covered="0" lines_partially_covered="0" lines_not_covered="1">
          <ranges>
            <range source_id="27" start_line="98" end_line="98" start_column="26" end_column="30" covered="no" />
          </ranges>
        </function>
        <function id="13048" token="0x60001d3" name="set_IsciId(System.Nullable&lt;int&gt;)" namespace="AzAgroPOS.Varliglar" type_name="Temir" block_coverage="0.00" line_coverage="0.00" blocks_covered="0" blocks_not_covered="1" lines_covered="0" lines_partially_covered="0" lines_not_covered="1">
          <ranges>
            <range source_id="27" start_line="98" end_line="98" start_column="31" end_column="35" covered="no" />
          </ranges>
        </function>
        <function id="13057" token="0x60001d4" name="get_Isci()" namespace="AzAgroPOS.Varliglar" type_name="Temir" block_coverage="0.00" line_coverage="0.00" blocks_covered="0" blocks_not_covered="1" lines_covered="0" lines_partially_covered="0" lines_not_covered="1">
          <ranges>
            <range source_id="27" start_line="104" end_line="104" start_column="31" end_column="35" covered="no" />
          </ranges>
        </function>
        <function id="13065" token="0x60001d5" name="set_Isci(AzAgroPOS.Varliglar.Istifadeci)" namespace="AzAgroPOS.Varliglar" type_name="Temir" block_coverage="0.00" line_coverage="0.00" blocks_covered="0" blocks_not_covered="1" lines_covered="0" lines_partially_covered="0" lines_not_covered="1">
          <ranges>
            <range source_id="27" start_line="104" end_line="104" start_column="36" end_column="40" covered="no" />
          </ranges>
        </function>
        <function id="13074" token="0x60001d6" name="Temir()" namespace="AzAgroPOS.Varliglar" type_name="Temir" block_coverage="0.00" line_coverage="0.00" blocks_covered="0" blocks_not_covered="2" lines_covered="0" lines_partially_covered="0" lines_not_covered="5">
          <ranges>
            <range source_id="27" start_line="17" end_line="17" start_column="46" end_column="58" covered="no" />
            <range source_id="27" start_line="23" end_line="23" start_column="51" end_column="63" covered="no" />
            <range source_id="27" start_line="32" end_line="32" start_column="44" end_column="56" covered="no" />
            <range source_id="27" start_line="38" end_line="38" start_column="49" end_column="61" covered="no" />
            <range source_id="27" start_line="44" end_line="44" start_column="50" end_column="62" covered="no" />
          </ranges>
        </function>
        <function id="13138" token="0x60001d7" name="get_TemirId()" namespace="AzAgroPOS.Varliglar" type_name="TemirMerhelesi" block_coverage="0.00" line_coverage="0.00" blocks_covered="0" blocks_not_covered="1" lines_covered="0" lines_partially_covered="0" lines_not_covered="1">
          <ranges>
            <range source_id="28" start_line="5" end_line="5" start_column="30" end_column="34" covered="no" />
          </ranges>
        </function>
        <function id="13146" token="0x60001d8" name="set_TemirId(int)" namespace="AzAgroPOS.Varliglar" type_name="TemirMerhelesi" block_coverage="0.00" line_coverage="0.00" blocks_covered="0" blocks_not_covered="1" lines_covered="0" lines_partially_covered="0" lines_not_covered="1">
          <ranges>
            <range source_id="28" start_line="5" end_line="5" start_column="35" end_column="39" covered="no" />
          </ranges>
        </function>
        <function id="13155" token="0x60001d9" name="get_Temir()" namespace="AzAgroPOS.Varliglar" type_name="TemirMerhelesi" block_coverage="0.00" line_coverage="0.00" blocks_covered="0" blocks_not_covered="1" lines_covered="0" lines_partially_covered="0" lines_not_covered="1">
          <ranges>
            <range source_id="28" start_line="6" end_line="6" start_column="38" end_column="42" covered="no" />
          </ranges>
        </function>
        <function id="13163" token="0x60001da" name="set_Temir(AzAgroPOS.Varliglar.Temir)" namespace="AzAgroPOS.Varliglar" type_name="TemirMerhelesi" block_coverage="0.00" line_coverage="0.00" blocks_covered="0" blocks_not_covered="1" lines_covered="0" lines_partially_covered="0" lines_not_covered="1">
          <ranges>
            <range source_id="28" start_line="6" end_line="6" start_column="43" end_column="47" covered="no" />
          </ranges>
        </function>
        <function id="13172" token="0x60001db" name="get_Tarix()" namespace="AzAgroPOS.Varliglar" type_name="TemirMerhelesi" block_coverage="0.00" line_coverage="0.00" blocks_covered="0" blocks_not_covered="1" lines_covered="0" lines_partially_covered="0" lines_not_covered="1">
          <ranges>
            <range source_id="28" start_line="7" end_line="7" start_column="33" end_column="37" covered="no" />
          </ranges>
        </function>
        <function id="13180" token="0x60001dc" name="set_Tarix(System.DateTime)" namespace="AzAgroPOS.Varliglar" type_name="TemirMerhelesi" block_coverage="0.00" line_coverage="0.00" blocks_covered="0" blocks_not_covered="1" lines_covered="0" lines_partially_covered="0" lines_not_covered="1">
          <ranges>
            <range source_id="28" start_line="7" end_line="7" start_column="38" end_column="42" covered="no" />
          </ranges>
        </function>
        <function id="13189" token="0x60001dd" name="get_Aciqlama()" namespace="AzAgroPOS.Varliglar" type_name="TemirMerhelesi" block_coverage="0.00" line_coverage="0.00" blocks_covered="0" blocks_not_covered="1" lines_covered="0" lines_partially_covered="0" lines_not_covered="1">
          <ranges>
            <range source_id="28" start_line="8" end_line="8" start_column="34" end_column="38" covered="no" />
          </ranges>
        </function>
        <function id="13197" token="0x60001de" name="set_Aciqlama(string)" namespace="AzAgroPOS.Varliglar" type_name="TemirMerhelesi" block_coverage="0.00" line_coverage="0.00" blocks_covered="0" blocks_not_covered="1" lines_covered="0" lines_partially_covered="0" lines_not_covered="1">
          <ranges>
            <range source_id="28" start_line="8" end_line="8" start_column="39" end_column="43" covered="no" />
          </ranges>
        </function>
        <function id="13206" token="0x60001df" name="get_Status()" namespace="AzAgroPOS.Varliglar" type_name="TemirMerhelesi" block_coverage="0.00" line_coverage="0.00" blocks_covered="0" blocks_not_covered="1" lines_covered="0" lines_partially_covered="0" lines_not_covered="1">
          <ranges>
            <range source_id="28" start_line="9" end_line="9" start_column="38" end_column="42" covered="no" />
          </ranges>
        </function>
        <function id="13214" token="0x60001e0" name="set_Status(AzAgroPOS.Varliglar.TemirStatusu)" namespace="AzAgroPOS.Varliglar" type_name="TemirMerhelesi" block_coverage="0.00" line_coverage="0.00" blocks_covered="0" blocks_not_covered="1" lines_covered="0" lines_partially_covered="0" lines_not_covered="1">
          <ranges>
            <range source_id="28" start_line="9" end_line="9" start_column="43" end_column="47" covered="no" />
          </ranges>
        </function>
      </functions>
      <source_files>
        <source_file id="1" path="C:\Users\murad\Tam\AzAgroPOS\AzAgroPOS.Varliglar\AlisSened.cs" checksum_type="SHA256" checksum="3E31D6030E0635D800CA2CCC114BC589F42CD4838F71AB042FCF991B14D3A5D1" />
        <source_file id="2" path="C:\Users\murad\Tam\AzAgroPOS\AzAgroPOS.Varliglar\AlisSenedSetiri.cs" checksum_type="SHA256" checksum="6A6E62A4EAB3A236A6F37B342280CD322E46A8828746EFC36A9E45AFA9C15966" />
        <source_file id="3" path="C:\Users\murad\Tam\AzAgroPOS\AzAgroPOS.Varliglar\AlisSifaris.cs" checksum_type="SHA256" checksum="56AA662F3EC9AB731B293A80ED19EFFEA0A46FE5EB63A6D8E9B3EA4E35BA8B20" />
        <source_file id="4" path="C:\Users\murad\Tam\AzAgroPOS\AzAgroPOS.Varliglar\AlisSifarisSetiri.cs" checksum_type="SHA256" checksum="2A2944364D4933CE124428CC38897B6D002E346CD611C1BABB278F6B262A8888" />
        <source_file id="5" path="C:\Users\murad\Tam\AzAgroPOS\AzAgroPOS.Varliglar\BazaVarligi.cs" checksum_type="SHA256" checksum="56510DB53073ED2F195EFE30881B99845E5D5BA01B23A8DB0B1930C84539EBEF" />
        <source_file id="6" path="C:\Users\murad\Tam\AzAgroPOS\AzAgroPOS.Varliglar\Brend.cs" checksum_type="SHA256" checksum="55B95708BDF8740B51C49FC357FCA2B8E900C5113F4FB05197A6B3A41588C49B" />
        <source_file id="7" path="C:\Users\murad\Tam\AzAgroPOS\AzAgroPOS.Varliglar\EmeliyyatJurnali.cs" checksum_type="SHA256" checksum="B6AFCC5D3D644370B46459559468E34CDC33C08A5B2C028599CB6FC60AA3143F" />
        <source_file id="8" path="C:\Users\murad\Tam\AzAgroPOS\AzAgroPOS.Varliglar\Icaze.cs" checksum_type="SHA256" checksum="F1DE5C5E76D49896D556DAEBD739810D24BC9D222FACAD76BFA05F2871334421" />
        <source_file id="9" path="C:\Users\murad\Tam\AzAgroPOS\AzAgroPOS.Varliglar\Isci.cs" checksum_type="SHA256" checksum="9460E41E6AC7D3AB69ED0959E2FD33020E09707FB3FE01005E808D033797673F" />
        <source_file id="10" path="C:\Users\murad\Tam\AzAgroPOS\AzAgroPOS.Varliglar\IsciIzni.cs" checksum_type="SHA256" checksum="1A5C19FD82668FF86473F0C833FB4B9898E9081A99B41E17F0BB08BA6F872F4D" />
        <source_file id="11" path="C:\Users\murad\Tam\AzAgroPOS\AzAgroPOS.Varliglar\IsciPerformans.cs" checksum_type="SHA256" checksum="1CD2281D4047CC45BA2023AE20A87DD207E2F1B9F4BC594F38F38EA6D8C50467" />
        <source_file id="12" path="C:\Users\murad\Tam\AzAgroPOS\AzAgroPOS.Varliglar\Istifadeci.cs" checksum_type="SHA256" checksum="1B4BD8FFD6E2620BB9E713CC974641C4B87D8713268992883F37CEA6FB5E045E" />
        <source_file id="13" path="C:\Users\murad\Tam\AzAgroPOS\AzAgroPOS.Varliglar\Kateqoriya.cs" checksum_type="SHA256" checksum="93DCC6B3365C62C32ECE93966B074A31B89644C1E8E79C62A286896EBDE431E4" />
        <source_file id="14" path="C:\Users\murad\Tam\AzAgroPOS\AzAgroPOS.Varliglar\Konfiqurasiya.cs" checksum_type="SHA256" checksum="65073A4BFA315EA284937C6F04B363AF8553438D79C3C077BD2DB4B991D10324" />
        <source_file id="15" path="C:\Users\murad\Tam\AzAgroPOS\AzAgroPOS.Varliglar\Mehsul.cs" checksum_type="SHA256" checksum="151E643500000672A1DFAAD4A389C06B8773051050F9081046C184F488B335CA" />
        <source_file id="16" path="C:\Users\murad\Tam\AzAgroPOS\AzAgroPOS.Varliglar\Musteri.cs" checksum_type="SHA256" checksum="951550249159F5E4C1315E2E3D1B4F49EC284F1AF682D2C1B4CF7DFA86FB4FB5" />
        <source_file id="17" path="C:\Users\murad\Tam\AzAgroPOS\AzAgroPOS.Varliglar\NisyeHereketi.cs" checksum_type="SHA256" checksum="819459B0CA52971AF8DA027DC4FF4CA6F236F868656C281B7B1522C8155CF92F" />
        <source_file id="18" path="C:\Users\murad\Tam\AzAgroPOS\AzAgroPOS.Varliglar\Novbe.cs" checksum_type="SHA256" checksum="1D8EFCDA5B5B3121A554FF9A51A42FA946628B3BFB1C60FC6EC0A3D24E8F733F" />
        <source_file id="19" path="C:\Users\murad\Tam\AzAgroPOS\AzAgroPOS.Varliglar\Qaytarma.cs" checksum_type="SHA256" checksum="DFA396460C98227AB0E937407545189C6BC2772736B2F295436A39BF1E85A81D" />
        <source_file id="20" path="C:\Users\murad\Tam\AzAgroPOS\AzAgroPOS.Varliglar\QaytarmaDetali.cs" checksum_type="SHA256" checksum="2F5ECD9666C8F3ED8CF14AFDA3C1928DB4EDBB6734D169469CEA87C8FDB5436A" />
        <source_file id="21" path="C:\Users\murad\Tam\AzAgroPOS\AzAgroPOS.Varliglar\Rol.cs" checksum_type="SHA256" checksum="A79F9253939C6833E1EBB17963AFF1F21A84AD8E35A47884AB55089902624873" />
        <source_file id="22" path="C:\Users\murad\Tam\AzAgroPOS\AzAgroPOS.Varliglar\RolIcazesi.cs" checksum_type="SHA256" checksum="C08C5D3026812F8601BBC05FE10E01CE68AAB3FE0C1796FE2CC874F281CB225E" />
        <source_file id="23" path="C:\Users\murad\Tam\AzAgroPOS\AzAgroPOS.Varliglar\Satis.cs" checksum_type="SHA256" checksum="7C4F5EB83E0DB97AE26738AC971BA2BEEC40E4EE2FDC20824913FFEC41342AA4" />
        <source_file id="24" path="C:\Users\murad\Tam\AzAgroPOS\AzAgroPOS.Varliglar\SatisDetali.cs" checksum_type="SHA256" checksum="22B33004F804D45C0ADF6C82239EEBA4C13375571C8E23207BEEDD81F1ACBE8C" />
        <source_file id="25" path="C:\Users\murad\Tam\AzAgroPOS\AzAgroPOS.Varliglar\Tedarukcu.cs" checksum_type="SHA256" checksum="CD83B56A01441434D7344E68AD28128489E35BCF51865E41D0A1DD13D7CB6973" />
        <source_file id="26" path="C:\Users\murad\Tam\AzAgroPOS\AzAgroPOS.Varliglar\TedarukcuOdeme.cs" checksum_type="SHA256" checksum="8946F3D09228B6226BB46A81FFFF1C7A1B8494D1198629D347002063B2CC8651" />
        <source_file id="27" path="C:\Users\murad\Tam\AzAgroPOS\AzAgroPOS.Varliglar\Temir.cs" checksum_type="SHA256" checksum="7BA7DE72CBD68EC1431C9327315925F21135C3C67CAB9A1AA521FCAD7E99753A" />
        <source_file id="28" path="C:\Users\murad\Tam\AzAgroPOS\AzAgroPOS.Varliglar\TemirMerhelesi.cs" checksum_type="SHA256" checksum="1285FF6050FE8830604FC170EA36B0A0501F32923B6E2A981A9D69CB064C1DDA" />
      </source_files>
      <skipped_functions />
    </module>
    <module id="F73E2E0753E61144AB84C3BB3DF408045AF9B5FA" name="AzAgroPOS.Verilenler.dll" path="AzAgroPOS.Verilenler.dll" block_coverage="7.73" line_coverage="1.08" blocks_covered="1293" blocks_not_covered="15439" lines_covered="373" lines_partially_covered="0" lines_not_covered="34130">
      <functions>
        <function id="49416" token="0x6000218" name="Main(string[])" type_name="Program" block_coverage="0.00" line_coverage="0.00" blocks_covered="0" blocks_not_covered="64" lines_covered="0" lines_partially_covered="0" lines_not_covered="38">
          <ranges>
            <range source_id="1" start_line="8" end_line="8" start_column="5" end_column="6" covered="no" />
            <range source_id="1" start_line="10" end_line="12" start_column="9" end_column="85" covered="no" />
            <range source_id="1" start_line="14" end_line="14" start_column="9" end_column="56" covered="no" />
            <range source_id="1" start_line="17" end_line="17" start_column="9" end_column="87" covered="no" />
            <range source_id="1" start_line="18" end_line="18" start_column="9" end_column="69" covered="no" />
            <range source_id="1" start_line="21" end_line="21" start_column="9" end_column="80" covered="no" />
            <range source_id="1" start_line="22" end_line="22" start_column="9" end_column="55" covered="no" />
            <range source_id="1" start_line="25" end_line="25" start_column="9" end_column="76" covered="no" />
            <range source_id="1" start_line="28" end_line="28" start_column="9" end_column="10" covered="no" />
            <range source_id="1" start_line="30" end_line="30" start_column="13" end_column="70" covered="no" />
            <range source_id="1" start_line="31" end_line="31" start_column="13" end_column="82" covered="no" />
            <range source_id="1" start_line="33" end_line="33" start_column="13" end_column="20" covered="no" />
            <range source_id="1" start_line="33" end_line="33" start_column="39" end_column="49" covered="no" />
            <range source_id="1" start_line="33" end_line="33" start_column="22" end_column="35" covered="no" />
            <range source_id="1" start_line="34" end_line="34" start_column="13" end_column="14" covered="no" />
            <range source_id="1" start_line="35" end_line="35" start_column="17" end_column="55" covered="no" />
            <range source_id="1" start_line="36" end_line="36" start_column="13" end_column="14" covered="no" />
            <range source_id="1" start_line="33" end_line="33" start_column="36" end_column="38" covered="no" />
            <range source_id="1" start_line="39" end_line="39" start_column="13" end_column="68" covered="no" />
            <range source_id="1" start_line="40" end_line="40" start_column="13" end_column="20" covered="no" />
            <range source_id="1" start_line="40" end_line="40" start_column="39" end_column="49" covered="no" />
            <range source_id="1" start_line="40" end_line="40" start_column="22" end_column="35" covered="no" />
            <range source_id="1" start_line="41" end_line="41" start_column="13" end_column="14" covered="no" />
            <range source_id="1" start_line="43" end_line="43" start_column="17" end_column="18" covered="no" />
            <range source_id="1" start_line="44" end_line="44" start_column="21" end_column="75" covered="no" />
            <range source_id="1" start_line="45" end_line="45" start_column="21" end_column="57" covered="no" />
            <range source_id="1" start_line="46" end_line="46" start_column="21" end_column="87" covered="no" />
            <range source_id="1" start_line="47" end_line="47" start_column="17" end_column="18" covered="no" />
            <range source_id="1" start_line="48" end_line="48" start_column="17" end_column="37" covered="no" />
            <range source_id="1" start_line="49" end_line="49" start_column="17" end_column="18" covered="no" />
            <range source_id="1" start_line="50" end_line="50" start_column="21" end_column="94" covered="no" />
            <range source_id="1" start_line="51" end_line="51" start_column="21" end_column="72" covered="no" />
            <range source_id="1" start_line="52" end_line="52" start_column="21" end_column="27" covered="no" />
            <range source_id="1" start_line="54" end_line="54" start_column="13" end_column="14" covered="no" />
            <range source_id="1" start_line="40" end_line="40" start_column="36" end_column="38" covered="no" />
            <range source_id="1" start_line="55" end_line="55" start_column="9" end_column="10" covered="no" />
            <range source_id="1" start_line="56" end_line="56" start_column="9" end_column="29" covered="no" />
            <range source_id="1" start_line="57" end_line="57" start_column="9" end_column="10" covered="no" />
            <range source_id="1" start_line="58" end_line="58" start_column="13" end_column="82" covered="no" />
            <range source_id="1" start_line="59" end_line="59" start_column="13" end_column="64" covered="no" />
            <range source_id="1" start_line="60" end_line="60" start_column="9" end_column="10" covered="no" />
            <range source_id="1" start_line="61" end_line="61" start_column="5" end_column="6" covered="no" />
          </ranges>
        </function>
        <function id="50053" token="0x600021a" name="MehsulRepozitori(AzAgroPOS.Verilenler.Kontekst.AzAgroPOSDbContext)" type_name="MehsulRepozitori" block_coverage="100.00" line_coverage="100.00" blocks_covered="2" blocks_not_covered="0" lines_covered="3" lines_partially_covered="0" lines_not_covered="0">
          <ranges>
            <range source_id="2" start_line="17" end_line="17" start_column="60" end_column="74" covered="yes" />
            <range source_id="2" start_line="18" end_line="18" start_column="5" end_column="6" covered="yes" />
            <range source_id="2" start_line="23" end_line="23" start_column="5" end_column="6" covered="yes" />
          </ranges>
        </function>
        <function id="50064" token="0x600021b" name="MusteriRepozitori(AzAgroPOS.Verilenler.Kontekst.AzAgroPOSDbContext)" type_name="MusteriRepozitori" block_coverage="0.00" line_coverage="0.00" blocks_covered="0" blocks_not_covered="2" lines_covered="0" lines_partially_covered="0" lines_not_covered="3">
          <ranges>
            <range source_id="3" start_line="16" end_line="16" start_column="61" end_column="75" covered="no" />
            <range source_id="3" start_line="17" end_line="17" start_column="5" end_column="6" covered="no" />
            <range source_id="3" start_line="22" end_line="22" start_column="5" end_column="6" covered="no" />
          </ranges>
        </function>
        <function id="50075" token="0x600021c" name="SatisRepozitori(AzAgroPOS.Verilenler.Kontekst.AzAgroPOSDbContext)" type_name="SatisRepozitori" block_coverage="0.00" line_coverage="0.00" blocks_covered="0" blocks_not_covered="2" lines_covered="0" lines_partially_covered="0" lines_not_covered="3">
          <ranges>
            <range source_id="4" start_line="17" end_line="17" start_column="59" end_column="73" covered="no" />
            <range source_id="4" start_line="18" end_line="18" start_column="5" end_column="6" covered="no" />
            <range source_id="4" start_line="23" end_line="23" start_column="5" end_column="6" covered="no" />
          </ranges>
        </function>
        <function id="50086" token="0x600021d" name="AlisSenedRepozitori(AzAgroPOS.Verilenler.Kontekst.AzAgroPOSDbContext)" namespace="AzAgroPOS.Verilenler.Realizasialar" type_name="AlisSenedRepozitori" block_coverage="0.00" line_coverage="0.00" blocks_covered="0" blocks_not_covered="2" lines_covered="0" lines_partially_covered="0" lines_not_covered="3">
          <ranges>
            <range source_id="5" start_line="17" end_line="17" start_column="63" end_column="77" covered="no" />
            <range source_id="5" start_line="18" end_line="18" start_column="5" end_column="6" covered="no" />
            <range source_id="5" start_line="20" end_line="20" start_column="5" end_column="6" covered="no" />
          </ranges>
        </function>
        <function id="50097" token="0x600021e" name="AlisSenedSetiriRepozitori(AzAgroPOS.Verilenler.Kontekst.AzAgroPOSDbContext)" namespace="AzAgroPOS.Verilenler.Realizasialar" type_name="AlisSenedSetiriRepozitori" block_coverage="0.00" line_coverage="0.00" blocks_covered="0" blocks_not_covered="2" lines_covered="0" lines_partially_covered="0" lines_not_covered="3">
          <ranges>
            <range source_id="6" start_line="17" end_line="17" start_column="69" end_column="83" covered="no" />
            <range source_id="6" start_line="18" end_line="18" start_column="5" end_column="6" covered="no" />
            <range source_id="6" start_line="20" end_line="20" start_column="5" end_column="6" covered="no" />
          </ranges>
        </function>
        <function id="50108" token="0x600021f" name="AlisSifarisRepozitori(AzAgroPOS.Verilenler.Kontekst.AzAgroPOSDbContext)" namespace="AzAgroPOS.Verilenler.Realizasialar" type_name="AlisSifarisRepozitori" block_coverage="0.00" line_coverage="0.00" blocks_covered="0" blocks_not_covered="2" lines_covered="0" lines_partially_covered="0" lines_not_covered="3">
          <ranges>
            <range source_id="7" start_line="17" end_line="17" start_column="65" end_column="79" covered="no" />
            <range source_id="7" start_line="18" end_line="18" start_column="5" end_column="6" covered="no" />
            <range source_id="7" start_line="20" end_line="20" start_column="5" end_column="6" covered="no" />
          </ranges>
        </function>
        <function id="50119" token="0x6000220" name="AlisSifarisSetiriRepozitori(AzAgroPOS.Verilenler.Kontekst.AzAgroPOSDbContext)" namespace="AzAgroPOS.Verilenler.Realizasialar" type_name="AlisSifarisSetiriRepozitori" block_coverage="0.00" line_coverage="0.00" blocks_covered="0" blocks_not_covered="2" lines_covered="0" lines_partially_covered="0" lines_not_covered="3">
          <ranges>
            <range source_id="8" start_line="17" end_line="17" start_column="71" end_column="85" covered="no" />
            <range source_id="8" start_line="18" end_line="18" start_column="5" end_column="6" covered="no" />
            <range source_id="8" start_line="20" end_line="20" start_column="5" end_column="6" covered="no" />
          </ranges>
        </function>
        <function id="50130" token="0x6000221" name="BrendRepozitori(AzAgroPOS.Verilenler.Kontekst.AzAgroPOSDbContext)" namespace="AzAgroPOS.Verilenler.Realizasialar" type_name="BrendRepozitori" block_coverage="0.00" line_coverage="0.00" blocks_covered="0" blocks_not_covered="2" lines_covered="0" lines_partially_covered="0" lines_not_covered="3">
          <ranges>
            <range source_id="9" start_line="17" end_line="17" start_column="59" end_column="73" covered="no" />
            <range source_id="9" start_line="18" end_line="18" start_column="5" end_column="6" covered="no" />
            <range source_id="9" start_line="20" end_line="20" start_column="5" end_column="6" covered="no" />
          </ranges>
        </function>
        <function id="50141" token="0x6000222" name="EmeliyyatJurnaliRepozitori(AzAgroPOS.Verilenler.Kontekst.AzAgroPOSDbContext)" namespace="AzAgroPOS.Verilenler.Realizasialar" type_name="EmeliyyatJurnaliRepozitori" block_coverage="0.00" line_coverage="0.00" blocks_covered="0" blocks_not_covered="2" lines_covered="0" lines_partially_covered="0" lines_not_covered="3">
          <ranges>
            <range source_id="10" start_line="10" end_line="10" start_column="70" end_column="84" covered="no" />
            <range source_id="10" start_line="11" end_line="11" start_column="5" end_column="6" covered="no" />
            <range source_id="10" start_line="12" end_line="12" start_column="5" end_column="6" covered="no" />
          </ranges>
        </function>
        <function id="50152" token="0x6000223" name="IcazeRepozitori(AzAgroPOS.Verilenler.Kontekst.AzAgroPOSDbContext)" namespace="AzAgroPOS.Verilenler.Realizasialar" type_name="IcazeRepozitori" block_coverage="0.00" line_coverage="0.00" blocks_covered="0" blocks_not_covered="2" lines_covered="0" lines_partially_covered="0" lines_not_covered="3">
          <ranges>
            <range source_id="11" start_line="10" end_line="10" start_column="59" end_column="73" covered="no" />
            <range source_id="11" start_line="11" end_line="11" start_column="5" end_column="6" covered="no" />
            <range source_id="11" start_line="12" end_line="12" start_column="5" end_column="6" covered="no" />
          </ranges>
        </function>
        <function id="50163" token="0x6000224" name="IsciIzniRepozitori(AzAgroPOS.Verilenler.Kontekst.AzAgroPOSDbContext)" namespace="AzAgroPOS.Verilenler.Realizasialar" type_name="IsciIzniRepozitori" block_coverage="0.00" line_coverage="0.00" blocks_covered="0" blocks_not_covered="2" lines_covered="0" lines_partially_covered="0" lines_not_covered="3">
          <ranges>
            <range source_id="12" start_line="17" end_line="17" start_column="62" end_column="76" covered="no" />
            <range source_id="12" start_line="18" end_line="18" start_column="5" end_column="6" covered="no" />
            <range source_id="12" start_line="20" end_line="20" start_column="5" end_column="6" covered="no" />
          </ranges>
        </function>
        <function id="50174" token="0x6000225" name="IsciPerformansRepozitori(AzAgroPOS.Verilenler.Kontekst.AzAgroPOSDbContext)" namespace="AzAgroPOS.Verilenler.Realizasialar" type_name="IsciPerformansRepozitori" block_coverage="0.00" line_coverage="0.00" blocks_covered="0" blocks_not_covered="2" lines_covered="0" lines_partially_covered="0" lines_not_covered="3">
          <ranges>
            <range source_id="13" start_line="17" end_line="17" start_column="68" end_column="82" covered="no" />
            <range source_id="13" start_line="18" end_line="18" start_column="5" end_column="6" covered="no" />
            <range source_id="13" start_line="20" end_line="20" start_column="5" end_column="6" covered="no" />
          </ranges>
        </function>
        <function id="50185" token="0x6000226" name="IsciRepozitori(AzAgroPOS.Verilenler.Kontekst.AzAgroPOSDbContext)" namespace="AzAgroPOS.Verilenler.Realizasialar" type_name="IsciRepozitori" block_coverage="0.00" line_coverage="0.00" blocks_covered="0" blocks_not_covered="2" lines_covered="0" lines_partially_covered="0" lines_not_covered="3">
          <ranges>
            <range source_id="14" start_line="17" end_line="17" start_column="58" end_column="72" covered="no" />
            <range source_id="14" start_line="18" end_line="18" start_column="5" end_column="6" covered="no" />
            <range source_id="14" start_line="20" end_line="20" start_column="5" end_column="6" covered="no" />
          </ranges>
        </function>
        <function id="50196" token="0x6000227" name="IstifadeciRepozitori(AzAgroPOS.Verilenler.Kontekst.AzAgroPOSDbContext)" namespace="AzAgroPOS.Verilenler.Realizasialar" type_name="IstifadeciRepozitori" block_coverage="0.00" line_coverage="0.00" blocks_covered="0" blocks_not_covered="2" lines_covered="0" lines_partially_covered="0" lines_not_covered="3">
          <ranges>
            <range source_id="15" start_line="22" end_line="22" start_column="64" end_column="78" covered="no" />
            <range source_id="15" start_line="23" end_line="23" start_column="5" end_column="6" covered="no" />
            <range source_id="15" start_line="28" end_line="28" start_column="5" end_column="6" covered="no" />
          </ranges>
        </function>
        <function id="50207" token="0x6000228" name="KateqoriyaRepozitori(AzAgroPOS.Verilenler.Kontekst.AzAgroPOSDbContext)" namespace="AzAgroPOS.Verilenler.Realizasialar" type_name="KateqoriyaRepozitori" block_coverage="0.00" line_coverage="0.00" blocks_covered="0" blocks_not_covered="2" lines_covered="0" lines_partially_covered="0" lines_not_covered="3">
          <ranges>
            <range source_id="16" start_line="17" end_line="17" start_column="64" end_column="78" covered="no" />
            <range source_id="16" start_line="18" end_line="18" start_column="5" end_column="6" covered="no" />
            <range source_id="16" start_line="20" end_line="20" start_column="5" end_column="6" covered="no" />
          </ranges>
        </function>
        <function id="50218" token="0x6000229" name="KonfiqurasiyaRepozitori(AzAgroPOS.Verilenler.Kontekst.AzAgroPOSDbContext)" namespace="AzAgroPOS.Verilenler.Realizasialar" type_name="KonfiqurasiyaRepozitori" block_coverage="0.00" line_coverage="0.00" blocks_covered="0" blocks_not_covered="2" lines_covered="0" lines_partially_covered="0" lines_not_covered="3">
          <ranges>
            <range source_id="17" start_line="11" end_line="11" start_column="67" end_column="81" covered="no" />
            <range source_id="17" start_line="12" end_line="12" start_column="5" end_column="6" covered="no" />
            <range source_id="17" start_line="13" end_line="13" start_column="5" end_column="6" covered="no" />
          </ranges>
        </function>
        <function id="50383" token="0x600022c" name="NisyeHereketiRepozitori(AzAgroPOS.Verilenler.Kontekst.AzAgroPOSDbContext)" namespace="AzAgroPOS.Verilenler.Realizasialar" type_name="NisyeHereketiRepozitori" block_coverage="0.00" line_coverage="0.00" blocks_covered="0" blocks_not_covered="2" lines_covered="0" lines_partially_covered="0" lines_not_covered="3">
          <ranges>
            <range source_id="18" start_line="21" end_line="21" start_column="67" end_column="81" covered="no" />
            <range source_id="18" start_line="22" end_line="22" start_column="5" end_column="6" covered="no" />
            <range source_id="18" start_line="25" end_line="25" start_column="5" end_column="6" covered="no" />
          </ranges>
        </function>
        <function id="50394" token="0x600022d" name="NovbeRepozitori(AzAgroPOS.Verilenler.Kontekst.AzAgroPOSDbContext)" namespace="AzAgroPOS.Verilenler.Realizasialar" type_name="NovbeRepozitori" block_coverage="0.00" line_coverage="0.00" blocks_covered="0" blocks_not_covered="2" lines_covered="0" lines_partially_covered="0" lines_not_covered="4">
          <ranges>
            <range source_id="19" start_line="12" end_line="12" start_column="63" end_column="77" covered="no" />
            <range source_id="19" start_line="13" end_line="13" start_column="9" end_column="10" covered="no" />
            <range source_id="19" start_line="14" end_line="14" start_column="13" end_column="34" covered="no" />
            <range source_id="19" start_line="15" end_line="15" start_column="9" end_column="10" covered="no" />
          </ranges>
        </function>
        <function id="50555" token="0x6000230" name="QaytarmaRepozitori(AzAgroPOS.Verilenler.Kontekst.AzAgroPOSDbContext)" namespace="AzAgroPOS.Verilenler.Realizasialar" type_name="QaytarmaRepozitori" block_coverage="0.00" line_coverage="0.00" blocks_covered="0" blocks_not_covered="2" lines_covered="0" lines_partially_covered="0" lines_not_covered="3">
          <ranges>
            <range source_id="20" start_line="13" end_line="13" start_column="62" end_column="76" covered="no" />
            <range source_id="20" start_line="14" end_line="14" start_column="5" end_column="6" covered="no" />
            <range source_id="20" start_line="16" end_line="16" start_column="5" end_column="6" covered="no" />
          </ranges>
        </function>
        <function id="50566" token="0x6000231" name="Repozitori(AzAgroPOS.Verilenler.Kontekst.AzAgroPOSDbContext)" namespace="AzAgroPOS.Verilenler.Realizasialar" type_name="Repozitori&lt;T&gt;" block_coverage="100.00" line_coverage="100.00" blocks_covered="3" blocks_not_covered="0" lines_covered="5" lines_partially_covered="0" lines_not_covered="0">
          <ranges>
            <range source_id="21" start_line="14" end_line="14" start_column="9" end_column="55" covered="yes" />
            <range source_id="21" start_line="15" end_line="15" start_column="9" end_column="10" covered="yes" />
            <range source_id="21" start_line="16" end_line="16" start_column="13" end_column="34" covered="yes" />
            <range source_id="21" start_line="17" end_line="17" start_column="13" end_column="41" covered="yes" />
            <range source_id="21" start_line="18" end_line="18" start_column="9" end_column="10" covered="yes" />
          </ranges>
        </function>
        <function id="50903" token="0x6000236" name="Yenile(T)" namespace="AzAgroPOS.Verilenler.Realizasialar" type_name="Repozitori&lt;T&gt;" block_coverage="100.00" line_coverage="100.00" blocks_covered="4" blocks_not_covered="0" lines_covered="4" lines_partially_covered="0" lines_not_covered="0">
          <ranges>
            <range source_id="21" start_line="59" end_line="59" start_column="9" end_column="10" covered="yes" />
            <range source_id="21" start_line="60" end_line="60" start_column="13" end_column="35" covered="yes" />
            <range source_id="21" start_line="61" end_line="61" start_column="13" end_column="66" covered="yes" />
            <range source_id="21" start_line="62" end_line="62" start_column="9" end_column="10" covered="yes" />
          </ranges>
        </function>
        <function id="50938" token="0x6000237" name="Sil(T)" namespace="AzAgroPOS.Verilenler.Realizasialar" type_name="Repozitori&lt;T&gt;" block_coverage="100.00" line_coverage="100.00" blocks_covered="5" blocks_not_covered="0" lines_covered="5" lines_partially_covered="0" lines_not_covered="0">
          <ranges>
            <range source_id="21" start_line="65" end_line="65" start_column="9" end_column="10" covered="yes" />
            <range source_id="21" start_line="67" end_line="67" start_column="13" end_column="35" covered="yes" />
            <range source_id="21" start_line="68" end_line="68" start_column="13" end_column="35" covered="yes" />
            <range source_id="21" start_line="69" end_line="69" start_column="13" end_column="66" covered="yes" />
            <range source_id="21" start_line="70" end_line="70" start_column="9" end_column="10" covered="yes" />
          </ranges>
        </function>
        <function id="50986" token="0x6000238" name="FizikiSil(T)" namespace="AzAgroPOS.Verilenler.Realizasialar" type_name="Repozitori&lt;T&gt;" block_coverage="0.00" line_coverage="0.00" blocks_covered="0" blocks_not_covered="2" lines_covered="0" lines_partially_covered="0" lines_not_covered="3">
          <ranges>
            <range source_id="21" start_line="77" end_line="77" start_column="9" end_column="10" covered="no" />
            <range source_id="21" start_line="79" end_line="79" start_column="13" end_column="35" covered="no" />
            <range source_id="21" start_line="80" end_line="80" start_column="9" end_column="10" covered="no" />
          </ranges>
        </function>
        <function id="51170" token="0x600023b" name="RolIcazesiRepozitori(AzAgroPOS.Verilenler.Kontekst.AzAgroPOSDbContext)" namespace="AzAgroPOS.Verilenler.Realizasialar" type_name="RolIcazesiRepozitori" block_coverage="0.00" line_coverage="0.00" blocks_covered="0" blocks_not_covered="2" lines_covered="0" lines_partially_covered="0" lines_not_covered="3">
          <ranges>
            <range source_id="22" start_line="10" end_line="10" start_column="64" end_column="78" covered="no" />
            <range source_id="22" start_line="11" end_line="11" start_column="5" end_column="6" covered="no" />
            <range source_id="22" start_line="12" end_line="12" start_column="5" end_column="6" covered="no" />
          </ranges>
        </function>
        <function id="51181" token="0x600023c" name="RolRepozitori(AzAgroPOS.Verilenler.Kontekst.AzAgroPOSDbContext)" namespace="AzAgroPOS.Verilenler.Realizasialar" type_name="RolRepozitori" block_coverage="0.00" line_coverage="0.00" blocks_covered="0" blocks_not_covered="2" lines_covered="0" lines_partially_covered="0" lines_not_covered="3">
          <ranges>
            <range source_id="23" start_line="19" end_line="19" start_column="57" end_column="71" covered="no" />
            <range source_id="23" start_line="20" end_line="20" start_column="5" end_column="6" covered="no" />
            <range source_id="23" start_line="25" end_line="25" start_column="5" end_column="6" covered="no" />
          </ranges>
        </function>
        <function id="51192" token="0x600023d" name="TedarukcuOdemeRepozitori(AzAgroPOS.Verilenler.Kontekst.AzAgroPOSDbContext)" namespace="AzAgroPOS.Verilenler.Realizasialar" type_name="TedarukcuOdemeRepozitori" block_coverage="0.00" line_coverage="0.00" blocks_covered="0" blocks_not_covered="2" lines_covered="0" lines_partially_covered="0" lines_not_covered="3">
          <ranges>
            <range source_id="24" start_line="17" end_line="17" start_column="68" end_column="82" covered="no" />
            <range source_id="24" start_line="18" end_line="18" start_column="5" end_column="6" covered="no" />
            <range source_id="24" start_line="20" end_line="20" start_column="5" end_column="6" covered="no" />
          </ranges>
        </function>
        <function id="51203" token="0x600023e" name="TedarukcuRepozitori(AzAgroPOS.Verilenler.Kontekst.AzAgroPOSDbContext)" namespace="AzAgroPOS.Verilenler.Realizasialar" type_name="TedarukcuRepozitori" block_coverage="0.00" line_coverage="0.00" blocks_covered="0" blocks_not_covered="2" lines_covered="0" lines_partially_covered="0" lines_not_covered="3">
          <ranges>
            <range source_id="25" start_line="17" end_line="17" start_column="63" end_column="77" covered="no" />
            <range source_id="25" start_line="18" end_line="18" start_column="5" end_column="6" covered="no" />
            <range source_id="25" start_line="20" end_line="20" start_column="5" end_column="6" covered="no" />
          </ranges>
        </function>
        <function id="51214" token="0x600023f" name="TemirMerhelesiRepozitori(AzAgroPOS.Verilenler.Kontekst.AzAgroPOSDbContext)" namespace="AzAgroPOS.Verilenler.Realizasialar" type_name="TemirMerhelesiRepozitori" block_coverage="0.00" line_coverage="0.00" blocks_covered="0" blocks_not_covered="2" lines_covered="0" lines_partially_covered="0" lines_not_covered="3">
          <ranges>
            <range source_id="26" start_line="9" end_line="9" start_column="72" end_column="86" covered="no" />
            <range source_id="26" start_line="10" end_line="10" start_column="9" end_column="10" covered="no" />
            <range source_id="26" start_line="15" end_line="15" start_column="9" end_column="10" covered="no" />
          </ranges>
        </function>
        <function id="51225" token="0x6000240" name="TemirRepozitori(AzAgroPOS.Verilenler.Kontekst.AzAgroPOSDbContext)" namespace="AzAgroPOS.Verilenler.Realizasialar" type_name="TemirRepozitori" block_coverage="0.00" line_coverage="0.00" blocks_covered="0" blocks_not_covered="2" lines_covered="0" lines_partially_covered="0" lines_not_covered="3">
          <ranges>
            <range source_id="27" start_line="19" end_line="19" start_column="59" end_column="73" covered="no" />
            <range source_id="27" start_line="20" end_line="20" start_column="5" end_column="6" covered="no" />
            <range source_id="27" start_line="25" end_line="25" start_column="5" end_column="6" covered="no" />
          </ranges>
        </function>
        <function id="51236" token="0x6000241" name="get_AktivIstifadeciId()" namespace="AzAgroPOS.Verilenler.Realizasialar" type_name="UnitOfWork" block_coverage="0.00" line_coverage="0.00" blocks_covered="0" blocks_not_covered="1" lines_covered="0" lines_partially_covered="0" lines_not_covered="1">
          <ranges>
            <range source_id="28" start_line="31" end_line="31" start_column="36" end_column="40" covered="no" />
          </ranges>
        </function>
        <function id="51244" token="0x6000242" name="set_AktivIstifadeciId(int)" namespace="AzAgroPOS.Verilenler.Realizasialar" type_name="UnitOfWork" block_coverage="0.00" line_coverage="0.00" blocks_covered="0" blocks_not_covered="1" lines_covered="0" lines_partially_covered="0" lines_not_covered="1">
          <ranges>
            <range source_id="28" start_line="31" end_line="31" start_column="41" end_column="45" covered="no" />
          </ranges>
        </function>
        <function id="51253" token="0x6000243" name="get_Mehsullar()" namespace="AzAgroPOS.Verilenler.Realizasialar" type_name="UnitOfWork" block_coverage="0.00" line_coverage="0.00" blocks_covered="0" blocks_not_covered="1" lines_covered="0" lines_partially_covered="0" lines_not_covered="1">
          <ranges>
            <range source_id="28" start_line="39" end_line="39" start_column="42" end_column="46" covered="no" />
          </ranges>
        </function>
        <function id="51261" token="0x6000244" name="set_Mehsullar(AzAgroPOS.Verilenler.Interfeysler.IMehsulRepozitori)" namespace="AzAgroPOS.Verilenler.Realizasialar" type_name="UnitOfWork" block_coverage="0.00" line_coverage="0.00" blocks_covered="0" blocks_not_covered="1" lines_covered="0" lines_partially_covered="0" lines_not_covered="1">
          <ranges>
            <range source_id="28" start_line="39" end_line="39" start_column="47" end_column="59" covered="no" />
          </ranges>
        </function>
        <function id="51270" token="0x6000245" name="get_Musteriler()" namespace="AzAgroPOS.Verilenler.Realizasialar" type_name="UnitOfWork" block_coverage="0.00" line_coverage="0.00" blocks_covered="0" blocks_not_covered="1" lines_covered="0" lines_partially_covered="0" lines_not_covered="1">
          <ranges>
            <range source_id="28" start_line="45" end_line="45" start_column="44" end_column="48" covered="no" />
          </ranges>
        </function>
        <function id="51278" token="0x6000246" name="set_Musteriler(AzAgroPOS.Verilenler.Interfeysler.IMusteriRepozitori)" namespace="AzAgroPOS.Verilenler.Realizasialar" type_name="UnitOfWork" block_coverage="0.00" line_coverage="0.00" blocks_covered="0" blocks_not_covered="1" lines_covered="0" lines_partially_covered="0" lines_not_covered="1">
          <ranges>
            <range source_id="28" start_line="45" end_line="45" start_column="49" end_column="61" covered="no" />
          </ranges>
        </function>
        <function id="51287" token="0x6000247" name="get_Satislar()" namespace="AzAgroPOS.Verilenler.Realizasialar" type_name="UnitOfWork" block_coverage="0.00" line_coverage="0.00" blocks_covered="0" blocks_not_covered="1" lines_covered="0" lines_partially_covered="0" lines_not_covered="1">
          <ranges>
            <range source_id="28" start_line="51" end_line="51" start_column="40" end_column="44" covered="no" />
          </ranges>
        </function>
        <function id="51295" token="0x6000248" name="set_Satislar(AzAgroPOS.Verilenler.Interfeysler.ISatisRepozitori)" namespace="AzAgroPOS.Verilenler.Realizasialar" type_name="UnitOfWork" block_coverage="0.00" line_coverage="0.00" blocks_covered="0" blocks_not_covered="1" lines_covered="0" lines_partially_covered="0" lines_not_covered="1">
          <ranges>
            <range source_id="28" start_line="51" end_line="51" start_column="45" end_column="57" covered="no" />
          </ranges>
        </function>
        <function id="51304" token="0x6000249" name="get_Istifadeciler()" namespace="AzAgroPOS.Verilenler.Realizasialar" type_name="UnitOfWork" block_coverage="0.00" line_coverage="0.00" blocks_covered="0" blocks_not_covered="1" lines_covered="0" lines_partially_covered="0" lines_not_covered="1">
          <ranges>
            <range source_id="28" start_line="57" end_line="57" start_column="50" end_column="54" covered="no" />
          </ranges>
        </function>
        <function id="51312" token="0x600024a" name="set_Istifadeciler(AzAgroPOS.Verilenler.Interfeysler.IIstifadeciRepozitori)" namespace="AzAgroPOS.Verilenler.Realizasialar" type_name="UnitOfWork" block_coverage="0.00" line_coverage="0.00" blocks_covered="0" blocks_not_covered="1" lines_covered="0" lines_partially_covered="0" lines_not_covered="1">
          <ranges>
            <range source_id="28" start_line="57" end_line="57" start_column="55" end_column="67" covered="no" />
          </ranges>
        </function>
        <function id="51321" token="0x600024b" name="get_Rollar()" namespace="AzAgroPOS.Verilenler.Realizasialar" type_name="UnitOfWork" block_coverage="0.00" line_coverage="0.00" blocks_covered="0" blocks_not_covered="1" lines_covered="0" lines_partially_covered="0" lines_not_covered="1">
          <ranges>
            <range source_id="28" start_line="63" end_line="63" start_column="36" end_column="40" covered="no" />
          </ranges>
        </function>
        <function id="51329" token="0x600024c" name="set_Rollar(AzAgroPOS.Verilenler.Interfeysler.IRolRepozitori)" namespace="AzAgroPOS.Verilenler.Realizasialar" type_name="UnitOfWork" block_coverage="0.00" line_coverage="0.00" blocks_covered="0" blocks_not_covered="1" lines_covered="0" lines_partially_covered="0" lines_not_covered="1">
          <ranges>
            <range source_id="28" start_line="63" end_line="63" start_column="41" end_column="53" covered="no" />
          </ranges>
        </function>
        <function id="51338" token="0x600024d" name="get_NisyeHereketleri()" namespace="AzAgroPOS.Verilenler.Realizasialar" type_name="UnitOfWork" block_coverage="0.00" line_coverage="0.00" blocks_covered="0" blocks_not_covered="1" lines_covered="0" lines_partially_covered="0" lines_not_covered="1">
          <ranges>
            <range source_id="28" start_line="69" end_line="69" start_column="56" end_column="60" covered="no" />
          </ranges>
        </function>
        <function id="51346" token="0x600024e" name="set_NisyeHereketleri(AzAgroPOS.Verilenler.Interfeysler.INisyeHereketiRepozitori)" namespace="AzAgroPOS.Verilenler.Realizasialar" type_name="UnitOfWork" block_coverage="0.00" line_coverage="0.00" blocks_covered="0" blocks_not_covered="1" lines_covered="0" lines_partially_covered="0" lines_not_covered="1">
          <ranges>
            <range source_id="28" start_line="69" end_line="69" start_column="61" end_column="73" covered="no" />
          </ranges>
        </function>
        <function id="51355" token="0x600024f" name="get_TemirSifarisleri()" namespace="AzAgroPOS.Verilenler.Realizasialar" type_name="UnitOfWork" block_coverage="0.00" line_coverage="0.00" blocks_covered="0" blocks_not_covered="1" lines_covered="0" lines_partially_covered="0" lines_not_covered="1">
          <ranges>
            <range source_id="28" start_line="75" end_line="75" start_column="48" end_column="52" covered="no" />
          </ranges>
        </function>
        <function id="51363" token="0x6000250" name="set_TemirSifarisleri(AzAgroPOS.Verilenler.Interfeysler.ITemirRepozitori)" namespace="AzAgroPOS.Verilenler.Realizasialar" type_name="UnitOfWork" block_coverage="0.00" line_coverage="0.00" blocks_covered="0" blocks_not_covered="1" lines_covered="0" lines_partially_covered="0" lines_not_covered="1">
          <ranges>
            <range source_id="28" start_line="75" end_line="75" start_column="53" end_column="65" covered="no" />
          </ranges>
        </function>
        <function id="51372" token="0x6000251" name="get_Novbeler()" namespace="AzAgroPOS.Verilenler.Realizasialar" type_name="UnitOfWork" block_coverage="0.00" line_coverage="0.00" blocks_covered="0" blocks_not_covered="1" lines_covered="0" lines_partially_covered="0" lines_not_covered="1">
          <ranges>
            <range source_id="28" start_line="81" end_line="81" start_column="40" end_column="44" covered="no" />
          </ranges>
        </function>
        <function id="51380" token="0x6000252" name="set_Novbeler(AzAgroPOS.Verilenler.Interfeysler.INovbeRepozitori)" namespace="AzAgroPOS.Verilenler.Realizasialar" type_name="UnitOfWork" block_coverage="0.00" line_coverage="0.00" blocks_covered="0" blocks_not_covered="1" lines_covered="0" lines_partially_covered="0" lines_not_covered="1">
          <ranges>
            <range source_id="28" start_line="81" end_line="81" start_column="45" end_column="57" covered="no" />
          </ranges>
        </function>
        <function id="51389" token="0x6000253" name="get_Isciler()" namespace="AzAgroPOS.Verilenler.Realizasialar" type_name="UnitOfWork" block_coverage="0.00" line_coverage="0.00" blocks_covered="0" blocks_not_covered="1" lines_covered="0" lines_partially_covered="0" lines_not_covered="1">
          <ranges>
            <range source_id="28" start_line="88" end_line="88" start_column="38" end_column="42" covered="no" />
          </ranges>
        </function>
        <function id="51397" token="0x6000254" name="set_Isciler(AzAgroPOS.Verilenler.Interfeysler.IIsciRepozitori)" namespace="AzAgroPOS.Verilenler.Realizasialar" type_name="UnitOfWork" block_coverage="0.00" line_coverage="0.00" blocks_covered="0" blocks_not_covered="1" lines_covered="0" lines_partially_covered="0" lines_not_covered="1">
          <ranges>
            <range source_id="28" start_line="88" end_line="88" start_column="43" end_column="55" covered="no" />
          </ranges>
        </function>
        <function id="51406" token="0x6000255" name="get_IsciPerformanslari()" namespace="AzAgroPOS.Verilenler.Realizasialar" type_name="UnitOfWork" block_coverage="0.00" line_coverage="0.00" blocks_covered="0" blocks_not_covered="1" lines_covered="0" lines_partially_covered="0" lines_not_covered="1">
          <ranges>
            <range source_id="28" start_line="95" end_line="95" start_column="59" end_column="63" covered="no" />
          </ranges>
        </function>
        <function id="51414" token="0x6000256" name="set_IsciPerformanslari(AzAgroPOS.Verilenler.Interfeysler.IIsciPerformansRepozitori)" namespace="AzAgroPOS.Verilenler.Realizasialar" type_name="UnitOfWork" block_coverage="0.00" line_coverage="0.00" blocks_covered="0" blocks_not_covered="1" lines_covered="0" lines_partially_covered="0" lines_not_covered="1">
          <ranges>
            <range source_id="28" start_line="95" end_line="95" start_column="64" end_column="76" covered="no" />
          </ranges>
        </function>
        <function id="51423" token="0x6000257" name="get_IsciIznleri()" namespace="AzAgroPOS.Verilenler.Realizasialar" type_name="UnitOfWork" block_coverage="0.00" line_coverage="0.00" blocks_covered="0" blocks_not_covered="1" lines_covered="0" lines_partially_covered="0" lines_not_covered="1">
          <ranges>
            <range source_id="28" start_line="102" end_line="102" start_column="46" end_column="50" covered="no" />
          </ranges>
        </function>
        <function id="51431" token="0x6000258" name="set_IsciIznleri(AzAgroPOS.Verilenler.Interfeysler.IIsciIzniRepozitori)" namespace="AzAgroPOS.Verilenler.Realizasialar" type_name="UnitOfWork" block_coverage="0.00" line_coverage="0.00" blocks_covered="0" blocks_not_covered="1" lines_covered="0" lines_partially_covered="0" lines_not_covered="1">
          <ranges>
            <range source_id="28" start_line="102" end_line="102" start_column="51" end_column="63" covered="no" />
          </ranges>
        </function>
        <function id="51440" token="0x6000259" name="get_Tedarukculer()" namespace="AzAgroPOS.Verilenler.Realizasialar" type_name="UnitOfWork" block_coverage="0.00" line_coverage="0.00" blocks_covered="0" blocks_not_covered="1" lines_covered="0" lines_partially_covered="0" lines_not_covered="1">
          <ranges>
            <range source_id="28" start_line="109" end_line="109" start_column="48" end_column="52" covered="no" />
          </ranges>
        </function>
        <function id="51448" token="0x600025a" name="set_Tedarukculer(AzAgroPOS.Verilenler.Interfeysler.ITedarukcuRepozitori)" namespace="AzAgroPOS.Verilenler.Realizasialar" type_name="UnitOfWork" block_coverage="0.00" line_coverage="0.00" blocks_covered="0" blocks_not_covered="1" lines_covered="0" lines_partially_covered="0" lines_not_covered="1">
          <ranges>
            <range source_id="28" start_line="109" end_line="109" start_column="53" end_column="65" covered="no" />
          </ranges>
        </function>
        <function id="51457" token="0x600025b" name="get_AlisSifarisleri()" namespace="AzAgroPOS.Verilenler.Realizasialar" type_name="UnitOfWork" block_coverage="0.00" line_coverage="0.00" blocks_covered="0" blocks_not_covered="1" lines_covered="0" lines_partially_covered="0" lines_not_covered="1">
          <ranges>
            <range source_id="28" start_line="116" end_line="116" start_column="53" end_column="57" covered="no" />
          </ranges>
        </function>
        <function id="51465" token="0x600025c" name="set_AlisSifarisleri(AzAgroPOS.Verilenler.Interfeysler.IAlisSifarisRepozitori)" namespace="AzAgroPOS.Verilenler.Realizasialar" type_name="UnitOfWork" block_coverage="0.00" line_coverage="0.00" blocks_covered="0" blocks_not_covered="1" lines_covered="0" lines_partially_covered="0" lines_not_covered="1">
          <ranges>
            <range source_id="28" start_line="116" end_line="116" start_column="58" end_column="70" covered="no" />
          </ranges>
        </function>
        <function id="51474" token="0x600025d" name="get_AlisSifarisSetirleri()" namespace="AzAgroPOS.Verilenler.Realizasialar" type_name="UnitOfWork" block_coverage="0.00" line_coverage="0.00" blocks_covered="0" blocks_not_covered="1" lines_covered="0" lines_partially_covered="0" lines_not_covered="1">
          <ranges>
            <range source_id="28" start_line="123" end_line="123" start_column="64" end_column="68" covered="no" />
          </ranges>
        </function>
        <function id="51482" token="0x600025e" name="set_AlisSifarisSetirleri(AzAgroPOS.Verilenler.Interfeysler.IAlisSifarisSetiriRepozitori)" namespace="AzAgroPOS.Verilenler.Realizasialar" type_name="UnitOfWork" block_coverage="0.00" line_coverage="0.00" blocks_covered="0" blocks_not_covered="1" lines_covered="0" lines_partially_covered="0" lines_not_covered="1">
          <ranges>
            <range source_id="28" start_line="123" end_line="123" start_column="69" end_column="81" covered="no" />
          </ranges>
        </function>
        <function id="51491" token="0x600025f" name="get_AlisSenetleri()" namespace="AzAgroPOS.Verilenler.Realizasialar" type_name="UnitOfWork" block_coverage="0.00" line_coverage="0.00" blocks_covered="0" blocks_not_covered="1" lines_covered="0" lines_partially_covered="0" lines_not_covered="1">
          <ranges>
            <range source_id="28" start_line="130" end_line="130" start_column="49" end_column="53" covered="no" />
          </ranges>
        </function>
        <function id="51499" token="0x6000260" name="set_AlisSenetleri(AzAgroPOS.Verilenler.Interfeysler.IAlisSenedRepozitori)" namespace="AzAgroPOS.Verilenler.Realizasialar" type_name="UnitOfWork" block_coverage="0.00" line_coverage="0.00" blocks_covered="0" blocks_not_covered="1" lines_covered="0" lines_partially_covered="0" lines_not_covered="1">
          <ranges>
            <range source_id="28" start_line="130" end_line="130" start_column="54" end_column="66" covered="no" />
          </ranges>
        </function>
        <function id="51508" token="0x6000261" name="get_AlisSenedSetirleri()" namespace="AzAgroPOS.Verilenler.Realizasialar" type_name="UnitOfWork" block_coverage="0.00" line_coverage="0.00" blocks_covered="0" blocks_not_covered="1" lines_covered="0" lines_partially_covered="0" lines_not_covered="1">
          <ranges>
            <range source_id="28" start_line="137" end_line="137" start_column="60" end_column="64" covered="no" />
          </ranges>
        </function>
        <function id="51516" token="0x6000262" name="set_AlisSenedSetirleri(AzAgroPOS.Verilenler.Interfeysler.IAlisSenedSetiriRepozitori)" namespace="AzAgroPOS.Verilenler.Realizasialar" type_name="UnitOfWork" block_coverage="0.00" line_coverage="0.00" blocks_covered="0" blocks_not_covered="1" lines_covered="0" lines_partially_covered="0" lines_not_covered="1">
          <ranges>
            <range source_id="28" start_line="137" end_line="137" start_column="65" end_column="77" covered="no" />
          </ranges>
        </function>
        <function id="51525" token="0x6000263" name="get_TedarukcuOdemeleri()" namespace="AzAgroPOS.Verilenler.Realizasialar" type_name="UnitOfWork" block_coverage="0.00" line_coverage="0.00" blocks_covered="0" blocks_not_covered="1" lines_covered="0" lines_partially_covered="0" lines_not_covered="1">
          <ranges>
            <range source_id="28" start_line="144" end_line="144" start_column="59" end_column="63" covered="no" />
          </ranges>
        </function>
        <function id="51533" token="0x6000264" name="set_TedarukcuOdemeleri(AzAgroPOS.Verilenler.Interfeysler.ITedarukcuOdemeRepozitori)" namespace="AzAgroPOS.Verilenler.Realizasialar" type_name="UnitOfWork" block_coverage="0.00" line_coverage="0.00" blocks_covered="0" blocks_not_covered="1" lines_covered="0" lines_partially_covered="0" lines_not_covered="1">
          <ranges>
            <range source_id="28" start_line="144" end_line="144" start_column="64" end_column="76" covered="no" />
          </ranges>
        </function>
        <function id="51542" token="0x6000265" name="get_Kateqoriyalar()" namespace="AzAgroPOS.Verilenler.Realizasialar" type_name="UnitOfWork" block_coverage="0.00" line_coverage="0.00" blocks_covered="0" blocks_not_covered="1" lines_covered="0" lines_partially_covered="0" lines_not_covered="1">
          <ranges>
            <range source_id="28" start_line="151" end_line="151" start_column="50" end_column="54" covered="no" />
          </ranges>
        </function>
        <function id="51550" token="0x6000266" name="set_Kateqoriyalar(AzAgroPOS.Verilenler.Interfeysler.IKateqoriyaRepozitori)" namespace="AzAgroPOS.Verilenler.Realizasialar" type_name="UnitOfWork" block_coverage="0.00" line_coverage="0.00" blocks_covered="0" blocks_not_covered="1" lines_covered="0" lines_partially_covered="0" lines_not_covered="1">
          <ranges>
            <range source_id="28" start_line="151" end_line="151" start_column="55" end_column="67" covered="no" />
          </ranges>
        </function>
        <function id="51559" token="0x6000267" name="get_Brendler()" namespace="AzAgroPOS.Verilenler.Realizasialar" type_name="UnitOfWork" block_coverage="0.00" line_coverage="0.00" blocks_covered="0" blocks_not_covered="1" lines_covered="0" lines_partially_covered="0" lines_not_covered="1">
          <ranges>
            <range source_id="28" start_line="158" end_line="158" start_column="40" end_column="44" covered="no" />
          </ranges>
        </function>
        <function id="51567" token="0x6000268" name="set_Brendler(AzAgroPOS.Verilenler.Interfeysler.IBrendRepozitori)" namespace="AzAgroPOS.Verilenler.Realizasialar" type_name="UnitOfWork" block_coverage="0.00" line_coverage="0.00" blocks_covered="0" blocks_not_covered="1" lines_covered="0" lines_partially_covered="0" lines_not_covered="1">
          <ranges>
            <range source_id="28" start_line="158" end_line="158" start_column="45" end_column="57" covered="no" />
          </ranges>
        </function>
        <function id="51576" token="0x6000269" name="get_Qaytarmalar()" namespace="AzAgroPOS.Verilenler.Realizasialar" type_name="UnitOfWork" block_coverage="0.00" line_coverage="0.00" blocks_covered="0" blocks_not_covered="1" lines_covered="0" lines_partially_covered="0" lines_not_covered="1">
          <ranges>
            <range source_id="28" start_line="165" end_line="165" start_column="46" end_column="50" covered="no" />
          </ranges>
        </function>
        <function id="51584" token="0x600026a" name="set_Qaytarmalar(AzAgroPOS.Verilenler.Interfeysler.IQaytarmaRepozitori)" namespace="AzAgroPOS.Verilenler.Realizasialar" type_name="UnitOfWork" block_coverage="0.00" line_coverage="0.00" blocks_covered="0" blocks_not_covered="1" lines_covered="0" lines_partially_covered="0" lines_not_covered="1">
          <ranges>
            <range source_id="28" start_line="165" end_line="165" start_column="51" end_column="63" covered="no" />
          </ranges>
        </function>
        <function id="51593" token="0x600026b" name="get_EmeliyyatJurnallari()" namespace="AzAgroPOS.Verilenler.Realizasialar" type_name="UnitOfWork" block_coverage="0.00" line_coverage="0.00" blocks_covered="0" blocks_not_covered="1" lines_covered="0" lines_partially_covered="0" lines_not_covered="1">
          <ranges>
            <range source_id="28" start_line="172" end_line="172" start_column="62" end_column="66" covered="no" />
          </ranges>
        </function>
        <function id="51601" token="0x600026c" name="set_EmeliyyatJurnallari(AzAgroPOS.Verilenler.Interfeysler.IEmeliyyatJurnaliRepozitori)" namespace="AzAgroPOS.Verilenler.Realizasialar" type_name="UnitOfWork" block_coverage="0.00" line_coverage="0.00" blocks_covered="0" blocks_not_covered="1" lines_covered="0" lines_partially_covered="0" lines_not_covered="1">
          <ranges>
            <range source_id="28" start_line="172" end_line="172" start_column="67" end_column="79" covered="no" />
          </ranges>
        </function>
        <function id="51610" token="0x600026d" name="get_Konfiqurasiyalar()" namespace="AzAgroPOS.Verilenler.Realizasialar" type_name="UnitOfWork" block_coverage="0.00" line_coverage="0.00" blocks_covered="0" blocks_not_covered="1" lines_covered="0" lines_partially_covered="0" lines_not_covered="1">
          <ranges>
            <range source_id="28" start_line="179" end_line="179" start_column="56" end_column="60" covered="no" />
          </ranges>
        </function>
        <function id="51618" token="0x600026e" name="set_Konfiqurasiyalar(AzAgroPOS.Verilenler.Interfeysler.IKonfiqurasiyaRepozitori)" namespace="AzAgroPOS.Verilenler.Realizasialar" type_name="UnitOfWork" block_coverage="0.00" line_coverage="0.00" blocks_covered="0" blocks_not_covered="1" lines_covered="0" lines_partially_covered="0" lines_not_covered="1">
          <ranges>
            <range source_id="28" start_line="179" end_line="179" start_column="61" end_column="73" covered="no" />
          </ranges>
        </function>
        <function id="51627" token="0x600026f" name="get_Icazeler()" namespace="AzAgroPOS.Verilenler.Realizasialar" type_name="UnitOfWork" block_coverage="0.00" line_coverage="0.00" blocks_covered="0" blocks_not_covered="1" lines_covered="0" lines_partially_covered="0" lines_not_covered="1">
          <ranges>
            <range source_id="28" start_line="186" end_line="186" start_column="40" end_column="44" covered="no" />
          </ranges>
        </function>
        <function id="51635" token="0x6000270" name="set_Icazeler(AzAgroPOS.Verilenler.Interfeysler.IIcazeRepozitori)" namespace="AzAgroPOS.Verilenler.Realizasialar" type_name="UnitOfWork" block_coverage="0.00" line_coverage="0.00" blocks_covered="0" blocks_not_covered="1" lines_covered="0" lines_partially_covered="0" lines_not_covered="1">
          <ranges>
            <range source_id="28" start_line="186" end_line="186" start_column="45" end_column="57" covered="no" />
          </ranges>
        </function>
        <function id="51644" token="0x6000271" name="get_RolIcazeleri()" namespace="AzAgroPOS.Verilenler.Realizasialar" type_name="UnitOfWork" block_coverage="0.00" line_coverage="0.00" blocks_covered="0" blocks_not_covered="1" lines_covered="0" lines_partially_covered="0" lines_not_covered="1">
          <ranges>
            <range source_id="28" start_line="193" end_line="193" start_column="49" end_column="53" covered="no" />
          </ranges>
        </function>
        <function id="51652" token="0x6000272" name="set_RolIcazeleri(AzAgroPOS.Verilenler.Interfeysler.IRolIcazesiRepozitori)" namespace="AzAgroPOS.Verilenler.Realizasialar" type_name="UnitOfWork" block_coverage="0.00" line_coverage="0.00" blocks_covered="0" blocks_not_covered="1" lines_covered="0" lines_partially_covered="0" lines_not_covered="1">
          <ranges>
            <range source_id="28" start_line="193" end_line="193" start_column="54" end_column="66" covered="no" />
          </ranges>
        </function>
        <function id="51664" token="0x6000273" name="UnitOfWork(AzAgroPOS.Verilenler.Kontekst.AzAgroPOSDbContext)" namespace="AzAgroPOS.Verilenler.Realizasialar" type_name="UnitOfWork" block_coverage="0.00" line_coverage="0.00" blocks_covered="0" blocks_not_covered="50" lines_covered="0" lines_partially_covered="0" lines_not_covered="29">
          <ranges>
            <range source_id="28" start_line="31" end_line="31" start_column="50" end_column="51" covered="no" />
            <range source_id="28" start_line="201" end_line="201" start_column="5" end_column="51" covered="no" />
            <range source_id="28" start_line="202" end_line="202" start_column="5" end_column="6" covered="no" />
            <range source_id="28" start_line="203" end_line="203" start_column="9" end_column="30" covered="no" />
            <range source_id="28" start_line="206" end_line="206" start_column="9" end_column="53" covered="no" />
            <range source_id="28" start_line="207" end_line="207" start_column="9" end_column="55" covered="no" />
            <range source_id="28" start_line="208" end_line="208" start_column="9" end_column="51" covered="no" />
            <range source_id="28" start_line="209" end_line="209" start_column="9" end_column="61" covered="no" />
            <range source_id="28" start_line="210" end_line="210" start_column="9" end_column="47" covered="no" />
            <range source_id="28" start_line="211" end_line="211" start_column="9" end_column="67" covered="no" />
            <range source_id="28" start_line="212" end_line="212" start_column="9" end_column="59" covered="no" />
            <range source_id="28" start_line="213" end_line="213" start_column="9" end_column="51" covered="no" />
            <range source_id="28" start_line="214" end_line="214" start_column="9" end_column="49" covered="no" />
            <range source_id="28" start_line="215" end_line="215" start_column="9" end_column="70" covered="no" />
            <range source_id="28" start_line="216" end_line="216" start_column="9" end_column="57" covered="no" />
            <range source_id="28" start_line="217" end_line="217" start_column="9" end_column="59" covered="no" />
            <range source_id="28" start_line="218" end_line="218" start_column="9" end_column="64" covered="no" />
            <range source_id="28" start_line="219" end_line="219" start_column="9" end_column="75" covered="no" />
            <range source_id="28" start_line="220" end_line="220" start_column="9" end_column="60" covered="no" />
            <range source_id="28" start_line="221" end_line="221" start_column="9" end_column="71" covered="no" />
            <range source_id="28" start_line="222" end_line="222" start_column="9" end_column="70" covered="no" />
            <range source_id="28" start_line="223" end_line="223" start_column="9" end_column="61" covered="no" />
            <range source_id="28" start_line="224" end_line="224" start_column="9" end_column="51" covered="no" />
            <range source_id="28" start_line="225" end_line="225" start_column="9" end_column="57" covered="no" />
            <range source_id="28" start_line="226" end_line="226" start_column="9" end_column="73" covered="no" />
            <range source_id="28" start_line="227" end_line="227" start_column="9" end_column="67" covered="no" />
            <range source_id="28" start_line="228" end_line="228" start_column="9" end_column="51" covered="no" />
            <range source_id="28" start_line="229" end_line="229" start_column="9" end_column="60" covered="no" />
            <range source_id="28" start_line="230" end_line="230" start_column="5" end_column="6" covered="no" />
          </ranges>
        </function>
        <function id="52200" token="0x6000275" name="OnBeforeSaveChanges()" namespace="AzAgroPOS.Verilenler.Realizasialar" type_name="UnitOfWork" block_coverage="0.00" line_coverage="0.00" blocks_covered="0" blocks_not_covered="90" lines_covered="0" lines_partially_covered="0" lines_not_covered="46">
          <ranges>
            <range source_id="28" start_line="262" end_line="262" start_column="5" end_column="6" covered="no" />
            <range source_id="28" start_line="263" end_line="263" start_column="9" end_column="57" covered="no" />
            <range source_id="28" start_line="264" end_line="268" start_column="9" end_column="59" covered="no" />
            <range source_id="28" start_line="270" end_line="270" start_column="9" end_column="16" covered="no" />
            <range source_id="28" start_line="270" end_line="270" start_column="31" end_column="38" covered="no" />
            <range source_id="28" start_line="270" end_line="270" start_column="18" end_column="27" covered="no" />
            <range source_id="28" start_line="271" end_line="271" start_column="9" end_column="10" covered="no" />
            <range source_id="28" start_line="272" end_line="272" start_column="13" end_column="58" covered="no" />
            <range source_id="28" start_line="275" end_line="275" start_column="13" end_column="95" covered="no" />
            <range source_id="28" start_line="276" end_line="276" start_column="13" end_column="14" covered="no" />
            <range source_id="28" start_line="277" end_line="277" start_column="17" end_column="26" covered="no" />
            <range source_id="28" start_line="281" end_line="287" start_column="13" end_column="15" covered="no" />
            <range source_id="28" start_line="289" end_line="289" start_column="13" end_column="33" covered="no" />
            <range source_id="28" start_line="292" end_line="292" start_column="21" end_column="73" covered="no" />
            <range source_id="28" start_line="293" end_line="293" start_column="21" end_column="77" covered="no" />
            <range source_id="28" start_line="295" end_line="295" start_column="21" end_column="45" covered="no" />
            <range source_id="28" start_line="296" end_line="296" start_column="21" end_column="27" covered="no" />
            <range source_id="28" start_line="299" end_line="299" start_column="21" end_column="73" covered="no" />
            <range source_id="28" start_line="300" end_line="300" start_column="21" end_column="75" covered="no" />
            <range source_id="28" start_line="301" end_line="301" start_column="21" end_column="27" covered="no" />
            <range source_id="28" start_line="304" end_line="304" start_column="21" end_column="76" covered="no" />
            <range source_id="28" start_line="307" end_line="307" start_column="21" end_column="54" covered="no" />
            <range source_id="28" start_line="308" end_line="308" start_column="21" end_column="28" covered="no" />
            <range source_id="28" start_line="308" end_line="308" start_column="46" end_column="62" covered="no" />
            <range source_id="28" start_line="308" end_line="308" start_column="30" end_column="42" covered="no" />
            <range source_id="28" start_line="309" end_line="309" start_column="21" end_column="22" covered="no" />
            <range source_id="28" start_line="310" end_line="310" start_column="25" end_column="49" covered="no" />
            <range source_id="28" start_line="311" end_line="311" start_column="25" end_column="26" covered="no" />
            <range source_id="28" start_line="312" end_line="312" start_column="29" end_column="71" covered="no" />
            <range source_id="28" start_line="313" end_line="313" start_column="29" end_column="94" covered="no" />
            <range source_id="28" start_line="314" end_line="314" start_column="29" end_column="92" covered="no" />
            <range source_id="28" start_line="315" end_line="315" start_column="29" end_column="95" covered="no" />
            <range source_id="28" start_line="316" end_line="316" start_column="25" end_column="26" covered="no" />
            <range source_id="28" start_line="317" end_line="317" start_column="21" end_column="22" covered="no" />
            <range source_id="28" start_line="308" end_line="308" start_column="43" end_column="45" covered="no" />
            <range source_id="28" start_line="319" end_line="319" start_column="21" end_column="107" covered="no" />
            <range source_id="28" start_line="320" end_line="320" start_column="21" end_column="27" covered="no" />
            <range source_id="28" start_line="323" end_line="323" start_column="13" end_column="42" covered="no" />
            <range source_id="28" start_line="324" end_line="324" start_column="9" end_column="10" covered="no" />
            <range source_id="28" start_line="270" end_line="270" start_column="28" end_column="30" covered="no" />
            <range source_id="28" start_line="326" end_line="326" start_column="9" end_column="29" covered="no" />
            <range source_id="28" start_line="327" end_line="327" start_column="5" end_column="6" covered="no" />
          </ranges>
        </function>
        <function id="53008" token="0x6000277" name="Up(Microsoft.EntityFrameworkCore.Migrations.MigrationBuilder)" namespace="AzAgroPOS.Verilenler.Migrations" type_name="IlkinQurulum" block_coverage="0.00" line_coverage="0.00" blocks_covered="0" blocks_not_covered="109" lines_covered="0" lines_partially_covered="0" lines_not_covered="257">
          <ranges>
            <range source_id="29" start_line="14" end_line="14" start_column="9" end_column="10" covered="no" />
            <range source_id="29" start_line="15" end_line="31" start_column="13" end_column="20" covered="no" />
            <range source_id="29" start_line="33" end_line="47" start_column="13" end_column="20" covered="no" />
            <range source_id="29" start_line="49" end_line="60" start_column="13" end_column="20" covered="no" />
            <range source_id="29" start_line="62" end_line="82" start_column="13" end_column="20" covered="no" />
            <range source_id="29" start_line="84" end_line="107" start_column="13" end_column="20" covered="no" />
            <range source_id="29" start_line="109" end_line="135" start_column="13" end_column="20" covered="no" />
            <range source_id="29" start_line="137" end_line="163" start_column="13" end_column="20" covered="no" />
            <range source_id="29" start_line="165" end_line="192" start_column="13" end_column="20" covered="no" />
            <range source_id="29" start_line="194" end_line="220" start_column="13" end_column="20" covered="no" />
            <range source_id="29" start_line="222" end_line="230" start_column="13" end_column="20" covered="no" />
            <range source_id="29" start_line="232" end_line="239" start_column="13" end_column="20" covered="no" />
            <range source_id="29" start_line="241" end_line="244" start_column="13" end_column="146" covered="no" />
            <range source_id="29" start_line="246" end_line="249" start_column="13" end_column="34" covered="no" />
            <range source_id="29" start_line="251" end_line="254" start_column="13" end_column="38" covered="no" />
            <range source_id="29" start_line="256" end_line="259" start_column="13" end_column="36" covered="no" />
            <range source_id="29" start_line="261" end_line="264" start_column="13" end_column="35" covered="no" />
            <range source_id="29" start_line="266" end_line="269" start_column="13" end_column="37" covered="no" />
            <range source_id="29" start_line="271" end_line="274" start_column="13" end_column="36" covered="no" />
            <range source_id="29" start_line="276" end_line="279" start_column="13" end_column="38" covered="no" />
            <range source_id="29" start_line="281" end_line="284" start_column="13" end_column="36" covered="no" />
            <range source_id="29" start_line="286" end_line="289" start_column="13" end_column="35" covered="no" />
            <range source_id="29" start_line="290" end_line="290" start_column="9" end_column="10" covered="no" />
          </ranges>
        </function>
        <function id="54588" token="0x6000278" name="Down(Microsoft.EntityFrameworkCore.Migrations.MigrationBuilder)" namespace="AzAgroPOS.Verilenler.Migrations" type_name="IlkinQurulum" block_coverage="0.00" line_coverage="0.00" blocks_covered="0" blocks_not_covered="10" lines_covered="0" lines_partially_covered="0" lines_not_covered="20">
          <ranges>
            <range source_id="29" start_line="294" end_line="294" start_column="9" end_column="10" covered="no" />
            <range source_id="29" start_line="295" end_line="296" start_column="13" end_column="43" covered="no" />
            <range source_id="29" start_line="298" end_line="299" start_column="13" end_column="41" covered="no" />
            <range source_id="29" start_line="301" end_line="302" start_column="13" end_column="43" covered="no" />
            <range source_id="29" start_line="304" end_line="305" start_column="13" end_column="36" covered="no" />
            <range source_id="29" start_line="307" end_line="308" start_column="13" end_column="35" covered="no" />
            <range source_id="29" start_line="310" end_line="311" start_column="13" end_column="37" covered="no" />
            <range source_id="29" start_line="313" end_line="314" start_column="13" end_column="35" covered="no" />
            <range source_id="29" start_line="316" end_line="317" start_column="13" end_column="40" covered="no" />
            <range source_id="29" start_line="319" end_line="320" start_column="13" end_column="33" covered="no" />
            <range source_id="29" start_line="321" end_line="321" start_column="9" end_column="10" covered="no" />
          </ranges>
        </function>
        <function id="54720" token="0x6000279" name="BuildTargetModel(Microsoft.EntityFrameworkCore.ModelBuilder)" namespace="AzAgroPOS.Verilenler.Migrations" type_name="IlkinQurulum" block_coverage="0.00" line_coverage="0.00" blocks_covered="0" blocks_not_covered="80" lines_covered="0" lines_partially_covered="0" lines_not_covered="435">
          <ranges>
            <range source_id="30" start_line="20" end_line="20" start_column="9" end_column="10" covered="no" />
            <range source_id="30" start_line="22" end_line="24" start_column="13" end_column="71" covered="no" />
            <range source_id="30" start_line="26" end_line="26" start_column="13" end_column="78" covered="no" />
            <range source_id="30" start_line="28" end_line="66" start_column="13" end_column="20" covered="no" />
            <range source_id="30" start_line="68" end_line="132" start_column="13" end_column="20" covered="no" />
            <range source_id="30" start_line="134" end_line="159" start_column="13" end_column="20" covered="no" />
            <range source_id="30" start_line="161" end_line="194" start_column="13" end_column="20" covered="no" />
            <range source_id="30" start_line="196" end_line="230" start_column="13" end_column="20" covered="no" />
            <range source_id="30" start_line="232" end_line="259" start_column="13" end_column="20" covered="no" />
            <range source_id="30" start_line="261" end_line="291" start_column="13" end_column="20" covered="no" />
            <range source_id="30" start_line="293" end_line="320" start_column="13" end_column="20" covered="no" />
            <range source_id="30" start_line="322" end_line="369" start_column="13" end_column="20" covered="no" />
            <range source_id="30" start_line="371" end_line="380" start_column="13" end_column="20" covered="no" />
            <range source_id="30" start_line="382" end_line="397" start_column="13" end_column="20" covered="no" />
            <range source_id="30" start_line="399" end_line="408" start_column="13" end_column="20" covered="no" />
            <range source_id="30" start_line="410" end_line="425" start_column="13" end_column="20" covered="no" />
            <range source_id="30" start_line="427" end_line="444" start_column="13" end_column="20" covered="no" />
            <range source_id="30" start_line="446" end_line="454" start_column="13" end_column="20" covered="no" />
            <range source_id="30" start_line="456" end_line="459" start_column="13" end_column="20" covered="no" />
            <range source_id="30" start_line="461" end_line="464" start_column="13" end_column="20" covered="no" />
            <range source_id="30" start_line="466" end_line="469" start_column="13" end_column="20" covered="no" />
            <range source_id="30" start_line="471" end_line="474" start_column="13" end_column="20" covered="no" />
            <range source_id="30" start_line="476" end_line="476" start_column="9" end_column="10" covered="no" />
          </ranges>
        </function>
        <function id="55608" token="0x600027b" name="Up(Microsoft.EntityFrameworkCore.Migrations.MigrationBuilder)" namespace="AzAgroPOS.Verilenler.Migrations" type_name="MehsulaOlcuVahidiElaveEdildi" block_coverage="0.00" line_coverage="0.00" blocks_covered="0" blocks_not_covered="5" lines_covered="0" lines_partially_covered="0" lines_not_covered="26">
          <ranges>
            <range source_id="31" start_line="12" end_line="12" start_column="9" end_column="10" covered="no" />
            <range source_id="31" start_line="13" end_line="18" start_column="13" end_column="34" covered="no" />
            <range source_id="31" start_line="20" end_line="25" start_column="13" end_column="27" covered="no" />
            <range source_id="31" start_line="27" end_line="32" start_column="13" end_column="27" covered="no" />
            <range source_id="31" start_line="34" end_line="39" start_column="13" end_column="27" covered="no" />
            <range source_id="31" start_line="40" end_line="40" start_column="9" end_column="10" covered="no" />
          </ranges>
        </function>
        <function id="55816" token="0x600027c" name="Down(Microsoft.EntityFrameworkCore.Migrations.MigrationBuilder)" namespace="AzAgroPOS.Verilenler.Migrations" type_name="MehsulaOlcuVahidiElaveEdildi" block_coverage="0.00" line_coverage="0.00" blocks_covered="0" blocks_not_covered="2" lines_covered="0" lines_partially_covered="0" lines_not_covered="5">
          <ranges>
            <range source_id="31" start_line="44" end_line="44" start_column="9" end_column="10" covered="no" />
            <range source_id="31" start_line="45" end_line="47" start_column="13" end_column="37" covered="no" />
            <range source_id="31" start_line="48" end_line="48" start_column="9" end_column="10" covered="no" />
          </ranges>
        </function>
        <function id="55840" token="0x600027d" name="BuildTargetModel(Microsoft.EntityFrameworkCore.ModelBuilder)" namespace="AzAgroPOS.Verilenler.Migrations" type_name="MehsulaOlcuVahidiElaveEdildi" block_coverage="0.00" line_coverage="0.00" blocks_covered="0" blocks_not_covered="80" lines_covered="0" lines_partially_covered="0" lines_not_covered="441">
          <ranges>
            <range source_id="32" start_line="20" end_line="20" start_column="9" end_column="10" covered="no" />
            <range source_id="32" start_line="22" end_line="24" start_column="13" end_column="71" covered="no" />
            <range source_id="32" start_line="26" end_line="26" start_column="13" end_column="78" covered="no" />
            <range source_id="32" start_line="28" end_line="66" start_column="13" end_column="20" covered="no" />
            <range source_id="32" start_line="68" end_line="138" start_column="13" end_column="20" covered="no" />
            <range source_id="32" start_line="140" end_line="165" start_column="13" end_column="20" covered="no" />
            <range source_id="32" start_line="167" end_line="200" start_column="13" end_column="20" covered="no" />
            <range source_id="32" start_line="202" end_line="236" start_column="13" end_column="20" covered="no" />
            <range source_id="32" start_line="238" end_line="265" start_column="13" end_column="20" covered="no" />
            <range source_id="32" start_line="267" end_line="297" start_column="13" end_column="20" covered="no" />
            <range source_id="32" start_line="299" end_line="326" start_column="13" end_column="20" covered="no" />
            <range source_id="32" start_line="328" end_line="375" start_column="13" end_column="20" covered="no" />
            <range source_id="32" start_line="377" end_line="386" start_column="13" end_column="20" covered="no" />
            <range source_id="32" start_line="388" end_line="403" start_column="13" end_column="20" covered="no" />
            <range source_id="32" start_line="405" end_line="414" start_column="13" end_column="20" covered="no" />
            <range source_id="32" start_line="416" end_line="431" start_column="13" end_column="20" covered="no" />
            <range source_id="32" start_line="433" end_line="450" start_column="13" end_column="20" covered="no" />
            <range source_id="32" start_line="452" end_line="460" start_column="13" end_column="20" covered="no" />
            <range source_id="32" start_line="462" end_line="465" start_column="13" end_column="20" covered="no" />
            <range source_id="32" start_line="467" end_line="470" start_column="13" end_column="20" covered="no" />
            <range source_id="32" start_line="472" end_line="475" start_column="13" end_column="20" covered="no" />
            <range source_id="32" start_line="477" end_line="480" start_column="13" end_column="20" covered="no" />
            <range source_id="32" start_line="482" end_line="482" start_column="9" end_column="10" covered="no" />
          </ranges>
        </function>
        <function id="56728" token="0x600027f" name="Up(Microsoft.EntityFrameworkCore.Migrations.MigrationBuilder)" namespace="AzAgroPOS.Verilenler.Migrations" type_name="YeniQiymetNovleriElaveEdildi" block_coverage="0.00" line_coverage="0.00" blocks_covered="0" blocks_not_covered="10" lines_covered="0" lines_partially_covered="0" lines_not_covered="36">
          <ranges>
            <range source_id="33" start_line="12" end_line="12" start_column="9" end_column="10" covered="no" />
            <range source_id="33" start_line="13" end_line="16" start_column="13" end_column="48" covered="no" />
            <range source_id="33" start_line="18" end_line="23" start_column="13" end_column="35" covered="no" />
            <range source_id="33" start_line="25" end_line="30" start_column="13" end_column="35" covered="no" />
            <range source_id="33" start_line="32" end_line="37" start_column="13" end_column="60" covered="no" />
            <range source_id="33" start_line="39" end_line="44" start_column="13" end_column="60" covered="no" />
            <range source_id="33" start_line="46" end_line="51" start_column="13" end_column="60" covered="no" />
            <range source_id="33" start_line="52" end_line="52" start_column="9" end_column="10" covered="no" />
          </ranges>
        </function>
        <function id="57324" token="0x6000280" name="Down(Microsoft.EntityFrameworkCore.Migrations.MigrationBuilder)" namespace="AzAgroPOS.Verilenler.Migrations" type_name="YeniQiymetNovleriElaveEdildi" block_coverage="0.00" line_coverage="0.00" blocks_covered="0" blocks_not_covered="10" lines_covered="0" lines_partially_covered="0" lines_not_covered="30">
          <ranges>
            <range source_id="33" start_line="56" end_line="56" start_column="9" end_column="10" covered="no" />
            <range source_id="33" start_line="57" end_line="59" start_column="13" end_column="37" covered="no" />
            <range source_id="33" start_line="61" end_line="63" start_column="13" end_column="37" covered="no" />
            <range source_id="33" start_line="65" end_line="68" start_column="13" end_column="42" covered="no" />
            <range source_id="33" start_line="70" end_line="75" start_column="13" end_column="52" covered="no" />
            <range source_id="33" start_line="77" end_line="82" start_column="13" end_column="52" covered="no" />
            <range source_id="33" start_line="84" end_line="89" start_column="13" end_column="52" covered="no" />
            <range source_id="33" start_line="90" end_line="90" start_column="9" end_column="10" covered="no" />
          </ranges>
        </function>
        <function id="57644" token="0x6000281" name="BuildTargetModel(Microsoft.EntityFrameworkCore.ModelBuilder)" namespace="AzAgroPOS.Verilenler.Migrations" type_name="YeniQiymetNovleriElaveEdildi" block_coverage="0.00" line_coverage="0.00" blocks_covered="0" blocks_not_covered="80" lines_covered="0" lines_partially_covered="0" lines_not_covered="453">
          <ranges>
            <range source_id="34" start_line="20" end_line="20" start_column="9" end_column="10" covered="no" />
            <range source_id="34" start_line="22" end_line="24" start_column="13" end_column="71" covered="no" />
            <range source_id="34" start_line="26" end_line="26" start_column="13" end_column="78" covered="no" />
            <range source_id="34" start_line="28" end_line="66" start_column="13" end_column="20" covered="no" />
            <range source_id="34" start_line="68" end_line="150" start_column="13" end_column="20" covered="no" />
            <range source_id="34" start_line="152" end_line="177" start_column="13" end_column="20" covered="no" />
            <range source_id="34" start_line="179" end_line="212" start_column="13" end_column="20" covered="no" />
            <range source_id="34" start_line="214" end_line="248" start_column="13" end_column="20" covered="no" />
            <range source_id="34" start_line="250" end_line="277" start_column="13" end_column="20" covered="no" />
            <range source_id="34" start_line="279" end_line="309" start_column="13" end_column="20" covered="no" />
            <range source_id="34" start_line="311" end_line="338" start_column="13" end_column="20" covered="no" />
            <range source_id="34" start_line="340" end_line="387" start_column="13" end_column="20" covered="no" />
            <range source_id="34" start_line="389" end_line="398" start_column="13" end_column="20" covered="no" />
            <range source_id="34" start_line="400" end_line="415" start_column="13" end_column="20" covered="no" />
            <range source_id="34" start_line="417" end_line="426" start_column="13" end_column="20" covered="no" />
            <range source_id="34" start_line="428" end_line="443" start_column="13" end_column="20" covered="no" />
            <range source_id="34" start_line="445" end_line="462" start_column="13" end_column="20" covered="no" />
            <range source_id="34" start_line="464" end_line="472" start_column="13" end_column="20" covered="no" />
            <range source_id="34" start_line="474" end_line="477" start_column="13" end_column="20" covered="no" />
            <range source_id="34" start_line="479" end_line="482" start_column="13" end_column="20" covered="no" />
            <range source_id="34" start_line="484" end_line="487" start_column="13" end_column="20" covered="no" />
            <range source_id="34" start_line="489" end_line="492" start_column="13" end_column="20" covered="no" />
            <range source_id="34" start_line="494" end_line="494" start_column="9" end_column="10" covered="no" />
          </ranges>
        </function>
        <function id="58531" token="0x6000283" name="Up(Microsoft.EntityFrameworkCore.Migrations.MigrationBuilder)" namespace="AzAgroPOS.Verilenler.Migrations" type_name="CoxluQiymetSistemi" block_coverage="0.00" line_coverage="0.00" blocks_covered="0" blocks_not_covered="1" lines_covered="0" lines_partially_covered="0" lines_not_covered="2">
          <ranges>
            <range source_id="35" start_line="12" end_line="12" start_column="9" end_column="10" covered="no" />
            <range source_id="35" start_line="14" end_line="14" start_column="9" end_column="10" covered="no" />
          </ranges>
        </function>
        <function id="58534" token="0x6000284" name="Down(Microsoft.EntityFrameworkCore.Migrations.MigrationBuilder)" namespace="AzAgroPOS.Verilenler.Migrations" type_name="CoxluQiymetSistemi" block_coverage="0.00" line_coverage="0.00" blocks_covered="0" blocks_not_covered="1" lines_covered="0" lines_partially_covered="0" lines_not_covered="2">
          <ranges>
            <range source_id="35" start_line="18" end_line="18" start_column="9" end_column="10" covered="no" />
            <range source_id="35" start_line="20" end_line="20" start_column="9" end_column="10" covered="no" />
          </ranges>
        </function>
        <function id="58540" token="0x6000285" name="BuildTargetModel(Microsoft.EntityFrameworkCore.ModelBuilder)" namespace="AzAgroPOS.Verilenler.Migrations" type_name="CoxluQiymetSistemi" block_coverage="0.00" line_coverage="0.00" blocks_covered="0" blocks_not_covered="80" lines_covered="0" lines_partially_covered="0" lines_not_covered="453">
          <ranges>
            <range source_id="36" start_line="20" end_line="20" start_column="9" end_column="10" covered="no" />
            <range source_id="36" start_line="22" end_line="24" start_column="13" end_column="71" covered="no" />
            <range source_id="36" start_line="26" end_line="26" start_column="13" end_column="78" covered="no" />
            <range source_id="36" start_line="28" end_line="66" start_column="13" end_column="20" covered="no" />
            <range source_id="36" start_line="68" end_line="150" start_column="13" end_column="20" covered="no" />
            <range source_id="36" start_line="152" end_line="177" start_column="13" end_column="20" covered="no" />
            <range source_id="36" start_line="179" end_line="212" start_column="13" end_column="20" covered="no" />
            <range source_id="36" start_line="214" end_line="248" start_column="13" end_column="20" covered="no" />
            <range source_id="36" start_line="250" end_line="277" start_column="13" end_column="20" covered="no" />
            <range source_id="36" start_line="279" end_line="309" start_column="13" end_column="20" covered="no" />
            <range source_id="36" start_line="311" end_line="338" start_column="13" end_column="20" covered="no" />
            <range source_id="36" start_line="340" end_line="387" start_column="13" end_column="20" covered="no" />
            <range source_id="36" start_line="389" end_line="398" start_column="13" end_column="20" covered="no" />
            <range source_id="36" start_line="400" end_line="415" start_column="13" end_column="20" covered="no" />
            <range source_id="36" start_line="417" end_line="426" start_column="13" end_column="20" covered="no" />
            <range source_id="36" start_line="428" end_line="443" start_column="13" end_column="20" covered="no" />
            <range source_id="36" start_line="445" end_line="462" start_column="13" end_column="20" covered="no" />
            <range source_id="36" start_line="464" end_line="472" start_column="13" end_column="20" covered="no" />
            <range source_id="36" start_line="474" end_line="477" start_column="13" end_column="20" covered="no" />
            <range source_id="36" start_line="479" end_line="482" start_column="13" end_column="20" covered="no" />
            <range source_id="36" start_line="484" end_line="487" start_column="13" end_column="20" covered="no" />
            <range source_id="36" start_line="489" end_line="492" start_column="13" end_column="20" covered="no" />
            <range source_id="36" start_line="494" end_line="494" start_column="9" end_column="10" covered="no" />
          </ranges>
        </function>
        <function id="59428" token="0x6000287" name="Up(Microsoft.EntityFrameworkCore.Migrations.MigrationBuilder)" namespace="AzAgroPOS.Verilenler.Migrations" type_name="MusteriKreditLimiti" block_coverage="0.00" line_coverage="0.00" blocks_covered="0" blocks_not_covered="2" lines_covered="0" lines_partially_covered="0" lines_not_covered="8">
          <ranges>
            <range source_id="37" start_line="12" end_line="12" start_column="9" end_column="10" covered="no" />
            <range source_id="37" start_line="13" end_line="18" start_column="13" end_column="35" covered="no" />
            <range source_id="37" start_line="19" end_line="19" start_column="9" end_column="10" covered="no" />
          </ranges>
        </function>
        <function id="59535" token="0x6000288" name="Down(Microsoft.EntityFrameworkCore.Migrations.MigrationBuilder)" namespace="AzAgroPOS.Verilenler.Migrations" type_name="MusteriKreditLimiti" block_coverage="0.00" line_coverage="0.00" blocks_covered="0" blocks_not_covered="2" lines_covered="0" lines_partially_covered="0" lines_not_covered="5">
          <ranges>
            <range source_id="37" start_line="23" end_line="23" start_column="9" end_column="10" covered="no" />
            <range source_id="37" start_line="24" end_line="26" start_column="13" end_column="38" covered="no" />
            <range source_id="37" start_line="27" end_line="27" start_column="9" end_column="10" covered="no" />
          </ranges>
        </function>
        <function id="59556" token="0x6000289" name="BuildTargetModel(Microsoft.EntityFrameworkCore.ModelBuilder)" namespace="AzAgroPOS.Verilenler.Migrations" type_name="MusteriKreditLimiti" block_coverage="0.00" line_coverage="0.00" blocks_covered="0" blocks_not_covered="80" lines_covered="0" lines_partially_covered="0" lines_not_covered="456">
          <ranges>
            <range source_id="38" start_line="20" end_line="20" start_column="9" end_column="10" covered="no" />
            <range source_id="38" start_line="22" end_line="24" start_column="13" end_column="71" covered="no" />
            <range source_id="38" start_line="26" end_line="26" start_column="13" end_column="78" covered="no" />
            <range source_id="38" start_line="28" end_line="66" start_column="13" end_column="20" covered="no" />
            <range source_id="38" start_line="68" end_line="150" start_column="13" end_column="20" covered="no" />
            <range source_id="38" start_line="152" end_line="180" start_column="13" end_column="20" covered="no" />
            <range source_id="38" start_line="182" end_line="215" start_column="13" end_column="20" covered="no" />
            <range source_id="38" start_line="217" end_line="251" start_column="13" end_column="20" covered="no" />
            <range source_id="38" start_line="253" end_line="280" start_column="13" end_column="20" covered="no" />
            <range source_id="38" start_line="282" end_line="312" start_column="13" end_column="20" covered="no" />
            <range source_id="38" start_line="314" end_line="341" start_column="13" end_column="20" covered="no" />
            <range source_id="38" start_line="343" end_line="390" start_column="13" end_column="20" covered="no" />
            <range source_id="38" start_line="392" end_line="401" start_column="13" end_column="20" covered="no" />
            <range source_id="38" start_line="403" end_line="418" start_column="13" end_column="20" covered="no" />
            <range source_id="38" start_line="420" end_line="429" start_column="13" end_column="20" covered="no" />
            <range source_id="38" start_line="431" end_line="446" start_column="13" end_column="20" covered="no" />
            <range source_id="38" start_line="448" end_line="465" start_column="13" end_column="20" covered="no" />
            <range source_id="38" start_line="467" end_line="475" start_column="13" end_column="20" covered="no" />
            <range source_id="38" start_line="477" end_line="480" start_column="13" end_column="20" covered="no" />
            <range source_id="38" start_line="482" end_line="485" start_column="13" end_column="20" covered="no" />
            <range source_id="38" start_line="487" end_line="490" start_column="13" end_column="20" covered="no" />
            <range source_id="38" start_line="492" end_line="495" start_column="13" end_column="20" covered="no" />
            <range source_id="38" start_line="497" end_line="497" start_column="9" end_column="10" covered="no" />
          </ranges>
        </function>
        <function id="60444" token="0x600028b" name="Up(Microsoft.EntityFrameworkCore.Migrations.MigrationBuilder)" namespace="AzAgroPOS.Verilenler.Migrations" type_name="MehsulXanaAdlariYekunStandartlasdirma" block_coverage="0.00" line_coverage="0.00" blocks_covered="0" blocks_not_covered="13" lines_covered="0" lines_partially_covered="0" lines_not_covered="59">
          <ranges>
            <range source_id="39" start_line="12" end_line="12" start_column="9" end_column="10" covered="no" />
            <range source_id="39" start_line="13" end_line="19" start_column="13" end_column="33" covered="no" />
            <range source_id="39" start_line="21" end_line="26" start_column="13" end_column="35" covered="no" />
            <range source_id="39" start_line="28" end_line="34" start_column="13" end_column="43" covered="no" />
            <range source_id="39" start_line="36" end_line="42" start_column="13" end_column="43" covered="no" />
            <range source_id="39" start_line="44" end_line="49" start_column="13" end_column="38" covered="no" />
            <range source_id="39" start_line="51" end_line="56" start_column="13" end_column="34" covered="no" />
            <range source_id="39" start_line="58" end_line="63" start_column="13" end_column="51" covered="no" />
            <range source_id="39" start_line="65" end_line="70" start_column="13" end_column="51" covered="no" />
            <range source_id="39" start_line="72" end_line="77" start_column="13" end_column="51" covered="no" />
            <range source_id="39" start_line="78" end_line="78" start_column="9" end_column="10" covered="no" />
          </ranges>
        </function>
        <function id="61428" token="0x600028c" name="Down(Microsoft.EntityFrameworkCore.Migrations.MigrationBuilder)" namespace="AzAgroPOS.Verilenler.Migrations" type_name="MehsulXanaAdlariYekunStandartlasdirma" block_coverage="0.00" line_coverage="0.00" blocks_covered="0" blocks_not_covered="10" lines_covered="0" lines_partially_covered="0" lines_not_covered="36">
          <ranges>
            <range source_id="39" start_line="82" end_line="82" start_column="9" end_column="10" covered="no" />
            <range source_id="39" start_line="83" end_line="85" start_column="13" end_column="42" covered="no" />
            <range source_id="39" start_line="87" end_line="89" start_column="13" end_column="37" covered="no" />
            <range source_id="39" start_line="91" end_line="93" start_column="13" end_column="37" covered="no" />
            <range source_id="39" start_line="95" end_line="101" start_column="13" end_column="43" covered="no" />
            <range source_id="39" start_line="103" end_line="111" start_column="13" end_column="36" covered="no" />
            <range source_id="39" start_line="113" end_line="121" start_column="13" end_column="36" covered="no" />
            <range source_id="39" start_line="122" end_line="122" start_column="9" end_column="10" covered="no" />
          </ranges>
        </function>
        <function id="61992" token="0x600028d" name="BuildTargetModel(Microsoft.EntityFrameworkCore.ModelBuilder)" namespace="AzAgroPOS.Verilenler.Migrations" type_name="MehsulXanaAdlariYekunStandartlasdirma" block_coverage="0.00" line_coverage="0.00" blocks_covered="0" blocks_not_covered="80" lines_covered="0" lines_partially_covered="0" lines_not_covered="469">
          <ranges>
            <range source_id="40" start_line="20" end_line="20" start_column="9" end_column="10" covered="no" />
            <range source_id="40" start_line="22" end_line="24" start_column="13" end_column="71" covered="no" />
            <range source_id="40" start_line="26" end_line="26" start_column="13" end_column="78" covered="no" />
            <range source_id="40" start_line="28" end_line="66" start_column="13" end_column="20" covered="no" />
            <range source_id="40" start_line="68" end_line="160" start_column="13" end_column="20" covered="no" />
            <range source_id="40" start_line="162" end_line="190" start_column="13" end_column="20" covered="no" />
            <range source_id="40" start_line="192" end_line="225" start_column="13" end_column="20" covered="no" />
            <range source_id="40" start_line="227" end_line="261" start_column="13" end_column="20" covered="no" />
            <range source_id="40" start_line="263" end_line="290" start_column="13" end_column="20" covered="no" />
            <range source_id="40" start_line="292" end_line="322" start_column="13" end_column="20" covered="no" />
            <range source_id="40" start_line="324" end_line="354" start_column="13" end_column="20" covered="no" />
            <range source_id="40" start_line="356" end_line="403" start_column="13" end_column="20" covered="no" />
            <range source_id="40" start_line="405" end_line="414" start_column="13" end_column="20" covered="no" />
            <range source_id="40" start_line="416" end_line="431" start_column="13" end_column="20" covered="no" />
            <range source_id="40" start_line="433" end_line="442" start_column="13" end_column="20" covered="no" />
            <range source_id="40" start_line="444" end_line="459" start_column="13" end_column="20" covered="no" />
            <range source_id="40" start_line="461" end_line="478" start_column="13" end_column="20" covered="no" />
            <range source_id="40" start_line="480" end_line="488" start_column="13" end_column="20" covered="no" />
            <range source_id="40" start_line="490" end_line="493" start_column="13" end_column="20" covered="no" />
            <range source_id="40" start_line="495" end_line="498" start_column="13" end_column="20" covered="no" />
            <range source_id="40" start_line="500" end_line="503" start_column="13" end_column="20" covered="no" />
            <range source_id="40" start_line="505" end_line="508" start_column="13" end_column="20" covered="no" />
            <range source_id="40" start_line="510" end_line="510" start_column="9" end_column="10" covered="no" />
          </ranges>
        </function>
        <function id="62879" token="0x600028f" name="Up(Microsoft.EntityFrameworkCore.Migrations.MigrationBuilder)" namespace="AzAgroPOS.Verilenler.Migrations" type_name="OlcuVahidiDeyerleriniDuzelt" block_coverage="0.00" line_coverage="0.00" blocks_covered="0" blocks_not_covered="2" lines_covered="0" lines_partially_covered="0" lines_not_covered="13">
          <ranges>
            <range source_id="41" start_line="12" end_line="12" start_column="9" end_column="10" covered="no" />
            <range source_id="41" start_line="16" end_line="26" start_column="13" end_column="16" covered="no" />
            <range source_id="41" start_line="27" end_line="27" start_column="9" end_column="10" covered="no" />
          </ranges>
        </function>
        <function id="62895" token="0x6000290" name="Down(Microsoft.EntityFrameworkCore.Migrations.MigrationBuilder)" namespace="AzAgroPOS.Verilenler.Migrations" type_name="OlcuVahidiDeyerleriniDuzelt" block_coverage="0.00" line_coverage="0.00" blocks_covered="0" blocks_not_covered="1" lines_covered="0" lines_partially_covered="0" lines_not_covered="2">
          <ranges>
            <range source_id="41" start_line="31" end_line="31" start_column="9" end_column="10" covered="no" />
            <range source_id="41" start_line="34" end_line="34" start_column="9" end_column="10" covered="no" />
          </ranges>
        </function>
        <function id="62900" token="0x6000291" name="BuildTargetModel(Microsoft.EntityFrameworkCore.ModelBuilder)" namespace="AzAgroPOS.Verilenler.Migrations" type_name="OlcuVahidiDeyerleriniDuzelt" block_coverage="0.00" line_coverage="0.00" blocks_covered="0" blocks_not_covered="80" lines_covered="0" lines_partially_covered="0" lines_not_covered="469">
          <ranges>
            <range source_id="42" start_line="20" end_line="20" start_column="9" end_column="10" covered="no" />
            <range source_id="42" start_line="22" end_line="24" start_column="13" end_column="71" covered="no" />
            <range source_id="42" start_line="26" end_line="26" start_column="13" end_column="78" covered="no" />
            <range source_id="42" start_line="28" end_line="66" start_column="13" end_column="20" covered="no" />
            <range source_id="42" start_line="68" end_line="160" start_column="13" end_column="20" covered="no" />
            <range source_id="42" start_line="162" end_line="190" start_column="13" end_column="20" covered="no" />
            <range source_id="42" start_line="192" end_line="225" start_column="13" end_column="20" covered="no" />
            <range source_id="42" start_line="227" end_line="261" start_column="13" end_column="20" covered="no" />
            <range source_id="42" start_line="263" end_line="290" start_column="13" end_column="20" covered="no" />
            <range source_id="42" start_line="292" end_line="322" start_column="13" end_column="20" covered="no" />
            <range source_id="42" start_line="324" end_line="354" start_column="13" end_column="20" covered="no" />
            <range source_id="42" start_line="356" end_line="403" start_column="13" end_column="20" covered="no" />
            <range source_id="42" start_line="405" end_line="414" start_column="13" end_column="20" covered="no" />
            <range source_id="42" start_line="416" end_line="431" start_column="13" end_column="20" covered="no" />
            <range source_id="42" start_line="433" end_line="442" start_column="13" end_column="20" covered="no" />
            <range source_id="42" start_line="444" end_line="459" start_column="13" end_column="20" covered="no" />
            <range source_id="42" start_line="461" end_line="478" start_column="13" end_column="20" covered="no" />
            <range source_id="42" start_line="480" end_line="488" start_column="13" end_column="20" covered="no" />
            <range source_id="42" start_line="490" end_line="493" start_column="13" end_column="20" covered="no" />
            <range source_id="42" start_line="495" end_line="498" start_column="13" end_column="20" covered="no" />
            <range source_id="42" start_line="500" end_line="503" start_column="13" end_column="20" covered="no" />
            <range source_id="42" start_line="505" end_line="508" start_column="13" end_column="20" covered="no" />
            <range source_id="42" start_line="510" end_line="510" start_column="9" end_column="10" covered="no" />
          </ranges>
        </function>
        <function id="63787" token="0x6000293" name="Up(Microsoft.EntityFrameworkCore.Migrations.MigrationBuilder)" namespace="AzAgroPOS.Verilenler.Migrations" type_name="OlcuVahidiIdSutununuSil" block_coverage="0.00" line_coverage="0.00" blocks_covered="0" blocks_not_covered="2" lines_covered="0" lines_partially_covered="0" lines_not_covered="5">
          <ranges>
            <range source_id="43" start_line="12" end_line="12" start_column="9" end_column="10" covered="no" />
            <range source_id="43" start_line="13" end_line="15" start_column="13" end_column="37" covered="no" />
            <range source_id="43" start_line="16" end_line="16" start_column="9" end_column="10" covered="no" />
          </ranges>
        </function>
        <function id="63808" token="0x6000294" name="Down(Microsoft.EntityFrameworkCore.Migrations.MigrationBuilder)" namespace="AzAgroPOS.Verilenler.Migrations" type_name="OlcuVahidiIdSutununuSil" block_coverage="0.00" line_coverage="0.00" blocks_covered="0" blocks_not_covered="5" lines_covered="0" lines_partially_covered="0" lines_not_covered="26">
          <ranges>
            <range source_id="43" start_line="20" end_line="20" start_column="9" end_column="10" covered="no" />
            <range source_id="43" start_line="21" end_line="26" start_column="13" end_column="34" covered="no" />
            <range source_id="43" start_line="28" end_line="33" start_column="13" end_column="27" covered="no" />
            <range source_id="43" start_line="35" end_line="40" start_column="13" end_column="27" covered="no" />
            <range source_id="43" start_line="42" end_line="47" start_column="13" end_column="27" covered="no" />
            <range source_id="43" start_line="48" end_line="48" start_column="9" end_column="10" covered="no" />
          </ranges>
        </function>
        <function id="64016" token="0x6000295" name="BuildTargetModel(Microsoft.EntityFrameworkCore.ModelBuilder)" namespace="AzAgroPOS.Verilenler.Migrations" type_name="OlcuVahidiIdSutununuSil" block_coverage="0.00" line_coverage="0.00" blocks_covered="0" blocks_not_covered="80" lines_covered="0" lines_partially_covered="0" lines_not_covered="463">
          <ranges>
            <range source_id="44" start_line="20" end_line="20" start_column="9" end_column="10" covered="no" />
            <range source_id="44" start_line="22" end_line="24" start_column="13" end_column="71" covered="no" />
            <range source_id="44" start_line="26" end_line="26" start_column="13" end_column="78" covered="no" />
            <range source_id="44" start_line="28" end_line="66" start_column="13" end_column="20" covered="no" />
            <range source_id="44" start_line="68" end_line="154" start_column="13" end_column="20" covered="no" />
            <range source_id="44" start_line="156" end_line="184" start_column="13" end_column="20" covered="no" />
            <range source_id="44" start_line="186" end_line="219" start_column="13" end_column="20" covered="no" />
            <range source_id="44" start_line="221" end_line="255" start_column="13" end_column="20" covered="no" />
            <range source_id="44" start_line="257" end_line="284" start_column="13" end_column="20" covered="no" />
            <range source_id="44" start_line="286" end_line="316" start_column="13" end_column="20" covered="no" />
            <range source_id="44" start_line="318" end_line="348" start_column="13" end_column="20" covered="no" />
            <range source_id="44" start_line="350" end_line="397" start_column="13" end_column="20" covered="no" />
            <range source_id="44" start_line="399" end_line="408" start_column="13" end_column="20" covered="no" />
            <range source_id="44" start_line="410" end_line="425" start_column="13" end_column="20" covered="no" />
            <range source_id="44" start_line="427" end_line="436" start_column="13" end_column="20" covered="no" />
            <range source_id="44" start_line="438" end_line="453" start_column="13" end_column="20" covered="no" />
            <range source_id="44" start_line="455" end_line="472" start_column="13" end_column="20" covered="no" />
            <range source_id="44" start_line="474" end_line="482" start_column="13" end_column="20" covered="no" />
            <range source_id="44" start_line="484" end_line="487" start_column="13" end_column="20" covered="no" />
            <range source_id="44" start_line="489" end_line="492" start_column="13" end_column="20" covered="no" />
            <range source_id="44" start_line="494" end_line="497" start_column="13" end_column="20" covered="no" />
            <range source_id="44" start_line="499" end_line="502" start_column="13" end_column="20" covered="no" />
            <range source_id="44" start_line="504" end_line="504" start_column="9" end_column="10" covered="no" />
          </ranges>
        </function>
        <function id="64903" token="0x6000297" name="Up(Microsoft.EntityFrameworkCore.Migrations.MigrationBuilder)" namespace="AzAgroPOS.Verilenler.Migrations" type_name="BazaVeModeliSinxronlasdir" block_coverage="0.00" line_coverage="0.00" blocks_covered="0" blocks_not_covered="1" lines_covered="0" lines_partially_covered="0" lines_not_covered="2">
          <ranges>
            <range source_id="45" start_line="12" end_line="12" start_column="9" end_column="10" covered="no" />
            <range source_id="45" start_line="14" end_line="14" start_column="9" end_column="10" covered="no" />
          </ranges>
        </function>
        <function id="64906" token="0x6000298" name="Down(Microsoft.EntityFrameworkCore.Migrations.MigrationBuilder)" namespace="AzAgroPOS.Verilenler.Migrations" type_name="BazaVeModeliSinxronlasdir" block_coverage="0.00" line_coverage="0.00" blocks_covered="0" blocks_not_covered="1" lines_covered="0" lines_partially_covered="0" lines_not_covered="2">
          <ranges>
            <range source_id="45" start_line="18" end_line="18" start_column="9" end_column="10" covered="no" />
            <range source_id="45" start_line="20" end_line="20" start_column="9" end_column="10" covered="no" />
          </ranges>
        </function>
        <function id="64912" token="0x6000299" name="BuildTargetModel(Microsoft.EntityFrameworkCore.ModelBuilder)" namespace="AzAgroPOS.Verilenler.Migrations" type_name="BazaVeModeliSinxronlasdir" block_coverage="0.00" line_coverage="0.00" blocks_covered="0" blocks_not_covered="80" lines_covered="0" lines_partially_covered="0" lines_not_covered="463">
          <ranges>
            <range source_id="46" start_line="20" end_line="20" start_column="9" end_column="10" covered="no" />
            <range source_id="46" start_line="22" end_line="24" start_column="13" end_column="71" covered="no" />
            <range source_id="46" start_line="26" end_line="26" start_column="13" end_column="78" covered="no" />
            <range source_id="46" start_line="28" end_line="66" start_column="13" end_column="20" covered="no" />
            <range source_id="46" start_line="68" end_line="154" start_column="13" end_column="20" covered="no" />
            <range source_id="46" start_line="156" end_line="184" start_column="13" end_column="20" covered="no" />
            <range source_id="46" start_line="186" end_line="219" start_column="13" end_column="20" covered="no" />
            <range source_id="46" start_line="221" end_line="255" start_column="13" end_column="20" covered="no" />
            <range source_id="46" start_line="257" end_line="284" start_column="13" end_column="20" covered="no" />
            <range source_id="46" start_line="286" end_line="316" start_column="13" end_column="20" covered="no" />
            <range source_id="46" start_line="318" end_line="348" start_column="13" end_column="20" covered="no" />
            <range source_id="46" start_line="350" end_line="397" start_column="13" end_column="20" covered="no" />
            <range source_id="46" start_line="399" end_line="408" start_column="13" end_column="20" covered="no" />
            <range source_id="46" start_line="410" end_line="425" start_column="13" end_column="20" covered="no" />
            <range source_id="46" start_line="427" end_line="436" start_column="13" end_column="20" covered="no" />
            <range source_id="46" start_line="438" end_line="453" start_column="13" end_column="20" covered="no" />
            <range source_id="46" start_line="455" end_line="472" start_column="13" end_column="20" covered="no" />
            <range source_id="46" start_line="474" end_line="482" start_column="13" end_column="20" covered="no" />
            <range source_id="46" start_line="484" end_line="487" start_column="13" end_column="20" covered="no" />
            <range source_id="46" start_line="489" end_line="492" start_column="13" end_column="20" covered="no" />
            <range source_id="46" start_line="494" end_line="497" start_column="13" end_column="20" covered="no" />
            <range source_id="46" start_line="499" end_line="502" start_column="13" end_column="20" covered="no" />
            <range source_id="46" start_line="504" end_line="504" start_column="9" end_column="10" covered="no" />
          </ranges>
        </function>
        <function id="65800" token="0x600029b" name="Up(Microsoft.EntityFrameworkCore.Migrations.MigrationBuilder)" namespace="AzAgroPOS.Verilenler.Migrations" type_name="IsciIdareetmeModulu" block_coverage="0.00" line_coverage="0.00" blocks_covered="0" blocks_not_covered="64" lines_covered="0" lines_partially_covered="0" lines_not_covered="123">
          <ranges>
            <range source_id="47" start_line="14" end_line="14" start_column="9" end_column="10" covered="no" />
            <range source_id="47" start_line="15" end_line="17" start_column="13" end_column="36" covered="no" />
            <range source_id="47" start_line="19" end_line="48" start_column="13" end_column="20" covered="no" />
            <range source_id="47" start_line="50" end_line="82" start_column="13" end_column="20" covered="no" />
            <range source_id="47" start_line="84" end_line="107" start_column="13" end_column="20" covered="no" />
            <range source_id="47" start_line="109" end_line="116" start_column="13" end_column="20" covered="no" />
            <range source_id="47" start_line="118" end_line="121" start_column="13" end_column="35" covered="no" />
            <range source_id="47" start_line="123" end_line="126" start_column="13" end_column="45" covered="no" />
            <range source_id="47" start_line="128" end_line="131" start_column="13" end_column="49" covered="no" />
            <range source_id="47" start_line="133" end_line="136" start_column="13" end_column="35" covered="no" />
            <range source_id="47" start_line="138" end_line="144" start_column="13" end_column="55" covered="no" />
            <range source_id="47" start_line="145" end_line="145" start_column="9" end_column="10" covered="no" />
          </ranges>
        </function>
        <function id="66836" token="0x600029c" name="Down(Microsoft.EntityFrameworkCore.Migrations.MigrationBuilder)" namespace="AzAgroPOS.Verilenler.Migrations" type_name="IsciIdareetmeModulu" block_coverage="0.00" line_coverage="0.00" blocks_covered="0" blocks_not_covered="6" lines_covered="0" lines_partially_covered="0" lines_not_covered="18">
          <ranges>
            <range source_id="47" start_line="149" end_line="149" start_column="9" end_column="10" covered="no" />
            <range source_id="47" start_line="150" end_line="152" start_column="13" end_column="36" covered="no" />
            <range source_id="47" start_line="154" end_line="155" start_column="13" end_column="38" covered="no" />
            <range source_id="47" start_line="157" end_line="158" start_column="13" end_column="45" covered="no" />
            <range source_id="47" start_line="160" end_line="161" start_column="13" end_column="34" covered="no" />
            <range source_id="47" start_line="163" end_line="169" start_column="13" end_column="54" covered="no" />
            <range source_id="47" start_line="170" end_line="170" start_column="9" end_column="10" covered="no" />
          </ranges>
        </function>
        <function id="66944" token="0x600029d" name="BuildTargetModel(Microsoft.EntityFrameworkCore.ModelBuilder)" namespace="AzAgroPOS.Verilenler.Migrations" type_name="IsciIdareetmeModulu" block_coverage="0.00" line_coverage="0.00" blocks_covered="0" blocks_not_covered="108" lines_covered="0" lines_partially_covered="0" lines_not_covered="694">
          <ranges>
            <range source_id="48" start_line="20" end_line="20" start_column="9" end_column="10" covered="no" />
            <range source_id="48" start_line="22" end_line="24" start_column="13" end_column="71" covered="no" />
            <range source_id="48" start_line="26" end_line="26" start_column="13" end_column="78" covered="no" />
            <range source_id="48" start_line="28" end_line="128" start_column="13" end_column="20" covered="no" />
            <range source_id="48" start_line="130" end_line="177" start_column="13" end_column="20" covered="no" />
            <range source_id="48" start_line="179" end_line="217" start_column="13" end_column="20" covered="no" />
            <range source_id="48" start_line="219" end_line="257" start_column="13" end_column="20" covered="no" />
            <range source_id="48" start_line="259" end_line="345" start_column="13" end_column="20" covered="no" />
            <range source_id="48" start_line="347" end_line="375" start_column="13" end_column="20" covered="no" />
            <range source_id="48" start_line="377" end_line="410" start_column="13" end_column="20" covered="no" />
            <range source_id="48" start_line="412" end_line="446" start_column="13" end_column="20" covered="no" />
            <range source_id="48" start_line="448" end_line="475" start_column="13" end_column="20" covered="no" />
            <range source_id="48" start_line="477" end_line="507" start_column="13" end_column="20" covered="no" />
            <range source_id="48" start_line="509" end_line="539" start_column="13" end_column="20" covered="no" />
            <range source_id="48" start_line="541" end_line="588" start_column="13" end_column="20" covered="no" />
            <range source_id="48" start_line="590" end_line="597" start_column="13" end_column="20" covered="no" />
            <range source_id="48" start_line="599" end_line="615" start_column="13" end_column="20" covered="no" />
            <range source_id="48" start_line="617" end_line="626" start_column="13" end_column="20" covered="no" />
            <range source_id="48" start_line="628" end_line="637" start_column="13" end_column="20" covered="no" />
            <range source_id="48" start_line="639" end_line="654" start_column="13" end_column="20" covered="no" />
            <range source_id="48" start_line="656" end_line="665" start_column="13" end_column="20" covered="no" />
            <range source_id="48" start_line="667" end_line="682" start_column="13" end_column="20" covered="no" />
            <range source_id="48" start_line="684" end_line="701" start_column="13" end_column="20" covered="no" />
            <range source_id="48" start_line="703" end_line="711" start_column="13" end_column="20" covered="no" />
            <range source_id="48" start_line="713" end_line="718" start_column="13" end_column="20" covered="no" />
            <range source_id="48" start_line="720" end_line="725" start_column="13" end_column="20" covered="no" />
            <range source_id="48" start_line="727" end_line="730" start_column="13" end_column="20" covered="no" />
            <range source_id="48" start_line="732" end_line="735" start_column="13" end_column="20" covered="no" />
            <range source_id="48" start_line="737" end_line="740" start_column="13" end_column="20" covered="no" />
            <range source_id="48" start_line="742" end_line="742" start_column="9" end_column="10" covered="no" />
          </ranges>
        </function>
        <function id="68132" token="0x600029f" name="Up(Microsoft.EntityFrameworkCore.Migrations.MigrationBuilder)" namespace="AzAgroPOS.Verilenler.Migrations" type_name="TedarukcuAlisModuluDuzelis2" block_coverage="0.00" line_coverage="0.00" blocks_covered="0" blocks_not_covered="70" lines_covered="0" lines_partially_covered="0" lines_not_covered="211">
          <ranges>
            <range source_id="49" start_line="14" end_line="14" start_column="9" end_column="10" covered="no" />
            <range source_id="49" start_line="15" end_line="32" start_column="13" end_column="20" covered="no" />
            <range source_id="49" start_line="34" end_line="57" start_column="13" end_column="20" covered="no" />
            <range source_id="49" start_line="59" end_line="84" start_column="13" end_column="20" covered="no" />
            <range source_id="49" start_line="86" end_line="118" start_column="13" end_column="20" covered="no" />
            <range source_id="49" start_line="120" end_line="148" start_column="13" end_column="20" covered="no" />
            <range source_id="49" start_line="150" end_line="184" start_column="13" end_column="20" covered="no" />
            <range source_id="49" start_line="186" end_line="193" start_column="13" end_column="20" covered="no" />
            <range source_id="49" start_line="195" end_line="198" start_column="13" end_column="40" covered="no" />
            <range source_id="49" start_line="200" end_line="203" start_column="13" end_column="48" covered="no" />
            <range source_id="49" start_line="205" end_line="208" start_column="13" end_column="37" covered="no" />
            <range source_id="49" start_line="210" end_line="213" start_column="13" end_column="40" covered="no" />
            <range source_id="49" start_line="215" end_line="218" start_column="13" end_column="40" covered="no" />
            <range source_id="49" start_line="220" end_line="223" start_column="13" end_column="42" covered="no" />
            <range source_id="49" start_line="225" end_line="228" start_column="13" end_column="37" covered="no" />
            <range source_id="49" start_line="230" end_line="233" start_column="13" end_column="40" covered="no" />
            <range source_id="49" start_line="235" end_line="238" start_column="13" end_column="40" covered="no" />
            <range source_id="49" start_line="239" end_line="239" start_column="9" end_column="10" covered="no" />
          </ranges>
        </function>
        <function id="69140" token="0x60002a0" name="Down(Microsoft.EntityFrameworkCore.Migrations.MigrationBuilder)" namespace="AzAgroPOS.Verilenler.Migrations" type_name="TedarukcuAlisModuluDuzelis2" block_coverage="0.00" line_coverage="0.00" blocks_covered="0" blocks_not_covered="7" lines_covered="0" lines_partially_covered="0" lines_not_covered="14">
          <ranges>
            <range source_id="49" start_line="243" end_line="243" start_column="9" end_column="10" covered="no" />
            <range source_id="49" start_line="244" end_line="245" start_column="13" end_column="45" covered="no" />
            <range source_id="49" start_line="247" end_line="248" start_column="13" end_column="45" covered="no" />
            <range source_id="49" start_line="250" end_line="251" start_column="13" end_column="47" covered="no" />
            <range source_id="49" start_line="253" end_line="254" start_column="13" end_column="40" covered="no" />
            <range source_id="49" start_line="256" end_line="257" start_column="13" end_column="42" covered="no" />
            <range source_id="49" start_line="259" end_line="260" start_column="13" end_column="39" covered="no" />
            <range source_id="49" start_line="261" end_line="261" start_column="9" end_column="10" covered="no" />
          </ranges>
        </function>
        <function id="69232" token="0x60002a1" name="BuildTargetModel(Microsoft.EntityFrameworkCore.ModelBuilder)" namespace="AzAgroPOS.Verilenler.Migrations" type_name="TedarukcuAlisModuluDuzelis2" block_coverage="0.00" line_coverage="0.00" blocks_covered="0" blocks_not_covered="164" lines_covered="0" lines_partially_covered="0" lines_not_covered="1045">
          <ranges>
            <range source_id="50" start_line="20" end_line="20" start_column="9" end_column="10" covered="no" />
            <range source_id="50" start_line="22" end_line="24" start_column="13" end_column="71" covered="no" />
            <range source_id="50" start_line="26" end_line="26" start_column="13" end_column="78" covered="no" />
            <range source_id="50" start_line="28" end_line="63" start_column="13" end_column="20" covered="no" />
            <range source_id="50" start_line="65" end_line="100" start_column="13" end_column="20" covered="no" />
            <range source_id="50" start_line="102" end_line="143" start_column="13" end_column="20" covered="no" />
            <range source_id="50" start_line="145" end_line="178" start_column="13" end_column="20" covered="no" />
            <range source_id="50" start_line="180" end_line="280" start_column="13" end_column="20" covered="no" />
            <range source_id="50" start_line="282" end_line="329" start_column="13" end_column="20" covered="no" />
            <range source_id="50" start_line="331" end_line="369" start_column="13" end_column="20" covered="no" />
            <range source_id="50" start_line="371" end_line="409" start_column="13" end_column="20" covered="no" />
            <range source_id="50" start_line="411" end_line="497" start_column="13" end_column="20" covered="no" />
            <range source_id="50" start_line="499" end_line="527" start_column="13" end_column="20" covered="no" />
            <range source_id="50" start_line="529" end_line="562" start_column="13" end_column="20" covered="no" />
            <range source_id="50" start_line="564" end_line="598" start_column="13" end_column="20" covered="no" />
            <range source_id="50" start_line="600" end_line="627" start_column="13" end_column="20" covered="no" />
            <range source_id="50" start_line="629" end_line="659" start_column="13" end_column="20" covered="no" />
            <range source_id="50" start_line="661" end_line="691" start_column="13" end_column="20" covered="no" />
            <range source_id="50" start_line="693" end_line="750" start_column="13" end_column="20" covered="no" />
            <range source_id="50" start_line="752" end_line="798" start_column="13" end_column="20" covered="no" />
            <range source_id="50" start_line="800" end_line="847" start_column="13" end_column="20" covered="no" />
            <range source_id="50" start_line="849" end_line="858" start_column="13" end_column="20" covered="no" />
            <range source_id="50" start_line="860" end_line="884" start_column="13" end_column="20" covered="no" />
            <range source_id="50" start_line="886" end_line="895" start_column="13" end_column="20" covered="no" />
            <range source_id="50" start_line="897" end_line="914" start_column="13" end_column="20" covered="no" />
            <range source_id="50" start_line="916" end_line="923" start_column="13" end_column="20" covered="no" />
            <range source_id="50" start_line="925" end_line="941" start_column="13" end_column="20" covered="no" />
            <range source_id="50" start_line="943" end_line="952" start_column="13" end_column="20" covered="no" />
            <range source_id="50" start_line="954" end_line="963" start_column="13" end_column="20" covered="no" />
            <range source_id="50" start_line="965" end_line="980" start_column="13" end_column="20" covered="no" />
            <range source_id="50" start_line="982" end_line="991" start_column="13" end_column="20" covered="no" />
            <range source_id="50" start_line="993" end_line="1008" start_column="13" end_column="20" covered="no" />
            <range source_id="50" start_line="1010" end_line="1027" start_column="13" end_column="20" covered="no" />
            <range source_id="50" start_line="1029" end_line="1045" start_column="13" end_column="20" covered="no" />
            <range source_id="50" start_line="1047" end_line="1055" start_column="13" end_column="20" covered="no" />
            <range source_id="50" start_line="1057" end_line="1062" start_column="13" end_column="20" covered="no" />
            <range source_id="50" start_line="1064" end_line="1067" start_column="13" end_column="20" covered="no" />
            <range source_id="50" start_line="1069" end_line="1074" start_column="13" end_column="20" covered="no" />
            <range source_id="50" start_line="1076" end_line="1081" start_column="13" end_column="20" covered="no" />
            <range source_id="50" start_line="1083" end_line="1086" start_column="13" end_column="20" covered="no" />
            <range source_id="50" start_line="1088" end_line="1091" start_column="13" end_column="20" covered="no" />
            <range source_id="50" start_line="1093" end_line="1096" start_column="13" end_column="20" covered="no" />
            <range source_id="50" start_line="1098" end_line="1105" start_column="13" end_column="20" covered="no" />
            <range source_id="50" start_line="1107" end_line="1107" start_column="9" end_column="10" covered="no" />
          </ranges>
        </function>
        <function id="71024" token="0x60002a3" name="Up(Microsoft.EntityFrameworkCore.Migrations.MigrationBuilder)" namespace="AzAgroPOS.Verilenler.Migrations" type_name="MehsulYeniSahelerEklendi" block_coverage="0.00" line_coverage="0.00" blocks_covered="0" blocks_not_covered="63" lines_covered="0" lines_partially_covered="0" lines_not_covered="128">
          <ranges>
            <range source_id="51" start_line="14" end_line="14" start_column="9" end_column="10" covered="no" />
            <range source_id="51" start_line="15" end_line="19" start_column="13" end_column="33" covered="no" />
            <range source_id="51" start_line="21" end_line="25" start_column="13" end_column="33" covered="no" />
            <range source_id="51" start_line="27" end_line="32" start_column="13" end_column="34" covered="no" />
            <range source_id="51" start_line="34" end_line="38" start_column="13" end_column="33" covered="no" />
            <range source_id="51" start_line="40" end_line="44" start_column="13" end_column="33" covered="no" />
            <range source_id="51" start_line="46" end_line="62" start_column="13" end_column="20" covered="no" />
            <range source_id="51" start_line="64" end_line="77" start_column="13" end_column="20" covered="no" />
            <range source_id="51" start_line="79" end_line="87" start_column="13" end_column="20" covered="no" />
            <range source_id="51" start_line="89" end_line="97" start_column="13" end_column="20" covered="no" />
            <range source_id="51" start_line="99" end_line="104" start_column="13" end_column="69" covered="no" />
            <range source_id="51" start_line="106" end_line="111" start_column="13" end_column="69" covered="no" />
            <range source_id="51" start_line="113" end_line="118" start_column="13" end_column="69" covered="no" />
            <range source_id="51" start_line="120" end_line="123" start_column="13" end_column="36" covered="no" />
            <range source_id="51" start_line="125" end_line="128" start_column="13" end_column="41" covered="no" />
            <range source_id="51" start_line="130" end_line="133" start_column="13" end_column="40" covered="no" />
            <range source_id="51" start_line="135" end_line="141" start_column="13" end_column="54" covered="no" />
            <range source_id="51" start_line="143" end_line="149" start_column="13" end_column="54" covered="no" />
            <range source_id="51" start_line="151" end_line="157" start_column="13" end_column="54" covered="no" />
            <range source_id="51" start_line="158" end_line="158" start_column="9" end_column="10" covered="no" />
          </ranges>
        </function>
        <function id="72600" token="0x60002a4" name="Down(Microsoft.EntityFrameworkCore.Migrations.MigrationBuilder)" namespace="AzAgroPOS.Verilenler.Migrations" type_name="MehsulYeniSahelerEklendi" block_coverage="0.00" line_coverage="0.00" blocks_covered="0" blocks_not_covered="14" lines_covered="0" lines_partially_covered="0" lines_not_covered="39">
          <ranges>
            <range source_id="51" start_line="162" end_line="162" start_column="9" end_column="10" covered="no" />
            <range source_id="51" start_line="163" end_line="165" start_column="13" end_column="37" covered="no" />
            <range source_id="51" start_line="167" end_line="169" start_column="13" end_column="37" covered="no" />
            <range source_id="51" start_line="171" end_line="173" start_column="13" end_column="37" covered="no" />
            <range source_id="51" start_line="175" end_line="176" start_column="13" end_column="35" covered="no" />
            <range source_id="51" start_line="178" end_line="179" start_column="13" end_column="40" covered="no" />
            <range source_id="51" start_line="181" end_line="183" start_column="13" end_column="37" covered="no" />
            <range source_id="51" start_line="185" end_line="187" start_column="13" end_column="37" covered="no" />
            <range source_id="51" start_line="189" end_line="191" start_column="13" end_column="37" covered="no" />
            <range source_id="51" start_line="193" end_line="195" start_column="13" end_column="37" covered="no" />
            <range source_id="51" start_line="197" end_line="199" start_column="13" end_column="37" covered="no" />
            <range source_id="51" start_line="201" end_line="203" start_column="13" end_column="37" covered="no" />
            <range source_id="51" start_line="205" end_line="207" start_column="13" end_column="37" covered="no" />
            <range source_id="51" start_line="209" end_line="211" start_column="13" end_column="37" covered="no" />
            <range source_id="51" start_line="212" end_line="212" start_column="9" end_column="10" covered="no" />
          </ranges>
        </function>
        <function id="72840" token="0x60002a5" name="BuildTargetModel(Microsoft.EntityFrameworkCore.ModelBuilder)" namespace="AzAgroPOS.Verilenler.Migrations" type_name="MehsulYeniSahelerEklendi" block_coverage="0.00" line_coverage="0.00" blocks_covered="0" blocks_not_covered="184" lines_covered="0" lines_partially_covered="0" lines_not_covered="1205">
          <ranges>
            <range source_id="52" start_line="20" end_line="20" start_column="9" end_column="10" covered="no" />
            <range source_id="52" start_line="22" end_line="24" start_column="13" end_column="71" covered="no" />
            <range source_id="52" start_line="26" end_line="26" start_column="13" end_column="78" covered="no" />
            <range source_id="52" start_line="28" end_line="63" start_column="13" end_column="20" covered="no" />
            <range source_id="52" start_line="65" end_line="100" start_column="13" end_column="20" covered="no" />
            <range source_id="52" start_line="102" end_line="143" start_column="13" end_column="20" covered="no" />
            <range source_id="52" start_line="145" end_line="178" start_column="13" end_column="20" covered="no" />
            <range source_id="52" start_line="180" end_line="239" start_column="13" end_column="20" covered="no" />
            <range source_id="52" start_line="241" end_line="341" start_column="13" end_column="20" covered="no" />
            <range source_id="52" start_line="343" end_line="390" start_column="13" end_column="20" covered="no" />
            <range source_id="52" start_line="392" end_line="430" start_column="13" end_column="20" covered="no" />
            <range source_id="52" start_line="432" end_line="470" start_column="13" end_column="20" covered="no" />
            <range source_id="52" start_line="472" end_line="516" start_column="13" end_column="20" covered="no" />
            <range source_id="52" start_line="518" end_line="628" start_column="13" end_column="20" covered="no" />
            <range source_id="52" start_line="630" end_line="658" start_column="13" end_column="20" covered="no" />
            <range source_id="52" start_line="660" end_line="693" start_column="13" end_column="20" covered="no" />
            <range source_id="52" start_line="695" end_line="729" start_column="13" end_column="20" covered="no" />
            <range source_id="52" start_line="731" end_line="758" start_column="13" end_column="20" covered="no" />
            <range source_id="52" start_line="760" end_line="790" start_column="13" end_column="20" covered="no" />
            <range source_id="52" start_line="792" end_line="822" start_column="13" end_column="20" covered="no" />
            <range source_id="52" start_line="824" end_line="881" start_column="13" end_column="20" covered="no" />
            <range source_id="52" start_line="883" end_line="929" start_column="13" end_column="20" covered="no" />
            <range source_id="52" start_line="931" end_line="978" start_column="13" end_column="20" covered="no" />
            <range source_id="52" start_line="980" end_line="989" start_column="13" end_column="20" covered="no" />
            <range source_id="52" start_line="991" end_line="1015" start_column="13" end_column="20" covered="no" />
            <range source_id="52" start_line="1017" end_line="1026" start_column="13" end_column="20" covered="no" />
            <range source_id="52" start_line="1028" end_line="1045" start_column="13" end_column="20" covered="no" />
            <range source_id="52" start_line="1047" end_line="1054" start_column="13" end_column="20" covered="no" />
            <range source_id="52" start_line="1056" end_line="1072" start_column="13" end_column="20" covered="no" />
            <range source_id="52" start_line="1074" end_line="1083" start_column="13" end_column="20" covered="no" />
            <range source_id="52" start_line="1085" end_line="1094" start_column="13" end_column="20" covered="no" />
            <range source_id="52" start_line="1096" end_line="1118" start_column="13" end_column="20" covered="no" />
            <range source_id="52" start_line="1120" end_line="1135" start_column="13" end_column="20" covered="no" />
            <range source_id="52" start_line="1137" end_line="1146" start_column="13" end_column="20" covered="no" />
            <range source_id="52" start_line="1148" end_line="1163" start_column="13" end_column="20" covered="no" />
            <range source_id="52" start_line="1165" end_line="1182" start_column="13" end_column="20" covered="no" />
            <range source_id="52" start_line="1184" end_line="1200" start_column="13" end_column="20" covered="no" />
            <range source_id="52" start_line="1202" end_line="1210" start_column="13" end_column="20" covered="no" />
            <range source_id="52" start_line="1212" end_line="1217" start_column="13" end_column="20" covered="no" />
            <range source_id="52" start_line="1219" end_line="1222" start_column="13" end_column="20" covered="no" />
            <range source_id="52" start_line="1224" end_line="1227" start_column="13" end_column="20" covered="no" />
            <range source_id="52" start_line="1229" end_line="1234" start_column="13" end_column="20" covered="no" />
            <range source_id="52" start_line="1236" end_line="1241" start_column="13" end_column="20" covered="no" />
            <range source_id="52" start_line="1243" end_line="1246" start_column="13" end_column="20" covered="no" />
            <range source_id="52" start_line="1248" end_line="1251" start_column="13" end_column="20" covered="no" />
            <range source_id="52" start_line="1253" end_line="1256" start_column="13" end_column="20" covered="no" />
            <range source_id="52" start_line="1258" end_line="1261" start_column="13" end_column="20" covered="no" />
            <range source_id="52" start_line="1263" end_line="1270" start_column="13" end_column="20" covered="no" />
            <range source_id="52" start_line="1272" end_line="1272" start_column="9" end_column="10" covered="no" />
          </ranges>
        </function>
        <function id="74848" token="0x60002a7" name="Up(Microsoft.EntityFrameworkCore.Migrations.MigrationBuilder)" namespace="AzAgroPOS.Verilenler.Migrations" type_name="AddEmeliyyatJurnaliTable" block_coverage="0.00" line_coverage="0.00" blocks_covered="0" blocks_not_covered="49" lines_covered="0" lines_partially_covered="0" lines_not_covered="231">
          <ranges>
            <range source_id="53" start_line="12" end_line="12" start_column="9" end_column="10" covered="no" />
            <range source_id="53" start_line="13" end_line="18" start_column="13" end_column="35" covered="no" />
            <range source_id="53" start_line="20" end_line="25" start_column="13" end_column="35" covered="no" />
            <range source_id="53" start_line="27" end_line="32" start_column="13" end_column="38" covered="no" />
            <range source_id="53" start_line="34" end_line="38" start_column="13" end_column="33" covered="no" />
            <range source_id="53" start_line="40" end_line="45" start_column="13" end_column="38" covered="no" />
            <range source_id="53" start_line="47" end_line="52" start_column="13" end_column="38" covered="no" />
            <range source_id="53" start_line="54" end_line="59" start_column="13" end_column="38" covered="no" />
            <range source_id="53" start_line="61" end_line="66" start_column="13" end_column="38" covered="no" />
            <range source_id="53" start_line="68" end_line="73" start_column="13" end_column="38" covered="no" />
            <range source_id="53" start_line="75" end_line="80" start_column="13" end_column="38" covered="no" />
            <range source_id="53" start_line="82" end_line="87" start_column="13" end_column="38" covered="no" />
            <range source_id="53" start_line="89" end_line="94" start_column="13" end_column="38" covered="no" />
            <range source_id="53" start_line="96" end_line="101" start_column="13" end_column="38" covered="no" />
            <range source_id="53" start_line="103" end_line="108" start_column="13" end_column="38" covered="no" />
            <range source_id="53" start_line="110" end_line="115" start_column="13" end_column="38" covered="no" />
            <range source_id="53" start_line="117" end_line="122" start_column="13" end_column="38" covered="no" />
            <range source_id="53" start_line="124" end_line="129" start_column="13" end_column="38" covered="no" />
            <range source_id="53" start_line="131" end_line="136" start_column="13" end_column="38" covered="no" />
            <range source_id="53" start_line="138" end_line="143" start_column="13" end_column="38" covered="no" />
            <range source_id="53" start_line="145" end_line="150" start_column="13" end_column="38" covered="no" />
            <range source_id="53" start_line="152" end_line="157" start_column="13" end_column="38" covered="no" />
            <range source_id="53" start_line="159" end_line="164" start_column="13" end_column="38" covered="no" />
            <range source_id="53" start_line="166" end_line="171" start_column="13" end_column="38" covered="no" />
            <range source_id="53" start_line="173" end_line="190" start_column="13" end_column="20" covered="no" />
            <range source_id="53" start_line="192" end_line="220" start_column="13" end_column="20" covered="no" />
            <range source_id="53" start_line="222" end_line="250" start_column="13" end_column="20" covered="no" />
            <range source_id="53" start_line="255" end_line="258" start_column="13" end_column="39" covered="no" />
            <range source_id="53" start_line="260" end_line="263" start_column="13" end_column="37" covered="no" />
            <range source_id="53" start_line="265" end_line="268" start_column="13" end_column="37" covered="no" />
            <range source_id="53" start_line="270" end_line="273" start_column="13" end_column="36" covered="no" />
            <range source_id="53" start_line="274" end_line="274" start_column="9" end_column="10" covered="no" />
          </ranges>
        </function>
        <function id="77240" token="0x60002a8" name="Down(Microsoft.EntityFrameworkCore.Migrations.MigrationBuilder)" namespace="AzAgroPOS.Verilenler.Migrations" type_name="AddEmeliyyatJurnaliTable" block_coverage="0.00" line_coverage="0.00" blocks_covered="0" blocks_not_covered="27" lines_covered="0" lines_partially_covered="0" lines_not_covered="77">
          <ranges>
            <range source_id="53" start_line="278" end_line="278" start_column="9" end_column="10" covered="no" />
            <range source_id="53" start_line="279" end_line="280" start_column="13" end_column="46" covered="no" />
            <range source_id="53" start_line="282" end_line="283" start_column="13" end_column="44" covered="no" />
            <range source_id="53" start_line="285" end_line="286" start_column="13" end_column="38" covered="no" />
            <range source_id="53" start_line="288" end_line="290" start_column="13" end_column="44" covered="no" />
            <range source_id="53" start_line="292" end_line="294" start_column="13" end_column="44" covered="no" />
            <range source_id="53" start_line="296" end_line="298" start_column="13" end_column="44" covered="no" />
            <range source_id="53" start_line="300" end_line="302" start_column="13" end_column="44" covered="no" />
            <range source_id="53" start_line="304" end_line="306" start_column="13" end_column="46" covered="no" />
            <range source_id="53" start_line="308" end_line="310" start_column="13" end_column="40" covered="no" />
            <range source_id="53" start_line="312" end_line="314" start_column="13" end_column="36" covered="no" />
            <range source_id="53" start_line="316" end_line="318" start_column="13" end_column="42" covered="no" />
            <range source_id="53" start_line="320" end_line="322" start_column="13" end_column="34" covered="no" />
            <range source_id="53" start_line="324" end_line="326" start_column="13" end_column="36" covered="no" />
            <range source_id="53" start_line="328" end_line="330" start_column="13" end_column="44" covered="no" />
            <range source_id="53" start_line="332" end_line="334" start_column="13" end_column="38" covered="no" />
            <range source_id="53" start_line="336" end_line="338" start_column="13" end_column="37" covered="no" />
            <range source_id="53" start_line="340" end_line="342" start_column="13" end_column="41" covered="no" />
            <range source_id="53" start_line="344" end_line="346" start_column="13" end_column="41" covered="no" />
            <range source_id="53" start_line="348" end_line="350" start_column="13" end_column="46" covered="no" />
            <range source_id="53" start_line="352" end_line="354" start_column="13" end_column="35" covered="no" />
            <range source_id="53" start_line="356" end_line="358" start_column="13" end_column="39" covered="no" />
            <range source_id="53" start_line="360" end_line="362" start_column="13" end_column="36" covered="no" />
            <range source_id="53" start_line="364" end_line="366" start_column="13" end_column="48" covered="no" />
            <range source_id="53" start_line="368" end_line="370" start_column="13" end_column="43" covered="no" />
            <range source_id="53" start_line="372" end_line="374" start_column="13" end_column="41" covered="no" />
            <range source_id="53" start_line="376" end_line="378" start_column="13" end_column="46" covered="no" />
            <range source_id="53" start_line="379" end_line="379" start_column="9" end_column="10" covered="no" />
          </ranges>
        </function>
        <function id="77708" token="0x60002a9" name="BuildTargetModel(Microsoft.EntityFrameworkCore.ModelBuilder)" namespace="AzAgroPOS.Verilenler.Migrations" type_name="AddEmeliyyatJurnaliTable" block_coverage="0.00" line_coverage="0.00" blocks_covered="0" blocks_not_covered="208" lines_covered="0" lines_partially_covered="0" lines_not_covered="1483">
          <ranges>
            <range source_id="54" start_line="20" end_line="20" start_column="9" end_column="10" covered="no" />
            <range source_id="54" start_line="22" end_line="24" start_column="13" end_column="71" covered="no" />
            <range source_id="54" start_line="26" end_line="26" start_column="13" end_column="78" covered="no" />
            <range source_id="54" start_line="28" end_line="68" start_column="13" end_column="20" covered="no" />
            <range source_id="54" start_line="70" end_line="110" start_column="13" end_column="20" covered="no" />
            <range source_id="54" start_line="112" end_line="158" start_column="13" end_column="20" covered="no" />
            <range source_id="54" start_line="160" end_line="198" start_column="13" end_column="20" covered="no" />
            <range source_id="54" start_line="200" end_line="267" start_column="13" end_column="20" covered="no" />
            <range source_id="54" start_line="269" end_line="305" start_column="13" end_column="20" covered="no" />
            <range source_id="54" start_line="307" end_line="414" start_column="13" end_column="20" covered="no" />
            <range source_id="54" start_line="416" end_line="468" start_column="13" end_column="20" covered="no" />
            <range source_id="54" start_line="470" end_line="513" start_column="13" end_column="20" covered="no" />
            <range source_id="54" start_line="515" end_line="559" start_column="13" end_column="20" covered="no" />
            <range source_id="54" start_line="561" end_line="613" start_column="13" end_column="20" covered="no" />
            <range source_id="54" start_line="615" end_line="733" start_column="13" end_column="20" covered="no" />
            <range source_id="54" start_line="735" end_line="768" start_column="13" end_column="20" covered="no" />
            <range source_id="54" start_line="770" end_line="808" start_column="13" end_column="20" covered="no" />
            <range source_id="54" start_line="810" end_line="849" start_column="13" end_column="20" covered="no" />
            <range source_id="54" start_line="851" end_line="887" start_column="13" end_column="20" covered="no" />
            <range source_id="54" start_line="889" end_line="924" start_column="13" end_column="20" covered="no" />
            <range source_id="54" start_line="926" end_line="960" start_column="13" end_column="20" covered="no" />
            <range source_id="54" start_line="962" end_line="997" start_column="13" end_column="20" covered="no" />
            <range source_id="54" start_line="999" end_line="1034" start_column="13" end_column="20" covered="no" />
            <range source_id="54" start_line="1036" end_line="1100" start_column="13" end_column="20" covered="no" />
            <range source_id="54" start_line="1102" end_line="1153" start_column="13" end_column="20" covered="no" />
            <range source_id="54" start_line="1155" end_line="1217" start_column="13" end_column="20" covered="no" />
            <range source_id="54" start_line="1219" end_line="1228" start_column="13" end_column="20" covered="no" />
            <range source_id="54" start_line="1230" end_line="1254" start_column="13" end_column="20" covered="no" />
            <range source_id="54" start_line="1256" end_line="1265" start_column="13" end_column="20" covered="no" />
            <range source_id="54" start_line="1267" end_line="1284" start_column="13" end_column="20" covered="no" />
            <range source_id="54" start_line="1286" end_line="1293" start_column="13" end_column="20" covered="no" />
            <range source_id="54" start_line="1295" end_line="1311" start_column="13" end_column="20" covered="no" />
            <range source_id="54" start_line="1313" end_line="1322" start_column="13" end_column="20" covered="no" />
            <range source_id="54" start_line="1324" end_line="1333" start_column="13" end_column="20" covered="no" />
            <range source_id="54" start_line="1335" end_line="1357" start_column="13" end_column="20" covered="no" />
            <range source_id="54" start_line="1359" end_line="1374" start_column="13" end_column="20" covered="no" />
            <range source_id="54" start_line="1376" end_line="1385" start_column="13" end_column="20" covered="no" />
            <range source_id="54" start_line="1387" end_line="1404" start_column="13" end_column="20" covered="no" />
            <range source_id="54" start_line="1406" end_line="1423" start_column="13" end_column="20" covered="no" />
            <range source_id="54" start_line="1425" end_line="1440" start_column="13" end_column="20" covered="no" />
            <range source_id="54" start_line="1442" end_line="1459" start_column="13" end_column="20" covered="no" />
            <range source_id="54" start_line="1461" end_line="1477" start_column="13" end_column="20" covered="no" />
            <range source_id="54" start_line="1479" end_line="1487" start_column="13" end_column="20" covered="no" />
            <range source_id="54" start_line="1489" end_line="1494" start_column="13" end_column="20" covered="no" />
            <range source_id="54" start_line="1496" end_line="1499" start_column="13" end_column="20" covered="no" />
            <range source_id="54" start_line="1501" end_line="1504" start_column="13" end_column="20" covered="no" />
            <range source_id="54" start_line="1506" end_line="1511" start_column="13" end_column="20" covered="no" />
            <range source_id="54" start_line="1513" end_line="1518" start_column="13" end_column="20" covered="no" />
            <range source_id="54" start_line="1520" end_line="1523" start_column="13" end_column="20" covered="no" />
            <range source_id="54" start_line="1525" end_line="1528" start_column="13" end_column="20" covered="no" />
            <range source_id="54" start_line="1530" end_line="1533" start_column="13" end_column="20" covered="no" />
            <range source_id="54" start_line="1535" end_line="1538" start_column="13" end_column="20" covered="no" />
            <range source_id="54" start_line="1540" end_line="1545" start_column="13" end_column="20" covered="no" />
            <range source_id="54" start_line="1547" end_line="1554" start_column="13" end_column="20" covered="no" />
            <range source_id="54" start_line="1556" end_line="1556" start_column="9" end_column="10" covered="no" />
          </ranges>
        </function>
        <function id="79972" token="0x60002ab" name="Up(Microsoft.EntityFrameworkCore.Migrations.MigrationBuilder)" namespace="AzAgroPOS.Verilenler.Migrations" type_name="AddKonfiqurasiyaTable" block_coverage="0.00" line_coverage="0.00" blocks_covered="0" blocks_not_covered="8" lines_covered="0" lines_partially_covered="0" lines_not_covered="18">
          <ranges>
            <range source_id="55" start_line="12" end_line="12" start_column="9" end_column="10" covered="no" />
            <range source_id="55" start_line="13" end_line="28" start_column="13" end_column="20" covered="no" />
            <range source_id="55" start_line="29" end_line="29" start_column="9" end_column="10" covered="no" />
          </ranges>
        </function>
        <function id="80062" token="0x60002ac" name="Down(Microsoft.EntityFrameworkCore.Migrations.MigrationBuilder)" namespace="AzAgroPOS.Verilenler.Migrations" type_name="AddKonfiqurasiyaTable" block_coverage="0.00" line_coverage="0.00" blocks_covered="0" blocks_not_covered="2" lines_covered="0" lines_partially_covered="0" lines_not_covered="4">
          <ranges>
            <range source_id="55" start_line="33" end_line="33" start_column="9" end_column="10" covered="no" />
            <range source_id="55" start_line="34" end_line="35" start_column="13" end_column="43" covered="no" />
            <range source_id="55" start_line="36" end_line="36" start_column="9" end_column="10" covered="no" />
          </ranges>
        </function>
        <function id="80080" token="0x60002ad" name="BuildTargetModel(Microsoft.EntityFrameworkCore.ModelBuilder)" namespace="AzAgroPOS.Verilenler.Migrations" type_name="AddKonfiqurasiyaTable" block_coverage="0.00" line_coverage="0.00" blocks_covered="0" blocks_not_covered="212" lines_covered="0" lines_partially_covered="0" lines_not_covered="1516">
          <ranges>
            <range source_id="56" start_line="20" end_line="20" start_column="9" end_column="10" covered="no" />
            <range source_id="56" start_line="22" end_line="24" start_column="13" end_column="71" covered="no" />
            <range source_id="56" start_line="26" end_line="26" start_column="13" end_column="78" covered="no" />
            <range source_id="56" start_line="28" end_line="68" start_column="13" end_column="20" covered="no" />
            <range source_id="56" start_line="70" end_line="110" start_column="13" end_column="20" covered="no" />
            <range source_id="56" start_line="112" end_line="158" start_column="13" end_column="20" covered="no" />
            <range source_id="56" start_line="160" end_line="198" start_column="13" end_column="20" covered="no" />
            <range source_id="56" start_line="200" end_line="267" start_column="13" end_column="20" covered="no" />
            <range source_id="56" start_line="269" end_line="305" start_column="13" end_column="20" covered="no" />
            <range source_id="56" start_line="307" end_line="414" start_column="13" end_column="20" covered="no" />
            <range source_id="56" start_line="416" end_line="468" start_column="13" end_column="20" covered="no" />
            <range source_id="56" start_line="470" end_line="513" start_column="13" end_column="20" covered="no" />
            <range source_id="56" start_line="515" end_line="559" start_column="13" end_column="20" covered="no" />
            <range source_id="56" start_line="561" end_line="613" start_column="13" end_column="20" covered="no" />
            <range source_id="56" start_line="615" end_line="647" start_column="13" end_column="20" covered="no" />
            <range source_id="56" start_line="649" end_line="767" start_column="13" end_column="20" covered="no" />
            <range source_id="56" start_line="769" end_line="802" start_column="13" end_column="20" covered="no" />
            <range source_id="56" start_line="804" end_line="842" start_column="13" end_column="20" covered="no" />
            <range source_id="56" start_line="844" end_line="883" start_column="13" end_column="20" covered="no" />
            <range source_id="56" start_line="885" end_line="921" start_column="13" end_column="20" covered="no" />
            <range source_id="56" start_line="923" end_line="958" start_column="13" end_column="20" covered="no" />
            <range source_id="56" start_line="960" end_line="994" start_column="13" end_column="20" covered="no" />
            <range source_id="56" start_line="996" end_line="1031" start_column="13" end_column="20" covered="no" />
            <range source_id="56" start_line="1033" end_line="1068" start_column="13" end_column="20" covered="no" />
            <range source_id="56" start_line="1070" end_line="1134" start_column="13" end_column="20" covered="no" />
            <range source_id="56" start_line="1136" end_line="1187" start_column="13" end_column="20" covered="no" />
            <range source_id="56" start_line="1189" end_line="1251" start_column="13" end_column="20" covered="no" />
            <range source_id="56" start_line="1253" end_line="1262" start_column="13" end_column="20" covered="no" />
            <range source_id="56" start_line="1264" end_line="1288" start_column="13" end_column="20" covered="no" />
            <range source_id="56" start_line="1290" end_line="1299" start_column="13" end_column="20" covered="no" />
            <range source_id="56" start_line="1301" end_line="1318" start_column="13" end_column="20" covered="no" />
            <range source_id="56" start_line="1320" end_line="1327" start_column="13" end_column="20" covered="no" />
            <range source_id="56" start_line="1329" end_line="1345" start_column="13" end_column="20" covered="no" />
            <range source_id="56" start_line="1347" end_line="1356" start_column="13" end_column="20" covered="no" />
            <range source_id="56" start_line="1358" end_line="1367" start_column="13" end_column="20" covered="no" />
            <range source_id="56" start_line="1369" end_line="1391" start_column="13" end_column="20" covered="no" />
            <range source_id="56" start_line="1393" end_line="1408" start_column="13" end_column="20" covered="no" />
            <range source_id="56" start_line="1410" end_line="1419" start_column="13" end_column="20" covered="no" />
            <range source_id="56" start_line="1421" end_line="1438" start_column="13" end_column="20" covered="no" />
            <range source_id="56" start_line="1440" end_line="1457" start_column="13" end_column="20" covered="no" />
            <range source_id="56" start_line="1459" end_line="1474" start_column="13" end_column="20" covered="no" />
            <range source_id="56" start_line="1476" end_line="1493" start_column="13" end_column="20" covered="no" />
            <range source_id="56" start_line="1495" end_line="1511" start_column="13" end_column="20" covered="no" />
            <range source_id="56" start_line="1513" end_line="1521" start_column="13" end_column="20" covered="no" />
            <range source_id="56" start_line="1523" end_line="1528" start_column="13" end_column="20" covered="no" />
            <range source_id="56" start_line="1530" end_line="1533" start_column="13" end_column="20" covered="no" />
            <range source_id="56" start_line="1535" end_line="1538" start_column="13" end_column="20" covered="no" />
            <range source_id="56" start_line="1540" end_line="1545" start_column="13" end_column="20" covered="no" />
            <range source_id="56" start_line="1547" end_line="1552" start_column="13" end_column="20" covered="no" />
            <range source_id="56" start_line="1554" end_line="1557" start_column="13" end_column="20" covered="no" />
            <range source_id="56" start_line="1559" end_line="1562" start_column="13" end_column="20" covered="no" />
            <range source_id="56" start_line="1564" end_line="1567" start_column="13" end_column="20" covered="no" />
            <range source_id="56" start_line="1569" end_line="1572" start_column="13" end_column="20" covered="no" />
            <range source_id="56" start_line="1574" end_line="1579" start_column="13" end_column="20" covered="no" />
            <range source_id="56" start_line="1581" end_line="1588" start_column="13" end_column="20" covered="no" />
            <range source_id="56" start_line="1590" end_line="1590" start_column="9" end_column="10" covered="no" />
          </ranges>
        </function>
        <function id="82388" token="0x60002af" name="Up(Microsoft.EntityFrameworkCore.Migrations.MigrationBuilder)" namespace="AzAgroPOS.Verilenler.Migrations" type_name="AddPermissionsSystem" block_coverage="0.00" line_coverage="0.00" blocks_covered="0" blocks_not_covered="17" lines_covered="0" lines_partially_covered="0" lines_not_covered="50">
          <ranges>
            <range source_id="57" start_line="12" end_line="12" start_column="9" end_column="10" covered="no" />
            <range source_id="57" start_line="13" end_line="26" start_column="13" end_column="20" covered="no" />
            <range source_id="57" start_line="28" end_line="53" start_column="13" end_column="20" covered="no" />
            <range source_id="57" start_line="55" end_line="58" start_column="13" end_column="36" covered="no" />
            <range source_id="57" start_line="60" end_line="63" start_column="13" end_column="34" covered="no" />
            <range source_id="57" start_line="64" end_line="64" start_column="9" end_column="10" covered="no" />
          </ranges>
        </function>
        <function id="82606" token="0x60002b0" name="Down(Microsoft.EntityFrameworkCore.Migrations.MigrationBuilder)" namespace="AzAgroPOS.Verilenler.Migrations" type_name="AddPermissionsSystem" block_coverage="0.00" line_coverage="0.00" blocks_covered="0" blocks_not_covered="3" lines_covered="0" lines_partially_covered="0" lines_not_covered="6">
          <ranges>
            <range source_id="57" start_line="68" end_line="68" start_column="9" end_column="10" covered="no" />
            <range source_id="57" start_line="69" end_line="70" start_column="13" end_column="39" covered="no" />
            <range source_id="57" start_line="72" end_line="73" start_column="13" end_column="35" covered="no" />
            <range source_id="57" start_line="74" end_line="74" start_column="9" end_column="10" covered="no" />
          </ranges>
        </function>
        <function id="82636" token="0x60002b1" name="BuildTargetModel(Microsoft.EntityFrameworkCore.ModelBuilder)" namespace="AzAgroPOS.Verilenler.Migrations" type_name="AddPermissionsSystem" block_coverage="0.00" line_coverage="0.00" blocks_covered="0" blocks_not_covered="228" lines_covered="0" lines_partially_covered="0" lines_not_covered="1592">
          <ranges>
            <range source_id="58" start_line="20" end_line="20" start_column="9" end_column="10" covered="no" />
            <range source_id="58" start_line="22" end_line="24" start_column="13" end_column="71" covered="no" />
            <range source_id="58" start_line="26" end_line="26" start_column="13" end_column="78" covered="no" />
            <range source_id="58" start_line="28" end_line="68" start_column="13" end_column="20" covered="no" />
            <range source_id="58" start_line="70" end_line="110" start_column="13" end_column="20" covered="no" />
            <range source_id="58" start_line="112" end_line="158" start_column="13" end_column="20" covered="no" />
            <range source_id="58" start_line="160" end_line="198" start_column="13" end_column="20" covered="no" />
            <range source_id="58" start_line="200" end_line="267" start_column="13" end_column="20" covered="no" />
            <range source_id="58" start_line="269" end_line="305" start_column="13" end_column="20" covered="no" />
            <range source_id="58" start_line="307" end_line="331" start_column="13" end_column="20" covered="no" />
            <range source_id="58" start_line="333" end_line="440" start_column="13" end_column="20" covered="no" />
            <range source_id="58" start_line="442" end_line="494" start_column="13" end_column="20" covered="no" />
            <range source_id="58" start_line="496" end_line="539" start_column="13" end_column="20" covered="no" />
            <range source_id="58" start_line="541" end_line="585" start_column="13" end_column="20" covered="no" />
            <range source_id="58" start_line="587" end_line="639" start_column="13" end_column="20" covered="no" />
            <range source_id="58" start_line="641" end_line="673" start_column="13" end_column="20" covered="no" />
            <range source_id="58" start_line="675" end_line="793" start_column="13" end_column="20" covered="no" />
            <range source_id="58" start_line="795" end_line="828" start_column="13" end_column="20" covered="no" />
            <range source_id="58" start_line="830" end_line="868" start_column="13" end_column="20" covered="no" />
            <range source_id="58" start_line="870" end_line="909" start_column="13" end_column="20" covered="no" />
            <range source_id="58" start_line="911" end_line="947" start_column="13" end_column="20" covered="no" />
            <range source_id="58" start_line="949" end_line="984" start_column="13" end_column="20" covered="no" />
            <range source_id="58" start_line="986" end_line="1020" start_column="13" end_column="20" covered="no" />
            <range source_id="58" start_line="1022" end_line="1048" start_column="13" end_column="20" covered="no" />
            <range source_id="58" start_line="1050" end_line="1085" start_column="13" end_column="20" covered="no" />
            <range source_id="58" start_line="1087" end_line="1122" start_column="13" end_column="20" covered="no" />
            <range source_id="58" start_line="1124" end_line="1188" start_column="13" end_column="20" covered="no" />
            <range source_id="58" start_line="1190" end_line="1241" start_column="13" end_column="20" covered="no" />
            <range source_id="58" start_line="1243" end_line="1305" start_column="13" end_column="20" covered="no" />
            <range source_id="58" start_line="1307" end_line="1316" start_column="13" end_column="20" covered="no" />
            <range source_id="58" start_line="1318" end_line="1342" start_column="13" end_column="20" covered="no" />
            <range source_id="58" start_line="1344" end_line="1353" start_column="13" end_column="20" covered="no" />
            <range source_id="58" start_line="1355" end_line="1372" start_column="13" end_column="20" covered="no" />
            <range source_id="58" start_line="1374" end_line="1381" start_column="13" end_column="20" covered="no" />
            <range source_id="58" start_line="1383" end_line="1399" start_column="13" end_column="20" covered="no" />
            <range source_id="58" start_line="1401" end_line="1410" start_column="13" end_column="20" covered="no" />
            <range source_id="58" start_line="1412" end_line="1421" start_column="13" end_column="20" covered="no" />
            <range source_id="58" start_line="1423" end_line="1445" start_column="13" end_column="20" covered="no" />
            <range source_id="58" start_line="1447" end_line="1462" start_column="13" end_column="20" covered="no" />
            <range source_id="58" start_line="1464" end_line="1473" start_column="13" end_column="20" covered="no" />
            <range source_id="58" start_line="1475" end_line="1492" start_column="13" end_column="20" covered="no" />
            <range source_id="58" start_line="1494" end_line="1511" start_column="13" end_column="20" covered="no" />
            <range source_id="58" start_line="1513" end_line="1530" start_column="13" end_column="20" covered="no" />
            <range source_id="58" start_line="1532" end_line="1547" start_column="13" end_column="20" covered="no" />
            <range source_id="58" start_line="1549" end_line="1566" start_column="13" end_column="20" covered="no" />
            <range source_id="58" start_line="1568" end_line="1584" start_column="13" end_column="20" covered="no" />
            <range source_id="58" start_line="1586" end_line="1594" start_column="13" end_column="20" covered="no" />
            <range source_id="58" start_line="1596" end_line="1601" start_column="13" end_column="20" covered="no" />
            <range source_id="58" start_line="1603" end_line="1606" start_column="13" end_column="20" covered="no" />
            <range source_id="58" start_line="1608" end_line="1611" start_column="13" end_column="20" covered="no" />
            <range source_id="58" start_line="1613" end_line="1616" start_column="13" end_column="20" covered="no" />
            <range source_id="58" start_line="1618" end_line="1623" start_column="13" end_column="20" covered="no" />
            <range source_id="58" start_line="1625" end_line="1630" start_column="13" end_column="20" covered="no" />
            <range source_id="58" start_line="1632" end_line="1635" start_column="13" end_column="20" covered="no" />
            <range source_id="58" start_line="1637" end_line="1640" start_column="13" end_column="20" covered="no" />
            <range source_id="58" start_line="1642" end_line="1645" start_column="13" end_column="20" covered="no" />
            <range source_id="58" start_line="1647" end_line="1652" start_column="13" end_column="20" covered="no" />
            <range source_id="58" start_line="1654" end_line="1659" start_column="13" end_column="20" covered="no" />
            <range source_id="58" start_line="1661" end_line="1668" start_column="13" end_column="20" covered="no" />
            <range source_id="58" start_line="1670" end_line="1670" start_column="9" end_column="10" covered="no" />
          </ranges>
        </function>
        <function id="85116" token="0x60002b3" name="Up(Microsoft.EntityFrameworkCore.Migrations.MigrationBuilder)" namespace="AzAgroPOS.Verilenler.Migrations" type_name="AddDefaultPermissionsAndRolePermissions" block_coverage="0.00" line_coverage="0.00" blocks_covered="0" blocks_not_covered="35" lines_covered="0" lines_partially_covered="0" lines_not_covered="24">
          <ranges>
            <range source_id="59" start_line="14" end_line="14" start_column="9" end_column="10" covered="no" />
            <range source_id="59" start_line="15" end_line="25" start_column="13" end_column="20" covered="no" />
            <range source_id="59" start_line="27" end_line="37" start_column="13" end_column="20" covered="no" />
            <range source_id="59" start_line="38" end_line="38" start_column="9" end_column="10" covered="no" />
          </ranges>
        </function>
        <function id="85640" token="0x60002b4" name="Down(Microsoft.EntityFrameworkCore.Migrations.MigrationBuilder)" namespace="AzAgroPOS.Verilenler.Migrations" type_name="AddDefaultPermissionsAndRolePermissions" block_coverage="0.00" line_coverage="0.00" blocks_covered="0" blocks_not_covered="11" lines_covered="0" lines_partially_covered="0" lines_not_covered="42">
          <ranges>
            <range source_id="59" start_line="42" end_line="42" start_column="9" end_column="10" covered="no" />
            <range source_id="59" start_line="43" end_line="46" start_column="13" end_column="30" covered="no" />
            <range source_id="59" start_line="48" end_line="51" start_column="13" end_column="30" covered="no" />
            <range source_id="59" start_line="53" end_line="56" start_column="13" end_column="30" covered="no" />
            <range source_id="59" start_line="58" end_line="61" start_column="13" end_column="30" covered="no" />
            <range source_id="59" start_line="63" end_line="66" start_column="13" end_column="30" covered="no" />
            <range source_id="59" start_line="68" end_line="71" start_column="13" end_column="30" covered="no" />
            <range source_id="59" start_line="73" end_line="76" start_column="13" end_column="30" covered="no" />
            <range source_id="59" start_line="78" end_line="81" start_column="13" end_column="30" covered="no" />
            <range source_id="59" start_line="83" end_line="86" start_column="13" end_column="30" covered="no" />
            <range source_id="59" start_line="88" end_line="91" start_column="13" end_column="30" covered="no" />
            <range source_id="59" start_line="92" end_line="92" start_column="9" end_column="10" covered="no" />
          </ranges>
        </function>
        <function id="85896" token="0x60002b5" name="BuildTargetModel(Microsoft.EntityFrameworkCore.ModelBuilder)" namespace="AzAgroPOS.Verilenler.Migrations" type_name="AddDefaultPermissionsAndRolePermissions" block_coverage="0.00" line_coverage="0.00" blocks_covered="0" blocks_not_covered="228" lines_covered="0" lines_partially_covered="0" lines_not_covered="1666">
          <ranges>
            <range source_id="60" start_line="20" end_line="20" start_column="9" end_column="10" covered="no" />
            <range source_id="60" start_line="22" end_line="24" start_column="13" end_column="71" covered="no" />
            <range source_id="60" start_line="26" end_line="26" start_column="13" end_column="78" covered="no" />
            <range source_id="60" start_line="28" end_line="68" start_column="13" end_column="20" covered="no" />
            <range source_id="60" start_line="70" end_line="110" start_column="13" end_column="20" covered="no" />
            <range source_id="60" start_line="112" end_line="158" start_column="13" end_column="20" covered="no" />
            <range source_id="60" start_line="160" end_line="198" start_column="13" end_column="20" covered="no" />
            <range source_id="60" start_line="200" end_line="267" start_column="13" end_column="20" covered="no" />
            <range source_id="60" start_line="269" end_line="305" start_column="13" end_column="20" covered="no" />
            <range source_id="60" start_line="307" end_line="368" start_column="13" end_column="20" covered="no" />
            <range source_id="60" start_line="370" end_line="477" start_column="13" end_column="20" covered="no" />
            <range source_id="60" start_line="479" end_line="531" start_column="13" end_column="20" covered="no" />
            <range source_id="60" start_line="533" end_line="576" start_column="13" end_column="20" covered="no" />
            <range source_id="60" start_line="578" end_line="622" start_column="13" end_column="20" covered="no" />
            <range source_id="60" start_line="624" end_line="676" start_column="13" end_column="20" covered="no" />
            <range source_id="60" start_line="678" end_line="710" start_column="13" end_column="20" covered="no" />
            <range source_id="60" start_line="712" end_line="830" start_column="13" end_column="20" covered="no" />
            <range source_id="60" start_line="832" end_line="865" start_column="13" end_column="20" covered="no" />
            <range source_id="60" start_line="867" end_line="905" start_column="13" end_column="20" covered="no" />
            <range source_id="60" start_line="907" end_line="946" start_column="13" end_column="20" covered="no" />
            <range source_id="60" start_line="948" end_line="984" start_column="13" end_column="20" covered="no" />
            <range source_id="60" start_line="986" end_line="1021" start_column="13" end_column="20" covered="no" />
            <range source_id="60" start_line="1023" end_line="1057" start_column="13" end_column="20" covered="no" />
            <range source_id="60" start_line="1059" end_line="1122" start_column="13" end_column="20" covered="no" />
            <range source_id="60" start_line="1124" end_line="1159" start_column="13" end_column="20" covered="no" />
            <range source_id="60" start_line="1161" end_line="1196" start_column="13" end_column="20" covered="no" />
            <range source_id="60" start_line="1198" end_line="1262" start_column="13" end_column="20" covered="no" />
            <range source_id="60" start_line="1264" end_line="1315" start_column="13" end_column="20" covered="no" />
            <range source_id="60" start_line="1317" end_line="1379" start_column="13" end_column="20" covered="no" />
            <range source_id="60" start_line="1381" end_line="1390" start_column="13" end_column="20" covered="no" />
            <range source_id="60" start_line="1392" end_line="1416" start_column="13" end_column="20" covered="no" />
            <range source_id="60" start_line="1418" end_line="1427" start_column="13" end_column="20" covered="no" />
            <range source_id="60" start_line="1429" end_line="1446" start_column="13" end_column="20" covered="no" />
            <range source_id="60" start_line="1448" end_line="1455" start_column="13" end_column="20" covered="no" />
            <range source_id="60" start_line="1457" end_line="1473" start_column="13" end_column="20" covered="no" />
            <range source_id="60" start_line="1475" end_line="1484" start_column="13" end_column="20" covered="no" />
            <range source_id="60" start_line="1486" end_line="1495" start_column="13" end_column="20" covered="no" />
            <range source_id="60" start_line="1497" end_line="1519" start_column="13" end_column="20" covered="no" />
            <range source_id="60" start_line="1521" end_line="1536" start_column="13" end_column="20" covered="no" />
            <range source_id="60" start_line="1538" end_line="1547" start_column="13" end_column="20" covered="no" />
            <range source_id="60" start_line="1549" end_line="1566" start_column="13" end_column="20" covered="no" />
            <range source_id="60" start_line="1568" end_line="1585" start_column="13" end_column="20" covered="no" />
            <range source_id="60" start_line="1587" end_line="1604" start_column="13" end_column="20" covered="no" />
            <range source_id="60" start_line="1606" end_line="1621" start_column="13" end_column="20" covered="no" />
            <range source_id="60" start_line="1623" end_line="1640" start_column="13" end_column="20" covered="no" />
            <range source_id="60" start_line="1642" end_line="1658" start_column="13" end_column="20" covered="no" />
            <range source_id="60" start_line="1660" end_line="1668" start_column="13" end_column="20" covered="no" />
            <range source_id="60" start_line="1670" end_line="1675" start_column="13" end_column="20" covered="no" />
            <range source_id="60" start_line="1677" end_line="1680" start_column="13" end_column="20" covered="no" />
            <range source_id="60" start_line="1682" end_line="1685" start_column="13" end_column="20" covered="no" />
            <range source_id="60" start_line="1687" end_line="1690" start_column="13" end_column="20" covered="no" />
            <range source_id="60" start_line="1692" end_line="1697" start_column="13" end_column="20" covered="no" />
            <range source_id="60" start_line="1699" end_line="1704" start_column="13" end_column="20" covered="no" />
            <range source_id="60" start_line="1706" end_line="1709" start_column="13" end_column="20" covered="no" />
            <range source_id="60" start_line="1711" end_line="1714" start_column="13" end_column="20" covered="no" />
            <range source_id="60" start_line="1716" end_line="1719" start_column="13" end_column="20" covered="no" />
            <range source_id="60" start_line="1721" end_line="1726" start_column="13" end_column="20" covered="no" />
            <range source_id="60" start_line="1728" end_line="1733" start_column="13" end_column="20" covered="no" />
            <range source_id="60" start_line="1735" end_line="1742" start_column="13" end_column="20" covered="no" />
            <range source_id="60" start_line="1744" end_line="1744" start_column="9" end_column="10" covered="no" />
          </ranges>
        </function>
        <function id="88374" token="0x60002b7" name="Up(Microsoft.EntityFrameworkCore.Migrations.MigrationBuilder)" namespace="AzAgroPOS.Verilenler.Migrations" type_name="FixSchemaSync" block_coverage="0.00" line_coverage="0.00" blocks_covered="0" blocks_not_covered="1" lines_covered="0" lines_partially_covered="0" lines_not_covered="2">
          <ranges>
            <range source_id="61" start_line="12" end_line="12" start_column="9" end_column="10" covered="no" />
            <range source_id="61" start_line="14" end_line="14" start_column="9" end_column="10" covered="no" />
          </ranges>
        </function>
        <function id="88377" token="0x60002b8" name="Down(Microsoft.EntityFrameworkCore.Migrations.MigrationBuilder)" namespace="AzAgroPOS.Verilenler.Migrations" type_name="FixSchemaSync" block_coverage="0.00" line_coverage="0.00" blocks_covered="0" blocks_not_covered="1" lines_covered="0" lines_partially_covered="0" lines_not_covered="2">
          <ranges>
            <range source_id="61" start_line="18" end_line="18" start_column="9" end_column="10" covered="no" />
            <range source_id="61" start_line="20" end_line="20" start_column="9" end_column="10" covered="no" />
          </ranges>
        </function>
        <function id="88380" token="0x60002b9" name="BuildTargetModel(Microsoft.EntityFrameworkCore.ModelBuilder)" namespace="AzAgroPOS.Verilenler.Migrations" type_name="FixSchemaSync" block_coverage="0.00" line_coverage="0.00" blocks_covered="0" blocks_not_covered="228" lines_covered="0" lines_partially_covered="0" lines_not_covered="1666">
          <ranges>
            <range source_id="62" start_line="20" end_line="20" start_column="9" end_column="10" covered="no" />
            <range source_id="62" start_line="22" end_line="24" start_column="13" end_column="71" covered="no" />
            <range source_id="62" start_line="26" end_line="26" start_column="13" end_column="78" covered="no" />
            <range source_id="62" start_line="28" end_line="68" start_column="13" end_column="20" covered="no" />
            <range source_id="62" start_line="70" end_line="110" start_column="13" end_column="20" covered="no" />
            <range source_id="62" start_line="112" end_line="158" start_column="13" end_column="20" covered="no" />
            <range source_id="62" start_line="160" end_line="198" start_column="13" end_column="20" covered="no" />
            <range source_id="62" start_line="200" end_line="267" start_column="13" end_column="20" covered="no" />
            <range source_id="62" start_line="269" end_line="305" start_column="13" end_column="20" covered="no" />
            <range source_id="62" start_line="307" end_line="368" start_column="13" end_column="20" covered="no" />
            <range source_id="62" start_line="370" end_line="477" start_column="13" end_column="20" covered="no" />
            <range source_id="62" start_line="479" end_line="531" start_column="13" end_column="20" covered="no" />
            <range source_id="62" start_line="533" end_line="576" start_column="13" end_column="20" covered="no" />
            <range source_id="62" start_line="578" end_line="622" start_column="13" end_column="20" covered="no" />
            <range source_id="62" start_line="624" end_line="676" start_column="13" end_column="20" covered="no" />
            <range source_id="62" start_line="678" end_line="710" start_column="13" end_column="20" covered="no" />
            <range source_id="62" start_line="712" end_line="830" start_column="13" end_column="20" covered="no" />
            <range source_id="62" start_line="832" end_line="865" start_column="13" end_column="20" covered="no" />
            <range source_id="62" start_line="867" end_line="905" start_column="13" end_column="20" covered="no" />
            <range source_id="62" start_line="907" end_line="946" start_column="13" end_column="20" covered="no" />
            <range source_id="62" start_line="948" end_line="984" start_column="13" end_column="20" covered="no" />
            <range source_id="62" start_line="986" end_line="1021" start_column="13" end_column="20" covered="no" />
            <range source_id="62" start_line="1023" end_line="1057" start_column="13" end_column="20" covered="no" />
            <range source_id="62" start_line="1059" end_line="1122" start_column="13" end_column="20" covered="no" />
            <range source_id="62" start_line="1124" end_line="1159" start_column="13" end_column="20" covered="no" />
            <range source_id="62" start_line="1161" end_line="1196" start_column="13" end_column="20" covered="no" />
            <range source_id="62" start_line="1198" end_line="1262" start_column="13" end_column="20" covered="no" />
            <range source_id="62" start_line="1264" end_line="1315" start_column="13" end_column="20" covered="no" />
            <range source_id="62" start_line="1317" end_line="1379" start_column="13" end_column="20" covered="no" />
            <range source_id="62" start_line="1381" end_line="1390" start_column="13" end_column="20" covered="no" />
            <range source_id="62" start_line="1392" end_line="1416" start_column="13" end_column="20" covered="no" />
            <range source_id="62" start_line="1418" end_line="1427" start_column="13" end_column="20" covered="no" />
            <range source_id="62" start_line="1429" end_line="1446" start_column="13" end_column="20" covered="no" />
            <range source_id="62" start_line="1448" end_line="1455" start_column="13" end_column="20" covered="no" />
            <range source_id="62" start_line="1457" end_line="1473" start_column="13" end_column="20" covered="no" />
            <range source_id="62" start_line="1475" end_line="1484" start_column="13" end_column="20" covered="no" />
            <range source_id="62" start_line="1486" end_line="1495" start_column="13" end_column="20" covered="no" />
            <range source_id="62" start_line="1497" end_line="1519" start_column="13" end_column="20" covered="no" />
            <range source_id="62" start_line="1521" end_line="1536" start_column="13" end_column="20" covered="no" />
            <range source_id="62" start_line="1538" end_line="1547" start_column="13" end_column="20" covered="no" />
            <range source_id="62" start_line="1549" end_line="1566" start_column="13" end_column="20" covered="no" />
            <range source_id="62" start_line="1568" end_line="1585" start_column="13" end_column="20" covered="no" />
            <range source_id="62" start_line="1587" end_line="1604" start_column="13" end_column="20" covered="no" />
            <range source_id="62" start_line="1606" end_line="1621" start_column="13" end_column="20" covered="no" />
            <range source_id="62" start_line="1623" end_line="1640" start_column="13" end_column="20" covered="no" />
            <range source_id="62" start_line="1642" end_line="1658" start_column="13" end_column="20" covered="no" />
            <range source_id="62" start_line="1660" end_line="1668" start_column="13" end_column="20" covered="no" />
            <range source_id="62" start_line="1670" end_line="1675" start_column="13" end_column="20" covered="no" />
            <range source_id="62" start_line="1677" end_line="1680" start_column="13" end_column="20" covered="no" />
            <range source_id="62" start_line="1682" end_line="1685" start_column="13" end_column="20" covered="no" />
            <range source_id="62" start_line="1687" end_line="1690" start_column="13" end_column="20" covered="no" />
            <range source_id="62" start_line="1692" end_line="1697" start_column="13" end_column="20" covered="no" />
            <range source_id="62" start_line="1699" end_line="1704" start_column="13" end_column="20" covered="no" />
            <range source_id="62" start_line="1706" end_line="1709" start_column="13" end_column="20" covered="no" />
            <range source_id="62" start_line="1711" end_line="1714" start_column="13" end_column="20" covered="no" />
            <range source_id="62" start_line="1716" end_line="1719" start_column="13" end_column="20" covered="no" />
            <range source_id="62" start_line="1721" end_line="1726" start_column="13" end_column="20" covered="no" />
            <range source_id="62" start_line="1728" end_line="1733" start_column="13" end_column="20" covered="no" />
            <range source_id="62" start_line="1735" end_line="1742" start_column="13" end_column="20" covered="no" />
            <range source_id="62" start_line="1744" end_line="1744" start_column="9" end_column="10" covered="no" />
          </ranges>
        </function>
        <function id="90858" token="0x60002bb" name="Up(Microsoft.EntityFrameworkCore.Migrations.MigrationBuilder)" namespace="AzAgroPOS.Verilenler.Migrations" type_name="FinalSchemaSync" block_coverage="0.00" line_coverage="0.00" blocks_covered="0" blocks_not_covered="1" lines_covered="0" lines_partially_covered="0" lines_not_covered="2">
          <ranges>
            <range source_id="63" start_line="12" end_line="12" start_column="9" end_column="10" covered="no" />
            <range source_id="63" start_line="14" end_line="14" start_column="9" end_column="10" covered="no" />
          </ranges>
        </function>
        <function id="90861" token="0x60002bc" name="Down(Microsoft.EntityFrameworkCore.Migrations.MigrationBuilder)" namespace="AzAgroPOS.Verilenler.Migrations" type_name="FinalSchemaSync" block_coverage="0.00" line_coverage="0.00" blocks_covered="0" blocks_not_covered="1" lines_covered="0" lines_partially_covered="0" lines_not_covered="2">
          <ranges>
            <range source_id="63" start_line="18" end_line="18" start_column="9" end_column="10" covered="no" />
            <range source_id="63" start_line="20" end_line="20" start_column="9" end_column="10" covered="no" />
          </ranges>
        </function>
        <function id="90864" token="0x60002bd" name="BuildTargetModel(Microsoft.EntityFrameworkCore.ModelBuilder)" namespace="AzAgroPOS.Verilenler.Migrations" type_name="FinalSchemaSync" block_coverage="0.00" line_coverage="0.00" blocks_covered="0" blocks_not_covered="228" lines_covered="0" lines_partially_covered="0" lines_not_covered="1666">
          <ranges>
            <range source_id="64" start_line="20" end_line="20" start_column="9" end_column="10" covered="no" />
            <range source_id="64" start_line="22" end_line="24" start_column="13" end_column="71" covered="no" />
            <range source_id="64" start_line="26" end_line="26" start_column="13" end_column="78" covered="no" />
            <range source_id="64" start_line="28" end_line="68" start_column="13" end_column="20" covered="no" />
            <range source_id="64" start_line="70" end_line="110" start_column="13" end_column="20" covered="no" />
            <range source_id="64" start_line="112" end_line="158" start_column="13" end_column="20" covered="no" />
            <range source_id="64" start_line="160" end_line="198" start_column="13" end_column="20" covered="no" />
            <range source_id="64" start_line="200" end_line="267" start_column="13" end_column="20" covered="no" />
            <range source_id="64" start_line="269" end_line="305" start_column="13" end_column="20" covered="no" />
            <range source_id="64" start_line="307" end_line="368" start_column="13" end_column="20" covered="no" />
            <range source_id="64" start_line="370" end_line="477" start_column="13" end_column="20" covered="no" />
            <range source_id="64" start_line="479" end_line="531" start_column="13" end_column="20" covered="no" />
            <range source_id="64" start_line="533" end_line="576" start_column="13" end_column="20" covered="no" />
            <range source_id="64" start_line="578" end_line="622" start_column="13" end_column="20" covered="no" />
            <range source_id="64" start_line="624" end_line="676" start_column="13" end_column="20" covered="no" />
            <range source_id="64" start_line="678" end_line="710" start_column="13" end_column="20" covered="no" />
            <range source_id="64" start_line="712" end_line="830" start_column="13" end_column="20" covered="no" />
            <range source_id="64" start_line="832" end_line="865" start_column="13" end_column="20" covered="no" />
            <range source_id="64" start_line="867" end_line="905" start_column="13" end_column="20" covered="no" />
            <range source_id="64" start_line="907" end_line="946" start_column="13" end_column="20" covered="no" />
            <range source_id="64" start_line="948" end_line="984" start_column="13" end_column="20" covered="no" />
            <range source_id="64" start_line="986" end_line="1021" start_column="13" end_column="20" covered="no" />
            <range source_id="64" start_line="1023" end_line="1057" start_column="13" end_column="20" covered="no" />
            <range source_id="64" start_line="1059" end_line="1122" start_column="13" end_column="20" covered="no" />
            <range source_id="64" start_line="1124" end_line="1159" start_column="13" end_column="20" covered="no" />
            <range source_id="64" start_line="1161" end_line="1196" start_column="13" end_column="20" covered="no" />
            <range source_id="64" start_line="1198" end_line="1262" start_column="13" end_column="20" covered="no" />
            <range source_id="64" start_line="1264" end_line="1315" start_column="13" end_column="20" covered="no" />
            <range source_id="64" start_line="1317" end_line="1379" start_column="13" end_column="20" covered="no" />
            <range source_id="64" start_line="1381" end_line="1390" start_column="13" end_column="20" covered="no" />
            <range source_id="64" start_line="1392" end_line="1416" start_column="13" end_column="20" covered="no" />
            <range source_id="64" start_line="1418" end_line="1427" start_column="13" end_column="20" covered="no" />
            <range source_id="64" start_line="1429" end_line="1446" start_column="13" end_column="20" covered="no" />
            <range source_id="64" start_line="1448" end_line="1455" start_column="13" end_column="20" covered="no" />
            <range source_id="64" start_line="1457" end_line="1473" start_column="13" end_column="20" covered="no" />
            <range source_id="64" start_line="1475" end_line="1484" start_column="13" end_column="20" covered="no" />
            <range source_id="64" start_line="1486" end_line="1495" start_column="13" end_column="20" covered="no" />
            <range source_id="64" start_line="1497" end_line="1519" start_column="13" end_column="20" covered="no" />
            <range source_id="64" start_line="1521" end_line="1536" start_column="13" end_column="20" covered="no" />
            <range source_id="64" start_line="1538" end_line="1547" start_column="13" end_column="20" covered="no" />
            <range source_id="64" start_line="1549" end_line="1566" start_column="13" end_column="20" covered="no" />
            <range source_id="64" start_line="1568" end_line="1585" start_column="13" end_column="20" covered="no" />
            <range source_id="64" start_line="1587" end_line="1604" start_column="13" end_column="20" covered="no" />
            <range source_id="64" start_line="1606" end_line="1621" start_column="13" end_column="20" covered="no" />
            <range source_id="64" start_line="1623" end_line="1640" start_column="13" end_column="20" covered="no" />
            <range source_id="64" start_line="1642" end_line="1658" start_column="13" end_column="20" covered="no" />
            <range source_id="64" start_line="1660" end_line="1668" start_column="13" end_column="20" covered="no" />
            <range source_id="64" start_line="1670" end_line="1675" start_column="13" end_column="20" covered="no" />
            <range source_id="64" start_line="1677" end_line="1680" start_column="13" end_column="20" covered="no" />
            <range source_id="64" start_line="1682" end_line="1685" start_column="13" end_column="20" covered="no" />
            <range source_id="64" start_line="1687" end_line="1690" start_column="13" end_column="20" covered="no" />
            <range source_id="64" start_line="1692" end_line="1697" start_column="13" end_column="20" covered="no" />
            <range source_id="64" start_line="1699" end_line="1704" start_column="13" end_column="20" covered="no" />
            <range source_id="64" start_line="1706" end_line="1709" start_column="13" end_column="20" covered="no" />
            <range source_id="64" start_line="1711" end_line="1714" start_column="13" end_column="20" covered="no" />
            <range source_id="64" start_line="1716" end_line="1719" start_column="13" end_column="20" covered="no" />
            <range source_id="64" start_line="1721" end_line="1726" start_column="13" end_column="20" covered="no" />
            <range source_id="64" start_line="1728" end_line="1733" start_column="13" end_column="20" covered="no" />
            <range source_id="64" start_line="1735" end_line="1742" start_column="13" end_column="20" covered="no" />
            <range source_id="64" start_line="1744" end_line="1744" start_column="9" end_column="10" covered="no" />
          </ranges>
        </function>
        <function id="93344" token="0x60002bf" name="BuildModel(Microsoft.EntityFrameworkCore.ModelBuilder)" namespace="AzAgroPOS.Verilenler.Migrations" type_name="AzAgroPOSDbContextModelSnapshot" block_coverage="0.00" line_coverage="0.00" blocks_covered="0" blocks_not_covered="228" lines_covered="0" lines_partially_covered="0" lines_not_covered="1666">
          <ranges>
            <range source_id="65" start_line="17" end_line="17" start_column="9" end_column="10" covered="no" />
            <range source_id="65" start_line="19" end_line="21" start_column="13" end_column="71" covered="no" />
            <range source_id="65" start_line="23" end_line="23" start_column="13" end_column="78" covered="no" />
            <range source_id="65" start_line="25" end_line="65" start_column="13" end_column="20" covered="no" />
            <range source_id="65" start_line="67" end_line="107" start_column="13" end_column="20" covered="no" />
            <range source_id="65" start_line="109" end_line="155" start_column="13" end_column="20" covered="no" />
            <range source_id="65" start_line="157" end_line="195" start_column="13" end_column="20" covered="no" />
            <range source_id="65" start_line="197" end_line="264" start_column="13" end_column="20" covered="no" />
            <range source_id="65" start_line="266" end_line="302" start_column="13" end_column="20" covered="no" />
            <range source_id="65" start_line="304" end_line="365" start_column="13" end_column="20" covered="no" />
            <range source_id="65" start_line="367" end_line="474" start_column="13" end_column="20" covered="no" />
            <range source_id="65" start_line="476" end_line="528" start_column="13" end_column="20" covered="no" />
            <range source_id="65" start_line="530" end_line="573" start_column="13" end_column="20" covered="no" />
            <range source_id="65" start_line="575" end_line="619" start_column="13" end_column="20" covered="no" />
            <range source_id="65" start_line="621" end_line="673" start_column="13" end_column="20" covered="no" />
            <range source_id="65" start_line="675" end_line="707" start_column="13" end_column="20" covered="no" />
            <range source_id="65" start_line="709" end_line="827" start_column="13" end_column="20" covered="no" />
            <range source_id="65" start_line="829" end_line="862" start_column="13" end_column="20" covered="no" />
            <range source_id="65" start_line="864" end_line="902" start_column="13" end_column="20" covered="no" />
            <range source_id="65" start_line="904" end_line="943" start_column="13" end_column="20" covered="no" />
            <range source_id="65" start_line="945" end_line="981" start_column="13" end_column="20" covered="no" />
            <range source_id="65" start_line="983" end_line="1018" start_column="13" end_column="20" covered="no" />
            <range source_id="65" start_line="1020" end_line="1054" start_column="13" end_column="20" covered="no" />
            <range source_id="65" start_line="1056" end_line="1119" start_column="13" end_column="20" covered="no" />
            <range source_id="65" start_line="1121" end_line="1156" start_column="13" end_column="20" covered="no" />
            <range source_id="65" start_line="1158" end_line="1193" start_column="13" end_column="20" covered="no" />
            <range source_id="65" start_line="1195" end_line="1259" start_column="13" end_column="20" covered="no" />
            <range source_id="65" start_line="1261" end_line="1312" start_column="13" end_column="20" covered="no" />
            <range source_id="65" start_line="1314" end_line="1376" start_column="13" end_column="20" covered="no" />
            <range source_id="65" start_line="1378" end_line="1387" start_column="13" end_column="20" covered="no" />
            <range source_id="65" start_line="1389" end_line="1413" start_column="13" end_column="20" covered="no" />
            <range source_id="65" start_line="1415" end_line="1424" start_column="13" end_column="20" covered="no" />
            <range source_id="65" start_line="1426" end_line="1443" start_column="13" end_column="20" covered="no" />
            <range source_id="65" start_line="1445" end_line="1452" start_column="13" end_column="20" covered="no" />
            <range source_id="65" start_line="1454" end_line="1470" start_column="13" end_column="20" covered="no" />
            <range source_id="65" start_line="1472" end_line="1481" start_column="13" end_column="20" covered="no" />
            <range source_id="65" start_line="1483" end_line="1492" start_column="13" end_column="20" covered="no" />
            <range source_id="65" start_line="1494" end_line="1516" start_column="13" end_column="20" covered="no" />
            <range source_id="65" start_line="1518" end_line="1533" start_column="13" end_column="20" covered="no" />
            <range source_id="65" start_line="1535" end_line="1544" start_column="13" end_column="20" covered="no" />
            <range source_id="65" start_line="1546" end_line="1563" start_column="13" end_column="20" covered="no" />
            <range source_id="65" start_line="1565" end_line="1582" start_column="13" end_column="20" covered="no" />
            <range source_id="65" start_line="1584" end_line="1601" start_column="13" end_column="20" covered="no" />
            <range source_id="65" start_line="1603" end_line="1618" start_column="13" end_column="20" covered="no" />
            <range source_id="65" start_line="1620" end_line="1637" start_column="13" end_column="20" covered="no" />
            <range source_id="65" start_line="1639" end_line="1655" start_column="13" end_column="20" covered="no" />
            <range source_id="65" start_line="1657" end_line="1665" start_column="13" end_column="20" covered="no" />
            <range source_id="65" start_line="1667" end_line="1672" start_column="13" end_column="20" covered="no" />
            <range source_id="65" start_line="1674" end_line="1677" start_column="13" end_column="20" covered="no" />
            <range source_id="65" start_line="1679" end_line="1682" start_column="13" end_column="20" covered="no" />
            <range source_id="65" start_line="1684" end_line="1687" start_column="13" end_column="20" covered="no" />
            <range source_id="65" start_line="1689" end_line="1694" start_column="13" end_column="20" covered="no" />
            <range source_id="65" start_line="1696" end_line="1701" start_column="13" end_column="20" covered="no" />
            <range source_id="65" start_line="1703" end_line="1706" start_column="13" end_column="20" covered="no" />
            <range source_id="65" start_line="1708" end_line="1711" start_column="13" end_column="20" covered="no" />
            <range source_id="65" start_line="1713" end_line="1716" start_column="13" end_column="20" covered="no" />
            <range source_id="65" start_line="1718" end_line="1723" start_column="13" end_column="20" covered="no" />
            <range source_id="65" start_line="1725" end_line="1730" start_column="13" end_column="20" covered="no" />
            <range source_id="65" start_line="1732" end_line="1739" start_column="13" end_column="20" covered="no" />
            <range source_id="65" start_line="1741" end_line="1741" start_column="9" end_column="10" covered="no" />
          </ranges>
        </function>
        <function id="95822" token="0x60002c1" name="AzAgroPOSDbContext(Microsoft.EntityFrameworkCore.DbContextOptions&lt;AzAgroPOS.Verilenler.Kontekst.AzAgroPOSDbContext&gt;)" namespace="AzAgroPOS.Verilenler.Kontekst" type_name="AzAgroPOSDbContext" block_coverage="100.00" line_coverage="100.00" blocks_covered="2" blocks_not_covered="0" lines_covered="3" lines_partially_covered="0" lines_not_covered="0">
          <ranges>
            <range source_id="66" start_line="9" end_line="9" start_column="79" end_column="92" covered="yes" />
            <range source_id="66" start_line="10" end_line="10" start_column="5" end_column="6" covered="yes" />
            <range source_id="66" start_line="12" end_line="12" start_column="5" end_column="6" covered="yes" />
          </ranges>
        </function>
        <function id="95833" token="0x60002c2" name="get_Mehsullar()" namespace="AzAgroPOS.Verilenler.Kontekst" type_name="AzAgroPOSDbContext" block_coverage="100.00" line_coverage="100.00" blocks_covered="1" blocks_not_covered="0" lines_covered="1" lines_partially_covered="0" lines_not_covered="0">
          <ranges>
            <range source_id="66" start_line="14" end_line="14" start_column="38" end_column="42" covered="yes" />
          </ranges>
        </function>
        <function id="95841" token="0x60002c3" name="set_Mehsullar(Microsoft.EntityFrameworkCore.DbSet&lt;AzAgroPOS.Varliglar.Mehsul&gt;)" namespace="AzAgroPOS.Verilenler.Kontekst" type_name="AzAgroPOSDbContext" block_coverage="100.00" line_coverage="100.00" blocks_covered="1" blocks_not_covered="0" lines_covered="1" lines_partially_covered="0" lines_not_covered="0">
          <ranges>
            <range source_id="66" start_line="14" end_line="14" start_column="43" end_column="47" covered="yes" />
          </ranges>
        </function>
        <function id="95850" token="0x60002c4" name="get_Musteriler()" namespace="AzAgroPOS.Verilenler.Kontekst" type_name="AzAgroPOSDbContext" block_coverage="100.00" line_coverage="100.00" blocks_covered="1" blocks_not_covered="0" lines_covered="1" lines_partially_covered="0" lines_not_covered="0">
          <ranges>
            <range source_id="66" start_line="15" end_line="15" start_column="40" end_column="44" covered="yes" />
          </ranges>
        </function>
        <function id="95858" token="0x60002c5" name="set_Musteriler(Microsoft.EntityFrameworkCore.DbSet&lt;AzAgroPOS.Varliglar.Musteri&gt;)" namespace="AzAgroPOS.Verilenler.Kontekst" type_name="AzAgroPOSDbContext" block_coverage="100.00" line_coverage="100.00" blocks_covered="1" blocks_not_covered="0" lines_covered="1" lines_partially_covered="0" lines_not_covered="0">
          <ranges>
            <range source_id="66" start_line="15" end_line="15" start_column="45" end_column="49" covered="yes" />
          </ranges>
        </function>
        <function id="95867" token="0x60002c6" name="get_Satislar()" namespace="AzAgroPOS.Verilenler.Kontekst" type_name="AzAgroPOSDbContext" block_coverage="100.00" line_coverage="100.00" blocks_covered="1" blocks_not_covered="0" lines_covered="1" lines_partially_covered="0" lines_not_covered="0">
          <ranges>
            <range source_id="66" start_line="16" end_line="16" start_column="36" end_column="40" covered="yes" />
          </ranges>
        </function>
        <function id="95875" token="0x60002c7" name="set_Satislar(Microsoft.EntityFrameworkCore.DbSet&lt;AzAgroPOS.Varliglar.Satis&gt;)" namespace="AzAgroPOS.Verilenler.Kontekst" type_name="AzAgroPOSDbContext" block_coverage="100.00" line_coverage="100.00" blocks_covered="1" blocks_not_covered="0" lines_covered="1" lines_partially_covered="0" lines_not_covered="0">
          <ranges>
            <range source_id="66" start_line="16" end_line="16" start_column="41" end_column="45" covered="yes" />
          </ranges>
        </function>
        <function id="95884" token="0x60002c8" name="get_SatisDetallari()" namespace="AzAgroPOS.Verilenler.Kontekst" type_name="AzAgroPOSDbContext" block_coverage="100.00" line_coverage="100.00" blocks_covered="1" blocks_not_covered="0" lines_covered="1" lines_partially_covered="0" lines_not_covered="0">
          <ranges>
            <range source_id="66" start_line="17" end_line="17" start_column="48" end_column="52" covered="yes" />
          </ranges>
        </function>
        <function id="95892" token="0x60002c9" name="set_SatisDetallari(Microsoft.EntityFrameworkCore.DbSet&lt;AzAgroPOS.Varliglar.SatisDetali&gt;)" namespace="AzAgroPOS.Verilenler.Kontekst" type_name="AzAgroPOSDbContext" block_coverage="100.00" line_coverage="100.00" blocks_covered="1" blocks_not_covered="0" lines_covered="1" lines_partially_covered="0" lines_not_covered="0">
          <ranges>
            <range source_id="66" start_line="17" end_line="17" start_column="53" end_column="57" covered="yes" />
          </ranges>
        </function>
        <function id="95901" token="0x60002ca" name="get_Istifadeciler()" namespace="AzAgroPOS.Verilenler.Kontekst" type_name="AzAgroPOSDbContext" block_coverage="0.00" line_coverage="0.00" blocks_covered="0" blocks_not_covered="1" lines_covered="0" lines_partially_covered="0" lines_not_covered="1">
          <ranges>
            <range source_id="66" start_line="18" end_line="18" start_column="46" end_column="50" covered="no" />
          </ranges>
        </function>
        <function id="95909" token="0x60002cb" name="set_Istifadeciler(Microsoft.EntityFrameworkCore.DbSet&lt;AzAgroPOS.Varliglar.Istifadeci&gt;)" namespace="AzAgroPOS.Verilenler.Kontekst" type_name="AzAgroPOSDbContext" block_coverage="100.00" line_coverage="100.00" blocks_covered="1" blocks_not_covered="0" lines_covered="1" lines_partially_covered="0" lines_not_covered="0">
          <ranges>
            <range source_id="66" start_line="18" end_line="18" start_column="51" end_column="55" covered="yes" />
          </ranges>
        </function>
        <function id="95918" token="0x60002cc" name="get_Rollar()" namespace="AzAgroPOS.Verilenler.Kontekst" type_name="AzAgroPOSDbContext" block_coverage="0.00" line_coverage="0.00" blocks_covered="0" blocks_not_covered="1" lines_covered="0" lines_partially_covered="0" lines_not_covered="1">
          <ranges>
            <range source_id="66" start_line="19" end_line="19" start_column="32" end_column="36" covered="no" />
          </ranges>
        </function>
        <function id="95926" token="0x60002cd" name="set_Rollar(Microsoft.EntityFrameworkCore.DbSet&lt;AzAgroPOS.Varliglar.Rol&gt;)" namespace="AzAgroPOS.Verilenler.Kontekst" type_name="AzAgroPOSDbContext" block_coverage="100.00" line_coverage="100.00" blocks_covered="1" blocks_not_covered="0" lines_covered="1" lines_partially_covered="0" lines_not_covered="0">
          <ranges>
            <range source_id="66" start_line="19" end_line="19" start_column="37" end_column="41" covered="yes" />
          </ranges>
        </function>
        <function id="95935" token="0x60002ce" name="get_NisyeHereketleri()" namespace="AzAgroPOS.Verilenler.Kontekst" type_name="AzAgroPOSDbContext" block_coverage="0.00" line_coverage="0.00" blocks_covered="0" blocks_not_covered="1" lines_covered="0" lines_partially_covered="0" lines_not_covered="1">
          <ranges>
            <range source_id="66" start_line="20" end_line="20" start_column="52" end_column="56" covered="no" />
          </ranges>
        </function>
        <function id="95943" token="0x60002cf" name="set_NisyeHereketleri(Microsoft.EntityFrameworkCore.DbSet&lt;AzAgroPOS.Varliglar.NisyeHereketi&gt;)" namespace="AzAgroPOS.Verilenler.Kontekst" type_name="AzAgroPOSDbContext" block_coverage="100.00" line_coverage="100.00" blocks_covered="1" blocks_not_covered="0" lines_covered="1" lines_partially_covered="0" lines_not_covered="0">
          <ranges>
            <range source_id="66" start_line="20" end_line="20" start_column="57" end_column="61" covered="yes" />
          </ranges>
        </function>
        <function id="95952" token="0x60002d0" name="get_TemirSifarisleri()" namespace="AzAgroPOS.Verilenler.Kontekst" type_name="AzAgroPOSDbContext" block_coverage="0.00" line_coverage="0.00" blocks_covered="0" blocks_not_covered="1" lines_covered="0" lines_partially_covered="0" lines_not_covered="1">
          <ranges>
            <range source_id="66" start_line="21" end_line="21" start_column="44" end_column="48" covered="no" />
          </ranges>
        </function>
        <function id="95960" token="0x60002d1" name="set_TemirSifarisleri(Microsoft.EntityFrameworkCore.DbSet&lt;AzAgroPOS.Varliglar.Temir&gt;)" namespace="AzAgroPOS.Verilenler.Kontekst" type_name="AzAgroPOSDbContext" block_coverage="100.00" line_coverage="100.00" blocks_covered="1" blocks_not_covered="0" lines_covered="1" lines_partially_covered="0" lines_not_covered="0">
          <ranges>
            <range source_id="66" start_line="21" end_line="21" start_column="49" end_column="53" covered="yes" />
          </ranges>
        </function>
        <function id="95969" token="0x60002d2" name="get_Novbeler()" namespace="AzAgroPOS.Verilenler.Kontekst" type_name="AzAgroPOSDbContext" block_coverage="0.00" line_coverage="0.00" blocks_covered="0" blocks_not_covered="1" lines_covered="0" lines_partially_covered="0" lines_not_covered="1">
          <ranges>
            <range source_id="66" start_line="22" end_line="22" start_column="36" end_column="40" covered="no" />
          </ranges>
        </function>
        <function id="95977" token="0x60002d3" name="set_Novbeler(Microsoft.EntityFrameworkCore.DbSet&lt;AzAgroPOS.Varliglar.Novbe&gt;)" namespace="AzAgroPOS.Verilenler.Kontekst" type_name="AzAgroPOSDbContext" block_coverage="100.00" line_coverage="100.00" blocks_covered="1" blocks_not_covered="0" lines_covered="1" lines_partially_covered="0" lines_not_covered="0">
          <ranges>
            <range source_id="66" start_line="22" end_line="22" start_column="41" end_column="45" covered="yes" />
          </ranges>
        </function>
        <function id="95986" token="0x60002d4" name="get_Isciler()" namespace="AzAgroPOS.Verilenler.Kontekst" type_name="AzAgroPOSDbContext" block_coverage="0.00" line_coverage="0.00" blocks_covered="0" blocks_not_covered="1" lines_covered="0" lines_partially_covered="0" lines_not_covered="1">
          <ranges>
            <range source_id="66" start_line="23" end_line="23" start_column="34" end_column="38" covered="no" />
          </ranges>
        </function>
        <function id="95994" token="0x60002d5" name="set_Isciler(Microsoft.EntityFrameworkCore.DbSet&lt;AzAgroPOS.Varliglar.Isci&gt;)" namespace="AzAgroPOS.Verilenler.Kontekst" type_name="AzAgroPOSDbContext" block_coverage="100.00" line_coverage="100.00" blocks_covered="1" blocks_not_covered="0" lines_covered="1" lines_partially_covered="0" lines_not_covered="0">
          <ranges>
            <range source_id="66" start_line="23" end_line="23" start_column="39" end_column="43" covered="yes" />
          </ranges>
        </function>
        <function id="96003" token="0x60002d6" name="get_IsciPerformanslari()" namespace="AzAgroPOS.Verilenler.Kontekst" type_name="AzAgroPOSDbContext" block_coverage="0.00" line_coverage="0.00" blocks_covered="0" blocks_not_covered="1" lines_covered="0" lines_partially_covered="0" lines_not_covered="1">
          <ranges>
            <range source_id="66" start_line="24" end_line="24" start_column="55" end_column="59" covered="no" />
          </ranges>
        </function>
        <function id="96011" token="0x60002d7" name="set_IsciPerformanslari(Microsoft.EntityFrameworkCore.DbSet&lt;AzAgroPOS.Varliglar.IsciPerformans&gt;)" namespace="AzAgroPOS.Verilenler.Kontekst" type_name="AzAgroPOSDbContext" block_coverage="100.00" line_coverage="100.00" blocks_covered="1" blocks_not_covered="0" lines_covered="1" lines_partially_covered="0" lines_not_covered="0">
          <ranges>
            <range source_id="66" start_line="24" end_line="24" start_column="60" end_column="64" covered="yes" />
          </ranges>
        </function>
        <function id="96020" token="0x60002d8" name="get_IsciIznleri()" namespace="AzAgroPOS.Verilenler.Kontekst" type_name="AzAgroPOSDbContext" block_coverage="0.00" line_coverage="0.00" blocks_covered="0" blocks_not_covered="1" lines_covered="0" lines_partially_covered="0" lines_not_covered="1">
          <ranges>
            <range source_id="66" start_line="25" end_line="25" start_column="42" end_column="46" covered="no" />
          </ranges>
        </function>
        <function id="96028" token="0x60002d9" name="set_IsciIznleri(Microsoft.EntityFrameworkCore.DbSet&lt;AzAgroPOS.Varliglar.IsciIzni&gt;)" namespace="AzAgroPOS.Verilenler.Kontekst" type_name="AzAgroPOSDbContext" block_coverage="100.00" line_coverage="100.00" blocks_covered="1" blocks_not_covered="0" lines_covered="1" lines_partially_covered="0" lines_not_covered="0">
          <ranges>
            <range source_id="66" start_line="25" end_line="25" start_column="47" end_column="51" covered="yes" />
          </ranges>
        </function>
        <function id="96037" token="0x60002da" name="get_Tedarukculer()" namespace="AzAgroPOS.Verilenler.Kontekst" type_name="AzAgroPOSDbContext" block_coverage="0.00" line_coverage="0.00" blocks_covered="0" blocks_not_covered="1" lines_covered="0" lines_partially_covered="0" lines_not_covered="1">
          <ranges>
            <range source_id="66" start_line="26" end_line="26" start_column="44" end_column="48" covered="no" />
          </ranges>
        </function>
        <function id="96045" token="0x60002db" name="set_Tedarukculer(Microsoft.EntityFrameworkCore.DbSet&lt;AzAgroPOS.Varliglar.Tedarukcu&gt;)" namespace="AzAgroPOS.Verilenler.Kontekst" type_name="AzAgroPOSDbContext" block_coverage="100.00" line_coverage="100.00" blocks_covered="1" blocks_not_covered="0" lines_covered="1" lines_partially_covered="0" lines_not_covered="0">
          <ranges>
            <range source_id="66" start_line="26" end_line="26" start_column="49" end_column="53" covered="yes" />
          </ranges>
        </function>
        <function id="96054" token="0x60002dc" name="get_AlisSifarisleri()" namespace="AzAgroPOS.Verilenler.Kontekst" type_name="AzAgroPOSDbContext" block_coverage="0.00" line_coverage="0.00" blocks_covered="0" blocks_not_covered="1" lines_covered="0" lines_partially_covered="0" lines_not_covered="1">
          <ranges>
            <range source_id="66" start_line="27" end_line="27" start_column="49" end_column="53" covered="no" />
          </ranges>
        </function>
        <function id="96062" token="0x60002dd" name="set_AlisSifarisleri(Microsoft.EntityFrameworkCore.DbSet&lt;AzAgroPOS.Varliglar.AlisSifaris&gt;)" namespace="AzAgroPOS.Verilenler.Kontekst" type_name="AzAgroPOSDbContext" block_coverage="100.00" line_coverage="100.00" blocks_covered="1" blocks_not_covered="0" lines_covered="1" lines_partially_covered="0" lines_not_covered="0">
          <ranges>
            <range source_id="66" start_line="27" end_line="27" start_column="54" end_column="58" covered="yes" />
          </ranges>
        </function>
        <function id="96071" token="0x60002de" name="get_AlisSifarisSetirleri()" namespace="AzAgroPOS.Verilenler.Kontekst" type_name="AzAgroPOSDbContext" block_coverage="0.00" line_coverage="0.00" blocks_covered="0" blocks_not_covered="1" lines_covered="0" lines_partially_covered="0" lines_not_covered="1">
          <ranges>
            <range source_id="66" start_line="28" end_line="28" start_column="60" end_column="64" covered="no" />
          </ranges>
        </function>
        <function id="96079" token="0x60002df" name="set_AlisSifarisSetirleri(Microsoft.EntityFrameworkCore.DbSet&lt;AzAgroPOS.Varliglar.AlisSifarisSetiri&gt;)" namespace="AzAgroPOS.Verilenler.Kontekst" type_name="AzAgroPOSDbContext" block_coverage="100.00" line_coverage="100.00" blocks_covered="1" blocks_not_covered="0" lines_covered="1" lines_partially_covered="0" lines_not_covered="0">
          <ranges>
            <range source_id="66" start_line="28" end_line="28" start_column="65" end_column="69" covered="yes" />
          </ranges>
        </function>
        <function id="96088" token="0x60002e0" name="get_AlisSenetleri()" namespace="AzAgroPOS.Verilenler.Kontekst" type_name="AzAgroPOSDbContext" block_coverage="0.00" line_coverage="0.00" blocks_covered="0" blocks_not_covered="1" lines_covered="0" lines_partially_covered="0" lines_not_covered="1">
          <ranges>
            <range source_id="66" start_line="29" end_line="29" start_column="45" end_column="49" covered="no" />
          </ranges>
        </function>
        <function id="96096" token="0x60002e1" name="set_AlisSenetleri(Microsoft.EntityFrameworkCore.DbSet&lt;AzAgroPOS.Varliglar.AlisSened&gt;)" namespace="AzAgroPOS.Verilenler.Kontekst" type_name="AzAgroPOSDbContext" block_coverage="100.00" line_coverage="100.00" blocks_covered="1" blocks_not_covered="0" lines_covered="1" lines_partially_covered="0" lines_not_covered="0">
          <ranges>
            <range source_id="66" start_line="29" end_line="29" start_column="50" end_column="54" covered="yes" />
          </ranges>
        </function>
        <function id="96105" token="0x60002e2" name="get_AlisSenedSetirleri()" namespace="AzAgroPOS.Verilenler.Kontekst" type_name="AzAgroPOSDbContext" block_coverage="0.00" line_coverage="0.00" blocks_covered="0" blocks_not_covered="1" lines_covered="0" lines_partially_covered="0" lines_not_covered="1">
          <ranges>
            <range source_id="66" start_line="30" end_line="30" start_column="56" end_column="60" covered="no" />
          </ranges>
        </function>
        <function id="96113" token="0x60002e3" name="set_AlisSenedSetirleri(Microsoft.EntityFrameworkCore.DbSet&lt;AzAgroPOS.Varliglar.AlisSenedSetiri&gt;)" namespace="AzAgroPOS.Verilenler.Kontekst" type_name="AzAgroPOSDbContext" block_coverage="100.00" line_coverage="100.00" blocks_covered="1" blocks_not_covered="0" lines_covered="1" lines_partially_covered="0" lines_not_covered="0">
          <ranges>
            <range source_id="66" start_line="30" end_line="30" start_column="61" end_column="65" covered="yes" />
          </ranges>
        </function>
        <function id="96122" token="0x60002e4" name="get_TedarukcuOdemeleri()" namespace="AzAgroPOS.Verilenler.Kontekst" type_name="AzAgroPOSDbContext" block_coverage="0.00" line_coverage="0.00" blocks_covered="0" blocks_not_covered="1" lines_covered="0" lines_partially_covered="0" lines_not_covered="1">
          <ranges>
            <range source_id="66" start_line="31" end_line="31" start_column="55" end_column="59" covered="no" />
          </ranges>
        </function>
        <function id="96130" token="0x60002e5" name="set_TedarukcuOdemeleri(Microsoft.EntityFrameworkCore.DbSet&lt;AzAgroPOS.Varliglar.TedarukcuOdeme&gt;)" namespace="AzAgroPOS.Verilenler.Kontekst" type_name="AzAgroPOSDbContext" block_coverage="100.00" line_coverage="100.00" blocks_covered="1" blocks_not_covered="0" lines_covered="1" lines_partially_covered="0" lines_not_covered="0">
          <ranges>
            <range source_id="66" start_line="31" end_line="31" start_column="60" end_column="64" covered="yes" />
          </ranges>
        </function>
        <function id="96139" token="0x60002e6" name="get_Kateqoriyalar()" namespace="AzAgroPOS.Verilenler.Kontekst" type_name="AzAgroPOSDbContext" block_coverage="0.00" line_coverage="0.00" blocks_covered="0" blocks_not_covered="1" lines_covered="0" lines_partially_covered="0" lines_not_covered="1">
          <ranges>
            <range source_id="66" start_line="32" end_line="32" start_column="46" end_column="50" covered="no" />
          </ranges>
        </function>
        <function id="96147" token="0x60002e7" name="set_Kateqoriyalar(Microsoft.EntityFrameworkCore.DbSet&lt;AzAgroPOS.Varliglar.Kateqoriya&gt;)" namespace="AzAgroPOS.Verilenler.Kontekst" type_name="AzAgroPOSDbContext" block_coverage="100.00" line_coverage="100.00" blocks_covered="1" blocks_not_covered="0" lines_covered="1" lines_partially_covered="0" lines_not_covered="0">
          <ranges>
            <range source_id="66" start_line="32" end_line="32" start_column="51" end_column="55" covered="yes" />
          </ranges>
        </function>
        <function id="96156" token="0x60002e8" name="get_Brendler()" namespace="AzAgroPOS.Verilenler.Kontekst" type_name="AzAgroPOSDbContext" block_coverage="0.00" line_coverage="0.00" blocks_covered="0" blocks_not_covered="1" lines_covered="0" lines_partially_covered="0" lines_not_covered="1">
          <ranges>
            <range source_id="66" start_line="33" end_line="33" start_column="36" end_column="40" covered="no" />
          </ranges>
        </function>
        <function id="96164" token="0x60002e9" name="set_Brendler(Microsoft.EntityFrameworkCore.DbSet&lt;AzAgroPOS.Varliglar.Brend&gt;)" namespace="AzAgroPOS.Verilenler.Kontekst" type_name="AzAgroPOSDbContext" block_coverage="100.00" line_coverage="100.00" blocks_covered="1" blocks_not_covered="0" lines_covered="1" lines_partially_covered="0" lines_not_covered="0">
          <ranges>
            <range source_id="66" start_line="33" end_line="33" start_column="41" end_column="45" covered="yes" />
          </ranges>
        </function>
        <function id="96173" token="0x60002ea" name="get_Qaytarmalar()" namespace="AzAgroPOS.Verilenler.Kontekst" type_name="AzAgroPOSDbContext" block_coverage="0.00" line_coverage="0.00" blocks_covered="0" blocks_not_covered="1" lines_covered="0" lines_partially_covered="0" lines_not_covered="1">
          <ranges>
            <range source_id="66" start_line="34" end_line="34" start_column="42" end_column="46" covered="no" />
          </ranges>
        </function>
        <function id="96181" token="0x60002eb" name="set_Qaytarmalar(Microsoft.EntityFrameworkCore.DbSet&lt;AzAgroPOS.Varliglar.Qaytarma&gt;)" namespace="AzAgroPOS.Verilenler.Kontekst" type_name="AzAgroPOSDbContext" block_coverage="100.00" line_coverage="100.00" blocks_covered="1" blocks_not_covered="0" lines_covered="1" lines_partially_covered="0" lines_not_covered="0">
          <ranges>
            <range source_id="66" start_line="34" end_line="34" start_column="47" end_column="51" covered="yes" />
          </ranges>
        </function>
        <function id="96190" token="0x60002ec" name="get_QaytarmaDetallari()" namespace="AzAgroPOS.Verilenler.Kontekst" type_name="AzAgroPOSDbContext" block_coverage="0.00" line_coverage="0.00" blocks_covered="0" blocks_not_covered="1" lines_covered="0" lines_partially_covered="0" lines_not_covered="1">
          <ranges>
            <range source_id="66" start_line="35" end_line="35" start_column="54" end_column="58" covered="no" />
          </ranges>
        </function>
        <function id="96198" token="0x60002ed" name="set_QaytarmaDetallari(Microsoft.EntityFrameworkCore.DbSet&lt;AzAgroPOS.Varliglar.QaytarmaDetali&gt;)" namespace="AzAgroPOS.Verilenler.Kontekst" type_name="AzAgroPOSDbContext" block_coverage="100.00" line_coverage="100.00" blocks_covered="1" blocks_not_covered="0" lines_covered="1" lines_partially_covered="0" lines_not_covered="0">
          <ranges>
            <range source_id="66" start_line="35" end_line="35" start_column="59" end_column="63" covered="yes" />
          </ranges>
        </function>
        <function id="96207" token="0x60002ee" name="get_EmeliyyatJurnallari()" namespace="AzAgroPOS.Verilenler.Kontekst" type_name="AzAgroPOSDbContext" block_coverage="0.00" line_coverage="0.00" blocks_covered="0" blocks_not_covered="1" lines_covered="0" lines_partially_covered="0" lines_not_covered="1">
          <ranges>
            <range source_id="66" start_line="36" end_line="36" start_column="58" end_column="62" covered="no" />
          </ranges>
        </function>
        <function id="96215" token="0x60002ef" name="set_EmeliyyatJurnallari(Microsoft.EntityFrameworkCore.DbSet&lt;AzAgroPOS.Varliglar.EmeliyyatJurnali&gt;)" namespace="AzAgroPOS.Verilenler.Kontekst" type_name="AzAgroPOSDbContext" block_coverage="100.00" line_coverage="100.00" blocks_covered="1" blocks_not_covered="0" lines_covered="1" lines_partially_covered="0" lines_not_covered="0">
          <ranges>
            <range source_id="66" start_line="36" end_line="36" start_column="63" end_column="67" covered="yes" />
          </ranges>
        </function>
        <function id="96224" token="0x60002f0" name="get_Konfiqurasiyalar()" namespace="AzAgroPOS.Verilenler.Kontekst" type_name="AzAgroPOSDbContext" block_coverage="0.00" line_coverage="0.00" blocks_covered="0" blocks_not_covered="1" lines_covered="0" lines_partially_covered="0" lines_not_covered="1">
          <ranges>
            <range source_id="66" start_line="37" end_line="37" start_column="52" end_column="56" covered="no" />
          </ranges>
        </function>
        <function id="96232" token="0x60002f1" name="set_Konfiqurasiyalar(Microsoft.EntityFrameworkCore.DbSet&lt;AzAgroPOS.Varliglar.Konfiqurasiya&gt;)" namespace="AzAgroPOS.Verilenler.Kontekst" type_name="AzAgroPOSDbContext" block_coverage="100.00" line_coverage="100.00" blocks_covered="1" blocks_not_covered="0" lines_covered="1" lines_partially_covered="0" lines_not_covered="0">
          <ranges>
            <range source_id="66" start_line="37" end_line="37" start_column="57" end_column="61" covered="yes" />
          </ranges>
        </function>
        <function id="96241" token="0x60002f2" name="get_Icazeler()" namespace="AzAgroPOS.Verilenler.Kontekst" type_name="AzAgroPOSDbContext" block_coverage="0.00" line_coverage="0.00" blocks_covered="0" blocks_not_covered="1" lines_covered="0" lines_partially_covered="0" lines_not_covered="1">
          <ranges>
            <range source_id="66" start_line="38" end_line="38" start_column="36" end_column="40" covered="no" />
          </ranges>
        </function>
        <function id="96249" token="0x60002f3" name="set_Icazeler(Microsoft.EntityFrameworkCore.DbSet&lt;AzAgroPOS.Varliglar.Icaze&gt;)" namespace="AzAgroPOS.Verilenler.Kontekst" type_name="AzAgroPOSDbContext" block_coverage="100.00" line_coverage="100.00" blocks_covered="1" blocks_not_covered="0" lines_covered="1" lines_partially_covered="0" lines_not_covered="0">
          <ranges>
            <range source_id="66" start_line="38" end_line="38" start_column="41" end_column="45" covered="yes" />
          </ranges>
        </function>
        <function id="96258" token="0x60002f4" name="get_RolIcazeleri()" namespace="AzAgroPOS.Verilenler.Kontekst" type_name="AzAgroPOSDbContext" block_coverage="0.00" line_coverage="0.00" blocks_covered="0" blocks_not_covered="1" lines_covered="0" lines_partially_covered="0" lines_not_covered="1">
          <ranges>
            <range source_id="66" start_line="39" end_line="39" start_column="45" end_column="49" covered="no" />
          </ranges>
        </function>
        <function id="96266" token="0x60002f5" name="set_RolIcazeleri(Microsoft.EntityFrameworkCore.DbSet&lt;AzAgroPOS.Varliglar.RolIcazesi&gt;)" namespace="AzAgroPOS.Verilenler.Kontekst" type_name="AzAgroPOSDbContext" block_coverage="100.00" line_coverage="100.00" blocks_covered="1" blocks_not_covered="0" lines_covered="1" lines_partially_covered="0" lines_not_covered="0">
          <ranges>
            <range source_id="66" start_line="39" end_line="39" start_column="50" end_column="54" covered="yes" />
          </ranges>
        </function>
        <function id="96276" token="0x60002f6" name="OnModelCreating(Microsoft.EntityFrameworkCore.ModelBuilder)" namespace="AzAgroPOS.Verilenler.Kontekst" type_name="AzAgroPOSDbContext" block_coverage="100.00" line_coverage="100.00" blocks_covered="1004" blocks_not_covered="0" lines_covered="201" lines_partially_covered="0" lines_not_covered="0">
          <ranges>
            <range source_id="66" start_line="42" end_line="42" start_column="5" end_column="6" covered="yes" />
            <range source_id="66" start_line="43" end_line="43" start_column="9" end_column="44" covered="yes" />
            <range source_id="66" start_line="45" end_line="45" start_column="9" end_column="110" covered="yes" />
            <range source_id="66" start_line="46" end_line="46" start_column="9" end_column="107" covered="yes" />
            <range source_id="66" start_line="47" end_line="47" start_column="9" end_column="108" covered="yes" />
            <range source_id="66" start_line="48" end_line="48" start_column="9" end_column="100" covered="yes" />
            <range source_id="66" start_line="49" end_line="49" start_column="9" end_column="99" covered="yes" />
            <range source_id="66" start_line="50" end_line="50" start_column="9" end_column="102" covered="yes" />
            <range source_id="66" start_line="51" end_line="51" start_column="9" end_column="99" covered="yes" />
            <range source_id="66" start_line="52" end_line="52" start_column="9" end_column="98" covered="yes" />
            <range source_id="66" start_line="53" end_line="53" start_column="9" end_column="99" covered="yes" />
            <range source_id="66" start_line="54" end_line="54" start_column="9" end_column="102" covered="yes" />
            <range source_id="66" start_line="55" end_line="55" start_column="9" end_column="103" covered="yes" />
            <range source_id="66" start_line="56" end_line="56" start_column="9" end_column="104" covered="yes" />
            <range source_id="66" start_line="57" end_line="57" start_column="9" end_column="101" covered="yes" />
            <range source_id="66" start_line="58" end_line="58" start_column="9" end_column="91" covered="yes" />
            <range source_id="66" start_line="59" end_line="59" start_column="9" end_column="105" covered="yes" />
            <range source_id="66" start_line="60" end_line="60" start_column="9" end_column="114" covered="yes" />
            <range source_id="66" start_line="61" end_line="61" start_column="9" end_column="110" covered="yes" />
            <range source_id="66" start_line="62" end_line="62" start_column="9" end_column="103" covered="yes" />
            <range source_id="66" start_line="63" end_line="63" start_column="9" end_column="112" covered="yes" />
            <range source_id="66" start_line="64" end_line="64" start_column="9" end_column="108" covered="yes" />
            <range source_id="66" start_line="65" end_line="65" start_column="9" end_column="103" covered="yes" />
            <range source_id="66" start_line="68" end_line="68" start_column="9" end_column="87" covered="yes" />
            <range source_id="66" start_line="69" end_line="69" start_column="9" end_column="88" covered="yes" />
            <range source_id="66" start_line="70" end_line="70" start_column="9" end_column="86" covered="yes" />
            <range source_id="66" start_line="71" end_line="71" start_column="9" end_column="94" covered="yes" />
            <range source_id="66" start_line="72" end_line="72" start_column="9" end_column="91" covered="yes" />
            <range source_id="66" start_line="73" end_line="73" start_column="9" end_column="84" covered="yes" />
            <range source_id="66" start_line="74" end_line="74" start_column="9" end_column="96" covered="yes" />
            <range source_id="66" start_line="75" end_line="75" start_column="9" end_column="86" covered="yes" />
            <range source_id="66" start_line="76" end_line="76" start_column="9" end_column="86" covered="yes" />
            <range source_id="66" start_line="77" end_line="77" start_column="9" end_column="85" covered="yes" />
            <range source_id="66" start_line="78" end_line="78" start_column="9" end_column="97" covered="yes" />
            <range source_id="66" start_line="79" end_line="79" start_column="9" end_column="91" covered="yes" />
            <range source_id="66" start_line="80" end_line="80" start_column="9" end_column="90" covered="yes" />
            <range source_id="66" start_line="81" end_line="81" start_column="9" end_column="98" covered="yes" />
            <range source_id="66" start_line="82" end_line="82" start_column="9" end_column="102" covered="yes" />
            <range source_id="66" start_line="83" end_line="83" start_column="9" end_column="96" covered="yes" />
            <range source_id="66" start_line="84" end_line="84" start_column="9" end_column="104" covered="yes" />
            <range source_id="66" start_line="85" end_line="85" start_column="9" end_column="97" covered="yes" />
            <range source_id="66" start_line="86" end_line="86" start_column="9" end_column="91" covered="yes" />
            <range source_id="66" start_line="87" end_line="87" start_column="9" end_column="86" covered="yes" />
            <range source_id="66" start_line="88" end_line="88" start_column="9" end_column="89" covered="yes" />
            <range source_id="66" start_line="89" end_line="89" start_column="9" end_column="97" covered="yes" />
            <range source_id="66" start_line="90" end_line="90" start_column="9" end_column="99" covered="yes" />
            <range source_id="66" start_line="91" end_line="91" start_column="9" end_column="94" covered="yes" />
            <range source_id="66" start_line="92" end_line="92" start_column="9" end_column="86" covered="yes" />
            <range source_id="66" start_line="93" end_line="93" start_column="9" end_column="93" covered="yes" />
            <range source_id="66" start_line="95" end_line="99" start_column="9" end_column="47" covered="yes" />
            <range source_id="66" start_line="101" end_line="105" start_column="9" end_column="47" covered="yes" />
            <range source_id="66" start_line="107" end_line="111" start_column="9" end_column="48" covered="yes" />
            <range source_id="66" start_line="113" end_line="117" start_column="9" end_column="48" covered="yes" />
            <range source_id="66" start_line="119" end_line="123" start_column="9" end_column="48" covered="yes" />
            <range source_id="66" start_line="125" end_line="129" start_column="9" end_column="47" covered="yes" />
            <range source_id="66" start_line="131" end_line="135" start_column="9" end_column="47" covered="yes" />
            <range source_id="66" start_line="137" end_line="141" start_column="9" end_column="48" covered="yes" />
            <range source_id="66" start_line="143" end_line="147" start_column="9" end_column="48" covered="yes" />
            <range source_id="66" start_line="149" end_line="153" start_column="9" end_column="47" covered="yes" />
            <range source_id="66" start_line="155" end_line="159" start_column="9" end_column="47" covered="yes" />
            <range source_id="66" start_line="161" end_line="165" start_column="9" end_column="47" covered="yes" />
            <range source_id="66" start_line="167" end_line="171" start_column="9" end_column="47" covered="yes" />
            <range source_id="66" start_line="173" end_line="177" start_column="9" end_column="48" covered="yes" />
            <range source_id="66" start_line="179" end_line="183" start_column="9" end_column="47" covered="yes" />
            <range source_id="66" start_line="185" end_line="189" start_column="9" end_column="48" covered="yes" />
            <range source_id="66" start_line="191" end_line="195" start_column="9" end_column="47" covered="yes" />
            <range source_id="66" start_line="197" end_line="201" start_column="9" end_column="48" covered="yes" />
            <range source_id="66" start_line="203" end_line="207" start_column="9" end_column="48" covered="yes" />
            <range source_id="66" start_line="209" end_line="213" start_column="9" end_column="48" covered="yes" />
            <range source_id="66" start_line="215" end_line="219" start_column="9" end_column="47" covered="yes" />
            <range source_id="66" start_line="222" end_line="226" start_column="9" end_column="47" covered="yes" />
            <range source_id="66" start_line="229" end_line="233" start_column="9" end_column="47" covered="yes" />
            <range source_id="66" start_line="236" end_line="240" start_column="9" end_column="47" covered="yes" />
            <range source_id="66" start_line="243" end_line="247" start_column="9" end_column="48" covered="yes" />
            <range source_id="66" start_line="250" end_line="254" start_column="9" end_column="48" covered="yes" />
            <range source_id="66" start_line="257" end_line="261" start_column="9" end_column="47" covered="yes" />
            <range source_id="66" start_line="264" end_line="268" start_column="9" end_column="48" covered="yes" />
            <range source_id="66" start_line="271" end_line="275" start_column="9" end_column="47" covered="yes" />
            <range source_id="66" start_line="277" end_line="281" start_column="9" end_column="47" covered="yes" />
            <range source_id="66" start_line="283" end_line="283" start_column="9" end_column="32" covered="yes" />
            <range source_id="66" start_line="284" end_line="284" start_column="5" end_column="6" covered="yes" />
          </ranges>
        </function>
        <function id="106076" token="0x60002f7" name="SeedData(Microsoft.EntityFrameworkCore.ModelBuilder)" namespace="AzAgroPOS.Verilenler.Kontekst" type_name="AzAgroPOSDbContext" block_coverage="100.00" line_coverage="100.00" blocks_covered="195" blocks_not_covered="0" lines_covered="103" lines_partially_covered="0" lines_not_covered="0">
          <ranges>
            <range source_id="66" start_line="287" end_line="287" start_column="5" end_column="6" covered="yes" />
            <range source_id="66" start_line="288" end_line="288" start_column="9" end_column="58" covered="yes" />
            <range source_id="66" start_line="289" end_line="289" start_column="9" end_column="60" covered="yes" />
            <range source_id="66" start_line="290" end_line="290" start_column="9" end_column="67" covered="yes" />
            <range source_id="66" start_line="292" end_line="299" start_column="9" end_column="11" covered="yes" />
            <range source_id="66" start_line="300" end_line="300" start_column="9" end_column="68" covered="yes" />
            <range source_id="66" start_line="302" end_line="306" start_column="9" end_column="14" covered="yes" />
            <range source_id="66" start_line="309" end_line="344" start_column="9" end_column="11" covered="yes" />
            <range source_id="66" start_line="347" end_line="370" start_column="9" end_column="11" covered="yes" />
            <range source_id="66" start_line="373" end_line="377" start_column="9" end_column="11" covered="yes" />
            <range source_id="66" start_line="379" end_line="383" start_column="9" end_column="11" covered="yes" />
            <range source_id="66" start_line="386" end_line="392" start_column="9" end_column="11" covered="yes" />
            <range source_id="66" start_line="395" end_line="401" start_column="9" end_column="11" covered="yes" />
            <range source_id="66" start_line="402" end_line="402" start_column="5" end_column="6" covered="yes" />
          </ranges>
        </function>
        <function id="108008" token="0x60002f8" name="CreateDbContext(string[])" namespace="AzAgroPOS.Verilenler.Kontekst" type_name="DesignTimeDbContextFactory" block_coverage="0.00" line_coverage="0.00" blocks_covered="0" blocks_not_covered="12" lines_covered="0" lines_partially_covered="0" lines_not_covered="10">
          <ranges>
            <range source_id="67" start_line="14" end_line="14" start_column="9" end_column="10" covered="no" />
            <range source_id="67" start_line="15" end_line="15" start_column="13" end_column="84" covered="no" />
            <range source_id="67" start_line="18" end_line="20" start_column="13" end_column="89" covered="no" />
            <range source_id="67" start_line="22" end_line="22" start_column="13" end_column="60" covered="no" />
            <range source_id="67" start_line="25" end_line="25" start_column="13" end_column="94" covered="no" />
            <range source_id="67" start_line="27" end_line="27" start_column="13" end_column="59" covered="no" />
            <range source_id="67" start_line="29" end_line="29" start_column="13" end_column="67" covered="no" />
            <range source_id="67" start_line="30" end_line="30" start_column="9" end_column="10" covered="no" />
          </ranges>
        </function>
        <function id="108140" token="0x6000324" name="MoveNext()" namespace="AzAgroPOS.Verilenler.Realizasialar" type_name="KonfiqurasiyaRepozitori.&lt;AcarlaGetirAsync&gt;d__1" block_coverage="0.00" line_coverage="0.00" blocks_covered="0" blocks_not_covered="18" lines_covered="0" lines_partially_covered="0" lines_not_covered="3">
          <ranges>
            <range source_id="17" start_line="21" end_line="21" start_column="5" end_column="6" covered="no" />
            <range source_id="17" start_line="22" end_line="22" start_column="9" end_column="84" covered="no" />
            <range source_id="17" start_line="23" end_line="23" start_column="5" end_column="6" covered="no" />
          </ranges>
        </function>
        <function id="108560" token="0x6000327" name="MoveNext()" namespace="AzAgroPOS.Verilenler.Realizasialar" type_name="KonfiqurasiyaRepozitori.&lt;QruplaGetirAsync&gt;d__2" block_coverage="0.00" line_coverage="0.00" blocks_covered="0" blocks_not_covered="19" lines_covered="0" lines_partially_covered="0" lines_not_covered="3">
          <ranges>
            <range source_id="17" start_line="31" end_line="31" start_column="5" end_column="6" covered="no" />
            <range source_id="17" start_line="32" end_line="32" start_column="9" end_column="84" covered="no" />
            <range source_id="17" start_line="33" end_line="33" start_column="5" end_column="6" covered="no" />
          </ranges>
        </function>
        <function id="109016" token="0x600032d" name="MoveNext()" namespace="AzAgroPOS.Verilenler.Realizasialar" type_name="NovbeRepozitori.&lt;AktivNovbeniGetirAsync&gt;d__2" block_coverage="0.00" line_coverage="0.00" blocks_covered="0" blocks_not_covered="21" lines_covered="0" lines_partially_covered="0" lines_not_covered="5">
          <ranges>
            <range source_id="19" start_line="18" end_line="18" start_column="9" end_column="10" covered="no" />
            <range source_id="19" start_line="19" end_line="21" start_column="13" end_column="74" covered="no" />
            <range source_id="19" start_line="22" end_line="22" start_column="9" end_column="10" covered="no" />
          </ranges>
        </function>
        <function id="109428" token="0x6000330" name="MoveNext()" namespace="AzAgroPOS.Verilenler.Realizasialar" type_name="NovbeRepozitori.&lt;AktivNovbeniGetirAsync&gt;d__3" block_coverage="0.00" line_coverage="0.00" blocks_covered="0" blocks_not_covered="23" lines_covered="0" lines_partially_covered="0" lines_not_covered="4">
          <ranges>
            <range source_id="19" start_line="25" end_line="25" start_column="9" end_column="10" covered="no" />
            <range source_id="19" start_line="26" end_line="27" start_column="13" end_column="96" covered="no" />
            <range source_id="19" start_line="28" end_line="28" start_column="9" end_column="10" covered="no" />
          </ranges>
        </function>
        <function id="109920" token="0x6000336" name="MoveNext()" namespace="AzAgroPOS.Verilenler.Realizasialar" type_name="Repozitori.&lt;AxtarAsync&gt;d__3&lt;T&gt;" block_coverage="75.00" line_coverage="62.50" blocks_covered="15" blocks_not_covered="5" lines_covered="10" lines_partially_covered="0" lines_not_covered="6">
          <ranges>
            <range source_id="21" start_line="21" end_line="21" start_column="9" end_column="10" covered="yes" />
            <range source_id="21" start_line="22" end_line="22" start_column="13" end_column="42" covered="yes" />
            <range source_id="21" start_line="25" end_line="25" start_column="13" end_column="50" covered="yes" />
            <range source_id="21" start_line="27" end_line="27" start_column="13" end_column="32" covered="yes" />
            <range source_id="21" start_line="28" end_line="28" start_column="13" end_column="14" covered="yes" />
            <range source_id="21" start_line="29" end_line="29" start_column="17" end_column="45" covered="yes" />
            <range source_id="21" start_line="30" end_line="30" start_column="13" end_column="14" covered="yes" />
            <range source_id="21" start_line="32" end_line="32" start_column="13" end_column="43" covered="yes" />
            <range source_id="21" start_line="33" end_line="33" start_column="13" end_column="14" covered="no" />
            <range source_id="21" start_line="34" end_line="34" start_column="17" end_column="24" covered="no" />
            <range source_id="21" start_line="34" end_line="34" start_column="49" end_column="66" covered="no" />
            <range source_id="21" start_line="34" end_line="34" start_column="26" end_column="45" covered="no" />
            <range source_id="21" start_line="35" end_line="35" start_column="17" end_column="18" covered="no" />
            <range source_id="21" start_line="36" end_line="36" start_column="21" end_column="60" covered="no" />
            <range source_id="21" start_line="37" end_line="37" start_column="17" end_column="18" covered="no" />
            <range source_id="21" start_line="34" end_line="34" start_column="46" end_column="48" covered="no" />
            <range source_id="21" start_line="38" end_line="38" start_column="13" end_column="14" covered="no" />
            <range source_id="21" start_line="40" end_line="40" start_column="13" end_column="46" covered="yes" />
            <range source_id="21" start_line="41" end_line="41" start_column="9" end_column="10" covered="yes" />
          </ranges>
        </function>
        <function id="110440" token="0x6000339" name="MoveNext()" namespace="AzAgroPOS.Verilenler.Realizasialar" type_name="Repozitori.&lt;ButununuGetirAsync&gt;d__5&lt;T&gt;" block_coverage="100.00" line_coverage="100.00" blocks_covered="11" blocks_not_covered="0" lines_covered="3" lines_partially_covered="0" lines_not_covered="0">
          <ranges>
            <range source_id="21" start_line="49" end_line="49" start_column="9" end_column="10" covered="yes" />
            <range source_id="21" start_line="50" end_line="50" start_column="13" end_column="70" covered="yes" />
            <range source_id="21" start_line="51" end_line="51" start_column="9" end_column="10" covered="yes" />
          </ranges>
        </function>
        <function id="110744" token="0x600033c" name="MoveNext()" namespace="AzAgroPOS.Verilenler.Realizasialar" type_name="Repozitori.&lt;ButununuVeSilinmisleriGetirAsync&gt;d__11&lt;T&gt;" block_coverage="0.00" line_coverage="0.00" blocks_covered="0" blocks_not_covered="13" lines_covered="0" lines_partially_covered="0" lines_not_covered="15">
          <ranges>
            <range source_id="21" start_line="118" end_line="118" start_column="9" end_column="10" covered="no" />
            <range source_id="21" start_line="119" end_line="119" start_column="13" end_column="42" covered="no" />
            <range source_id="21" start_line="121" end_line="121" start_column="13" end_column="32" covered="no" />
            <range source_id="21" start_line="122" end_line="122" start_column="13" end_column="14" covered="no" />
            <range source_id="21" start_line="123" end_line="123" start_column="17" end_column="45" covered="no" />
            <range source_id="21" start_line="124" end_line="124" start_column="13" end_column="14" covered="no" />
            <range source_id="21" start_line="126" end_line="126" start_column="13" end_column="43" covered="no" />
            <range source_id="21" start_line="127" end_line="127" start_column="13" end_column="14" covered="no" />
            <range source_id="21" start_line="128" end_line="128" start_column="17" end_column="24" covered="no" />
            <range source_id="21" start_line="128" end_line="128" start_column="49" end_column="66" covered="no" />
            <range source_id="21" start_line="128" end_line="128" start_column="26" end_column="45" covered="no" />
            <range source_id="21" start_line="129" end_line="129" start_column="17" end_column="18" covered="no" />
            <range source_id="21" start_line="130" end_line="130" start_column="21" end_column="60" covered="no" />
            <range source_id="21" start_line="131" end_line="131" start_column="17" end_column="18" covered="no" />
            <range source_id="21" start_line="128" end_line="128" start_column="46" end_column="48" covered="no" />
            <range source_id="21" start_line="132" end_line="132" start_column="13" end_column="14" covered="no" />
            <range source_id="21" start_line="134" end_line="134" start_column="13" end_column="46" covered="no" />
            <range source_id="21" start_line="135" end_line="135" start_column="9" end_column="10" covered="no" />
          </ranges>
        </function>
        <function id="111184" token="0x600033f" name="MoveNext()" namespace="AzAgroPOS.Verilenler.Realizasialar" type_name="Repozitori.&lt;ElaveEtAsync&gt;d__6&lt;T&gt;" block_coverage="100.00" line_coverage="100.00" blocks_covered="4" blocks_not_covered="0" lines_covered="3" lines_partially_covered="0" lines_not_covered="0">
          <ranges>
            <range source_id="21" start_line="54" end_line="54" start_column="9" end_column="10" covered="yes" />
            <range source_id="21" start_line="55" end_line="55" start_column="13" end_column="43" covered="yes" />
            <range source_id="21" start_line="56" end_line="56" start_column="9" end_column="10" covered="yes" />
          </ranges>
        </function>
        <function id="111412" token="0x6000342" name="MoveNext()" namespace="AzAgroPOS.Verilenler.Realizasialar" type_name="Repozitori.&lt;GetirAsync&gt;d__4&lt;T&gt;" block_coverage="100.00" line_coverage="100.00" blocks_covered="18" blocks_not_covered="0" lines_covered="3" lines_partially_covered="0" lines_not_covered="0">
          <ranges>
            <range source_id="21" start_line="44" end_line="44" start_column="9" end_column="10" covered="yes" />
            <range source_id="21" start_line="45" end_line="45" start_column="13" end_column="84" covered="yes" />
            <range source_id="21" start_line="46" end_line="46" start_column="9" end_column="10" covered="yes" />
          </ranges>
        </function>
        <function id="111836" token="0x6000345" name="MoveNext()" namespace="AzAgroPOS.Verilenler.Realizasialar" type_name="Repozitori.&lt;SilinmisleriGetirAsync&gt;d__10&lt;T&gt;" block_coverage="0.00" line_coverage="0.00" blocks_covered="0" blocks_not_covered="19" lines_covered="0" lines_partially_covered="0" lines_not_covered="16">
          <ranges>
            <range source_id="21" start_line="89" end_line="89" start_column="9" end_column="10" covered="no" />
            <range source_id="21" start_line="90" end_line="90" start_column="13" end_column="42" covered="no" />
            <range source_id="21" start_line="93" end_line="93" start_column="13" end_column="49" covered="no" />
            <range source_id="21" start_line="95" end_line="95" start_column="13" end_column="32" covered="no" />
            <range source_id="21" start_line="96" end_line="96" start_column="13" end_column="14" covered="no" />
            <range source_id="21" start_line="97" end_line="97" start_column="17" end_column="45" covered="no" />
            <range source_id="21" start_line="98" end_line="98" start_column="13" end_column="14" covered="no" />
            <range source_id="21" start_line="100" end_line="100" start_column="13" end_column="43" covered="no" />
            <range source_id="21" start_line="101" end_line="101" start_column="13" end_column="14" covered="no" />
            <range source_id="21" start_line="102" end_line="102" start_column="17" end_column="24" covered="no" />
            <range source_id="21" start_line="102" end_line="102" start_column="49" end_column="66" covered="no" />
            <range source_id="21" start_line="102" end_line="102" start_column="26" end_column="45" covered="no" />
            <range source_id="21" start_line="103" end_line="103" start_column="17" end_column="18" covered="no" />
            <range source_id="21" start_line="104" end_line="104" start_column="21" end_column="60" covered="no" />
            <range source_id="21" start_line="105" end_line="105" start_column="17" end_column="18" covered="no" />
            <range source_id="21" start_line="102" end_line="102" start_column="46" end_column="48" covered="no" />
            <range source_id="21" start_line="106" end_line="106" start_column="13" end_column="14" covered="no" />
            <range source_id="21" start_line="108" end_line="108" start_column="13" end_column="46" covered="no" />
            <range source_id="21" start_line="109" end_line="109" start_column="9" end_column="10" covered="no" />
          </ranges>
        </function>
        <function id="112363" token="0x6000349" name="&lt;OnBeforeSaveChanges&gt;b__103_0(Microsoft.EntityFrameworkCore.ChangeTracking.EntityEntry)" namespace="AzAgroPOS.Verilenler.Realizasialar" type_name="UnitOfWork.&lt;&gt;c" block_coverage="0.00" line_coverage="0.00" blocks_covered="0" blocks_not_covered="12" lines_covered="0" lines_partially_covered="0" lines_not_covered="4">
          <ranges>
            <range source_id="28" start_line="265" end_line="268" start_column="25" end_column="57" covered="no" />
          </ranges>
        </function>
        <function id="112420" token="0x600034b" name="MoveNext()" namespace="AzAgroPOS.Verilenler.Realizasialar" type_name="UnitOfWork.&lt;DisposeAsync&gt;d__104" block_coverage="0.00" line_coverage="0.00" blocks_covered="0" blocks_not_covered="4" lines_covered="0" lines_partially_covered="0" lines_not_covered="3">
          <ranges>
            <range source_id="28" start_line="336" end_line="336" start_column="5" end_column="6" covered="no" />
            <range source_id="28" start_line="337" end_line="337" start_column="9" end_column="40" covered="no" />
            <range source_id="28" start_line="338" end_line="338" start_column="5" end_column="6" covered="no" />
          </ranges>
        </function>
        <function id="112632" token="0x600034e" name="MoveNext()" namespace="AzAgroPOS.Verilenler.Realizasialar" type_name="UnitOfWork.&lt;EmeliyyatiTesdiqleAsync&gt;d__102" block_coverage="0.00" line_coverage="0.00" blocks_covered="0" blocks_not_covered="23" lines_covered="0" lines_partially_covered="0" lines_not_covered="13">
          <ranges>
            <range source_id="28" start_line="238" end_line="238" start_column="5" end_column="6" covered="no" />
            <range source_id="28" start_line="240" end_line="240" start_column="9" end_column="50" covered="no" />
            <range source_id="28" start_line="242" end_line="242" start_column="9" end_column="57" covered="no" />
            <range source_id="28" start_line="245" end_line="245" start_column="9" end_column="32" covered="no" />
            <range source_id="28" start_line="246" end_line="246" start_column="9" end_column="10" covered="no" />
            <range source_id="28" start_line="247" end_line="247" start_column="13" end_column="20" covered="no" />
            <range source_id="28" start_line="247" end_line="247" start_column="40" end_column="52" covered="no" />
            <range source_id="28" start_line="247" end_line="247" start_column="22" end_column="36" covered="no" />
            <range source_id="28" start_line="248" end_line="248" start_column="13" end_column="14" covered="no" />
            <range source_id="28" start_line="249" end_line="249" start_column="17" end_column="68" covered="no" />
            <range source_id="28" start_line="250" end_line="250" start_column="13" end_column="14" covered="no" />
            <range source_id="28" start_line="247" end_line="247" start_column="37" end_column="39" covered="no" />
            <range source_id="28" start_line="251" end_line="251" start_column="13" end_column="48" covered="no" />
            <range source_id="28" start_line="252" end_line="252" start_column="9" end_column="10" covered="no" />
            <range source_id="28" start_line="254" end_line="254" start_column="9" end_column="23" covered="no" />
            <range source_id="28" start_line="255" end_line="255" start_column="5" end_column="6" covered="no" />
          </ranges>
        </function>
        <function id="113348" token="0x6000352" name="&lt;Up&gt;b__0_0(Microsoft.EntityFrameworkCore.Migrations.Operations.Builders.ColumnsBuilder)" namespace="AzAgroPOS.Verilenler.Migrations" type_name="IlkinQurulum.&lt;&gt;c" block_coverage="0.00" line_coverage="0.00" blocks_covered="0" blocks_not_covered="10" lines_covered="0" lines_partially_covered="0" lines_not_covered="11">
          <ranges>
            <range source_id="29" start_line="17" end_line="27" start_column="35" end_column="18" covered="no" />
          </ranges>
        </function>
        <function id="113892" token="0x6000353" name="&lt;Up&gt;b__0_1(Microsoft.EntityFrameworkCore.Migrations.Operations.Builders.CreateTableBuilder&lt;&lt;&gt;f__AnonymousType0&lt;Microsoft.EntityFrameworkCore.Migrations.Operations.Builders.OperationBuilder&lt;Microsoft.EntityFrameworkCore.Migrations.Operations.AddColumnOperation&gt;, Microsoft.EntityFrameworkCore.Migrations.Operations.Builders.OperationBuilder&lt;Microsoft.EntityFrameworkCore.Migrations.Operations.AddColumnOperation&gt;, Microsoft.EntityFrameworkCore.Migrations.Operations.Builders.OperationBuilder&lt;Microsoft.EntityFrameworkCore.Migrations.Operations.AddColumnOperation&gt;, Microsoft.EntityFrameworkCore.Migrations.Operations.Builders.OperationBuilder&lt;Microsoft.EntityFrameworkCore.Migrations.Operations.AddColumnOperation&gt;, Microsoft.EntityFrameworkCore.Migrations.Operations.Builders.OperationBuilder&lt;Microsoft.EntityFrameworkCore.Migrations.Operations.AddColumnOperation&gt;, Microsoft.EntityFrameworkCore.Migrations.Operations.Builders.OperationBuilder&lt;Microsoft.EntityFrameworkCore.Migrations.Operations.AddColumnOperation&gt;, Microsoft.EntityFrameworkCore.Migrations.Operations.Builders.OperationBuilder&lt;Microsoft.EntityFrameworkCore.Migrations.Operations.AddColumnOperation&gt;&gt;&gt;)" namespace="AzAgroPOS.Verilenler.Migrations" type_name="IlkinQurulum.&lt;&gt;c" block_coverage="0.00" line_coverage="0.00" blocks_covered="0" blocks_not_covered="7" lines_covered="0" lines_partially_covered="0" lines_not_covered="3">
          <ranges>
            <range source_id="29" start_line="29" end_line="29" start_column="17" end_column="18" covered="no" />
            <range source_id="29" start_line="30" end_line="30" start_column="21" end_column="65" covered="no" />
            <range source_id="29" start_line="31" end_line="31" start_column="17" end_column="18" covered="no" />
          </ranges>
        </function>
        <function id="113980" token="0x6000354" name="&lt;Up&gt;b__0_2(Microsoft.EntityFrameworkCore.Migrations.Operations.Builders.ColumnsBuilder)" namespace="AzAgroPOS.Verilenler.Migrations" type_name="IlkinQurulum.&lt;&gt;c" block_coverage="0.00" line_coverage="0.00" blocks_covered="0" blocks_not_covered="8" lines_covered="0" lines_partially_covered="0" lines_not_covered="9">
          <ranges>
            <range source_id="29" start_line="35" end_line="43" start_column="35" end_column="18" covered="no" />
          </ranges>
        </function>
        <function id="114380" token="0x6000355" name="&lt;Up&gt;b__0_3(Microsoft.EntityFrameworkCore.Migrations.Operations.Builders.CreateTableBuilder&lt;&lt;&gt;f__AnonymousType1&lt;Microsoft.EntityFrameworkCore.Migrations.Operations.Builders.OperationBuilder&lt;Microsoft.EntityFrameworkCore.Migrations.Operations.AddColumnOperation&gt;, Microsoft.EntityFrameworkCore.Migrations.Operations.Builders.OperationBuilder&lt;Microsoft.EntityFrameworkCore.Migrations.Operations.AddColumnOperation&gt;, Microsoft.EntityFrameworkCore.Migrations.Operations.Builders.OperationBuilder&lt;Microsoft.EntityFrameworkCore.Migrations.Operations.AddColumnOperation&gt;, Microsoft.EntityFrameworkCore.Migrations.Operations.Builders.OperationBuilder&lt;Microsoft.EntityFrameworkCore.Migrations.Operations.AddColumnOperation&gt;, Microsoft.EntityFrameworkCore.Migrations.Operations.Builders.OperationBuilder&lt;Microsoft.EntityFrameworkCore.Migrations.Operations.AddColumnOperation&gt;&gt;&gt;)" namespace="AzAgroPOS.Verilenler.Migrations" type_name="IlkinQurulum.&lt;&gt;c" block_coverage="0.00" line_coverage="0.00" blocks_covered="0" blocks_not_covered="7" lines_covered="0" lines_partially_covered="0" lines_not_covered="3">
          <ranges>
            <range source_id="29" start_line="45" end_line="45" start_column="17" end_column="18" covered="no" />
            <range source_id="29" start_line="46" end_line="46" start_column="21" end_column="66" covered="no" />
            <range source_id="29" start_line="47" end_line="47" start_column="17" end_column="18" covered="no" />
          </ranges>
        </function>
        <function id="114468" token="0x6000356" name="&lt;Up&gt;b__0_4(Microsoft.EntityFrameworkCore.Migrations.Operations.Builders.ColumnsBuilder)" namespace="AzAgroPOS.Verilenler.Migrations" type_name="IlkinQurulum.&lt;&gt;c" block_coverage="0.00" line_coverage="0.00" blocks_covered="0" blocks_not_covered="5" lines_covered="0" lines_partially_covered="0" lines_not_covered="6">
          <ranges>
            <range source_id="29" start_line="51" end_line="56" start_column="35" end_column="18" covered="no" />
          </ranges>
        </function>
        <function id="114648" token="0x6000357" name="&lt;Up&gt;b__0_5(Microsoft.EntityFrameworkCore.Migrations.Operations.Builders.CreateTableBuilder&lt;&lt;&gt;f__AnonymousType2&lt;Microsoft.EntityFrameworkCore.Migrations.Operations.Builders.OperationBuilder&lt;Microsoft.EntityFrameworkCore.Migrations.Operations.AddColumnOperation&gt;, Microsoft.EntityFrameworkCore.Migrations.Operations.Builders.OperationBuilder&lt;Microsoft.EntityFrameworkCore.Migrations.Operations.AddColumnOperation&gt;&gt;&gt;)" namespace="AzAgroPOS.Verilenler.Migrations" type_name="IlkinQurulum.&lt;&gt;c" block_coverage="0.00" line_coverage="0.00" blocks_covered="0" blocks_not_covered="7" lines_covered="0" lines_partially_covered="0" lines_not_covered="3">
          <ranges>
            <range source_id="29" start_line="58" end_line="58" start_column="17" end_column="18" covered="no" />
            <range source_id="29" start_line="59" end_line="59" start_column="21" end_column="62" covered="no" />
            <range source_id="29" start_line="60" end_line="60" start_column="17" end_column="18" covered="no" />
          </ranges>
        </function>
        <function id="114736" token="0x6000358" name="&lt;Up&gt;b__0_6(Microsoft.EntityFrameworkCore.Migrations.Operations.Builders.ColumnsBuilder)" namespace="AzAgroPOS.Verilenler.Migrations" type_name="IlkinQurulum.&lt;&gt;c" block_coverage="0.00" line_coverage="0.00" blocks_covered="0" blocks_not_covered="8" lines_covered="0" lines_partially_covered="0" lines_not_covered="9">
          <ranges>
            <range source_id="29" start_line="64" end_line="72" start_column="35" end_column="18" covered="no" />
          </ranges>
        </function>
        <function id="115136" token="0x6000359" name="&lt;Up&gt;b__0_7(Microsoft.EntityFrameworkCore.Migrations.Operations.Builders.CreateTableBuilder&lt;&lt;&gt;f__AnonymousType3&lt;Microsoft.EntityFrameworkCore.Migrations.Operations.Builders.OperationBuilder&lt;Microsoft.EntityFrameworkCore.Migrations.Operations.AddColumnOperation&gt;, Microsoft.EntityFrameworkCore.Migrations.Operations.Builders.OperationBuilder&lt;Microsoft.EntityFrameworkCore.Migrations.Operations.AddColumnOperation&gt;, Microsoft.EntityFrameworkCore.Migrations.Operations.Builders.OperationBuilder&lt;Microsoft.EntityFrameworkCore.Migrations.Operations.AddColumnOperation&gt;, Microsoft.EntityFrameworkCore.Migrations.Operations.Builders.OperationBuilder&lt;Microsoft.EntityFrameworkCore.Migrations.Operations.AddColumnOperation&gt;, Microsoft.EntityFrameworkCore.Migrations.Operations.Builders.OperationBuilder&lt;Microsoft.EntityFrameworkCore.Migrations.Operations.AddColumnOperation&gt;&gt;&gt;)" namespace="AzAgroPOS.Verilenler.Migrations" type_name="IlkinQurulum.&lt;&gt;c" block_coverage="0.00" line_coverage="0.00" blocks_covered="0" blocks_not_covered="13" lines_covered="0" lines_partially_covered="0" lines_not_covered="9">
          <ranges>
            <range source_id="29" start_line="74" end_line="74" start_column="17" end_column="18" covered="no" />
            <range source_id="29" start_line="75" end_line="75" start_column="21" end_column="69" covered="no" />
            <range source_id="29" start_line="76" end_line="81" start_column="21" end_column="62" covered="no" />
            <range source_id="29" start_line="82" end_line="82" start_column="17" end_column="18" covered="no" />
          </ranges>
        </function>
        <function id="115312" token="0x600035a" name="&lt;Up&gt;b__0_8(Microsoft.EntityFrameworkCore.Migrations.Operations.Builders.ColumnsBuilder)" namespace="AzAgroPOS.Verilenler.Migrations" type_name="IlkinQurulum.&lt;&gt;c" block_coverage="0.00" line_coverage="0.00" blocks_covered="0" blocks_not_covered="11" lines_covered="0" lines_partially_covered="0" lines_not_covered="12">
          <ranges>
            <range source_id="29" start_line="86" end_line="97" start_column="35" end_column="18" covered="no" />
          </ranges>
        </function>
        <function id="115932" token="0x600035b" name="&lt;Up&gt;b__0_9(Microsoft.EntityFrameworkCore.Migrations.Operations.Builders.CreateTableBuilder&lt;&lt;&gt;f__AnonymousType4&lt;Microsoft.EntityFrameworkCore.Migrations.Operations.Builders.OperationBuilder&lt;Microsoft.EntityFrameworkCore.Migrations.Operations.AddColumnOperation&gt;, Microsoft.EntityFrameworkCore.Migrations.Operations.Builders.OperationBuilder&lt;Microsoft.EntityFrameworkCore.Migrations.Operations.AddColumnOperation&gt;, Microsoft.EntityFrameworkCore.Migrations.Operations.Builders.OperationBuilder&lt;Microsoft.EntityFrameworkCore.Migrations.Operations.AddColumnOperation&gt;, Microsoft.EntityFrameworkCore.Migrations.Operations.Builders.OperationBuilder&lt;Microsoft.EntityFrameworkCore.Migrations.Operations.AddColumnOperation&gt;, Microsoft.EntityFrameworkCore.Migrations.Operations.Builders.OperationBuilder&lt;Microsoft.EntityFrameworkCore.Migrations.Operations.AddColumnOperation&gt;, Microsoft.EntityFrameworkCore.Migrations.Operations.Builders.OperationBuilder&lt;Microsoft.EntityFrameworkCore.Migrations.Operations.AddColumnOperation&gt;, Microsoft.EntityFrameworkCore.Migrations.Operations.Builders.OperationBuilder&lt;Microsoft.EntityFrameworkCore.Migrations.Operations.AddColumnOperation&gt;, Microsoft.EntityFrameworkCore.Migrations.Operations.Builders.OperationBuilder&lt;Microsoft.EntityFrameworkCore.Migrations.Operations.AddColumnOperation&gt;&gt;&gt;)" namespace="AzAgroPOS.Verilenler.Migrations" type_name="IlkinQurulum.&lt;&gt;c" block_coverage="0.00" line_coverage="0.00" blocks_covered="0" blocks_not_covered="13" lines_covered="0" lines_partially_covered="0" lines_not_covered="9">
          <ranges>
            <range source_id="29" start_line="99" end_line="99" start_column="17" end_column="18" covered="no" />
            <range source_id="29" start_line="100" end_line="100" start_column="21" end_column="64" covered="no" />
            <range source_id="29" start_line="101" end_line="106" start_column="21" end_column="62" covered="no" />
            <range source_id="29" start_line="107" end_line="107" start_column="17" end_column="18" covered="no" />
          </ranges>
        </function>
        <function id="116108" token="0x600035c" name="&lt;Up&gt;b__0_10(Microsoft.EntityFrameworkCore.Migrations.Operations.Builders.ColumnsBuilder)" namespace="AzAgroPOS.Verilenler.Migrations" type_name="IlkinQurulum.&lt;&gt;c" block_coverage="0.00" line_coverage="0.00" blocks_covered="0" blocks_not_covered="14" lines_covered="0" lines_partially_covered="0" lines_not_covered="15">
          <ranges>
            <range source_id="29" start_line="111" end_line="125" start_column="35" end_column="18" covered="no" />
          </ranges>
        </function>
        <function id="116944" token="0x600035d" name="&lt;Up&gt;b__0_11(Microsoft.EntityFrameworkCore.Migrations.Operations.Builders.CreateTableBuilder&lt;&lt;&gt;f__AnonymousType5&lt;Microsoft.EntityFrameworkCore.Migrations.Operations.Builders.OperationBuilder&lt;Microsoft.EntityFrameworkCore.Migrations.Operations.AddColumnOperation&gt;, Microsoft.EntityFrameworkCore.Migrations.Operations.Builders.OperationBuilder&lt;Microsoft.EntityFrameworkCore.Migrations.Operations.AddColumnOperation&gt;, Microsoft.EntityFrameworkCore.Migrations.Operations.Builders.OperationBuilder&lt;Microsoft.EntityFrameworkCore.Migrations.Operations.AddColumnOperation&gt;, Microsoft.EntityFrameworkCore.Migrations.Operations.Builders.OperationBuilder&lt;Microsoft.EntityFrameworkCore.Migrations.Operations.AddColumnOperation&gt;, Microsoft.EntityFrameworkCore.Migrations.Operations.Builders.OperationBuilder&lt;Microsoft.EntityFrameworkCore.Migrations.Operations.AddColumnOperation&gt;, Microsoft.EntityFrameworkCore.Migrations.Operations.Builders.OperationBuilder&lt;Microsoft.EntityFrameworkCore.Migrations.Operations.AddColumnOperation&gt;, Microsoft.EntityFrameworkCore.Migrations.Operations.Builders.OperationBuilder&lt;Microsoft.EntityFrameworkCore.Migrations.Operations.AddColumnOperation&gt;, Microsoft.EntityFrameworkCore.Migrations.Operations.Builders.OperationBuilder&lt;Microsoft.EntityFrameworkCore.Migrations.Operations.AddColumnOperation&gt;, Microsoft.EntityFrameworkCore.Migrations.Operations.Builders.OperationBuilder&lt;Microsoft.EntityFrameworkCore.Migrations.Operations.AddColumnOperation&gt;, Microsoft.EntityFrameworkCore.Migrations.Operations.Builders.OperationBuilder&lt;Microsoft.EntityFrameworkCore.Migrations.Operations.AddColumnOperation&gt;, Microsoft.EntityFrameworkCore.Migrations.Operations.Builders.OperationBuilder&lt;Microsoft.EntityFrameworkCore.Migrations.Operations.AddColumnOperation&gt;&gt;&gt;)" namespace="AzAgroPOS.Verilenler.Migrations" type_name="IlkinQurulum.&lt;&gt;c" block_coverage="0.00" line_coverage="0.00" blocks_covered="0" blocks_not_covered="13" lines_covered="0" lines_partially_covered="0" lines_not_covered="9">
          <ranges>
            <range source_id="29" start_line="127" end_line="127" start_column="17" end_column="18" covered="no" />
            <range source_id="29" start_line="128" end_line="128" start_column="21" end_column="72" covered="no" />
            <range source_id="29" start_line="129" end_line="134" start_column="21" end_column="63" covered="no" />
            <range source_id="29" start_line="135" end_line="135" start_column="17" end_column="18" covered="no" />
          </ranges>
        </function>
        <function id="117120" token="0x600035e" name="&lt;Up&gt;b__0_12(Microsoft.EntityFrameworkCore.Migrations.Operations.Builders.ColumnsBuilder)" namespace="AzAgroPOS.Verilenler.Migrations" type_name="IlkinQurulum.&lt;&gt;c" block_coverage="0.00" line_coverage="0.00" blocks_covered="0" blocks_not_covered="9" lines_covered="0" lines_partially_covered="0" lines_not_covered="10">
          <ranges>
            <range source_id="29" start_line="139" end_line="148" start_column="35" end_column="18" covered="no" />
          </ranges>
        </function>
        <function id="117592" token="0x600035f" name="&lt;Up&gt;b__0_13(Microsoft.EntityFrameworkCore.Migrations.Operations.Builders.CreateTableBuilder&lt;&lt;&gt;f__AnonymousType6&lt;Microsoft.EntityFrameworkCore.Migrations.Operations.Builders.OperationBuilder&lt;Microsoft.EntityFrameworkCore.Migrations.Operations.AddColumnOperation&gt;, Microsoft.EntityFrameworkCore.Migrations.Operations.Builders.OperationBuilder&lt;Microsoft.EntityFrameworkCore.Migrations.Operations.AddColumnOperation&gt;, Microsoft.EntityFrameworkCore.Migrations.Operations.Builders.OperationBuilder&lt;Microsoft.EntityFrameworkCore.Migrations.Operations.AddColumnOperation&gt;, Microsoft.EntityFrameworkCore.Migrations.Operations.Builders.OperationBuilder&lt;Microsoft.EntityFrameworkCore.Migrations.Operations.AddColumnOperation&gt;, Microsoft.EntityFrameworkCore.Migrations.Operations.Builders.OperationBuilder&lt;Microsoft.EntityFrameworkCore.Migrations.Operations.AddColumnOperation&gt;, Microsoft.EntityFrameworkCore.Migrations.Operations.Builders.OperationBuilder&lt;Microsoft.EntityFrameworkCore.Migrations.Operations.AddColumnOperation&gt;&gt;&gt;)" namespace="AzAgroPOS.Verilenler.Migrations" type_name="IlkinQurulum.&lt;&gt;c" block_coverage="0.00" line_coverage="0.00" blocks_covered="0" blocks_not_covered="19" lines_covered="0" lines_partially_covered="0" lines_not_covered="14">
          <ranges>
            <range source_id="29" start_line="150" end_line="150" start_column="17" end_column="18" covered="no" />
            <range source_id="29" start_line="151" end_line="151" start_column="21" end_column="64" covered="no" />
            <range source_id="29" start_line="152" end_line="156" start_column="21" end_column="48" covered="no" />
            <range source_id="29" start_line="157" end_line="162" start_column="21" end_column="63" covered="no" />
            <range source_id="29" start_line="163" end_line="163" start_column="17" end_column="18" covered="no" />
          </ranges>
        </function>
        <function id="117856" token="0x6000360" name="&lt;Up&gt;b__0_14(Microsoft.EntityFrameworkCore.Migrations.Operations.Builders.ColumnsBuilder)" namespace="AzAgroPOS.Verilenler.Migrations" type_name="IlkinQurulum.&lt;&gt;c" block_coverage="0.00" line_coverage="0.00" blocks_covered="0" blocks_not_covered="10" lines_covered="0" lines_partially_covered="0" lines_not_covered="11">
          <ranges>
            <range source_id="29" start_line="167" end_line="177" start_column="35" end_column="18" covered="no" />
          </ranges>
        </function>
        <function id="118400" token="0x6000361" name="&lt;Up&gt;b__0_15(Microsoft.EntityFrameworkCore.Migrations.Operations.Builders.CreateTableBuilder&lt;&lt;&gt;f__AnonymousType7&lt;Microsoft.EntityFrameworkCore.Migrations.Operations.Builders.OperationBuilder&lt;Microsoft.EntityFrameworkCore.Migrations.Operations.AddColumnOperation&gt;, Microsoft.EntityFrameworkCore.Migrations.Operations.Builders.OperationBuilder&lt;Microsoft.EntityFrameworkCore.Migrations.Operations.AddColumnOperation&gt;, Microsoft.EntityFrameworkCore.Migrations.Operations.Builders.OperationBuilder&lt;Microsoft.EntityFrameworkCore.Migrations.Operations.AddColumnOperation&gt;, Microsoft.EntityFrameworkCore.Migrations.Operations.Builders.OperationBuilder&lt;Microsoft.EntityFrameworkCore.Migrations.Operations.AddColumnOperation&gt;, Microsoft.EntityFrameworkCore.Migrations.Operations.Builders.OperationBuilder&lt;Microsoft.EntityFrameworkCore.Migrations.Operations.AddColumnOperation&gt;, Microsoft.EntityFrameworkCore.Migrations.Operations.Builders.OperationBuilder&lt;Microsoft.EntityFrameworkCore.Migrations.Operations.AddColumnOperation&gt;, Microsoft.EntityFrameworkCore.Migrations.Operations.Builders.OperationBuilder&lt;Microsoft.EntityFrameworkCore.Migrations.Operations.AddColumnOperation&gt;&gt;&gt;)" namespace="AzAgroPOS.Verilenler.Migrations" type_name="IlkinQurulum.&lt;&gt;c" block_coverage="0.00" line_coverage="0.00" blocks_covered="0" blocks_not_covered="19" lines_covered="0" lines_partially_covered="0" lines_not_covered="14">
          <ranges>
            <range source_id="29" start_line="179" end_line="179" start_column="17" end_column="18" covered="no" />
            <range source_id="29" start_line="180" end_line="180" start_column="21" end_column="72" covered="no" />
            <range source_id="29" start_line="181" end_line="186" start_column="21" end_column="62" covered="no" />
            <range source_id="29" start_line="187" end_line="191" start_column="21" end_column="48" covered="no" />
            <range source_id="29" start_line="192" end_line="192" start_column="17" end_column="18" covered="no" />
          </ranges>
        </function>
        <function id="118664" token="0x6000362" name="&lt;Up&gt;b__0_16(Microsoft.EntityFrameworkCore.Migrations.Operations.Builders.ColumnsBuilder)" namespace="AzAgroPOS.Verilenler.Migrations" type_name="IlkinQurulum.&lt;&gt;c" block_coverage="0.00" line_coverage="0.00" blocks_covered="0" blocks_not_covered="8" lines_covered="0" lines_partially_covered="0" lines_not_covered="9">
          <ranges>
            <range source_id="29" start_line="196" end_line="204" start_column="35" end_column="18" covered="no" />
          </ranges>
        </function>
        <function id="119064" token="0x6000363" name="&lt;Up&gt;b__0_17(Microsoft.EntityFrameworkCore.Migrations.Operations.Builders.CreateTableBuilder&lt;&lt;&gt;f__AnonymousType8&lt;Microsoft.EntityFrameworkCore.Migrations.Operations.Builders.OperationBuilder&lt;Microsoft.EntityFrameworkCore.Migrations.Operations.AddColumnOperation&gt;, Microsoft.EntityFrameworkCore.Migrations.Operations.Builders.OperationBuilder&lt;Microsoft.EntityFrameworkCore.Migrations.Operations.AddColumnOperation&gt;, Microsoft.EntityFrameworkCore.Migrations.Operations.Builders.OperationBuilder&lt;Microsoft.EntityFrameworkCore.Migrations.Operations.AddColumnOperation&gt;, Microsoft.EntityFrameworkCore.Migrations.Operations.Builders.OperationBuilder&lt;Microsoft.EntityFrameworkCore.Migrations.Operations.AddColumnOperation&gt;, Microsoft.EntityFrameworkCore.Migrations.Operations.Builders.OperationBuilder&lt;Microsoft.EntityFrameworkCore.Migrations.Operations.AddColumnOperation&gt;&gt;&gt;)" namespace="AzAgroPOS.Verilenler.Migrations" type_name="IlkinQurulum.&lt;&gt;c" block_coverage="0.00" line_coverage="0.00" blocks_covered="0" blocks_not_covered="19" lines_covered="0" lines_partially_covered="0" lines_not_covered="15">
          <ranges>
            <range source_id="29" start_line="206" end_line="206" start_column="17" end_column="18" covered="no" />
            <range source_id="29" start_line="207" end_line="207" start_column="21" end_column="70" covered="no" />
            <range source_id="29" start_line="208" end_line="213" start_column="21" end_column="62" covered="no" />
            <range source_id="29" start_line="214" end_line="219" start_column="21" end_column="62" covered="no" />
            <range source_id="29" start_line="220" end_line="220" start_column="17" end_column="18" covered="no" />
          </ranges>
        </function>
        <function id="119328" token="0x6000364" name="&lt;BuildTargetModel&gt;b__2_0(Microsoft.EntityFrameworkCore.Metadata.Builders.EntityTypeBuilder)" namespace="AzAgroPOS.Verilenler.Migrations" type_name="IlkinQurulum.&lt;&gt;c" block_coverage="0.00" line_coverage="0.00" blocks_covered="0" blocks_not_covered="22" lines_covered="0" lines_partially_covered="0" lines_not_covered="29">
          <ranges>
            <range source_id="30" start_line="29" end_line="29" start_column="17" end_column="18" covered="no" />
            <range source_id="30" start_line="30" end_line="32" start_column="21" end_column="47" covered="no" />
            <range source_id="30" start_line="34" end_line="34" start_column="21" end_column="97" covered="no" />
            <range source_id="30" start_line="36" end_line="38" start_column="21" end_column="57" covered="no" />
            <range source_id="30" start_line="40" end_line="42" start_column="21" end_column="57" covered="no" />
            <range source_id="30" start_line="44" end_line="45" start_column="21" end_column="47" covered="no" />
            <range source_id="30" start_line="47" end_line="49" start_column="21" end_column="57" covered="no" />
            <range source_id="30" start_line="51" end_line="51" start_column="21" end_column="36" covered="no" />
            <range source_id="30" start_line="53" end_line="53" start_column="21" end_column="41" covered="no" />
            <range source_id="30" start_line="55" end_line="55" start_column="21" end_column="48" covered="no" />
            <range source_id="30" start_line="57" end_line="65" start_column="21" end_column="28" covered="no" />
            <range source_id="30" start_line="66" end_line="66" start_column="17" end_column="18" covered="no" />
          </ranges>
        </function>
        <function id="119588" token="0x6000365" name="&lt;BuildTargetModel&gt;b__2_1(Microsoft.EntityFrameworkCore.Metadata.Builders.EntityTypeBuilder)" namespace="AzAgroPOS.Verilenler.Migrations" type_name="IlkinQurulum.&lt;&gt;c" block_coverage="0.00" line_coverage="0.00" blocks_covered="0" blocks_not_covered="33" lines_covered="0" lines_partially_covered="0" lines_not_covered="54">
          <ranges>
            <range source_id="30" start_line="69" end_line="69" start_column="17" end_column="18" covered="no" />
            <range source_id="30" start_line="70" end_line="72" start_column="21" end_column="47" covered="no" />
            <range source_id="30" start_line="74" end_line="74" start_column="21" end_column="97" covered="no" />
            <range source_id="30" start_line="76" end_line="78" start_column="21" end_column="57" covered="no" />
            <range source_id="30" start_line="80" end_line="81" start_column="21" end_column="58" covered="no" />
            <range source_id="30" start_line="83" end_line="85" start_column="21" end_column="57" covered="no" />
            <range source_id="30" start_line="87" end_line="88" start_column="21" end_column="47" covered="no" />
            <range source_id="30" start_line="90" end_line="91" start_column="21" end_column="58" covered="no" />
            <range source_id="30" start_line="93" end_line="95" start_column="21" end_column="57" covered="no" />
            <range source_id="30" start_line="97" end_line="97" start_column="21" end_column="36" covered="no" />
            <range source_id="30" start_line="99" end_line="99" start_column="21" end_column="44" covered="no" />
            <range source_id="30" start_line="101" end_line="131" start_column="21" end_column="28" covered="no" />
            <range source_id="30" start_line="132" end_line="132" start_column="17" end_column="18" covered="no" />
          </ranges>
        </function>
        <function id="120004" token="0x6000366" name="&lt;BuildTargetModel&gt;b__2_2(Microsoft.EntityFrameworkCore.Metadata.Builders.EntityTypeBuilder)" namespace="AzAgroPOS.Verilenler.Migrations" type_name="IlkinQurulum.&lt;&gt;c" block_coverage="0.00" line_coverage="0.00" blocks_covered="0" blocks_not_covered="18" lines_covered="0" lines_partially_covered="0" lines_not_covered="18">
          <ranges>
            <range source_id="30" start_line="135" end_line="135" start_column="17" end_column="18" covered="no" />
            <range source_id="30" start_line="136" end_line="138" start_column="21" end_column="47" covered="no" />
            <range source_id="30" start_line="140" end_line="140" start_column="21" end_column="97" covered="no" />
            <range source_id="30" start_line="142" end_line="144" start_column="21" end_column="57" covered="no" />
            <range source_id="30" start_line="146" end_line="148" start_column="21" end_column="57" covered="no" />
            <range source_id="30" start_line="150" end_line="151" start_column="21" end_column="58" covered="no" />
            <range source_id="30" start_line="153" end_line="154" start_column="21" end_column="57" covered="no" />
            <range source_id="30" start_line="156" end_line="156" start_column="21" end_column="36" covered="no" />
            <range source_id="30" start_line="158" end_line="158" start_column="21" end_column="45" covered="no" />
            <range source_id="30" start_line="159" end_line="159" start_column="17" end_column="18" covered="no" />
          </ranges>
        </function>
        <function id="120200" token="0x6000367" name="&lt;BuildTargetModel&gt;b__2_3(Microsoft.EntityFrameworkCore.Metadata.Builders.EntityTypeBuilder)" namespace="AzAgroPOS.Verilenler.Migrations" type_name="IlkinQurulum.&lt;&gt;c" block_coverage="0.00" line_coverage="0.00" blocks_covered="0" blocks_not_covered="22" lines_covered="0" lines_partially_covered="0" lines_not_covered="22">
          <ranges>
            <range source_id="30" start_line="162" end_line="162" start_column="17" end_column="18" covered="no" />
            <range source_id="30" start_line="163" end_line="165" start_column="21" end_column="47" covered="no" />
            <range source_id="30" start_line="167" end_line="167" start_column="21" end_column="97" covered="no" />
            <range source_id="30" start_line="169" end_line="170" start_column="21" end_column="47" covered="no" />
            <range source_id="30" start_line="172" end_line="173" start_column="21" end_column="58" covered="no" />
            <range source_id="30" start_line="175" end_line="176" start_column="21" end_column="47" covered="no" />
            <range source_id="30" start_line="178" end_line="179" start_column="21" end_column="57" covered="no" />
            <range source_id="30" start_line="181" end_line="182" start_column="21" end_column="47" covered="no" />
            <range source_id="30" start_line="184" end_line="185" start_column="21" end_column="53" covered="no" />
            <range source_id="30" start_line="187" end_line="187" start_column="21" end_column="36" covered="no" />
            <range source_id="30" start_line="189" end_line="189" start_column="21" end_column="45" covered="no" />
            <range source_id="30" start_line="191" end_line="191" start_column="21" end_column="43" covered="no" />
            <range source_id="30" start_line="193" end_line="193" start_column="21" end_column="51" covered="no" />
            <range source_id="30" start_line="194" end_line="194" start_column="17" end_column="18" covered="no" />
          </ranges>
        </function>
        <function id="120468" token="0x6000368" name="&lt;BuildTargetModel&gt;b__2_4(Microsoft.EntityFrameworkCore.Metadata.Builders.EntityTypeBuilder)" namespace="AzAgroPOS.Verilenler.Migrations" type_name="IlkinQurulum.&lt;&gt;c" block_coverage="0.00" line_coverage="0.00" blocks_covered="0" blocks_not_covered="23" lines_covered="0" lines_partially_covered="0" lines_not_covered="23">
          <ranges>
            <range source_id="30" start_line="197" end_line="197" start_column="17" end_column="18" covered="no" />
            <range source_id="30" start_line="198" end_line="200" start_column="21" end_column="47" covered="no" />
            <range source_id="30" start_line="202" end_line="202" start_column="21" end_column="97" covered="no" />
            <range source_id="30" start_line="204" end_line="205" start_column="21" end_column="53" covered="no" />
            <range source_id="30" start_line="207" end_line="208" start_column="21" end_column="53" covered="no" />
            <range source_id="30" start_line="210" end_line="211" start_column="21" end_column="58" covered="no" />
            <range source_id="30" start_line="213" end_line="214" start_column="21" end_column="58" covered="no" />
            <range source_id="30" start_line="216" end_line="217" start_column="21" end_column="58" covered="no" />
            <range source_id="30" start_line="219" end_line="220" start_column="21" end_column="47" covered="no" />
            <range source_id="30" start_line="222" end_line="223" start_column="21" end_column="47" covered="no" />
            <range source_id="30" start_line="225" end_line="225" start_column="21" end_column="36" covered="no" />
            <range source_id="30" start_line="227" end_line="227" start_column="21" end_column="42" covered="no" />
            <range source_id="30" start_line="229" end_line="229" start_column="21" end_column="43" covered="no" />
            <range source_id="30" start_line="230" end_line="230" start_column="17" end_column="18" covered="no" />
          </ranges>
        </function>
        <function id="120740" token="0x6000369" name="&lt;BuildTargetModel&gt;b__2_5(Microsoft.EntityFrameworkCore.Metadata.Builders.EntityTypeBuilder)" namespace="AzAgroPOS.Verilenler.Migrations" type_name="IlkinQurulum.&lt;&gt;c" block_coverage="0.00" line_coverage="0.00" blocks_covered="0" blocks_not_covered="14" lines_covered="0" lines_partially_covered="0" lines_not_covered="22">
          <ranges>
            <range source_id="30" start_line="233" end_line="233" start_column="17" end_column="18" covered="no" />
            <range source_id="30" start_line="234" end_line="236" start_column="21" end_column="47" covered="no" />
            <range source_id="30" start_line="238" end_line="238" start_column="21" end_column="97" covered="no" />
            <range source_id="30" start_line="240" end_line="242" start_column="21" end_column="57" covered="no" />
            <range source_id="30" start_line="244" end_line="244" start_column="21" end_column="36" covered="no" />
            <range source_id="30" start_line="246" end_line="246" start_column="21" end_column="41" covered="no" />
            <range source_id="30" start_line="248" end_line="258" start_column="21" end_column="28" covered="no" />
            <range source_id="30" start_line="259" end_line="259" start_column="17" end_column="18" covered="no" />
          </ranges>
        </function>
        <function id="120904" token="0x600036a" name="&lt;BuildTargetModel&gt;b__2_6(Microsoft.EntityFrameworkCore.Metadata.Builders.EntityTypeBuilder)" namespace="AzAgroPOS.Verilenler.Migrations" type_name="IlkinQurulum.&lt;&gt;c" block_coverage="0.00" line_coverage="0.00" blocks_covered="0" blocks_not_covered="20" lines_covered="0" lines_partially_covered="0" lines_not_covered="20">
          <ranges>
            <range source_id="30" start_line="262" end_line="262" start_column="17" end_column="18" covered="no" />
            <range source_id="30" start_line="263" end_line="265" start_column="21" end_column="47" covered="no" />
            <range source_id="30" start_line="267" end_line="267" start_column="21" end_column="97" covered="no" />
            <range source_id="30" start_line="269" end_line="270" start_column="21" end_column="47" covered="no" />
            <range source_id="30" start_line="272" end_line="273" start_column="21" end_column="47" covered="no" />
            <range source_id="30" start_line="275" end_line="276" start_column="21" end_column="47" covered="no" />
            <range source_id="30" start_line="278" end_line="279" start_column="21" end_column="53" covered="no" />
            <range source_id="30" start_line="281" end_line="282" start_column="21" end_column="58" covered="no" />
            <range source_id="30" start_line="284" end_line="284" start_column="21" end_column="36" covered="no" />
            <range source_id="30" start_line="286" end_line="286" start_column="21" end_column="45" covered="no" />
            <range source_id="30" start_line="288" end_line="288" start_column="21" end_column="43" covered="no" />
            <range source_id="30" start_line="290" end_line="290" start_column="21" end_column="43" covered="no" />
            <range source_id="30" start_line="291" end_line="291" start_column="17" end_column="18" covered="no" />
          </ranges>
        </function>
        <function id="121152" token="0x600036b" name="&lt;BuildTargetModel&gt;b__2_7(Microsoft.EntityFrameworkCore.Metadata.Builders.EntityTypeBuilder)" namespace="AzAgroPOS.Verilenler.Migrations" type_name="IlkinQurulum.&lt;&gt;c" block_coverage="0.00" line_coverage="0.00" blocks_covered="0" blocks_not_covered="18" lines_covered="0" lines_partially_covered="0" lines_not_covered="18">
          <ranges>
            <range source_id="30" start_line="294" end_line="294" start_column="17" end_column="18" covered="no" />
            <range source_id="30" start_line="295" end_line="297" start_column="21" end_column="47" covered="no" />
            <range source_id="30" start_line="299" end_line="299" start_column="21" end_column="97" covered="no" />
            <range source_id="30" start_line="301" end_line="302" start_column="21" end_column="47" covered="no" />
            <range source_id="30" start_line="304" end_line="305" start_column="21" end_column="47" covered="no" />
            <range source_id="30" start_line="307" end_line="308" start_column="21" end_column="58" covered="no" />
            <range source_id="30" start_line="310" end_line="311" start_column="21" end_column="47" covered="no" />
            <range source_id="30" start_line="313" end_line="313" start_column="21" end_column="36" covered="no" />
            <range source_id="30" start_line="315" end_line="315" start_column="21" end_column="44" covered="no" />
            <range source_id="30" start_line="317" end_line="317" start_column="21" end_column="43" covered="no" />
            <range source_id="30" start_line="319" end_line="319" start_column="21" end_column="49" covered="no" />
            <range source_id="30" start_line="320" end_line="320" start_column="17" end_column="18" covered="no" />
          </ranges>
        </function>
        <function id="121376" token="0x600036c" name="&lt;BuildTargetModel&gt;b__2_8(Microsoft.EntityFrameworkCore.Metadata.Builders.EntityTypeBuilder)" namespace="AzAgroPOS.Verilenler.Migrations" type_name="IlkinQurulum.&lt;&gt;c" block_coverage="0.00" line_coverage="0.00" blocks_covered="0" blocks_not_covered="33" lines_covered="0" lines_partially_covered="0" lines_not_covered="33">
          <ranges>
            <range source_id="30" start_line="323" end_line="323" start_column="17" end_column="18" covered="no" />
            <range source_id="30" start_line="324" end_line="326" start_column="21" end_column="47" covered="no" />
            <range source_id="30" start_line="328" end_line="328" start_column="21" end_column="97" covered="no" />
            <range source_id="30" start_line="330" end_line="332" start_column="21" end_column="57" covered="no" />
            <range source_id="30" start_line="334" end_line="335" start_column="21" end_column="47" covered="no" />
            <range source_id="30" start_line="337" end_line="339" start_column="21" end_column="57" covered="no" />
            <range source_id="30" start_line="341" end_line="343" start_column="21" end_column="57" covered="no" />
            <range source_id="30" start_line="345" end_line="347" start_column="21" end_column="57" covered="no" />
            <range source_id="30" start_line="349" end_line="350" start_column="21" end_column="53" covered="no" />
            <range source_id="30" start_line="352" end_line="353" start_column="21" end_column="47" covered="no" />
            <range source_id="30" start_line="355" end_line="356" start_column="21" end_column="53" covered="no" />
            <range source_id="30" start_line="358" end_line="359" start_column="21" end_column="58" covered="no" />
            <range source_id="30" start_line="361" end_line="362" start_column="21" end_column="58" covered="no" />
            <range source_id="30" start_line="364" end_line="364" start_column="21" end_column="36" covered="no" />
            <range source_id="30" start_line="366" end_line="366" start_column="21" end_column="42" covered="no" />
            <range source_id="30" start_line="368" end_line="368" start_column="21" end_column="51" covered="no" />
            <range source_id="30" start_line="369" end_line="369" start_column="17" end_column="18" covered="no" />
          </ranges>
        </function>
        <function id="121736" token="0x600036d" name="&lt;BuildTargetModel&gt;b__2_9(Microsoft.EntityFrameworkCore.Metadata.Builders.EntityTypeBuilder)" namespace="AzAgroPOS.Verilenler.Migrations" type_name="IlkinQurulum.&lt;&gt;c" block_coverage="0.00" line_coverage="0.00" blocks_covered="0" blocks_not_covered="7" lines_covered="0" lines_partially_covered="0" lines_not_covered="8">
          <ranges>
            <range source_id="30" start_line="372" end_line="372" start_column="17" end_column="18" covered="no" />
            <range source_id="30" start_line="373" end_line="377" start_column="21" end_column="39" covered="no" />
            <range source_id="30" start_line="379" end_line="379" start_column="21" end_column="41" covered="no" />
            <range source_id="30" start_line="380" end_line="380" start_column="17" end_column="18" covered="no" />
          </ranges>
        </function>
        <function id="121820" token="0x600036e" name="&lt;BuildTargetModel&gt;b__2_10(Microsoft.EntityFrameworkCore.Metadata.Builders.EntityTypeBuilder)" namespace="AzAgroPOS.Verilenler.Migrations" type_name="IlkinQurulum.&lt;&gt;c" block_coverage="0.00" line_coverage="0.00" blocks_covered="0" blocks_not_covered="11" lines_covered="0" lines_partially_covered="0" lines_not_covered="12">
          <ranges>
            <range source_id="30" start_line="383" end_line="383" start_column="17" end_column="18" covered="no" />
            <range source_id="30" start_line="384" end_line="388" start_column="21" end_column="39" covered="no" />
            <range source_id="30" start_line="390" end_line="392" start_column="21" end_column="51" covered="no" />
            <range source_id="30" start_line="394" end_line="394" start_column="21" end_column="45" covered="no" />
            <range source_id="30" start_line="396" end_line="396" start_column="21" end_column="43" covered="no" />
            <range source_id="30" start_line="397" end_line="397" start_column="17" end_column="18" covered="no" />
          </ranges>
        </function>
        <function id="121956" token="0x600036f" name="&lt;BuildTargetModel&gt;b__2_11(Microsoft.EntityFrameworkCore.Metadata.Builders.EntityTypeBuilder)" namespace="AzAgroPOS.Verilenler.Migrations" type_name="IlkinQurulum.&lt;&gt;c" block_coverage="0.00" line_coverage="0.00" blocks_covered="0" blocks_not_covered="7" lines_covered="0" lines_partially_covered="0" lines_not_covered="8">
          <ranges>
            <range source_id="30" start_line="400" end_line="400" start_column="17" end_column="18" covered="no" />
            <range source_id="30" start_line="401" end_line="405" start_column="21" end_column="39" covered="no" />
            <range source_id="30" start_line="407" end_line="407" start_column="21" end_column="42" covered="no" />
            <range source_id="30" start_line="408" end_line="408" start_column="17" end_column="18" covered="no" />
          </ranges>
        </function>
        <function id="122036" token="0x6000370" name="&lt;BuildTargetModel&gt;b__2_12(Microsoft.EntityFrameworkCore.Metadata.Builders.EntityTypeBuilder)" namespace="AzAgroPOS.Verilenler.Migrations" type_name="IlkinQurulum.&lt;&gt;c" block_coverage="0.00" line_coverage="0.00" blocks_covered="0" blocks_not_covered="11" lines_covered="0" lines_partially_covered="0" lines_not_covered="12">
          <ranges>
            <range source_id="30" start_line="411" end_line="411" start_column="17" end_column="18" covered="no" />
            <range source_id="30" start_line="412" end_line="414" start_column="21" end_column="53" covered="no" />
            <range source_id="30" start_line="416" end_line="420" start_column="21" end_column="39" covered="no" />
            <range source_id="30" start_line="422" end_line="422" start_column="21" end_column="45" covered="no" />
            <range source_id="30" start_line="424" end_line="424" start_column="21" end_column="43" covered="no" />
            <range source_id="30" start_line="425" end_line="425" start_column="17" end_column="18" covered="no" />
          </ranges>
        </function>
        <function id="122176" token="0x6000371" name="&lt;BuildTargetModel&gt;b__2_13(Microsoft.EntityFrameworkCore.Metadata.Builders.EntityTypeBuilder)" namespace="AzAgroPOS.Verilenler.Migrations" type_name="IlkinQurulum.&lt;&gt;c" block_coverage="0.00" line_coverage="0.00" blocks_covered="0" blocks_not_covered="13" lines_covered="0" lines_partially_covered="0" lines_not_covered="14">
          <ranges>
            <range source_id="30" start_line="428" end_line="428" start_column="17" end_column="18" covered="no" />
            <range source_id="30" start_line="429" end_line="433" start_column="21" end_column="39" covered="no" />
            <range source_id="30" start_line="435" end_line="439" start_column="21" end_column="39" covered="no" />
            <range source_id="30" start_line="441" end_line="441" start_column="21" end_column="44" covered="no" />
            <range source_id="30" start_line="443" end_line="443" start_column="21" end_column="43" covered="no" />
            <range source_id="30" start_line="444" end_line="444" start_column="17" end_column="18" covered="no" />
          </ranges>
        </function>
        <function id="122328" token="0x6000372" name="&lt;BuildTargetModel&gt;b__2_14(Microsoft.EntityFrameworkCore.Metadata.Builders.EntityTypeBuilder)" namespace="AzAgroPOS.Verilenler.Migrations" type_name="IlkinQurulum.&lt;&gt;c" block_coverage="0.00" line_coverage="0.00" blocks_covered="0" blocks_not_covered="6" lines_covered="0" lines_partially_covered="0" lines_not_covered="7">
          <ranges>
            <range source_id="30" start_line="447" end_line="447" start_column="17" end_column="18" covered="no" />
            <range source_id="30" start_line="448" end_line="451" start_column="21" end_column="60" covered="no" />
            <range source_id="30" start_line="453" end_line="453" start_column="21" end_column="42" covered="no" />
            <range source_id="30" start_line="454" end_line="454" start_column="17" end_column="18" covered="no" />
          </ranges>
        </function>
        <function id="122406" token="0x6000373" name="&lt;BuildTargetModel&gt;b__2_15(Microsoft.EntityFrameworkCore.Metadata.Builders.EntityTypeBuilder)" namespace="AzAgroPOS.Verilenler.Migrations" type_name="IlkinQurulum.&lt;&gt;c" block_coverage="0.00" line_coverage="0.00" blocks_covered="0" blocks_not_covered="2" lines_covered="0" lines_partially_covered="0" lines_not_covered="3">
          <ranges>
            <range source_id="30" start_line="457" end_line="457" start_column="17" end_column="18" covered="no" />
            <range source_id="30" start_line="458" end_line="458" start_column="21" end_column="54" covered="no" />
            <range source_id="30" start_line="459" end_line="459" start_column="17" end_column="18" covered="no" />
          </ranges>
        </function>
        <function id="122421" token="0x6000374" name="&lt;BuildTargetModel&gt;b__2_16(Microsoft.EntityFrameworkCore.Metadata.Builders.EntityTypeBuilder)" namespace="AzAgroPOS.Verilenler.Migrations" type_name="IlkinQurulum.&lt;&gt;c" block_coverage="0.00" line_coverage="0.00" blocks_covered="0" blocks_not_covered="2" lines_covered="0" lines_partially_covered="0" lines_not_covered="3">
          <ranges>
            <range source_id="30" start_line="462" end_line="462" start_column="17" end_column="18" covered="no" />
            <range source_id="30" start_line="463" end_line="463" start_column="21" end_column="46" covered="no" />
            <range source_id="30" start_line="464" end_line="464" start_column="17" end_column="18" covered="no" />
          </ranges>
        </function>
        <function id="122436" token="0x6000375" name="&lt;BuildTargetModel&gt;b__2_17(Microsoft.EntityFrameworkCore.Metadata.Builders.EntityTypeBuilder)" namespace="AzAgroPOS.Verilenler.Migrations" type_name="IlkinQurulum.&lt;&gt;c" block_coverage="0.00" line_coverage="0.00" blocks_covered="0" blocks_not_covered="2" lines_covered="0" lines_partially_covered="0" lines_not_covered="3">
          <ranges>
            <range source_id="30" start_line="467" end_line="467" start_column="17" end_column="18" covered="no" />
            <range source_id="30" start_line="468" end_line="468" start_column="21" end_column="51" covered="no" />
            <range source_id="30" start_line="469" end_line="469" start_column="17" end_column="18" covered="no" />
          </ranges>
        </function>
        <function id="122451" token="0x6000376" name="&lt;BuildTargetModel&gt;b__2_18(Microsoft.EntityFrameworkCore.Metadata.Builders.EntityTypeBuilder)" namespace="AzAgroPOS.Verilenler.Migrations" type_name="IlkinQurulum.&lt;&gt;c" block_coverage="0.00" line_coverage="0.00" blocks_covered="0" blocks_not_covered="2" lines_covered="0" lines_partially_covered="0" lines_not_covered="3">
          <ranges>
            <range source_id="30" start_line="472" end_line="472" start_column="17" end_column="18" covered="no" />
            <range source_id="30" start_line="473" end_line="473" start_column="21" end_column="52" covered="no" />
            <range source_id="30" start_line="474" end_line="474" start_column="17" end_column="18" covered="no" />
          </ranges>
        </function>
        <function id="122488" token="0x6000379" name="&lt;BuildTargetModel&gt;b__2_0(Microsoft.EntityFrameworkCore.Metadata.Builders.EntityTypeBuilder)" namespace="AzAgroPOS.Verilenler.Migrations" type_name="MehsulaOlcuVahidiElaveEdildi.&lt;&gt;c" block_coverage="0.00" line_coverage="0.00" blocks_covered="0" blocks_not_covered="22" lines_covered="0" lines_partially_covered="0" lines_not_covered="29">
          <ranges>
            <range source_id="32" start_line="29" end_line="29" start_column="17" end_column="18" covered="no" />
            <range source_id="32" start_line="30" end_line="32" start_column="21" end_column="47" covered="no" />
            <range source_id="32" start_line="34" end_line="34" start_column="21" end_column="97" covered="no" />
            <range source_id="32" start_line="36" end_line="38" start_column="21" end_column="57" covered="no" />
            <range source_id="32" start_line="40" end_line="42" start_column="21" end_column="57" covered="no" />
            <range source_id="32" start_line="44" end_line="45" start_column="21" end_column="47" covered="no" />
            <range source_id="32" start_line="47" end_line="49" start_column="21" end_column="57" covered="no" />
            <range source_id="32" start_line="51" end_line="51" start_column="21" end_column="36" covered="no" />
            <range source_id="32" start_line="53" end_line="53" start_column="21" end_column="41" covered="no" />
            <range source_id="32" start_line="55" end_line="55" start_column="21" end_column="48" covered="no" />
            <range source_id="32" start_line="57" end_line="65" start_column="21" end_column="28" covered="no" />
            <range source_id="32" start_line="66" end_line="66" start_column="17" end_column="18" covered="no" />
          </ranges>
        </function>
        <function id="122748" token="0x600037a" name="&lt;BuildTargetModel&gt;b__2_1(Microsoft.EntityFrameworkCore.Metadata.Builders.EntityTypeBuilder)" namespace="AzAgroPOS.Verilenler.Migrations" type_name="MehsulaOlcuVahidiElaveEdildi.&lt;&gt;c" block_coverage="0.00" line_coverage="0.00" blocks_covered="0" blocks_not_covered="35" lines_covered="0" lines_partially_covered="0" lines_not_covered="59">
          <ranges>
            <range source_id="32" start_line="69" end_line="69" start_column="17" end_column="18" covered="no" />
            <range source_id="32" start_line="70" end_line="72" start_column="21" end_column="47" covered="no" />
            <range source_id="32" start_line="74" end_line="74" start_column="21" end_column="97" covered="no" />
            <range source_id="32" start_line="76" end_line="78" start_column="21" end_column="57" covered="no" />
            <range source_id="32" start_line="80" end_line="81" start_column="21" end_column="58" covered="no" />
            <range source_id="32" start_line="83" end_line="85" start_column="21" end_column="57" covered="no" />
            <range source_id="32" start_line="87" end_line="88" start_column="21" end_column="47" covered="no" />
            <range source_id="32" start_line="90" end_line="91" start_column="21" end_column="47" covered="no" />
            <range source_id="32" start_line="93" end_line="94" start_column="21" end_column="58" covered="no" />
            <range source_id="32" start_line="96" end_line="98" start_column="21" end_column="57" covered="no" />
            <range source_id="32" start_line="100" end_line="100" start_column="21" end_column="36" covered="no" />
            <range source_id="32" start_line="102" end_line="102" start_column="21" end_column="44" covered="no" />
            <range source_id="32" start_line="104" end_line="137" start_column="21" end_column="28" covered="no" />
            <range source_id="32" start_line="138" end_line="138" start_column="17" end_column="18" covered="no" />
          </ranges>
        </function>
        <function id="123192" token="0x600037b" name="&lt;BuildTargetModel&gt;b__2_2(Microsoft.EntityFrameworkCore.Metadata.Builders.EntityTypeBuilder)" namespace="AzAgroPOS.Verilenler.Migrations" type_name="MehsulaOlcuVahidiElaveEdildi.&lt;&gt;c" block_coverage="0.00" line_coverage="0.00" blocks_covered="0" blocks_not_covered="18" lines_covered="0" lines_partially_covered="0" lines_not_covered="18">
          <ranges>
            <range source_id="32" start_line="141" end_line="141" start_column="17" end_column="18" covered="no" />
            <range source_id="32" start_line="142" end_line="144" start_column="21" end_column="47" covered="no" />
            <range source_id="32" start_line="146" end_line="146" start_column="21" end_column="97" covered="no" />
            <range source_id="32" start_line="148" end_line="150" start_column="21" end_column="57" covered="no" />
            <range source_id="32" start_line="152" end_line="154" start_column="21" end_column="57" covered="no" />
            <range source_id="32" start_line="156" end_line="157" start_column="21" end_column="58" covered="no" />
            <range source_id="32" start_line="159" end_line="160" start_column="21" end_column="57" covered="no" />
            <range source_id="32" start_line="162" end_line="162" start_column="21" end_column="36" covered="no" />
            <range source_id="32" start_line="164" end_line="164" start_column="21" end_column="45" covered="no" />
            <range source_id="32" start_line="165" end_line="165" start_column="17" end_column="18" covered="no" />
          </ranges>
        </function>
        <function id="123388" token="0x600037c" name="&lt;BuildTargetModel&gt;b__2_3(Microsoft.EntityFrameworkCore.Metadata.Builders.EntityTypeBuilder)" namespace="AzAgroPOS.Verilenler.Migrations" type_name="MehsulaOlcuVahidiElaveEdildi.&lt;&gt;c" block_coverage="0.00" line_coverage="0.00" blocks_covered="0" blocks_not_covered="22" lines_covered="0" lines_partially_covered="0" lines_not_covered="22">
          <ranges>
            <range source_id="32" start_line="168" end_line="168" start_column="17" end_column="18" covered="no" />
            <range source_id="32" start_line="169" end_line="171" start_column="21" end_column="47" covered="no" />
            <range source_id="32" start_line="173" end_line="173" start_column="21" end_column="97" covered="no" />
            <range source_id="32" start_line="175" end_line="176" start_column="21" end_column="47" covered="no" />
            <range source_id="32" start_line="178" end_line="179" start_column="21" end_column="58" covered="no" />
            <range source_id="32" start_line="181" end_line="182" start_column="21" end_column="47" covered="no" />
            <range source_id="32" start_line="184" end_line="185" start_column="21" end_column="57" covered="no" />
            <range source_id="32" start_line="187" end_line="188" start_column="21" end_column="47" covered="no" />
            <range source_id="32" start_line="190" end_line="191" start_column="21" end_column="53" covered="no" />
            <range source_id="32" start_line="193" end_line="193" start_column="21" end_column="36" covered="no" />
            <range source_id="32" start_line="195" end_line="195" start_column="21" end_column="45" covered="no" />
            <range source_id="32" start_line="197" end_line="197" start_column="21" end_column="43" covered="no" />
            <range source_id="32" start_line="199" end_line="199" start_column="21" end_column="51" covered="no" />
            <range source_id="32" start_line="200" end_line="200" start_column="17" end_column="18" covered="no" />
          </ranges>
        </function>
        <function id="123656" token="0x600037d" name="&lt;BuildTargetModel&gt;b__2_4(Microsoft.EntityFrameworkCore.Metadata.Builders.EntityTypeBuilder)" namespace="AzAgroPOS.Verilenler.Migrations" type_name="MehsulaOlcuVahidiElaveEdildi.&lt;&gt;c" block_coverage="0.00" line_coverage="0.00" blocks_covered="0" blocks_not_covered="23" lines_covered="0" lines_partially_covered="0" lines_not_covered="23">
          <ranges>
            <range source_id="32" start_line="203" end_line="203" start_column="17" end_column="18" covered="no" />
            <range source_id="32" start_line="204" end_line="206" start_column="21" end_column="47" covered="no" />
            <range source_id="32" start_line="208" end_line="208" start_column="21" end_column="97" covered="no" />
            <range source_id="32" start_line="210" end_line="211" start_column="21" end_column="53" covered="no" />
            <range source_id="32" start_line="213" end_line="214" start_column="21" end_column="53" covered="no" />
            <range source_id="32" start_line="216" end_line="217" start_column="21" end_column="58" covered="no" />
            <range source_id="32" start_line="219" end_line="220" start_column="21" end_column="58" covered="no" />
            <range source_id="32" start_line="222" end_line="223" start_column="21" end_column="58" covered="no" />
            <range source_id="32" start_line="225" end_line="226" start_column="21" end_column="47" covered="no" />
            <range source_id="32" start_line="228" end_line="229" start_column="21" end_column="47" covered="no" />
            <range source_id="32" start_line="231" end_line="231" start_column="21" end_column="36" covered="no" />
            <range source_id="32" start_line="233" end_line="233" start_column="21" end_column="42" covered="no" />
            <range source_id="32" start_line="235" end_line="235" start_column="21" end_column="43" covered="no" />
            <range source_id="32" start_line="236" end_line="236" start_column="17" end_column="18" covered="no" />
          </ranges>
        </function>
        <function id="123928" token="0x600037e" name="&lt;BuildTargetModel&gt;b__2_5(Microsoft.EntityFrameworkCore.Metadata.Builders.EntityTypeBuilder)" namespace="AzAgroPOS.Verilenler.Migrations" type_name="MehsulaOlcuVahidiElaveEdildi.&lt;&gt;c" block_coverage="0.00" line_coverage="0.00" blocks_covered="0" blocks_not_covered="14" lines_covered="0" lines_partially_covered="0" lines_not_covered="22">
          <ranges>
            <range source_id="32" start_line="239" end_line="239" start_column="17" end_column="18" covered="no" />
            <range source_id="32" start_line="240" end_line="242" start_column="21" end_column="47" covered="no" />
            <range source_id="32" start_line="244" end_line="244" start_column="21" end_column="97" covered="no" />
            <range source_id="32" start_line="246" end_line="248" start_column="21" end_column="57" covered="no" />
            <range source_id="32" start_line="250" end_line="250" start_column="21" end_column="36" covered="no" />
            <range source_id="32" start_line="252" end_line="252" start_column="21" end_column="41" covered="no" />
            <range source_id="32" start_line="254" end_line="264" start_column="21" end_column="28" covered="no" />
            <range source_id="32" start_line="265" end_line="265" start_column="17" end_column="18" covered="no" />
          </ranges>
        </function>
        <function id="124092" token="0x600037f" name="&lt;BuildTargetModel&gt;b__2_6(Microsoft.EntityFrameworkCore.Metadata.Builders.EntityTypeBuilder)" namespace="AzAgroPOS.Verilenler.Migrations" type_name="MehsulaOlcuVahidiElaveEdildi.&lt;&gt;c" block_coverage="0.00" line_coverage="0.00" blocks_covered="0" blocks_not_covered="20" lines_covered="0" lines_partially_covered="0" lines_not_covered="20">
          <ranges>
            <range source_id="32" start_line="268" end_line="268" start_column="17" end_column="18" covered="no" />
            <range source_id="32" start_line="269" end_line="271" start_column="21" end_column="47" covered="no" />
            <range source_id="32" start_line="273" end_line="273" start_column="21" end_column="97" covered="no" />
            <range source_id="32" start_line="275" end_line="276" start_column="21" end_column="47" covered="no" />
            <range source_id="32" start_line="278" end_line="279" start_column="21" end_column="47" covered="no" />
            <range source_id="32" start_line="281" end_line="282" start_column="21" end_column="47" covered="no" />
            <range source_id="32" start_line="284" end_line="285" start_column="21" end_column="53" covered="no" />
            <range source_id="32" start_line="287" end_line="288" start_column="21" end_column="58" covered="no" />
            <range source_id="32" start_line="290" end_line="290" start_column="21" end_column="36" covered="no" />
            <range source_id="32" start_line="292" end_line="292" start_column="21" end_column="45" covered="no" />
            <range source_id="32" start_line="294" end_line="294" start_column="21" end_column="43" covered="no" />
            <range source_id="32" start_line="296" end_line="296" start_column="21" end_column="43" covered="no" />
            <range source_id="32" start_line="297" end_line="297" start_column="17" end_column="18" covered="no" />
          </ranges>
        </function>
        <function id="124340" token="0x6000380" name="&lt;BuildTargetModel&gt;b__2_7(Microsoft.EntityFrameworkCore.Metadata.Builders.EntityTypeBuilder)" namespace="AzAgroPOS.Verilenler.Migrations" type_name="MehsulaOlcuVahidiElaveEdildi.&lt;&gt;c" block_coverage="0.00" line_coverage="0.00" blocks_covered="0" blocks_not_covered="18" lines_covered="0" lines_partially_covered="0" lines_not_covered="18">
          <ranges>
            <range source_id="32" start_line="300" end_line="300" start_column="17" end_column="18" covered="no" />
            <range source_id="32" start_line="301" end_line="303" start_column="21" end_column="47" covered="no" />
            <range source_id="32" start_line="305" end_line="305" start_column="21" end_column="97" covered="no" />
            <range source_id="32" start_line="307" end_line="308" start_column="21" end_column="47" covered="no" />
            <range source_id="32" start_line="310" end_line="311" start_column="21" end_column="47" covered="no" />
            <range source_id="32" start_line="313" end_line="314" start_column="21" end_column="58" covered="no" />
            <range source_id="32" start_line="316" end_line="317" start_column="21" end_column="47" covered="no" />
            <range source_id="32" start_line="319" end_line="319" start_column="21" end_column="36" covered="no" />
            <range source_id="32" start_line="321" end_line="321" start_column="21" end_column="44" covered="no" />
            <range source_id="32" start_line="323" end_line="323" start_column="21" end_column="43" covered="no" />
            <range source_id="32" start_line="325" end_line="325" start_column="21" end_column="49" covered="no" />
            <range source_id="32" start_line="326" end_line="326" start_column="17" end_column="18" covered="no" />
          </ranges>
        </function>
        <function id="124564" token="0x6000381" name="&lt;BuildTargetModel&gt;b__2_8(Microsoft.EntityFrameworkCore.Metadata.Builders.EntityTypeBuilder)" namespace="AzAgroPOS.Verilenler.Migrations" type_name="MehsulaOlcuVahidiElaveEdildi.&lt;&gt;c" block_coverage="0.00" line_coverage="0.00" blocks_covered="0" blocks_not_covered="33" lines_covered="0" lines_partially_covered="0" lines_not_covered="33">
          <ranges>
            <range source_id="32" start_line="329" end_line="329" start_column="17" end_column="18" covered="no" />
            <range source_id="32" start_line="330" end_line="332" start_column="21" end_column="47" covered="no" />
            <range source_id="32" start_line="334" end_line="334" start_column="21" end_column="97" covered="no" />
            <range source_id="32" start_line="336" end_line="338" start_column="21" end_column="57" covered="no" />
            <range source_id="32" start_line="340" end_line="341" start_column="21" end_column="47" covered="no" />
            <range source_id="32" start_line="343" end_line="345" start_column="21" end_column="57" covered="no" />
            <range source_id="32" start_line="347" end_line="349" start_column="21" end_column="57" covered="no" />
            <range source_id="32" start_line="351" end_line="353" start_column="21" end_column="57" covered="no" />
            <range source_id="32" start_line="355" end_line="356" start_column="21" end_column="53" covered="no" />
            <range source_id="32" start_line="358" end_line="359" start_column="21" end_column="47" covered="no" />
            <range source_id="32" start_line="361" end_line="362" start_column="21" end_column="53" covered="no" />
            <range source_id="32" start_line="364" end_line="365" start_column="21" end_column="58" covered="no" />
            <range source_id="32" start_line="367" end_line="368" start_column="21" end_column="58" covered="no" />
            <range source_id="32" start_line="370" end_line="370" start_column="21" end_column="36" covered="no" />
            <range source_id="32" start_line="372" end_line="372" start_column="21" end_column="42" covered="no" />
            <range source_id="32" start_line="374" end_line="374" start_column="21" end_column="51" covered="no" />
            <range source_id="32" start_line="375" end_line="375" start_column="17" end_column="18" covered="no" />
          </ranges>
        </function>
        <function id="124924" token="0x6000382" name="&lt;BuildTargetModel&gt;b__2_9(Microsoft.EntityFrameworkCore.Metadata.Builders.EntityTypeBuilder)" namespace="AzAgroPOS.Verilenler.Migrations" type_name="MehsulaOlcuVahidiElaveEdildi.&lt;&gt;c" block_coverage="0.00" line_coverage="0.00" blocks_covered="0" blocks_not_covered="7" lines_covered="0" lines_partially_covered="0" lines_not_covered="8">
          <ranges>
            <range source_id="32" start_line="378" end_line="378" start_column="17" end_column="18" covered="no" />
            <range source_id="32" start_line="379" end_line="383" start_column="21" end_column="39" covered="no" />
            <range source_id="32" start_line="385" end_line="385" start_column="21" end_column="41" covered="no" />
            <range source_id="32" start_line="386" end_line="386" start_column="17" end_column="18" covered="no" />
          </ranges>
        </function>
        <function id="125008" token="0x6000383" name="&lt;BuildTargetModel&gt;b__2_10(Microsoft.EntityFrameworkCore.Metadata.Builders.EntityTypeBuilder)" namespace="AzAgroPOS.Verilenler.Migrations" type_name="MehsulaOlcuVahidiElaveEdildi.&lt;&gt;c" block_coverage="0.00" line_coverage="0.00" blocks_covered="0" blocks_not_covered="11" lines_covered="0" lines_partially_covered="0" lines_not_covered="12">
          <ranges>
            <range source_id="32" start_line="389" end_line="389" start_column="17" end_column="18" covered="no" />
            <range source_id="32" start_line="390" end_line="394" start_column="21" end_column="39" covered="no" />
            <range source_id="32" start_line="396" end_line="398" start_column="21" end_column="51" covered="no" />
            <range source_id="32" start_line="400" end_line="400" start_column="21" end_column="45" covered="no" />
            <range source_id="32" start_line="402" end_line="402" start_column="21" end_column="43" covered="no" />
            <range source_id="32" start_line="403" end_line="403" start_column="17" end_column="18" covered="no" />
          </ranges>
        </function>
        <function id="125144" token="0x6000384" name="&lt;BuildTargetModel&gt;b__2_11(Microsoft.EntityFrameworkCore.Metadata.Builders.EntityTypeBuilder)" namespace="AzAgroPOS.Verilenler.Migrations" type_name="MehsulaOlcuVahidiElaveEdildi.&lt;&gt;c" block_coverage="0.00" line_coverage="0.00" blocks_covered="0" blocks_not_covered="7" lines_covered="0" lines_partially_covered="0" lines_not_covered="8">
          <ranges>
            <range source_id="32" start_line="406" end_line="406" start_column="17" end_column="18" covered="no" />
            <range source_id="32" start_line="407" end_line="411" start_column="21" end_column="39" covered="no" />
            <range source_id="32" start_line="413" end_line="413" start_column="21" end_column="42" covered="no" />
            <range source_id="32" start_line="414" end_line="414" start_column="17" end_column="18" covered="no" />
          </ranges>
        </function>
        <function id="125224" token="0x6000385" name="&lt;BuildTargetModel&gt;b__2_12(Microsoft.EntityFrameworkCore.Metadata.Builders.EntityTypeBuilder)" namespace="AzAgroPOS.Verilenler.Migrations" type_name="MehsulaOlcuVahidiElaveEdildi.&lt;&gt;c" block_coverage="0.00" line_coverage="0.00" blocks_covered="0" blocks_not_covered="11" lines_covered="0" lines_partially_covered="0" lines_not_covered="12">
          <ranges>
            <range source_id="32" start_line="417" end_line="417" start_column="17" end_column="18" covered="no" />
            <range source_id="32" start_line="418" end_line="420" start_column="21" end_column="53" covered="no" />
            <range source_id="32" start_line="422" end_line="426" start_column="21" end_column="39" covered="no" />
            <range source_id="32" start_line="428" end_line="428" start_column="21" end_column="45" covered="no" />
            <range source_id="32" start_line="430" end_line="430" start_column="21" end_column="43" covered="no" />
            <range source_id="32" start_line="431" end_line="431" start_column="17" end_column="18" covered="no" />
          </ranges>
        </function>
        <function id="125364" token="0x6000386" name="&lt;BuildTargetModel&gt;b__2_13(Microsoft.EntityFrameworkCore.Metadata.Builders.EntityTypeBuilder)" namespace="AzAgroPOS.Verilenler.Migrations" type_name="MehsulaOlcuVahidiElaveEdildi.&lt;&gt;c" block_coverage="0.00" line_coverage="0.00" blocks_covered="0" blocks_not_covered="13" lines_covered="0" lines_partially_covered="0" lines_not_covered="14">
          <ranges>
            <range source_id="32" start_line="434" end_line="434" start_column="17" end_column="18" covered="no" />
            <range source_id="32" start_line="435" end_line="439" start_column="21" end_column="39" covered="no" />
            <range source_id="32" start_line="441" end_line="445" start_column="21" end_column="39" covered="no" />
            <range source_id="32" start_line="447" end_line="447" start_column="21" end_column="44" covered="no" />
            <range source_id="32" start_line="449" end_line="449" start_column="21" end_column="43" covered="no" />
            <range source_id="32" start_line="450" end_line="450" start_column="17" end_column="18" covered="no" />
          </ranges>
        </function>
        <function id="125516" token="0x6000387" name="&lt;BuildTargetModel&gt;b__2_14(Microsoft.EntityFrameworkCore.Metadata.Builders.EntityTypeBuilder)" namespace="AzAgroPOS.Verilenler.Migrations" type_name="MehsulaOlcuVahidiElaveEdildi.&lt;&gt;c" block_coverage="0.00" line_coverage="0.00" blocks_covered="0" blocks_not_covered="6" lines_covered="0" lines_partially_covered="0" lines_not_covered="7">
          <ranges>
            <range source_id="32" start_line="453" end_line="453" start_column="17" end_column="18" covered="no" />
            <range source_id="32" start_line="454" end_line="457" start_column="21" end_column="60" covered="no" />
            <range source_id="32" start_line="459" end_line="459" start_column="21" end_column="42" covered="no" />
            <range source_id="32" start_line="460" end_line="460" start_column="17" end_column="18" covered="no" />
          </ranges>
        </function>
        <function id="125594" token="0x6000388" name="&lt;BuildTargetModel&gt;b__2_15(Microsoft.EntityFrameworkCore.Metadata.Builders.EntityTypeBuilder)" namespace="AzAgroPOS.Verilenler.Migrations" type_name="MehsulaOlcuVahidiElaveEdildi.&lt;&gt;c" block_coverage="0.00" line_coverage="0.00" blocks_covered="0" blocks_not_covered="2" lines_covered="0" lines_partially_covered="0" lines_not_covered="3">
          <ranges>
            <range source_id="32" start_line="463" end_line="463" start_column="17" end_column="18" covered="no" />
            <range source_id="32" start_line="464" end_line="464" start_column="21" end_column="54" covered="no" />
            <range source_id="32" start_line="465" end_line="465" start_column="17" end_column="18" covered="no" />
          </ranges>
        </function>
        <function id="125609" token="0x6000389" name="&lt;BuildTargetModel&gt;b__2_16(Microsoft.EntityFrameworkCore.Metadata.Builders.EntityTypeBuilder)" namespace="AzAgroPOS.Verilenler.Migrations" type_name="MehsulaOlcuVahidiElaveEdildi.&lt;&gt;c" block_coverage="0.00" line_coverage="0.00" blocks_covered="0" blocks_not_covered="2" lines_covered="0" lines_partially_covered="0" lines_not_covered="3">
          <ranges>
            <range source_id="32" start_line="468" end_line="468" start_column="17" end_column="18" covered="no" />
            <range source_id="32" start_line="469" end_line="469" start_column="21" end_column="46" covered="no" />
            <range source_id="32" start_line="470" end_line="470" start_column="17" end_column="18" covered="no" />
          </ranges>
        </function>
        <function id="125624" token="0x600038a" name="&lt;BuildTargetModel&gt;b__2_17(Microsoft.EntityFrameworkCore.Metadata.Builders.EntityTypeBuilder)" namespace="AzAgroPOS.Verilenler.Migrations" type_name="MehsulaOlcuVahidiElaveEdildi.&lt;&gt;c" block_coverage="0.00" line_coverage="0.00" blocks_covered="0" blocks_not_covered="2" lines_covered="0" lines_partially_covered="0" lines_not_covered="3">
          <ranges>
            <range source_id="32" start_line="473" end_line="473" start_column="17" end_column="18" covered="no" />
            <range source_id="32" start_line="474" end_line="474" start_column="21" end_column="51" covered="no" />
            <range source_id="32" start_line="475" end_line="475" start_column="17" end_column="18" covered="no" />
          </ranges>
        </function>
        <function id="125639" token="0x600038b" name="&lt;BuildTargetModel&gt;b__2_18(Microsoft.EntityFrameworkCore.Metadata.Builders.EntityTypeBuilder)" namespace="AzAgroPOS.Verilenler.Migrations" type_name="MehsulaOlcuVahidiElaveEdildi.&lt;&gt;c" block_coverage="0.00" line_coverage="0.00" blocks_covered="0" blocks_not_covered="2" lines_covered="0" lines_partially_covered="0" lines_not_covered="3">
          <ranges>
            <range source_id="32" start_line="478" end_line="478" start_column="17" end_column="18" covered="no" />
            <range source_id="32" start_line="479" end_line="479" start_column="21" end_column="52" covered="no" />
            <range source_id="32" start_line="480" end_line="480" start_column="17" end_column="18" covered="no" />
          </ranges>
        </function>
        <function id="125676" token="0x600038e" name="&lt;BuildTargetModel&gt;b__2_0(Microsoft.EntityFrameworkCore.Metadata.Builders.EntityTypeBuilder)" namespace="AzAgroPOS.Verilenler.Migrations" type_name="YeniQiymetNovleriElaveEdildi.&lt;&gt;c" block_coverage="0.00" line_coverage="0.00" blocks_covered="0" blocks_not_covered="22" lines_covered="0" lines_partially_covered="0" lines_not_covered="29">
          <ranges>
            <range source_id="34" start_line="29" end_line="29" start_column="17" end_column="18" covered="no" />
            <range source_id="34" start_line="30" end_line="32" start_column="21" end_column="47" covered="no" />
            <range source_id="34" start_line="34" end_line="34" start_column="21" end_column="97" covered="no" />
            <range source_id="34" start_line="36" end_line="38" start_column="21" end_column="57" covered="no" />
            <range source_id="34" start_line="40" end_line="42" start_column="21" end_column="57" covered="no" />
            <range source_id="34" start_line="44" end_line="45" start_column="21" end_column="47" covered="no" />
            <range source_id="34" start_line="47" end_line="49" start_column="21" end_column="57" covered="no" />
            <range source_id="34" start_line="51" end_line="51" start_column="21" end_column="36" covered="no" />
            <range source_id="34" start_line="53" end_line="53" start_column="21" end_column="41" covered="no" />
            <range source_id="34" start_line="55" end_line="55" start_column="21" end_column="48" covered="no" />
            <range source_id="34" start_line="57" end_line="65" start_column="21" end_column="28" covered="no" />
            <range source_id="34" start_line="66" end_line="66" start_column="17" end_column="18" covered="no" />
          </ranges>
        </function>
        <function id="125936" token="0x600038f" name="&lt;BuildTargetModel&gt;b__2_1(Microsoft.EntityFrameworkCore.Metadata.Builders.EntityTypeBuilder)" namespace="AzAgroPOS.Verilenler.Migrations" type_name="YeniQiymetNovleriElaveEdildi.&lt;&gt;c" block_coverage="0.00" line_coverage="0.00" blocks_covered="0" blocks_not_covered="39" lines_covered="0" lines_partially_covered="0" lines_not_covered="69">
          <ranges>
            <range source_id="34" start_line="69" end_line="69" start_column="17" end_column="18" covered="no" />
            <range source_id="34" start_line="70" end_line="72" start_column="21" end_column="47" covered="no" />
            <range source_id="34" start_line="74" end_line="74" start_column="21" end_column="97" covered="no" />
            <range source_id="34" start_line="76" end_line="78" start_column="21" end_column="57" covered="no" />
            <range source_id="34" start_line="80" end_line="81" start_column="21" end_column="58" covered="no" />
            <range source_id="34" start_line="83" end_line="85" start_column="21" end_column="57" covered="no" />
            <range source_id="34" start_line="87" end_line="88" start_column="21" end_column="47" covered="no" />
            <range source_id="34" start_line="90" end_line="91" start_column="21" end_column="47" covered="no" />
            <range source_id="34" start_line="93" end_line="94" start_column="21" end_column="58" covered="no" />
            <range source_id="34" start_line="96" end_line="98" start_column="21" end_column="57" covered="no" />
            <range source_id="34" start_line="100" end_line="101" start_column="21" end_column="58" covered="no" />
            <range source_id="34" start_line="103" end_line="104" start_column="21" end_column="58" covered="no" />
            <range source_id="34" start_line="106" end_line="106" start_column="21" end_column="36" covered="no" />
            <range source_id="34" start_line="108" end_line="108" start_column="21" end_column="44" covered="no" />
            <range source_id="34" start_line="110" end_line="149" start_column="21" end_column="28" covered="no" />
            <range source_id="34" start_line="150" end_line="150" start_column="17" end_column="18" covered="no" />
          </ranges>
        </function>
        <function id="126452" token="0x6000390" name="&lt;BuildTargetModel&gt;b__2_2(Microsoft.EntityFrameworkCore.Metadata.Builders.EntityTypeBuilder)" namespace="AzAgroPOS.Verilenler.Migrations" type_name="YeniQiymetNovleriElaveEdildi.&lt;&gt;c" block_coverage="0.00" line_coverage="0.00" blocks_covered="0" blocks_not_covered="18" lines_covered="0" lines_partially_covered="0" lines_not_covered="18">
          <ranges>
            <range source_id="34" start_line="153" end_line="153" start_column="17" end_column="18" covered="no" />
            <range source_id="34" start_line="154" end_line="156" start_column="21" end_column="47" covered="no" />
            <range source_id="34" start_line="158" end_line="158" start_column="21" end_column="97" covered="no" />
            <range source_id="34" start_line="160" end_line="162" start_column="21" end_column="57" covered="no" />
            <range source_id="34" start_line="164" end_line="166" start_column="21" end_column="57" covered="no" />
            <range source_id="34" start_line="168" end_line="169" start_column="21" end_column="58" covered="no" />
            <range source_id="34" start_line="171" end_line="172" start_column="21" end_column="57" covered="no" />
            <range source_id="34" start_line="174" end_line="174" start_column="21" end_column="36" covered="no" />
            <range source_id="34" start_line="176" end_line="176" start_column="21" end_column="45" covered="no" />
            <range source_id="34" start_line="177" end_line="177" start_column="17" end_column="18" covered="no" />
          </ranges>
        </function>
        <function id="126648" token="0x6000391" name="&lt;BuildTargetModel&gt;b__2_3(Microsoft.EntityFrameworkCore.Metadata.Builders.EntityTypeBuilder)" namespace="AzAgroPOS.Verilenler.Migrations" type_name="YeniQiymetNovleriElaveEdildi.&lt;&gt;c" block_coverage="0.00" line_coverage="0.00" blocks_covered="0" blocks_not_covered="22" lines_covered="0" lines_partially_covered="0" lines_not_covered="22">
          <ranges>
            <range source_id="34" start_line="180" end_line="180" start_column="17" end_column="18" covered="no" />
            <range source_id="34" start_line="181" end_line="183" start_column="21" end_column="47" covered="no" />
            <range source_id="34" start_line="185" end_line="185" start_column="21" end_column="97" covered="no" />
            <range source_id="34" start_line="187" end_line="188" start_column="21" end_column="47" covered="no" />
            <range source_id="34" start_line="190" end_line="191" start_column="21" end_column="58" covered="no" />
            <range source_id="34" start_line="193" end_line="194" start_column="21" end_column="47" covered="no" />
            <range source_id="34" start_line="196" end_line="197" start_column="21" end_column="57" covered="no" />
            <range source_id="34" start_line="199" end_line="200" start_column="21" end_column="47" covered="no" />
            <range source_id="34" start_line="202" end_line="203" start_column="21" end_column="53" covered="no" />
            <range source_id="34" start_line="205" end_line="205" start_column="21" end_column="36" covered="no" />
            <range source_id="34" start_line="207" end_line="207" start_column="21" end_column="45" covered="no" />
            <range source_id="34" start_line="209" end_line="209" start_column="21" end_column="43" covered="no" />
            <range source_id="34" start_line="211" end_line="211" start_column="21" end_column="51" covered="no" />
            <range source_id="34" start_line="212" end_line="212" start_column="17" end_column="18" covered="no" />
          </ranges>
        </function>
        <function id="126916" token="0x6000392" name="&lt;BuildTargetModel&gt;b__2_4(Microsoft.EntityFrameworkCore.Metadata.Builders.EntityTypeBuilder)" namespace="AzAgroPOS.Verilenler.Migrations" type_name="YeniQiymetNovleriElaveEdildi.&lt;&gt;c" block_coverage="0.00" line_coverage="0.00" blocks_covered="0" blocks_not_covered="23" lines_covered="0" lines_partially_covered="0" lines_not_covered="23">
          <ranges>
            <range source_id="34" start_line="215" end_line="215" start_column="17" end_column="18" covered="no" />
            <range source_id="34" start_line="216" end_line="218" start_column="21" end_column="47" covered="no" />
            <range source_id="34" start_line="220" end_line="220" start_column="21" end_column="97" covered="no" />
            <range source_id="34" start_line="222" end_line="223" start_column="21" end_column="53" covered="no" />
            <range source_id="34" start_line="225" end_line="226" start_column="21" end_column="53" covered="no" />
            <range source_id="34" start_line="228" end_line="229" start_column="21" end_column="58" covered="no" />
            <range source_id="34" start_line="231" end_line="232" start_column="21" end_column="58" covered="no" />
            <range source_id="34" start_line="234" end_line="235" start_column="21" end_column="58" covered="no" />
            <range source_id="34" start_line="237" end_line="238" start_column="21" end_column="47" covered="no" />
            <range source_id="34" start_line="240" end_line="241" start_column="21" end_column="47" covered="no" />
            <range source_id="34" start_line="243" end_line="243" start_column="21" end_column="36" covered="no" />
            <range source_id="34" start_line="245" end_line="245" start_column="21" end_column="42" covered="no" />
            <range source_id="34" start_line="247" end_line="247" start_column="21" end_column="43" covered="no" />
            <range source_id="34" start_line="248" end_line="248" start_column="17" end_column="18" covered="no" />
          </ranges>
        </function>
        <function id="127188" token="0x6000393" name="&lt;BuildTargetModel&gt;b__2_5(Microsoft.EntityFrameworkCore.Metadata.Builders.EntityTypeBuilder)" namespace="AzAgroPOS.Verilenler.Migrations" type_name="YeniQiymetNovleriElaveEdildi.&lt;&gt;c" block_coverage="0.00" line_coverage="0.00" blocks_covered="0" blocks_not_covered="14" lines_covered="0" lines_partially_covered="0" lines_not_covered="22">
          <ranges>
            <range source_id="34" start_line="251" end_line="251" start_column="17" end_column="18" covered="no" />
            <range source_id="34" start_line="252" end_line="254" start_column="21" end_column="47" covered="no" />
            <range source_id="34" start_line="256" end_line="256" start_column="21" end_column="97" covered="no" />
            <range source_id="34" start_line="258" end_line="260" start_column="21" end_column="57" covered="no" />
            <range source_id="34" start_line="262" end_line="262" start_column="21" end_column="36" covered="no" />
            <range source_id="34" start_line="264" end_line="264" start_column="21" end_column="41" covered="no" />
            <range source_id="34" start_line="266" end_line="276" start_column="21" end_column="28" covered="no" />
            <range source_id="34" start_line="277" end_line="277" start_column="17" end_column="18" covered="no" />
          </ranges>
        </function>
        <function id="127352" token="0x6000394" name="&lt;BuildTargetModel&gt;b__2_6(Microsoft.EntityFrameworkCore.Metadata.Builders.EntityTypeBuilder)" namespace="AzAgroPOS.Verilenler.Migrations" type_name="YeniQiymetNovleriElaveEdildi.&lt;&gt;c" block_coverage="0.00" line_coverage="0.00" blocks_covered="0" blocks_not_covered="20" lines_covered="0" lines_partially_covered="0" lines_not_covered="20">
          <ranges>
            <range source_id="34" start_line="280" end_line="280" start_column="17" end_column="18" covered="no" />
            <range source_id="34" start_line="281" end_line="283" start_column="21" end_column="47" covered="no" />
            <range source_id="34" start_line="285" end_line="285" start_column="21" end_column="97" covered="no" />
            <range source_id="34" start_line="287" end_line="288" start_column="21" end_column="47" covered="no" />
            <range source_id="34" start_line="290" end_line="291" start_column="21" end_column="47" covered="no" />
            <range source_id="34" start_line="293" end_line="294" start_column="21" end_column="47" covered="no" />
            <range source_id="34" start_line="296" end_line="297" start_column="21" end_column="53" covered="no" />
            <range source_id="34" start_line="299" end_line="300" start_column="21" end_column="58" covered="no" />
            <range source_id="34" start_line="302" end_line="302" start_column="21" end_column="36" covered="no" />
            <range source_id="34" start_line="304" end_line="304" start_column="21" end_column="45" covered="no" />
            <range source_id="34" start_line="306" end_line="306" start_column="21" end_column="43" covered="no" />
            <range source_id="34" start_line="308" end_line="308" start_column="21" end_column="43" covered="no" />
            <range source_id="34" start_line="309" end_line="309" start_column="17" end_column="18" covered="no" />
          </ranges>
        </function>
        <function id="127600" token="0x6000395" name="&lt;BuildTargetModel&gt;b__2_7(Microsoft.EntityFrameworkCore.Metadata.Builders.EntityTypeBuilder)" namespace="AzAgroPOS.Verilenler.Migrations" type_name="YeniQiymetNovleriElaveEdildi.&lt;&gt;c" block_coverage="0.00" line_coverage="0.00" blocks_covered="0" blocks_not_covered="18" lines_covered="0" lines_partially_covered="0" lines_not_covered="18">
          <ranges>
            <range source_id="34" start_line="312" end_line="312" start_column="17" end_column="18" covered="no" />
            <range source_id="34" start_line="313" end_line="315" start_column="21" end_column="47" covered="no" />
            <range source_id="34" start_line="317" end_line="317" start_column="21" end_column="97" covered="no" />
            <range source_id="34" start_line="319" end_line="320" start_column="21" end_column="47" covered="no" />
            <range source_id="34" start_line="322" end_line="323" start_column="21" end_column="47" covered="no" />
            <range source_id="34" start_line="325" end_line="326" start_column="21" end_column="58" covered="no" />
            <range source_id="34" start_line="328" end_line="329" start_column="21" end_column="47" covered="no" />
            <range source_id="34" start_line="331" end_line="331" start_column="21" end_column="36" covered="no" />
            <range source_id="34" start_line="333" end_line="333" start_column="21" end_column="44" covered="no" />
            <range source_id="34" start_line="335" end_line="335" start_column="21" end_column="43" covered="no" />
            <range source_id="34" start_line="337" end_line="337" start_column="21" end_column="49" covered="no" />
            <range source_id="34" start_line="338" end_line="338" start_column="17" end_column="18" covered="no" />
          </ranges>
        </function>
        <function id="127824" token="0x6000396" name="&lt;BuildTargetModel&gt;b__2_8(Microsoft.EntityFrameworkCore.Metadata.Builders.EntityTypeBuilder)" namespace="AzAgroPOS.Verilenler.Migrations" type_name="YeniQiymetNovleriElaveEdildi.&lt;&gt;c" block_coverage="0.00" line_coverage="0.00" blocks_covered="0" blocks_not_covered="33" lines_covered="0" lines_partially_covered="0" lines_not_covered="33">
          <ranges>
            <range source_id="34" start_line="341" end_line="341" start_column="17" end_column="18" covered="no" />
            <range source_id="34" start_line="342" end_line="344" start_column="21" end_column="47" covered="no" />
            <range source_id="34" start_line="346" end_line="346" start_column="21" end_column="97" covered="no" />
            <range source_id="34" start_line="348" end_line="350" start_column="21" end_column="57" covered="no" />
            <range source_id="34" start_line="352" end_line="353" start_column="21" end_column="47" covered="no" />
            <range source_id="34" start_line="355" end_line="357" start_column="21" end_column="57" covered="no" />
            <range source_id="34" start_line="359" end_line="361" start_column="21" end_column="57" covered="no" />
            <range source_id="34" start_line="363" end_line="365" start_column="21" end_column="57" covered="no" />
            <range source_id="34" start_line="367" end_line="368" start_column="21" end_column="53" covered="no" />
            <range source_id="34" start_line="370" end_line="371" start_column="21" end_column="47" covered="no" />
            <range source_id="34" start_line="373" end_line="374" start_column="21" end_column="53" covered="no" />
            <range source_id="34" start_line="376" end_line="377" start_column="21" end_column="58" covered="no" />
            <range source_id="34" start_line="379" end_line="380" start_column="21" end_column="58" covered="no" />
            <range source_id="34" start_line="382" end_line="382" start_column="21" end_column="36" covered="no" />
            <range source_id="34" start_line="384" end_line="384" start_column="21" end_column="42" covered="no" />
            <range source_id="34" start_line="386" end_line="386" start_column="21" end_column="51" covered="no" />
            <range source_id="34" start_line="387" end_line="387" start_column="17" end_column="18" covered="no" />
          </ranges>
        </function>
        <function id="128184" token="0x6000397" name="&lt;BuildTargetModel&gt;b__2_9(Microsoft.EntityFrameworkCore.Metadata.Builders.EntityTypeBuilder)" namespace="AzAgroPOS.Verilenler.Migrations" type_name="YeniQiymetNovleriElaveEdildi.&lt;&gt;c" block_coverage="0.00" line_coverage="0.00" blocks_covered="0" blocks_not_covered="7" lines_covered="0" lines_partially_covered="0" lines_not_covered="8">
          <ranges>
            <range source_id="34" start_line="390" end_line="390" start_column="17" end_column="18" covered="no" />
            <range source_id="34" start_line="391" end_line="395" start_column="21" end_column="39" covered="no" />
            <range source_id="34" start_line="397" end_line="397" start_column="21" end_column="41" covered="no" />
            <range source_id="34" start_line="398" end_line="398" start_column="17" end_column="18" covered="no" />
          </ranges>
        </function>
        <function id="128268" token="0x6000398" name="&lt;BuildTargetModel&gt;b__2_10(Microsoft.EntityFrameworkCore.Metadata.Builders.EntityTypeBuilder)" namespace="AzAgroPOS.Verilenler.Migrations" type_name="YeniQiymetNovleriElaveEdildi.&lt;&gt;c" block_coverage="0.00" line_coverage="0.00" blocks_covered="0" blocks_not_covered="11" lines_covered="0" lines_partially_covered="0" lines_not_covered="12">
          <ranges>
            <range source_id="34" start_line="401" end_line="401" start_column="17" end_column="18" covered="no" />
            <range source_id="34" start_line="402" end_line="406" start_column="21" end_column="39" covered="no" />
            <range source_id="34" start_line="408" end_line="410" start_column="21" end_column="51" covered="no" />
            <range source_id="34" start_line="412" end_line="412" start_column="21" end_column="45" covered="no" />
            <range source_id="34" start_line="414" end_line="414" start_column="21" end_column="43" covered="no" />
            <range source_id="34" start_line="415" end_line="415" start_column="17" end_column="18" covered="no" />
          </ranges>
        </function>
        <function id="128404" token="0x6000399" name="&lt;BuildTargetModel&gt;b__2_11(Microsoft.EntityFrameworkCore.Metadata.Builders.EntityTypeBuilder)" namespace="AzAgroPOS.Verilenler.Migrations" type_name="YeniQiymetNovleriElaveEdildi.&lt;&gt;c" block_coverage="0.00" line_coverage="0.00" blocks_covered="0" blocks_not_covered="7" lines_covered="0" lines_partially_covered="0" lines_not_covered="8">
          <ranges>
            <range source_id="34" start_line="418" end_line="418" start_column="17" end_column="18" covered="no" />
            <range source_id="34" start_line="419" end_line="423" start_column="21" end_column="39" covered="no" />
            <range source_id="34" start_line="425" end_line="425" start_column="21" end_column="42" covered="no" />
            <range source_id="34" start_line="426" end_line="426" start_column="17" end_column="18" covered="no" />
          </ranges>
        </function>
        <function id="128484" token="0x600039a" name="&lt;BuildTargetModel&gt;b__2_12(Microsoft.EntityFrameworkCore.Metadata.Builders.EntityTypeBuilder)" namespace="AzAgroPOS.Verilenler.Migrations" type_name="YeniQiymetNovleriElaveEdildi.&lt;&gt;c" block_coverage="0.00" line_coverage="0.00" blocks_covered="0" blocks_not_covered="11" lines_covered="0" lines_partially_covered="0" lines_not_covered="12">
          <ranges>
            <range source_id="34" start_line="429" end_line="429" start_column="17" end_column="18" covered="no" />
            <range source_id="34" start_line="430" end_line="432" start_column="21" end_column="53" covered="no" />
            <range source_id="34" start_line="434" end_line="438" start_column="21" end_column="39" covered="no" />
            <range source_id="34" start_line="440" end_line="440" start_column="21" end_column="45" covered="no" />
            <range source_id="34" start_line="442" end_line="442" start_column="21" end_column="43" covered="no" />
            <range source_id="34" start_line="443" end_line="443" start_column="17" end_column="18" covered="no" />
          </ranges>
        </function>
        <function id="128624" token="0x600039b" name="&lt;BuildTargetModel&gt;b__2_13(Microsoft.EntityFrameworkCore.Metadata.Builders.EntityTypeBuilder)" namespace="AzAgroPOS.Verilenler.Migrations" type_name="YeniQiymetNovleriElaveEdildi.&lt;&gt;c" block_coverage="0.00" line_coverage="0.00" blocks_covered="0" blocks_not_covered="13" lines_covered="0" lines_partially_covered="0" lines_not_covered="14">
          <ranges>
            <range source_id="34" start_line="446" end_line="446" start_column="17" end_column="18" covered="no" />
            <range source_id="34" start_line="447" end_line="451" start_column="21" end_column="39" covered="no" />
            <range source_id="34" start_line="453" end_line="457" start_column="21" end_column="39" covered="no" />
            <range source_id="34" start_line="459" end_line="459" start_column="21" end_column="44" covered="no" />
            <range source_id="34" start_line="461" end_line="461" start_column="21" end_column="43" covered="no" />
            <range source_id="34" start_line="462" end_line="462" start_column="17" end_column="18" covered="no" />
          </ranges>
        </function>
        <function id="128776" token="0x600039c" name="&lt;BuildTargetModel&gt;b__2_14(Microsoft.EntityFrameworkCore.Metadata.Builders.EntityTypeBuilder)" namespace="AzAgroPOS.Verilenler.Migrations" type_name="YeniQiymetNovleriElaveEdildi.&lt;&gt;c" block_coverage="0.00" line_coverage="0.00" blocks_covered="0" blocks_not_covered="6" lines_covered="0" lines_partially_covered="0" lines_not_covered="7">
          <ranges>
            <range source_id="34" start_line="465" end_line="465" start_column="17" end_column="18" covered="no" />
            <range source_id="34" start_line="466" end_line="469" start_column="21" end_column="60" covered="no" />
            <range source_id="34" start_line="471" end_line="471" start_column="21" end_column="42" covered="no" />
            <range source_id="34" start_line="472" end_line="472" start_column="17" end_column="18" covered="no" />
          </ranges>
        </function>
        <function id="128854" token="0x600039d" name="&lt;BuildTargetModel&gt;b__2_15(Microsoft.EntityFrameworkCore.Metadata.Builders.EntityTypeBuilder)" namespace="AzAgroPOS.Verilenler.Migrations" type_name="YeniQiymetNovleriElaveEdildi.&lt;&gt;c" block_coverage="0.00" line_coverage="0.00" blocks_covered="0" blocks_not_covered="2" lines_covered="0" lines_partially_covered="0" lines_not_covered="3">
          <ranges>
            <range source_id="34" start_line="475" end_line="475" start_column="17" end_column="18" covered="no" />
            <range source_id="34" start_line="476" end_line="476" start_column="21" end_column="54" covered="no" />
            <range source_id="34" start_line="477" end_line="477" start_column="17" end_column="18" covered="no" />
          </ranges>
        </function>
        <function id="128869" token="0x600039e" name="&lt;BuildTargetModel&gt;b__2_16(Microsoft.EntityFrameworkCore.Metadata.Builders.EntityTypeBuilder)" namespace="AzAgroPOS.Verilenler.Migrations" type_name="YeniQiymetNovleriElaveEdildi.&lt;&gt;c" block_coverage="0.00" line_coverage="0.00" blocks_covered="0" blocks_not_covered="2" lines_covered="0" lines_partially_covered="0" lines_not_covered="3">
          <ranges>
            <range source_id="34" start_line="480" end_line="480" start_column="17" end_column="18" covered="no" />
            <range source_id="34" start_line="481" end_line="481" start_column="21" end_column="46" covered="no" />
            <range source_id="34" start_line="482" end_line="482" start_column="17" end_column="18" covered="no" />
          </ranges>
        </function>
        <function id="128884" token="0x600039f" name="&lt;BuildTargetModel&gt;b__2_17(Microsoft.EntityFrameworkCore.Metadata.Builders.EntityTypeBuilder)" namespace="AzAgroPOS.Verilenler.Migrations" type_name="YeniQiymetNovleriElaveEdildi.&lt;&gt;c" block_coverage="0.00" line_coverage="0.00" blocks_covered="0" blocks_not_covered="2" lines_covered="0" lines_partially_covered="0" lines_not_covered="3">
          <ranges>
            <range source_id="34" start_line="485" end_line="485" start_column="17" end_column="18" covered="no" />
            <range source_id="34" start_line="486" end_line="486" start_column="21" end_column="51" covered="no" />
            <range source_id="34" start_line="487" end_line="487" start_column="17" end_column="18" covered="no" />
          </ranges>
        </function>
        <function id="128899" token="0x60003a0" name="&lt;BuildTargetModel&gt;b__2_18(Microsoft.EntityFrameworkCore.Metadata.Builders.EntityTypeBuilder)" namespace="AzAgroPOS.Verilenler.Migrations" type_name="YeniQiymetNovleriElaveEdildi.&lt;&gt;c" block_coverage="0.00" line_coverage="0.00" blocks_covered="0" blocks_not_covered="2" lines_covered="0" lines_partially_covered="0" lines_not_covered="3">
          <ranges>
            <range source_id="34" start_line="490" end_line="490" start_column="17" end_column="18" covered="no" />
            <range source_id="34" start_line="491" end_line="491" start_column="21" end_column="52" covered="no" />
            <range source_id="34" start_line="492" end_line="492" start_column="17" end_column="18" covered="no" />
          </ranges>
        </function>
        <function id="128936" token="0x60003a3" name="&lt;BuildTargetModel&gt;b__2_0(Microsoft.EntityFrameworkCore.Metadata.Builders.EntityTypeBuilder)" namespace="AzAgroPOS.Verilenler.Migrations" type_name="CoxluQiymetSistemi.&lt;&gt;c" block_coverage="0.00" line_coverage="0.00" blocks_covered="0" blocks_not_covered="22" lines_covered="0" lines_partially_covered="0" lines_not_covered="29">
          <ranges>
            <range source_id="36" start_line="29" end_line="29" start_column="17" end_column="18" covered="no" />
            <range source_id="36" start_line="30" end_line="32" start_column="21" end_column="47" covered="no" />
            <range source_id="36" start_line="34" end_line="34" start_column="21" end_column="97" covered="no" />
            <range source_id="36" start_line="36" end_line="38" start_column="21" end_column="57" covered="no" />
            <range source_id="36" start_line="40" end_line="42" start_column="21" end_column="57" covered="no" />
            <range source_id="36" start_line="44" end_line="45" start_column="21" end_column="47" covered="no" />
            <range source_id="36" start_line="47" end_line="49" start_column="21" end_column="57" covered="no" />
            <range source_id="36" start_line="51" end_line="51" start_column="21" end_column="36" covered="no" />
            <range source_id="36" start_line="53" end_line="53" start_column="21" end_column="41" covered="no" />
            <range source_id="36" start_line="55" end_line="55" start_column="21" end_column="48" covered="no" />
            <range source_id="36" start_line="57" end_line="65" start_column="21" end_column="28" covered="no" />
            <range source_id="36" start_line="66" end_line="66" start_column="17" end_column="18" covered="no" />
          </ranges>
        </function>
        <function id="129196" token="0x60003a4" name="&lt;BuildTargetModel&gt;b__2_1(Microsoft.EntityFrameworkCore.Metadata.Builders.EntityTypeBuilder)" namespace="AzAgroPOS.Verilenler.Migrations" type_name="CoxluQiymetSistemi.&lt;&gt;c" block_coverage="0.00" line_coverage="0.00" blocks_covered="0" blocks_not_covered="39" lines_covered="0" lines_partially_covered="0" lines_not_covered="69">
          <ranges>
            <range source_id="36" start_line="69" end_line="69" start_column="17" end_column="18" covered="no" />
            <range source_id="36" start_line="70" end_line="72" start_column="21" end_column="47" covered="no" />
            <range source_id="36" start_line="74" end_line="74" start_column="21" end_column="97" covered="no" />
            <range source_id="36" start_line="76" end_line="78" start_column="21" end_column="57" covered="no" />
            <range source_id="36" start_line="80" end_line="81" start_column="21" end_column="58" covered="no" />
            <range source_id="36" start_line="83" end_line="85" start_column="21" end_column="57" covered="no" />
            <range source_id="36" start_line="87" end_line="88" start_column="21" end_column="47" covered="no" />
            <range source_id="36" start_line="90" end_line="91" start_column="21" end_column="47" covered="no" />
            <range source_id="36" start_line="93" end_line="94" start_column="21" end_column="58" covered="no" />
            <range source_id="36" start_line="96" end_line="98" start_column="21" end_column="57" covered="no" />
            <range source_id="36" start_line="100" end_line="101" start_column="21" end_column="58" covered="no" />
            <range source_id="36" start_line="103" end_line="104" start_column="21" end_column="58" covered="no" />
            <range source_id="36" start_line="106" end_line="106" start_column="21" end_column="36" covered="no" />
            <range source_id="36" start_line="108" end_line="108" start_column="21" end_column="44" covered="no" />
            <range source_id="36" start_line="110" end_line="149" start_column="21" end_column="28" covered="no" />
            <range source_id="36" start_line="150" end_line="150" start_column="17" end_column="18" covered="no" />
          </ranges>
        </function>
        <function id="129712" token="0x60003a5" name="&lt;BuildTargetModel&gt;b__2_2(Microsoft.EntityFrameworkCore.Metadata.Builders.EntityTypeBuilder)" namespace="AzAgroPOS.Verilenler.Migrations" type_name="CoxluQiymetSistemi.&lt;&gt;c" block_coverage="0.00" line_coverage="0.00" blocks_covered="0" blocks_not_covered="18" lines_covered="0" lines_partially_covered="0" lines_not_covered="18">
          <ranges>
            <range source_id="36" start_line="153" end_line="153" start_column="17" end_column="18" covered="no" />
            <range source_id="36" start_line="154" end_line="156" start_column="21" end_column="47" covered="no" />
            <range source_id="36" start_line="158" end_line="158" start_column="21" end_column="97" covered="no" />
            <range source_id="36" start_line="160" end_line="162" start_column="21" end_column="57" covered="no" />
            <range source_id="36" start_line="164" end_line="166" start_column="21" end_column="57" covered="no" />
            <range source_id="36" start_line="168" end_line="169" start_column="21" end_column="58" covered="no" />
            <range source_id="36" start_line="171" end_line="172" start_column="21" end_column="57" covered="no" />
            <range source_id="36" start_line="174" end_line="174" start_column="21" end_column="36" covered="no" />
            <range source_id="36" start_line="176" end_line="176" start_column="21" end_column="45" covered="no" />
            <range source_id="36" start_line="177" end_line="177" start_column="17" end_column="18" covered="no" />
          </ranges>
        </function>
        <function id="129908" token="0x60003a6" name="&lt;BuildTargetModel&gt;b__2_3(Microsoft.EntityFrameworkCore.Metadata.Builders.EntityTypeBuilder)" namespace="AzAgroPOS.Verilenler.Migrations" type_name="CoxluQiymetSistemi.&lt;&gt;c" block_coverage="0.00" line_coverage="0.00" blocks_covered="0" blocks_not_covered="22" lines_covered="0" lines_partially_covered="0" lines_not_covered="22">
          <ranges>
            <range source_id="36" start_line="180" end_line="180" start_column="17" end_column="18" covered="no" />
            <range source_id="36" start_line="181" end_line="183" start_column="21" end_column="47" covered="no" />
            <range source_id="36" start_line="185" end_line="185" start_column="21" end_column="97" covered="no" />
            <range source_id="36" start_line="187" end_line="188" start_column="21" end_column="47" covered="no" />
            <range source_id="36" start_line="190" end_line="191" start_column="21" end_column="58" covered="no" />
            <range source_id="36" start_line="193" end_line="194" start_column="21" end_column="47" covered="no" />
            <range source_id="36" start_line="196" end_line="197" start_column="21" end_column="57" covered="no" />
            <range source_id="36" start_line="199" end_line="200" start_column="21" end_column="47" covered="no" />
            <range source_id="36" start_line="202" end_line="203" start_column="21" end_column="53" covered="no" />
            <range source_id="36" start_line="205" end_line="205" start_column="21" end_column="36" covered="no" />
            <range source_id="36" start_line="207" end_line="207" start_column="21" end_column="45" covered="no" />
            <range source_id="36" start_line="209" end_line="209" start_column="21" end_column="43" covered="no" />
            <range source_id="36" start_line="211" end_line="211" start_column="21" end_column="51" covered="no" />
            <range source_id="36" start_line="212" end_line="212" start_column="17" end_column="18" covered="no" />
          </ranges>
        </function>
        <function id="130176" token="0x60003a7" name="&lt;BuildTargetModel&gt;b__2_4(Microsoft.EntityFrameworkCore.Metadata.Builders.EntityTypeBuilder)" namespace="AzAgroPOS.Verilenler.Migrations" type_name="CoxluQiymetSistemi.&lt;&gt;c" block_coverage="0.00" line_coverage="0.00" blocks_covered="0" blocks_not_covered="23" lines_covered="0" lines_partially_covered="0" lines_not_covered="23">
          <ranges>
            <range source_id="36" start_line="215" end_line="215" start_column="17" end_column="18" covered="no" />
            <range source_id="36" start_line="216" end_line="218" start_column="21" end_column="47" covered="no" />
            <range source_id="36" start_line="220" end_line="220" start_column="21" end_column="97" covered="no" />
            <range source_id="36" start_line="222" end_line="223" start_column="21" end_column="53" covered="no" />
            <range source_id="36" start_line="225" end_line="226" start_column="21" end_column="53" covered="no" />
            <range source_id="36" start_line="228" end_line="229" start_column="21" end_column="58" covered="no" />
            <range source_id="36" start_line="231" end_line="232" start_column="21" end_column="58" covered="no" />
            <range source_id="36" start_line="234" end_line="235" start_column="21" end_column="58" covered="no" />
            <range source_id="36" start_line="237" end_line="238" start_column="21" end_column="47" covered="no" />
            <range source_id="36" start_line="240" end_line="241" start_column="21" end_column="47" covered="no" />
            <range source_id="36" start_line="243" end_line="243" start_column="21" end_column="36" covered="no" />
            <range source_id="36" start_line="245" end_line="245" start_column="21" end_column="42" covered="no" />
            <range source_id="36" start_line="247" end_line="247" start_column="21" end_column="43" covered="no" />
            <range source_id="36" start_line="248" end_line="248" start_column="17" end_column="18" covered="no" />
          </ranges>
        </function>
        <function id="130448" token="0x60003a8" name="&lt;BuildTargetModel&gt;b__2_5(Microsoft.EntityFrameworkCore.Metadata.Builders.EntityTypeBuilder)" namespace="AzAgroPOS.Verilenler.Migrations" type_name="CoxluQiymetSistemi.&lt;&gt;c" block_coverage="0.00" line_coverage="0.00" blocks_covered="0" blocks_not_covered="14" lines_covered="0" lines_partially_covered="0" lines_not_covered="22">
          <ranges>
            <range source_id="36" start_line="251" end_line="251" start_column="17" end_column="18" covered="no" />
            <range source_id="36" start_line="252" end_line="254" start_column="21" end_column="47" covered="no" />
            <range source_id="36" start_line="256" end_line="256" start_column="21" end_column="97" covered="no" />
            <range source_id="36" start_line="258" end_line="260" start_column="21" end_column="57" covered="no" />
            <range source_id="36" start_line="262" end_line="262" start_column="21" end_column="36" covered="no" />
            <range source_id="36" start_line="264" end_line="264" start_column="21" end_column="41" covered="no" />
            <range source_id="36" start_line="266" end_line="276" start_column="21" end_column="28" covered="no" />
            <range source_id="36" start_line="277" end_line="277" start_column="17" end_column="18" covered="no" />
          </ranges>
        </function>
        <function id="130612" token="0x60003a9" name="&lt;BuildTargetModel&gt;b__2_6(Microsoft.EntityFrameworkCore.Metadata.Builders.EntityTypeBuilder)" namespace="AzAgroPOS.Verilenler.Migrations" type_name="CoxluQiymetSistemi.&lt;&gt;c" block_coverage="0.00" line_coverage="0.00" blocks_covered="0" blocks_not_covered="20" lines_covered="0" lines_partially_covered="0" lines_not_covered="20">
          <ranges>
            <range source_id="36" start_line="280" end_line="280" start_column="17" end_column="18" covered="no" />
            <range source_id="36" start_line="281" end_line="283" start_column="21" end_column="47" covered="no" />
            <range source_id="36" start_line="285" end_line="285" start_column="21" end_column="97" covered="no" />
            <range source_id="36" start_line="287" end_line="288" start_column="21" end_column="47" covered="no" />
            <range source_id="36" start_line="290" end_line="291" start_column="21" end_column="47" covered="no" />
            <range source_id="36" start_line="293" end_line="294" start_column="21" end_column="47" covered="no" />
            <range source_id="36" start_line="296" end_line="297" start_column="21" end_column="53" covered="no" />
            <range source_id="36" start_line="299" end_line="300" start_column="21" end_column="58" covered="no" />
            <range source_id="36" start_line="302" end_line="302" start_column="21" end_column="36" covered="no" />
            <range source_id="36" start_line="304" end_line="304" start_column="21" end_column="45" covered="no" />
            <range source_id="36" start_line="306" end_line="306" start_column="21" end_column="43" covered="no" />
            <range source_id="36" start_line="308" end_line="308" start_column="21" end_column="43" covered="no" />
            <range source_id="36" start_line="309" end_line="309" start_column="17" end_column="18" covered="no" />
          </ranges>
        </function>
        <function id="130860" token="0x60003aa" name="&lt;BuildTargetModel&gt;b__2_7(Microsoft.EntityFrameworkCore.Metadata.Builders.EntityTypeBuilder)" namespace="AzAgroPOS.Verilenler.Migrations" type_name="CoxluQiymetSistemi.&lt;&gt;c" block_coverage="0.00" line_coverage="0.00" blocks_covered="0" blocks_not_covered="18" lines_covered="0" lines_partially_covered="0" lines_not_covered="18">
          <ranges>
            <range source_id="36" start_line="312" end_line="312" start_column="17" end_column="18" covered="no" />
            <range source_id="36" start_line="313" end_line="315" start_column="21" end_column="47" covered="no" />
            <range source_id="36" start_line="317" end_line="317" start_column="21" end_column="97" covered="no" />
            <range source_id="36" start_line="319" end_line="320" start_column="21" end_column="47" covered="no" />
            <range source_id="36" start_line="322" end_line="323" start_column="21" end_column="47" covered="no" />
            <range source_id="36" start_line="325" end_line="326" start_column="21" end_column="58" covered="no" />
            <range source_id="36" start_line="328" end_line="329" start_column="21" end_column="47" covered="no" />
            <range source_id="36" start_line="331" end_line="331" start_column="21" end_column="36" covered="no" />
            <range source_id="36" start_line="333" end_line="333" start_column="21" end_column="44" covered="no" />
            <range source_id="36" start_line="335" end_line="335" start_column="21" end_column="43" covered="no" />
            <range source_id="36" start_line="337" end_line="337" start_column="21" end_column="49" covered="no" />
            <range source_id="36" start_line="338" end_line="338" start_column="17" end_column="18" covered="no" />
          </ranges>
        </function>
        <function id="131084" token="0x60003ab" name="&lt;BuildTargetModel&gt;b__2_8(Microsoft.EntityFrameworkCore.Metadata.Builders.EntityTypeBuilder)" namespace="AzAgroPOS.Verilenler.Migrations" type_name="CoxluQiymetSistemi.&lt;&gt;c" block_coverage="0.00" line_coverage="0.00" blocks_covered="0" blocks_not_covered="33" lines_covered="0" lines_partially_covered="0" lines_not_covered="33">
          <ranges>
            <range source_id="36" start_line="341" end_line="341" start_column="17" end_column="18" covered="no" />
            <range source_id="36" start_line="342" end_line="344" start_column="21" end_column="47" covered="no" />
            <range source_id="36" start_line="346" end_line="346" start_column="21" end_column="97" covered="no" />
            <range source_id="36" start_line="348" end_line="350" start_column="21" end_column="57" covered="no" />
            <range source_id="36" start_line="352" end_line="353" start_column="21" end_column="47" covered="no" />
            <range source_id="36" start_line="355" end_line="357" start_column="21" end_column="57" covered="no" />
            <range source_id="36" start_line="359" end_line="361" start_column="21" end_column="57" covered="no" />
            <range source_id="36" start_line="363" end_line="365" start_column="21" end_column="57" covered="no" />
            <range source_id="36" start_line="367" end_line="368" start_column="21" end_column="53" covered="no" />
            <range source_id="36" start_line="370" end_line="371" start_column="21" end_column="47" covered="no" />
            <range source_id="36" start_line="373" end_line="374" start_column="21" end_column="53" covered="no" />
            <range source_id="36" start_line="376" end_line="377" start_column="21" end_column="58" covered="no" />
            <range source_id="36" start_line="379" end_line="380" start_column="21" end_column="58" covered="no" />
            <range source_id="36" start_line="382" end_line="382" start_column="21" end_column="36" covered="no" />
            <range source_id="36" start_line="384" end_line="384" start_column="21" end_column="42" covered="no" />
            <range source_id="36" start_line="386" end_line="386" start_column="21" end_column="51" covered="no" />
            <range source_id="36" start_line="387" end_line="387" start_column="17" end_column="18" covered="no" />
          </ranges>
        </function>
        <function id="131444" token="0x60003ac" name="&lt;BuildTargetModel&gt;b__2_9(Microsoft.EntityFrameworkCore.Metadata.Builders.EntityTypeBuilder)" namespace="AzAgroPOS.Verilenler.Migrations" type_name="CoxluQiymetSistemi.&lt;&gt;c" block_coverage="0.00" line_coverage="0.00" blocks_covered="0" blocks_not_covered="7" lines_covered="0" lines_partially_covered="0" lines_not_covered="8">
          <ranges>
            <range source_id="36" start_line="390" end_line="390" start_column="17" end_column="18" covered="no" />
            <range source_id="36" start_line="391" end_line="395" start_column="21" end_column="39" covered="no" />
            <range source_id="36" start_line="397" end_line="397" start_column="21" end_column="41" covered="no" />
            <range source_id="36" start_line="398" end_line="398" start_column="17" end_column="18" covered="no" />
          </ranges>
        </function>
        <function id="131528" token="0x60003ad" name="&lt;BuildTargetModel&gt;b__2_10(Microsoft.EntityFrameworkCore.Metadata.Builders.EntityTypeBuilder)" namespace="AzAgroPOS.Verilenler.Migrations" type_name="CoxluQiymetSistemi.&lt;&gt;c" block_coverage="0.00" line_coverage="0.00" blocks_covered="0" blocks_not_covered="11" lines_covered="0" lines_partially_covered="0" lines_not_covered="12">
          <ranges>
            <range source_id="36" start_line="401" end_line="401" start_column="17" end_column="18" covered="no" />
            <range source_id="36" start_line="402" end_line="406" start_column="21" end_column="39" covered="no" />
            <range source_id="36" start_line="408" end_line="410" start_column="21" end_column="51" covered="no" />
            <range source_id="36" start_line="412" end_line="412" start_column="21" end_column="45" covered="no" />
            <range source_id="36" start_line="414" end_line="414" start_column="21" end_column="43" covered="no" />
            <range source_id="36" start_line="415" end_line="415" start_column="17" end_column="18" covered="no" />
          </ranges>
        </function>
        <function id="131664" token="0x60003ae" name="&lt;BuildTargetModel&gt;b__2_11(Microsoft.EntityFrameworkCore.Metadata.Builders.EntityTypeBuilder)" namespace="AzAgroPOS.Verilenler.Migrations" type_name="CoxluQiymetSistemi.&lt;&gt;c" block_coverage="0.00" line_coverage="0.00" blocks_covered="0" blocks_not_covered="7" lines_covered="0" lines_partially_covered="0" lines_not_covered="8">
          <ranges>
            <range source_id="36" start_line="418" end_line="418" start_column="17" end_column="18" covered="no" />
            <range source_id="36" start_line="419" end_line="423" start_column="21" end_column="39" covered="no" />
            <range source_id="36" start_line="425" end_line="425" start_column="21" end_column="42" covered="no" />
            <range source_id="36" start_line="426" end_line="426" start_column="17" end_column="18" covered="no" />
          </ranges>
        </function>
        <function id="131744" token="0x60003af" name="&lt;BuildTargetModel&gt;b__2_12(Microsoft.EntityFrameworkCore.Metadata.Builders.EntityTypeBuilder)" namespace="AzAgroPOS.Verilenler.Migrations" type_name="CoxluQiymetSistemi.&lt;&gt;c" block_coverage="0.00" line_coverage="0.00" blocks_covered="0" blocks_not_covered="11" lines_covered="0" lines_partially_covered="0" lines_not_covered="12">
          <ranges>
            <range source_id="36" start_line="429" end_line="429" start_column="17" end_column="18" covered="no" />
            <range source_id="36" start_line="430" end_line="432" start_column="21" end_column="53" covered="no" />
            <range source_id="36" start_line="434" end_line="438" start_column="21" end_column="39" covered="no" />
            <range source_id="36" start_line="440" end_line="440" start_column="21" end_column="45" covered="no" />
            <range source_id="36" start_line="442" end_line="442" start_column="21" end_column="43" covered="no" />
            <range source_id="36" start_line="443" end_line="443" start_column="17" end_column="18" covered="no" />
          </ranges>
        </function>
        <function id="131884" token="0x60003b0" name="&lt;BuildTargetModel&gt;b__2_13(Microsoft.EntityFrameworkCore.Metadata.Builders.EntityTypeBuilder)" namespace="AzAgroPOS.Verilenler.Migrations" type_name="CoxluQiymetSistemi.&lt;&gt;c" block_coverage="0.00" line_coverage="0.00" blocks_covered="0" blocks_not_covered="13" lines_covered="0" lines_partially_covered="0" lines_not_covered="14">
          <ranges>
            <range source_id="36" start_line="446" end_line="446" start_column="17" end_column="18" covered="no" />
            <range source_id="36" start_line="447" end_line="451" start_column="21" end_column="39" covered="no" />
            <range source_id="36" start_line="453" end_line="457" start_column="21" end_column="39" covered="no" />
            <range source_id="36" start_line="459" end_line="459" start_column="21" end_column="44" covered="no" />
            <range source_id="36" start_line="461" end_line="461" start_column="21" end_column="43" covered="no" />
            <range source_id="36" start_line="462" end_line="462" start_column="17" end_column="18" covered="no" />
          </ranges>
        </function>
        <function id="132036" token="0x60003b1" name="&lt;BuildTargetModel&gt;b__2_14(Microsoft.EntityFrameworkCore.Metadata.Builders.EntityTypeBuilder)" namespace="AzAgroPOS.Verilenler.Migrations" type_name="CoxluQiymetSistemi.&lt;&gt;c" block_coverage="0.00" line_coverage="0.00" blocks_covered="0" blocks_not_covered="6" lines_covered="0" lines_partially_covered="0" lines_not_covered="7">
          <ranges>
            <range source_id="36" start_line="465" end_line="465" start_column="17" end_column="18" covered="no" />
            <range source_id="36" start_line="466" end_line="469" start_column="21" end_column="60" covered="no" />
            <range source_id="36" start_line="471" end_line="471" start_column="21" end_column="42" covered="no" />
            <range source_id="36" start_line="472" end_line="472" start_column="17" end_column="18" covered="no" />
          </ranges>
        </function>
        <function id="132114" token="0x60003b2" name="&lt;BuildTargetModel&gt;b__2_15(Microsoft.EntityFrameworkCore.Metadata.Builders.EntityTypeBuilder)" namespace="AzAgroPOS.Verilenler.Migrations" type_name="CoxluQiymetSistemi.&lt;&gt;c" block_coverage="0.00" line_coverage="0.00" blocks_covered="0" blocks_not_covered="2" lines_covered="0" lines_partially_covered="0" lines_not_covered="3">
          <ranges>
            <range source_id="36" start_line="475" end_line="475" start_column="17" end_column="18" covered="no" />
            <range source_id="36" start_line="476" end_line="476" start_column="21" end_column="54" covered="no" />
            <range source_id="36" start_line="477" end_line="477" start_column="17" end_column="18" covered="no" />
          </ranges>
        </function>
        <function id="132129" token="0x60003b3" name="&lt;BuildTargetModel&gt;b__2_16(Microsoft.EntityFrameworkCore.Metadata.Builders.EntityTypeBuilder)" namespace="AzAgroPOS.Verilenler.Migrations" type_name="CoxluQiymetSistemi.&lt;&gt;c" block_coverage="0.00" line_coverage="0.00" blocks_covered="0" blocks_not_covered="2" lines_covered="0" lines_partially_covered="0" lines_not_covered="3">
          <ranges>
            <range source_id="36" start_line="480" end_line="480" start_column="17" end_column="18" covered="no" />
            <range source_id="36" start_line="481" end_line="481" start_column="21" end_column="46" covered="no" />
            <range source_id="36" start_line="482" end_line="482" start_column="17" end_column="18" covered="no" />
          </ranges>
        </function>
        <function id="132144" token="0x60003b4" name="&lt;BuildTargetModel&gt;b__2_17(Microsoft.EntityFrameworkCore.Metadata.Builders.EntityTypeBuilder)" namespace="AzAgroPOS.Verilenler.Migrations" type_name="CoxluQiymetSistemi.&lt;&gt;c" block_coverage="0.00" line_coverage="0.00" blocks_covered="0" blocks_not_covered="2" lines_covered="0" lines_partially_covered="0" lines_not_covered="3">
          <ranges>
            <range source_id="36" start_line="485" end_line="485" start_column="17" end_column="18" covered="no" />
            <range source_id="36" start_line="486" end_line="486" start_column="21" end_column="51" covered="no" />
            <range source_id="36" start_line="487" end_line="487" start_column="17" end_column="18" covered="no" />
          </ranges>
        </function>
        <function id="132159" token="0x60003b5" name="&lt;BuildTargetModel&gt;b__2_18(Microsoft.EntityFrameworkCore.Metadata.Builders.EntityTypeBuilder)" namespace="AzAgroPOS.Verilenler.Migrations" type_name="CoxluQiymetSistemi.&lt;&gt;c" block_coverage="0.00" line_coverage="0.00" blocks_covered="0" blocks_not_covered="2" lines_covered="0" lines_partially_covered="0" lines_not_covered="3">
          <ranges>
            <range source_id="36" start_line="490" end_line="490" start_column="17" end_column="18" covered="no" />
            <range source_id="36" start_line="491" end_line="491" start_column="21" end_column="52" covered="no" />
            <range source_id="36" start_line="492" end_line="492" start_column="17" end_column="18" covered="no" />
          </ranges>
        </function>
        <function id="132196" token="0x60003b8" name="&lt;BuildTargetModel&gt;b__2_0(Microsoft.EntityFrameworkCore.Metadata.Builders.EntityTypeBuilder)" namespace="AzAgroPOS.Verilenler.Migrations" type_name="MusteriKreditLimiti.&lt;&gt;c" block_coverage="0.00" line_coverage="0.00" blocks_covered="0" blocks_not_covered="22" lines_covered="0" lines_partially_covered="0" lines_not_covered="29">
          <ranges>
            <range source_id="38" start_line="29" end_line="29" start_column="17" end_column="18" covered="no" />
            <range source_id="38" start_line="30" end_line="32" start_column="21" end_column="47" covered="no" />
            <range source_id="38" start_line="34" end_line="34" start_column="21" end_column="97" covered="no" />
            <range source_id="38" start_line="36" end_line="38" start_column="21" end_column="57" covered="no" />
            <range source_id="38" start_line="40" end_line="42" start_column="21" end_column="57" covered="no" />
            <range source_id="38" start_line="44" end_line="45" start_column="21" end_column="47" covered="no" />
            <range source_id="38" start_line="47" end_line="49" start_column="21" end_column="57" covered="no" />
            <range source_id="38" start_line="51" end_line="51" start_column="21" end_column="36" covered="no" />
            <range source_id="38" start_line="53" end_line="53" start_column="21" end_column="41" covered="no" />
            <range source_id="38" start_line="55" end_line="55" start_column="21" end_column="48" covered="no" />
            <range source_id="38" start_line="57" end_line="65" start_column="21" end_column="28" covered="no" />
            <range source_id="38" start_line="66" end_line="66" start_column="17" end_column="18" covered="no" />
          </ranges>
        </function>
        <function id="132456" token="0x60003b9" name="&lt;BuildTargetModel&gt;b__2_1(Microsoft.EntityFrameworkCore.Metadata.Builders.EntityTypeBuilder)" namespace="AzAgroPOS.Verilenler.Migrations" type_name="MusteriKreditLimiti.&lt;&gt;c" block_coverage="0.00" line_coverage="0.00" blocks_covered="0" blocks_not_covered="39" lines_covered="0" lines_partially_covered="0" lines_not_covered="69">
          <ranges>
            <range source_id="38" start_line="69" end_line="69" start_column="17" end_column="18" covered="no" />
            <range source_id="38" start_line="70" end_line="72" start_column="21" end_column="47" covered="no" />
            <range source_id="38" start_line="74" end_line="74" start_column="21" end_column="97" covered="no" />
            <range source_id="38" start_line="76" end_line="78" start_column="21" end_column="57" covered="no" />
            <range source_id="38" start_line="80" end_line="81" start_column="21" end_column="58" covered="no" />
            <range source_id="38" start_line="83" end_line="85" start_column="21" end_column="57" covered="no" />
            <range source_id="38" start_line="87" end_line="88" start_column="21" end_column="47" covered="no" />
            <range source_id="38" start_line="90" end_line="91" start_column="21" end_column="47" covered="no" />
            <range source_id="38" start_line="93" end_line="94" start_column="21" end_column="58" covered="no" />
            <range source_id="38" start_line="96" end_line="98" start_column="21" end_column="57" covered="no" />
            <range source_id="38" start_line="100" end_line="101" start_column="21" end_column="58" covered="no" />
            <range source_id="38" start_line="103" end_line="104" start_column="21" end_column="58" covered="no" />
            <range source_id="38" start_line="106" end_line="106" start_column="21" end_column="36" covered="no" />
            <range source_id="38" start_line="108" end_line="108" start_column="21" end_column="44" covered="no" />
            <range source_id="38" start_line="110" end_line="149" start_column="21" end_column="28" covered="no" />
            <range source_id="38" start_line="150" end_line="150" start_column="17" end_column="18" covered="no" />
          </ranges>
        </function>
        <function id="132972" token="0x60003ba" name="&lt;BuildTargetModel&gt;b__2_2(Microsoft.EntityFrameworkCore.Metadata.Builders.EntityTypeBuilder)" namespace="AzAgroPOS.Verilenler.Migrations" type_name="MusteriKreditLimiti.&lt;&gt;c" block_coverage="0.00" line_coverage="0.00" blocks_covered="0" blocks_not_covered="20" lines_covered="0" lines_partially_covered="0" lines_not_covered="20">
          <ranges>
            <range source_id="38" start_line="153" end_line="153" start_column="17" end_column="18" covered="no" />
            <range source_id="38" start_line="154" end_line="156" start_column="21" end_column="47" covered="no" />
            <range source_id="38" start_line="158" end_line="158" start_column="21" end_column="97" covered="no" />
            <range source_id="38" start_line="160" end_line="161" start_column="21" end_column="57" covered="no" />
            <range source_id="38" start_line="163" end_line="165" start_column="21" end_column="57" covered="no" />
            <range source_id="38" start_line="167" end_line="169" start_column="21" end_column="57" covered="no" />
            <range source_id="38" start_line="171" end_line="172" start_column="21" end_column="58" covered="no" />
            <range source_id="38" start_line="174" end_line="175" start_column="21" end_column="57" covered="no" />
            <range source_id="38" start_line="177" end_line="177" start_column="21" end_column="36" covered="no" />
            <range source_id="38" start_line="179" end_line="179" start_column="21" end_column="45" covered="no" />
            <range source_id="38" start_line="180" end_line="180" start_column="17" end_column="18" covered="no" />
          </ranges>
        </function>
        <function id="133188" token="0x60003bb" name="&lt;BuildTargetModel&gt;b__2_3(Microsoft.EntityFrameworkCore.Metadata.Builders.EntityTypeBuilder)" namespace="AzAgroPOS.Verilenler.Migrations" type_name="MusteriKreditLimiti.&lt;&gt;c" block_coverage="0.00" line_coverage="0.00" blocks_covered="0" blocks_not_covered="22" lines_covered="0" lines_partially_covered="0" lines_not_covered="22">
          <ranges>
            <range source_id="38" start_line="183" end_line="183" start_column="17" end_column="18" covered="no" />
            <range source_id="38" start_line="184" end_line="186" start_column="21" end_column="47" covered="no" />
            <range source_id="38" start_line="188" end_line="188" start_column="21" end_column="97" covered="no" />
            <range source_id="38" start_line="190" end_line="191" start_column="21" end_column="47" covered="no" />
            <range source_id="38" start_line="193" end_line="194" start_column="21" end_column="58" covered="no" />
            <range source_id="38" start_line="196" end_line="197" start_column="21" end_column="47" covered="no" />
            <range source_id="38" start_line="199" end_line="200" start_column="21" end_column="57" covered="no" />
            <range source_id="38" start_line="202" end_line="203" start_column="21" end_column="47" covered="no" />
            <range source_id="38" start_line="205" end_line="206" start_column="21" end_column="53" covered="no" />
            <range source_id="38" start_line="208" end_line="208" start_column="21" end_column="36" covered="no" />
            <range source_id="38" start_line="210" end_line="210" start_column="21" end_column="45" covered="no" />
            <range source_id="38" start_line="212" end_line="212" start_column="21" end_column="43" covered="no" />
            <range source_id="38" start_line="214" end_line="214" start_column="21" end_column="51" covered="no" />
            <range source_id="38" start_line="215" end_line="215" start_column="17" end_column="18" covered="no" />
          </ranges>
        </function>
        <function id="133456" token="0x60003bc" name="&lt;BuildTargetModel&gt;b__2_4(Microsoft.EntityFrameworkCore.Metadata.Builders.EntityTypeBuilder)" namespace="AzAgroPOS.Verilenler.Migrations" type_name="MusteriKreditLimiti.&lt;&gt;c" block_coverage="0.00" line_coverage="0.00" blocks_covered="0" blocks_not_covered="23" lines_covered="0" lines_partially_covered="0" lines_not_covered="23">
          <ranges>
            <range source_id="38" start_line="218" end_line="218" start_column="17" end_column="18" covered="no" />
            <range source_id="38" start_line="219" end_line="221" start_column="21" end_column="47" covered="no" />
            <range source_id="38" start_line="223" end_line="223" start_column="21" end_column="97" covered="no" />
            <range source_id="38" start_line="225" end_line="226" start_column="21" end_column="53" covered="no" />
            <range source_id="38" start_line="228" end_line="229" start_column="21" end_column="53" covered="no" />
            <range source_id="38" start_line="231" end_line="232" start_column="21" end_column="58" covered="no" />
            <range source_id="38" start_line="234" end_line="235" start_column="21" end_column="58" covered="no" />
            <range source_id="38" start_line="237" end_line="238" start_column="21" end_column="58" covered="no" />
            <range source_id="38" start_line="240" end_line="241" start_column="21" end_column="47" covered="no" />
            <range source_id="38" start_line="243" end_line="244" start_column="21" end_column="47" covered="no" />
            <range source_id="38" start_line="246" end_line="246" start_column="21" end_column="36" covered="no" />
            <range source_id="38" start_line="248" end_line="248" start_column="21" end_column="42" covered="no" />
            <range source_id="38" start_line="250" end_line="250" start_column="21" end_column="43" covered="no" />
            <range source_id="38" start_line="251" end_line="251" start_column="17" end_column="18" covered="no" />
          </ranges>
        </function>
        <function id="133728" token="0x60003bd" name="&lt;BuildTargetModel&gt;b__2_5(Microsoft.EntityFrameworkCore.Metadata.Builders.EntityTypeBuilder)" namespace="AzAgroPOS.Verilenler.Migrations" type_name="MusteriKreditLimiti.&lt;&gt;c" block_coverage="0.00" line_coverage="0.00" blocks_covered="0" blocks_not_covered="14" lines_covered="0" lines_partially_covered="0" lines_not_covered="22">
          <ranges>
            <range source_id="38" start_line="254" end_line="254" start_column="17" end_column="18" covered="no" />
            <range source_id="38" start_line="255" end_line="257" start_column="21" end_column="47" covered="no" />
            <range source_id="38" start_line="259" end_line="259" start_column="21" end_column="97" covered="no" />
            <range source_id="38" start_line="261" end_line="263" start_column="21" end_column="57" covered="no" />
            <range source_id="38" start_line="265" end_line="265" start_column="21" end_column="36" covered="no" />
            <range source_id="38" start_line="267" end_line="267" start_column="21" end_column="41" covered="no" />
            <range source_id="38" start_line="269" end_line="279" start_column="21" end_column="28" covered="no" />
            <range source_id="38" start_line="280" end_line="280" start_column="17" end_column="18" covered="no" />
          </ranges>
        </function>
        <function id="133892" token="0x60003be" name="&lt;BuildTargetModel&gt;b__2_6(Microsoft.EntityFrameworkCore.Metadata.Builders.EntityTypeBuilder)" namespace="AzAgroPOS.Verilenler.Migrations" type_name="MusteriKreditLimiti.&lt;&gt;c" block_coverage="0.00" line_coverage="0.00" blocks_covered="0" blocks_not_covered="20" lines_covered="0" lines_partially_covered="0" lines_not_covered="20">
          <ranges>
            <range source_id="38" start_line="283" end_line="283" start_column="17" end_column="18" covered="no" />
            <range source_id="38" start_line="284" end_line="286" start_column="21" end_column="47" covered="no" />
            <range source_id="38" start_line="288" end_line="288" start_column="21" end_column="97" covered="no" />
            <range source_id="38" start_line="290" end_line="291" start_column="21" end_column="47" covered="no" />
            <range source_id="38" start_line="293" end_line="294" start_column="21" end_column="47" covered="no" />
            <range source_id="38" start_line="296" end_line="297" start_column="21" end_column="47" covered="no" />
            <range source_id="38" start_line="299" end_line="300" start_column="21" end_column="53" covered="no" />
            <range source_id="38" start_line="302" end_line="303" start_column="21" end_column="58" covered="no" />
            <range source_id="38" start_line="305" end_line="305" start_column="21" end_column="36" covered="no" />
            <range source_id="38" start_line="307" end_line="307" start_column="21" end_column="45" covered="no" />
            <range source_id="38" start_line="309" end_line="309" start_column="21" end_column="43" covered="no" />
            <range source_id="38" start_line="311" end_line="311" start_column="21" end_column="43" covered="no" />
            <range source_id="38" start_line="312" end_line="312" start_column="17" end_column="18" covered="no" />
          </ranges>
        </function>
        <function id="134140" token="0x60003bf" name="&lt;BuildTargetModel&gt;b__2_7(Microsoft.EntityFrameworkCore.Metadata.Builders.EntityTypeBuilder)" namespace="AzAgroPOS.Verilenler.Migrations" type_name="MusteriKreditLimiti.&lt;&gt;c" block_coverage="0.00" line_coverage="0.00" blocks_covered="0" blocks_not_covered="18" lines_covered="0" lines_partially_covered="0" lines_not_covered="18">
          <ranges>
            <range source_id="38" start_line="315" end_line="315" start_column="17" end_column="18" covered="no" />
            <range source_id="38" start_line="316" end_line="318" start_column="21" end_column="47" covered="no" />
            <range source_id="38" start_line="320" end_line="320" start_column="21" end_column="97" covered="no" />
            <range source_id="38" start_line="322" end_line="323" start_column="21" end_column="47" covered="no" />
            <range source_id="38" start_line="325" end_line="326" start_column="21" end_column="47" covered="no" />
            <range source_id="38" start_line="328" end_line="329" start_column="21" end_column="58" covered="no" />
            <range source_id="38" start_line="331" end_line="332" start_column="21" end_column="47" covered="no" />
            <range source_id="38" start_line="334" end_line="334" start_column="21" end_column="36" covered="no" />
            <range source_id="38" start_line="336" end_line="336" start_column="21" end_column="44" covered="no" />
            <range source_id="38" start_line="338" end_line="338" start_column="21" end_column="43" covered="no" />
            <range source_id="38" start_line="340" end_line="340" start_column="21" end_column="49" covered="no" />
            <range source_id="38" start_line="341" end_line="341" start_column="17" end_column="18" covered="no" />
          </ranges>
        </function>
        <function id="134364" token="0x60003c0" name="&lt;BuildTargetModel&gt;b__2_8(Microsoft.EntityFrameworkCore.Metadata.Builders.EntityTypeBuilder)" namespace="AzAgroPOS.Verilenler.Migrations" type_name="MusteriKreditLimiti.&lt;&gt;c" block_coverage="0.00" line_coverage="0.00" blocks_covered="0" blocks_not_covered="33" lines_covered="0" lines_partially_covered="0" lines_not_covered="33">
          <ranges>
            <range source_id="38" start_line="344" end_line="344" start_column="17" end_column="18" covered="no" />
            <range source_id="38" start_line="345" end_line="347" start_column="21" end_column="47" covered="no" />
            <range source_id="38" start_line="349" end_line="349" start_column="21" end_column="97" covered="no" />
            <range source_id="38" start_line="351" end_line="353" start_column="21" end_column="57" covered="no" />
            <range source_id="38" start_line="355" end_line="356" start_column="21" end_column="47" covered="no" />
            <range source_id="38" start_line="358" end_line="360" start_column="21" end_column="57" covered="no" />
            <range source_id="38" start_line="362" end_line="364" start_column="21" end_column="57" covered="no" />
            <range source_id="38" start_line="366" end_line="368" start_column="21" end_column="57" covered="no" />
            <range source_id="38" start_line="370" end_line="371" start_column="21" end_column="53" covered="no" />
            <range source_id="38" start_line="373" end_line="374" start_column="21" end_column="47" covered="no" />
            <range source_id="38" start_line="376" end_line="377" start_column="21" end_column="53" covered="no" />
            <range source_id="38" start_line="379" end_line="380" start_column="21" end_column="58" covered="no" />
            <range source_id="38" start_line="382" end_line="383" start_column="21" end_column="58" covered="no" />
            <range source_id="38" start_line="385" end_line="385" start_column="21" end_column="36" covered="no" />
            <range source_id="38" start_line="387" end_line="387" start_column="21" end_column="42" covered="no" />
            <range source_id="38" start_line="389" end_line="389" start_column="21" end_column="51" covered="no" />
            <range source_id="38" start_line="390" end_line="390" start_column="17" end_column="18" covered="no" />
          </ranges>
        </function>
        <function id="134724" token="0x60003c1" name="&lt;BuildTargetModel&gt;b__2_9(Microsoft.EntityFrameworkCore.Metadata.Builders.EntityTypeBuilder)" namespace="AzAgroPOS.Verilenler.Migrations" type_name="MusteriKreditLimiti.&lt;&gt;c" block_coverage="0.00" line_coverage="0.00" blocks_covered="0" blocks_not_covered="7" lines_covered="0" lines_partially_covered="0" lines_not_covered="8">
          <ranges>
            <range source_id="38" start_line="393" end_line="393" start_column="17" end_column="18" covered="no" />
            <range source_id="38" start_line="394" end_line="398" start_column="21" end_column="39" covered="no" />
            <range source_id="38" start_line="400" end_line="400" start_column="21" end_column="41" covered="no" />
            <range source_id="38" start_line="401" end_line="401" start_column="17" end_column="18" covered="no" />
          </ranges>
        </function>
        <function id="134808" token="0x60003c2" name="&lt;BuildTargetModel&gt;b__2_10(Microsoft.EntityFrameworkCore.Metadata.Builders.EntityTypeBuilder)" namespace="AzAgroPOS.Verilenler.Migrations" type_name="MusteriKreditLimiti.&lt;&gt;c" block_coverage="0.00" line_coverage="0.00" blocks_covered="0" blocks_not_covered="11" lines_covered="0" lines_partially_covered="0" lines_not_covered="12">
          <ranges>
            <range source_id="38" start_line="404" end_line="404" start_column="17" end_column="18" covered="no" />
            <range source_id="38" start_line="405" end_line="409" start_column="21" end_column="39" covered="no" />
            <range source_id="38" start_line="411" end_line="413" start_column="21" end_column="51" covered="no" />
            <range source_id="38" start_line="415" end_line="415" start_column="21" end_column="45" covered="no" />
            <range source_id="38" start_line="417" end_line="417" start_column="21" end_column="43" covered="no" />
            <range source_id="38" start_line="418" end_line="418" start_column="17" end_column="18" covered="no" />
          </ranges>
        </function>
        <function id="134944" token="0x60003c3" name="&lt;BuildTargetModel&gt;b__2_11(Microsoft.EntityFrameworkCore.Metadata.Builders.EntityTypeBuilder)" namespace="AzAgroPOS.Verilenler.Migrations" type_name="MusteriKreditLimiti.&lt;&gt;c" block_coverage="0.00" line_coverage="0.00" blocks_covered="0" blocks_not_covered="7" lines_covered="0" lines_partially_covered="0" lines_not_covered="8">
          <ranges>
            <range source_id="38" start_line="421" end_line="421" start_column="17" end_column="18" covered="no" />
            <range source_id="38" start_line="422" end_line="426" start_column="21" end_column="39" covered="no" />
            <range source_id="38" start_line="428" end_line="428" start_column="21" end_column="42" covered="no" />
            <range source_id="38" start_line="429" end_line="429" start_column="17" end_column="18" covered="no" />
          </ranges>
        </function>
        <function id="135024" token="0x60003c4" name="&lt;BuildTargetModel&gt;b__2_12(Microsoft.EntityFrameworkCore.Metadata.Builders.EntityTypeBuilder)" namespace="AzAgroPOS.Verilenler.Migrations" type_name="MusteriKreditLimiti.&lt;&gt;c" block_coverage="0.00" line_coverage="0.00" blocks_covered="0" blocks_not_covered="11" lines_covered="0" lines_partially_covered="0" lines_not_covered="12">
          <ranges>
            <range source_id="38" start_line="432" end_line="432" start_column="17" end_column="18" covered="no" />
            <range source_id="38" start_line="433" end_line="435" start_column="21" end_column="53" covered="no" />
            <range source_id="38" start_line="437" end_line="441" start_column="21" end_column="39" covered="no" />
            <range source_id="38" start_line="443" end_line="443" start_column="21" end_column="45" covered="no" />
            <range source_id="38" start_line="445" end_line="445" start_column="21" end_column="43" covered="no" />
            <range source_id="38" start_line="446" end_line="446" start_column="17" end_column="18" covered="no" />
          </ranges>
        </function>
        <function id="135164" token="0x60003c5" name="&lt;BuildTargetModel&gt;b__2_13(Microsoft.EntityFrameworkCore.Metadata.Builders.EntityTypeBuilder)" namespace="AzAgroPOS.Verilenler.Migrations" type_name="MusteriKreditLimiti.&lt;&gt;c" block_coverage="0.00" line_coverage="0.00" blocks_covered="0" blocks_not_covered="13" lines_covered="0" lines_partially_covered="0" lines_not_covered="14">
          <ranges>
            <range source_id="38" start_line="449" end_line="449" start_column="17" end_column="18" covered="no" />
            <range source_id="38" start_line="450" end_line="454" start_column="21" end_column="39" covered="no" />
            <range source_id="38" start_line="456" end_line="460" start_column="21" end_column="39" covered="no" />
            <range source_id="38" start_line="462" end_line="462" start_column="21" end_column="44" covered="no" />
            <range source_id="38" start_line="464" end_line="464" start_column="21" end_column="43" covered="no" />
            <range source_id="38" start_line="465" end_line="465" start_column="17" end_column="18" covered="no" />
          </ranges>
        </function>
        <function id="135316" token="0x60003c6" name="&lt;BuildTargetModel&gt;b__2_14(Microsoft.EntityFrameworkCore.Metadata.Builders.EntityTypeBuilder)" namespace="AzAgroPOS.Verilenler.Migrations" type_name="MusteriKreditLimiti.&lt;&gt;c" block_coverage="0.00" line_coverage="0.00" blocks_covered="0" blocks_not_covered="6" lines_covered="0" lines_partially_covered="0" lines_not_covered="7">
          <ranges>
            <range source_id="38" start_line="468" end_line="468" start_column="17" end_column="18" covered="no" />
            <range source_id="38" start_line="469" end_line="472" start_column="21" end_column="60" covered="no" />
            <range source_id="38" start_line="474" end_line="474" start_column="21" end_column="42" covered="no" />
            <range source_id="38" start_line="475" end_line="475" start_column="17" end_column="18" covered="no" />
          </ranges>
        </function>
        <function id="135394" token="0x60003c7" name="&lt;BuildTargetModel&gt;b__2_15(Microsoft.EntityFrameworkCore.Metadata.Builders.EntityTypeBuilder)" namespace="AzAgroPOS.Verilenler.Migrations" type_name="MusteriKreditLimiti.&lt;&gt;c" block_coverage="0.00" line_coverage="0.00" blocks_covered="0" blocks_not_covered="2" lines_covered="0" lines_partially_covered="0" lines_not_covered="3">
          <ranges>
            <range source_id="38" start_line="478" end_line="478" start_column="17" end_column="18" covered="no" />
            <range source_id="38" start_line="479" end_line="479" start_column="21" end_column="54" covered="no" />
            <range source_id="38" start_line="480" end_line="480" start_column="17" end_column="18" covered="no" />
          </ranges>
        </function>
        <function id="135409" token="0x60003c8" name="&lt;BuildTargetModel&gt;b__2_16(Microsoft.EntityFrameworkCore.Metadata.Builders.EntityTypeBuilder)" namespace="AzAgroPOS.Verilenler.Migrations" type_name="MusteriKreditLimiti.&lt;&gt;c" block_coverage="0.00" line_coverage="0.00" blocks_covered="0" blocks_not_covered="2" lines_covered="0" lines_partially_covered="0" lines_not_covered="3">
          <ranges>
            <range source_id="38" start_line="483" end_line="483" start_column="17" end_column="18" covered="no" />
            <range source_id="38" start_line="484" end_line="484" start_column="21" end_column="46" covered="no" />
            <range source_id="38" start_line="485" end_line="485" start_column="17" end_column="18" covered="no" />
          </ranges>
        </function>
        <function id="135424" token="0x60003c9" name="&lt;BuildTargetModel&gt;b__2_17(Microsoft.EntityFrameworkCore.Metadata.Builders.EntityTypeBuilder)" namespace="AzAgroPOS.Verilenler.Migrations" type_name="MusteriKreditLimiti.&lt;&gt;c" block_coverage="0.00" line_coverage="0.00" blocks_covered="0" blocks_not_covered="2" lines_covered="0" lines_partially_covered="0" lines_not_covered="3">
          <ranges>
            <range source_id="38" start_line="488" end_line="488" start_column="17" end_column="18" covered="no" />
            <range source_id="38" start_line="489" end_line="489" start_column="21" end_column="51" covered="no" />
            <range source_id="38" start_line="490" end_line="490" start_column="17" end_column="18" covered="no" />
          </ranges>
        </function>
        <function id="135439" token="0x60003ca" name="&lt;BuildTargetModel&gt;b__2_18(Microsoft.EntityFrameworkCore.Metadata.Builders.EntityTypeBuilder)" namespace="AzAgroPOS.Verilenler.Migrations" type_name="MusteriKreditLimiti.&lt;&gt;c" block_coverage="0.00" line_coverage="0.00" blocks_covered="0" blocks_not_covered="2" lines_covered="0" lines_partially_covered="0" lines_not_covered="3">
          <ranges>
            <range source_id="38" start_line="493" end_line="493" start_column="17" end_column="18" covered="no" />
            <range source_id="38" start_line="494" end_line="494" start_column="21" end_column="52" covered="no" />
            <range source_id="38" start_line="495" end_line="495" start_column="17" end_column="18" covered="no" />
          </ranges>
        </function>
        <function id="135476" token="0x60003cd" name="&lt;BuildTargetModel&gt;b__2_0(Microsoft.EntityFrameworkCore.Metadata.Builders.EntityTypeBuilder)" namespace="AzAgroPOS.Verilenler.Migrations" type_name="MehsulXanaAdlariYekunStandartlasdirma.&lt;&gt;c" block_coverage="0.00" line_coverage="0.00" blocks_covered="0" blocks_not_covered="22" lines_covered="0" lines_partially_covered="0" lines_not_covered="29">
          <ranges>
            <range source_id="40" start_line="29" end_line="29" start_column="17" end_column="18" covered="no" />
            <range source_id="40" start_line="30" end_line="32" start_column="21" end_column="47" covered="no" />
            <range source_id="40" start_line="34" end_line="34" start_column="21" end_column="97" covered="no" />
            <range source_id="40" start_line="36" end_line="38" start_column="21" end_column="57" covered="no" />
            <range source_id="40" start_line="40" end_line="42" start_column="21" end_column="57" covered="no" />
            <range source_id="40" start_line="44" end_line="45" start_column="21" end_column="47" covered="no" />
            <range source_id="40" start_line="47" end_line="49" start_column="21" end_column="57" covered="no" />
            <range source_id="40" start_line="51" end_line="51" start_column="21" end_column="36" covered="no" />
            <range source_id="40" start_line="53" end_line="53" start_column="21" end_column="41" covered="no" />
            <range source_id="40" start_line="55" end_line="55" start_column="21" end_column="48" covered="no" />
            <range source_id="40" start_line="57" end_line="65" start_column="21" end_column="28" covered="no" />
            <range source_id="40" start_line="66" end_line="66" start_column="17" end_column="18" covered="no" />
          </ranges>
        </function>
        <function id="135736" token="0x60003ce" name="&lt;BuildTargetModel&gt;b__2_1(Microsoft.EntityFrameworkCore.Metadata.Builders.EntityTypeBuilder)" namespace="AzAgroPOS.Verilenler.Migrations" type_name="MehsulXanaAdlariYekunStandartlasdirma.&lt;&gt;c" block_coverage="0.00" line_coverage="0.00" blocks_covered="0" blocks_not_covered="41" lines_covered="0" lines_partially_covered="0" lines_not_covered="77">
          <ranges>
            <range source_id="40" start_line="69" end_line="69" start_column="17" end_column="18" covered="no" />
            <range source_id="40" start_line="70" end_line="72" start_column="21" end_column="47" covered="no" />
            <range source_id="40" start_line="74" end_line="74" start_column="21" end_column="97" covered="no" />
            <range source_id="40" start_line="76" end_line="78" start_column="21" end_column="57" covered="no" />
            <range source_id="40" start_line="80" end_line="81" start_column="21" end_column="47" covered="no" />
            <range source_id="40" start_line="83" end_line="84" start_column="21" end_column="58" covered="no" />
            <range source_id="40" start_line="86" end_line="87" start_column="21" end_column="57" covered="no" />
            <range source_id="40" start_line="89" end_line="90" start_column="21" end_column="47" covered="no" />
            <range source_id="40" start_line="92" end_line="93" start_column="21" end_column="47" covered="no" />
            <range source_id="40" start_line="95" end_line="96" start_column="21" end_column="47" covered="no" />
            <range source_id="40" start_line="98" end_line="99" start_column="21" end_column="58" covered="no" />
            <range source_id="40" start_line="101" end_line="102" start_column="21" end_column="57" covered="no" />
            <range source_id="40" start_line="104" end_line="105" start_column="21" end_column="58" covered="no" />
            <range source_id="40" start_line="107" end_line="108" start_column="21" end_column="58" covered="no" />
            <range source_id="40" start_line="110" end_line="110" start_column="21" end_column="36" covered="no" />
            <range source_id="40" start_line="112" end_line="112" start_column="21" end_column="44" covered="no" />
            <range source_id="40" start_line="114" end_line="159" start_column="21" end_column="28" covered="no" />
            <range source_id="40" start_line="160" end_line="160" start_column="17" end_column="18" covered="no" />
          </ranges>
        </function>
        <function id="136292" token="0x60003cf" name="&lt;BuildTargetModel&gt;b__2_2(Microsoft.EntityFrameworkCore.Metadata.Builders.EntityTypeBuilder)" namespace="AzAgroPOS.Verilenler.Migrations" type_name="MehsulXanaAdlariYekunStandartlasdirma.&lt;&gt;c" block_coverage="0.00" line_coverage="0.00" blocks_covered="0" blocks_not_covered="20" lines_covered="0" lines_partially_covered="0" lines_not_covered="20">
          <ranges>
            <range source_id="40" start_line="163" end_line="163" start_column="17" end_column="18" covered="no" />
            <range source_id="40" start_line="164" end_line="166" start_column="21" end_column="47" covered="no" />
            <range source_id="40" start_line="168" end_line="168" start_column="21" end_column="97" covered="no" />
            <range source_id="40" start_line="170" end_line="171" start_column="21" end_column="57" covered="no" />
            <range source_id="40" start_line="173" end_line="175" start_column="21" end_column="57" covered="no" />
            <range source_id="40" start_line="177" end_line="179" start_column="21" end_column="57" covered="no" />
            <range source_id="40" start_line="181" end_line="182" start_column="21" end_column="58" covered="no" />
            <range source_id="40" start_line="184" end_line="185" start_column="21" end_column="57" covered="no" />
            <range source_id="40" start_line="187" end_line="187" start_column="21" end_column="36" covered="no" />
            <range source_id="40" start_line="189" end_line="189" start_column="21" end_column="45" covered="no" />
            <range source_id="40" start_line="190" end_line="190" start_column="17" end_column="18" covered="no" />
          </ranges>
        </function>
        <function id="136508" token="0x60003d0" name="&lt;BuildTargetModel&gt;b__2_3(Microsoft.EntityFrameworkCore.Metadata.Builders.EntityTypeBuilder)" namespace="AzAgroPOS.Verilenler.Migrations" type_name="MehsulXanaAdlariYekunStandartlasdirma.&lt;&gt;c" block_coverage="0.00" line_coverage="0.00" blocks_covered="0" blocks_not_covered="22" lines_covered="0" lines_partially_covered="0" lines_not_covered="22">
          <ranges>
            <range source_id="40" start_line="193" end_line="193" start_column="17" end_column="18" covered="no" />
            <range source_id="40" start_line="194" end_line="196" start_column="21" end_column="47" covered="no" />
            <range source_id="40" start_line="198" end_line="198" start_column="21" end_column="97" covered="no" />
            <range source_id="40" start_line="200" end_line="201" start_column="21" end_column="47" covered="no" />
            <range source_id="40" start_line="203" end_line="204" start_column="21" end_column="58" covered="no" />
            <range source_id="40" start_line="206" end_line="207" start_column="21" end_column="47" covered="no" />
            <range source_id="40" start_line="209" end_line="210" start_column="21" end_column="57" covered="no" />
            <range source_id="40" start_line="212" end_line="213" start_column="21" end_column="47" covered="no" />
            <range source_id="40" start_line="215" end_line="216" start_column="21" end_column="53" covered="no" />
            <range source_id="40" start_line="218" end_line="218" start_column="21" end_column="36" covered="no" />
            <range source_id="40" start_line="220" end_line="220" start_column="21" end_column="45" covered="no" />
            <range source_id="40" start_line="222" end_line="222" start_column="21" end_column="43" covered="no" />
            <range source_id="40" start_line="224" end_line="224" start_column="21" end_column="51" covered="no" />
            <range source_id="40" start_line="225" end_line="225" start_column="17" end_column="18" covered="no" />
          </ranges>
        </function>
        <function id="136776" token="0x60003d1" name="&lt;BuildTargetModel&gt;b__2_4(Microsoft.EntityFrameworkCore.Metadata.Builders.EntityTypeBuilder)" namespace="AzAgroPOS.Verilenler.Migrations" type_name="MehsulXanaAdlariYekunStandartlasdirma.&lt;&gt;c" block_coverage="0.00" line_coverage="0.00" blocks_covered="0" blocks_not_covered="23" lines_covered="0" lines_partially_covered="0" lines_not_covered="23">
          <ranges>
            <range source_id="40" start_line="228" end_line="228" start_column="17" end_column="18" covered="no" />
            <range source_id="40" start_line="229" end_line="231" start_column="21" end_column="47" covered="no" />
            <range source_id="40" start_line="233" end_line="233" start_column="21" end_column="97" covered="no" />
            <range source_id="40" start_line="235" end_line="236" start_column="21" end_column="53" covered="no" />
            <range source_id="40" start_line="238" end_line="239" start_column="21" end_column="53" covered="no" />
            <range source_id="40" start_line="241" end_line="242" start_column="21" end_column="58" covered="no" />
            <range source_id="40" start_line="244" end_line="245" start_column="21" end_column="58" covered="no" />
            <range source_id="40" start_line="247" end_line="248" start_column="21" end_column="58" covered="no" />
            <range source_id="40" start_line="250" end_line="251" start_column="21" end_column="47" covered="no" />
            <range source_id="40" start_line="253" end_line="254" start_column="21" end_column="47" covered="no" />
            <range source_id="40" start_line="256" end_line="256" start_column="21" end_column="36" covered="no" />
            <range source_id="40" start_line="258" end_line="258" start_column="21" end_column="42" covered="no" />
            <range source_id="40" start_line="260" end_line="260" start_column="21" end_column="43" covered="no" />
            <range source_id="40" start_line="261" end_line="261" start_column="17" end_column="18" covered="no" />
          </ranges>
        </function>
        <function id="137048" token="0x60003d2" name="&lt;BuildTargetModel&gt;b__2_5(Microsoft.EntityFrameworkCore.Metadata.Builders.EntityTypeBuilder)" namespace="AzAgroPOS.Verilenler.Migrations" type_name="MehsulXanaAdlariYekunStandartlasdirma.&lt;&gt;c" block_coverage="0.00" line_coverage="0.00" blocks_covered="0" blocks_not_covered="14" lines_covered="0" lines_partially_covered="0" lines_not_covered="22">
          <ranges>
            <range source_id="40" start_line="264" end_line="264" start_column="17" end_column="18" covered="no" />
            <range source_id="40" start_line="265" end_line="267" start_column="21" end_column="47" covered="no" />
            <range source_id="40" start_line="269" end_line="269" start_column="21" end_column="97" covered="no" />
            <range source_id="40" start_line="271" end_line="273" start_column="21" end_column="57" covered="no" />
            <range source_id="40" start_line="275" end_line="275" start_column="21" end_column="36" covered="no" />
            <range source_id="40" start_line="277" end_line="277" start_column="21" end_column="41" covered="no" />
            <range source_id="40" start_line="279" end_line="289" start_column="21" end_column="28" covered="no" />
            <range source_id="40" start_line="290" end_line="290" start_column="17" end_column="18" covered="no" />
          </ranges>
        </function>
        <function id="137212" token="0x60003d3" name="&lt;BuildTargetModel&gt;b__2_6(Microsoft.EntityFrameworkCore.Metadata.Builders.EntityTypeBuilder)" namespace="AzAgroPOS.Verilenler.Migrations" type_name="MehsulXanaAdlariYekunStandartlasdirma.&lt;&gt;c" block_coverage="0.00" line_coverage="0.00" blocks_covered="0" blocks_not_covered="20" lines_covered="0" lines_partially_covered="0" lines_not_covered="20">
          <ranges>
            <range source_id="40" start_line="293" end_line="293" start_column="17" end_column="18" covered="no" />
            <range source_id="40" start_line="294" end_line="296" start_column="21" end_column="47" covered="no" />
            <range source_id="40" start_line="298" end_line="298" start_column="21" end_column="97" covered="no" />
            <range source_id="40" start_line="300" end_line="301" start_column="21" end_column="47" covered="no" />
            <range source_id="40" start_line="303" end_line="304" start_column="21" end_column="47" covered="no" />
            <range source_id="40" start_line="306" end_line="307" start_column="21" end_column="47" covered="no" />
            <range source_id="40" start_line="309" end_line="310" start_column="21" end_column="53" covered="no" />
            <range source_id="40" start_line="312" end_line="313" start_column="21" end_column="58" covered="no" />
            <range source_id="40" start_line="315" end_line="315" start_column="21" end_column="36" covered="no" />
            <range source_id="40" start_line="317" end_line="317" start_column="21" end_column="45" covered="no" />
            <range source_id="40" start_line="319" end_line="319" start_column="21" end_column="43" covered="no" />
            <range source_id="40" start_line="321" end_line="321" start_column="21" end_column="43" covered="no" />
            <range source_id="40" start_line="322" end_line="322" start_column="17" end_column="18" covered="no" />
          </ranges>
        </function>
        <function id="137460" token="0x60003d4" name="&lt;BuildTargetModel&gt;b__2_7(Microsoft.EntityFrameworkCore.Metadata.Builders.EntityTypeBuilder)" namespace="AzAgroPOS.Verilenler.Migrations" type_name="MehsulXanaAdlariYekunStandartlasdirma.&lt;&gt;c" block_coverage="0.00" line_coverage="0.00" blocks_covered="0" blocks_not_covered="20" lines_covered="0" lines_partially_covered="0" lines_not_covered="20">
          <ranges>
            <range source_id="40" start_line="325" end_line="325" start_column="17" end_column="18" covered="no" />
            <range source_id="40" start_line="326" end_line="328" start_column="21" end_column="47" covered="no" />
            <range source_id="40" start_line="330" end_line="330" start_column="21" end_column="97" covered="no" />
            <range source_id="40" start_line="332" end_line="333" start_column="21" end_column="47" covered="no" />
            <range source_id="40" start_line="335" end_line="336" start_column="21" end_column="57" covered="no" />
            <range source_id="40" start_line="338" end_line="339" start_column="21" end_column="58" covered="no" />
            <range source_id="40" start_line="341" end_line="342" start_column="21" end_column="47" covered="no" />
            <range source_id="40" start_line="344" end_line="345" start_column="21" end_column="57" covered="no" />
            <range source_id="40" start_line="347" end_line="347" start_column="21" end_column="36" covered="no" />
            <range source_id="40" start_line="349" end_line="349" start_column="21" end_column="44" covered="no" />
            <range source_id="40" start_line="351" end_line="351" start_column="21" end_column="43" covered="no" />
            <range source_id="40" start_line="353" end_line="353" start_column="21" end_column="49" covered="no" />
            <range source_id="40" start_line="354" end_line="354" start_column="17" end_column="18" covered="no" />
          </ranges>
        </function>
        <function id="137708" token="0x60003d5" name="&lt;BuildTargetModel&gt;b__2_8(Microsoft.EntityFrameworkCore.Metadata.Builders.EntityTypeBuilder)" namespace="AzAgroPOS.Verilenler.Migrations" type_name="MehsulXanaAdlariYekunStandartlasdirma.&lt;&gt;c" block_coverage="0.00" line_coverage="0.00" blocks_covered="0" blocks_not_covered="33" lines_covered="0" lines_partially_covered="0" lines_not_covered="33">
          <ranges>
            <range source_id="40" start_line="357" end_line="357" start_column="17" end_column="18" covered="no" />
            <range source_id="40" start_line="358" end_line="360" start_column="21" end_column="47" covered="no" />
            <range source_id="40" start_line="362" end_line="362" start_column="21" end_column="97" covered="no" />
            <range source_id="40" start_line="364" end_line="366" start_column="21" end_column="57" covered="no" />
            <range source_id="40" start_line="368" end_line="369" start_column="21" end_column="47" covered="no" />
            <range source_id="40" start_line="371" end_line="373" start_column="21" end_column="57" covered="no" />
            <range source_id="40" start_line="375" end_line="377" start_column="21" end_column="57" covered="no" />
            <range source_id="40" start_line="379" end_line="381" start_column="21" end_column="57" covered="no" />
            <range source_id="40" start_line="383" end_line="384" start_column="21" end_column="53" covered="no" />
            <range source_id="40" start_line="386" end_line="387" start_column="21" end_column="47" covered="no" />
            <range source_id="40" start_line="389" end_line="390" start_column="21" end_column="53" covered="no" />
            <range source_id="40" start_line="392" end_line="393" start_column="21" end_column="58" covered="no" />
            <range source_id="40" start_line="395" end_line="396" start_column="21" end_column="58" covered="no" />
            <range source_id="40" start_line="398" end_line="398" start_column="21" end_column="36" covered="no" />
            <range source_id="40" start_line="400" end_line="400" start_column="21" end_column="42" covered="no" />
            <range source_id="40" start_line="402" end_line="402" start_column="21" end_column="51" covered="no" />
            <range source_id="40" start_line="403" end_line="403" start_column="17" end_column="18" covered="no" />
          </ranges>
        </function>
        <function id="138068" token="0x60003d6" name="&lt;BuildTargetModel&gt;b__2_9(Microsoft.EntityFrameworkCore.Metadata.Builders.EntityTypeBuilder)" namespace="AzAgroPOS.Verilenler.Migrations" type_name="MehsulXanaAdlariYekunStandartlasdirma.&lt;&gt;c" block_coverage="0.00" line_coverage="0.00" blocks_covered="0" blocks_not_covered="7" lines_covered="0" lines_partially_covered="0" lines_not_covered="8">
          <ranges>
            <range source_id="40" start_line="406" end_line="406" start_column="17" end_column="18" covered="no" />
            <range source_id="40" start_line="407" end_line="411" start_column="21" end_column="39" covered="no" />
            <range source_id="40" start_line="413" end_line="413" start_column="21" end_column="41" covered="no" />
            <range source_id="40" start_line="414" end_line="414" start_column="17" end_column="18" covered="no" />
          </ranges>
        </function>
        <function id="138152" token="0x60003d7" name="&lt;BuildTargetModel&gt;b__2_10(Microsoft.EntityFrameworkCore.Metadata.Builders.EntityTypeBuilder)" namespace="AzAgroPOS.Verilenler.Migrations" type_name="MehsulXanaAdlariYekunStandartlasdirma.&lt;&gt;c" block_coverage="0.00" line_coverage="0.00" blocks_covered="0" blocks_not_covered="11" lines_covered="0" lines_partially_covered="0" lines_not_covered="12">
          <ranges>
            <range source_id="40" start_line="417" end_line="417" start_column="17" end_column="18" covered="no" />
            <range source_id="40" start_line="418" end_line="422" start_column="21" end_column="39" covered="no" />
            <range source_id="40" start_line="424" end_line="426" start_column="21" end_column="51" covered="no" />
            <range source_id="40" start_line="428" end_line="428" start_column="21" end_column="45" covered="no" />
            <range source_id="40" start_line="430" end_line="430" start_column="21" end_column="43" covered="no" />
            <range source_id="40" start_line="431" end_line="431" start_column="17" end_column="18" covered="no" />
          </ranges>
        </function>
        <function id="138288" token="0x60003d8" name="&lt;BuildTargetModel&gt;b__2_11(Microsoft.EntityFrameworkCore.Metadata.Builders.EntityTypeBuilder)" namespace="AzAgroPOS.Verilenler.Migrations" type_name="MehsulXanaAdlariYekunStandartlasdirma.&lt;&gt;c" block_coverage="0.00" line_coverage="0.00" blocks_covered="0" blocks_not_covered="7" lines_covered="0" lines_partially_covered="0" lines_not_covered="8">
          <ranges>
            <range source_id="40" start_line="434" end_line="434" start_column="17" end_column="18" covered="no" />
            <range source_id="40" start_line="435" end_line="439" start_column="21" end_column="39" covered="no" />
            <range source_id="40" start_line="441" end_line="441" start_column="21" end_column="42" covered="no" />
            <range source_id="40" start_line="442" end_line="442" start_column="17" end_column="18" covered="no" />
          </ranges>
        </function>
        <function id="138368" token="0x60003d9" name="&lt;BuildTargetModel&gt;b__2_12(Microsoft.EntityFrameworkCore.Metadata.Builders.EntityTypeBuilder)" namespace="AzAgroPOS.Verilenler.Migrations" type_name="MehsulXanaAdlariYekunStandartlasdirma.&lt;&gt;c" block_coverage="0.00" line_coverage="0.00" blocks_covered="0" blocks_not_covered="11" lines_covered="0" lines_partially_covered="0" lines_not_covered="12">
          <ranges>
            <range source_id="40" start_line="445" end_line="445" start_column="17" end_column="18" covered="no" />
            <range source_id="40" start_line="446" end_line="448" start_column="21" end_column="53" covered="no" />
            <range source_id="40" start_line="450" end_line="454" start_column="21" end_column="39" covered="no" />
            <range source_id="40" start_line="456" end_line="456" start_column="21" end_column="45" covered="no" />
            <range source_id="40" start_line="458" end_line="458" start_column="21" end_column="43" covered="no" />
            <range source_id="40" start_line="459" end_line="459" start_column="17" end_column="18" covered="no" />
          </ranges>
        </function>
        <function id="138508" token="0x60003da" name="&lt;BuildTargetModel&gt;b__2_13(Microsoft.EntityFrameworkCore.Metadata.Builders.EntityTypeBuilder)" namespace="AzAgroPOS.Verilenler.Migrations" type_name="MehsulXanaAdlariYekunStandartlasdirma.&lt;&gt;c" block_coverage="0.00" line_coverage="0.00" blocks_covered="0" blocks_not_covered="13" lines_covered="0" lines_partially_covered="0" lines_not_covered="14">
          <ranges>
            <range source_id="40" start_line="462" end_line="462" start_column="17" end_column="18" covered="no" />
            <range source_id="40" start_line="463" end_line="467" start_column="21" end_column="39" covered="no" />
            <range source_id="40" start_line="469" end_line="473" start_column="21" end_column="39" covered="no" />
            <range source_id="40" start_line="475" end_line="475" start_column="21" end_column="44" covered="no" />
            <range source_id="40" start_line="477" end_line="477" start_column="21" end_column="43" covered="no" />
            <range source_id="40" start_line="478" end_line="478" start_column="17" end_column="18" covered="no" />
          </ranges>
        </function>
        <function id="138660" token="0x60003db" name="&lt;BuildTargetModel&gt;b__2_14(Microsoft.EntityFrameworkCore.Metadata.Builders.EntityTypeBuilder)" namespace="AzAgroPOS.Verilenler.Migrations" type_name="MehsulXanaAdlariYekunStandartlasdirma.&lt;&gt;c" block_coverage="0.00" line_coverage="0.00" blocks_covered="0" blocks_not_covered="6" lines_covered="0" lines_partially_covered="0" lines_not_covered="7">
          <ranges>
            <range source_id="40" start_line="481" end_line="481" start_column="17" end_column="18" covered="no" />
            <range source_id="40" start_line="482" end_line="485" start_column="21" end_column="60" covered="no" />
            <range source_id="40" start_line="487" end_line="487" start_column="21" end_column="42" covered="no" />
            <range source_id="40" start_line="488" end_line="488" start_column="17" end_column="18" covered="no" />
          </ranges>
        </function>
        <function id="138738" token="0x60003dc" name="&lt;BuildTargetModel&gt;b__2_15(Microsoft.EntityFrameworkCore.Metadata.Builders.EntityTypeBuilder)" namespace="AzAgroPOS.Verilenler.Migrations" type_name="MehsulXanaAdlariYekunStandartlasdirma.&lt;&gt;c" block_coverage="0.00" line_coverage="0.00" blocks_covered="0" blocks_not_covered="2" lines_covered="0" lines_partially_covered="0" lines_not_covered="3">
          <ranges>
            <range source_id="40" start_line="491" end_line="491" start_column="17" end_column="18" covered="no" />
            <range source_id="40" start_line="492" end_line="492" start_column="21" end_column="54" covered="no" />
            <range source_id="40" start_line="493" end_line="493" start_column="17" end_column="18" covered="no" />
          </ranges>
        </function>
        <function id="138753" token="0x60003dd" name="&lt;BuildTargetModel&gt;b__2_16(Microsoft.EntityFrameworkCore.Metadata.Builders.EntityTypeBuilder)" namespace="AzAgroPOS.Verilenler.Migrations" type_name="MehsulXanaAdlariYekunStandartlasdirma.&lt;&gt;c" block_coverage="0.00" line_coverage="0.00" blocks_covered="0" blocks_not_covered="2" lines_covered="0" lines_partially_covered="0" lines_not_covered="3">
          <ranges>
            <range source_id="40" start_line="496" end_line="496" start_column="17" end_column="18" covered="no" />
            <range source_id="40" start_line="497" end_line="497" start_column="21" end_column="46" covered="no" />
            <range source_id="40" start_line="498" end_line="498" start_column="17" end_column="18" covered="no" />
          </ranges>
        </function>
        <function id="138768" token="0x60003de" name="&lt;BuildTargetModel&gt;b__2_17(Microsoft.EntityFrameworkCore.Metadata.Builders.EntityTypeBuilder)" namespace="AzAgroPOS.Verilenler.Migrations" type_name="MehsulXanaAdlariYekunStandartlasdirma.&lt;&gt;c" block_coverage="0.00" line_coverage="0.00" blocks_covered="0" blocks_not_covered="2" lines_covered="0" lines_partially_covered="0" lines_not_covered="3">
          <ranges>
            <range source_id="40" start_line="501" end_line="501" start_column="17" end_column="18" covered="no" />
            <range source_id="40" start_line="502" end_line="502" start_column="21" end_column="51" covered="no" />
            <range source_id="40" start_line="503" end_line="503" start_column="17" end_column="18" covered="no" />
          </ranges>
        </function>
        <function id="138783" token="0x60003df" name="&lt;BuildTargetModel&gt;b__2_18(Microsoft.EntityFrameworkCore.Metadata.Builders.EntityTypeBuilder)" namespace="AzAgroPOS.Verilenler.Migrations" type_name="MehsulXanaAdlariYekunStandartlasdirma.&lt;&gt;c" block_coverage="0.00" line_coverage="0.00" blocks_covered="0" blocks_not_covered="2" lines_covered="0" lines_partially_covered="0" lines_not_covered="3">
          <ranges>
            <range source_id="40" start_line="506" end_line="506" start_column="17" end_column="18" covered="no" />
            <range source_id="40" start_line="507" end_line="507" start_column="21" end_column="52" covered="no" />
            <range source_id="40" start_line="508" end_line="508" start_column="17" end_column="18" covered="no" />
          </ranges>
        </function>
        <function id="138820" token="0x60003e2" name="&lt;BuildTargetModel&gt;b__2_0(Microsoft.EntityFrameworkCore.Metadata.Builders.EntityTypeBuilder)" namespace="AzAgroPOS.Verilenler.Migrations" type_name="OlcuVahidiDeyerleriniDuzelt.&lt;&gt;c" block_coverage="0.00" line_coverage="0.00" blocks_covered="0" blocks_not_covered="22" lines_covered="0" lines_partially_covered="0" lines_not_covered="29">
          <ranges>
            <range source_id="42" start_line="29" end_line="29" start_column="17" end_column="18" covered="no" />
            <range source_id="42" start_line="30" end_line="32" start_column="21" end_column="47" covered="no" />
            <range source_id="42" start_line="34" end_line="34" start_column="21" end_column="97" covered="no" />
            <range source_id="42" start_line="36" end_line="38" start_column="21" end_column="57" covered="no" />
            <range source_id="42" start_line="40" end_line="42" start_column="21" end_column="57" covered="no" />
            <range source_id="42" start_line="44" end_line="45" start_column="21" end_column="47" covered="no" />
            <range source_id="42" start_line="47" end_line="49" start_column="21" end_column="57" covered="no" />
            <range source_id="42" start_line="51" end_line="51" start_column="21" end_column="36" covered="no" />
            <range source_id="42" start_line="53" end_line="53" start_column="21" end_column="41" covered="no" />
            <range source_id="42" start_line="55" end_line="55" start_column="21" end_column="48" covered="no" />
            <range source_id="42" start_line="57" end_line="65" start_column="21" end_column="28" covered="no" />
            <range source_id="42" start_line="66" end_line="66" start_column="17" end_column="18" covered="no" />
          </ranges>
        </function>
        <function id="139080" token="0x60003e3" name="&lt;BuildTargetModel&gt;b__2_1(Microsoft.EntityFrameworkCore.Metadata.Builders.EntityTypeBuilder)" namespace="AzAgroPOS.Verilenler.Migrations" type_name="OlcuVahidiDeyerleriniDuzelt.&lt;&gt;c" block_coverage="0.00" line_coverage="0.00" blocks_covered="0" blocks_not_covered="41" lines_covered="0" lines_partially_covered="0" lines_not_covered="77">
          <ranges>
            <range source_id="42" start_line="69" end_line="69" start_column="17" end_column="18" covered="no" />
            <range source_id="42" start_line="70" end_line="72" start_column="21" end_column="47" covered="no" />
            <range source_id="42" start_line="74" end_line="74" start_column="21" end_column="97" covered="no" />
            <range source_id="42" start_line="76" end_line="78" start_column="21" end_column="57" covered="no" />
            <range source_id="42" start_line="80" end_line="81" start_column="21" end_column="47" covered="no" />
            <range source_id="42" start_line="83" end_line="84" start_column="21" end_column="58" covered="no" />
            <range source_id="42" start_line="86" end_line="87" start_column="21" end_column="57" covered="no" />
            <range source_id="42" start_line="89" end_line="90" start_column="21" end_column="47" covered="no" />
            <range source_id="42" start_line="92" end_line="93" start_column="21" end_column="47" covered="no" />
            <range source_id="42" start_line="95" end_line="96" start_column="21" end_column="47" covered="no" />
            <range source_id="42" start_line="98" end_line="99" start_column="21" end_column="58" covered="no" />
            <range source_id="42" start_line="101" end_line="102" start_column="21" end_column="57" covered="no" />
            <range source_id="42" start_line="104" end_line="105" start_column="21" end_column="58" covered="no" />
            <range source_id="42" start_line="107" end_line="108" start_column="21" end_column="58" covered="no" />
            <range source_id="42" start_line="110" end_line="110" start_column="21" end_column="36" covered="no" />
            <range source_id="42" start_line="112" end_line="112" start_column="21" end_column="44" covered="no" />
            <range source_id="42" start_line="114" end_line="159" start_column="21" end_column="28" covered="no" />
            <range source_id="42" start_line="160" end_line="160" start_column="17" end_column="18" covered="no" />
          </ranges>
        </function>
        <function id="139636" token="0x60003e4" name="&lt;BuildTargetModel&gt;b__2_2(Microsoft.EntityFrameworkCore.Metadata.Builders.EntityTypeBuilder)" namespace="AzAgroPOS.Verilenler.Migrations" type_name="OlcuVahidiDeyerleriniDuzelt.&lt;&gt;c" block_coverage="0.00" line_coverage="0.00" blocks_covered="0" blocks_not_covered="20" lines_covered="0" lines_partially_covered="0" lines_not_covered="20">
          <ranges>
            <range source_id="42" start_line="163" end_line="163" start_column="17" end_column="18" covered="no" />
            <range source_id="42" start_line="164" end_line="166" start_column="21" end_column="47" covered="no" />
            <range source_id="42" start_line="168" end_line="168" start_column="21" end_column="97" covered="no" />
            <range source_id="42" start_line="170" end_line="171" start_column="21" end_column="57" covered="no" />
            <range source_id="42" start_line="173" end_line="175" start_column="21" end_column="57" covered="no" />
            <range source_id="42" start_line="177" end_line="179" start_column="21" end_column="57" covered="no" />
            <range source_id="42" start_line="181" end_line="182" start_column="21" end_column="58" covered="no" />
            <range source_id="42" start_line="184" end_line="185" start_column="21" end_column="57" covered="no" />
            <range source_id="42" start_line="187" end_line="187" start_column="21" end_column="36" covered="no" />
            <range source_id="42" start_line="189" end_line="189" start_column="21" end_column="45" covered="no" />
            <range source_id="42" start_line="190" end_line="190" start_column="17" end_column="18" covered="no" />
          </ranges>
        </function>
        <function id="139852" token="0x60003e5" name="&lt;BuildTargetModel&gt;b__2_3(Microsoft.EntityFrameworkCore.Metadata.Builders.EntityTypeBuilder)" namespace="AzAgroPOS.Verilenler.Migrations" type_name="OlcuVahidiDeyerleriniDuzelt.&lt;&gt;c" block_coverage="0.00" line_coverage="0.00" blocks_covered="0" blocks_not_covered="22" lines_covered="0" lines_partially_covered="0" lines_not_covered="22">
          <ranges>
            <range source_id="42" start_line="193" end_line="193" start_column="17" end_column="18" covered="no" />
            <range source_id="42" start_line="194" end_line="196" start_column="21" end_column="47" covered="no" />
            <range source_id="42" start_line="198" end_line="198" start_column="21" end_column="97" covered="no" />
            <range source_id="42" start_line="200" end_line="201" start_column="21" end_column="47" covered="no" />
            <range source_id="42" start_line="203" end_line="204" start_column="21" end_column="58" covered="no" />
            <range source_id="42" start_line="206" end_line="207" start_column="21" end_column="47" covered="no" />
            <range source_id="42" start_line="209" end_line="210" start_column="21" end_column="57" covered="no" />
            <range source_id="42" start_line="212" end_line="213" start_column="21" end_column="47" covered="no" />
            <range source_id="42" start_line="215" end_line="216" start_column="21" end_column="53" covered="no" />
            <range source_id="42" start_line="218" end_line="218" start_column="21" end_column="36" covered="no" />
            <range source_id="42" start_line="220" end_line="220" start_column="21" end_column="45" covered="no" />
            <range source_id="42" start_line="222" end_line="222" start_column="21" end_column="43" covered="no" />
            <range source_id="42" start_line="224" end_line="224" start_column="21" end_column="51" covered="no" />
            <range source_id="42" start_line="225" end_line="225" start_column="17" end_column="18" covered="no" />
          </ranges>
        </function>
        <function id="140120" token="0x60003e6" name="&lt;BuildTargetModel&gt;b__2_4(Microsoft.EntityFrameworkCore.Metadata.Builders.EntityTypeBuilder)" namespace="AzAgroPOS.Verilenler.Migrations" type_name="OlcuVahidiDeyerleriniDuzelt.&lt;&gt;c" block_coverage="0.00" line_coverage="0.00" blocks_covered="0" blocks_not_covered="23" lines_covered="0" lines_partially_covered="0" lines_not_covered="23">
          <ranges>
            <range source_id="42" start_line="228" end_line="228" start_column="17" end_column="18" covered="no" />
            <range source_id="42" start_line="229" end_line="231" start_column="21" end_column="47" covered="no" />
            <range source_id="42" start_line="233" end_line="233" start_column="21" end_column="97" covered="no" />
            <range source_id="42" start_line="235" end_line="236" start_column="21" end_column="53" covered="no" />
            <range source_id="42" start_line="238" end_line="239" start_column="21" end_column="53" covered="no" />
            <range source_id="42" start_line="241" end_line="242" start_column="21" end_column="58" covered="no" />
            <range source_id="42" start_line="244" end_line="245" start_column="21" end_column="58" covered="no" />
            <range source_id="42" start_line="247" end_line="248" start_column="21" end_column="58" covered="no" />
            <range source_id="42" start_line="250" end_line="251" start_column="21" end_column="47" covered="no" />
            <range source_id="42" start_line="253" end_line="254" start_column="21" end_column="47" covered="no" />
            <range source_id="42" start_line="256" end_line="256" start_column="21" end_column="36" covered="no" />
            <range source_id="42" start_line="258" end_line="258" start_column="21" end_column="42" covered="no" />
            <range source_id="42" start_line="260" end_line="260" start_column="21" end_column="43" covered="no" />
            <range source_id="42" start_line="261" end_line="261" start_column="17" end_column="18" covered="no" />
          </ranges>
        </function>
        <function id="140392" token="0x60003e7" name="&lt;BuildTargetModel&gt;b__2_5(Microsoft.EntityFrameworkCore.Metadata.Builders.EntityTypeBuilder)" namespace="AzAgroPOS.Verilenler.Migrations" type_name="OlcuVahidiDeyerleriniDuzelt.&lt;&gt;c" block_coverage="0.00" line_coverage="0.00" blocks_covered="0" blocks_not_covered="14" lines_covered="0" lines_partially_covered="0" lines_not_covered="22">
          <ranges>
            <range source_id="42" start_line="264" end_line="264" start_column="17" end_column="18" covered="no" />
            <range source_id="42" start_line="265" end_line="267" start_column="21" end_column="47" covered="no" />
            <range source_id="42" start_line="269" end_line="269" start_column="21" end_column="97" covered="no" />
            <range source_id="42" start_line="271" end_line="273" start_column="21" end_column="57" covered="no" />
            <range source_id="42" start_line="275" end_line="275" start_column="21" end_column="36" covered="no" />
            <range source_id="42" start_line="277" end_line="277" start_column="21" end_column="41" covered="no" />
            <range source_id="42" start_line="279" end_line="289" start_column="21" end_column="28" covered="no" />
            <range source_id="42" start_line="290" end_line="290" start_column="17" end_column="18" covered="no" />
          </ranges>
        </function>
        <function id="140556" token="0x60003e8" name="&lt;BuildTargetModel&gt;b__2_6(Microsoft.EntityFrameworkCore.Metadata.Builders.EntityTypeBuilder)" namespace="AzAgroPOS.Verilenler.Migrations" type_name="OlcuVahidiDeyerleriniDuzelt.&lt;&gt;c" block_coverage="0.00" line_coverage="0.00" blocks_covered="0" blocks_not_covered="20" lines_covered="0" lines_partially_covered="0" lines_not_covered="20">
          <ranges>
            <range source_id="42" start_line="293" end_line="293" start_column="17" end_column="18" covered="no" />
            <range source_id="42" start_line="294" end_line="296" start_column="21" end_column="47" covered="no" />
            <range source_id="42" start_line="298" end_line="298" start_column="21" end_column="97" covered="no" />
            <range source_id="42" start_line="300" end_line="301" start_column="21" end_column="47" covered="no" />
            <range source_id="42" start_line="303" end_line="304" start_column="21" end_column="47" covered="no" />
            <range source_id="42" start_line="306" end_line="307" start_column="21" end_column="47" covered="no" />
            <range source_id="42" start_line="309" end_line="310" start_column="21" end_column="53" covered="no" />
            <range source_id="42" start_line="312" end_line="313" start_column="21" end_column="58" covered="no" />
            <range source_id="42" start_line="315" end_line="315" start_column="21" end_column="36" covered="no" />
            <range source_id="42" start_line="317" end_line="317" start_column="21" end_column="45" covered="no" />
            <range source_id="42" start_line="319" end_line="319" start_column="21" end_column="43" covered="no" />
            <range source_id="42" start_line="321" end_line="321" start_column="21" end_column="43" covered="no" />
            <range source_id="42" start_line="322" end_line="322" start_column="17" end_column="18" covered="no" />
          </ranges>
        </function>
        <function id="140804" token="0x60003e9" name="&lt;BuildTargetModel&gt;b__2_7(Microsoft.EntityFrameworkCore.Metadata.Builders.EntityTypeBuilder)" namespace="AzAgroPOS.Verilenler.Migrations" type_name="OlcuVahidiDeyerleriniDuzelt.&lt;&gt;c" block_coverage="0.00" line_coverage="0.00" blocks_covered="0" blocks_not_covered="20" lines_covered="0" lines_partially_covered="0" lines_not_covered="20">
          <ranges>
            <range source_id="42" start_line="325" end_line="325" start_column="17" end_column="18" covered="no" />
            <range source_id="42" start_line="326" end_line="328" start_column="21" end_column="47" covered="no" />
            <range source_id="42" start_line="330" end_line="330" start_column="21" end_column="97" covered="no" />
            <range source_id="42" start_line="332" end_line="333" start_column="21" end_column="47" covered="no" />
            <range source_id="42" start_line="335" end_line="336" start_column="21" end_column="57" covered="no" />
            <range source_id="42" start_line="338" end_line="339" start_column="21" end_column="58" covered="no" />
            <range source_id="42" start_line="341" end_line="342" start_column="21" end_column="47" covered="no" />
            <range source_id="42" start_line="344" end_line="345" start_column="21" end_column="57" covered="no" />
            <range source_id="42" start_line="347" end_line="347" start_column="21" end_column="36" covered="no" />
            <range source_id="42" start_line="349" end_line="349" start_column="21" end_column="44" covered="no" />
            <range source_id="42" start_line="351" end_line="351" start_column="21" end_column="43" covered="no" />
            <range source_id="42" start_line="353" end_line="353" start_column="21" end_column="49" covered="no" />
            <range source_id="42" start_line="354" end_line="354" start_column="17" end_column="18" covered="no" />
          </ranges>
        </function>
        <function id="141052" token="0x60003ea" name="&lt;BuildTargetModel&gt;b__2_8(Microsoft.EntityFrameworkCore.Metadata.Builders.EntityTypeBuilder)" namespace="AzAgroPOS.Verilenler.Migrations" type_name="OlcuVahidiDeyerleriniDuzelt.&lt;&gt;c" block_coverage="0.00" line_coverage="0.00" blocks_covered="0" blocks_not_covered="33" lines_covered="0" lines_partially_covered="0" lines_not_covered="33">
          <ranges>
            <range source_id="42" start_line="357" end_line="357" start_column="17" end_column="18" covered="no" />
            <range source_id="42" start_line="358" end_line="360" start_column="21" end_column="47" covered="no" />
            <range source_id="42" start_line="362" end_line="362" start_column="21" end_column="97" covered="no" />
            <range source_id="42" start_line="364" end_line="366" start_column="21" end_column="57" covered="no" />
            <range source_id="42" start_line="368" end_line="369" start_column="21" end_column="47" covered="no" />
            <range source_id="42" start_line="371" end_line="373" start_column="21" end_column="57" covered="no" />
            <range source_id="42" start_line="375" end_line="377" start_column="21" end_column="57" covered="no" />
            <range source_id="42" start_line="379" end_line="381" start_column="21" end_column="57" covered="no" />
            <range source_id="42" start_line="383" end_line="384" start_column="21" end_column="53" covered="no" />
            <range source_id="42" start_line="386" end_line="387" start_column="21" end_column="47" covered="no" />
            <range source_id="42" start_line="389" end_line="390" start_column="21" end_column="53" covered="no" />
            <range source_id="42" start_line="392" end_line="393" start_column="21" end_column="58" covered="no" />
            <range source_id="42" start_line="395" end_line="396" start_column="21" end_column="58" covered="no" />
            <range source_id="42" start_line="398" end_line="398" start_column="21" end_column="36" covered="no" />
            <range source_id="42" start_line="400" end_line="400" start_column="21" end_column="42" covered="no" />
            <range source_id="42" start_line="402" end_line="402" start_column="21" end_column="51" covered="no" />
            <range source_id="42" start_line="403" end_line="403" start_column="17" end_column="18" covered="no" />
          </ranges>
        </function>
        <function id="141412" token="0x60003eb" name="&lt;BuildTargetModel&gt;b__2_9(Microsoft.EntityFrameworkCore.Metadata.Builders.EntityTypeBuilder)" namespace="AzAgroPOS.Verilenler.Migrations" type_name="OlcuVahidiDeyerleriniDuzelt.&lt;&gt;c" block_coverage="0.00" line_coverage="0.00" blocks_covered="0" blocks_not_covered="7" lines_covered="0" lines_partially_covered="0" lines_not_covered="8">
          <ranges>
            <range source_id="42" start_line="406" end_line="406" start_column="17" end_column="18" covered="no" />
            <range source_id="42" start_line="407" end_line="411" start_column="21" end_column="39" covered="no" />
            <range source_id="42" start_line="413" end_line="413" start_column="21" end_column="41" covered="no" />
            <range source_id="42" start_line="414" end_line="414" start_column="17" end_column="18" covered="no" />
          </ranges>
        </function>
        <function id="141496" token="0x60003ec" name="&lt;BuildTargetModel&gt;b__2_10(Microsoft.EntityFrameworkCore.Metadata.Builders.EntityTypeBuilder)" namespace="AzAgroPOS.Verilenler.Migrations" type_name="OlcuVahidiDeyerleriniDuzelt.&lt;&gt;c" block_coverage="0.00" line_coverage="0.00" blocks_covered="0" blocks_not_covered="11" lines_covered="0" lines_partially_covered="0" lines_not_covered="12">
          <ranges>
            <range source_id="42" start_line="417" end_line="417" start_column="17" end_column="18" covered="no" />
            <range source_id="42" start_line="418" end_line="422" start_column="21" end_column="39" covered="no" />
            <range source_id="42" start_line="424" end_line="426" start_column="21" end_column="51" covered="no" />
            <range source_id="42" start_line="428" end_line="428" start_column="21" end_column="45" covered="no" />
            <range source_id="42" start_line="430" end_line="430" start_column="21" end_column="43" covered="no" />
            <range source_id="42" start_line="431" end_line="431" start_column="17" end_column="18" covered="no" />
          </ranges>
        </function>
        <function id="141632" token="0x60003ed" name="&lt;BuildTargetModel&gt;b__2_11(Microsoft.EntityFrameworkCore.Metadata.Builders.EntityTypeBuilder)" namespace="AzAgroPOS.Verilenler.Migrations" type_name="OlcuVahidiDeyerleriniDuzelt.&lt;&gt;c" block_coverage="0.00" line_coverage="0.00" blocks_covered="0" blocks_not_covered="7" lines_covered="0" lines_partially_covered="0" lines_not_covered="8">
          <ranges>
            <range source_id="42" start_line="434" end_line="434" start_column="17" end_column="18" covered="no" />
            <range source_id="42" start_line="435" end_line="439" start_column="21" end_column="39" covered="no" />
            <range source_id="42" start_line="441" end_line="441" start_column="21" end_column="42" covered="no" />
            <range source_id="42" start_line="442" end_line="442" start_column="17" end_column="18" covered="no" />
          </ranges>
        </function>
        <function id="141712" token="0x60003ee" name="&lt;BuildTargetModel&gt;b__2_12(Microsoft.EntityFrameworkCore.Metadata.Builders.EntityTypeBuilder)" namespace="AzAgroPOS.Verilenler.Migrations" type_name="OlcuVahidiDeyerleriniDuzelt.&lt;&gt;c" block_coverage="0.00" line_coverage="0.00" blocks_covered="0" blocks_not_covered="11" lines_covered="0" lines_partially_covered="0" lines_not_covered="12">
          <ranges>
            <range source_id="42" start_line="445" end_line="445" start_column="17" end_column="18" covered="no" />
            <range source_id="42" start_line="446" end_line="448" start_column="21" end_column="53" covered="no" />
            <range source_id="42" start_line="450" end_line="454" start_column="21" end_column="39" covered="no" />
            <range source_id="42" start_line="456" end_line="456" start_column="21" end_column="45" covered="no" />
            <range source_id="42" start_line="458" end_line="458" start_column="21" end_column="43" covered="no" />
            <range source_id="42" start_line="459" end_line="459" start_column="17" end_column="18" covered="no" />
          </ranges>
        </function>
        <function id="141852" token="0x60003ef" name="&lt;BuildTargetModel&gt;b__2_13(Microsoft.EntityFrameworkCore.Metadata.Builders.EntityTypeBuilder)" namespace="AzAgroPOS.Verilenler.Migrations" type_name="OlcuVahidiDeyerleriniDuzelt.&lt;&gt;c" block_coverage="0.00" line_coverage="0.00" blocks_covered="0" blocks_not_covered="13" lines_covered="0" lines_partially_covered="0" lines_not_covered="14">
          <ranges>
            <range source_id="42" start_line="462" end_line="462" start_column="17" end_column="18" covered="no" />
            <range source_id="42" start_line="463" end_line="467" start_column="21" end_column="39" covered="no" />
            <range source_id="42" start_line="469" end_line="473" start_column="21" end_column="39" covered="no" />
            <range source_id="42" start_line="475" end_line="475" start_column="21" end_column="44" covered="no" />
            <range source_id="42" start_line="477" end_line="477" start_column="21" end_column="43" covered="no" />
            <range source_id="42" start_line="478" end_line="478" start_column="17" end_column="18" covered="no" />
          </ranges>
        </function>
        <function id="142004" token="0x60003f0" name="&lt;BuildTargetModel&gt;b__2_14(Microsoft.EntityFrameworkCore.Metadata.Builders.EntityTypeBuilder)" namespace="AzAgroPOS.Verilenler.Migrations" type_name="OlcuVahidiDeyerleriniDuzelt.&lt;&gt;c" block_coverage="0.00" line_coverage="0.00" blocks_covered="0" blocks_not_covered="6" lines_covered="0" lines_partially_covered="0" lines_not_covered="7">
          <ranges>
            <range source_id="42" start_line="481" end_line="481" start_column="17" end_column="18" covered="no" />
            <range source_id="42" start_line="482" end_line="485" start_column="21" end_column="60" covered="no" />
            <range source_id="42" start_line="487" end_line="487" start_column="21" end_column="42" covered="no" />
            <range source_id="42" start_line="488" end_line="488" start_column="17" end_column="18" covered="no" />
          </ranges>
        </function>
        <function id="142082" token="0x60003f1" name="&lt;BuildTargetModel&gt;b__2_15(Microsoft.EntityFrameworkCore.Metadata.Builders.EntityTypeBuilder)" namespace="AzAgroPOS.Verilenler.Migrations" type_name="OlcuVahidiDeyerleriniDuzelt.&lt;&gt;c" block_coverage="0.00" line_coverage="0.00" blocks_covered="0" blocks_not_covered="2" lines_covered="0" lines_partially_covered="0" lines_not_covered="3">
          <ranges>
            <range source_id="42" start_line="491" end_line="491" start_column="17" end_column="18" covered="no" />
            <range source_id="42" start_line="492" end_line="492" start_column="21" end_column="54" covered="no" />
            <range source_id="42" start_line="493" end_line="493" start_column="17" end_column="18" covered="no" />
          </ranges>
        </function>
        <function id="142097" token="0x60003f2" name="&lt;BuildTargetModel&gt;b__2_16(Microsoft.EntityFrameworkCore.Metadata.Builders.EntityTypeBuilder)" namespace="AzAgroPOS.Verilenler.Migrations" type_name="OlcuVahidiDeyerleriniDuzelt.&lt;&gt;c" block_coverage="0.00" line_coverage="0.00" blocks_covered="0" blocks_not_covered="2" lines_covered="0" lines_partially_covered="0" lines_not_covered="3">
          <ranges>
            <range source_id="42" start_line="496" end_line="496" start_column="17" end_column="18" covered="no" />
            <range source_id="42" start_line="497" end_line="497" start_column="21" end_column="46" covered="no" />
            <range source_id="42" start_line="498" end_line="498" start_column="17" end_column="18" covered="no" />
          </ranges>
        </function>
        <function id="142112" token="0x60003f3" name="&lt;BuildTargetModel&gt;b__2_17(Microsoft.EntityFrameworkCore.Metadata.Builders.EntityTypeBuilder)" namespace="AzAgroPOS.Verilenler.Migrations" type_name="OlcuVahidiDeyerleriniDuzelt.&lt;&gt;c" block_coverage="0.00" line_coverage="0.00" blocks_covered="0" blocks_not_covered="2" lines_covered="0" lines_partially_covered="0" lines_not_covered="3">
          <ranges>
            <range source_id="42" start_line="501" end_line="501" start_column="17" end_column="18" covered="no" />
            <range source_id="42" start_line="502" end_line="502" start_column="21" end_column="51" covered="no" />
            <range source_id="42" start_line="503" end_line="503" start_column="17" end_column="18" covered="no" />
          </ranges>
        </function>
        <function id="142127" token="0x60003f4" name="&lt;BuildTargetModel&gt;b__2_18(Microsoft.EntityFrameworkCore.Metadata.Builders.EntityTypeBuilder)" namespace="AzAgroPOS.Verilenler.Migrations" type_name="OlcuVahidiDeyerleriniDuzelt.&lt;&gt;c" block_coverage="0.00" line_coverage="0.00" blocks_covered="0" blocks_not_covered="2" lines_covered="0" lines_partially_covered="0" lines_not_covered="3">
          <ranges>
            <range source_id="42" start_line="506" end_line="506" start_column="17" end_column="18" covered="no" />
            <range source_id="42" start_line="507" end_line="507" start_column="21" end_column="52" covered="no" />
            <range source_id="42" start_line="508" end_line="508" start_column="17" end_column="18" covered="no" />
          </ranges>
        </function>
        <function id="142164" token="0x60003f7" name="&lt;BuildTargetModel&gt;b__2_0(Microsoft.EntityFrameworkCore.Metadata.Builders.EntityTypeBuilder)" namespace="AzAgroPOS.Verilenler.Migrations" type_name="OlcuVahidiIdSutununuSil.&lt;&gt;c" block_coverage="0.00" line_coverage="0.00" blocks_covered="0" blocks_not_covered="22" lines_covered="0" lines_partially_covered="0" lines_not_covered="29">
          <ranges>
            <range source_id="44" start_line="29" end_line="29" start_column="17" end_column="18" covered="no" />
            <range source_id="44" start_line="30" end_line="32" start_column="21" end_column="47" covered="no" />
            <range source_id="44" start_line="34" end_line="34" start_column="21" end_column="97" covered="no" />
            <range source_id="44" start_line="36" end_line="38" start_column="21" end_column="57" covered="no" />
            <range source_id="44" start_line="40" end_line="42" start_column="21" end_column="57" covered="no" />
            <range source_id="44" start_line="44" end_line="45" start_column="21" end_column="47" covered="no" />
            <range source_id="44" start_line="47" end_line="49" start_column="21" end_column="57" covered="no" />
            <range source_id="44" start_line="51" end_line="51" start_column="21" end_column="36" covered="no" />
            <range source_id="44" start_line="53" end_line="53" start_column="21" end_column="41" covered="no" />
            <range source_id="44" start_line="55" end_line="55" start_column="21" end_column="48" covered="no" />
            <range source_id="44" start_line="57" end_line="65" start_column="21" end_column="28" covered="no" />
            <range source_id="44" start_line="66" end_line="66" start_column="17" end_column="18" covered="no" />
          </ranges>
        </function>
        <function id="142424" token="0x60003f8" name="&lt;BuildTargetModel&gt;b__2_1(Microsoft.EntityFrameworkCore.Metadata.Builders.EntityTypeBuilder)" namespace="AzAgroPOS.Verilenler.Migrations" type_name="OlcuVahidiIdSutununuSil.&lt;&gt;c" block_coverage="0.00" line_coverage="0.00" blocks_covered="0" blocks_not_covered="39" lines_covered="0" lines_partially_covered="0" lines_not_covered="72">
          <ranges>
            <range source_id="44" start_line="69" end_line="69" start_column="17" end_column="18" covered="no" />
            <range source_id="44" start_line="70" end_line="72" start_column="21" end_column="47" covered="no" />
            <range source_id="44" start_line="74" end_line="74" start_column="21" end_column="97" covered="no" />
            <range source_id="44" start_line="76" end_line="78" start_column="21" end_column="57" covered="no" />
            <range source_id="44" start_line="80" end_line="81" start_column="21" end_column="47" covered="no" />
            <range source_id="44" start_line="83" end_line="84" start_column="21" end_column="58" covered="no" />
            <range source_id="44" start_line="86" end_line="87" start_column="21" end_column="57" covered="no" />
            <range source_id="44" start_line="89" end_line="90" start_column="21" end_column="47" covered="no" />
            <range source_id="44" start_line="92" end_line="93" start_column="21" end_column="47" covered="no" />
            <range source_id="44" start_line="95" end_line="96" start_column="21" end_column="58" covered="no" />
            <range source_id="44" start_line="98" end_line="99" start_column="21" end_column="57" covered="no" />
            <range source_id="44" start_line="101" end_line="102" start_column="21" end_column="58" covered="no" />
            <range source_id="44" start_line="104" end_line="105" start_column="21" end_column="58" covered="no" />
            <range source_id="44" start_line="107" end_line="107" start_column="21" end_column="36" covered="no" />
            <range source_id="44" start_line="109" end_line="109" start_column="21" end_column="44" covered="no" />
            <range source_id="44" start_line="111" end_line="153" start_column="21" end_column="28" covered="no" />
            <range source_id="44" start_line="154" end_line="154" start_column="17" end_column="18" covered="no" />
          </ranges>
        </function>
        <function id="142952" token="0x60003f9" name="&lt;BuildTargetModel&gt;b__2_2(Microsoft.EntityFrameworkCore.Metadata.Builders.EntityTypeBuilder)" namespace="AzAgroPOS.Verilenler.Migrations" type_name="OlcuVahidiIdSutununuSil.&lt;&gt;c" block_coverage="0.00" line_coverage="0.00" blocks_covered="0" blocks_not_covered="20" lines_covered="0" lines_partially_covered="0" lines_not_covered="20">
          <ranges>
            <range source_id="44" start_line="157" end_line="157" start_column="17" end_column="18" covered="no" />
            <range source_id="44" start_line="158" end_line="160" start_column="21" end_column="47" covered="no" />
            <range source_id="44" start_line="162" end_line="162" start_column="21" end_column="97" covered="no" />
            <range source_id="44" start_line="164" end_line="165" start_column="21" end_column="57" covered="no" />
            <range source_id="44" start_line="167" end_line="169" start_column="21" end_column="57" covered="no" />
            <range source_id="44" start_line="171" end_line="173" start_column="21" end_column="57" covered="no" />
            <range source_id="44" start_line="175" end_line="176" start_column="21" end_column="58" covered="no" />
            <range source_id="44" start_line="178" end_line="179" start_column="21" end_column="57" covered="no" />
            <range source_id="44" start_line="181" end_line="181" start_column="21" end_column="36" covered="no" />
            <range source_id="44" start_line="183" end_line="183" start_column="21" end_column="45" covered="no" />
            <range source_id="44" start_line="184" end_line="184" start_column="17" end_column="18" covered="no" />
          </ranges>
        </function>
        <function id="143168" token="0x60003fa" name="&lt;BuildTargetModel&gt;b__2_3(Microsoft.EntityFrameworkCore.Metadata.Builders.EntityTypeBuilder)" namespace="AzAgroPOS.Verilenler.Migrations" type_name="OlcuVahidiIdSutununuSil.&lt;&gt;c" block_coverage="0.00" line_coverage="0.00" blocks_covered="0" blocks_not_covered="22" lines_covered="0" lines_partially_covered="0" lines_not_covered="22">
          <ranges>
            <range source_id="44" start_line="187" end_line="187" start_column="17" end_column="18" covered="no" />
            <range source_id="44" start_line="188" end_line="190" start_column="21" end_column="47" covered="no" />
            <range source_id="44" start_line="192" end_line="192" start_column="21" end_column="97" covered="no" />
            <range source_id="44" start_line="194" end_line="195" start_column="21" end_column="47" covered="no" />
            <range source_id="44" start_line="197" end_line="198" start_column="21" end_column="58" covered="no" />
            <range source_id="44" start_line="200" end_line="201" start_column="21" end_column="47" covered="no" />
            <range source_id="44" start_line="203" end_line="204" start_column="21" end_column="57" covered="no" />
            <range source_id="44" start_line="206" end_line="207" start_column="21" end_column="47" covered="no" />
            <range source_id="44" start_line="209" end_line="210" start_column="21" end_column="53" covered="no" />
            <range source_id="44" start_line="212" end_line="212" start_column="21" end_column="36" covered="no" />
            <range source_id="44" start_line="214" end_line="214" start_column="21" end_column="45" covered="no" />
            <range source_id="44" start_line="216" end_line="216" start_column="21" end_column="43" covered="no" />
            <range source_id="44" start_line="218" end_line="218" start_column="21" end_column="51" covered="no" />
            <range source_id="44" start_line="219" end_line="219" start_column="17" end_column="18" covered="no" />
          </ranges>
        </function>
        <function id="143436" token="0x60003fb" name="&lt;BuildTargetModel&gt;b__2_4(Microsoft.EntityFrameworkCore.Metadata.Builders.EntityTypeBuilder)" namespace="AzAgroPOS.Verilenler.Migrations" type_name="OlcuVahidiIdSutununuSil.&lt;&gt;c" block_coverage="0.00" line_coverage="0.00" blocks_covered="0" blocks_not_covered="23" lines_covered="0" lines_partially_covered="0" lines_not_covered="23">
          <ranges>
            <range source_id="44" start_line="222" end_line="222" start_column="17" end_column="18" covered="no" />
            <range source_id="44" start_line="223" end_line="225" start_column="21" end_column="47" covered="no" />
            <range source_id="44" start_line="227" end_line="227" start_column="21" end_column="97" covered="no" />
            <range source_id="44" start_line="229" end_line="230" start_column="21" end_column="53" covered="no" />
            <range source_id="44" start_line="232" end_line="233" start_column="21" end_column="53" covered="no" />
            <range source_id="44" start_line="235" end_line="236" start_column="21" end_column="58" covered="no" />
            <range source_id="44" start_line="238" end_line="239" start_column="21" end_column="58" covered="no" />
            <range source_id="44" start_line="241" end_line="242" start_column="21" end_column="58" covered="no" />
            <range source_id="44" start_line="244" end_line="245" start_column="21" end_column="47" covered="no" />
            <range source_id="44" start_line="247" end_line="248" start_column="21" end_column="47" covered="no" />
            <range source_id="44" start_line="250" end_line="250" start_column="21" end_column="36" covered="no" />
            <range source_id="44" start_line="252" end_line="252" start_column="21" end_column="42" covered="no" />
            <range source_id="44" start_line="254" end_line="254" start_column="21" end_column="43" covered="no" />
            <range source_id="44" start_line="255" end_line="255" start_column="17" end_column="18" covered="no" />
          </ranges>
        </function>
        <function id="143708" token="0x60003fc" name="&lt;BuildTargetModel&gt;b__2_5(Microsoft.EntityFrameworkCore.Metadata.Builders.EntityTypeBuilder)" namespace="AzAgroPOS.Verilenler.Migrations" type_name="OlcuVahidiIdSutununuSil.&lt;&gt;c" block_coverage="0.00" line_coverage="0.00" blocks_covered="0" blocks_not_covered="14" lines_covered="0" lines_partially_covered="0" lines_not_covered="22">
          <ranges>
            <range source_id="44" start_line="258" end_line="258" start_column="17" end_column="18" covered="no" />
            <range source_id="44" start_line="259" end_line="261" start_column="21" end_column="47" covered="no" />
            <range source_id="44" start_line="263" end_line="263" start_column="21" end_column="97" covered="no" />
            <range source_id="44" start_line="265" end_line="267" start_column="21" end_column="57" covered="no" />
            <range source_id="44" start_line="269" end_line="269" start_column="21" end_column="36" covered="no" />
            <range source_id="44" start_line="271" end_line="271" start_column="21" end_column="41" covered="no" />
            <range source_id="44" start_line="273" end_line="283" start_column="21" end_column="28" covered="no" />
            <range source_id="44" start_line="284" end_line="284" start_column="17" end_column="18" covered="no" />
          </ranges>
        </function>
        <function id="143872" token="0x60003fd" name="&lt;BuildTargetModel&gt;b__2_6(Microsoft.EntityFrameworkCore.Metadata.Builders.EntityTypeBuilder)" namespace="AzAgroPOS.Verilenler.Migrations" type_name="OlcuVahidiIdSutununuSil.&lt;&gt;c" block_coverage="0.00" line_coverage="0.00" blocks_covered="0" blocks_not_covered="20" lines_covered="0" lines_partially_covered="0" lines_not_covered="20">
          <ranges>
            <range source_id="44" start_line="287" end_line="287" start_column="17" end_column="18" covered="no" />
            <range source_id="44" start_line="288" end_line="290" start_column="21" end_column="47" covered="no" />
            <range source_id="44" start_line="292" end_line="292" start_column="21" end_column="97" covered="no" />
            <range source_id="44" start_line="294" end_line="295" start_column="21" end_column="47" covered="no" />
            <range source_id="44" start_line="297" end_line="298" start_column="21" end_column="47" covered="no" />
            <range source_id="44" start_line="300" end_line="301" start_column="21" end_column="47" covered="no" />
            <range source_id="44" start_line="303" end_line="304" start_column="21" end_column="53" covered="no" />
            <range source_id="44" start_line="306" end_line="307" start_column="21" end_column="58" covered="no" />
            <range source_id="44" start_line="309" end_line="309" start_column="21" end_column="36" covered="no" />
            <range source_id="44" start_line="311" end_line="311" start_column="21" end_column="45" covered="no" />
            <range source_id="44" start_line="313" end_line="313" start_column="21" end_column="43" covered="no" />
            <range source_id="44" start_line="315" end_line="315" start_column="21" end_column="43" covered="no" />
            <range source_id="44" start_line="316" end_line="316" start_column="17" end_column="18" covered="no" />
          </ranges>
        </function>
        <function id="144120" token="0x60003fe" name="&lt;BuildTargetModel&gt;b__2_7(Microsoft.EntityFrameworkCore.Metadata.Builders.EntityTypeBuilder)" namespace="AzAgroPOS.Verilenler.Migrations" type_name="OlcuVahidiIdSutununuSil.&lt;&gt;c" block_coverage="0.00" line_coverage="0.00" blocks_covered="0" blocks_not_covered="20" lines_covered="0" lines_partially_covered="0" lines_not_covered="20">
          <ranges>
            <range source_id="44" start_line="319" end_line="319" start_column="17" end_column="18" covered="no" />
            <range source_id="44" start_line="320" end_line="322" start_column="21" end_column="47" covered="no" />
            <range source_id="44" start_line="324" end_line="324" start_column="21" end_column="97" covered="no" />
            <range source_id="44" start_line="326" end_line="327" start_column="21" end_column="47" covered="no" />
            <range source_id="44" start_line="329" end_line="330" start_column="21" end_column="57" covered="no" />
            <range source_id="44" start_line="332" end_line="333" start_column="21" end_column="58" covered="no" />
            <range source_id="44" start_line="335" end_line="336" start_column="21" end_column="47" covered="no" />
            <range source_id="44" start_line="338" end_line="339" start_column="21" end_column="57" covered="no" />
            <range source_id="44" start_line="341" end_line="341" start_column="21" end_column="36" covered="no" />
            <range source_id="44" start_line="343" end_line="343" start_column="21" end_column="44" covered="no" />
            <range source_id="44" start_line="345" end_line="345" start_column="21" end_column="43" covered="no" />
            <range source_id="44" start_line="347" end_line="347" start_column="21" end_column="49" covered="no" />
            <range source_id="44" start_line="348" end_line="348" start_column="17" end_column="18" covered="no" />
          </ranges>
        </function>
        <function id="144368" token="0x60003ff" name="&lt;BuildTargetModel&gt;b__2_8(Microsoft.EntityFrameworkCore.Metadata.Builders.EntityTypeBuilder)" namespace="AzAgroPOS.Verilenler.Migrations" type_name="OlcuVahidiIdSutununuSil.&lt;&gt;c" block_coverage="0.00" line_coverage="0.00" blocks_covered="0" blocks_not_covered="33" lines_covered="0" lines_partially_covered="0" lines_not_covered="33">
          <ranges>
            <range source_id="44" start_line="351" end_line="351" start_column="17" end_column="18" covered="no" />
            <range source_id="44" start_line="352" end_line="354" start_column="21" end_column="47" covered="no" />
            <range source_id="44" start_line="356" end_line="356" start_column="21" end_column="97" covered="no" />
            <range source_id="44" start_line="358" end_line="360" start_column="21" end_column="57" covered="no" />
            <range source_id="44" start_line="362" end_line="363" start_column="21" end_column="47" covered="no" />
            <range source_id="44" start_line="365" end_line="367" start_column="21" end_column="57" covered="no" />
            <range source_id="44" start_line="369" end_line="371" start_column="21" end_column="57" covered="no" />
            <range source_id="44" start_line="373" end_line="375" start_column="21" end_column="57" covered="no" />
            <range source_id="44" start_line="377" end_line="378" start_column="21" end_column="53" covered="no" />
            <range source_id="44" start_line="380" end_line="381" start_column="21" end_column="47" covered="no" />
            <range source_id="44" start_line="383" end_line="384" start_column="21" end_column="53" covered="no" />
            <range source_id="44" start_line="386" end_line="387" start_column="21" end_column="58" covered="no" />
            <range source_id="44" start_line="389" end_line="390" start_column="21" end_column="58" covered="no" />
            <range source_id="44" start_line="392" end_line="392" start_column="21" end_column="36" covered="no" />
            <range source_id="44" start_line="394" end_line="394" start_column="21" end_column="42" covered="no" />
            <range source_id="44" start_line="396" end_line="396" start_column="21" end_column="51" covered="no" />
            <range source_id="44" start_line="397" end_line="397" start_column="17" end_column="18" covered="no" />
          </ranges>
        </function>
        <function id="144728" token="0x6000400" name="&lt;BuildTargetModel&gt;b__2_9(Microsoft.EntityFrameworkCore.Metadata.Builders.EntityTypeBuilder)" namespace="AzAgroPOS.Verilenler.Migrations" type_name="OlcuVahidiIdSutununuSil.&lt;&gt;c" block_coverage="0.00" line_coverage="0.00" blocks_covered="0" blocks_not_covered="7" lines_covered="0" lines_partially_covered="0" lines_not_covered="8">
          <ranges>
            <range source_id="44" start_line="400" end_line="400" start_column="17" end_column="18" covered="no" />
            <range source_id="44" start_line="401" end_line="405" start_column="21" end_column="39" covered="no" />
            <range source_id="44" start_line="407" end_line="407" start_column="21" end_column="41" covered="no" />
            <range source_id="44" start_line="408" end_line="408" start_column="17" end_column="18" covered="no" />
          </ranges>
        </function>
        <function id="144812" token="0x6000401" name="&lt;BuildTargetModel&gt;b__2_10(Microsoft.EntityFrameworkCore.Metadata.Builders.EntityTypeBuilder)" namespace="AzAgroPOS.Verilenler.Migrations" type_name="OlcuVahidiIdSutununuSil.&lt;&gt;c" block_coverage="0.00" line_coverage="0.00" blocks_covered="0" blocks_not_covered="11" lines_covered="0" lines_partially_covered="0" lines_not_covered="12">
          <ranges>
            <range source_id="44" start_line="411" end_line="411" start_column="17" end_column="18" covered="no" />
            <range source_id="44" start_line="412" end_line="416" start_column="21" end_column="39" covered="no" />
            <range source_id="44" start_line="418" end_line="420" start_column="21" end_column="51" covered="no" />
            <range source_id="44" start_line="422" end_line="422" start_column="21" end_column="45" covered="no" />
            <range source_id="44" start_line="424" end_line="424" start_column="21" end_column="43" covered="no" />
            <range source_id="44" start_line="425" end_line="425" start_column="17" end_column="18" covered="no" />
          </ranges>
        </function>
        <function id="144948" token="0x6000402" name="&lt;BuildTargetModel&gt;b__2_11(Microsoft.EntityFrameworkCore.Metadata.Builders.EntityTypeBuilder)" namespace="AzAgroPOS.Verilenler.Migrations" type_name="OlcuVahidiIdSutununuSil.&lt;&gt;c" block_coverage="0.00" line_coverage="0.00" blocks_covered="0" blocks_not_covered="7" lines_covered="0" lines_partially_covered="0" lines_not_covered="8">
          <ranges>
            <range source_id="44" start_line="428" end_line="428" start_column="17" end_column="18" covered="no" />
            <range source_id="44" start_line="429" end_line="433" start_column="21" end_column="39" covered="no" />
            <range source_id="44" start_line="435" end_line="435" start_column="21" end_column="42" covered="no" />
            <range source_id="44" start_line="436" end_line="436" start_column="17" end_column="18" covered="no" />
          </ranges>
        </function>
        <function id="145028" token="0x6000403" name="&lt;BuildTargetModel&gt;b__2_12(Microsoft.EntityFrameworkCore.Metadata.Builders.EntityTypeBuilder)" namespace="AzAgroPOS.Verilenler.Migrations" type_name="OlcuVahidiIdSutununuSil.&lt;&gt;c" block_coverage="0.00" line_coverage="0.00" blocks_covered="0" blocks_not_covered="11" lines_covered="0" lines_partially_covered="0" lines_not_covered="12">
          <ranges>
            <range source_id="44" start_line="439" end_line="439" start_column="17" end_column="18" covered="no" />
            <range source_id="44" start_line="440" end_line="442" start_column="21" end_column="53" covered="no" />
            <range source_id="44" start_line="444" end_line="448" start_column="21" end_column="39" covered="no" />
            <range source_id="44" start_line="450" end_line="450" start_column="21" end_column="45" covered="no" />
            <range source_id="44" start_line="452" end_line="452" start_column="21" end_column="43" covered="no" />
            <range source_id="44" start_line="453" end_line="453" start_column="17" end_column="18" covered="no" />
          </ranges>
        </function>
        <function id="145168" token="0x6000404" name="&lt;BuildTargetModel&gt;b__2_13(Microsoft.EntityFrameworkCore.Metadata.Builders.EntityTypeBuilder)" namespace="AzAgroPOS.Verilenler.Migrations" type_name="OlcuVahidiIdSutununuSil.&lt;&gt;c" block_coverage="0.00" line_coverage="0.00" blocks_covered="0" blocks_not_covered="13" lines_covered="0" lines_partially_covered="0" lines_not_covered="14">
          <ranges>
            <range source_id="44" start_line="456" end_line="456" start_column="17" end_column="18" covered="no" />
            <range source_id="44" start_line="457" end_line="461" start_column="21" end_column="39" covered="no" />
            <range source_id="44" start_line="463" end_line="467" start_column="21" end_column="39" covered="no" />
            <range source_id="44" start_line="469" end_line="469" start_column="21" end_column="44" covered="no" />
            <range source_id="44" start_line="471" end_line="471" start_column="21" end_column="43" covered="no" />
            <range source_id="44" start_line="472" end_line="472" start_column="17" end_column="18" covered="no" />
          </ranges>
        </function>
        <function id="145320" token="0x6000405" name="&lt;BuildTargetModel&gt;b__2_14(Microsoft.EntityFrameworkCore.Metadata.Builders.EntityTypeBuilder)" namespace="AzAgroPOS.Verilenler.Migrations" type_name="OlcuVahidiIdSutununuSil.&lt;&gt;c" block_coverage="0.00" line_coverage="0.00" blocks_covered="0" blocks_not_covered="6" lines_covered="0" lines_partially_covered="0" lines_not_covered="7">
          <ranges>
            <range source_id="44" start_line="475" end_line="475" start_column="17" end_column="18" covered="no" />
            <range source_id="44" start_line="476" end_line="479" start_column="21" end_column="60" covered="no" />
            <range source_id="44" start_line="481" end_line="481" start_column="21" end_column="42" covered="no" />
            <range source_id="44" start_line="482" end_line="482" start_column="17" end_column="18" covered="no" />
          </ranges>
        </function>
        <function id="145398" token="0x6000406" name="&lt;BuildTargetModel&gt;b__2_15(Microsoft.EntityFrameworkCore.Metadata.Builders.EntityTypeBuilder)" namespace="AzAgroPOS.Verilenler.Migrations" type_name="OlcuVahidiIdSutununuSil.&lt;&gt;c" block_coverage="0.00" line_coverage="0.00" blocks_covered="0" blocks_not_covered="2" lines_covered="0" lines_partially_covered="0" lines_not_covered="3">
          <ranges>
            <range source_id="44" start_line="485" end_line="485" start_column="17" end_column="18" covered="no" />
            <range source_id="44" start_line="486" end_line="486" start_column="21" end_column="54" covered="no" />
            <range source_id="44" start_line="487" end_line="487" start_column="17" end_column="18" covered="no" />
          </ranges>
        </function>
        <function id="145413" token="0x6000407" name="&lt;BuildTargetModel&gt;b__2_16(Microsoft.EntityFrameworkCore.Metadata.Builders.EntityTypeBuilder)" namespace="AzAgroPOS.Verilenler.Migrations" type_name="OlcuVahidiIdSutununuSil.&lt;&gt;c" block_coverage="0.00" line_coverage="0.00" blocks_covered="0" blocks_not_covered="2" lines_covered="0" lines_partially_covered="0" lines_not_covered="3">
          <ranges>
            <range source_id="44" start_line="490" end_line="490" start_column="17" end_column="18" covered="no" />
            <range source_id="44" start_line="491" end_line="491" start_column="21" end_column="46" covered="no" />
            <range source_id="44" start_line="492" end_line="492" start_column="17" end_column="18" covered="no" />
          </ranges>
        </function>
        <function id="145428" token="0x6000408" name="&lt;BuildTargetModel&gt;b__2_17(Microsoft.EntityFrameworkCore.Metadata.Builders.EntityTypeBuilder)" namespace="AzAgroPOS.Verilenler.Migrations" type_name="OlcuVahidiIdSutununuSil.&lt;&gt;c" block_coverage="0.00" line_coverage="0.00" blocks_covered="0" blocks_not_covered="2" lines_covered="0" lines_partially_covered="0" lines_not_covered="3">
          <ranges>
            <range source_id="44" start_line="495" end_line="495" start_column="17" end_column="18" covered="no" />
            <range source_id="44" start_line="496" end_line="496" start_column="21" end_column="51" covered="no" />
            <range source_id="44" start_line="497" end_line="497" start_column="17" end_column="18" covered="no" />
          </ranges>
        </function>
        <function id="145443" token="0x6000409" name="&lt;BuildTargetModel&gt;b__2_18(Microsoft.EntityFrameworkCore.Metadata.Builders.EntityTypeBuilder)" namespace="AzAgroPOS.Verilenler.Migrations" type_name="OlcuVahidiIdSutununuSil.&lt;&gt;c" block_coverage="0.00" line_coverage="0.00" blocks_covered="0" blocks_not_covered="2" lines_covered="0" lines_partially_covered="0" lines_not_covered="3">
          <ranges>
            <range source_id="44" start_line="500" end_line="500" start_column="17" end_column="18" covered="no" />
            <range source_id="44" start_line="501" end_line="501" start_column="21" end_column="52" covered="no" />
            <range source_id="44" start_line="502" end_line="502" start_column="17" end_column="18" covered="no" />
          </ranges>
        </function>
        <function id="145480" token="0x600040c" name="&lt;BuildTargetModel&gt;b__2_0(Microsoft.EntityFrameworkCore.Metadata.Builders.EntityTypeBuilder)" namespace="AzAgroPOS.Verilenler.Migrations" type_name="BazaVeModeliSinxronlasdir.&lt;&gt;c" block_coverage="0.00" line_coverage="0.00" blocks_covered="0" blocks_not_covered="22" lines_covered="0" lines_partially_covered="0" lines_not_covered="29">
          <ranges>
            <range source_id="46" start_line="29" end_line="29" start_column="17" end_column="18" covered="no" />
            <range source_id="46" start_line="30" end_line="32" start_column="21" end_column="47" covered="no" />
            <range source_id="46" start_line="34" end_line="34" start_column="21" end_column="97" covered="no" />
            <range source_id="46" start_line="36" end_line="38" start_column="21" end_column="57" covered="no" />
            <range source_id="46" start_line="40" end_line="42" start_column="21" end_column="57" covered="no" />
            <range source_id="46" start_line="44" end_line="45" start_column="21" end_column="47" covered="no" />
            <range source_id="46" start_line="47" end_line="49" start_column="21" end_column="57" covered="no" />
            <range source_id="46" start_line="51" end_line="51" start_column="21" end_column="36" covered="no" />
            <range source_id="46" start_line="53" end_line="53" start_column="21" end_column="41" covered="no" />
            <range source_id="46" start_line="55" end_line="55" start_column="21" end_column="48" covered="no" />
            <range source_id="46" start_line="57" end_line="65" start_column="21" end_column="28" covered="no" />
            <range source_id="46" start_line="66" end_line="66" start_column="17" end_column="18" covered="no" />
          </ranges>
        </function>
        <function id="145740" token="0x600040d" name="&lt;BuildTargetModel&gt;b__2_1(Microsoft.EntityFrameworkCore.Metadata.Builders.EntityTypeBuilder)" namespace="AzAgroPOS.Verilenler.Migrations" type_name="BazaVeModeliSinxronlasdir.&lt;&gt;c" block_coverage="0.00" line_coverage="0.00" blocks_covered="0" blocks_not_covered="39" lines_covered="0" lines_partially_covered="0" lines_not_covered="72">
          <ranges>
            <range source_id="46" start_line="69" end_line="69" start_column="17" end_column="18" covered="no" />
            <range source_id="46" start_line="70" end_line="72" start_column="21" end_column="47" covered="no" />
            <range source_id="46" start_line="74" end_line="74" start_column="21" end_column="97" covered="no" />
            <range source_id="46" start_line="76" end_line="78" start_column="21" end_column="57" covered="no" />
            <range source_id="46" start_line="80" end_line="81" start_column="21" end_column="47" covered="no" />
            <range source_id="46" start_line="83" end_line="84" start_column="21" end_column="58" covered="no" />
            <range source_id="46" start_line="86" end_line="87" start_column="21" end_column="57" covered="no" />
            <range source_id="46" start_line="89" end_line="90" start_column="21" end_column="47" covered="no" />
            <range source_id="46" start_line="92" end_line="93" start_column="21" end_column="47" covered="no" />
            <range source_id="46" start_line="95" end_line="96" start_column="21" end_column="58" covered="no" />
            <range source_id="46" start_line="98" end_line="99" start_column="21" end_column="57" covered="no" />
            <range source_id="46" start_line="101" end_line="102" start_column="21" end_column="58" covered="no" />
            <range source_id="46" start_line="104" end_line="105" start_column="21" end_column="58" covered="no" />
            <range source_id="46" start_line="107" end_line="107" start_column="21" end_column="36" covered="no" />
            <range source_id="46" start_line="109" end_line="109" start_column="21" end_column="44" covered="no" />
            <range source_id="46" start_line="111" end_line="153" start_column="21" end_column="28" covered="no" />
            <range source_id="46" start_line="154" end_line="154" start_column="17" end_column="18" covered="no" />
          </ranges>
        </function>
        <function id="146268" token="0x600040e" name="&lt;BuildTargetModel&gt;b__2_2(Microsoft.EntityFrameworkCore.Metadata.Builders.EntityTypeBuilder)" namespace="AzAgroPOS.Verilenler.Migrations" type_name="BazaVeModeliSinxronlasdir.&lt;&gt;c" block_coverage="0.00" line_coverage="0.00" blocks_covered="0" blocks_not_covered="20" lines_covered="0" lines_partially_covered="0" lines_not_covered="20">
          <ranges>
            <range source_id="46" start_line="157" end_line="157" start_column="17" end_column="18" covered="no" />
            <range source_id="46" start_line="158" end_line="160" start_column="21" end_column="47" covered="no" />
            <range source_id="46" start_line="162" end_line="162" start_column="21" end_column="97" covered="no" />
            <range source_id="46" start_line="164" end_line="165" start_column="21" end_column="57" covered="no" />
            <range source_id="46" start_line="167" end_line="169" start_column="21" end_column="57" covered="no" />
            <range source_id="46" start_line="171" end_line="173" start_column="21" end_column="57" covered="no" />
            <range source_id="46" start_line="175" end_line="176" start_column="21" end_column="58" covered="no" />
            <range source_id="46" start_line="178" end_line="179" start_column="21" end_column="57" covered="no" />
            <range source_id="46" start_line="181" end_line="181" start_column="21" end_column="36" covered="no" />
            <range source_id="46" start_line="183" end_line="183" start_column="21" end_column="45" covered="no" />
            <range source_id="46" start_line="184" end_line="184" start_column="17" end_column="18" covered="no" />
          </ranges>
        </function>
        <function id="146484" token="0x600040f" name="&lt;BuildTargetModel&gt;b__2_3(Microsoft.EntityFrameworkCore.Metadata.Builders.EntityTypeBuilder)" namespace="AzAgroPOS.Verilenler.Migrations" type_name="BazaVeModeliSinxronlasdir.&lt;&gt;c" block_coverage="0.00" line_coverage="0.00" blocks_covered="0" blocks_not_covered="22" lines_covered="0" lines_partially_covered="0" lines_not_covered="22">
          <ranges>
            <range source_id="46" start_line="187" end_line="187" start_column="17" end_column="18" covered="no" />
            <range source_id="46" start_line="188" end_line="190" start_column="21" end_column="47" covered="no" />
            <range source_id="46" start_line="192" end_line="192" start_column="21" end_column="97" covered="no" />
            <range source_id="46" start_line="194" end_line="195" start_column="21" end_column="47" covered="no" />
            <range source_id="46" start_line="197" end_line="198" start_column="21" end_column="58" covered="no" />
            <range source_id="46" start_line="200" end_line="201" start_column="21" end_column="47" covered="no" />
            <range source_id="46" start_line="203" end_line="204" start_column="21" end_column="57" covered="no" />
            <range source_id="46" start_line="206" end_line="207" start_column="21" end_column="47" covered="no" />
            <range source_id="46" start_line="209" end_line="210" start_column="21" end_column="53" covered="no" />
            <range source_id="46" start_line="212" end_line="212" start_column="21" end_column="36" covered="no" />
            <range source_id="46" start_line="214" end_line="214" start_column="21" end_column="45" covered="no" />
            <range source_id="46" start_line="216" end_line="216" start_column="21" end_column="43" covered="no" />
            <range source_id="46" start_line="218" end_line="218" start_column="21" end_column="51" covered="no" />
            <range source_id="46" start_line="219" end_line="219" start_column="17" end_column="18" covered="no" />
          </ranges>
        </function>
        <function id="146752" token="0x6000410" name="&lt;BuildTargetModel&gt;b__2_4(Microsoft.EntityFrameworkCore.Metadata.Builders.EntityTypeBuilder)" namespace="AzAgroPOS.Verilenler.Migrations" type_name="BazaVeModeliSinxronlasdir.&lt;&gt;c" block_coverage="0.00" line_coverage="0.00" blocks_covered="0" blocks_not_covered="23" lines_covered="0" lines_partially_covered="0" lines_not_covered="23">
          <ranges>
            <range source_id="46" start_line="222" end_line="222" start_column="17" end_column="18" covered="no" />
            <range source_id="46" start_line="223" end_line="225" start_column="21" end_column="47" covered="no" />
            <range source_id="46" start_line="227" end_line="227" start_column="21" end_column="97" covered="no" />
            <range source_id="46" start_line="229" end_line="230" start_column="21" end_column="53" covered="no" />
            <range source_id="46" start_line="232" end_line="233" start_column="21" end_column="53" covered="no" />
            <range source_id="46" start_line="235" end_line="236" start_column="21" end_column="58" covered="no" />
            <range source_id="46" start_line="238" end_line="239" start_column="21" end_column="58" covered="no" />
            <range source_id="46" start_line="241" end_line="242" start_column="21" end_column="58" covered="no" />
            <range source_id="46" start_line="244" end_line="245" start_column="21" end_column="47" covered="no" />
            <range source_id="46" start_line="247" end_line="248" start_column="21" end_column="47" covered="no" />
            <range source_id="46" start_line="250" end_line="250" start_column="21" end_column="36" covered="no" />
            <range source_id="46" start_line="252" end_line="252" start_column="21" end_column="42" covered="no" />
            <range source_id="46" start_line="254" end_line="254" start_column="21" end_column="43" covered="no" />
            <range source_id="46" start_line="255" end_line="255" start_column="17" end_column="18" covered="no" />
          </ranges>
        </function>
        <function id="147024" token="0x6000411" name="&lt;BuildTargetModel&gt;b__2_5(Microsoft.EntityFrameworkCore.Metadata.Builders.EntityTypeBuilder)" namespace="AzAgroPOS.Verilenler.Migrations" type_name="BazaVeModeliSinxronlasdir.&lt;&gt;c" block_coverage="0.00" line_coverage="0.00" blocks_covered="0" blocks_not_covered="14" lines_covered="0" lines_partially_covered="0" lines_not_covered="22">
          <ranges>
            <range source_id="46" start_line="258" end_line="258" start_column="17" end_column="18" covered="no" />
            <range source_id="46" start_line="259" end_line="261" start_column="21" end_column="47" covered="no" />
            <range source_id="46" start_line="263" end_line="263" start_column="21" end_column="97" covered="no" />
            <range source_id="46" start_line="265" end_line="267" start_column="21" end_column="57" covered="no" />
            <range source_id="46" start_line="269" end_line="269" start_column="21" end_column="36" covered="no" />
            <range source_id="46" start_line="271" end_line="271" start_column="21" end_column="41" covered="no" />
            <range source_id="46" start_line="273" end_line="283" start_column="21" end_column="28" covered="no" />
            <range source_id="46" start_line="284" end_line="284" start_column="17" end_column="18" covered="no" />
          </ranges>
        </function>
        <function id="147188" token="0x6000412" name="&lt;BuildTargetModel&gt;b__2_6(Microsoft.EntityFrameworkCore.Metadata.Builders.EntityTypeBuilder)" namespace="AzAgroPOS.Verilenler.Migrations" type_name="BazaVeModeliSinxronlasdir.&lt;&gt;c" block_coverage="0.00" line_coverage="0.00" blocks_covered="0" blocks_not_covered="20" lines_covered="0" lines_partially_covered="0" lines_not_covered="20">
          <ranges>
            <range source_id="46" start_line="287" end_line="287" start_column="17" end_column="18" covered="no" />
            <range source_id="46" start_line="288" end_line="290" start_column="21" end_column="47" covered="no" />
            <range source_id="46" start_line="292" end_line="292" start_column="21" end_column="97" covered="no" />
            <range source_id="46" start_line="294" end_line="295" start_column="21" end_column="47" covered="no" />
            <range source_id="46" start_line="297" end_line="298" start_column="21" end_column="47" covered="no" />
            <range source_id="46" start_line="300" end_line="301" start_column="21" end_column="47" covered="no" />
            <range source_id="46" start_line="303" end_line="304" start_column="21" end_column="53" covered="no" />
            <range source_id="46" start_line="306" end_line="307" start_column="21" end_column="58" covered="no" />
            <range source_id="46" start_line="309" end_line="309" start_column="21" end_column="36" covered="no" />
            <range source_id="46" start_line="311" end_line="311" start_column="21" end_column="45" covered="no" />
            <range source_id="46" start_line="313" end_line="313" start_column="21" end_column="43" covered="no" />
            <range source_id="46" start_line="315" end_line="315" start_column="21" end_column="43" covered="no" />
            <range source_id="46" start_line="316" end_line="316" start_column="17" end_column="18" covered="no" />
          </ranges>
        </function>
        <function id="147436" token="0x6000413" name="&lt;BuildTargetModel&gt;b__2_7(Microsoft.EntityFrameworkCore.Metadata.Builders.EntityTypeBuilder)" namespace="AzAgroPOS.Verilenler.Migrations" type_name="BazaVeModeliSinxronlasdir.&lt;&gt;c" block_coverage="0.00" line_coverage="0.00" blocks_covered="0" blocks_not_covered="20" lines_covered="0" lines_partially_covered="0" lines_not_covered="20">
          <ranges>
            <range source_id="46" start_line="319" end_line="319" start_column="17" end_column="18" covered="no" />
            <range source_id="46" start_line="320" end_line="322" start_column="21" end_column="47" covered="no" />
            <range source_id="46" start_line="324" end_line="324" start_column="21" end_column="97" covered="no" />
            <range source_id="46" start_line="326" end_line="327" start_column="21" end_column="47" covered="no" />
            <range source_id="46" start_line="329" end_line="330" start_column="21" end_column="57" covered="no" />
            <range source_id="46" start_line="332" end_line="333" start_column="21" end_column="58" covered="no" />
            <range source_id="46" start_line="335" end_line="336" start_column="21" end_column="47" covered="no" />
            <range source_id="46" start_line="338" end_line="339" start_column="21" end_column="57" covered="no" />
            <range source_id="46" start_line="341" end_line="341" start_column="21" end_column="36" covered="no" />
            <range source_id="46" start_line="343" end_line="343" start_column="21" end_column="44" covered="no" />
            <range source_id="46" start_line="345" end_line="345" start_column="21" end_column="43" covered="no" />
            <range source_id="46" start_line="347" end_line="347" start_column="21" end_column="49" covered="no" />
            <range source_id="46" start_line="348" end_line="348" start_column="17" end_column="18" covered="no" />
          </ranges>
        </function>
        <function id="147684" token="0x6000414" name="&lt;BuildTargetModel&gt;b__2_8(Microsoft.EntityFrameworkCore.Metadata.Builders.EntityTypeBuilder)" namespace="AzAgroPOS.Verilenler.Migrations" type_name="BazaVeModeliSinxronlasdir.&lt;&gt;c" block_coverage="0.00" line_coverage="0.00" blocks_covered="0" blocks_not_covered="33" lines_covered="0" lines_partially_covered="0" lines_not_covered="33">
          <ranges>
            <range source_id="46" start_line="351" end_line="351" start_column="17" end_column="18" covered="no" />
            <range source_id="46" start_line="352" end_line="354" start_column="21" end_column="47" covered="no" />
            <range source_id="46" start_line="356" end_line="356" start_column="21" end_column="97" covered="no" />
            <range source_id="46" start_line="358" end_line="360" start_column="21" end_column="57" covered="no" />
            <range source_id="46" start_line="362" end_line="363" start_column="21" end_column="47" covered="no" />
            <range source_id="46" start_line="365" end_line="367" start_column="21" end_column="57" covered="no" />
            <range source_id="46" start_line="369" end_line="371" start_column="21" end_column="57" covered="no" />
            <range source_id="46" start_line="373" end_line="375" start_column="21" end_column="57" covered="no" />
            <range source_id="46" start_line="377" end_line="378" start_column="21" end_column="53" covered="no" />
            <range source_id="46" start_line="380" end_line="381" start_column="21" end_column="47" covered="no" />
            <range source_id="46" start_line="383" end_line="384" start_column="21" end_column="53" covered="no" />
            <range source_id="46" start_line="386" end_line="387" start_column="21" end_column="58" covered="no" />
            <range source_id="46" start_line="389" end_line="390" start_column="21" end_column="58" covered="no" />
            <range source_id="46" start_line="392" end_line="392" start_column="21" end_column="36" covered="no" />
            <range source_id="46" start_line="394" end_line="394" start_column="21" end_column="42" covered="no" />
            <range source_id="46" start_line="396" end_line="396" start_column="21" end_column="51" covered="no" />
            <range source_id="46" start_line="397" end_line="397" start_column="17" end_column="18" covered="no" />
          </ranges>
        </function>
        <function id="148044" token="0x6000415" name="&lt;BuildTargetModel&gt;b__2_9(Microsoft.EntityFrameworkCore.Metadata.Builders.EntityTypeBuilder)" namespace="AzAgroPOS.Verilenler.Migrations" type_name="BazaVeModeliSinxronlasdir.&lt;&gt;c" block_coverage="0.00" line_coverage="0.00" blocks_covered="0" blocks_not_covered="7" lines_covered="0" lines_partially_covered="0" lines_not_covered="8">
          <ranges>
            <range source_id="46" start_line="400" end_line="400" start_column="17" end_column="18" covered="no" />
            <range source_id="46" start_line="401" end_line="405" start_column="21" end_column="39" covered="no" />
            <range source_id="46" start_line="407" end_line="407" start_column="21" end_column="41" covered="no" />
            <range source_id="46" start_line="408" end_line="408" start_column="17" end_column="18" covered="no" />
          </ranges>
        </function>
        <function id="148128" token="0x6000416" name="&lt;BuildTargetModel&gt;b__2_10(Microsoft.EntityFrameworkCore.Metadata.Builders.EntityTypeBuilder)" namespace="AzAgroPOS.Verilenler.Migrations" type_name="BazaVeModeliSinxronlasdir.&lt;&gt;c" block_coverage="0.00" line_coverage="0.00" blocks_covered="0" blocks_not_covered="11" lines_covered="0" lines_partially_covered="0" lines_not_covered="12">
          <ranges>
            <range source_id="46" start_line="411" end_line="411" start_column="17" end_column="18" covered="no" />
            <range source_id="46" start_line="412" end_line="416" start_column="21" end_column="39" covered="no" />
            <range source_id="46" start_line="418" end_line="420" start_column="21" end_column="51" covered="no" />
            <range source_id="46" start_line="422" end_line="422" start_column="21" end_column="45" covered="no" />
            <range source_id="46" start_line="424" end_line="424" start_column="21" end_column="43" covered="no" />
            <range source_id="46" start_line="425" end_line="425" start_column="17" end_column="18" covered="no" />
          </ranges>
        </function>
        <function id="148264" token="0x6000417" name="&lt;BuildTargetModel&gt;b__2_11(Microsoft.EntityFrameworkCore.Metadata.Builders.EntityTypeBuilder)" namespace="AzAgroPOS.Verilenler.Migrations" type_name="BazaVeModeliSinxronlasdir.&lt;&gt;c" block_coverage="0.00" line_coverage="0.00" blocks_covered="0" blocks_not_covered="7" lines_covered="0" lines_partially_covered="0" lines_not_covered="8">
          <ranges>
            <range source_id="46" start_line="428" end_line="428" start_column="17" end_column="18" covered="no" />
            <range source_id="46" start_line="429" end_line="433" start_column="21" end_column="39" covered="no" />
            <range source_id="46" start_line="435" end_line="435" start_column="21" end_column="42" covered="no" />
            <range source_id="46" start_line="436" end_line="436" start_column="17" end_column="18" covered="no" />
          </ranges>
        </function>
        <function id="148344" token="0x6000418" name="&lt;BuildTargetModel&gt;b__2_12(Microsoft.EntityFrameworkCore.Metadata.Builders.EntityTypeBuilder)" namespace="AzAgroPOS.Verilenler.Migrations" type_name="BazaVeModeliSinxronlasdir.&lt;&gt;c" block_coverage="0.00" line_coverage="0.00" blocks_covered="0" blocks_not_covered="11" lines_covered="0" lines_partially_covered="0" lines_not_covered="12">
          <ranges>
            <range source_id="46" start_line="439" end_line="439" start_column="17" end_column="18" covered="no" />
            <range source_id="46" start_line="440" end_line="442" start_column="21" end_column="53" covered="no" />
            <range source_id="46" start_line="444" end_line="448" start_column="21" end_column="39" covered="no" />
            <range source_id="46" start_line="450" end_line="450" start_column="21" end_column="45" covered="no" />
            <range source_id="46" start_line="452" end_line="452" start_column="21" end_column="43" covered="no" />
            <range source_id="46" start_line="453" end_line="453" start_column="17" end_column="18" covered="no" />
          </ranges>
        </function>
        <function id="148484" token="0x6000419" name="&lt;BuildTargetModel&gt;b__2_13(Microsoft.EntityFrameworkCore.Metadata.Builders.EntityTypeBuilder)" namespace="AzAgroPOS.Verilenler.Migrations" type_name="BazaVeModeliSinxronlasdir.&lt;&gt;c" block_coverage="0.00" line_coverage="0.00" blocks_covered="0" blocks_not_covered="13" lines_covered="0" lines_partially_covered="0" lines_not_covered="14">
          <ranges>
            <range source_id="46" start_line="456" end_line="456" start_column="17" end_column="18" covered="no" />
            <range source_id="46" start_line="457" end_line="461" start_column="21" end_column="39" covered="no" />
            <range source_id="46" start_line="463" end_line="467" start_column="21" end_column="39" covered="no" />
            <range source_id="46" start_line="469" end_line="469" start_column="21" end_column="44" covered="no" />
            <range source_id="46" start_line="471" end_line="471" start_column="21" end_column="43" covered="no" />
            <range source_id="46" start_line="472" end_line="472" start_column="17" end_column="18" covered="no" />
          </ranges>
        </function>
        <function id="148636" token="0x600041a" name="&lt;BuildTargetModel&gt;b__2_14(Microsoft.EntityFrameworkCore.Metadata.Builders.EntityTypeBuilder)" namespace="AzAgroPOS.Verilenler.Migrations" type_name="BazaVeModeliSinxronlasdir.&lt;&gt;c" block_coverage="0.00" line_coverage="0.00" blocks_covered="0" blocks_not_covered="6" lines_covered="0" lines_partially_covered="0" lines_not_covered="7">
          <ranges>
            <range source_id="46" start_line="475" end_line="475" start_column="17" end_column="18" covered="no" />
            <range source_id="46" start_line="476" end_line="479" start_column="21" end_column="60" covered="no" />
            <range source_id="46" start_line="481" end_line="481" start_column="21" end_column="42" covered="no" />
            <range source_id="46" start_line="482" end_line="482" start_column="17" end_column="18" covered="no" />
          </ranges>
        </function>
        <function id="148714" token="0x600041b" name="&lt;BuildTargetModel&gt;b__2_15(Microsoft.EntityFrameworkCore.Metadata.Builders.EntityTypeBuilder)" namespace="AzAgroPOS.Verilenler.Migrations" type_name="BazaVeModeliSinxronlasdir.&lt;&gt;c" block_coverage="0.00" line_coverage="0.00" blocks_covered="0" blocks_not_covered="2" lines_covered="0" lines_partially_covered="0" lines_not_covered="3">
          <ranges>
            <range source_id="46" start_line="485" end_line="485" start_column="17" end_column="18" covered="no" />
            <range source_id="46" start_line="486" end_line="486" start_column="21" end_column="54" covered="no" />
            <range source_id="46" start_line="487" end_line="487" start_column="17" end_column="18" covered="no" />
          </ranges>
        </function>
        <function id="148729" token="0x600041c" name="&lt;BuildTargetModel&gt;b__2_16(Microsoft.EntityFrameworkCore.Metadata.Builders.EntityTypeBuilder)" namespace="AzAgroPOS.Verilenler.Migrations" type_name="BazaVeModeliSinxronlasdir.&lt;&gt;c" block_coverage="0.00" line_coverage="0.00" blocks_covered="0" blocks_not_covered="2" lines_covered="0" lines_partially_covered="0" lines_not_covered="3">
          <ranges>
            <range source_id="46" start_line="490" end_line="490" start_column="17" end_column="18" covered="no" />
            <range source_id="46" start_line="491" end_line="491" start_column="21" end_column="46" covered="no" />
            <range source_id="46" start_line="492" end_line="492" start_column="17" end_column="18" covered="no" />
          </ranges>
        </function>
        <function id="148744" token="0x600041d" name="&lt;BuildTargetModel&gt;b__2_17(Microsoft.EntityFrameworkCore.Metadata.Builders.EntityTypeBuilder)" namespace="AzAgroPOS.Verilenler.Migrations" type_name="BazaVeModeliSinxronlasdir.&lt;&gt;c" block_coverage="0.00" line_coverage="0.00" blocks_covered="0" blocks_not_covered="2" lines_covered="0" lines_partially_covered="0" lines_not_covered="3">
          <ranges>
            <range source_id="46" start_line="495" end_line="495" start_column="17" end_column="18" covered="no" />
            <range source_id="46" start_line="496" end_line="496" start_column="21" end_column="51" covered="no" />
            <range source_id="46" start_line="497" end_line="497" start_column="17" end_column="18" covered="no" />
          </ranges>
        </function>
        <function id="148759" token="0x600041e" name="&lt;BuildTargetModel&gt;b__2_18(Microsoft.EntityFrameworkCore.Metadata.Builders.EntityTypeBuilder)" namespace="AzAgroPOS.Verilenler.Migrations" type_name="BazaVeModeliSinxronlasdir.&lt;&gt;c" block_coverage="0.00" line_coverage="0.00" blocks_covered="0" blocks_not_covered="2" lines_covered="0" lines_partially_covered="0" lines_not_covered="3">
          <ranges>
            <range source_id="46" start_line="500" end_line="500" start_column="17" end_column="18" covered="no" />
            <range source_id="46" start_line="501" end_line="501" start_column="21" end_column="52" covered="no" />
            <range source_id="46" start_line="502" end_line="502" start_column="17" end_column="18" covered="no" />
          </ranges>
        </function>
        <function id="148796" token="0x6000421" name="&lt;Up&gt;b__0_0(Microsoft.EntityFrameworkCore.Migrations.Operations.Builders.ColumnsBuilder)" namespace="AzAgroPOS.Verilenler.Migrations" type_name="IsciIdareetmeModulu.&lt;&gt;c" block_coverage="0.00" line_coverage="0.00" blocks_covered="0" blocks_not_covered="18" lines_covered="0" lines_partially_covered="0" lines_not_covered="19">
          <ranges>
            <range source_id="47" start_line="21" end_line="39" start_column="35" end_column="18" covered="no" />
          </ranges>
        </function>
        <function id="149924" token="0x6000422" name="&lt;Up&gt;b__0_1(Microsoft.EntityFrameworkCore.Migrations.Operations.Builders.CreateTableBuilder&lt;&lt;&gt;f__AnonymousType15&lt;Microsoft.EntityFrameworkCore.Migrations.Operations.Builders.OperationBuilder&lt;Microsoft.EntityFrameworkCore.Migrations.Operations.AddColumnOperation&gt;, Microsoft.EntityFrameworkCore.Migrations.Operations.Builders.OperationBuilder&lt;Microsoft.EntityFrameworkCore.Migrations.Operations.AddColumnOperation&gt;, Microsoft.EntityFrameworkCore.Migrations.Operations.Builders.OperationBuilder&lt;Microsoft.EntityFrameworkCore.Migrations.Operations.AddColumnOperation&gt;, Microsoft.EntityFrameworkCore.Migrations.Operations.Builders.OperationBuilder&lt;Microsoft.EntityFrameworkCore.Migrations.Operations.AddColumnOperation&gt;, Microsoft.EntityFrameworkCore.Migrations.Operations.Builders.OperationBuilder&lt;Microsoft.EntityFrameworkCore.Migrations.Operations.AddColumnOperation&gt;, Microsoft.EntityFrameworkCore.Migrations.Operations.Builders.OperationBuilder&lt;Microsoft.EntityFrameworkCore.Migrations.Operations.AddColumnOperation&gt;, Microsoft.EntityFrameworkCore.Migrations.Operations.Builders.OperationBuilder&lt;Microsoft.EntityFrameworkCore.Migrations.Operations.AddColumnOperation&gt;, Microsoft.EntityFrameworkCore.Migrations.Operations.Builders.OperationBuilder&lt;Microsoft.EntityFrameworkCore.Migrations.Operations.AddColumnOperation&gt;, Microsoft.EntityFrameworkCore.Migrations.Operations.Builders.OperationBuilder&lt;Microsoft.EntityFrameworkCore.Migrations.Operations.AddColumnOperation&gt;, Microsoft.EntityFrameworkCore.Migrations.Operations.Builders.OperationBuilder&lt;Microsoft.EntityFrameworkCore.Migrations.Operations.AddColumnOperation&gt;, Microsoft.EntityFrameworkCore.Migrations.Operations.Builders.OperationBuilder&lt;Microsoft.EntityFrameworkCore.Migrations.Operations.AddColumnOperation&gt;, Microsoft.EntityFrameworkCore.Migrations.Operations.Builders.OperationBuilder&lt;Microsoft.EntityFrameworkCore.Migrations.Operations.AddColumnOperation&gt;, Microsoft.EntityFrameworkCore.Migrations.Operations.Builders.OperationBuilder&lt;Microsoft.EntityFrameworkCore.Migrations.Operations.AddColumnOperation&gt;, Microsoft.EntityFrameworkCore.Migrations.Operations.Builders.OperationBuilder&lt;Microsoft.EntityFrameworkCore.Migrations.Operations.AddColumnOperation&gt;, Microsoft.EntityFrameworkCore.Migrations.Operations.Builders.OperationBuilder&lt;Microsoft.EntityFrameworkCore.Migrations.Operations.AddColumnOperation&gt;&gt;&gt;)" namespace="AzAgroPOS.Verilenler.Migrations" type_name="IsciIdareetmeModulu.&lt;&gt;c" block_coverage="0.00" line_coverage="0.00" blocks_covered="0" blocks_not_covered="13" lines_covered="0" lines_partially_covered="0" lines_not_covered="8">
          <ranges>
            <range source_id="47" start_line="41" end_line="41" start_column="17" end_column="18" covered="no" />
            <range source_id="47" start_line="42" end_line="42" start_column="21" end_column="63" covered="no" />
            <range source_id="47" start_line="43" end_line="47" start_column="21" end_column="48" covered="no" />
            <range source_id="47" start_line="48" end_line="48" start_column="17" end_column="18" covered="no" />
          </ranges>
        </function>
        <function id="150100" token="0x6000423" name="&lt;Up&gt;b__0_2(Microsoft.EntityFrameworkCore.Migrations.Operations.Builders.ColumnsBuilder)" namespace="AzAgroPOS.Verilenler.Migrations" type_name="IsciIdareetmeModulu.&lt;&gt;c" block_coverage="0.00" line_coverage="0.00" blocks_covered="0" blocks_not_covered="14" lines_covered="0" lines_partially_covered="0" lines_not_covered="15">
          <ranges>
            <range source_id="47" start_line="52" end_line="66" start_column="35" end_column="18" covered="no" />
          </ranges>
        </function>
        <function id="150936" token="0x6000424" name="&lt;Up&gt;b__0_3(Microsoft.EntityFrameworkCore.Migrations.Operations.Builders.CreateTableBuilder&lt;&lt;&gt;f__AnonymousType16&lt;Microsoft.EntityFrameworkCore.Migrations.Operations.Builders.OperationBuilder&lt;Microsoft.EntityFrameworkCore.Migrations.Operations.AddColumnOperation&gt;, Microsoft.EntityFrameworkCore.Migrations.Operations.Builders.OperationBuilder&lt;Microsoft.EntityFrameworkCore.Migrations.Operations.AddColumnOperation&gt;, Microsoft.EntityFrameworkCore.Migrations.Operations.Builders.OperationBuilder&lt;Microsoft.EntityFrameworkCore.Migrations.Operations.AddColumnOperation&gt;, Microsoft.EntityFrameworkCore.Migrations.Operations.Builders.OperationBuilder&lt;Microsoft.EntityFrameworkCore.Migrations.Operations.AddColumnOperation&gt;, Microsoft.EntityFrameworkCore.Migrations.Operations.Builders.OperationBuilder&lt;Microsoft.EntityFrameworkCore.Migrations.Operations.AddColumnOperation&gt;, Microsoft.EntityFrameworkCore.Migrations.Operations.Builders.OperationBuilder&lt;Microsoft.EntityFrameworkCore.Migrations.Operations.AddColumnOperation&gt;, Microsoft.EntityFrameworkCore.Migrations.Operations.Builders.OperationBuilder&lt;Microsoft.EntityFrameworkCore.Migrations.Operations.AddColumnOperation&gt;, Microsoft.EntityFrameworkCore.Migrations.Operations.Builders.OperationBuilder&lt;Microsoft.EntityFrameworkCore.Migrations.Operations.AddColumnOperation&gt;, Microsoft.EntityFrameworkCore.Migrations.Operations.Builders.OperationBuilder&lt;Microsoft.EntityFrameworkCore.Migrations.Operations.AddColumnOperation&gt;, Microsoft.EntityFrameworkCore.Migrations.Operations.Builders.OperationBuilder&lt;Microsoft.EntityFrameworkCore.Migrations.Operations.AddColumnOperation&gt;, Microsoft.EntityFrameworkCore.Migrations.Operations.Builders.OperationBuilder&lt;Microsoft.EntityFrameworkCore.Migrations.Operations.AddColumnOperation&gt;&gt;&gt;)" namespace="AzAgroPOS.Verilenler.Migrations" type_name="IsciIdareetmeModulu.&lt;&gt;c" block_coverage="0.00" line_coverage="0.00" blocks_covered="0" blocks_not_covered="19" lines_covered="0" lines_partially_covered="0" lines_not_covered="15">
          <ranges>
            <range source_id="47" start_line="68" end_line="68" start_column="17" end_column="18" covered="no" />
            <range source_id="47" start_line="69" end_line="69" start_column="21" end_column="67" covered="no" />
            <range source_id="47" start_line="70" end_line="75" start_column="21" end_column="62" covered="no" />
            <range source_id="47" start_line="76" end_line="81" start_column="21" end_column="63" covered="no" />
            <range source_id="47" start_line="82" end_line="82" start_column="17" end_column="18" covered="no" />
          </ranges>
        </function>
        <function id="151200" token="0x6000425" name="&lt;Up&gt;b__0_4(Microsoft.EntityFrameworkCore.Migrations.Operations.Builders.ColumnsBuilder)" namespace="AzAgroPOS.Verilenler.Migrations" type_name="IsciIdareetmeModulu.&lt;&gt;c" block_coverage="0.00" line_coverage="0.00" blocks_covered="0" blocks_not_covered="11" lines_covered="0" lines_partially_covered="0" lines_not_covered="12">
          <ranges>
            <range source_id="47" start_line="86" end_line="97" start_column="35" end_column="18" covered="no" />
          </ranges>
        </function>
        <function id="151820" token="0x6000426" name="&lt;Up&gt;b__0_5(Microsoft.EntityFrameworkCore.Migrations.Operations.Builders.CreateTableBuilder&lt;&lt;&gt;f__AnonymousType17&lt;Microsoft.EntityFrameworkCore.Migrations.Operations.Builders.OperationBuilder&lt;Microsoft.EntityFrameworkCore.Migrations.Operations.AddColumnOperation&gt;, Microsoft.EntityFrameworkCore.Migrations.Operations.Builders.OperationBuilder&lt;Microsoft.EntityFrameworkCore.Migrations.Operations.AddColumnOperation&gt;, Microsoft.EntityFrameworkCore.Migrations.Operations.Builders.OperationBuilder&lt;Microsoft.EntityFrameworkCore.Migrations.Operations.AddColumnOperation&gt;, Microsoft.EntityFrameworkCore.Migrations.Operations.Builders.OperationBuilder&lt;Microsoft.EntityFrameworkCore.Migrations.Operations.AddColumnOperation&gt;, Microsoft.EntityFrameworkCore.Migrations.Operations.Builders.OperationBuilder&lt;Microsoft.EntityFrameworkCore.Migrations.Operations.AddColumnOperation&gt;, Microsoft.EntityFrameworkCore.Migrations.Operations.Builders.OperationBuilder&lt;Microsoft.EntityFrameworkCore.Migrations.Operations.AddColumnOperation&gt;, Microsoft.EntityFrameworkCore.Migrations.Operations.Builders.OperationBuilder&lt;Microsoft.EntityFrameworkCore.Migrations.Operations.AddColumnOperation&gt;, Microsoft.EntityFrameworkCore.Migrations.Operations.Builders.OperationBuilder&lt;Microsoft.EntityFrameworkCore.Migrations.Operations.AddColumnOperation&gt;&gt;&gt;)" namespace="AzAgroPOS.Verilenler.Migrations" type_name="IsciIdareetmeModulu.&lt;&gt;c" block_coverage="0.00" line_coverage="0.00" blocks_covered="0" blocks_not_covered="13" lines_covered="0" lines_partially_covered="0" lines_not_covered="9">
          <ranges>
            <range source_id="47" start_line="99" end_line="99" start_column="17" end_column="18" covered="no" />
            <range source_id="47" start_line="100" end_line="100" start_column="21" end_column="74" covered="no" />
            <range source_id="47" start_line="101" end_line="106" start_column="21" end_column="62" covered="no" />
            <range source_id="47" start_line="107" end_line="107" start_column="17" end_column="18" covered="no" />
          </ranges>
        </function>
        <function id="151996" token="0x6000427" name="&lt;BuildTargetModel&gt;b__2_0(Microsoft.EntityFrameworkCore.Metadata.Builders.EntityTypeBuilder)" namespace="AzAgroPOS.Verilenler.Migrations" type_name="IsciIdareetmeModulu.&lt;&gt;c" block_coverage="0.00" line_coverage="0.00" blocks_covered="0" blocks_not_covered="55" lines_covered="0" lines_partially_covered="0" lines_not_covered="81">
          <ranges>
            <range source_id="48" start_line="29" end_line="29" start_column="17" end_column="18" covered="no" />
            <range source_id="48" start_line="30" end_line="32" start_column="21" end_column="47" covered="no" />
            <range source_id="48" start_line="34" end_line="34" start_column="21" end_column="97" covered="no" />
            <range source_id="48" start_line="36" end_line="38" start_column="21" end_column="57" covered="no" />
            <range source_id="48" start_line="40" end_line="42" start_column="21" end_column="57" covered="no" />
            <range source_id="48" start_line="44" end_line="45" start_column="21" end_column="53" covered="no" />
            <range source_id="48" start_line="47" end_line="49" start_column="21" end_column="57" covered="no" />
            <range source_id="48" start_line="51" end_line="52" start_column="21" end_column="53" covered="no" />
            <range source_id="48" start_line="54" end_line="55" start_column="21" end_column="58" covered="no" />
            <range source_id="48" start_line="57" end_line="59" start_column="21" end_column="57" covered="no" />
            <range source_id="48" start_line="61" end_line="62" start_column="21" end_column="47" covered="no" />
            <range source_id="48" start_line="64" end_line="65" start_column="21" end_column="47" covered="no" />
            <range source_id="48" start_line="67" end_line="69" start_column="21" end_column="57" covered="no" />
            <range source_id="48" start_line="71" end_line="73" start_column="21" end_column="57" covered="no" />
            <range source_id="48" start_line="75" end_line="77" start_column="21" end_column="57" covered="no" />
            <range source_id="48" start_line="79" end_line="81" start_column="21" end_column="57" covered="no" />
            <range source_id="48" start_line="83" end_line="85" start_column="21" end_column="57" covered="no" />
            <range source_id="48" start_line="87" end_line="87" start_column="21" end_column="36" covered="no" />
            <range source_id="48" start_line="89" end_line="89" start_column="21" end_column="56" covered="no" />
            <range source_id="48" start_line="91" end_line="91" start_column="21" end_column="42" covered="no" />
            <range source_id="48" start_line="93" end_line="127" start_column="21" end_column="28" covered="no" />
            <range source_id="48" start_line="128" end_line="128" start_column="17" end_column="18" covered="no" />
          </ranges>
        </function>
        <function id="152696" token="0x6000428" name="&lt;BuildTargetModel&gt;b__2_1(Microsoft.EntityFrameworkCore.Metadata.Builders.EntityTypeBuilder)" namespace="AzAgroPOS.Verilenler.Migrations" type_name="IsciIdareetmeModulu.&lt;&gt;c" block_coverage="0.00" line_coverage="0.00" blocks_covered="0" blocks_not_covered="32" lines_covered="0" lines_partially_covered="0" lines_not_covered="32">
          <ranges>
            <range source_id="48" start_line="131" end_line="131" start_column="17" end_column="18" covered="no" />
            <range source_id="48" start_line="132" end_line="134" start_column="21" end_column="47" covered="no" />
            <range source_id="48" start_line="136" end_line="136" start_column="21" end_column="97" covered="no" />
            <range source_id="48" start_line="138" end_line="139" start_column="21" end_column="53" covered="no" />
            <range source_id="48" start_line="141" end_line="142" start_column="21" end_column="53" covered="no" />
            <range source_id="48" start_line="144" end_line="145" start_column="21" end_column="47" covered="no" />
            <range source_id="48" start_line="147" end_line="148" start_column="21" end_column="47" covered="no" />
            <range source_id="48" start_line="150" end_line="151" start_column="21" end_column="47" covered="no" />
            <range source_id="48" start_line="153" end_line="155" start_column="21" end_column="57" covered="no" />
            <range source_id="48" start_line="157" end_line="159" start_column="21" end_column="57" covered="no" />
            <range source_id="48" start_line="161" end_line="162" start_column="21" end_column="47" covered="no" />
            <range source_id="48" start_line="164" end_line="165" start_column="21" end_column="47" covered="no" />
            <range source_id="48" start_line="167" end_line="168" start_column="21" end_column="53" covered="no" />
            <range source_id="48" start_line="170" end_line="170" start_column="21" end_column="36" covered="no" />
            <range source_id="48" start_line="172" end_line="172" start_column="21" end_column="42" covered="no" />
            <range source_id="48" start_line="174" end_line="174" start_column="21" end_column="52" covered="no" />
            <range source_id="48" start_line="176" end_line="176" start_column="21" end_column="46" covered="no" />
            <range source_id="48" start_line="177" end_line="177" start_column="17" end_column="18" covered="no" />
          </ranges>
        </function>
        <function id="153064" token="0x6000429" name="&lt;BuildTargetModel&gt;b__2_2(Microsoft.EntityFrameworkCore.Metadata.Builders.EntityTypeBuilder)" namespace="AzAgroPOS.Verilenler.Migrations" type_name="IsciIdareetmeModulu.&lt;&gt;c" block_coverage="0.00" line_coverage="0.00" blocks_covered="0" blocks_not_covered="27" lines_covered="0" lines_partially_covered="0" lines_not_covered="27">
          <ranges>
            <range source_id="48" start_line="180" end_line="180" start_column="17" end_column="18" covered="no" />
            <range source_id="48" start_line="181" end_line="183" start_column="21" end_column="47" covered="no" />
            <range source_id="48" start_line="185" end_line="185" start_column="21" end_column="97" covered="no" />
            <range source_id="48" start_line="187" end_line="189" start_column="21" end_column="57" covered="no" />
            <range source_id="48" start_line="191" end_line="192" start_column="21" end_column="47" covered="no" />
            <range source_id="48" start_line="194" end_line="196" start_column="21" end_column="57" covered="no" />
            <range source_id="48" start_line="198" end_line="200" start_column="21" end_column="57" covered="no" />
            <range source_id="48" start_line="202" end_line="203" start_column="21" end_column="47" covered="no" />
            <range source_id="48" start_line="205" end_line="206" start_column="21" end_column="53" covered="no" />
            <range source_id="48" start_line="208" end_line="210" start_column="21" end_column="57" covered="no" />
            <range source_id="48" start_line="212" end_line="212" start_column="21" end_column="36" covered="no" />
            <range source_id="48" start_line="214" end_line="214" start_column="21" end_column="42" covered="no" />
            <range source_id="48" start_line="216" end_line="216" start_column="21" end_column="53" covered="no" />
            <range source_id="48" start_line="217" end_line="217" start_column="17" end_column="18" covered="no" />
          </ranges>
        </function>
        <function id="153360" token="0x600042a" name="&lt;BuildTargetModel&gt;b__2_3(Microsoft.EntityFrameworkCore.Metadata.Builders.EntityTypeBuilder)" namespace="AzAgroPOS.Verilenler.Migrations" type_name="IsciIdareetmeModulu.&lt;&gt;c" block_coverage="0.00" line_coverage="0.00" blocks_covered="0" blocks_not_covered="22" lines_covered="0" lines_partially_covered="0" lines_not_covered="29">
          <ranges>
            <range source_id="48" start_line="220" end_line="220" start_column="17" end_column="18" covered="no" />
            <range source_id="48" start_line="221" end_line="223" start_column="21" end_column="47" covered="no" />
            <range source_id="48" start_line="225" end_line="225" start_column="21" end_column="97" covered="no" />
            <range source_id="48" start_line="227" end_line="229" start_column="21" end_column="57" covered="no" />
            <range source_id="48" start_line="231" end_line="233" start_column="21" end_column="57" covered="no" />
            <range source_id="48" start_line="235" end_line="236" start_column="21" end_column="47" covered="no" />
            <range source_id="48" start_line="238" end_line="240" start_column="21" end_column="57" covered="no" />
            <range source_id="48" start_line="242" end_line="242" start_column="21" end_column="36" covered="no" />
            <range source_id="48" start_line="244" end_line="244" start_column="21" end_column="41" covered="no" />
            <range source_id="48" start_line="246" end_line="246" start_column="21" end_column="48" covered="no" />
            <range source_id="48" start_line="248" end_line="256" start_column="21" end_column="28" covered="no" />
            <range source_id="48" start_line="257" end_line="257" start_column="17" end_column="18" covered="no" />
          </ranges>
        </function>
        <function id="153620" token="0x600042b" name="&lt;BuildTargetModel&gt;b__2_4(Microsoft.EntityFrameworkCore.Metadata.Builders.EntityTypeBuilder)" namespace="AzAgroPOS.Verilenler.Migrations" type_name="IsciIdareetmeModulu.&lt;&gt;c" block_coverage="0.00" line_coverage="0.00" blocks_covered="0" blocks_not_covered="39" lines_covered="0" lines_partially_covered="0" lines_not_covered="72">
          <ranges>
            <range source_id="48" start_line="260" end_line="260" start_column="17" end_column="18" covered="no" />
            <range source_id="48" start_line="261" end_line="263" start_column="21" end_column="47" covered="no" />
            <range source_id="48" start_line="265" end_line="265" start_column="21" end_column="97" covered="no" />
            <range source_id="48" start_line="267" end_line="269" start_column="21" end_column="57" covered="no" />
            <range source_id="48" start_line="271" end_line="272" start_column="21" end_column="47" covered="no" />
            <range source_id="48" start_line="274" end_line="275" start_column="21" end_column="58" covered="no" />
            <range source_id="48" start_line="277" end_line="278" start_column="21" end_column="57" covered="no" />
            <range source_id="48" start_line="280" end_line="281" start_column="21" end_column="47" covered="no" />
            <range source_id="48" start_line="283" end_line="284" start_column="21" end_column="47" covered="no" />
            <range source_id="48" start_line="286" end_line="287" start_column="21" end_column="58" covered="no" />
            <range source_id="48" start_line="289" end_line="290" start_column="21" end_column="57" covered="no" />
            <range source_id="48" start_line="292" end_line="293" start_column="21" end_column="58" covered="no" />
            <range source_id="48" start_line="295" end_line="296" start_column="21" end_column="58" covered="no" />
            <range source_id="48" start_line="298" end_line="298" start_column="21" end_column="36" covered="no" />
            <range source_id="48" start_line="300" end_line="300" start_column="21" end_column="44" covered="no" />
            <range source_id="48" start_line="302" end_line="344" start_column="21" end_column="28" covered="no" />
            <range source_id="48" start_line="345" end_line="345" start_column="17" end_column="18" covered="no" />
          </ranges>
        </function>
        <function id="154148" token="0x600042c" name="&lt;BuildTargetModel&gt;b__2_5(Microsoft.EntityFrameworkCore.Metadata.Builders.EntityTypeBuilder)" namespace="AzAgroPOS.Verilenler.Migrations" type_name="IsciIdareetmeModulu.&lt;&gt;c" block_coverage="0.00" line_coverage="0.00" blocks_covered="0" blocks_not_covered="20" lines_covered="0" lines_partially_covered="0" lines_not_covered="20">
          <ranges>
            <range source_id="48" start_line="348" end_line="348" start_column="17" end_column="18" covered="no" />
            <range source_id="48" start_line="349" end_line="351" start_column="21" end_column="47" covered="no" />
            <range source_id="48" start_line="353" end_line="353" start_column="21" end_column="97" covered="no" />
            <range source_id="48" start_line="355" end_line="356" start_column="21" end_column="57" covered="no" />
            <range source_id="48" start_line="358" end_line="360" start_column="21" end_column="57" covered="no" />
            <range source_id="48" start_line="362" end_line="364" start_column="21" end_column="57" covered="no" />
            <range source_id="48" start_line="366" end_line="367" start_column="21" end_column="58" covered="no" />
            <range source_id="48" start_line="369" end_line="370" start_column="21" end_column="57" covered="no" />
            <range source_id="48" start_line="372" end_line="372" start_column="21" end_column="36" covered="no" />
            <range source_id="48" start_line="374" end_line="374" start_column="21" end_column="45" covered="no" />
            <range source_id="48" start_line="375" end_line="375" start_column="17" end_column="18" covered="no" />
          </ranges>
        </function>
        <function id="154364" token="0x600042d" name="&lt;BuildTargetModel&gt;b__2_6(Microsoft.EntityFrameworkCore.Metadata.Builders.EntityTypeBuilder)" namespace="AzAgroPOS.Verilenler.Migrations" type_name="IsciIdareetmeModulu.&lt;&gt;c" block_coverage="0.00" line_coverage="0.00" blocks_covered="0" blocks_not_covered="22" lines_covered="0" lines_partially_covered="0" lines_not_covered="22">
          <ranges>
            <range source_id="48" start_line="378" end_line="378" start_column="17" end_column="18" covered="no" />
            <range source_id="48" start_line="379" end_line="381" start_column="21" end_column="47" covered="no" />
            <range source_id="48" start_line="383" end_line="383" start_column="21" end_column="97" covered="no" />
            <range source_id="48" start_line="385" end_line="386" start_column="21" end_column="47" covered="no" />
            <range source_id="48" start_line="388" end_line="389" start_column="21" end_column="58" covered="no" />
            <range source_id="48" start_line="391" end_line="392" start_column="21" end_column="47" covered="no" />
            <range source_id="48" start_line="394" end_line="395" start_column="21" end_column="57" covered="no" />
            <range source_id="48" start_line="397" end_line="398" start_column="21" end_column="47" covered="no" />
            <range source_id="48" start_line="400" end_line="401" start_column="21" end_column="53" covered="no" />
            <range source_id="48" start_line="403" end_line="403" start_column="21" end_column="36" covered="no" />
            <range source_id="48" start_line="405" end_line="405" start_column="21" end_column="45" covered="no" />
            <range source_id="48" start_line="407" end_line="407" start_column="21" end_column="43" covered="no" />
            <range source_id="48" start_line="409" end_line="409" start_column="21" end_column="51" covered="no" />
            <range source_id="48" start_line="410" end_line="410" start_column="17" end_column="18" covered="no" />
          </ranges>
        </function>
        <function id="154632" token="0x600042e" name="&lt;BuildTargetModel&gt;b__2_7(Microsoft.EntityFrameworkCore.Metadata.Builders.EntityTypeBuilder)" namespace="AzAgroPOS.Verilenler.Migrations" type_name="IsciIdareetmeModulu.&lt;&gt;c" block_coverage="0.00" line_coverage="0.00" blocks_covered="0" blocks_not_covered="23" lines_covered="0" lines_partially_covered="0" lines_not_covered="23">
          <ranges>
            <range source_id="48" start_line="413" end_line="413" start_column="17" end_column="18" covered="no" />
            <range source_id="48" start_line="414" end_line="416" start_column="21" end_column="47" covered="no" />
            <range source_id="48" start_line="418" end_line="418" start_column="21" end_column="97" covered="no" />
            <range source_id="48" start_line="420" end_line="421" start_column="21" end_column="53" covered="no" />
            <range source_id="48" start_line="423" end_line="424" start_column="21" end_column="53" covered="no" />
            <range source_id="48" start_line="426" end_line="427" start_column="21" end_column="58" covered="no" />
            <range source_id="48" start_line="429" end_line="430" start_column="21" end_column="58" covered="no" />
            <range source_id="48" start_line="432" end_line="433" start_column="21" end_column="58" covered="no" />
            <range source_id="48" start_line="435" end_line="436" start_column="21" end_column="47" covered="no" />
            <range source_id="48" start_line="438" end_line="439" start_column="21" end_column="47" covered="no" />
            <range source_id="48" start_line="441" end_line="441" start_column="21" end_column="36" covered="no" />
            <range source_id="48" start_line="443" end_line="443" start_column="21" end_column="42" covered="no" />
            <range source_id="48" start_line="445" end_line="445" start_column="21" end_column="43" covered="no" />
            <range source_id="48" start_line="446" end_line="446" start_column="17" end_column="18" covered="no" />
          </ranges>
        </function>
        <function id="154904" token="0x600042f" name="&lt;BuildTargetModel&gt;b__2_8(Microsoft.EntityFrameworkCore.Metadata.Builders.EntityTypeBuilder)" namespace="AzAgroPOS.Verilenler.Migrations" type_name="IsciIdareetmeModulu.&lt;&gt;c" block_coverage="0.00" line_coverage="0.00" blocks_covered="0" blocks_not_covered="14" lines_covered="0" lines_partially_covered="0" lines_not_covered="22">
          <ranges>
            <range source_id="48" start_line="449" end_line="449" start_column="17" end_column="18" covered="no" />
            <range source_id="48" start_line="450" end_line="452" start_column="21" end_column="47" covered="no" />
            <range source_id="48" start_line="454" end_line="454" start_column="21" end_column="97" covered="no" />
            <range source_id="48" start_line="456" end_line="458" start_column="21" end_column="57" covered="no" />
            <range source_id="48" start_line="460" end_line="460" start_column="21" end_column="36" covered="no" />
            <range source_id="48" start_line="462" end_line="462" start_column="21" end_column="41" covered="no" />
            <range source_id="48" start_line="464" end_line="474" start_column="21" end_column="28" covered="no" />
            <range source_id="48" start_line="475" end_line="475" start_column="17" end_column="18" covered="no" />
          </ranges>
        </function>
        <function id="155068" token="0x6000430" name="&lt;BuildTargetModel&gt;b__2_9(Microsoft.EntityFrameworkCore.Metadata.Builders.EntityTypeBuilder)" namespace="AzAgroPOS.Verilenler.Migrations" type_name="IsciIdareetmeModulu.&lt;&gt;c" block_coverage="0.00" line_coverage="0.00" blocks_covered="0" blocks_not_covered="20" lines_covered="0" lines_partially_covered="0" lines_not_covered="20">
          <ranges>
            <range source_id="48" start_line="478" end_line="478" start_column="17" end_column="18" covered="no" />
            <range source_id="48" start_line="479" end_line="481" start_column="21" end_column="47" covered="no" />
            <range source_id="48" start_line="483" end_line="483" start_column="21" end_column="97" covered="no" />
            <range source_id="48" start_line="485" end_line="486" start_column="21" end_column="47" covered="no" />
            <range source_id="48" start_line="488" end_line="489" start_column="21" end_column="47" covered="no" />
            <range source_id="48" start_line="491" end_line="492" start_column="21" end_column="47" covered="no" />
            <range source_id="48" start_line="494" end_line="495" start_column="21" end_column="53" covered="no" />
            <range source_id="48" start_line="497" end_line="498" start_column="21" end_column="58" covered="no" />
            <range source_id="48" start_line="500" end_line="500" start_column="21" end_column="36" covered="no" />
            <range source_id="48" start_line="502" end_line="502" start_column="21" end_column="45" covered="no" />
            <range source_id="48" start_line="504" end_line="504" start_column="21" end_column="43" covered="no" />
            <range source_id="48" start_line="506" end_line="506" start_column="21" end_column="43" covered="no" />
            <range source_id="48" start_line="507" end_line="507" start_column="17" end_column="18" covered="no" />
          </ranges>
        </function>
        <function id="155316" token="0x6000431" name="&lt;BuildTargetModel&gt;b__2_10(Microsoft.EntityFrameworkCore.Metadata.Builders.EntityTypeBuilder)" namespace="AzAgroPOS.Verilenler.Migrations" type_name="IsciIdareetmeModulu.&lt;&gt;c" block_coverage="0.00" line_coverage="0.00" blocks_covered="0" blocks_not_covered="20" lines_covered="0" lines_partially_covered="0" lines_not_covered="20">
          <ranges>
            <range source_id="48" start_line="510" end_line="510" start_column="17" end_column="18" covered="no" />
            <range source_id="48" start_line="511" end_line="513" start_column="21" end_column="47" covered="no" />
            <range source_id="48" start_line="515" end_line="515" start_column="21" end_column="97" covered="no" />
            <range source_id="48" start_line="517" end_line="518" start_column="21" end_column="47" covered="no" />
            <range source_id="48" start_line="520" end_line="521" start_column="21" end_column="57" covered="no" />
            <range source_id="48" start_line="523" end_line="524" start_column="21" end_column="58" covered="no" />
            <range source_id="48" start_line="526" end_line="527" start_column="21" end_column="47" covered="no" />
            <range source_id="48" start_line="529" end_line="530" start_column="21" end_column="57" covered="no" />
            <range source_id="48" start_line="532" end_line="532" start_column="21" end_column="36" covered="no" />
            <range source_id="48" start_line="534" end_line="534" start_column="21" end_column="44" covered="no" />
            <range source_id="48" start_line="536" end_line="536" start_column="21" end_column="43" covered="no" />
            <range source_id="48" start_line="538" end_line="538" start_column="21" end_column="49" covered="no" />
            <range source_id="48" start_line="539" end_line="539" start_column="17" end_column="18" covered="no" />
          </ranges>
        </function>
        <function id="155564" token="0x6000432" name="&lt;BuildTargetModel&gt;b__2_11(Microsoft.EntityFrameworkCore.Metadata.Builders.EntityTypeBuilder)" namespace="AzAgroPOS.Verilenler.Migrations" type_name="IsciIdareetmeModulu.&lt;&gt;c" block_coverage="0.00" line_coverage="0.00" blocks_covered="0" blocks_not_covered="33" lines_covered="0" lines_partially_covered="0" lines_not_covered="33">
          <ranges>
            <range source_id="48" start_line="542" end_line="542" start_column="17" end_column="18" covered="no" />
            <range source_id="48" start_line="543" end_line="545" start_column="21" end_column="47" covered="no" />
            <range source_id="48" start_line="547" end_line="547" start_column="21" end_column="97" covered="no" />
            <range source_id="48" start_line="549" end_line="551" start_column="21" end_column="57" covered="no" />
            <range source_id="48" start_line="553" end_line="554" start_column="21" end_column="47" covered="no" />
            <range source_id="48" start_line="556" end_line="558" start_column="21" end_column="57" covered="no" />
            <range source_id="48" start_line="560" end_line="562" start_column="21" end_column="57" covered="no" />
            <range source_id="48" start_line="564" end_line="566" start_column="21" end_column="57" covered="no" />
            <range source_id="48" start_line="568" end_line="569" start_column="21" end_column="53" covered="no" />
            <range source_id="48" start_line="571" end_line="572" start_column="21" end_column="47" covered="no" />
            <range source_id="48" start_line="574" end_line="575" start_column="21" end_column="53" covered="no" />
            <range source_id="48" start_line="577" end_line="578" start_column="21" end_column="58" covered="no" />
            <range source_id="48" start_line="580" end_line="581" start_column="21" end_column="58" covered="no" />
            <range source_id="48" start_line="583" end_line="583" start_column="21" end_column="36" covered="no" />
            <range source_id="48" start_line="585" end_line="585" start_column="21" end_column="42" covered="no" />
            <range source_id="48" start_line="587" end_line="587" start_column="21" end_column="51" covered="no" />
            <range source_id="48" start_line="588" end_line="588" start_column="17" end_column="18" covered="no" />
          </ranges>
        </function>
        <function id="155923" token="0x6000433" name="&lt;BuildTargetModel&gt;b__2_12(Microsoft.EntityFrameworkCore.Metadata.Builders.EntityTypeBuilder)" namespace="AzAgroPOS.Verilenler.Migrations" type_name="IsciIdareetmeModulu.&lt;&gt;c" block_coverage="0.00" line_coverage="0.00" blocks_covered="0" blocks_not_covered="5" lines_covered="0" lines_partially_covered="0" lines_not_covered="6">
          <ranges>
            <range source_id="48" start_line="591" end_line="591" start_column="17" end_column="18" covered="no" />
            <range source_id="48" start_line="592" end_line="594" start_column="21" end_column="64" covered="no" />
            <range source_id="48" start_line="596" end_line="596" start_column="21" end_column="56" covered="no" />
            <range source_id="48" start_line="597" end_line="597" start_column="17" end_column="18" covered="no" />
          </ranges>
        </function>
        <function id="155980" token="0x6000434" name="&lt;BuildTargetModel&gt;b__2_13(Microsoft.EntityFrameworkCore.Metadata.Builders.EntityTypeBuilder)" namespace="AzAgroPOS.Verilenler.Migrations" type_name="IsciIdareetmeModulu.&lt;&gt;c" block_coverage="0.00" line_coverage="0.00" blocks_covered="0" blocks_not_covered="12" lines_covered="0" lines_partially_covered="0" lines_not_covered="13">
          <ranges>
            <range source_id="48" start_line="600" end_line="600" start_column="17" end_column="18" covered="no" />
            <range source_id="48" start_line="601" end_line="605" start_column="21" end_column="39" covered="no" />
            <range source_id="48" start_line="607" end_line="610" start_column="21" end_column="60" covered="no" />
            <range source_id="48" start_line="612" end_line="612" start_column="21" end_column="42" covered="no" />
            <range source_id="48" start_line="614" end_line="614" start_column="21" end_column="52" covered="no" />
            <range source_id="48" start_line="615" end_line="615" start_column="17" end_column="18" covered="no" />
          </ranges>
        </function>
        <function id="156124" token="0x6000435" name="&lt;BuildTargetModel&gt;b__2_14(Microsoft.EntityFrameworkCore.Metadata.Builders.EntityTypeBuilder)" namespace="AzAgroPOS.Verilenler.Migrations" type_name="IsciIdareetmeModulu.&lt;&gt;c" block_coverage="0.00" line_coverage="0.00" blocks_covered="0" blocks_not_covered="7" lines_covered="0" lines_partially_covered="0" lines_not_covered="8">
          <ranges>
            <range source_id="48" start_line="618" end_line="618" start_column="17" end_column="18" covered="no" />
            <range source_id="48" start_line="619" end_line="623" start_column="21" end_column="39" covered="no" />
            <range source_id="48" start_line="625" end_line="625" start_column="21" end_column="42" covered="no" />
            <range source_id="48" start_line="626" end_line="626" start_column="17" end_column="18" covered="no" />
          </ranges>
        </function>
        <function id="156208" token="0x6000436" name="&lt;BuildTargetModel&gt;b__2_15(Microsoft.EntityFrameworkCore.Metadata.Builders.EntityTypeBuilder)" namespace="AzAgroPOS.Verilenler.Migrations" type_name="IsciIdareetmeModulu.&lt;&gt;c" block_coverage="0.00" line_coverage="0.00" blocks_covered="0" blocks_not_covered="7" lines_covered="0" lines_partially_covered="0" lines_not_covered="8">
          <ranges>
            <range source_id="48" start_line="629" end_line="629" start_column="17" end_column="18" covered="no" />
            <range source_id="48" start_line="630" end_line="634" start_column="21" end_column="39" covered="no" />
            <range source_id="48" start_line="636" end_line="636" start_column="21" end_column="41" covered="no" />
            <range source_id="48" start_line="637" end_line="637" start_column="17" end_column="18" covered="no" />
          </ranges>
        </function>
        <function id="156292" token="0x6000437" name="&lt;BuildTargetModel&gt;b__2_16(Microsoft.EntityFrameworkCore.Metadata.Builders.EntityTypeBuilder)" namespace="AzAgroPOS.Verilenler.Migrations" type_name="IsciIdareetmeModulu.&lt;&gt;c" block_coverage="0.00" line_coverage="0.00" blocks_covered="0" blocks_not_covered="11" lines_covered="0" lines_partially_covered="0" lines_not_covered="12">
          <ranges>
            <range source_id="48" start_line="640" end_line="640" start_column="17" end_column="18" covered="no" />
            <range source_id="48" start_line="641" end_line="645" start_column="21" end_column="39" covered="no" />
            <range source_id="48" start_line="647" end_line="649" start_column="21" end_column="51" covered="no" />
            <range source_id="48" start_line="651" end_line="651" start_column="21" end_column="45" covered="no" />
            <range source_id="48" start_line="653" end_line="653" start_column="21" end_column="43" covered="no" />
            <range source_id="48" start_line="654" end_line="654" start_column="17" end_column="18" covered="no" />
          </ranges>
        </function>
        <function id="156428" token="0x6000438" name="&lt;BuildTargetModel&gt;b__2_17(Microsoft.EntityFrameworkCore.Metadata.Builders.EntityTypeBuilder)" namespace="AzAgroPOS.Verilenler.Migrations" type_name="IsciIdareetmeModulu.&lt;&gt;c" block_coverage="0.00" line_coverage="0.00" blocks_covered="0" blocks_not_covered="7" lines_covered="0" lines_partially_covered="0" lines_not_covered="8">
          <ranges>
            <range source_id="48" start_line="657" end_line="657" start_column="17" end_column="18" covered="no" />
            <range source_id="48" start_line="658" end_line="662" start_column="21" end_column="39" covered="no" />
            <range source_id="48" start_line="664" end_line="664" start_column="21" end_column="42" covered="no" />
            <range source_id="48" start_line="665" end_line="665" start_column="17" end_column="18" covered="no" />
          </ranges>
        </function>
        <function id="156512" token="0x6000439" name="&lt;BuildTargetModel&gt;b__2_18(Microsoft.EntityFrameworkCore.Metadata.Builders.EntityTypeBuilder)" namespace="AzAgroPOS.Verilenler.Migrations" type_name="IsciIdareetmeModulu.&lt;&gt;c" block_coverage="0.00" line_coverage="0.00" blocks_covered="0" blocks_not_covered="11" lines_covered="0" lines_partially_covered="0" lines_not_covered="12">
          <ranges>
            <range source_id="48" start_line="668" end_line="668" start_column="17" end_column="18" covered="no" />
            <range source_id="48" start_line="669" end_line="671" start_column="21" end_column="53" covered="no" />
            <range source_id="48" start_line="673" end_line="677" start_column="21" end_column="39" covered="no" />
            <range source_id="48" start_line="679" end_line="679" start_column="21" end_column="45" covered="no" />
            <range source_id="48" start_line="681" end_line="681" start_column="21" end_column="43" covered="no" />
            <range source_id="48" start_line="682" end_line="682" start_column="17" end_column="18" covered="no" />
          </ranges>
        </function>
        <function id="156652" token="0x600043a" name="&lt;BuildTargetModel&gt;b__2_19(Microsoft.EntityFrameworkCore.Metadata.Builders.EntityTypeBuilder)" namespace="AzAgroPOS.Verilenler.Migrations" type_name="IsciIdareetmeModulu.&lt;&gt;c" block_coverage="0.00" line_coverage="0.00" blocks_covered="0" blocks_not_covered="13" lines_covered="0" lines_partially_covered="0" lines_not_covered="14">
          <ranges>
            <range source_id="48" start_line="685" end_line="685" start_column="17" end_column="18" covered="no" />
            <range source_id="48" start_line="686" end_line="690" start_column="21" end_column="39" covered="no" />
            <range source_id="48" start_line="692" end_line="696" start_column="21" end_column="39" covered="no" />
            <range source_id="48" start_line="698" end_line="698" start_column="21" end_column="44" covered="no" />
            <range source_id="48" start_line="700" end_line="700" start_column="21" end_column="43" covered="no" />
            <range source_id="48" start_line="701" end_line="701" start_column="17" end_column="18" covered="no" />
          </ranges>
        </function>
        <function id="156804" token="0x600043b" name="&lt;BuildTargetModel&gt;b__2_20(Microsoft.EntityFrameworkCore.Metadata.Builders.EntityTypeBuilder)" namespace="AzAgroPOS.Verilenler.Migrations" type_name="IsciIdareetmeModulu.&lt;&gt;c" block_coverage="0.00" line_coverage="0.00" blocks_covered="0" blocks_not_covered="6" lines_covered="0" lines_partially_covered="0" lines_not_covered="7">
          <ranges>
            <range source_id="48" start_line="704" end_line="704" start_column="17" end_column="18" covered="no" />
            <range source_id="48" start_line="705" end_line="708" start_column="21" end_column="60" covered="no" />
            <range source_id="48" start_line="710" end_line="710" start_column="21" end_column="42" covered="no" />
            <range source_id="48" start_line="711" end_line="711" start_column="17" end_column="18" covered="no" />
          </ranges>
        </function>
        <function id="156882" token="0x600043c" name="&lt;BuildTargetModel&gt;b__2_21(Microsoft.EntityFrameworkCore.Metadata.Builders.EntityTypeBuilder)" namespace="AzAgroPOS.Verilenler.Migrations" type_name="IsciIdareetmeModulu.&lt;&gt;c" block_coverage="0.00" line_coverage="0.00" blocks_covered="0" blocks_not_covered="3" lines_covered="0" lines_partially_covered="0" lines_not_covered="4">
          <ranges>
            <range source_id="48" start_line="714" end_line="714" start_column="17" end_column="18" covered="no" />
            <range source_id="48" start_line="715" end_line="715" start_column="21" end_column="50" covered="no" />
            <range source_id="48" start_line="717" end_line="717" start_column="21" end_column="56" covered="no" />
            <range source_id="48" start_line="718" end_line="718" start_column="17" end_column="18" covered="no" />
          </ranges>
        </function>
        <function id="156909" token="0x600043d" name="&lt;BuildTargetModel&gt;b__2_22(Microsoft.EntityFrameworkCore.Metadata.Builders.EntityTypeBuilder)" namespace="AzAgroPOS.Verilenler.Migrations" type_name="IsciIdareetmeModulu.&lt;&gt;c" block_coverage="0.00" line_coverage="0.00" blocks_covered="0" blocks_not_covered="3" lines_covered="0" lines_partially_covered="0" lines_not_covered="4">
          <ranges>
            <range source_id="48" start_line="721" end_line="721" start_column="17" end_column="18" covered="no" />
            <range source_id="48" start_line="722" end_line="722" start_column="21" end_column="46" covered="no" />
            <range source_id="48" start_line="724" end_line="724" start_column="21" end_column="54" covered="no" />
            <range source_id="48" start_line="725" end_line="725" start_column="17" end_column="18" covered="no" />
          </ranges>
        </function>
        <function id="156936" token="0x600043e" name="&lt;BuildTargetModel&gt;b__2_23(Microsoft.EntityFrameworkCore.Metadata.Builders.EntityTypeBuilder)" namespace="AzAgroPOS.Verilenler.Migrations" type_name="IsciIdareetmeModulu.&lt;&gt;c" block_coverage="0.00" line_coverage="0.00" blocks_covered="0" blocks_not_covered="2" lines_covered="0" lines_partially_covered="0" lines_not_covered="3">
          <ranges>
            <range source_id="48" start_line="728" end_line="728" start_column="17" end_column="18" covered="no" />
            <range source_id="48" start_line="729" end_line="729" start_column="21" end_column="46" covered="no" />
            <range source_id="48" start_line="730" end_line="730" start_column="17" end_column="18" covered="no" />
          </ranges>
        </function>
        <function id="156951" token="0x600043f" name="&lt;BuildTargetModel&gt;b__2_24(Microsoft.EntityFrameworkCore.Metadata.Builders.EntityTypeBuilder)" namespace="AzAgroPOS.Verilenler.Migrations" type_name="IsciIdareetmeModulu.&lt;&gt;c" block_coverage="0.00" line_coverage="0.00" blocks_covered="0" blocks_not_covered="2" lines_covered="0" lines_partially_covered="0" lines_not_covered="3">
          <ranges>
            <range source_id="48" start_line="733" end_line="733" start_column="17" end_column="18" covered="no" />
            <range source_id="48" start_line="734" end_line="734" start_column="21" end_column="51" covered="no" />
            <range source_id="48" start_line="735" end_line="735" start_column="17" end_column="18" covered="no" />
          </ranges>
        </function>
        <function id="156966" token="0x6000440" name="&lt;BuildTargetModel&gt;b__2_25(Microsoft.EntityFrameworkCore.Metadata.Builders.EntityTypeBuilder)" namespace="AzAgroPOS.Verilenler.Migrations" type_name="IsciIdareetmeModulu.&lt;&gt;c" block_coverage="0.00" line_coverage="0.00" blocks_covered="0" blocks_not_covered="2" lines_covered="0" lines_partially_covered="0" lines_not_covered="3">
          <ranges>
            <range source_id="48" start_line="738" end_line="738" start_column="17" end_column="18" covered="no" />
            <range source_id="48" start_line="739" end_line="739" start_column="21" end_column="52" covered="no" />
            <range source_id="48" start_line="740" end_line="740" start_column="17" end_column="18" covered="no" />
          </ranges>
        </function>
        <function id="157004" token="0x6000443" name="&lt;Up&gt;b__0_0(Microsoft.EntityFrameworkCore.Migrations.Operations.Builders.ColumnsBuilder)" namespace="AzAgroPOS.Verilenler.Migrations" type_name="TedarukcuAlisModuluDuzelis2.&lt;&gt;c" block_coverage="0.00" line_coverage="0.00" blocks_covered="0" blocks_not_covered="11" lines_covered="0" lines_partially_covered="0" lines_not_covered="12">
          <ranges>
            <range source_id="49" start_line="17" end_line="28" start_column="35" end_column="18" covered="no" />
          </ranges>
        </function>
        <function id="157624" token="0x6000444" name="&lt;Up&gt;b__0_1(Microsoft.EntityFrameworkCore.Migrations.Operations.Builders.CreateTableBuilder&lt;&lt;&gt;f__AnonymousType19&lt;Microsoft.EntityFrameworkCore.Migrations.Operations.Builders.OperationBuilder&lt;Microsoft.EntityFrameworkCore.Migrations.Operations.AddColumnOperation&gt;, Microsoft.EntityFrameworkCore.Migrations.Operations.Builders.OperationBuilder&lt;Microsoft.EntityFrameworkCore.Migrations.Operations.AddColumnOperation&gt;, Microsoft.EntityFrameworkCore.Migrations.Operations.Builders.OperationBuilder&lt;Microsoft.EntityFrameworkCore.Migrations.Operations.AddColumnOperation&gt;, Microsoft.EntityFrameworkCore.Migrations.Operations.Builders.OperationBuilder&lt;Microsoft.EntityFrameworkCore.Migrations.Operations.AddColumnOperation&gt;, Microsoft.EntityFrameworkCore.Migrations.Operations.Builders.OperationBuilder&lt;Microsoft.EntityFrameworkCore.Migrations.Operations.AddColumnOperation&gt;, Microsoft.EntityFrameworkCore.Migrations.Operations.Builders.OperationBuilder&lt;Microsoft.EntityFrameworkCore.Migrations.Operations.AddColumnOperation&gt;, Microsoft.EntityFrameworkCore.Migrations.Operations.Builders.OperationBuilder&lt;Microsoft.EntityFrameworkCore.Migrations.Operations.AddColumnOperation&gt;, Microsoft.EntityFrameworkCore.Migrations.Operations.Builders.OperationBuilder&lt;Microsoft.EntityFrameworkCore.Migrations.Operations.AddColumnOperation&gt;&gt;&gt;)" namespace="AzAgroPOS.Verilenler.Migrations" type_name="TedarukcuAlisModuluDuzelis2.&lt;&gt;c" block_coverage="0.00" line_coverage="0.00" blocks_covered="0" blocks_not_covered="7" lines_covered="0" lines_partially_covered="0" lines_not_covered="3">
          <ranges>
            <range source_id="49" start_line="30" end_line="30" start_column="17" end_column="18" covered="no" />
            <range source_id="49" start_line="31" end_line="31" start_column="21" end_column="68" covered="no" />
            <range source_id="49" start_line="32" end_line="32" start_column="17" end_column="18" covered="no" />
          </ranges>
        </function>
        <function id="157712" token="0x6000445" name="&lt;Up&gt;b__0_2(Microsoft.EntityFrameworkCore.Migrations.Operations.Builders.ColumnsBuilder)" namespace="AzAgroPOS.Verilenler.Migrations" type_name="TedarukcuAlisModuluDuzelis2.&lt;&gt;c" block_coverage="0.00" line_coverage="0.00" blocks_covered="0" blocks_not_covered="11" lines_covered="0" lines_partially_covered="0" lines_not_covered="12">
          <ranges>
            <range source_id="49" start_line="36" end_line="47" start_column="35" end_column="18" covered="no" />
          </ranges>
        </function>
        <function id="158332" token="0x6000446" name="&lt;Up&gt;b__0_3(Microsoft.EntityFrameworkCore.Migrations.Operations.Builders.CreateTableBuilder&lt;&lt;&gt;f__AnonymousType20&lt;Microsoft.EntityFrameworkCore.Migrations.Operations.Builders.OperationBuilder&lt;Microsoft.EntityFrameworkCore.Migrations.Operations.AddColumnOperation&gt;, Microsoft.EntityFrameworkCore.Migrations.Operations.Builders.OperationBuilder&lt;Microsoft.EntityFrameworkCore.Migrations.Operations.AddColumnOperation&gt;, Microsoft.EntityFrameworkCore.Migrations.Operations.Builders.OperationBuilder&lt;Microsoft.EntityFrameworkCore.Migrations.Operations.AddColumnOperation&gt;, Microsoft.EntityFrameworkCore.Migrations.Operations.Builders.OperationBuilder&lt;Microsoft.EntityFrameworkCore.Migrations.Operations.AddColumnOperation&gt;, Microsoft.EntityFrameworkCore.Migrations.Operations.Builders.OperationBuilder&lt;Microsoft.EntityFrameworkCore.Migrations.Operations.AddColumnOperation&gt;, Microsoft.EntityFrameworkCore.Migrations.Operations.Builders.OperationBuilder&lt;Microsoft.EntityFrameworkCore.Migrations.Operations.AddColumnOperation&gt;, Microsoft.EntityFrameworkCore.Migrations.Operations.Builders.OperationBuilder&lt;Microsoft.EntityFrameworkCore.Migrations.Operations.AddColumnOperation&gt;, Microsoft.EntityFrameworkCore.Migrations.Operations.Builders.OperationBuilder&lt;Microsoft.EntityFrameworkCore.Migrations.Operations.AddColumnOperation&gt;&gt;&gt;)" namespace="AzAgroPOS.Verilenler.Migrations" type_name="TedarukcuAlisModuluDuzelis2.&lt;&gt;c" block_coverage="0.00" line_coverage="0.00" blocks_covered="0" blocks_not_covered="13" lines_covered="0" lines_partially_covered="0" lines_not_covered="9">
          <ranges>
            <range source_id="49" start_line="49" end_line="49" start_column="17" end_column="18" covered="no" />
            <range source_id="49" start_line="50" end_line="50" start_column="21" end_column="69" covered="no" />
            <range source_id="49" start_line="51" end_line="56" start_column="21" end_column="63" covered="no" />
            <range source_id="49" start_line="57" end_line="57" start_column="17" end_column="18" covered="no" />
          </ranges>
        </function>
        <function id="158508" token="0x6000447" name="&lt;Up&gt;b__0_4(Microsoft.EntityFrameworkCore.Migrations.Operations.Builders.ColumnsBuilder)" namespace="AzAgroPOS.Verilenler.Migrations" type_name="TedarukcuAlisModuluDuzelis2.&lt;&gt;c" block_coverage="0.00" line_coverage="0.00" blocks_covered="0" blocks_not_covered="13" lines_covered="0" lines_partially_covered="0" lines_not_covered="14">
          <ranges>
            <range source_id="49" start_line="61" end_line="74" start_column="35" end_column="18" covered="no" />
          </ranges>
        </function>
        <function id="159272" token="0x6000448" name="&lt;Up&gt;b__0_5(Microsoft.EntityFrameworkCore.Migrations.Operations.Builders.CreateTableBuilder&lt;&lt;&gt;f__AnonymousType21&lt;Microsoft.EntityFrameworkCore.Migrations.Operations.Builders.OperationBuilder&lt;Microsoft.EntityFrameworkCore.Migrations.Operations.AddColumnOperation&gt;, Microsoft.EntityFrameworkCore.Migrations.Operations.Builders.OperationBuilder&lt;Microsoft.EntityFrameworkCore.Migrations.Operations.AddColumnOperation&gt;, Microsoft.EntityFrameworkCore.Migrations.Operations.Builders.OperationBuilder&lt;Microsoft.EntityFrameworkCore.Migrations.Operations.AddColumnOperation&gt;, Microsoft.EntityFrameworkCore.Migrations.Operations.Builders.OperationBuilder&lt;Microsoft.EntityFrameworkCore.Migrations.Operations.AddColumnOperation&gt;, Microsoft.EntityFrameworkCore.Migrations.Operations.Builders.OperationBuilder&lt;Microsoft.EntityFrameworkCore.Migrations.Operations.AddColumnOperation&gt;, Microsoft.EntityFrameworkCore.Migrations.Operations.Builders.OperationBuilder&lt;Microsoft.EntityFrameworkCore.Migrations.Operations.AddColumnOperation&gt;, Microsoft.EntityFrameworkCore.Migrations.Operations.Builders.OperationBuilder&lt;Microsoft.EntityFrameworkCore.Migrations.Operations.AddColumnOperation&gt;, Microsoft.EntityFrameworkCore.Migrations.Operations.Builders.OperationBuilder&lt;Microsoft.EntityFrameworkCore.Migrations.Operations.AddColumnOperation&gt;, Microsoft.EntityFrameworkCore.Migrations.Operations.Builders.OperationBuilder&lt;Microsoft.EntityFrameworkCore.Migrations.Operations.AddColumnOperation&gt;, Microsoft.EntityFrameworkCore.Migrations.Operations.Builders.OperationBuilder&lt;Microsoft.EntityFrameworkCore.Migrations.Operations.AddColumnOperation&gt;&gt;&gt;)" namespace="AzAgroPOS.Verilenler.Migrations" type_name="TedarukcuAlisModuluDuzelis2.&lt;&gt;c" block_coverage="0.00" line_coverage="0.00" blocks_covered="0" blocks_not_covered="13" lines_covered="0" lines_partially_covered="0" lines_not_covered="9">
          <ranges>
            <range source_id="49" start_line="76" end_line="76" start_column="17" end_column="18" covered="no" />
            <range source_id="49" start_line="77" end_line="77" start_column="21" end_column="71" covered="no" />
            <range source_id="49" start_line="78" end_line="83" start_column="21" end_column="63" covered="no" />
            <range source_id="49" start_line="84" end_line="84" start_column="17" end_column="18" covered="no" />
          </ranges>
        </function>
        <function id="159448" token="0x6000449" name="&lt;Up&gt;b__0_6(Microsoft.EntityFrameworkCore.Migrations.Operations.Builders.ColumnsBuilder)" namespace="AzAgroPOS.Verilenler.Migrations" type_name="TedarukcuAlisModuluDuzelis2.&lt;&gt;c" block_coverage="0.00" line_coverage="0.00" blocks_covered="0" blocks_not_covered="14" lines_covered="0" lines_partially_covered="0" lines_not_covered="15">
          <ranges>
            <range source_id="49" start_line="88" end_line="102" start_column="35" end_column="18" covered="no" />
          </ranges>
        </function>
        <function id="160284" token="0x600044a" name="&lt;Up&gt;b__0_7(Microsoft.EntityFrameworkCore.Migrations.Operations.Builders.CreateTableBuilder&lt;&lt;&gt;f__AnonymousType22&lt;Microsoft.EntityFrameworkCore.Migrations.Operations.Builders.OperationBuilder&lt;Microsoft.EntityFrameworkCore.Migrations.Operations.AddColumnOperation&gt;, Microsoft.EntityFrameworkCore.Migrations.Operations.Builders.OperationBuilder&lt;Microsoft.EntityFrameworkCore.Migrations.Operations.AddColumnOperation&gt;, Microsoft.EntityFrameworkCore.Migrations.Operations.Builders.OperationBuilder&lt;Microsoft.EntityFrameworkCore.Migrations.Operations.AddColumnOperation&gt;, Microsoft.EntityFrameworkCore.Migrations.Operations.Builders.OperationBuilder&lt;Microsoft.EntityFrameworkCore.Migrations.Operations.AddColumnOperation&gt;, Microsoft.EntityFrameworkCore.Migrations.Operations.Builders.OperationBuilder&lt;Microsoft.EntityFrameworkCore.Migrations.Operations.AddColumnOperation&gt;, Microsoft.EntityFrameworkCore.Migrations.Operations.Builders.OperationBuilder&lt;Microsoft.EntityFrameworkCore.Migrations.Operations.AddColumnOperation&gt;, Microsoft.EntityFrameworkCore.Migrations.Operations.Builders.OperationBuilder&lt;Microsoft.EntityFrameworkCore.Migrations.Operations.AddColumnOperation&gt;, Microsoft.EntityFrameworkCore.Migrations.Operations.Builders.OperationBuilder&lt;Microsoft.EntityFrameworkCore.Migrations.Operations.AddColumnOperation&gt;, Microsoft.EntityFrameworkCore.Migrations.Operations.Builders.OperationBuilder&lt;Microsoft.EntityFrameworkCore.Migrations.Operations.AddColumnOperation&gt;, Microsoft.EntityFrameworkCore.Migrations.Operations.Builders.OperationBuilder&lt;Microsoft.EntityFrameworkCore.Migrations.Operations.AddColumnOperation&gt;, Microsoft.EntityFrameworkCore.Migrations.Operations.Builders.OperationBuilder&lt;Microsoft.EntityFrameworkCore.Migrations.Operations.AddColumnOperation&gt;&gt;&gt;)" namespace="AzAgroPOS.Verilenler.Migrations" type_name="TedarukcuAlisModuluDuzelis2.&lt;&gt;c" block_coverage="0.00" line_coverage="0.00" blocks_covered="0" blocks_not_covered="19" lines_covered="0" lines_partially_covered="0" lines_not_covered="15">
          <ranges>
            <range source_id="49" start_line="104" end_line="104" start_column="17" end_column="18" covered="no" />
            <range source_id="49" start_line="105" end_line="105" start_column="21" end_column="74" covered="no" />
            <range source_id="49" start_line="106" end_line="111" start_column="21" end_column="62" covered="no" />
            <range source_id="49" start_line="112" end_line="117" start_column="21" end_column="63" covered="no" />
            <range source_id="49" start_line="118" end_line="118" start_column="17" end_column="18" covered="no" />
          </ranges>
        </function>
        <function id="160548" token="0x600044b" name="&lt;Up&gt;b__0_8(Microsoft.EntityFrameworkCore.Migrations.Operations.Builders.ColumnsBuilder)" namespace="AzAgroPOS.Verilenler.Migrations" type_name="TedarukcuAlisModuluDuzelis2.&lt;&gt;c" block_coverage="0.00" line_coverage="0.00" blocks_covered="0" blocks_not_covered="10" lines_covered="0" lines_partially_covered="0" lines_not_covered="11">
          <ranges>
            <range source_id="49" start_line="122" end_line="132" start_column="35" end_column="18" covered="no" />
          </ranges>
        </function>
        <function id="161092" token="0x600044c" name="&lt;Up&gt;b__0_9(Microsoft.EntityFrameworkCore.Migrations.Operations.Builders.CreateTableBuilder&lt;&lt;&gt;f__AnonymousType23&lt;Microsoft.EntityFrameworkCore.Migrations.Operations.Builders.OperationBuilder&lt;Microsoft.EntityFrameworkCore.Migrations.Operations.AddColumnOperation&gt;, Microsoft.EntityFrameworkCore.Migrations.Operations.Builders.OperationBuilder&lt;Microsoft.EntityFrameworkCore.Migrations.Operations.AddColumnOperation&gt;, Microsoft.EntityFrameworkCore.Migrations.Operations.Builders.OperationBuilder&lt;Microsoft.EntityFrameworkCore.Migrations.Operations.AddColumnOperation&gt;, Microsoft.EntityFrameworkCore.Migrations.Operations.Builders.OperationBuilder&lt;Microsoft.EntityFrameworkCore.Migrations.Operations.AddColumnOperation&gt;, Microsoft.EntityFrameworkCore.Migrations.Operations.Builders.OperationBuilder&lt;Microsoft.EntityFrameworkCore.Migrations.Operations.AddColumnOperation&gt;, Microsoft.EntityFrameworkCore.Migrations.Operations.Builders.OperationBuilder&lt;Microsoft.EntityFrameworkCore.Migrations.Operations.AddColumnOperation&gt;, Microsoft.EntityFrameworkCore.Migrations.Operations.Builders.OperationBuilder&lt;Microsoft.EntityFrameworkCore.Migrations.Operations.AddColumnOperation&gt;&gt;&gt;)" namespace="AzAgroPOS.Verilenler.Migrations" type_name="TedarukcuAlisModuluDuzelis2.&lt;&gt;c" block_coverage="0.00" line_coverage="0.00" blocks_covered="0" blocks_not_covered="19" lines_covered="0" lines_partially_covered="0" lines_not_covered="15">
          <ranges>
            <range source_id="49" start_line="134" end_line="134" start_column="17" end_column="18" covered="no" />
            <range source_id="49" start_line="135" end_line="135" start_column="21" end_column="76" covered="no" />
            <range source_id="49" start_line="136" end_line="141" start_column="21" end_column="62" covered="no" />
            <range source_id="49" start_line="142" end_line="147" start_column="21" end_column="63" covered="no" />
            <range source_id="49" start_line="148" end_line="148" start_column="17" end_column="18" covered="no" />
          </ranges>
        </function>
        <function id="161356" token="0x600044d" name="&lt;Up&gt;b__0_10(Microsoft.EntityFrameworkCore.Migrations.Operations.Builders.ColumnsBuilder)" namespace="AzAgroPOS.Verilenler.Migrations" type_name="TedarukcuAlisModuluDuzelis2.&lt;&gt;c" block_coverage="0.00" line_coverage="0.00" blocks_covered="0" blocks_not_covered="10" lines_covered="0" lines_partially_covered="0" lines_not_covered="11">
          <ranges>
            <range source_id="49" start_line="152" end_line="162" start_column="35" end_column="18" covered="no" />
          </ranges>
        </function>
        <function id="161900" token="0x600044e" name="&lt;Up&gt;b__0_11(Microsoft.EntityFrameworkCore.Migrations.Operations.Builders.CreateTableBuilder&lt;&lt;&gt;f__AnonymousType24&lt;Microsoft.EntityFrameworkCore.Migrations.Operations.Builders.OperationBuilder&lt;Microsoft.EntityFrameworkCore.Migrations.Operations.AddColumnOperation&gt;, Microsoft.EntityFrameworkCore.Migrations.Operations.Builders.OperationBuilder&lt;Microsoft.EntityFrameworkCore.Migrations.Operations.AddColumnOperation&gt;, Microsoft.EntityFrameworkCore.Migrations.Operations.Builders.OperationBuilder&lt;Microsoft.EntityFrameworkCore.Migrations.Operations.AddColumnOperation&gt;, Microsoft.EntityFrameworkCore.Migrations.Operations.Builders.OperationBuilder&lt;Microsoft.EntityFrameworkCore.Migrations.Operations.AddColumnOperation&gt;, Microsoft.EntityFrameworkCore.Migrations.Operations.Builders.OperationBuilder&lt;Microsoft.EntityFrameworkCore.Migrations.Operations.AddColumnOperation&gt;, Microsoft.EntityFrameworkCore.Migrations.Operations.Builders.OperationBuilder&lt;Microsoft.EntityFrameworkCore.Migrations.Operations.AddColumnOperation&gt;, Microsoft.EntityFrameworkCore.Migrations.Operations.Builders.OperationBuilder&lt;Microsoft.EntityFrameworkCore.Migrations.Operations.AddColumnOperation&gt;&gt;&gt;)" namespace="AzAgroPOS.Verilenler.Migrations" type_name="TedarukcuAlisModuluDuzelis2.&lt;&gt;c" block_coverage="0.00" line_coverage="0.00" blocks_covered="0" blocks_not_covered="25" lines_covered="0" lines_partially_covered="0" lines_not_covered="21">
          <ranges>
            <range source_id="49" start_line="164" end_line="164" start_column="17" end_column="18" covered="no" />
            <range source_id="49" start_line="165" end_line="165" start_column="21" end_column="74" covered="no" />
            <range source_id="49" start_line="166" end_line="171" start_column="21" end_column="62" covered="no" />
            <range source_id="49" start_line="172" end_line="177" start_column="21" end_column="63" covered="no" />
            <range source_id="49" start_line="178" end_line="183" start_column="21" end_column="63" covered="no" />
            <range source_id="49" start_line="184" end_line="184" start_column="17" end_column="18" covered="no" />
          </ranges>
        </function>
        <function id="162252" token="0x600044f" name="&lt;BuildTargetModel&gt;b__2_0(Microsoft.EntityFrameworkCore.Metadata.Builders.EntityTypeBuilder)" namespace="AzAgroPOS.Verilenler.Migrations" type_name="TedarukcuAlisModuluDuzelis2.&lt;&gt;c" block_coverage="0.00" line_coverage="0.00" blocks_covered="0" blocks_not_covered="24" lines_covered="0" lines_partially_covered="0" lines_not_covered="24">
          <ranges>
            <range source_id="50" start_line="29" end_line="29" start_column="17" end_column="18" covered="no" />
            <range source_id="50" start_line="30" end_line="32" start_column="21" end_column="47" covered="no" />
            <range source_id="50" start_line="34" end_line="34" start_column="21" end_column="97" covered="no" />
            <range source_id="50" start_line="36" end_line="37" start_column="21" end_column="57" covered="no" />
            <range source_id="50" start_line="39" end_line="41" start_column="21" end_column="57" covered="no" />
            <range source_id="50" start_line="43" end_line="44" start_column="21" end_column="47" covered="no" />
            <range source_id="50" start_line="46" end_line="47" start_column="21" end_column="47" covered="no" />
            <range source_id="50" start_line="49" end_line="50" start_column="21" end_column="53" covered="no" />
            <range source_id="50" start_line="52" end_line="53" start_column="21" end_column="58" covered="no" />
            <range source_id="50" start_line="55" end_line="56" start_column="21" end_column="53" covered="no" />
            <range source_id="50" start_line="58" end_line="58" start_column="21" end_column="36" covered="no" />
            <range source_id="50" start_line="60" end_line="60" start_column="21" end_column="47" covered="no" />
            <range source_id="50" start_line="62" end_line="62" start_column="21" end_column="48" covered="no" />
            <range source_id="50" start_line="63" end_line="63" start_column="17" end_column="18" covered="no" />
          </ranges>
        </function>
        <function id="162528" token="0x6000450" name="&lt;BuildTargetModel&gt;b__2_1(Microsoft.EntityFrameworkCore.Metadata.Builders.EntityTypeBuilder)" namespace="AzAgroPOS.Verilenler.Migrations" type_name="TedarukcuAlisModuluDuzelis2.&lt;&gt;c" block_coverage="0.00" line_coverage="0.00" blocks_covered="0" blocks_not_covered="23" lines_covered="0" lines_partially_covered="0" lines_not_covered="23">
          <ranges>
            <range source_id="50" start_line="66" end_line="66" start_column="17" end_column="18" covered="no" />
            <range source_id="50" start_line="67" end_line="69" start_column="21" end_column="47" covered="no" />
            <range source_id="50" start_line="71" end_line="71" start_column="21" end_column="97" covered="no" />
            <range source_id="50" start_line="73" end_line="74" start_column="21" end_column="47" covered="no" />
            <range source_id="50" start_line="76" end_line="77" start_column="21" end_column="47" covered="no" />
            <range source_id="50" start_line="79" end_line="80" start_column="21" end_column="58" covered="no" />
            <range source_id="50" start_line="82" end_line="83" start_column="21" end_column="58" covered="no" />
            <range source_id="50" start_line="85" end_line="86" start_column="21" end_column="47" covered="no" />
            <range source_id="50" start_line="88" end_line="89" start_column="21" end_column="57" covered="no" />
            <range source_id="50" start_line="91" end_line="91" start_column="21" end_column="36" covered="no" />
            <range source_id="50" start_line="93" end_line="93" start_column="21" end_column="47" covered="no" />
            <range source_id="50" start_line="95" end_line="95" start_column="21" end_column="55" covered="no" />
            <range source_id="50" start_line="97" end_line="97" start_column="21" end_column="44" covered="no" />
            <range source_id="50" start_line="99" end_line="99" start_column="21" end_column="53" covered="no" />
            <range source_id="50" start_line="100" end_line="100" start_column="17" end_column="18" covered="no" />
          </ranges>
        </function>
        <function id="162820" token="0x6000451" name="&lt;BuildTargetModel&gt;b__2_2(Microsoft.EntityFrameworkCore.Metadata.Builders.EntityTypeBuilder)" namespace="AzAgroPOS.Verilenler.Migrations" type_name="TedarukcuAlisModuluDuzelis2.&lt;&gt;c" block_coverage="0.00" line_coverage="0.00" blocks_covered="0" blocks_not_covered="28" lines_covered="0" lines_partially_covered="0" lines_not_covered="28">
          <ranges>
            <range source_id="50" start_line="103" end_line="103" start_column="17" end_column="18" covered="no" />
            <range source_id="50" start_line="104" end_line="106" start_column="21" end_column="47" covered="no" />
            <range source_id="50" start_line="108" end_line="108" start_column="21" end_column="97" covered="no" />
            <range source_id="50" start_line="110" end_line="111" start_column="21" end_column="53" covered="no" />
            <range source_id="50" start_line="113" end_line="114" start_column="21" end_column="53" covered="no" />
            <range source_id="50" start_line="116" end_line="117" start_column="21" end_column="57" covered="no" />
            <range source_id="50" start_line="119" end_line="121" start_column="21" end_column="57" covered="no" />
            <range source_id="50" start_line="123" end_line="124" start_column="21" end_column="47" covered="no" />
            <range source_id="50" start_line="126" end_line="127" start_column="21" end_column="47" covered="no" />
            <range source_id="50" start_line="129" end_line="130" start_column="21" end_column="53" covered="no" />
            <range source_id="50" start_line="132" end_line="133" start_column="21" end_column="58" covered="no" />
            <range source_id="50" start_line="135" end_line="136" start_column="21" end_column="53" covered="no" />
            <range source_id="50" start_line="138" end_line="138" start_column="21" end_column="36" covered="no" />
            <range source_id="50" start_line="140" end_line="140" start_column="21" end_column="47" covered="no" />
            <range source_id="50" start_line="142" end_line="142" start_column="21" end_column="50" covered="no" />
            <range source_id="50" start_line="143" end_line="143" start_column="17" end_column="18" covered="no" />
          </ranges>
        </function>
        <function id="163140" token="0x6000452" name="&lt;BuildTargetModel&gt;b__2_3(Microsoft.EntityFrameworkCore.Metadata.Builders.EntityTypeBuilder)" namespace="AzAgroPOS.Verilenler.Migrations" type_name="TedarukcuAlisModuluDuzelis2.&lt;&gt;c" block_coverage="0.00" line_coverage="0.00" blocks_covered="0" blocks_not_covered="22" lines_covered="0" lines_partially_covered="0" lines_not_covered="22">
          <ranges>
            <range source_id="50" start_line="146" end_line="146" start_column="17" end_column="18" covered="no" />
            <range source_id="50" start_line="147" end_line="149" start_column="21" end_column="47" covered="no" />
            <range source_id="50" start_line="151" end_line="151" start_column="21" end_column="97" covered="no" />
            <range source_id="50" start_line="153" end_line="154" start_column="21" end_column="47" covered="no" />
            <range source_id="50" start_line="156" end_line="157" start_column="21" end_column="58" covered="no" />
            <range source_id="50" start_line="159" end_line="160" start_column="21" end_column="58" covered="no" />
            <range source_id="50" start_line="162" end_line="163" start_column="21" end_column="47" covered="no" />
            <range source_id="50" start_line="165" end_line="166" start_column="21" end_column="57" covered="no" />
            <range source_id="50" start_line="168" end_line="169" start_column="21" end_column="57" covered="no" />
            <range source_id="50" start_line="171" end_line="171" start_column="21" end_column="36" covered="no" />
            <range source_id="50" start_line="173" end_line="173" start_column="21" end_column="49" covered="no" />
            <range source_id="50" start_line="175" end_line="175" start_column="21" end_column="44" covered="no" />
            <range source_id="50" start_line="177" end_line="177" start_column="21" end_column="55" covered="no" />
            <range source_id="50" start_line="178" end_line="178" start_column="17" end_column="18" covered="no" />
          </ranges>
        </function>
        <function id="163408" token="0x6000453" name="&lt;BuildTargetModel&gt;b__2_4(Microsoft.EntityFrameworkCore.Metadata.Builders.EntityTypeBuilder)" namespace="AzAgroPOS.Verilenler.Migrations" type_name="TedarukcuAlisModuluDuzelis2.&lt;&gt;c" block_coverage="0.00" line_coverage="0.00" blocks_covered="0" blocks_not_covered="55" lines_covered="0" lines_partially_covered="0" lines_not_covered="81">
          <ranges>
            <range source_id="50" start_line="181" end_line="181" start_column="17" end_column="18" covered="no" />
            <range source_id="50" start_line="182" end_line="184" start_column="21" end_column="47" covered="no" />
            <range source_id="50" start_line="186" end_line="186" start_column="21" end_column="97" covered="no" />
            <range source_id="50" start_line="188" end_line="190" start_column="21" end_column="57" covered="no" />
            <range source_id="50" start_line="192" end_line="194" start_column="21" end_column="57" covered="no" />
            <range source_id="50" start_line="196" end_line="197" start_column="21" end_column="53" covered="no" />
            <range source_id="50" start_line="199" end_line="201" start_column="21" end_column="57" covered="no" />
            <range source_id="50" start_line="203" end_line="204" start_column="21" end_column="53" covered="no" />
            <range source_id="50" start_line="206" end_line="207" start_column="21" end_column="58" covered="no" />
            <range source_id="50" start_line="209" end_line="211" start_column="21" end_column="57" covered="no" />
            <range source_id="50" start_line="213" end_line="214" start_column="21" end_column="47" covered="no" />
            <range source_id="50" start_line="216" end_line="217" start_column="21" end_column="47" covered="no" />
            <range source_id="50" start_line="219" end_line="221" start_column="21" end_column="57" covered="no" />
            <range source_id="50" start_line="223" end_line="225" start_column="21" end_column="57" covered="no" />
            <range source_id="50" start_line="227" end_line="229" start_column="21" end_column="57" covered="no" />
            <range source_id="50" start_line="231" end_line="233" start_column="21" end_column="57" covered="no" />
            <range source_id="50" start_line="235" end_line="237" start_column="21" end_column="57" covered="no" />
            <range source_id="50" start_line="239" end_line="239" start_column="21" end_column="36" covered="no" />
            <range source_id="50" start_line="241" end_line="241" start_column="21" end_column="56" covered="no" />
            <range source_id="50" start_line="243" end_line="243" start_column="21" end_column="42" covered="no" />
            <range source_id="50" start_line="245" end_line="279" start_column="21" end_column="28" covered="no" />
            <range source_id="50" start_line="280" end_line="280" start_column="17" end_column="18" covered="no" />
          </ranges>
        </function>
        <function id="164108" token="0x6000454" name="&lt;BuildTargetModel&gt;b__2_5(Microsoft.EntityFrameworkCore.Metadata.Builders.EntityTypeBuilder)" namespace="AzAgroPOS.Verilenler.Migrations" type_name="TedarukcuAlisModuluDuzelis2.&lt;&gt;c" block_coverage="0.00" line_coverage="0.00" blocks_covered="0" blocks_not_covered="32" lines_covered="0" lines_partially_covered="0" lines_not_covered="32">
          <ranges>
            <range source_id="50" start_line="283" end_line="283" start_column="17" end_column="18" covered="no" />
            <range source_id="50" start_line="284" end_line="286" start_column="21" end_column="47" covered="no" />
            <range source_id="50" start_line="288" end_line="288" start_column="21" end_column="97" covered="no" />
            <range source_id="50" start_line="290" end_line="291" start_column="21" end_column="53" covered="no" />
            <range source_id="50" start_line="293" end_line="294" start_column="21" end_column="53" covered="no" />
            <range source_id="50" start_line="296" end_line="297" start_column="21" end_column="47" covered="no" />
            <range source_id="50" start_line="299" end_line="300" start_column="21" end_column="47" covered="no" />
            <range source_id="50" start_line="302" end_line="303" start_column="21" end_column="47" covered="no" />
            <range source_id="50" start_line="305" end_line="307" start_column="21" end_column="57" covered="no" />
            <range source_id="50" start_line="309" end_line="311" start_column="21" end_column="57" covered="no" />
            <range source_id="50" start_line="313" end_line="314" start_column="21" end_column="47" covered="no" />
            <range source_id="50" start_line="316" end_line="317" start_column="21" end_column="47" covered="no" />
            <range source_id="50" start_line="319" end_line="320" start_column="21" end_column="53" covered="no" />
            <range source_id="50" start_line="322" end_line="322" start_column="21" end_column="36" covered="no" />
            <range source_id="50" start_line="324" end_line="324" start_column="21" end_column="42" covered="no" />
            <range source_id="50" start_line="326" end_line="326" start_column="21" end_column="52" covered="no" />
            <range source_id="50" start_line="328" end_line="328" start_column="21" end_column="46" covered="no" />
            <range source_id="50" start_line="329" end_line="329" start_column="17" end_column="18" covered="no" />
          </ranges>
        </function>
        <function id="164476" token="0x6000455" name="&lt;BuildTargetModel&gt;b__2_6(Microsoft.EntityFrameworkCore.Metadata.Builders.EntityTypeBuilder)" namespace="AzAgroPOS.Verilenler.Migrations" type_name="TedarukcuAlisModuluDuzelis2.&lt;&gt;c" block_coverage="0.00" line_coverage="0.00" blocks_covered="0" blocks_not_covered="27" lines_covered="0" lines_partially_covered="0" lines_not_covered="27">
          <ranges>
            <range source_id="50" start_line="332" end_line="332" start_column="17" end_column="18" covered="no" />
            <range source_id="50" start_line="333" end_line="335" start_column="21" end_column="47" covered="no" />
            <range source_id="50" start_line="337" end_line="337" start_column="21" end_column="97" covered="no" />
            <range source_id="50" start_line="339" end_line="341" start_column="21" end_column="57" covered="no" />
            <range source_id="50" start_line="343" end_line="344" start_column="21" end_column="47" covered="no" />
            <range source_id="50" start_line="346" end_line="348" start_column="21" end_column="57" covered="no" />
            <range source_id="50" start_line="350" end_line="352" start_column="21" end_column="57" covered="no" />
            <range source_id="50" start_line="354" end_line="355" start_column="21" end_column="47" covered="no" />
            <range source_id="50" start_line="357" end_line="358" start_column="21" end_column="53" covered="no" />
            <range source_id="50" start_line="360" end_line="362" start_column="21" end_column="57" covered="no" />
            <range source_id="50" start_line="364" end_line="364" start_column="21" end_column="36" covered="no" />
            <range source_id="50" start_line="366" end_line="366" start_column="21" end_column="42" covered="no" />
            <range source_id="50" start_line="368" end_line="368" start_column="21" end_column="53" covered="no" />
            <range source_id="50" start_line="369" end_line="369" start_column="17" end_column="18" covered="no" />
          </ranges>
        </function>
        <function id="164772" token="0x6000456" name="&lt;BuildTargetModel&gt;b__2_7(Microsoft.EntityFrameworkCore.Metadata.Builders.EntityTypeBuilder)" namespace="AzAgroPOS.Verilenler.Migrations" type_name="TedarukcuAlisModuluDuzelis2.&lt;&gt;c" block_coverage="0.00" line_coverage="0.00" blocks_covered="0" blocks_not_covered="22" lines_covered="0" lines_partially_covered="0" lines_not_covered="29">
          <ranges>
            <range source_id="50" start_line="372" end_line="372" start_column="17" end_column="18" covered="no" />
            <range source_id="50" start_line="373" end_line="375" start_column="21" end_column="47" covered="no" />
            <range source_id="50" start_line="377" end_line="377" start_column="21" end_column="97" covered="no" />
            <range source_id="50" start_line="379" end_line="381" start_column="21" end_column="57" covered="no" />
            <range source_id="50" start_line="383" end_line="385" start_column="21" end_column="57" covered="no" />
            <range source_id="50" start_line="387" end_line="388" start_column="21" end_column="47" covered="no" />
            <range source_id="50" start_line="390" end_line="392" start_column="21" end_column="57" covered="no" />
            <range source_id="50" start_line="394" end_line="394" start_column="21" end_column="36" covered="no" />
            <range source_id="50" start_line="396" end_line="396" start_column="21" end_column="41" covered="no" />
            <range source_id="50" start_line="398" end_line="398" start_column="21" end_column="48" covered="no" />
            <range source_id="50" start_line="400" end_line="408" start_column="21" end_column="28" covered="no" />
            <range source_id="50" start_line="409" end_line="409" start_column="17" end_column="18" covered="no" />
          </ranges>
        </function>
        <function id="165032" token="0x6000457" name="&lt;BuildTargetModel&gt;b__2_8(Microsoft.EntityFrameworkCore.Metadata.Builders.EntityTypeBuilder)" namespace="AzAgroPOS.Verilenler.Migrations" type_name="TedarukcuAlisModuluDuzelis2.&lt;&gt;c" block_coverage="0.00" line_coverage="0.00" blocks_covered="0" blocks_not_covered="39" lines_covered="0" lines_partially_covered="0" lines_not_covered="72">
          <ranges>
            <range source_id="50" start_line="412" end_line="412" start_column="17" end_column="18" covered="no" />
            <range source_id="50" start_line="413" end_line="415" start_column="21" end_column="47" covered="no" />
            <range source_id="50" start_line="417" end_line="417" start_column="21" end_column="97" covered="no" />
            <range source_id="50" start_line="419" end_line="421" start_column="21" end_column="57" covered="no" />
            <range source_id="50" start_line="423" end_line="424" start_column="21" end_column="47" covered="no" />
            <range source_id="50" start_line="426" end_line="427" start_column="21" end_column="58" covered="no" />
            <range source_id="50" start_line="429" end_line="430" start_column="21" end_column="57" covered="no" />
            <range source_id="50" start_line="432" end_line="433" start_column="21" end_column="47" covered="no" />
            <range source_id="50" start_line="435" end_line="436" start_column="21" end_column="47" covered="no" />
            <range source_id="50" start_line="438" end_line="439" start_column="21" end_column="58" covered="no" />
            <range source_id="50" start_line="441" end_line="442" start_column="21" end_column="57" covered="no" />
            <range source_id="50" start_line="444" end_line="445" start_column="21" end_column="58" covered="no" />
            <range source_id="50" start_line="447" end_line="448" start_column="21" end_column="58" covered="no" />
            <range source_id="50" start_line="450" end_line="450" start_column="21" end_column="36" covered="no" />
            <range source_id="50" start_line="452" end_line="452" start_column="21" end_column="44" covered="no" />
            <range source_id="50" start_line="454" end_line="496" start_column="21" end_column="28" covered="no" />
            <range source_id="50" start_line="497" end_line="497" start_column="17" end_column="18" covered="no" />
          </ranges>
        </function>
        <function id="165560" token="0x6000458" name="&lt;BuildTargetModel&gt;b__2_9(Microsoft.EntityFrameworkCore.Metadata.Builders.EntityTypeBuilder)" namespace="AzAgroPOS.Verilenler.Migrations" type_name="TedarukcuAlisModuluDuzelis2.&lt;&gt;c" block_coverage="0.00" line_coverage="0.00" blocks_covered="0" blocks_not_covered="20" lines_covered="0" lines_partially_covered="0" lines_not_covered="20">
          <ranges>
            <range source_id="50" start_line="500" end_line="500" start_column="17" end_column="18" covered="no" />
            <range source_id="50" start_line="501" end_line="503" start_column="21" end_column="47" covered="no" />
            <range source_id="50" start_line="505" end_line="505" start_column="21" end_column="97" covered="no" />
            <range source_id="50" start_line="507" end_line="508" start_column="21" end_column="57" covered="no" />
            <range source_id="50" start_line="510" end_line="512" start_column="21" end_column="57" covered="no" />
            <range source_id="50" start_line="514" end_line="516" start_column="21" end_column="57" covered="no" />
            <range source_id="50" start_line="518" end_line="519" start_column="21" end_column="58" covered="no" />
            <range source_id="50" start_line="521" end_line="522" start_column="21" end_column="57" covered="no" />
            <range source_id="50" start_line="524" end_line="524" start_column="21" end_column="36" covered="no" />
            <range source_id="50" start_line="526" end_line="526" start_column="21" end_column="45" covered="no" />
            <range source_id="50" start_line="527" end_line="527" start_column="17" end_column="18" covered="no" />
          </ranges>
        </function>
        <function id="165776" token="0x6000459" name="&lt;BuildTargetModel&gt;b__2_10(Microsoft.EntityFrameworkCore.Metadata.Builders.EntityTypeBuilder)" namespace="AzAgroPOS.Verilenler.Migrations" type_name="TedarukcuAlisModuluDuzelis2.&lt;&gt;c" block_coverage="0.00" line_coverage="0.00" blocks_covered="0" blocks_not_covered="22" lines_covered="0" lines_partially_covered="0" lines_not_covered="22">
          <ranges>
            <range source_id="50" start_line="530" end_line="530" start_column="17" end_column="18" covered="no" />
            <range source_id="50" start_line="531" end_line="533" start_column="21" end_column="47" covered="no" />
            <range source_id="50" start_line="535" end_line="535" start_column="21" end_column="97" covered="no" />
            <range source_id="50" start_line="537" end_line="538" start_column="21" end_column="47" covered="no" />
            <range source_id="50" start_line="540" end_line="541" start_column="21" end_column="58" covered="no" />
            <range source_id="50" start_line="543" end_line="544" start_column="21" end_column="47" covered="no" />
            <range source_id="50" start_line="546" end_line="547" start_column="21" end_column="57" covered="no" />
            <range source_id="50" start_line="549" end_line="550" start_column="21" end_column="47" covered="no" />
            <range source_id="50" start_line="552" end_line="553" start_column="21" end_column="53" covered="no" />
            <range source_id="50" start_line="555" end_line="555" start_column="21" end_column="36" covered="no" />
            <range source_id="50" start_line="557" end_line="557" start_column="21" end_column="45" covered="no" />
            <range source_id="50" start_line="559" end_line="559" start_column="21" end_column="43" covered="no" />
            <range source_id="50" start_line="561" end_line="561" start_column="21" end_column="51" covered="no" />
            <range source_id="50" start_line="562" end_line="562" start_column="17" end_column="18" covered="no" />
          </ranges>
        </function>
        <function id="166044" token="0x600045a" name="&lt;BuildTargetModel&gt;b__2_11(Microsoft.EntityFrameworkCore.Metadata.Builders.EntityTypeBuilder)" namespace="AzAgroPOS.Verilenler.Migrations" type_name="TedarukcuAlisModuluDuzelis2.&lt;&gt;c" block_coverage="0.00" line_coverage="0.00" blocks_covered="0" blocks_not_covered="23" lines_covered="0" lines_partially_covered="0" lines_not_covered="23">
          <ranges>
            <range source_id="50" start_line="565" end_line="565" start_column="17" end_column="18" covered="no" />
            <range source_id="50" start_line="566" end_line="568" start_column="21" end_column="47" covered="no" />
            <range source_id="50" start_line="570" end_line="570" start_column="21" end_column="97" covered="no" />
            <range source_id="50" start_line="572" end_line="573" start_column="21" end_column="53" covered="no" />
            <range source_id="50" start_line="575" end_line="576" start_column="21" end_column="53" covered="no" />
            <range source_id="50" start_line="578" end_line="579" start_column="21" end_column="58" covered="no" />
            <range source_id="50" start_line="581" end_line="582" start_column="21" end_column="58" covered="no" />
            <range source_id="50" start_line="584" end_line="585" start_column="21" end_column="58" covered="no" />
            <range source_id="50" start_line="587" end_line="588" start_column="21" end_column="47" covered="no" />
            <range source_id="50" start_line="590" end_line="591" start_column="21" end_column="47" covered="no" />
            <range source_id="50" start_line="593" end_line="593" start_column="21" end_column="36" covered="no" />
            <range source_id="50" start_line="595" end_line="595" start_column="21" end_column="42" covered="no" />
            <range source_id="50" start_line="597" end_line="597" start_column="21" end_column="43" covered="no" />
            <range source_id="50" start_line="598" end_line="598" start_column="17" end_column="18" covered="no" />
          </ranges>
        </function>
        <function id="166316" token="0x600045b" name="&lt;BuildTargetModel&gt;b__2_12(Microsoft.EntityFrameworkCore.Metadata.Builders.EntityTypeBuilder)" namespace="AzAgroPOS.Verilenler.Migrations" type_name="TedarukcuAlisModuluDuzelis2.&lt;&gt;c" block_coverage="0.00" line_coverage="0.00" blocks_covered="0" blocks_not_covered="14" lines_covered="0" lines_partially_covered="0" lines_not_covered="22">
          <ranges>
            <range source_id="50" start_line="601" end_line="601" start_column="17" end_column="18" covered="no" />
            <range source_id="50" start_line="602" end_line="604" start_column="21" end_column="47" covered="no" />
            <range source_id="50" start_line="606" end_line="606" start_column="21" end_column="97" covered="no" />
            <range source_id="50" start_line="608" end_line="610" start_column="21" end_column="57" covered="no" />
            <range source_id="50" start_line="612" end_line="612" start_column="21" end_column="36" covered="no" />
            <range source_id="50" start_line="614" end_line="614" start_column="21" end_column="41" covered="no" />
            <range source_id="50" start_line="616" end_line="626" start_column="21" end_column="28" covered="no" />
            <range source_id="50" start_line="627" end_line="627" start_column="17" end_column="18" covered="no" />
          </ranges>
        </function>
        <function id="166480" token="0x600045c" name="&lt;BuildTargetModel&gt;b__2_13(Microsoft.EntityFrameworkCore.Metadata.Builders.EntityTypeBuilder)" namespace="AzAgroPOS.Verilenler.Migrations" type_name="TedarukcuAlisModuluDuzelis2.&lt;&gt;c" block_coverage="0.00" line_coverage="0.00" blocks_covered="0" blocks_not_covered="20" lines_covered="0" lines_partially_covered="0" lines_not_covered="20">
          <ranges>
            <range source_id="50" start_line="630" end_line="630" start_column="17" end_column="18" covered="no" />
            <range source_id="50" start_line="631" end_line="633" start_column="21" end_column="47" covered="no" />
            <range source_id="50" start_line="635" end_line="635" start_column="21" end_column="97" covered="no" />
            <range source_id="50" start_line="637" end_line="638" start_column="21" end_column="47" covered="no" />
            <range source_id="50" start_line="640" end_line="641" start_column="21" end_column="47" covered="no" />
            <range source_id="50" start_line="643" end_line="644" start_column="21" end_column="47" covered="no" />
            <range source_id="50" start_line="646" end_line="647" start_column="21" end_column="53" covered="no" />
            <range source_id="50" start_line="649" end_line="650" start_column="21" end_column="58" covered="no" />
            <range source_id="50" start_line="652" end_line="652" start_column="21" end_column="36" covered="no" />
            <range source_id="50" start_line="654" end_line="654" start_column="21" end_column="45" covered="no" />
            <range source_id="50" start_line="656" end_line="656" start_column="21" end_column="43" covered="no" />
            <range source_id="50" start_line="658" end_line="658" start_column="21" end_column="43" covered="no" />
            <range source_id="50" start_line="659" end_line="659" start_column="17" end_column="18" covered="no" />
          </ranges>
        </function>
        <function id="166728" token="0x600045d" name="&lt;BuildTargetModel&gt;b__2_14(Microsoft.EntityFrameworkCore.Metadata.Builders.EntityTypeBuilder)" namespace="AzAgroPOS.Verilenler.Migrations" type_name="TedarukcuAlisModuluDuzelis2.&lt;&gt;c" block_coverage="0.00" line_coverage="0.00" blocks_covered="0" blocks_not_covered="20" lines_covered="0" lines_partially_covered="0" lines_not_covered="20">
          <ranges>
            <range source_id="50" start_line="662" end_line="662" start_column="17" end_column="18" covered="no" />
            <range source_id="50" start_line="663" end_line="665" start_column="21" end_column="47" covered="no" />
            <range source_id="50" start_line="667" end_line="667" start_column="21" end_column="97" covered="no" />
            <range source_id="50" start_line="669" end_line="670" start_column="21" end_column="47" covered="no" />
            <range source_id="50" start_line="672" end_line="673" start_column="21" end_column="57" covered="no" />
            <range source_id="50" start_line="675" end_line="676" start_column="21" end_column="58" covered="no" />
            <range source_id="50" start_line="678" end_line="679" start_column="21" end_column="47" covered="no" />
            <range source_id="50" start_line="681" end_line="682" start_column="21" end_column="57" covered="no" />
            <range source_id="50" start_line="684" end_line="684" start_column="21" end_column="36" covered="no" />
            <range source_id="50" start_line="686" end_line="686" start_column="21" end_column="44" covered="no" />
            <range source_id="50" start_line="688" end_line="688" start_column="21" end_column="43" covered="no" />
            <range source_id="50" start_line="690" end_line="690" start_column="21" end_column="49" covered="no" />
            <range source_id="50" start_line="691" end_line="691" start_column="17" end_column="18" covered="no" />
          </ranges>
        </function>
        <function id="166976" token="0x600045e" name="&lt;BuildTargetModel&gt;b__2_15(Microsoft.EntityFrameworkCore.Metadata.Builders.EntityTypeBuilder)" namespace="AzAgroPOS.Verilenler.Migrations" type_name="TedarukcuAlisModuluDuzelis2.&lt;&gt;c" block_coverage="0.00" line_coverage="0.00" blocks_covered="0" blocks_not_covered="26" lines_covered="0" lines_partially_covered="0" lines_not_covered="46">
          <ranges>
            <range source_id="50" start_line="694" end_line="694" start_column="17" end_column="18" covered="no" />
            <range source_id="50" start_line="695" end_line="697" start_column="21" end_column="47" covered="no" />
            <range source_id="50" start_line="699" end_line="699" start_column="21" end_column="97" covered="no" />
            <range source_id="50" start_line="701" end_line="703" start_column="21" end_column="57" covered="no" />
            <range source_id="50" start_line="705" end_line="706" start_column="21" end_column="47" covered="no" />
            <range source_id="50" start_line="708" end_line="709" start_column="21" end_column="57" covered="no" />
            <range source_id="50" start_line="711" end_line="712" start_column="21" end_column="57" covered="no" />
            <range source_id="50" start_line="714" end_line="715" start_column="21" end_column="57" covered="no" />
            <range source_id="50" start_line="717" end_line="718" start_column="21" end_column="57" covered="no" />
            <range source_id="50" start_line="720" end_line="721" start_column="21" end_column="57" covered="no" />
            <range source_id="50" start_line="723" end_line="723" start_column="21" end_column="36" covered="no" />
            <range source_id="50" start_line="725" end_line="725" start_column="21" end_column="47" covered="no" />
            <range source_id="50" start_line="727" end_line="749" start_column="21" end_column="28" covered="no" />
            <range source_id="50" start_line="750" end_line="750" start_column="17" end_column="18" covered="no" />
          </ranges>
        </function>
        <function id="167324" token="0x600045f" name="&lt;BuildTargetModel&gt;b__2_16(Microsoft.EntityFrameworkCore.Metadata.Builders.EntityTypeBuilder)" namespace="AzAgroPOS.Verilenler.Migrations" type_name="TedarukcuAlisModuluDuzelis2.&lt;&gt;c" block_coverage="0.00" line_coverage="0.00" blocks_covered="0" blocks_not_covered="31" lines_covered="0" lines_partially_covered="0" lines_not_covered="31">
          <ranges>
            <range source_id="50" start_line="753" end_line="753" start_column="17" end_column="18" covered="no" />
            <range source_id="50" start_line="754" end_line="756" start_column="21" end_column="47" covered="no" />
            <range source_id="50" start_line="758" end_line="758" start_column="21" end_column="97" covered="no" />
            <range source_id="50" start_line="760" end_line="761" start_column="21" end_column="47" covered="no" />
            <range source_id="50" start_line="763" end_line="764" start_column="21" end_column="57" covered="no" />
            <range source_id="50" start_line="766" end_line="767" start_column="21" end_column="58" covered="no" />
            <range source_id="50" start_line="769" end_line="771" start_column="21" end_column="57" covered="no" />
            <range source_id="50" start_line="773" end_line="774" start_column="21" end_column="53" covered="no" />
            <range source_id="50" start_line="776" end_line="777" start_column="21" end_column="47" covered="no" />
            <range source_id="50" start_line="779" end_line="780" start_column="21" end_column="57" covered="no" />
            <range source_id="50" start_line="782" end_line="783" start_column="21" end_column="47" covered="no" />
            <range source_id="50" start_line="785" end_line="786" start_column="21" end_column="47" covered="no" />
            <range source_id="50" start_line="788" end_line="789" start_column="21" end_column="53" covered="no" />
            <range source_id="50" start_line="791" end_line="791" start_column="21" end_column="36" covered="no" />
            <range source_id="50" start_line="793" end_line="793" start_column="21" end_column="47" covered="no" />
            <range source_id="50" start_line="795" end_line="795" start_column="21" end_column="47" covered="no" />
            <range source_id="50" start_line="797" end_line="797" start_column="21" end_column="53" covered="no" />
            <range source_id="50" start_line="798" end_line="798" start_column="17" end_column="18" covered="no" />
          </ranges>
        </function>
        <function id="167688" token="0x6000460" name="&lt;BuildTargetModel&gt;b__2_17(Microsoft.EntityFrameworkCore.Metadata.Builders.EntityTypeBuilder)" namespace="AzAgroPOS.Verilenler.Migrations" type_name="TedarukcuAlisModuluDuzelis2.&lt;&gt;c" block_coverage="0.00" line_coverage="0.00" blocks_covered="0" blocks_not_covered="33" lines_covered="0" lines_partially_covered="0" lines_not_covered="33">
          <ranges>
            <range source_id="50" start_line="801" end_line="801" start_column="17" end_column="18" covered="no" />
            <range source_id="50" start_line="802" end_line="804" start_column="21" end_column="47" covered="no" />
            <range source_id="50" start_line="806" end_line="806" start_column="21" end_column="97" covered="no" />
            <range source_id="50" start_line="808" end_line="810" start_column="21" end_column="57" covered="no" />
            <range source_id="50" start_line="812" end_line="813" start_column="21" end_column="47" covered="no" />
            <range source_id="50" start_line="815" end_line="817" start_column="21" end_column="57" covered="no" />
            <range source_id="50" start_line="819" end_line="821" start_column="21" end_column="57" covered="no" />
            <range source_id="50" start_line="823" end_line="825" start_column="21" end_column="57" covered="no" />
            <range source_id="50" start_line="827" end_line="828" start_column="21" end_column="53" covered="no" />
            <range source_id="50" start_line="830" end_line="831" start_column="21" end_column="47" covered="no" />
            <range source_id="50" start_line="833" end_line="834" start_column="21" end_column="53" covered="no" />
            <range source_id="50" start_line="836" end_line="837" start_column="21" end_column="58" covered="no" />
            <range source_id="50" start_line="839" end_line="840" start_column="21" end_column="58" covered="no" />
            <range source_id="50" start_line="842" end_line="842" start_column="21" end_column="36" covered="no" />
            <range source_id="50" start_line="844" end_line="844" start_column="21" end_column="42" covered="no" />
            <range source_id="50" start_line="846" end_line="846" start_column="21" end_column="51" covered="no" />
            <range source_id="50" start_line="847" end_line="847" start_column="17" end_column="18" covered="no" />
          </ranges>
        </function>
        <function id="168048" token="0x6000461" name="&lt;BuildTargetModel&gt;b__2_18(Microsoft.EntityFrameworkCore.Metadata.Builders.EntityTypeBuilder)" namespace="AzAgroPOS.Verilenler.Migrations" type_name="TedarukcuAlisModuluDuzelis2.&lt;&gt;c" block_coverage="0.00" line_coverage="0.00" blocks_covered="0" blocks_not_covered="7" lines_covered="0" lines_partially_covered="0" lines_not_covered="8">
          <ranges>
            <range source_id="50" start_line="850" end_line="850" start_column="17" end_column="18" covered="no" />
            <range source_id="50" start_line="851" end_line="855" start_column="21" end_column="39" covered="no" />
            <range source_id="50" start_line="857" end_line="857" start_column="21" end_column="47" covered="no" />
            <range source_id="50" start_line="858" end_line="858" start_column="17" end_column="18" covered="no" />
          </ranges>
        </function>
        <function id="168132" token="0x6000462" name="&lt;BuildTargetModel&gt;b__2_19(Microsoft.EntityFrameworkCore.Metadata.Builders.EntityTypeBuilder)" namespace="AzAgroPOS.Verilenler.Migrations" type_name="TedarukcuAlisModuluDuzelis2.&lt;&gt;c" block_coverage="0.00" line_coverage="0.00" blocks_covered="0" blocks_not_covered="18" lines_covered="0" lines_partially_covered="0" lines_not_covered="19">
          <ranges>
            <range source_id="50" start_line="861" end_line="861" start_column="17" end_column="18" covered="no" />
            <range source_id="50" start_line="862" end_line="866" start_column="21" end_column="39" covered="no" />
            <range source_id="50" start_line="868" end_line="871" start_column="21" end_column="60" covered="no" />
            <range source_id="50" start_line="873" end_line="877" start_column="21" end_column="39" covered="no" />
            <range source_id="50" start_line="879" end_line="879" start_column="21" end_column="47" covered="no" />
            <range source_id="50" start_line="881" end_line="881" start_column="21" end_column="55" covered="no" />
            <range source_id="50" start_line="883" end_line="883" start_column="21" end_column="44" covered="no" />
            <range source_id="50" start_line="884" end_line="884" start_column="17" end_column="18" covered="no" />
          </ranges>
        </function>
        <function id="168344" token="0x6000463" name="&lt;BuildTargetModel&gt;b__2_20(Microsoft.EntityFrameworkCore.Metadata.Builders.EntityTypeBuilder)" namespace="AzAgroPOS.Verilenler.Migrations" type_name="TedarukcuAlisModuluDuzelis2.&lt;&gt;c" block_coverage="0.00" line_coverage="0.00" blocks_covered="0" blocks_not_covered="7" lines_covered="0" lines_partially_covered="0" lines_not_covered="8">
          <ranges>
            <range source_id="50" start_line="887" end_line="887" start_column="17" end_column="18" covered="no" />
            <range source_id="50" start_line="888" end_line="892" start_column="21" end_column="39" covered="no" />
            <range source_id="50" start_line="894" end_line="894" start_column="21" end_column="47" covered="no" />
            <range source_id="50" start_line="895" end_line="895" start_column="17" end_column="18" covered="no" />
          </ranges>
        </function>
        <function id="168428" token="0x6000464" name="&lt;BuildTargetModel&gt;b__2_21(Microsoft.EntityFrameworkCore.Metadata.Builders.EntityTypeBuilder)" namespace="AzAgroPOS.Verilenler.Migrations" type_name="TedarukcuAlisModuluDuzelis2.&lt;&gt;c" block_coverage="0.00" line_coverage="0.00" blocks_covered="0" blocks_not_covered="13" lines_covered="0" lines_partially_covered="0" lines_not_covered="14">
          <ranges>
            <range source_id="50" start_line="898" end_line="898" start_column="17" end_column="18" covered="no" />
            <range source_id="50" start_line="899" end_line="903" start_column="21" end_column="39" covered="no" />
            <range source_id="50" start_line="905" end_line="909" start_column="21" end_column="39" covered="no" />
            <range source_id="50" start_line="911" end_line="911" start_column="21" end_column="49" covered="no" />
            <range source_id="50" start_line="913" end_line="913" start_column="21" end_column="44" covered="no" />
            <range source_id="50" start_line="914" end_line="914" start_column="17" end_column="18" covered="no" />
          </ranges>
        </function>
        <function id="168578" token="0x6000465" name="&lt;BuildTargetModel&gt;b__2_22(Microsoft.EntityFrameworkCore.Metadata.Builders.EntityTypeBuilder)" namespace="AzAgroPOS.Verilenler.Migrations" type_name="TedarukcuAlisModuluDuzelis2.&lt;&gt;c" block_coverage="0.00" line_coverage="0.00" blocks_covered="0" blocks_not_covered="5" lines_covered="0" lines_partially_covered="0" lines_not_covered="6">
          <ranges>
            <range source_id="50" start_line="917" end_line="917" start_column="17" end_column="18" covered="no" />
            <range source_id="50" start_line="918" end_line="920" start_column="21" end_column="64" covered="no" />
            <range source_id="50" start_line="922" end_line="922" start_column="21" end_column="56" covered="no" />
            <range source_id="50" start_line="923" end_line="923" start_column="17" end_column="18" covered="no" />
          </ranges>
        </function>
        <function id="168636" token="0x6000466" name="&lt;BuildTargetModel&gt;b__2_23(Microsoft.EntityFrameworkCore.Metadata.Builders.EntityTypeBuilder)" namespace="AzAgroPOS.Verilenler.Migrations" type_name="TedarukcuAlisModuluDuzelis2.&lt;&gt;c" block_coverage="0.00" line_coverage="0.00" blocks_covered="0" blocks_not_covered="12" lines_covered="0" lines_partially_covered="0" lines_not_covered="13">
          <ranges>
            <range source_id="50" start_line="926" end_line="926" start_column="17" end_column="18" covered="no" />
            <range source_id="50" start_line="927" end_line="931" start_column="21" end_column="39" covered="no" />
            <range source_id="50" start_line="933" end_line="936" start_column="21" end_column="60" covered="no" />
            <range source_id="50" start_line="938" end_line="938" start_column="21" end_column="42" covered="no" />
            <range source_id="50" start_line="940" end_line="940" start_column="21" end_column="52" covered="no" />
            <range source_id="50" start_line="941" end_line="941" start_column="17" end_column="18" covered="no" />
          </ranges>
        </function>
        <function id="168780" token="0x6000467" name="&lt;BuildTargetModel&gt;b__2_24(Microsoft.EntityFrameworkCore.Metadata.Builders.EntityTypeBuilder)" namespace="AzAgroPOS.Verilenler.Migrations" type_name="TedarukcuAlisModuluDuzelis2.&lt;&gt;c" block_coverage="0.00" line_coverage="0.00" blocks_covered="0" blocks_not_covered="7" lines_covered="0" lines_partially_covered="0" lines_not_covered="8">
          <ranges>
            <range source_id="50" start_line="944" end_line="944" start_column="17" end_column="18" covered="no" />
            <range source_id="50" start_line="945" end_line="949" start_column="21" end_column="39" covered="no" />
            <range source_id="50" start_line="951" end_line="951" start_column="21" end_column="42" covered="no" />
            <range source_id="50" start_line="952" end_line="952" start_column="17" end_column="18" covered="no" />
          </ranges>
        </function>
        <function id="168864" token="0x6000468" name="&lt;BuildTargetModel&gt;b__2_25(Microsoft.EntityFrameworkCore.Metadata.Builders.EntityTypeBuilder)" namespace="AzAgroPOS.Verilenler.Migrations" type_name="TedarukcuAlisModuluDuzelis2.&lt;&gt;c" block_coverage="0.00" line_coverage="0.00" blocks_covered="0" blocks_not_covered="7" lines_covered="0" lines_partially_covered="0" lines_not_covered="8">
          <ranges>
            <range source_id="50" start_line="955" end_line="955" start_column="17" end_column="18" covered="no" />
            <range source_id="50" start_line="956" end_line="960" start_column="21" end_column="39" covered="no" />
            <range source_id="50" start_line="962" end_line="962" start_column="21" end_column="41" covered="no" />
            <range source_id="50" start_line="963" end_line="963" start_column="17" end_column="18" covered="no" />
          </ranges>
        </function>
        <function id="168948" token="0x6000469" name="&lt;BuildTargetModel&gt;b__2_26(Microsoft.EntityFrameworkCore.Metadata.Builders.EntityTypeBuilder)" namespace="AzAgroPOS.Verilenler.Migrations" type_name="TedarukcuAlisModuluDuzelis2.&lt;&gt;c" block_coverage="0.00" line_coverage="0.00" blocks_covered="0" blocks_not_covered="11" lines_covered="0" lines_partially_covered="0" lines_not_covered="12">
          <ranges>
            <range source_id="50" start_line="966" end_line="966" start_column="17" end_column="18" covered="no" />
            <range source_id="50" start_line="967" end_line="971" start_column="21" end_column="39" covered="no" />
            <range source_id="50" start_line="973" end_line="975" start_column="21" end_column="51" covered="no" />
            <range source_id="50" start_line="977" end_line="977" start_column="21" end_column="45" covered="no" />
            <range source_id="50" start_line="979" end_line="979" start_column="21" end_column="43" covered="no" />
            <range source_id="50" start_line="980" end_line="980" start_column="17" end_column="18" covered="no" />
          </ranges>
        </function>
        <function id="169084" token="0x600046a" name="&lt;BuildTargetModel&gt;b__2_27(Microsoft.EntityFrameworkCore.Metadata.Builders.EntityTypeBuilder)" namespace="AzAgroPOS.Verilenler.Migrations" type_name="TedarukcuAlisModuluDuzelis2.&lt;&gt;c" block_coverage="0.00" line_coverage="0.00" blocks_covered="0" blocks_not_covered="7" lines_covered="0" lines_partially_covered="0" lines_not_covered="8">
          <ranges>
            <range source_id="50" start_line="983" end_line="983" start_column="17" end_column="18" covered="no" />
            <range source_id="50" start_line="984" end_line="988" start_column="21" end_column="39" covered="no" />
            <range source_id="50" start_line="990" end_line="990" start_column="21" end_column="42" covered="no" />
            <range source_id="50" start_line="991" end_line="991" start_column="17" end_column="18" covered="no" />
          </ranges>
        </function>
        <function id="169168" token="0x600046b" name="&lt;BuildTargetModel&gt;b__2_28(Microsoft.EntityFrameworkCore.Metadata.Builders.EntityTypeBuilder)" namespace="AzAgroPOS.Verilenler.Migrations" type_name="TedarukcuAlisModuluDuzelis2.&lt;&gt;c" block_coverage="0.00" line_coverage="0.00" blocks_covered="0" blocks_not_covered="11" lines_covered="0" lines_partially_covered="0" lines_not_covered="12">
          <ranges>
            <range source_id="50" start_line="994" end_line="994" start_column="17" end_column="18" covered="no" />
            <range source_id="50" start_line="995" end_line="997" start_column="21" end_column="53" covered="no" />
            <range source_id="50" start_line="999" end_line="1003" start_column="21" end_column="39" covered="no" />
            <range source_id="50" start_line="1005" end_line="1005" start_column="21" end_column="45" covered="no" />
            <range source_id="50" start_line="1007" end_line="1007" start_column="21" end_column="43" covered="no" />
            <range source_id="50" start_line="1008" end_line="1008" start_column="17" end_column="18" covered="no" />
          </ranges>
        </function>
        <function id="169308" token="0x600046c" name="&lt;BuildTargetModel&gt;b__2_29(Microsoft.EntityFrameworkCore.Metadata.Builders.EntityTypeBuilder)" namespace="AzAgroPOS.Verilenler.Migrations" type_name="TedarukcuAlisModuluDuzelis2.&lt;&gt;c" block_coverage="0.00" line_coverage="0.00" blocks_covered="0" blocks_not_covered="13" lines_covered="0" lines_partially_covered="0" lines_not_covered="14">
          <ranges>
            <range source_id="50" start_line="1011" end_line="1011" start_column="17" end_column="18" covered="no" />
            <range source_id="50" start_line="1012" end_line="1016" start_column="21" end_column="39" covered="no" />
            <range source_id="50" start_line="1018" end_line="1022" start_column="21" end_column="39" covered="no" />
            <range source_id="50" start_line="1024" end_line="1024" start_column="21" end_column="44" covered="no" />
            <range source_id="50" start_line="1026" end_line="1026" start_column="21" end_column="43" covered="no" />
            <range source_id="50" start_line="1027" end_line="1027" start_column="17" end_column="18" covered="no" />
          </ranges>
        </function>
        <function id="169460" token="0x600046d" name="&lt;BuildTargetModel&gt;b__2_30(Microsoft.EntityFrameworkCore.Metadata.Builders.EntityTypeBuilder)" namespace="AzAgroPOS.Verilenler.Migrations" type_name="TedarukcuAlisModuluDuzelis2.&lt;&gt;c" block_coverage="0.00" line_coverage="0.00" blocks_covered="0" blocks_not_covered="12" lines_covered="0" lines_partially_covered="0" lines_not_covered="13">
          <ranges>
            <range source_id="50" start_line="1030" end_line="1030" start_column="17" end_column="18" covered="no" />
            <range source_id="50" start_line="1031" end_line="1034" start_column="21" end_column="59" covered="no" />
            <range source_id="50" start_line="1036" end_line="1040" start_column="21" end_column="39" covered="no" />
            <range source_id="50" start_line="1042" end_line="1042" start_column="21" end_column="47" covered="no" />
            <range source_id="50" start_line="1044" end_line="1044" start_column="21" end_column="47" covered="no" />
            <range source_id="50" start_line="1045" end_line="1045" start_column="17" end_column="18" covered="no" />
          </ranges>
        </function>
        <function id="169608" token="0x600046e" name="&lt;BuildTargetModel&gt;b__2_31(Microsoft.EntityFrameworkCore.Metadata.Builders.EntityTypeBuilder)" namespace="AzAgroPOS.Verilenler.Migrations" type_name="TedarukcuAlisModuluDuzelis2.&lt;&gt;c" block_coverage="0.00" line_coverage="0.00" blocks_covered="0" blocks_not_covered="6" lines_covered="0" lines_partially_covered="0" lines_not_covered="7">
          <ranges>
            <range source_id="50" start_line="1048" end_line="1048" start_column="17" end_column="18" covered="no" />
            <range source_id="50" start_line="1049" end_line="1052" start_column="21" end_column="60" covered="no" />
            <range source_id="50" start_line="1054" end_line="1054" start_column="21" end_column="42" covered="no" />
            <range source_id="50" start_line="1055" end_line="1055" start_column="17" end_column="18" covered="no" />
          </ranges>
        </function>
        <function id="169686" token="0x600046f" name="&lt;BuildTargetModel&gt;b__2_32(Microsoft.EntityFrameworkCore.Metadata.Builders.EntityTypeBuilder)" namespace="AzAgroPOS.Verilenler.Migrations" type_name="TedarukcuAlisModuluDuzelis2.&lt;&gt;c" block_coverage="0.00" line_coverage="0.00" blocks_covered="0" blocks_not_covered="3" lines_covered="0" lines_partially_covered="0" lines_not_covered="4">
          <ranges>
            <range source_id="50" start_line="1058" end_line="1058" start_column="17" end_column="18" covered="no" />
            <range source_id="50" start_line="1059" end_line="1059" start_column="21" end_column="46" covered="no" />
            <range source_id="50" start_line="1061" end_line="1061" start_column="21" end_column="52" covered="no" />
            <range source_id="50" start_line="1062" end_line="1062" start_column="17" end_column="18" covered="no" />
          </ranges>
        </function>
        <function id="169713" token="0x6000470" name="&lt;BuildTargetModel&gt;b__2_33(Microsoft.EntityFrameworkCore.Metadata.Builders.EntityTypeBuilder)" namespace="AzAgroPOS.Verilenler.Migrations" type_name="TedarukcuAlisModuluDuzelis2.&lt;&gt;c" block_coverage="0.00" line_coverage="0.00" blocks_covered="0" blocks_not_covered="2" lines_covered="0" lines_partially_covered="0" lines_not_covered="3">
          <ranges>
            <range source_id="50" start_line="1065" end_line="1065" start_column="17" end_column="18" covered="no" />
            <range source_id="50" start_line="1066" end_line="1066" start_column="21" end_column="54" covered="no" />
            <range source_id="50" start_line="1067" end_line="1067" start_column="17" end_column="18" covered="no" />
          </ranges>
        </function>
        <function id="169728" token="0x6000471" name="&lt;BuildTargetModel&gt;b__2_34(Microsoft.EntityFrameworkCore.Metadata.Builders.EntityTypeBuilder)" namespace="AzAgroPOS.Verilenler.Migrations" type_name="TedarukcuAlisModuluDuzelis2.&lt;&gt;c" block_coverage="0.00" line_coverage="0.00" blocks_covered="0" blocks_not_covered="3" lines_covered="0" lines_partially_covered="0" lines_not_covered="4">
          <ranges>
            <range source_id="50" start_line="1070" end_line="1070" start_column="17" end_column="18" covered="no" />
            <range source_id="50" start_line="1071" end_line="1071" start_column="21" end_column="50" covered="no" />
            <range source_id="50" start_line="1073" end_line="1073" start_column="21" end_column="56" covered="no" />
            <range source_id="50" start_line="1074" end_line="1074" start_column="17" end_column="18" covered="no" />
          </ranges>
        </function>
        <function id="169755" token="0x6000472" name="&lt;BuildTargetModel&gt;b__2_35(Microsoft.EntityFrameworkCore.Metadata.Builders.EntityTypeBuilder)" namespace="AzAgroPOS.Verilenler.Migrations" type_name="TedarukcuAlisModuluDuzelis2.&lt;&gt;c" block_coverage="0.00" line_coverage="0.00" blocks_covered="0" blocks_not_covered="3" lines_covered="0" lines_partially_covered="0" lines_not_covered="4">
          <ranges>
            <range source_id="50" start_line="1077" end_line="1077" start_column="17" end_column="18" covered="no" />
            <range source_id="50" start_line="1078" end_line="1078" start_column="21" end_column="46" covered="no" />
            <range source_id="50" start_line="1080" end_line="1080" start_column="21" end_column="54" covered="no" />
            <range source_id="50" start_line="1081" end_line="1081" start_column="17" end_column="18" covered="no" />
          </ranges>
        </function>
        <function id="169782" token="0x6000473" name="&lt;BuildTargetModel&gt;b__2_36(Microsoft.EntityFrameworkCore.Metadata.Builders.EntityTypeBuilder)" namespace="AzAgroPOS.Verilenler.Migrations" type_name="TedarukcuAlisModuluDuzelis2.&lt;&gt;c" block_coverage="0.00" line_coverage="0.00" blocks_covered="0" blocks_not_covered="2" lines_covered="0" lines_partially_covered="0" lines_not_covered="3">
          <ranges>
            <range source_id="50" start_line="1084" end_line="1084" start_column="17" end_column="18" covered="no" />
            <range source_id="50" start_line="1085" end_line="1085" start_column="21" end_column="46" covered="no" />
            <range source_id="50" start_line="1086" end_line="1086" start_column="17" end_column="18" covered="no" />
          </ranges>
        </function>
        <function id="169797" token="0x6000474" name="&lt;BuildTargetModel&gt;b__2_37(Microsoft.EntityFrameworkCore.Metadata.Builders.EntityTypeBuilder)" namespace="AzAgroPOS.Verilenler.Migrations" type_name="TedarukcuAlisModuluDuzelis2.&lt;&gt;c" block_coverage="0.00" line_coverage="0.00" blocks_covered="0" blocks_not_covered="2" lines_covered="0" lines_partially_covered="0" lines_not_covered="3">
          <ranges>
            <range source_id="50" start_line="1089" end_line="1089" start_column="17" end_column="18" covered="no" />
            <range source_id="50" start_line="1090" end_line="1090" start_column="21" end_column="51" covered="no" />
            <range source_id="50" start_line="1091" end_line="1091" start_column="17" end_column="18" covered="no" />
          </ranges>
        </function>
        <function id="169812" token="0x6000475" name="&lt;BuildTargetModel&gt;b__2_38(Microsoft.EntityFrameworkCore.Metadata.Builders.EntityTypeBuilder)" namespace="AzAgroPOS.Verilenler.Migrations" type_name="TedarukcuAlisModuluDuzelis2.&lt;&gt;c" block_coverage="0.00" line_coverage="0.00" blocks_covered="0" blocks_not_covered="2" lines_covered="0" lines_partially_covered="0" lines_not_covered="3">
          <ranges>
            <range source_id="50" start_line="1094" end_line="1094" start_column="17" end_column="18" covered="no" />
            <range source_id="50" start_line="1095" end_line="1095" start_column="21" end_column="52" covered="no" />
            <range source_id="50" start_line="1096" end_line="1096" start_column="17" end_column="18" covered="no" />
          </ranges>
        </function>
        <function id="169827" token="0x6000476" name="&lt;BuildTargetModel&gt;b__2_39(Microsoft.EntityFrameworkCore.Metadata.Builders.EntityTypeBuilder)" namespace="AzAgroPOS.Verilenler.Migrations" type_name="TedarukcuAlisModuluDuzelis2.&lt;&gt;c" block_coverage="0.00" line_coverage="0.00" blocks_covered="0" blocks_not_covered="4" lines_covered="0" lines_partially_covered="0" lines_not_covered="5">
          <ranges>
            <range source_id="50" start_line="1099" end_line="1099" start_column="17" end_column="18" covered="no" />
            <range source_id="50" start_line="1100" end_line="1100" start_column="21" end_column="51" covered="no" />
            <range source_id="50" start_line="1102" end_line="1102" start_column="21" end_column="53" covered="no" />
            <range source_id="50" start_line="1104" end_line="1104" start_column="21" end_column="46" covered="no" />
            <range source_id="50" start_line="1105" end_line="1105" start_column="17" end_column="18" covered="no" />
          </ranges>
        </function>
        <function id="169888" token="0x6000479" name="&lt;Up&gt;b__0_0(Microsoft.EntityFrameworkCore.Migrations.Operations.Builders.ColumnsBuilder)" namespace="AzAgroPOS.Verilenler.Migrations" type_name="MehsulYeniSahelerEklendi.&lt;&gt;c" block_coverage="0.00" line_coverage="0.00" blocks_covered="0" blocks_not_covered="10" lines_covered="0" lines_partially_covered="0" lines_not_covered="11">
          <ranges>
            <range source_id="51" start_line="48" end_line="58" start_column="35" end_column="18" covered="no" />
          </ranges>
        </function>
        <function id="170432" token="0x600047a" name="&lt;Up&gt;b__0_1(Microsoft.EntityFrameworkCore.Migrations.Operations.Builders.CreateTableBuilder&lt;&lt;&gt;f__AnonymousType26&lt;Microsoft.EntityFrameworkCore.Migrations.Operations.Builders.OperationBuilder&lt;Microsoft.EntityFrameworkCore.Migrations.Operations.AddColumnOperation&gt;, Microsoft.EntityFrameworkCore.Migrations.Operations.Builders.OperationBuilder&lt;Microsoft.EntityFrameworkCore.Migrations.Operations.AddColumnOperation&gt;, Microsoft.EntityFrameworkCore.Migrations.Operations.Builders.OperationBuilder&lt;Microsoft.EntityFrameworkCore.Migrations.Operations.AddColumnOperation&gt;, Microsoft.EntityFrameworkCore.Migrations.Operations.Builders.OperationBuilder&lt;Microsoft.EntityFrameworkCore.Migrations.Operations.AddColumnOperation&gt;, Microsoft.EntityFrameworkCore.Migrations.Operations.Builders.OperationBuilder&lt;Microsoft.EntityFrameworkCore.Migrations.Operations.AddColumnOperation&gt;, Microsoft.EntityFrameworkCore.Migrations.Operations.Builders.OperationBuilder&lt;Microsoft.EntityFrameworkCore.Migrations.Operations.AddColumnOperation&gt;, Microsoft.EntityFrameworkCore.Migrations.Operations.Builders.OperationBuilder&lt;Microsoft.EntityFrameworkCore.Migrations.Operations.AddColumnOperation&gt;&gt;&gt;)" namespace="AzAgroPOS.Verilenler.Migrations" type_name="MehsulYeniSahelerEklendi.&lt;&gt;c" block_coverage="0.00" line_coverage="0.00" blocks_covered="0" blocks_not_covered="7" lines_covered="0" lines_partially_covered="0" lines_not_covered="3">
          <ranges>
            <range source_id="51" start_line="60" end_line="60" start_column="17" end_column="18" covered="no" />
            <range source_id="51" start_line="61" end_line="61" start_column="21" end_column="64" covered="no" />
            <range source_id="51" start_line="62" end_line="62" start_column="17" end_column="18" covered="no" />
          </ranges>
        </function>
        <function id="170520" token="0x600047b" name="&lt;Up&gt;b__0_2(Microsoft.EntityFrameworkCore.Migrations.Operations.Builders.ColumnsBuilder)" namespace="AzAgroPOS.Verilenler.Migrations" type_name="MehsulYeniSahelerEklendi.&lt;&gt;c" block_coverage="0.00" line_coverage="0.00" blocks_covered="0" blocks_not_covered="7" lines_covered="0" lines_partially_covered="0" lines_not_covered="8">
          <ranges>
            <range source_id="51" start_line="66" end_line="73" start_column="35" end_column="18" covered="no" />
          </ranges>
        </function>
        <function id="170848" token="0x600047c" name="&lt;Up&gt;b__0_3(Microsoft.EntityFrameworkCore.Migrations.Operations.Builders.CreateTableBuilder&lt;&lt;&gt;f__AnonymousType27&lt;Microsoft.EntityFrameworkCore.Migrations.Operations.Builders.OperationBuilder&lt;Microsoft.EntityFrameworkCore.Migrations.Operations.AddColumnOperation&gt;, Microsoft.EntityFrameworkCore.Migrations.Operations.Builders.OperationBuilder&lt;Microsoft.EntityFrameworkCore.Migrations.Operations.AddColumnOperation&gt;, Microsoft.EntityFrameworkCore.Migrations.Operations.Builders.OperationBuilder&lt;Microsoft.EntityFrameworkCore.Migrations.Operations.AddColumnOperation&gt;, Microsoft.EntityFrameworkCore.Migrations.Operations.Builders.OperationBuilder&lt;Microsoft.EntityFrameworkCore.Migrations.Operations.AddColumnOperation&gt;&gt;&gt;)" namespace="AzAgroPOS.Verilenler.Migrations" type_name="MehsulYeniSahelerEklendi.&lt;&gt;c" block_coverage="0.00" line_coverage="0.00" blocks_covered="0" blocks_not_covered="7" lines_covered="0" lines_partially_covered="0" lines_not_covered="3">
          <ranges>
            <range source_id="51" start_line="75" end_line="75" start_column="17" end_column="18" covered="no" />
            <range source_id="51" start_line="76" end_line="76" start_column="21" end_column="69" covered="no" />
            <range source_id="51" start_line="77" end_line="77" start_column="17" end_column="18" covered="no" />
          </ranges>
        </function>
        <function id="170936" token="0x600047d" name="&lt;BuildTargetModel&gt;b__2_0(Microsoft.EntityFrameworkCore.Metadata.Builders.EntityTypeBuilder)" namespace="AzAgroPOS.Verilenler.Migrations" type_name="MehsulYeniSahelerEklendi.&lt;&gt;c" block_coverage="0.00" line_coverage="0.00" blocks_covered="0" blocks_not_covered="24" lines_covered="0" lines_partially_covered="0" lines_not_covered="24">
          <ranges>
            <range source_id="52" start_line="29" end_line="29" start_column="17" end_column="18" covered="no" />
            <range source_id="52" start_line="30" end_line="32" start_column="21" end_column="47" covered="no" />
            <range source_id="52" start_line="34" end_line="34" start_column="21" end_column="97" covered="no" />
            <range source_id="52" start_line="36" end_line="37" start_column="21" end_column="57" covered="no" />
            <range source_id="52" start_line="39" end_line="41" start_column="21" end_column="57" covered="no" />
            <range source_id="52" start_line="43" end_line="44" start_column="21" end_column="47" covered="no" />
            <range source_id="52" start_line="46" end_line="47" start_column="21" end_column="47" covered="no" />
            <range source_id="52" start_line="49" end_line="50" start_column="21" end_column="53" covered="no" />
            <range source_id="52" start_line="52" end_line="53" start_column="21" end_column="58" covered="no" />
            <range source_id="52" start_line="55" end_line="56" start_column="21" end_column="53" covered="no" />
            <range source_id="52" start_line="58" end_line="58" start_column="21" end_column="36" covered="no" />
            <range source_id="52" start_line="60" end_line="60" start_column="21" end_column="47" covered="no" />
            <range source_id="52" start_line="62" end_line="62" start_column="21" end_column="48" covered="no" />
            <range source_id="52" start_line="63" end_line="63" start_column="17" end_column="18" covered="no" />
          </ranges>
        </function>
        <function id="171212" token="0x600047e" name="&lt;BuildTargetModel&gt;b__2_1(Microsoft.EntityFrameworkCore.Metadata.Builders.EntityTypeBuilder)" namespace="AzAgroPOS.Verilenler.Migrations" type_name="MehsulYeniSahelerEklendi.&lt;&gt;c" block_coverage="0.00" line_coverage="0.00" blocks_covered="0" blocks_not_covered="23" lines_covered="0" lines_partially_covered="0" lines_not_covered="23">
          <ranges>
            <range source_id="52" start_line="66" end_line="66" start_column="17" end_column="18" covered="no" />
            <range source_id="52" start_line="67" end_line="69" start_column="21" end_column="47" covered="no" />
            <range source_id="52" start_line="71" end_line="71" start_column="21" end_column="97" covered="no" />
            <range source_id="52" start_line="73" end_line="74" start_column="21" end_column="47" covered="no" />
            <range source_id="52" start_line="76" end_line="77" start_column="21" end_column="47" covered="no" />
            <range source_id="52" start_line="79" end_line="80" start_column="21" end_column="58" covered="no" />
            <range source_id="52" start_line="82" end_line="83" start_column="21" end_column="58" covered="no" />
            <range source_id="52" start_line="85" end_line="86" start_column="21" end_column="47" covered="no" />
            <range source_id="52" start_line="88" end_line="89" start_column="21" end_column="57" covered="no" />
            <range source_id="52" start_line="91" end_line="91" start_column="21" end_column="36" covered="no" />
            <range source_id="52" start_line="93" end_line="93" start_column="21" end_column="47" covered="no" />
            <range source_id="52" start_line="95" end_line="95" start_column="21" end_column="55" covered="no" />
            <range source_id="52" start_line="97" end_line="97" start_column="21" end_column="44" covered="no" />
            <range source_id="52" start_line="99" end_line="99" start_column="21" end_column="53" covered="no" />
            <range source_id="52" start_line="100" end_line="100" start_column="17" end_column="18" covered="no" />
          </ranges>
        </function>
        <function id="171504" token="0x600047f" name="&lt;BuildTargetModel&gt;b__2_2(Microsoft.EntityFrameworkCore.Metadata.Builders.EntityTypeBuilder)" namespace="AzAgroPOS.Verilenler.Migrations" type_name="MehsulYeniSahelerEklendi.&lt;&gt;c" block_coverage="0.00" line_coverage="0.00" blocks_covered="0" blocks_not_covered="28" lines_covered="0" lines_partially_covered="0" lines_not_covered="28">
          <ranges>
            <range source_id="52" start_line="103" end_line="103" start_column="17" end_column="18" covered="no" />
            <range source_id="52" start_line="104" end_line="106" start_column="21" end_column="47" covered="no" />
            <range source_id="52" start_line="108" end_line="108" start_column="21" end_column="97" covered="no" />
            <range source_id="52" start_line="110" end_line="111" start_column="21" end_column="53" covered="no" />
            <range source_id="52" start_line="113" end_line="114" start_column="21" end_column="53" covered="no" />
            <range source_id="52" start_line="116" end_line="117" start_column="21" end_column="57" covered="no" />
            <range source_id="52" start_line="119" end_line="121" start_column="21" end_column="57" covered="no" />
            <range source_id="52" start_line="123" end_line="124" start_column="21" end_column="47" covered="no" />
            <range source_id="52" start_line="126" end_line="127" start_column="21" end_column="47" covered="no" />
            <range source_id="52" start_line="129" end_line="130" start_column="21" end_column="53" covered="no" />
            <range source_id="52" start_line="132" end_line="133" start_column="21" end_column="58" covered="no" />
            <range source_id="52" start_line="135" end_line="136" start_column="21" end_column="53" covered="no" />
            <range source_id="52" start_line="138" end_line="138" start_column="21" end_column="36" covered="no" />
            <range source_id="52" start_line="140" end_line="140" start_column="21" end_column="47" covered="no" />
            <range source_id="52" start_line="142" end_line="142" start_column="21" end_column="50" covered="no" />
            <range source_id="52" start_line="143" end_line="143" start_column="17" end_column="18" covered="no" />
          </ranges>
        </function>
        <function id="171824" token="0x6000480" name="&lt;BuildTargetModel&gt;b__2_3(Microsoft.EntityFrameworkCore.Metadata.Builders.EntityTypeBuilder)" namespace="AzAgroPOS.Verilenler.Migrations" type_name="MehsulYeniSahelerEklendi.&lt;&gt;c" block_coverage="0.00" line_coverage="0.00" blocks_covered="0" blocks_not_covered="22" lines_covered="0" lines_partially_covered="0" lines_not_covered="22">
          <ranges>
            <range source_id="52" start_line="146" end_line="146" start_column="17" end_column="18" covered="no" />
            <range source_id="52" start_line="147" end_line="149" start_column="21" end_column="47" covered="no" />
            <range source_id="52" start_line="151" end_line="151" start_column="21" end_column="97" covered="no" />
            <range source_id="52" start_line="153" end_line="154" start_column="21" end_column="47" covered="no" />
            <range source_id="52" start_line="156" end_line="157" start_column="21" end_column="58" covered="no" />
            <range source_id="52" start_line="159" end_line="160" start_column="21" end_column="58" covered="no" />
            <range source_id="52" start_line="162" end_line="163" start_column="21" end_column="47" covered="no" />
            <range source_id="52" start_line="165" end_line="166" start_column="21" end_column="57" covered="no" />
            <range source_id="52" start_line="168" end_line="169" start_column="21" end_column="57" covered="no" />
            <range source_id="52" start_line="171" end_line="171" start_column="21" end_column="36" covered="no" />
            <range source_id="52" start_line="173" end_line="173" start_column="21" end_column="49" covered="no" />
            <range source_id="52" start_line="175" end_line="175" start_column="21" end_column="44" covered="no" />
            <range source_id="52" start_line="177" end_line="177" start_column="21" end_column="55" covered="no" />
            <range source_id="52" start_line="178" end_line="178" start_column="17" end_column="18" covered="no" />
          </ranges>
        </function>
        <function id="172092" token="0x6000481" name="&lt;BuildTargetModel&gt;b__2_4(Microsoft.EntityFrameworkCore.Metadata.Builders.EntityTypeBuilder)" namespace="AzAgroPOS.Verilenler.Migrations" type_name="MehsulYeniSahelerEklendi.&lt;&gt;c" block_coverage="0.00" line_coverage="0.00" blocks_covered="0" blocks_not_covered="25" lines_covered="0" lines_partially_covered="0" lines_not_covered="49">
          <ranges>
            <range source_id="52" start_line="181" end_line="181" start_column="17" end_column="18" covered="no" />
            <range source_id="52" start_line="182" end_line="184" start_column="21" end_column="47" covered="no" />
            <range source_id="52" start_line="186" end_line="186" start_column="21" end_column="97" covered="no" />
            <range source_id="52" start_line="188" end_line="190" start_column="21" end_column="57" covered="no" />
            <range source_id="52" start_line="192" end_line="193" start_column="21" end_column="47" covered="no" />
            <range source_id="52" start_line="195" end_line="196" start_column="21" end_column="57" covered="no" />
            <range source_id="52" start_line="198" end_line="199" start_column="21" end_column="57" covered="no" />
            <range source_id="52" start_line="201" end_line="202" start_column="21" end_column="57" covered="no" />
            <range source_id="52" start_line="204" end_line="205" start_column="21" end_column="57" covered="no" />
            <range source_id="52" start_line="207" end_line="207" start_column="21" end_column="36" covered="no" />
            <range source_id="52" start_line="209" end_line="209" start_column="21" end_column="43" covered="no" />
            <range source_id="52" start_line="211" end_line="238" start_column="21" end_column="28" covered="no" />
            <range source_id="52" start_line="239" end_line="239" start_column="17" end_column="18" covered="no" />
          </ranges>
        </function>
        <function id="172428" token="0x6000482" name="&lt;BuildTargetModel&gt;b__2_5(Microsoft.EntityFrameworkCore.Metadata.Builders.EntityTypeBuilder)" namespace="AzAgroPOS.Verilenler.Migrations" type_name="MehsulYeniSahelerEklendi.&lt;&gt;c" block_coverage="0.00" line_coverage="0.00" blocks_covered="0" blocks_not_covered="55" lines_covered="0" lines_partially_covered="0" lines_not_covered="81">
          <ranges>
            <range source_id="52" start_line="242" end_line="242" start_column="17" end_column="18" covered="no" />
            <range source_id="52" start_line="243" end_line="245" start_column="21" end_column="47" covered="no" />
            <range source_id="52" start_line="247" end_line="247" start_column="21" end_column="97" covered="no" />
            <range source_id="52" start_line="249" end_line="251" start_column="21" end_column="57" covered="no" />
            <range source_id="52" start_line="253" end_line="255" start_column="21" end_column="57" covered="no" />
            <range source_id="52" start_line="257" end_line="258" start_column="21" end_column="53" covered="no" />
            <range source_id="52" start_line="260" end_line="262" start_column="21" end_column="57" covered="no" />
            <range source_id="52" start_line="264" end_line="265" start_column="21" end_column="53" covered="no" />
            <range source_id="52" start_line="267" end_line="268" start_column="21" end_column="58" covered="no" />
            <range source_id="52" start_line="270" end_line="272" start_column="21" end_column="57" covered="no" />
            <range source_id="52" start_line="274" end_line="275" start_column="21" end_column="47" covered="no" />
            <range source_id="52" start_line="277" end_line="278" start_column="21" end_column="47" covered="no" />
            <range source_id="52" start_line="280" end_line="282" start_column="21" end_column="57" covered="no" />
            <range source_id="52" start_line="284" end_line="286" start_column="21" end_column="57" covered="no" />
            <range source_id="52" start_line="288" end_line="290" start_column="21" end_column="57" covered="no" />
            <range source_id="52" start_line="292" end_line="294" start_column="21" end_column="57" covered="no" />
            <range source_id="52" start_line="296" end_line="298" start_column="21" end_column="57" covered="no" />
            <range source_id="52" start_line="300" end_line="300" start_column="21" end_column="36" covered="no" />
            <range source_id="52" start_line="302" end_line="302" start_column="21" end_column="56" covered="no" />
            <range source_id="52" start_line="304" end_line="304" start_column="21" end_column="42" covered="no" />
            <range source_id="52" start_line="306" end_line="340" start_column="21" end_column="28" covered="no" />
            <range source_id="52" start_line="341" end_line="341" start_column="17" end_column="18" covered="no" />
          </ranges>
        </function>
        <function id="173128" token="0x6000483" name="&lt;BuildTargetModel&gt;b__2_6(Microsoft.EntityFrameworkCore.Metadata.Builders.EntityTypeBuilder)" namespace="AzAgroPOS.Verilenler.Migrations" type_name="MehsulYeniSahelerEklendi.&lt;&gt;c" block_coverage="0.00" line_coverage="0.00" blocks_covered="0" blocks_not_covered="32" lines_covered="0" lines_partially_covered="0" lines_not_covered="32">
          <ranges>
            <range source_id="52" start_line="344" end_line="344" start_column="17" end_column="18" covered="no" />
            <range source_id="52" start_line="345" end_line="347" start_column="21" end_column="47" covered="no" />
            <range source_id="52" start_line="349" end_line="349" start_column="21" end_column="97" covered="no" />
            <range source_id="52" start_line="351" end_line="352" start_column="21" end_column="53" covered="no" />
            <range source_id="52" start_line="354" end_line="355" start_column="21" end_column="53" covered="no" />
            <range source_id="52" start_line="357" end_line="358" start_column="21" end_column="47" covered="no" />
            <range source_id="52" start_line="360" end_line="361" start_column="21" end_column="47" covered="no" />
            <range source_id="52" start_line="363" end_line="364" start_column="21" end_column="47" covered="no" />
            <range source_id="52" start_line="366" end_line="368" start_column="21" end_column="57" covered="no" />
            <range source_id="52" start_line="370" end_line="372" start_column="21" end_column="57" covered="no" />
            <range source_id="52" start_line="374" end_line="375" start_column="21" end_column="47" covered="no" />
            <range source_id="52" start_line="377" end_line="378" start_column="21" end_column="47" covered="no" />
            <range source_id="52" start_line="380" end_line="381" start_column="21" end_column="53" covered="no" />
            <range source_id="52" start_line="383" end_line="383" start_column="21" end_column="36" covered="no" />
            <range source_id="52" start_line="385" end_line="385" start_column="21" end_column="42" covered="no" />
            <range source_id="52" start_line="387" end_line="387" start_column="21" end_column="52" covered="no" />
            <range source_id="52" start_line="389" end_line="389" start_column="21" end_column="46" covered="no" />
            <range source_id="52" start_line="390" end_line="390" start_column="17" end_column="18" covered="no" />
          </ranges>
        </function>
        <function id="173496" token="0x6000484" name="&lt;BuildTargetModel&gt;b__2_7(Microsoft.EntityFrameworkCore.Metadata.Builders.EntityTypeBuilder)" namespace="AzAgroPOS.Verilenler.Migrations" type_name="MehsulYeniSahelerEklendi.&lt;&gt;c" block_coverage="0.00" line_coverage="0.00" blocks_covered="0" blocks_not_covered="27" lines_covered="0" lines_partially_covered="0" lines_not_covered="27">
          <ranges>
            <range source_id="52" start_line="393" end_line="393" start_column="17" end_column="18" covered="no" />
            <range source_id="52" start_line="394" end_line="396" start_column="21" end_column="47" covered="no" />
            <range source_id="52" start_line="398" end_line="398" start_column="21" end_column="97" covered="no" />
            <range source_id="52" start_line="400" end_line="402" start_column="21" end_column="57" covered="no" />
            <range source_id="52" start_line="404" end_line="405" start_column="21" end_column="47" covered="no" />
            <range source_id="52" start_line="407" end_line="409" start_column="21" end_column="57" covered="no" />
            <range source_id="52" start_line="411" end_line="413" start_column="21" end_column="57" covered="no" />
            <range source_id="52" start_line="415" end_line="416" start_column="21" end_column="47" covered="no" />
            <range source_id="52" start_line="418" end_line="419" start_column="21" end_column="53" covered="no" />
            <range source_id="52" start_line="421" end_line="423" start_column="21" end_column="57" covered="no" />
            <range source_id="52" start_line="425" end_line="425" start_column="21" end_column="36" covered="no" />
            <range source_id="52" start_line="427" end_line="427" start_column="21" end_column="42" covered="no" />
            <range source_id="52" start_line="429" end_line="429" start_column="21" end_column="53" covered="no" />
            <range source_id="52" start_line="430" end_line="430" start_column="17" end_column="18" covered="no" />
          </ranges>
        </function>
        <function id="173792" token="0x6000485" name="&lt;BuildTargetModel&gt;b__2_8(Microsoft.EntityFrameworkCore.Metadata.Builders.EntityTypeBuilder)" namespace="AzAgroPOS.Verilenler.Migrations" type_name="MehsulYeniSahelerEklendi.&lt;&gt;c" block_coverage="0.00" line_coverage="0.00" blocks_covered="0" blocks_not_covered="22" lines_covered="0" lines_partially_covered="0" lines_not_covered="29">
          <ranges>
            <range source_id="52" start_line="433" end_line="433" start_column="17" end_column="18" covered="no" />
            <range source_id="52" start_line="434" end_line="436" start_column="21" end_column="47" covered="no" />
            <range source_id="52" start_line="438" end_line="438" start_column="21" end_column="97" covered="no" />
            <range source_id="52" start_line="440" end_line="442" start_column="21" end_column="57" covered="no" />
            <range source_id="52" start_line="444" end_line="446" start_column="21" end_column="57" covered="no" />
            <range source_id="52" start_line="448" end_line="449" start_column="21" end_column="47" covered="no" />
            <range source_id="52" start_line="451" end_line="453" start_column="21" end_column="57" covered="no" />
            <range source_id="52" start_line="455" end_line="455" start_column="21" end_column="36" covered="no" />
            <range source_id="52" start_line="457" end_line="457" start_column="21" end_column="41" covered="no" />
            <range source_id="52" start_line="459" end_line="459" start_column="21" end_column="48" covered="no" />
            <range source_id="52" start_line="461" end_line="469" start_column="21" end_column="28" covered="no" />
            <range source_id="52" start_line="470" end_line="470" start_column="17" end_column="18" covered="no" />
          </ranges>
        </function>
        <function id="174052" token="0x6000486" name="&lt;BuildTargetModel&gt;b__2_9(Microsoft.EntityFrameworkCore.Metadata.Builders.EntityTypeBuilder)" namespace="AzAgroPOS.Verilenler.Migrations" type_name="MehsulYeniSahelerEklendi.&lt;&gt;c" block_coverage="0.00" line_coverage="0.00" blocks_covered="0" blocks_not_covered="19" lines_covered="0" lines_partially_covered="0" lines_not_covered="37">
          <ranges>
            <range source_id="52" start_line="473" end_line="473" start_column="17" end_column="18" covered="no" />
            <range source_id="52" start_line="474" end_line="476" start_column="21" end_column="47" covered="no" />
            <range source_id="52" start_line="478" end_line="478" start_column="21" end_column="97" covered="no" />
            <range source_id="52" start_line="480" end_line="482" start_column="21" end_column="57" covered="no" />
            <range source_id="52" start_line="484" end_line="485" start_column="21" end_column="47" covered="no" />
            <range source_id="52" start_line="487" end_line="488" start_column="21" end_column="57" covered="no" />
            <range source_id="52" start_line="490" end_line="490" start_column="21" end_column="36" covered="no" />
            <range source_id="52" start_line="492" end_line="492" start_column="21" end_column="48" covered="no" />
            <range source_id="52" start_line="494" end_line="515" start_column="21" end_column="28" covered="no" />
            <range source_id="52" start_line="516" end_line="516" start_column="17" end_column="18" covered="no" />
          </ranges>
        </function>
        <function id="174292" token="0x6000487" name="&lt;BuildTargetModel&gt;b__2_10(Microsoft.EntityFrameworkCore.Metadata.Builders.EntityTypeBuilder)" namespace="AzAgroPOS.Verilenler.Migrations" type_name="MehsulYeniSahelerEklendi.&lt;&gt;c" block_coverage="0.00" line_coverage="0.00" blocks_covered="0" blocks_not_covered="52" lines_covered="0" lines_partially_covered="0" lines_not_covered="88">
          <ranges>
            <range source_id="52" start_line="519" end_line="519" start_column="17" end_column="18" covered="no" />
            <range source_id="52" start_line="520" end_line="522" start_column="21" end_column="47" covered="no" />
            <range source_id="52" start_line="524" end_line="524" start_column="21" end_column="97" covered="no" />
            <range source_id="52" start_line="526" end_line="528" start_column="21" end_column="57" covered="no" />
            <range source_id="52" start_line="530" end_line="531" start_column="21" end_column="47" covered="no" />
            <range source_id="52" start_line="533" end_line="534" start_column="21" end_column="58" covered="no" />
            <range source_id="52" start_line="536" end_line="537" start_column="21" end_column="57" covered="no" />
            <range source_id="52" start_line="539" end_line="540" start_column="21" end_column="47" covered="no" />
            <range source_id="52" start_line="542" end_line="543" start_column="21" end_column="47" covered="no" />
            <range source_id="52" start_line="545" end_line="546" start_column="21" end_column="47" covered="no" />
            <range source_id="52" start_line="548" end_line="549" start_column="21" end_column="47" covered="no" />
            <range source_id="52" start_line="551" end_line="552" start_column="21" end_column="47" covered="no" />
            <range source_id="52" start_line="554" end_line="555" start_column="21" end_column="58" covered="no" />
            <range source_id="52" start_line="557" end_line="558" start_column="21" end_column="57" covered="no" />
            <range source_id="52" start_line="560" end_line="561" start_column="21" end_column="57" covered="no" />
            <range source_id="52" start_line="563" end_line="564" start_column="21" end_column="47" covered="no" />
            <range source_id="52" start_line="566" end_line="567" start_column="21" end_column="58" covered="no" />
            <range source_id="52" start_line="569" end_line="570" start_column="21" end_column="58" covered="no" />
            <range source_id="52" start_line="572" end_line="572" start_column="21" end_column="36" covered="no" />
            <range source_id="52" start_line="574" end_line="574" start_column="21" end_column="43" covered="no" />
            <range source_id="52" start_line="576" end_line="576" start_column="21" end_column="48" covered="no" />
            <range source_id="52" start_line="578" end_line="578" start_column="21" end_column="47" covered="no" />
            <range source_id="52" start_line="580" end_line="580" start_column="21" end_column="44" covered="no" />
            <range source_id="52" start_line="582" end_line="627" start_column="21" end_column="28" covered="no" />
            <range source_id="52" start_line="628" end_line="628" start_column="17" end_column="18" covered="no" />
          </ranges>
        </function>
        <function id="174996" token="0x6000488" name="&lt;BuildTargetModel&gt;b__2_11(Microsoft.EntityFrameworkCore.Metadata.Builders.EntityTypeBuilder)" namespace="AzAgroPOS.Verilenler.Migrations" type_name="MehsulYeniSahelerEklendi.&lt;&gt;c" block_coverage="0.00" line_coverage="0.00" blocks_covered="0" blocks_not_covered="20" lines_covered="0" lines_partially_covered="0" lines_not_covered="20">
          <ranges>
            <range source_id="52" start_line="631" end_line="631" start_column="17" end_column="18" covered="no" />
            <range source_id="52" start_line="632" end_line="634" start_column="21" end_column="47" covered="no" />
            <range source_id="52" start_line="636" end_line="636" start_column="21" end_column="97" covered="no" />
            <range source_id="52" start_line="638" end_line="639" start_column="21" end_column="57" covered="no" />
            <range source_id="52" start_line="641" end_line="643" start_column="21" end_column="57" covered="no" />
            <range source_id="52" start_line="645" end_line="647" start_column="21" end_column="57" covered="no" />
            <range source_id="52" start_line="649" end_line="650" start_column="21" end_column="58" covered="no" />
            <range source_id="52" start_line="652" end_line="653" start_column="21" end_column="57" covered="no" />
            <range source_id="52" start_line="655" end_line="655" start_column="21" end_column="36" covered="no" />
            <range source_id="52" start_line="657" end_line="657" start_column="21" end_column="45" covered="no" />
            <range source_id="52" start_line="658" end_line="658" start_column="17" end_column="18" covered="no" />
          </ranges>
        </function>
        <function id="175212" token="0x6000489" name="&lt;BuildTargetModel&gt;b__2_12(Microsoft.EntityFrameworkCore.Metadata.Builders.EntityTypeBuilder)" namespace="AzAgroPOS.Verilenler.Migrations" type_name="MehsulYeniSahelerEklendi.&lt;&gt;c" block_coverage="0.00" line_coverage="0.00" blocks_covered="0" blocks_not_covered="22" lines_covered="0" lines_partially_covered="0" lines_not_covered="22">
          <ranges>
            <range source_id="52" start_line="661" end_line="661" start_column="17" end_column="18" covered="no" />
            <range source_id="52" start_line="662" end_line="664" start_column="21" end_column="47" covered="no" />
            <range source_id="52" start_line="666" end_line="666" start_column="21" end_column="97" covered="no" />
            <range source_id="52" start_line="668" end_line="669" start_column="21" end_column="47" covered="no" />
            <range source_id="52" start_line="671" end_line="672" start_column="21" end_column="58" covered="no" />
            <range source_id="52" start_line="674" end_line="675" start_column="21" end_column="47" covered="no" />
            <range source_id="52" start_line="677" end_line="678" start_column="21" end_column="57" covered="no" />
            <range source_id="52" start_line="680" end_line="681" start_column="21" end_column="47" covered="no" />
            <range source_id="52" start_line="683" end_line="684" start_column="21" end_column="53" covered="no" />
            <range source_id="52" start_line="686" end_line="686" start_column="21" end_column="36" covered="no" />
            <range source_id="52" start_line="688" end_line="688" start_column="21" end_column="45" covered="no" />
            <range source_id="52" start_line="690" end_line="690" start_column="21" end_column="43" covered="no" />
            <range source_id="52" start_line="692" end_line="692" start_column="21" end_column="51" covered="no" />
            <range source_id="52" start_line="693" end_line="693" start_column="17" end_column="18" covered="no" />
          </ranges>
        </function>
        <function id="175480" token="0x600048a" name="&lt;BuildTargetModel&gt;b__2_13(Microsoft.EntityFrameworkCore.Metadata.Builders.EntityTypeBuilder)" namespace="AzAgroPOS.Verilenler.Migrations" type_name="MehsulYeniSahelerEklendi.&lt;&gt;c" block_coverage="0.00" line_coverage="0.00" blocks_covered="0" blocks_not_covered="23" lines_covered="0" lines_partially_covered="0" lines_not_covered="23">
          <ranges>
            <range source_id="52" start_line="696" end_line="696" start_column="17" end_column="18" covered="no" />
            <range source_id="52" start_line="697" end_line="699" start_column="21" end_column="47" covered="no" />
            <range source_id="52" start_line="701" end_line="701" start_column="21" end_column="97" covered="no" />
            <range source_id="52" start_line="703" end_line="704" start_column="21" end_column="53" covered="no" />
            <range source_id="52" start_line="706" end_line="707" start_column="21" end_column="53" covered="no" />
            <range source_id="52" start_line="709" end_line="710" start_column="21" end_column="58" covered="no" />
            <range source_id="52" start_line="712" end_line="713" start_column="21" end_column="58" covered="no" />
            <range source_id="52" start_line="715" end_line="716" start_column="21" end_column="58" covered="no" />
            <range source_id="52" start_line="718" end_line="719" start_column="21" end_column="47" covered="no" />
            <range source_id="52" start_line="721" end_line="722" start_column="21" end_column="47" covered="no" />
            <range source_id="52" start_line="724" end_line="724" start_column="21" end_column="36" covered="no" />
            <range source_id="52" start_line="726" end_line="726" start_column="21" end_column="42" covered="no" />
            <range source_id="52" start_line="728" end_line="728" start_column="21" end_column="43" covered="no" />
            <range source_id="52" start_line="729" end_line="729" start_column="17" end_column="18" covered="no" />
          </ranges>
        </function>
        <function id="175752" token="0x600048b" name="&lt;BuildTargetModel&gt;b__2_14(Microsoft.EntityFrameworkCore.Metadata.Builders.EntityTypeBuilder)" namespace="AzAgroPOS.Verilenler.Migrations" type_name="MehsulYeniSahelerEklendi.&lt;&gt;c" block_coverage="0.00" line_coverage="0.00" blocks_covered="0" blocks_not_covered="14" lines_covered="0" lines_partially_covered="0" lines_not_covered="22">
          <ranges>
            <range source_id="52" start_line="732" end_line="732" start_column="17" end_column="18" covered="no" />
            <range source_id="52" start_line="733" end_line="735" start_column="21" end_column="47" covered="no" />
            <range source_id="52" start_line="737" end_line="737" start_column="21" end_column="97" covered="no" />
            <range source_id="52" start_line="739" end_line="741" start_column="21" end_column="57" covered="no" />
            <range source_id="52" start_line="743" end_line="743" start_column="21" end_column="36" covered="no" />
            <range source_id="52" start_line="745" end_line="745" start_column="21" end_column="41" covered="no" />
            <range source_id="52" start_line="747" end_line="757" start_column="21" end_column="28" covered="no" />
            <range source_id="52" start_line="758" end_line="758" start_column="17" end_column="18" covered="no" />
          </ranges>
        </function>
        <function id="175916" token="0x600048c" name="&lt;BuildTargetModel&gt;b__2_15(Microsoft.EntityFrameworkCore.Metadata.Builders.EntityTypeBuilder)" namespace="AzAgroPOS.Verilenler.Migrations" type_name="MehsulYeniSahelerEklendi.&lt;&gt;c" block_coverage="0.00" line_coverage="0.00" blocks_covered="0" blocks_not_covered="20" lines_covered="0" lines_partially_covered="0" lines_not_covered="20">
          <ranges>
            <range source_id="52" start_line="761" end_line="761" start_column="17" end_column="18" covered="no" />
            <range source_id="52" start_line="762" end_line="764" start_column="21" end_column="47" covered="no" />
            <range source_id="52" start_line="766" end_line="766" start_column="21" end_column="97" covered="no" />
            <range source_id="52" start_line="768" end_line="769" start_column="21" end_column="47" covered="no" />
            <range source_id="52" start_line="771" end_line="772" start_column="21" end_column="47" covered="no" />
            <range source_id="52" start_line="774" end_line="775" start_column="21" end_column="47" covered="no" />
            <range source_id="52" start_line="777" end_line="778" start_column="21" end_column="53" covered="no" />
            <range source_id="52" start_line="780" end_line="781" start_column="21" end_column="58" covered="no" />
            <range source_id="52" start_line="783" end_line="783" start_column="21" end_column="36" covered="no" />
            <range source_id="52" start_line="785" end_line="785" start_column="21" end_column="45" covered="no" />
            <range source_id="52" start_line="787" end_line="787" start_column="21" end_column="43" covered="no" />
            <range source_id="52" start_line="789" end_line="789" start_column="21" end_column="43" covered="no" />
            <range source_id="52" start_line="790" end_line="790" start_column="17" end_column="18" covered="no" />
          </ranges>
        </function>
        <function id="176164" token="0x600048d" name="&lt;BuildTargetModel&gt;b__2_16(Microsoft.EntityFrameworkCore.Metadata.Builders.EntityTypeBuilder)" namespace="AzAgroPOS.Verilenler.Migrations" type_name="MehsulYeniSahelerEklendi.&lt;&gt;c" block_coverage="0.00" line_coverage="0.00" blocks_covered="0" blocks_not_covered="20" lines_covered="0" lines_partially_covered="0" lines_not_covered="20">
          <ranges>
            <range source_id="52" start_line="793" end_line="793" start_column="17" end_column="18" covered="no" />
            <range source_id="52" start_line="794" end_line="796" start_column="21" end_column="47" covered="no" />
            <range source_id="52" start_line="798" end_line="798" start_column="21" end_column="97" covered="no" />
            <range source_id="52" start_line="800" end_line="801" start_column="21" end_column="47" covered="no" />
            <range source_id="52" start_line="803" end_line="804" start_column="21" end_column="57" covered="no" />
            <range source_id="52" start_line="806" end_line="807" start_column="21" end_column="58" covered="no" />
            <range source_id="52" start_line="809" end_line="810" start_column="21" end_column="47" covered="no" />
            <range source_id="52" start_line="812" end_line="813" start_column="21" end_column="57" covered="no" />
            <range source_id="52" start_line="815" end_line="815" start_column="21" end_column="36" covered="no" />
            <range source_id="52" start_line="817" end_line="817" start_column="21" end_column="44" covered="no" />
            <range source_id="52" start_line="819" end_line="819" start_column="21" end_column="43" covered="no" />
            <range source_id="52" start_line="821" end_line="821" start_column="21" end_column="49" covered="no" />
            <range source_id="52" start_line="822" end_line="822" start_column="17" end_column="18" covered="no" />
          </ranges>
        </function>
        <function id="176412" token="0x600048e" name="&lt;BuildTargetModel&gt;b__2_17(Microsoft.EntityFrameworkCore.Metadata.Builders.EntityTypeBuilder)" namespace="AzAgroPOS.Verilenler.Migrations" type_name="MehsulYeniSahelerEklendi.&lt;&gt;c" block_coverage="0.00" line_coverage="0.00" blocks_covered="0" blocks_not_covered="26" lines_covered="0" lines_partially_covered="0" lines_not_covered="46">
          <ranges>
            <range source_id="52" start_line="825" end_line="825" start_column="17" end_column="18" covered="no" />
            <range source_id="52" start_line="826" end_line="828" start_column="21" end_column="47" covered="no" />
            <range source_id="52" start_line="830" end_line="830" start_column="21" end_column="97" covered="no" />
            <range source_id="52" start_line="832" end_line="834" start_column="21" end_column="57" covered="no" />
            <range source_id="52" start_line="836" end_line="837" start_column="21" end_column="47" covered="no" />
            <range source_id="52" start_line="839" end_line="840" start_column="21" end_column="57" covered="no" />
            <range source_id="52" start_line="842" end_line="843" start_column="21" end_column="57" covered="no" />
            <range source_id="52" start_line="845" end_line="846" start_column="21" end_column="57" covered="no" />
            <range source_id="52" start_line="848" end_line="849" start_column="21" end_column="57" covered="no" />
            <range source_id="52" start_line="851" end_line="852" start_column="21" end_column="57" covered="no" />
            <range source_id="52" start_line="854" end_line="854" start_column="21" end_column="36" covered="no" />
            <range source_id="52" start_line="856" end_line="856" start_column="21" end_column="47" covered="no" />
            <range source_id="52" start_line="858" end_line="880" start_column="21" end_column="28" covered="no" />
            <range source_id="52" start_line="881" end_line="881" start_column="17" end_column="18" covered="no" />
          </ranges>
        </function>
        <function id="176760" token="0x600048f" name="&lt;BuildTargetModel&gt;b__2_18(Microsoft.EntityFrameworkCore.Metadata.Builders.EntityTypeBuilder)" namespace="AzAgroPOS.Verilenler.Migrations" type_name="MehsulYeniSahelerEklendi.&lt;&gt;c" block_coverage="0.00" line_coverage="0.00" blocks_covered="0" blocks_not_covered="31" lines_covered="0" lines_partially_covered="0" lines_not_covered="31">
          <ranges>
            <range source_id="52" start_line="884" end_line="884" start_column="17" end_column="18" covered="no" />
            <range source_id="52" start_line="885" end_line="887" start_column="21" end_column="47" covered="no" />
            <range source_id="52" start_line="889" end_line="889" start_column="21" end_column="97" covered="no" />
            <range source_id="52" start_line="891" end_line="892" start_column="21" end_column="47" covered="no" />
            <range source_id="52" start_line="894" end_line="895" start_column="21" end_column="57" covered="no" />
            <range source_id="52" start_line="897" end_line="898" start_column="21" end_column="58" covered="no" />
            <range source_id="52" start_line="900" end_line="902" start_column="21" end_column="57" covered="no" />
            <range source_id="52" start_line="904" end_line="905" start_column="21" end_column="53" covered="no" />
            <range source_id="52" start_line="907" end_line="908" start_column="21" end_column="47" covered="no" />
            <range source_id="52" start_line="910" end_line="911" start_column="21" end_column="57" covered="no" />
            <range source_id="52" start_line="913" end_line="914" start_column="21" end_column="47" covered="no" />
            <range source_id="52" start_line="916" end_line="917" start_column="21" end_column="47" covered="no" />
            <range source_id="52" start_line="919" end_line="920" start_column="21" end_column="53" covered="no" />
            <range source_id="52" start_line="922" end_line="922" start_column="21" end_column="36" covered="no" />
            <range source_id="52" start_line="924" end_line="924" start_column="21" end_column="47" covered="no" />
            <range source_id="52" start_line="926" end_line="926" start_column="21" end_column="47" covered="no" />
            <range source_id="52" start_line="928" end_line="928" start_column="21" end_column="53" covered="no" />
            <range source_id="52" start_line="929" end_line="929" start_column="17" end_column="18" covered="no" />
          </ranges>
        </function>
        <function id="177124" token="0x6000490" name="&lt;BuildTargetModel&gt;b__2_19(Microsoft.EntityFrameworkCore.Metadata.Builders.EntityTypeBuilder)" namespace="AzAgroPOS.Verilenler.Migrations" type_name="MehsulYeniSahelerEklendi.&lt;&gt;c" block_coverage="0.00" line_coverage="0.00" blocks_covered="0" blocks_not_covered="33" lines_covered="0" lines_partially_covered="0" lines_not_covered="33">
          <ranges>
            <range source_id="52" start_line="932" end_line="932" start_column="17" end_column="18" covered="no" />
            <range source_id="52" start_line="933" end_line="935" start_column="21" end_column="47" covered="no" />
            <range source_id="52" start_line="937" end_line="937" start_column="21" end_column="97" covered="no" />
            <range source_id="52" start_line="939" end_line="941" start_column="21" end_column="57" covered="no" />
            <range source_id="52" start_line="943" end_line="944" start_column="21" end_column="47" covered="no" />
            <range source_id="52" start_line="946" end_line="948" start_column="21" end_column="57" covered="no" />
            <range source_id="52" start_line="950" end_line="952" start_column="21" end_column="57" covered="no" />
            <range source_id="52" start_line="954" end_line="956" start_column="21" end_column="57" covered="no" />
            <range source_id="52" start_line="958" end_line="959" start_column="21" end_column="53" covered="no" />
            <range source_id="52" start_line="961" end_line="962" start_column="21" end_column="47" covered="no" />
            <range source_id="52" start_line="964" end_line="965" start_column="21" end_column="53" covered="no" />
            <range source_id="52" start_line="967" end_line="968" start_column="21" end_column="58" covered="no" />
            <range source_id="52" start_line="970" end_line="971" start_column="21" end_column="58" covered="no" />
            <range source_id="52" start_line="973" end_line="973" start_column="21" end_column="36" covered="no" />
            <range source_id="52" start_line="975" end_line="975" start_column="21" end_column="42" covered="no" />
            <range source_id="52" start_line="977" end_line="977" start_column="21" end_column="51" covered="no" />
            <range source_id="52" start_line="978" end_line="978" start_column="17" end_column="18" covered="no" />
          </ranges>
        </function>
        <function id="177484" token="0x6000491" name="&lt;BuildTargetModel&gt;b__2_20(Microsoft.EntityFrameworkCore.Metadata.Builders.EntityTypeBuilder)" namespace="AzAgroPOS.Verilenler.Migrations" type_name="MehsulYeniSahelerEklendi.&lt;&gt;c" block_coverage="0.00" line_coverage="0.00" blocks_covered="0" blocks_not_covered="7" lines_covered="0" lines_partially_covered="0" lines_not_covered="8">
          <ranges>
            <range source_id="52" start_line="981" end_line="981" start_column="17" end_column="18" covered="no" />
            <range source_id="52" start_line="982" end_line="986" start_column="21" end_column="39" covered="no" />
            <range source_id="52" start_line="988" end_line="988" start_column="21" end_column="47" covered="no" />
            <range source_id="52" start_line="989" end_line="989" start_column="17" end_column="18" covered="no" />
          </ranges>
        </function>
        <function id="177568" token="0x6000492" name="&lt;BuildTargetModel&gt;b__2_21(Microsoft.EntityFrameworkCore.Metadata.Builders.EntityTypeBuilder)" namespace="AzAgroPOS.Verilenler.Migrations" type_name="MehsulYeniSahelerEklendi.&lt;&gt;c" block_coverage="0.00" line_coverage="0.00" blocks_covered="0" blocks_not_covered="18" lines_covered="0" lines_partially_covered="0" lines_not_covered="19">
          <ranges>
            <range source_id="52" start_line="992" end_line="992" start_column="17" end_column="18" covered="no" />
            <range source_id="52" start_line="993" end_line="997" start_column="21" end_column="39" covered="no" />
            <range source_id="52" start_line="999" end_line="1002" start_column="21" end_column="60" covered="no" />
            <range source_id="52" start_line="1004" end_line="1008" start_column="21" end_column="39" covered="no" />
            <range source_id="52" start_line="1010" end_line="1010" start_column="21" end_column="47" covered="no" />
            <range source_id="52" start_line="1012" end_line="1012" start_column="21" end_column="55" covered="no" />
            <range source_id="52" start_line="1014" end_line="1014" start_column="21" end_column="44" covered="no" />
            <range source_id="52" start_line="1015" end_line="1015" start_column="17" end_column="18" covered="no" />
          </ranges>
        </function>
        <function id="177780" token="0x6000493" name="&lt;BuildTargetModel&gt;b__2_22(Microsoft.EntityFrameworkCore.Metadata.Builders.EntityTypeBuilder)" namespace="AzAgroPOS.Verilenler.Migrations" type_name="MehsulYeniSahelerEklendi.&lt;&gt;c" block_coverage="0.00" line_coverage="0.00" blocks_covered="0" blocks_not_covered="7" lines_covered="0" lines_partially_covered="0" lines_not_covered="8">
          <ranges>
            <range source_id="52" start_line="1018" end_line="1018" start_column="17" end_column="18" covered="no" />
            <range source_id="52" start_line="1019" end_line="1023" start_column="21" end_column="39" covered="no" />
            <range source_id="52" start_line="1025" end_line="1025" start_column="21" end_column="47" covered="no" />
            <range source_id="52" start_line="1026" end_line="1026" start_column="17" end_column="18" covered="no" />
          </ranges>
        </function>
        <function id="177864" token="0x6000494" name="&lt;BuildTargetModel&gt;b__2_23(Microsoft.EntityFrameworkCore.Metadata.Builders.EntityTypeBuilder)" namespace="AzAgroPOS.Verilenler.Migrations" type_name="MehsulYeniSahelerEklendi.&lt;&gt;c" block_coverage="0.00" line_coverage="0.00" blocks_covered="0" blocks_not_covered="13" lines_covered="0" lines_partially_covered="0" lines_not_covered="14">
          <ranges>
            <range source_id="52" start_line="1029" end_line="1029" start_column="17" end_column="18" covered="no" />
            <range source_id="52" start_line="1030" end_line="1034" start_column="21" end_column="39" covered="no" />
            <range source_id="52" start_line="1036" end_line="1040" start_column="21" end_column="39" covered="no" />
            <range source_id="52" start_line="1042" end_line="1042" start_column="21" end_column="49" covered="no" />
            <range source_id="52" start_line="1044" end_line="1044" start_column="21" end_column="44" covered="no" />
            <range source_id="52" start_line="1045" end_line="1045" start_column="17" end_column="18" covered="no" />
          </ranges>
        </function>
        <function id="178014" token="0x6000495" name="&lt;BuildTargetModel&gt;b__2_24(Microsoft.EntityFrameworkCore.Metadata.Builders.EntityTypeBuilder)" namespace="AzAgroPOS.Verilenler.Migrations" type_name="MehsulYeniSahelerEklendi.&lt;&gt;c" block_coverage="0.00" line_coverage="0.00" blocks_covered="0" blocks_not_covered="5" lines_covered="0" lines_partially_covered="0" lines_not_covered="6">
          <ranges>
            <range source_id="52" start_line="1048" end_line="1048" start_column="17" end_column="18" covered="no" />
            <range source_id="52" start_line="1049" end_line="1051" start_column="21" end_column="64" covered="no" />
            <range source_id="52" start_line="1053" end_line="1053" start_column="21" end_column="56" covered="no" />
            <range source_id="52" start_line="1054" end_line="1054" start_column="17" end_column="18" covered="no" />
          </ranges>
        </function>
        <function id="178072" token="0x6000496" name="&lt;BuildTargetModel&gt;b__2_25(Microsoft.EntityFrameworkCore.Metadata.Builders.EntityTypeBuilder)" namespace="AzAgroPOS.Verilenler.Migrations" type_name="MehsulYeniSahelerEklendi.&lt;&gt;c" block_coverage="0.00" line_coverage="0.00" blocks_covered="0" blocks_not_covered="12" lines_covered="0" lines_partially_covered="0" lines_not_covered="13">
          <ranges>
            <range source_id="52" start_line="1057" end_line="1057" start_column="17" end_column="18" covered="no" />
            <range source_id="52" start_line="1058" end_line="1062" start_column="21" end_column="39" covered="no" />
            <range source_id="52" start_line="1064" end_line="1067" start_column="21" end_column="60" covered="no" />
            <range source_id="52" start_line="1069" end_line="1069" start_column="21" end_column="42" covered="no" />
            <range source_id="52" start_line="1071" end_line="1071" start_column="21" end_column="52" covered="no" />
            <range source_id="52" start_line="1072" end_line="1072" start_column="17" end_column="18" covered="no" />
          </ranges>
        </function>
        <function id="178216" token="0x6000497" name="&lt;BuildTargetModel&gt;b__2_26(Microsoft.EntityFrameworkCore.Metadata.Builders.EntityTypeBuilder)" namespace="AzAgroPOS.Verilenler.Migrations" type_name="MehsulYeniSahelerEklendi.&lt;&gt;c" block_coverage="0.00" line_coverage="0.00" blocks_covered="0" blocks_not_covered="7" lines_covered="0" lines_partially_covered="0" lines_not_covered="8">
          <ranges>
            <range source_id="52" start_line="1075" end_line="1075" start_column="17" end_column="18" covered="no" />
            <range source_id="52" start_line="1076" end_line="1080" start_column="21" end_column="39" covered="no" />
            <range source_id="52" start_line="1082" end_line="1082" start_column="21" end_column="42" covered="no" />
            <range source_id="52" start_line="1083" end_line="1083" start_column="17" end_column="18" covered="no" />
          </ranges>
        </function>
        <function id="178300" token="0x6000498" name="&lt;BuildTargetModel&gt;b__2_27(Microsoft.EntityFrameworkCore.Metadata.Builders.EntityTypeBuilder)" namespace="AzAgroPOS.Verilenler.Migrations" type_name="MehsulYeniSahelerEklendi.&lt;&gt;c" block_coverage="0.00" line_coverage="0.00" blocks_covered="0" blocks_not_covered="7" lines_covered="0" lines_partially_covered="0" lines_not_covered="8">
          <ranges>
            <range source_id="52" start_line="1086" end_line="1086" start_column="17" end_column="18" covered="no" />
            <range source_id="52" start_line="1087" end_line="1091" start_column="21" end_column="39" covered="no" />
            <range source_id="52" start_line="1093" end_line="1093" start_column="21" end_column="41" covered="no" />
            <range source_id="52" start_line="1094" end_line="1094" start_column="17" end_column="18" covered="no" />
          </ranges>
        </function>
        <function id="178384" token="0x6000499" name="&lt;BuildTargetModel&gt;b__2_28(Microsoft.EntityFrameworkCore.Metadata.Builders.EntityTypeBuilder)" namespace="AzAgroPOS.Verilenler.Migrations" type_name="MehsulYeniSahelerEklendi.&lt;&gt;c" block_coverage="0.00" line_coverage="0.00" blocks_covered="0" blocks_not_covered="16" lines_covered="0" lines_partially_covered="0" lines_not_covered="17">
          <ranges>
            <range source_id="52" start_line="1097" end_line="1097" start_column="17" end_column="18" covered="no" />
            <range source_id="52" start_line="1098" end_line="1101" start_column="21" end_column="59" covered="no" />
            <range source_id="52" start_line="1103" end_line="1106" start_column="21" end_column="59" covered="no" />
            <range source_id="52" start_line="1108" end_line="1111" start_column="21" end_column="59" covered="no" />
            <range source_id="52" start_line="1113" end_line="1113" start_column="21" end_column="43" covered="no" />
            <range source_id="52" start_line="1115" end_line="1115" start_column="21" end_column="48" covered="no" />
            <range source_id="52" start_line="1117" end_line="1117" start_column="21" end_column="47" covered="no" />
            <range source_id="52" start_line="1118" end_line="1118" start_column="17" end_column="18" covered="no" />
          </ranges>
        </function>
        <function id="178588" token="0x600049a" name="&lt;BuildTargetModel&gt;b__2_29(Microsoft.EntityFrameworkCore.Metadata.Builders.EntityTypeBuilder)" namespace="AzAgroPOS.Verilenler.Migrations" type_name="MehsulYeniSahelerEklendi.&lt;&gt;c" block_coverage="0.00" line_coverage="0.00" blocks_covered="0" blocks_not_covered="11" lines_covered="0" lines_partially_covered="0" lines_not_covered="12">
          <ranges>
            <range source_id="52" start_line="1121" end_line="1121" start_column="17" end_column="18" covered="no" />
            <range source_id="52" start_line="1122" end_line="1126" start_column="21" end_column="39" covered="no" />
            <range source_id="52" start_line="1128" end_line="1130" start_column="21" end_column="51" covered="no" />
            <range source_id="52" start_line="1132" end_line="1132" start_column="21" end_column="45" covered="no" />
            <range source_id="52" start_line="1134" end_line="1134" start_column="21" end_column="43" covered="no" />
            <range source_id="52" start_line="1135" end_line="1135" start_column="17" end_column="18" covered="no" />
          </ranges>
        </function>
        <function id="178724" token="0x600049b" name="&lt;BuildTargetModel&gt;b__2_30(Microsoft.EntityFrameworkCore.Metadata.Builders.EntityTypeBuilder)" namespace="AzAgroPOS.Verilenler.Migrations" type_name="MehsulYeniSahelerEklendi.&lt;&gt;c" block_coverage="0.00" line_coverage="0.00" blocks_covered="0" blocks_not_covered="7" lines_covered="0" lines_partially_covered="0" lines_not_covered="8">
          <ranges>
            <range source_id="52" start_line="1138" end_line="1138" start_column="17" end_column="18" covered="no" />
            <range source_id="52" start_line="1139" end_line="1143" start_column="21" end_column="39" covered="no" />
            <range source_id="52" start_line="1145" end_line="1145" start_column="21" end_column="42" covered="no" />
            <range source_id="52" start_line="1146" end_line="1146" start_column="17" end_column="18" covered="no" />
          </ranges>
        </function>
        <function id="178808" token="0x600049c" name="&lt;BuildTargetModel&gt;b__2_31(Microsoft.EntityFrameworkCore.Metadata.Builders.EntityTypeBuilder)" namespace="AzAgroPOS.Verilenler.Migrations" type_name="MehsulYeniSahelerEklendi.&lt;&gt;c" block_coverage="0.00" line_coverage="0.00" blocks_covered="0" blocks_not_covered="11" lines_covered="0" lines_partially_covered="0" lines_not_covered="12">
          <ranges>
            <range source_id="52" start_line="1149" end_line="1149" start_column="17" end_column="18" covered="no" />
            <range source_id="52" start_line="1150" end_line="1152" start_column="21" end_column="53" covered="no" />
            <range source_id="52" start_line="1154" end_line="1158" start_column="21" end_column="39" covered="no" />
            <range source_id="52" start_line="1160" end_line="1160" start_column="21" end_column="45" covered="no" />
            <range source_id="52" start_line="1162" end_line="1162" start_column="21" end_column="43" covered="no" />
            <range source_id="52" start_line="1163" end_line="1163" start_column="17" end_column="18" covered="no" />
          </ranges>
        </function>
        <function id="178948" token="0x600049d" name="&lt;BuildTargetModel&gt;b__2_32(Microsoft.EntityFrameworkCore.Metadata.Builders.EntityTypeBuilder)" namespace="AzAgroPOS.Verilenler.Migrations" type_name="MehsulYeniSahelerEklendi.&lt;&gt;c" block_coverage="0.00" line_coverage="0.00" blocks_covered="0" blocks_not_covered="13" lines_covered="0" lines_partially_covered="0" lines_not_covered="14">
          <ranges>
            <range source_id="52" start_line="1166" end_line="1166" start_column="17" end_column="18" covered="no" />
            <range source_id="52" start_line="1167" end_line="1171" start_column="21" end_column="39" covered="no" />
            <range source_id="52" start_line="1173" end_line="1177" start_column="21" end_column="39" covered="no" />
            <range source_id="52" start_line="1179" end_line="1179" start_column="21" end_column="44" covered="no" />
            <range source_id="52" start_line="1181" end_line="1181" start_column="21" end_column="43" covered="no" />
            <range source_id="52" start_line="1182" end_line="1182" start_column="17" end_column="18" covered="no" />
          </ranges>
        </function>
        <function id="179100" token="0x600049e" name="&lt;BuildTargetModel&gt;b__2_33(Microsoft.EntityFrameworkCore.Metadata.Builders.EntityTypeBuilder)" namespace="AzAgroPOS.Verilenler.Migrations" type_name="MehsulYeniSahelerEklendi.&lt;&gt;c" block_coverage="0.00" line_coverage="0.00" blocks_covered="0" blocks_not_covered="12" lines_covered="0" lines_partially_covered="0" lines_not_covered="13">
          <ranges>
            <range source_id="52" start_line="1185" end_line="1185" start_column="17" end_column="18" covered="no" />
            <range source_id="52" start_line="1186" end_line="1189" start_column="21" end_column="59" covered="no" />
            <range source_id="52" start_line="1191" end_line="1195" start_column="21" end_column="39" covered="no" />
            <range source_id="52" start_line="1197" end_line="1197" start_column="21" end_column="47" covered="no" />
            <range source_id="52" start_line="1199" end_line="1199" start_column="21" end_column="47" covered="no" />
            <range source_id="52" start_line="1200" end_line="1200" start_column="17" end_column="18" covered="no" />
          </ranges>
        </function>
        <function id="179248" token="0x600049f" name="&lt;BuildTargetModel&gt;b__2_34(Microsoft.EntityFrameworkCore.Metadata.Builders.EntityTypeBuilder)" namespace="AzAgroPOS.Verilenler.Migrations" type_name="MehsulYeniSahelerEklendi.&lt;&gt;c" block_coverage="0.00" line_coverage="0.00" blocks_covered="0" blocks_not_covered="6" lines_covered="0" lines_partially_covered="0" lines_not_covered="7">
          <ranges>
            <range source_id="52" start_line="1203" end_line="1203" start_column="17" end_column="18" covered="no" />
            <range source_id="52" start_line="1204" end_line="1207" start_column="21" end_column="60" covered="no" />
            <range source_id="52" start_line="1209" end_line="1209" start_column="21" end_column="42" covered="no" />
            <range source_id="52" start_line="1210" end_line="1210" start_column="17" end_column="18" covered="no" />
          </ranges>
        </function>
        <function id="179326" token="0x60004a0" name="&lt;BuildTargetModel&gt;b__2_35(Microsoft.EntityFrameworkCore.Metadata.Builders.EntityTypeBuilder)" namespace="AzAgroPOS.Verilenler.Migrations" type_name="MehsulYeniSahelerEklendi.&lt;&gt;c" block_coverage="0.00" line_coverage="0.00" blocks_covered="0" blocks_not_covered="3" lines_covered="0" lines_partially_covered="0" lines_not_covered="4">
          <ranges>
            <range source_id="52" start_line="1213" end_line="1213" start_column="17" end_column="18" covered="no" />
            <range source_id="52" start_line="1214" end_line="1214" start_column="21" end_column="46" covered="no" />
            <range source_id="52" start_line="1216" end_line="1216" start_column="21" end_column="52" covered="no" />
            <range source_id="52" start_line="1217" end_line="1217" start_column="17" end_column="18" covered="no" />
          </ranges>
        </function>
        <function id="179353" token="0x60004a1" name="&lt;BuildTargetModel&gt;b__2_36(Microsoft.EntityFrameworkCore.Metadata.Builders.EntityTypeBuilder)" namespace="AzAgroPOS.Verilenler.Migrations" type_name="MehsulYeniSahelerEklendi.&lt;&gt;c" block_coverage="0.00" line_coverage="0.00" blocks_covered="0" blocks_not_covered="2" lines_covered="0" lines_partially_covered="0" lines_not_covered="3">
          <ranges>
            <range source_id="52" start_line="1220" end_line="1220" start_column="17" end_column="18" covered="no" />
            <range source_id="52" start_line="1221" end_line="1221" start_column="21" end_column="54" covered="no" />
            <range source_id="52" start_line="1222" end_line="1222" start_column="17" end_column="18" covered="no" />
          </ranges>
        </function>
        <function id="179368" token="0x60004a2" name="&lt;BuildTargetModel&gt;b__2_37(Microsoft.EntityFrameworkCore.Metadata.Builders.EntityTypeBuilder)" namespace="AzAgroPOS.Verilenler.Migrations" type_name="MehsulYeniSahelerEklendi.&lt;&gt;c" block_coverage="0.00" line_coverage="0.00" blocks_covered="0" blocks_not_covered="2" lines_covered="0" lines_partially_covered="0" lines_not_covered="3">
          <ranges>
            <range source_id="52" start_line="1225" end_line="1225" start_column="17" end_column="18" covered="no" />
            <range source_id="52" start_line="1226" end_line="1226" start_column="21" end_column="47" covered="no" />
            <range source_id="52" start_line="1227" end_line="1227" start_column="17" end_column="18" covered="no" />
          </ranges>
        </function>
        <function id="179383" token="0x60004a3" name="&lt;BuildTargetModel&gt;b__2_38(Microsoft.EntityFrameworkCore.Metadata.Builders.EntityTypeBuilder)" namespace="AzAgroPOS.Verilenler.Migrations" type_name="MehsulYeniSahelerEklendi.&lt;&gt;c" block_coverage="0.00" line_coverage="0.00" blocks_covered="0" blocks_not_covered="3" lines_covered="0" lines_partially_covered="0" lines_not_covered="4">
          <ranges>
            <range source_id="52" start_line="1230" end_line="1230" start_column="17" end_column="18" covered="no" />
            <range source_id="52" start_line="1231" end_line="1231" start_column="21" end_column="50" covered="no" />
            <range source_id="52" start_line="1233" end_line="1233" start_column="21" end_column="56" covered="no" />
            <range source_id="52" start_line="1234" end_line="1234" start_column="17" end_column="18" covered="no" />
          </ranges>
        </function>
        <function id="179410" token="0x60004a4" name="&lt;BuildTargetModel&gt;b__2_39(Microsoft.EntityFrameworkCore.Metadata.Builders.EntityTypeBuilder)" namespace="AzAgroPOS.Verilenler.Migrations" type_name="MehsulYeniSahelerEklendi.&lt;&gt;c" block_coverage="0.00" line_coverage="0.00" blocks_covered="0" blocks_not_covered="3" lines_covered="0" lines_partially_covered="0" lines_not_covered="4">
          <ranges>
            <range source_id="52" start_line="1237" end_line="1237" start_column="17" end_column="18" covered="no" />
            <range source_id="52" start_line="1238" end_line="1238" start_column="21" end_column="46" covered="no" />
            <range source_id="52" start_line="1240" end_line="1240" start_column="21" end_column="54" covered="no" />
            <range source_id="52" start_line="1241" end_line="1241" start_column="17" end_column="18" covered="no" />
          </ranges>
        </function>
        <function id="179437" token="0x60004a5" name="&lt;BuildTargetModel&gt;b__2_40(Microsoft.EntityFrameworkCore.Metadata.Builders.EntityTypeBuilder)" namespace="AzAgroPOS.Verilenler.Migrations" type_name="MehsulYeniSahelerEklendi.&lt;&gt;c" block_coverage="0.00" line_coverage="0.00" blocks_covered="0" blocks_not_covered="2" lines_covered="0" lines_partially_covered="0" lines_not_covered="3">
          <ranges>
            <range source_id="52" start_line="1244" end_line="1244" start_column="17" end_column="18" covered="no" />
            <range source_id="52" start_line="1245" end_line="1245" start_column="21" end_column="47" covered="no" />
            <range source_id="52" start_line="1246" end_line="1246" start_column="17" end_column="18" covered="no" />
          </ranges>
        </function>
        <function id="179452" token="0x60004a6" name="&lt;BuildTargetModel&gt;b__2_41(Microsoft.EntityFrameworkCore.Metadata.Builders.EntityTypeBuilder)" namespace="AzAgroPOS.Verilenler.Migrations" type_name="MehsulYeniSahelerEklendi.&lt;&gt;c" block_coverage="0.00" line_coverage="0.00" blocks_covered="0" blocks_not_covered="2" lines_covered="0" lines_partially_covered="0" lines_not_covered="3">
          <ranges>
            <range source_id="52" start_line="1249" end_line="1249" start_column="17" end_column="18" covered="no" />
            <range source_id="52" start_line="1250" end_line="1250" start_column="21" end_column="46" covered="no" />
            <range source_id="52" start_line="1251" end_line="1251" start_column="17" end_column="18" covered="no" />
          </ranges>
        </function>
        <function id="179467" token="0x60004a7" name="&lt;BuildTargetModel&gt;b__2_42(Microsoft.EntityFrameworkCore.Metadata.Builders.EntityTypeBuilder)" namespace="AzAgroPOS.Verilenler.Migrations" type_name="MehsulYeniSahelerEklendi.&lt;&gt;c" block_coverage="0.00" line_coverage="0.00" blocks_covered="0" blocks_not_covered="2" lines_covered="0" lines_partially_covered="0" lines_not_covered="3">
          <ranges>
            <range source_id="52" start_line="1254" end_line="1254" start_column="17" end_column="18" covered="no" />
            <range source_id="52" start_line="1255" end_line="1255" start_column="21" end_column="51" covered="no" />
            <range source_id="52" start_line="1256" end_line="1256" start_column="17" end_column="18" covered="no" />
          </ranges>
        </function>
        <function id="179482" token="0x60004a8" name="&lt;BuildTargetModel&gt;b__2_43(Microsoft.EntityFrameworkCore.Metadata.Builders.EntityTypeBuilder)" namespace="AzAgroPOS.Verilenler.Migrations" type_name="MehsulYeniSahelerEklendi.&lt;&gt;c" block_coverage="0.00" line_coverage="0.00" blocks_covered="0" blocks_not_covered="2" lines_covered="0" lines_partially_covered="0" lines_not_covered="3">
          <ranges>
            <range source_id="52" start_line="1259" end_line="1259" start_column="17" end_column="18" covered="no" />
            <range source_id="52" start_line="1260" end_line="1260" start_column="21" end_column="52" covered="no" />
            <range source_id="52" start_line="1261" end_line="1261" start_column="17" end_column="18" covered="no" />
          </ranges>
        </function>
        <function id="179497" token="0x60004a9" name="&lt;BuildTargetModel&gt;b__2_44(Microsoft.EntityFrameworkCore.Metadata.Builders.EntityTypeBuilder)" namespace="AzAgroPOS.Verilenler.Migrations" type_name="MehsulYeniSahelerEklendi.&lt;&gt;c" block_coverage="0.00" line_coverage="0.00" blocks_covered="0" blocks_not_covered="4" lines_covered="0" lines_partially_covered="0" lines_not_covered="5">
          <ranges>
            <range source_id="52" start_line="1264" end_line="1264" start_column="17" end_column="18" covered="no" />
            <range source_id="52" start_line="1265" end_line="1265" start_column="21" end_column="51" covered="no" />
            <range source_id="52" start_line="1267" end_line="1267" start_column="21" end_column="53" covered="no" />
            <range source_id="52" start_line="1269" end_line="1269" start_column="21" end_column="46" covered="no" />
            <range source_id="52" start_line="1270" end_line="1270" start_column="17" end_column="18" covered="no" />
          </ranges>
        </function>
        <function id="179560" token="0x60004ac" name="&lt;Up&gt;b__0_0(Microsoft.EntityFrameworkCore.Migrations.Operations.Builders.ColumnsBuilder)" namespace="AzAgroPOS.Verilenler.Migrations" type_name="AddEmeliyyatJurnaliTable.&lt;&gt;c" block_coverage="0.00" line_coverage="0.00" blocks_covered="0" blocks_not_covered="11" lines_covered="0" lines_partially_covered="0" lines_not_covered="12">
          <ranges>
            <range source_id="53" start_line="175" end_line="186" start_column="35" end_column="18" covered="no" />
          </ranges>
        </function>
        <function id="180184" token="0x60004ad" name="&lt;Up&gt;b__0_1(Microsoft.EntityFrameworkCore.Migrations.Operations.Builders.CreateTableBuilder&lt;&lt;&gt;f__AnonymousType31&lt;Microsoft.EntityFrameworkCore.Migrations.Operations.Builders.OperationBuilder&lt;Microsoft.EntityFrameworkCore.Migrations.Operations.AddColumnOperation&gt;, Microsoft.EntityFrameworkCore.Migrations.Operations.Builders.OperationBuilder&lt;Microsoft.EntityFrameworkCore.Migrations.Operations.AddColumnOperation&gt;, Microsoft.EntityFrameworkCore.Migrations.Operations.Builders.OperationBuilder&lt;Microsoft.EntityFrameworkCore.Migrations.Operations.AddColumnOperation&gt;, Microsoft.EntityFrameworkCore.Migrations.Operations.Builders.OperationBuilder&lt;Microsoft.EntityFrameworkCore.Migrations.Operations.AddColumnOperation&gt;, Microsoft.EntityFrameworkCore.Migrations.Operations.Builders.OperationBuilder&lt;Microsoft.EntityFrameworkCore.Migrations.Operations.AddColumnOperation&gt;, Microsoft.EntityFrameworkCore.Migrations.Operations.Builders.OperationBuilder&lt;Microsoft.EntityFrameworkCore.Migrations.Operations.AddColumnOperation&gt;, Microsoft.EntityFrameworkCore.Migrations.Operations.Builders.OperationBuilder&lt;Microsoft.EntityFrameworkCore.Migrations.Operations.AddColumnOperation&gt;, Microsoft.EntityFrameworkCore.Migrations.Operations.Builders.OperationBuilder&lt;Microsoft.EntityFrameworkCore.Migrations.Operations.AddColumnOperation&gt;&gt;&gt;)" namespace="AzAgroPOS.Verilenler.Migrations" type_name="AddEmeliyyatJurnaliTable.&lt;&gt;c" block_coverage="0.00" line_coverage="0.00" blocks_covered="0" blocks_not_covered="7" lines_covered="0" lines_partially_covered="0" lines_not_covered="3">
          <ranges>
            <range source_id="53" start_line="188" end_line="188" start_column="17" end_column="18" covered="no" />
            <range source_id="53" start_line="189" end_line="189" start_column="21" end_column="75" covered="no" />
            <range source_id="53" start_line="190" end_line="190" start_column="17" end_column="18" covered="no" />
          </ranges>
        </function>
        <function id="180272" token="0x60004ae" name="&lt;Up&gt;b__0_2(Microsoft.EntityFrameworkCore.Migrations.Operations.Builders.ColumnsBuilder)" namespace="AzAgroPOS.Verilenler.Migrations" type_name="AddEmeliyyatJurnaliTable.&lt;&gt;c" block_coverage="0.00" line_coverage="0.00" blocks_covered="0" blocks_not_covered="10" lines_covered="0" lines_partially_covered="0" lines_not_covered="11">
          <ranges>
            <range source_id="53" start_line="194" end_line="204" start_column="35" end_column="18" covered="no" />
          </ranges>
        </function>
        <function id="180824" token="0x60004af" name="&lt;Up&gt;b__0_3(Microsoft.EntityFrameworkCore.Migrations.Operations.Builders.CreateTableBuilder&lt;&lt;&gt;f__AnonymousType32&lt;Microsoft.EntityFrameworkCore.Migrations.Operations.Builders.OperationBuilder&lt;Microsoft.EntityFrameworkCore.Migrations.Operations.AddColumnOperation&gt;, Microsoft.EntityFrameworkCore.Migrations.Operations.Builders.OperationBuilder&lt;Microsoft.EntityFrameworkCore.Migrations.Operations.AddColumnOperation&gt;, Microsoft.EntityFrameworkCore.Migrations.Operations.Builders.OperationBuilder&lt;Microsoft.EntityFrameworkCore.Migrations.Operations.AddColumnOperation&gt;, Microsoft.EntityFrameworkCore.Migrations.Operations.Builders.OperationBuilder&lt;Microsoft.EntityFrameworkCore.Migrations.Operations.AddColumnOperation&gt;, Microsoft.EntityFrameworkCore.Migrations.Operations.Builders.OperationBuilder&lt;Microsoft.EntityFrameworkCore.Migrations.Operations.AddColumnOperation&gt;, Microsoft.EntityFrameworkCore.Migrations.Operations.Builders.OperationBuilder&lt;Microsoft.EntityFrameworkCore.Migrations.Operations.AddColumnOperation&gt;, Microsoft.EntityFrameworkCore.Migrations.Operations.Builders.OperationBuilder&lt;Microsoft.EntityFrameworkCore.Migrations.Operations.AddColumnOperation&gt;&gt;&gt;)" namespace="AzAgroPOS.Verilenler.Migrations" type_name="AddEmeliyyatJurnaliTable.&lt;&gt;c" block_coverage="0.00" line_coverage="0.00" blocks_covered="0" blocks_not_covered="19" lines_covered="0" lines_partially_covered="0" lines_not_covered="15">
          <ranges>
            <range source_id="53" start_line="206" end_line="206" start_column="17" end_column="18" covered="no" />
            <range source_id="53" start_line="207" end_line="207" start_column="21" end_column="67" covered="no" />
            <range source_id="53" start_line="208" end_line="213" start_column="21" end_column="63" covered="no" />
            <range source_id="53" start_line="214" end_line="219" start_column="21" end_column="63" covered="no" />
            <range source_id="53" start_line="220" end_line="220" start_column="17" end_column="18" covered="no" />
          </ranges>
        </function>
        <function id="181088" token="0x60004b0" name="&lt;Up&gt;b__0_4(Microsoft.EntityFrameworkCore.Migrations.Operations.Builders.ColumnsBuilder)" namespace="AzAgroPOS.Verilenler.Migrations" type_name="AddEmeliyyatJurnaliTable.&lt;&gt;c" block_coverage="0.00" line_coverage="0.00" blocks_covered="0" blocks_not_covered="10" lines_covered="0" lines_partially_covered="0" lines_not_covered="11">
          <ranges>
            <range source_id="53" start_line="224" end_line="234" start_column="35" end_column="18" covered="no" />
          </ranges>
        </function>
        <function id="181640" token="0x60004b1" name="&lt;Up&gt;b__0_5(Microsoft.EntityFrameworkCore.Migrations.Operations.Builders.CreateTableBuilder&lt;&lt;&gt;f__AnonymousType33&lt;Microsoft.EntityFrameworkCore.Migrations.Operations.Builders.OperationBuilder&lt;Microsoft.EntityFrameworkCore.Migrations.Operations.AddColumnOperation&gt;, Microsoft.EntityFrameworkCore.Migrations.Operations.Builders.OperationBuilder&lt;Microsoft.EntityFrameworkCore.Migrations.Operations.AddColumnOperation&gt;, Microsoft.EntityFrameworkCore.Migrations.Operations.Builders.OperationBuilder&lt;Microsoft.EntityFrameworkCore.Migrations.Operations.AddColumnOperation&gt;, Microsoft.EntityFrameworkCore.Migrations.Operations.Builders.OperationBuilder&lt;Microsoft.EntityFrameworkCore.Migrations.Operations.AddColumnOperation&gt;, Microsoft.EntityFrameworkCore.Migrations.Operations.Builders.OperationBuilder&lt;Microsoft.EntityFrameworkCore.Migrations.Operations.AddColumnOperation&gt;, Microsoft.EntityFrameworkCore.Migrations.Operations.Builders.OperationBuilder&lt;Microsoft.EntityFrameworkCore.Migrations.Operations.AddColumnOperation&gt;, Microsoft.EntityFrameworkCore.Migrations.Operations.Builders.OperationBuilder&lt;Microsoft.EntityFrameworkCore.Migrations.Operations.AddColumnOperation&gt;&gt;&gt;)" namespace="AzAgroPOS.Verilenler.Migrations" type_name="AddEmeliyyatJurnaliTable.&lt;&gt;c" block_coverage="0.00" line_coverage="0.00" blocks_covered="0" blocks_not_covered="19" lines_covered="0" lines_partially_covered="0" lines_not_covered="15">
          <ranges>
            <range source_id="53" start_line="236" end_line="236" start_column="17" end_column="18" covered="no" />
            <range source_id="53" start_line="237" end_line="237" start_column="21" end_column="73" covered="no" />
            <range source_id="53" start_line="238" end_line="243" start_column="21" end_column="63" covered="no" />
            <range source_id="53" start_line="244" end_line="249" start_column="21" end_column="62" covered="no" />
            <range source_id="53" start_line="250" end_line="250" start_column="17" end_column="18" covered="no" />
          </ranges>
        </function>
        <function id="181904" token="0x60004b2" name="&lt;BuildTargetModel&gt;b__2_0(Microsoft.EntityFrameworkCore.Metadata.Builders.EntityTypeBuilder)" namespace="AzAgroPOS.Verilenler.Migrations" type_name="AddEmeliyyatJurnaliTable.&lt;&gt;c" block_coverage="0.00" line_coverage="0.00" blocks_covered="0" blocks_not_covered="28" lines_covered="0" lines_partially_covered="0" lines_not_covered="28">
          <ranges>
            <range source_id="54" start_line="29" end_line="29" start_column="17" end_column="18" covered="no" />
            <range source_id="54" start_line="30" end_line="32" start_column="21" end_column="47" covered="no" />
            <range source_id="54" start_line="34" end_line="34" start_column="21" end_column="97" covered="no" />
            <range source_id="54" start_line="36" end_line="37" start_column="21" end_column="57" covered="no" />
            <range source_id="54" start_line="39" end_line="41" start_column="21" end_column="57" covered="no" />
            <range source_id="54" start_line="43" end_line="46" start_column="21" end_column="49" covered="no" />
            <range source_id="54" start_line="48" end_line="49" start_column="21" end_column="47" covered="no" />
            <range source_id="54" start_line="51" end_line="52" start_column="21" end_column="47" covered="no" />
            <range source_id="54" start_line="54" end_line="55" start_column="21" end_column="53" covered="no" />
            <range source_id="54" start_line="57" end_line="58" start_column="21" end_column="58" covered="no" />
            <range source_id="54" start_line="60" end_line="61" start_column="21" end_column="53" covered="no" />
            <range source_id="54" start_line="63" end_line="63" start_column="21" end_column="36" covered="no" />
            <range source_id="54" start_line="65" end_line="65" start_column="21" end_column="47" covered="no" />
            <range source_id="54" start_line="67" end_line="67" start_column="21" end_column="48" covered="no" />
            <range source_id="54" start_line="68" end_line="68" start_column="17" end_column="18" covered="no" />
          </ranges>
        </function>
        <function id="182220" token="0x60004b3" name="&lt;BuildTargetModel&gt;b__2_1(Microsoft.EntityFrameworkCore.Metadata.Builders.EntityTypeBuilder)" namespace="AzAgroPOS.Verilenler.Migrations" type_name="AddEmeliyyatJurnaliTable.&lt;&gt;c" block_coverage="0.00" line_coverage="0.00" blocks_covered="0" blocks_not_covered="27" lines_covered="0" lines_partially_covered="0" lines_not_covered="27">
          <ranges>
            <range source_id="54" start_line="71" end_line="71" start_column="17" end_column="18" covered="no" />
            <range source_id="54" start_line="72" end_line="74" start_column="21" end_column="47" covered="no" />
            <range source_id="54" start_line="76" end_line="76" start_column="21" end_column="97" covered="no" />
            <range source_id="54" start_line="78" end_line="79" start_column="21" end_column="47" covered="no" />
            <range source_id="54" start_line="81" end_line="82" start_column="21" end_column="47" covered="no" />
            <range source_id="54" start_line="84" end_line="85" start_column="21" end_column="58" covered="no" />
            <range source_id="54" start_line="87" end_line="88" start_column="21" end_column="58" covered="no" />
            <range source_id="54" start_line="90" end_line="91" start_column="21" end_column="47" covered="no" />
            <range source_id="54" start_line="93" end_line="94" start_column="21" end_column="57" covered="no" />
            <range source_id="54" start_line="96" end_line="99" start_column="21" end_column="49" covered="no" />
            <range source_id="54" start_line="101" end_line="101" start_column="21" end_column="36" covered="no" />
            <range source_id="54" start_line="103" end_line="103" start_column="21" end_column="47" covered="no" />
            <range source_id="54" start_line="105" end_line="105" start_column="21" end_column="55" covered="no" />
            <range source_id="54" start_line="107" end_line="107" start_column="21" end_column="44" covered="no" />
            <range source_id="54" start_line="109" end_line="109" start_column="21" end_column="53" covered="no" />
            <range source_id="54" start_line="110" end_line="110" start_column="17" end_column="18" covered="no" />
          </ranges>
        </function>
        <function id="182548" token="0x60004b4" name="&lt;BuildTargetModel&gt;b__2_2(Microsoft.EntityFrameworkCore.Metadata.Builders.EntityTypeBuilder)" namespace="AzAgroPOS.Verilenler.Migrations" type_name="AddEmeliyyatJurnaliTable.&lt;&gt;c" block_coverage="0.00" line_coverage="0.00" blocks_covered="0" blocks_not_covered="32" lines_covered="0" lines_partially_covered="0" lines_not_covered="32">
          <ranges>
            <range source_id="54" start_line="113" end_line="113" start_column="17" end_column="18" covered="no" />
            <range source_id="54" start_line="114" end_line="116" start_column="21" end_column="47" covered="no" />
            <range source_id="54" start_line="118" end_line="118" start_column="21" end_column="97" covered="no" />
            <range source_id="54" start_line="120" end_line="121" start_column="21" end_column="53" covered="no" />
            <range source_id="54" start_line="123" end_line="124" start_column="21" end_column="53" covered="no" />
            <range source_id="54" start_line="126" end_line="127" start_column="21" end_column="57" covered="no" />
            <range source_id="54" start_line="129" end_line="131" start_column="21" end_column="57" covered="no" />
            <range source_id="54" start_line="133" end_line="136" start_column="21" end_column="49" covered="no" />
            <range source_id="54" start_line="138" end_line="139" start_column="21" end_column="47" covered="no" />
            <range source_id="54" start_line="141" end_line="142" start_column="21" end_column="47" covered="no" />
            <range source_id="54" start_line="144" end_line="145" start_column="21" end_column="53" covered="no" />
            <range source_id="54" start_line="147" end_line="148" start_column="21" end_column="58" covered="no" />
            <range source_id="54" start_line="150" end_line="151" start_column="21" end_column="53" covered="no" />
            <range source_id="54" start_line="153" end_line="153" start_column="21" end_column="36" covered="no" />
            <range source_id="54" start_line="155" end_line="155" start_column="21" end_column="47" covered="no" />
            <range source_id="54" start_line="157" end_line="157" start_column="21" end_column="50" covered="no" />
            <range source_id="54" start_line="158" end_line="158" start_column="17" end_column="18" covered="no" />
          </ranges>
        </function>
        <function id="182908" token="0x60004b5" name="&lt;BuildTargetModel&gt;b__2_3(Microsoft.EntityFrameworkCore.Metadata.Builders.EntityTypeBuilder)" namespace="AzAgroPOS.Verilenler.Migrations" type_name="AddEmeliyyatJurnaliTable.&lt;&gt;c" block_coverage="0.00" line_coverage="0.00" blocks_covered="0" blocks_not_covered="26" lines_covered="0" lines_partially_covered="0" lines_not_covered="26">
          <ranges>
            <range source_id="54" start_line="161" end_line="161" start_column="17" end_column="18" covered="no" />
            <range source_id="54" start_line="162" end_line="164" start_column="21" end_column="47" covered="no" />
            <range source_id="54" start_line="166" end_line="166" start_column="21" end_column="97" covered="no" />
            <range source_id="54" start_line="168" end_line="169" start_column="21" end_column="47" covered="no" />
            <range source_id="54" start_line="171" end_line="172" start_column="21" end_column="58" covered="no" />
            <range source_id="54" start_line="174" end_line="175" start_column="21" end_column="58" covered="no" />
            <range source_id="54" start_line="177" end_line="178" start_column="21" end_column="47" covered="no" />
            <range source_id="54" start_line="180" end_line="181" start_column="21" end_column="57" covered="no" />
            <range source_id="54" start_line="183" end_line="186" start_column="21" end_column="49" covered="no" />
            <range source_id="54" start_line="188" end_line="189" start_column="21" end_column="57" covered="no" />
            <range source_id="54" start_line="191" end_line="191" start_column="21" end_column="36" covered="no" />
            <range source_id="54" start_line="193" end_line="193" start_column="21" end_column="49" covered="no" />
            <range source_id="54" start_line="195" end_line="195" start_column="21" end_column="44" covered="no" />
            <range source_id="54" start_line="197" end_line="197" start_column="21" end_column="55" covered="no" />
            <range source_id="54" start_line="198" end_line="198" start_column="17" end_column="18" covered="no" />
          </ranges>
        </function>
        <function id="183216" token="0x60004b6" name="&lt;BuildTargetModel&gt;b__2_4(Microsoft.EntityFrameworkCore.Metadata.Builders.EntityTypeBuilder)" namespace="AzAgroPOS.Verilenler.Migrations" type_name="AddEmeliyyatJurnaliTable.&lt;&gt;c" block_coverage="0.00" line_coverage="0.00" blocks_covered="0" blocks_not_covered="29" lines_covered="0" lines_partially_covered="0" lines_not_covered="56">
          <ranges>
            <range source_id="54" start_line="201" end_line="201" start_column="17" end_column="18" covered="no" />
            <range source_id="54" start_line="202" end_line="204" start_column="21" end_column="47" covered="no" />
            <range source_id="54" start_line="206" end_line="206" start_column="21" end_column="97" covered="no" />
            <range source_id="54" start_line="208" end_line="210" start_column="21" end_column="57" covered="no" />
            <range source_id="54" start_line="212" end_line="213" start_column="21" end_column="47" covered="no" />
            <range source_id="54" start_line="215" end_line="216" start_column="21" end_column="57" covered="no" />
            <range source_id="54" start_line="218" end_line="219" start_column="21" end_column="57" covered="no" />
            <range source_id="54" start_line="221" end_line="224" start_column="21" end_column="49" covered="no" />
            <range source_id="54" start_line="226" end_line="227" start_column="21" end_column="57" covered="no" />
            <range source_id="54" start_line="229" end_line="230" start_column="21" end_column="57" covered="no" />
            <range source_id="54" start_line="232" end_line="232" start_column="21" end_column="36" covered="no" />
            <range source_id="54" start_line="234" end_line="234" start_column="21" end_column="43" covered="no" />
            <range source_id="54" start_line="236" end_line="266" start_column="21" end_column="28" covered="no" />
            <range source_id="54" start_line="267" end_line="267" start_column="17" end_column="18" covered="no" />
          </ranges>
        </function>
        <function id="183592" token="0x60004b7" name="&lt;BuildTargetModel&gt;b__2_5(Microsoft.EntityFrameworkCore.Metadata.Builders.EntityTypeBuilder)" namespace="AzAgroPOS.Verilenler.Migrations" type_name="AddEmeliyyatJurnaliTable.&lt;&gt;c" block_coverage="0.00" line_coverage="0.00" blocks_covered="0" blocks_not_covered="26" lines_covered="0" lines_partially_covered="0" lines_not_covered="26">
          <ranges>
            <range source_id="54" start_line="270" end_line="270" start_column="17" end_column="18" covered="no" />
            <range source_id="54" start_line="271" end_line="273" start_column="21" end_column="47" covered="no" />
            <range source_id="54" start_line="275" end_line="275" start_column="21" end_column="97" covered="no" />
            <range source_id="54" start_line="277" end_line="279" start_column="21" end_column="57" covered="no" />
            <range source_id="54" start_line="281" end_line="283" start_column="21" end_column="57" covered="no" />
            <range source_id="54" start_line="285" end_line="286" start_column="21" end_column="47" covered="no" />
            <range source_id="54" start_line="288" end_line="289" start_column="21" end_column="53" covered="no" />
            <range source_id="54" start_line="291" end_line="292" start_column="21" end_column="47" covered="no" />
            <range source_id="54" start_line="294" end_line="295" start_column="21" end_column="47" covered="no" />
            <range source_id="54" start_line="297" end_line="300" start_column="21" end_column="49" covered="no" />
            <range source_id="54" start_line="302" end_line="302" start_column="21" end_column="36" covered="no" />
            <range source_id="54" start_line="304" end_line="304" start_column="21" end_column="54" covered="no" />
            <range source_id="54" start_line="305" end_line="305" start_column="17" end_column="18" covered="no" />
          </ranges>
        </function>
        <function id="183868" token="0x60004b8" name="&lt;BuildTargetModel&gt;b__2_6(Microsoft.EntityFrameworkCore.Metadata.Builders.EntityTypeBuilder)" namespace="AzAgroPOS.Verilenler.Migrations" type_name="AddEmeliyyatJurnaliTable.&lt;&gt;c" block_coverage="0.00" line_coverage="0.00" blocks_covered="0" blocks_not_covered="59" lines_covered="0" lines_partially_covered="0" lines_not_covered="87">
          <ranges>
            <range source_id="54" start_line="308" end_line="308" start_column="17" end_column="18" covered="no" />
            <range source_id="54" start_line="309" end_line="311" start_column="21" end_column="47" covered="no" />
            <range source_id="54" start_line="313" end_line="313" start_column="21" end_column="97" covered="no" />
            <range source_id="54" start_line="315" end_line="317" start_column="21" end_column="57" covered="no" />
            <range source_id="54" start_line="319" end_line="321" start_column="21" end_column="57" covered="no" />
            <range source_id="54" start_line="323" end_line="324" start_column="21" end_column="53" covered="no" />
            <range source_id="54" start_line="326" end_line="328" start_column="21" end_column="57" covered="no" />
            <range source_id="54" start_line="330" end_line="331" start_column="21" end_column="53" covered="no" />
            <range source_id="54" start_line="333" end_line="334" start_column="21" end_column="58" covered="no" />
            <range source_id="54" start_line="336" end_line="338" start_column="21" end_column="57" covered="no" />
            <range source_id="54" start_line="340" end_line="343" start_column="21" end_column="49" covered="no" />
            <range source_id="54" start_line="345" end_line="346" start_column="21" end_column="47" covered="no" />
            <range source_id="54" start_line="348" end_line="349" start_column="21" end_column="47" covered="no" />
            <range source_id="54" start_line="351" end_line="353" start_column="21" end_column="57" covered="no" />
            <range source_id="54" start_line="355" end_line="357" start_column="21" end_column="57" covered="no" />
            <range source_id="54" start_line="359" end_line="361" start_column="21" end_column="57" covered="no" />
            <range source_id="54" start_line="363" end_line="365" start_column="21" end_column="57" covered="no" />
            <range source_id="54" start_line="367" end_line="369" start_column="21" end_column="57" covered="no" />
            <range source_id="54" start_line="371" end_line="371" start_column="21" end_column="36" covered="no" />
            <range source_id="54" start_line="373" end_line="373" start_column="21" end_column="56" covered="no" />
            <range source_id="54" start_line="375" end_line="375" start_column="21" end_column="42" covered="no" />
            <range source_id="54" start_line="377" end_line="413" start_column="21" end_column="28" covered="no" />
            <range source_id="54" start_line="414" end_line="414" start_column="17" end_column="18" covered="no" />
          </ranges>
        </function>
        <function id="184608" token="0x60004b9" name="&lt;BuildTargetModel&gt;b__2_7(Microsoft.EntityFrameworkCore.Metadata.Builders.EntityTypeBuilder)" namespace="AzAgroPOS.Verilenler.Migrations" type_name="AddEmeliyyatJurnaliTable.&lt;&gt;c" block_coverage="0.00" line_coverage="0.00" blocks_covered="0" blocks_not_covered="36" lines_covered="0" lines_partially_covered="0" lines_not_covered="36">
          <ranges>
            <range source_id="54" start_line="417" end_line="417" start_column="17" end_column="18" covered="no" />
            <range source_id="54" start_line="418" end_line="420" start_column="21" end_column="47" covered="no" />
            <range source_id="54" start_line="422" end_line="422" start_column="21" end_column="97" covered="no" />
            <range source_id="54" start_line="424" end_line="425" start_column="21" end_column="53" covered="no" />
            <range source_id="54" start_line="427" end_line="428" start_column="21" end_column="53" covered="no" />
            <range source_id="54" start_line="430" end_line="431" start_column="21" end_column="47" covered="no" />
            <range source_id="54" start_line="433" end_line="434" start_column="21" end_column="47" covered="no" />
            <range source_id="54" start_line="436" end_line="437" start_column="21" end_column="47" covered="no" />
            <range source_id="54" start_line="439" end_line="441" start_column="21" end_column="57" covered="no" />
            <range source_id="54" start_line="443" end_line="445" start_column="21" end_column="57" covered="no" />
            <range source_id="54" start_line="447" end_line="450" start_column="21" end_column="49" covered="no" />
            <range source_id="54" start_line="452" end_line="453" start_column="21" end_column="47" covered="no" />
            <range source_id="54" start_line="455" end_line="456" start_column="21" end_column="47" covered="no" />
            <range source_id="54" start_line="458" end_line="459" start_column="21" end_column="53" covered="no" />
            <range source_id="54" start_line="461" end_line="461" start_column="21" end_column="36" covered="no" />
            <range source_id="54" start_line="463" end_line="463" start_column="21" end_column="42" covered="no" />
            <range source_id="54" start_line="465" end_line="465" start_column="21" end_column="52" covered="no" />
            <range source_id="54" start_line="467" end_line="467" start_column="21" end_column="46" covered="no" />
            <range source_id="54" start_line="468" end_line="468" start_column="17" end_column="18" covered="no" />
          </ranges>
        </function>
        <function id="185016" token="0x60004ba" name="&lt;BuildTargetModel&gt;b__2_8(Microsoft.EntityFrameworkCore.Metadata.Builders.EntityTypeBuilder)" namespace="AzAgroPOS.Verilenler.Migrations" type_name="AddEmeliyyatJurnaliTable.&lt;&gt;c" block_coverage="0.00" line_coverage="0.00" blocks_covered="0" blocks_not_covered="31" lines_covered="0" lines_partially_covered="0" lines_not_covered="31">
          <ranges>
            <range source_id="54" start_line="471" end_line="471" start_column="17" end_column="18" covered="no" />
            <range source_id="54" start_line="472" end_line="474" start_column="21" end_column="47" covered="no" />
            <range source_id="54" start_line="476" end_line="476" start_column="21" end_column="97" covered="no" />
            <range source_id="54" start_line="478" end_line="480" start_column="21" end_column="57" covered="no" />
            <range source_id="54" start_line="482" end_line="483" start_column="21" end_column="47" covered="no" />
            <range source_id="54" start_line="485" end_line="487" start_column="21" end_column="57" covered="no" />
            <range source_id="54" start_line="489" end_line="491" start_column="21" end_column="57" covered="no" />
            <range source_id="54" start_line="493" end_line="494" start_column="21" end_column="47" covered="no" />
            <range source_id="54" start_line="496" end_line="499" start_column="21" end_column="49" covered="no" />
            <range source_id="54" start_line="501" end_line="502" start_column="21" end_column="53" covered="no" />
            <range source_id="54" start_line="504" end_line="506" start_column="21" end_column="57" covered="no" />
            <range source_id="54" start_line="508" end_line="508" start_column="21" end_column="36" covered="no" />
            <range source_id="54" start_line="510" end_line="510" start_column="21" end_column="42" covered="no" />
            <range source_id="54" start_line="512" end_line="512" start_column="21" end_column="53" covered="no" />
            <range source_id="54" start_line="513" end_line="513" start_column="17" end_column="18" covered="no" />
          </ranges>
        </function>
        <function id="185348" token="0x60004bb" name="&lt;BuildTargetModel&gt;b__2_9(Microsoft.EntityFrameworkCore.Metadata.Builders.EntityTypeBuilder)" namespace="AzAgroPOS.Verilenler.Migrations" type_name="AddEmeliyyatJurnaliTable.&lt;&gt;c" block_coverage="0.00" line_coverage="0.00" blocks_covered="0" blocks_not_covered="26" lines_covered="0" lines_partially_covered="0" lines_not_covered="34">
          <ranges>
            <range source_id="54" start_line="516" end_line="516" start_column="17" end_column="18" covered="no" />
            <range source_id="54" start_line="517" end_line="519" start_column="21" end_column="47" covered="no" />
            <range source_id="54" start_line="521" end_line="521" start_column="21" end_column="97" covered="no" />
            <range source_id="54" start_line="523" end_line="525" start_column="21" end_column="57" covered="no" />
            <range source_id="54" start_line="527" end_line="529" start_column="21" end_column="57" covered="no" />
            <range source_id="54" start_line="531" end_line="532" start_column="21" end_column="47" covered="no" />
            <range source_id="54" start_line="534" end_line="537" start_column="21" end_column="49" covered="no" />
            <range source_id="54" start_line="539" end_line="541" start_column="21" end_column="57" covered="no" />
            <range source_id="54" start_line="543" end_line="543" start_column="21" end_column="36" covered="no" />
            <range source_id="54" start_line="545" end_line="545" start_column="21" end_column="41" covered="no" />
            <range source_id="54" start_line="547" end_line="547" start_column="21" end_column="48" covered="no" />
            <range source_id="54" start_line="549" end_line="558" start_column="21" end_column="28" covered="no" />
            <range source_id="54" start_line="559" end_line="559" start_column="17" end_column="18" covered="no" />
          </ranges>
        </function>
        <function id="185648" token="0x60004bc" name="&lt;BuildTargetModel&gt;b__2_10(Microsoft.EntityFrameworkCore.Metadata.Builders.EntityTypeBuilder)" namespace="AzAgroPOS.Verilenler.Migrations" type_name="AddEmeliyyatJurnaliTable.&lt;&gt;c" block_coverage="0.00" line_coverage="0.00" blocks_covered="0" blocks_not_covered="23" lines_covered="0" lines_partially_covered="0" lines_not_covered="44">
          <ranges>
            <range source_id="54" start_line="562" end_line="562" start_column="17" end_column="18" covered="no" />
            <range source_id="54" start_line="563" end_line="565" start_column="21" end_column="47" covered="no" />
            <range source_id="54" start_line="567" end_line="567" start_column="21" end_column="97" covered="no" />
            <range source_id="54" start_line="569" end_line="571" start_column="21" end_column="57" covered="no" />
            <range source_id="54" start_line="573" end_line="574" start_column="21" end_column="47" covered="no" />
            <range source_id="54" start_line="576" end_line="579" start_column="21" end_column="49" covered="no" />
            <range source_id="54" start_line="581" end_line="582" start_column="21" end_column="57" covered="no" />
            <range source_id="54" start_line="584" end_line="584" start_column="21" end_column="36" covered="no" />
            <range source_id="54" start_line="586" end_line="586" start_column="21" end_column="48" covered="no" />
            <range source_id="54" start_line="588" end_line="612" start_column="21" end_column="28" covered="no" />
            <range source_id="54" start_line="613" end_line="613" start_column="17" end_column="18" covered="no" />
          </ranges>
        </function>
        <function id="185928" token="0x60004bd" name="&lt;BuildTargetModel&gt;b__2_11(Microsoft.EntityFrameworkCore.Metadata.Builders.EntityTypeBuilder)" namespace="AzAgroPOS.Verilenler.Migrations" type_name="AddEmeliyyatJurnaliTable.&lt;&gt;c" block_coverage="0.00" line_coverage="0.00" blocks_covered="0" blocks_not_covered="56" lines_covered="0" lines_partially_covered="0" lines_not_covered="95">
          <ranges>
            <range source_id="54" start_line="616" end_line="616" start_column="17" end_column="18" covered="no" />
            <range source_id="54" start_line="617" end_line="619" start_column="21" end_column="47" covered="no" />
            <range source_id="54" start_line="621" end_line="621" start_column="21" end_column="97" covered="no" />
            <range source_id="54" start_line="623" end_line="625" start_column="21" end_column="57" covered="no" />
            <range source_id="54" start_line="627" end_line="628" start_column="21" end_column="47" covered="no" />
            <range source_id="54" start_line="630" end_line="631" start_column="21" end_column="58" covered="no" />
            <range source_id="54" start_line="633" end_line="634" start_column="21" end_column="57" covered="no" />
            <range source_id="54" start_line="636" end_line="637" start_column="21" end_column="47" covered="no" />
            <range source_id="54" start_line="639" end_line="640" start_column="21" end_column="47" covered="no" />
            <range source_id="54" start_line="642" end_line="643" start_column="21" end_column="47" covered="no" />
            <range source_id="54" start_line="645" end_line="646" start_column="21" end_column="47" covered="no" />
            <range source_id="54" start_line="648" end_line="649" start_column="21" end_column="47" covered="no" />
            <range source_id="54" start_line="651" end_line="652" start_column="21" end_column="58" covered="no" />
            <range source_id="54" start_line="654" end_line="655" start_column="21" end_column="57" covered="no" />
            <range source_id="54" start_line="657" end_line="660" start_column="21" end_column="49" covered="no" />
            <range source_id="54" start_line="662" end_line="663" start_column="21" end_column="57" covered="no" />
            <range source_id="54" start_line="665" end_line="666" start_column="21" end_column="47" covered="no" />
            <range source_id="54" start_line="668" end_line="669" start_column="21" end_column="58" covered="no" />
            <range source_id="54" start_line="671" end_line="672" start_column="21" end_column="58" covered="no" />
            <range source_id="54" start_line="674" end_line="674" start_column="21" end_column="36" covered="no" />
            <range source_id="54" start_line="676" end_line="676" start_column="21" end_column="43" covered="no" />
            <range source_id="54" start_line="678" end_line="678" start_column="21" end_column="48" covered="no" />
            <range source_id="54" start_line="680" end_line="680" start_column="21" end_column="47" covered="no" />
            <range source_id="54" start_line="682" end_line="682" start_column="21" end_column="44" covered="no" />
            <range source_id="54" start_line="684" end_line="732" start_column="21" end_column="28" covered="no" />
            <range source_id="54" start_line="733" end_line="733" start_column="17" end_column="18" covered="no" />
          </ranges>
        </function>
        <function id="186676" token="0x60004be" name="&lt;BuildTargetModel&gt;b__2_12(Microsoft.EntityFrameworkCore.Metadata.Builders.EntityTypeBuilder)" namespace="AzAgroPOS.Verilenler.Migrations" type_name="AddEmeliyyatJurnaliTable.&lt;&gt;c" block_coverage="0.00" line_coverage="0.00" blocks_covered="0" blocks_not_covered="24" lines_covered="0" lines_partially_covered="0" lines_not_covered="24">
          <ranges>
            <range source_id="54" start_line="736" end_line="736" start_column="17" end_column="18" covered="no" />
            <range source_id="54" start_line="737" end_line="739" start_column="21" end_column="47" covered="no" />
            <range source_id="54" start_line="741" end_line="741" start_column="21" end_column="97" covered="no" />
            <range source_id="54" start_line="743" end_line="744" start_column="21" end_column="57" covered="no" />
            <range source_id="54" start_line="746" end_line="749" start_column="21" end_column="49" covered="no" />
            <range source_id="54" start_line="751" end_line="753" start_column="21" end_column="57" covered="no" />
            <range source_id="54" start_line="755" end_line="757" start_column="21" end_column="57" covered="no" />
            <range source_id="54" start_line="759" end_line="760" start_column="21" end_column="58" covered="no" />
            <range source_id="54" start_line="762" end_line="763" start_column="21" end_column="57" covered="no" />
            <range source_id="54" start_line="765" end_line="765" start_column="21" end_column="36" covered="no" />
            <range source_id="54" start_line="767" end_line="767" start_column="21" end_column="45" covered="no" />
            <range source_id="54" start_line="768" end_line="768" start_column="17" end_column="18" covered="no" />
          </ranges>
        </function>
        <function id="186932" token="0x60004bf" name="&lt;BuildTargetModel&gt;b__2_13(Microsoft.EntityFrameworkCore.Metadata.Builders.EntityTypeBuilder)" namespace="AzAgroPOS.Verilenler.Migrations" type_name="AddEmeliyyatJurnaliTable.&lt;&gt;c" block_coverage="0.00" line_coverage="0.00" blocks_covered="0" blocks_not_covered="26" lines_covered="0" lines_partially_covered="0" lines_not_covered="26">
          <ranges>
            <range source_id="54" start_line="771" end_line="771" start_column="17" end_column="18" covered="no" />
            <range source_id="54" start_line="772" end_line="774" start_column="21" end_column="47" covered="no" />
            <range source_id="54" start_line="776" end_line="776" start_column="21" end_column="97" covered="no" />
            <range source_id="54" start_line="778" end_line="779" start_column="21" end_column="47" covered="no" />
            <range source_id="54" start_line="781" end_line="782" start_column="21" end_column="58" covered="no" />
            <range source_id="54" start_line="784" end_line="785" start_column="21" end_column="47" covered="no" />
            <range source_id="54" start_line="787" end_line="788" start_column="21" end_column="57" covered="no" />
            <range source_id="54" start_line="790" end_line="791" start_column="21" end_column="47" covered="no" />
            <range source_id="54" start_line="793" end_line="796" start_column="21" end_column="49" covered="no" />
            <range source_id="54" start_line="798" end_line="799" start_column="21" end_column="53" covered="no" />
            <range source_id="54" start_line="801" end_line="801" start_column="21" end_column="36" covered="no" />
            <range source_id="54" start_line="803" end_line="803" start_column="21" end_column="45" covered="no" />
            <range source_id="54" start_line="805" end_line="805" start_column="21" end_column="43" covered="no" />
            <range source_id="54" start_line="807" end_line="807" start_column="21" end_column="51" covered="no" />
            <range source_id="54" start_line="808" end_line="808" start_column="17" end_column="18" covered="no" />
          </ranges>
        </function>
        <function id="187240" token="0x60004c0" name="&lt;BuildTargetModel&gt;b__2_14(Microsoft.EntityFrameworkCore.Metadata.Builders.EntityTypeBuilder)" namespace="AzAgroPOS.Verilenler.Migrations" type_name="AddEmeliyyatJurnaliTable.&lt;&gt;c" block_coverage="0.00" line_coverage="0.00" blocks_covered="0" blocks_not_covered="27" lines_covered="0" lines_partially_covered="0" lines_not_covered="27">
          <ranges>
            <range source_id="54" start_line="811" end_line="811" start_column="17" end_column="18" covered="no" />
            <range source_id="54" start_line="812" end_line="814" start_column="21" end_column="47" covered="no" />
            <range source_id="54" start_line="816" end_line="816" start_column="21" end_column="97" covered="no" />
            <range source_id="54" start_line="818" end_line="819" start_column="21" end_column="53" covered="no" />
            <range source_id="54" start_line="821" end_line="822" start_column="21" end_column="53" covered="no" />
            <range source_id="54" start_line="824" end_line="825" start_column="21" end_column="58" covered="no" />
            <range source_id="54" start_line="827" end_line="828" start_column="21" end_column="58" covered="no" />
            <range source_id="54" start_line="830" end_line="831" start_column="21" end_column="58" covered="no" />
            <range source_id="54" start_line="833" end_line="834" start_column="21" end_column="47" covered="no" />
            <range source_id="54" start_line="836" end_line="839" start_column="21" end_column="49" covered="no" />
            <range source_id="54" start_line="841" end_line="842" start_column="21" end_column="47" covered="no" />
            <range source_id="54" start_line="844" end_line="844" start_column="21" end_column="36" covered="no" />
            <range source_id="54" start_line="846" end_line="846" start_column="21" end_column="42" covered="no" />
            <range source_id="54" start_line="848" end_line="848" start_column="21" end_column="43" covered="no" />
            <range source_id="54" start_line="849" end_line="849" start_column="17" end_column="18" covered="no" />
          </ranges>
        </function>
        <function id="187548" token="0x60004c1" name="&lt;BuildTargetModel&gt;b__2_15(Microsoft.EntityFrameworkCore.Metadata.Builders.EntityTypeBuilder)" namespace="AzAgroPOS.Verilenler.Migrations" type_name="AddEmeliyyatJurnaliTable.&lt;&gt;c" block_coverage="0.00" line_coverage="0.00" blocks_covered="0" blocks_not_covered="25" lines_covered="0" lines_partially_covered="0" lines_not_covered="25">
          <ranges>
            <range source_id="54" start_line="852" end_line="852" start_column="17" end_column="18" covered="no" />
            <range source_id="54" start_line="853" end_line="855" start_column="21" end_column="47" covered="no" />
            <range source_id="54" start_line="857" end_line="857" start_column="21" end_column="97" covered="no" />
            <range source_id="54" start_line="859" end_line="860" start_column="21" end_column="47" covered="no" />
            <range source_id="54" start_line="862" end_line="863" start_column="21" end_column="47" covered="no" />
            <range source_id="54" start_line="865" end_line="867" start_column="21" end_column="57" covered="no" />
            <range source_id="54" start_line="869" end_line="872" start_column="21" end_column="49" covered="no" />
            <range source_id="54" start_line="874" end_line="875" start_column="21" end_column="53" covered="no" />
            <range source_id="54" start_line="877" end_line="878" start_column="21" end_column="57" covered="no" />
            <range source_id="54" start_line="880" end_line="880" start_column="21" end_column="36" covered="no" />
            <range source_id="54" start_line="882" end_line="882" start_column="21" end_column="44" covered="no" />
            <range source_id="54" start_line="884" end_line="884" start_column="21" end_column="43" covered="no" />
            <range source_id="54" start_line="886" end_line="886" start_column="21" end_column="46" covered="no" />
            <range source_id="54" start_line="887" end_line="887" start_column="17" end_column="18" covered="no" />
          </ranges>
        </function>
        <function id="187840" token="0x60004c2" name="&lt;BuildTargetModel&gt;b__2_16(Microsoft.EntityFrameworkCore.Metadata.Builders.EntityTypeBuilder)" namespace="AzAgroPOS.Verilenler.Migrations" type_name="AddEmeliyyatJurnaliTable.&lt;&gt;c" block_coverage="0.00" line_coverage="0.00" blocks_covered="0" blocks_not_covered="24" lines_covered="0" lines_partially_covered="0" lines_not_covered="24">
          <ranges>
            <range source_id="54" start_line="890" end_line="890" start_column="17" end_column="18" covered="no" />
            <range source_id="54" start_line="891" end_line="893" start_column="21" end_column="47" covered="no" />
            <range source_id="54" start_line="895" end_line="895" start_column="21" end_column="97" covered="no" />
            <range source_id="54" start_line="897" end_line="898" start_column="21" end_column="47" covered="no" />
            <range source_id="54" start_line="900" end_line="901" start_column="21" end_column="57" covered="no" />
            <range source_id="54" start_line="903" end_line="904" start_column="21" end_column="47" covered="no" />
            <range source_id="54" start_line="906" end_line="907" start_column="21" end_column="57" covered="no" />
            <range source_id="54" start_line="909" end_line="912" start_column="21" end_column="49" covered="no" />
            <range source_id="54" start_line="914" end_line="915" start_column="21" end_column="57" covered="no" />
            <range source_id="54" start_line="917" end_line="917" start_column="21" end_column="36" covered="no" />
            <range source_id="54" start_line="919" end_line="919" start_column="21" end_column="44" covered="no" />
            <range source_id="54" start_line="921" end_line="921" start_column="21" end_column="46" covered="no" />
            <range source_id="54" start_line="923" end_line="923" start_column="21" end_column="52" covered="no" />
            <range source_id="54" start_line="924" end_line="924" start_column="17" end_column="18" covered="no" />
          </ranges>
        </function>
        <function id="188124" token="0x60004c3" name="&lt;BuildTargetModel&gt;b__2_17(Microsoft.EntityFrameworkCore.Metadata.Builders.EntityTypeBuilder)" namespace="AzAgroPOS.Verilenler.Migrations" type_name="AddEmeliyyatJurnaliTable.&lt;&gt;c" block_coverage="0.00" line_coverage="0.00" blocks_covered="0" blocks_not_covered="18" lines_covered="0" lines_partially_covered="0" lines_not_covered="28">
          <ranges>
            <range source_id="54" start_line="927" end_line="927" start_column="17" end_column="18" covered="no" />
            <range source_id="54" start_line="928" end_line="930" start_column="21" end_column="47" covered="no" />
            <range source_id="54" start_line="932" end_line="932" start_column="21" end_column="97" covered="no" />
            <range source_id="54" start_line="934" end_line="936" start_column="21" end_column="57" covered="no" />
            <range source_id="54" start_line="938" end_line="941" start_column="21" end_column="49" covered="no" />
            <range source_id="54" start_line="943" end_line="943" start_column="21" end_column="36" covered="no" />
            <range source_id="54" start_line="945" end_line="945" start_column="21" end_column="41" covered="no" />
            <range source_id="54" start_line="947" end_line="959" start_column="21" end_column="28" covered="no" />
            <range source_id="54" start_line="960" end_line="960" start_column="17" end_column="18" covered="no" />
          </ranges>
        </function>
        <function id="188328" token="0x60004c4" name="&lt;BuildTargetModel&gt;b__2_18(Microsoft.EntityFrameworkCore.Metadata.Builders.EntityTypeBuilder)" namespace="AzAgroPOS.Verilenler.Migrations" type_name="AddEmeliyyatJurnaliTable.&lt;&gt;c" block_coverage="0.00" line_coverage="0.00" blocks_covered="0" blocks_not_covered="24" lines_covered="0" lines_partially_covered="0" lines_not_covered="24">
          <ranges>
            <range source_id="54" start_line="963" end_line="963" start_column="17" end_column="18" covered="no" />
            <range source_id="54" start_line="964" end_line="966" start_column="21" end_column="47" covered="no" />
            <range source_id="54" start_line="968" end_line="968" start_column="21" end_column="97" covered="no" />
            <range source_id="54" start_line="970" end_line="971" start_column="21" end_column="47" covered="no" />
            <range source_id="54" start_line="973" end_line="974" start_column="21" end_column="47" covered="no" />
            <range source_id="54" start_line="976" end_line="977" start_column="21" end_column="47" covered="no" />
            <range source_id="54" start_line="979" end_line="982" start_column="21" end_column="49" covered="no" />
            <range source_id="54" start_line="984" end_line="985" start_column="21" end_column="53" covered="no" />
            <range source_id="54" start_line="987" end_line="988" start_column="21" end_column="58" covered="no" />
            <range source_id="54" start_line="990" end_line="990" start_column="21" end_column="36" covered="no" />
            <range source_id="54" start_line="992" end_line="992" start_column="21" end_column="45" covered="no" />
            <range source_id="54" start_line="994" end_line="994" start_column="21" end_column="43" covered="no" />
            <range source_id="54" start_line="996" end_line="996" start_column="21" end_column="43" covered="no" />
            <range source_id="54" start_line="997" end_line="997" start_column="17" end_column="18" covered="no" />
          </ranges>
        </function>
        <function id="188612" token="0x60004c5" name="&lt;BuildTargetModel&gt;b__2_19(Microsoft.EntityFrameworkCore.Metadata.Builders.EntityTypeBuilder)" namespace="AzAgroPOS.Verilenler.Migrations" type_name="AddEmeliyyatJurnaliTable.&lt;&gt;c" block_coverage="0.00" line_coverage="0.00" blocks_covered="0" blocks_not_covered="24" lines_covered="0" lines_partially_covered="0" lines_not_covered="24">
          <ranges>
            <range source_id="54" start_line="1000" end_line="1000" start_column="17" end_column="18" covered="no" />
            <range source_id="54" start_line="1001" end_line="1003" start_column="21" end_column="47" covered="no" />
            <range source_id="54" start_line="1005" end_line="1005" start_column="21" end_column="97" covered="no" />
            <range source_id="54" start_line="1007" end_line="1008" start_column="21" end_column="47" covered="no" />
            <range source_id="54" start_line="1010" end_line="1011" start_column="21" end_column="57" covered="no" />
            <range source_id="54" start_line="1013" end_line="1014" start_column="21" end_column="58" covered="no" />
            <range source_id="54" start_line="1016" end_line="1017" start_column="21" end_column="47" covered="no" />
            <range source_id="54" start_line="1019" end_line="1022" start_column="21" end_column="49" covered="no" />
            <range source_id="54" start_line="1024" end_line="1025" start_column="21" end_column="57" covered="no" />
            <range source_id="54" start_line="1027" end_line="1027" start_column="21" end_column="36" covered="no" />
            <range source_id="54" start_line="1029" end_line="1029" start_column="21" end_column="44" covered="no" />
            <range source_id="54" start_line="1031" end_line="1031" start_column="21" end_column="43" covered="no" />
            <range source_id="54" start_line="1033" end_line="1033" start_column="21" end_column="49" covered="no" />
            <range source_id="54" start_line="1034" end_line="1034" start_column="17" end_column="18" covered="no" />
          </ranges>
        </function>
        <function id="188896" token="0x60004c6" name="&lt;BuildTargetModel&gt;b__2_20(Microsoft.EntityFrameworkCore.Metadata.Builders.EntityTypeBuilder)" namespace="AzAgroPOS.Verilenler.Migrations" type_name="AddEmeliyyatJurnaliTable.&lt;&gt;c" block_coverage="0.00" line_coverage="0.00" blocks_covered="0" blocks_not_covered="30" lines_covered="0" lines_partially_covered="0" lines_not_covered="52">
          <ranges>
            <range source_id="54" start_line="1037" end_line="1037" start_column="17" end_column="18" covered="no" />
            <range source_id="54" start_line="1038" end_line="1040" start_column="21" end_column="47" covered="no" />
            <range source_id="54" start_line="1042" end_line="1042" start_column="21" end_column="97" covered="no" />
            <range source_id="54" start_line="1044" end_line="1046" start_column="21" end_column="57" covered="no" />
            <range source_id="54" start_line="1048" end_line="1049" start_column="21" end_column="47" covered="no" />
            <range source_id="54" start_line="1051" end_line="1052" start_column="21" end_column="57" covered="no" />
            <range source_id="54" start_line="1054" end_line="1055" start_column="21" end_column="57" covered="no" />
            <range source_id="54" start_line="1057" end_line="1060" start_column="21" end_column="49" covered="no" />
            <range source_id="54" start_line="1062" end_line="1063" start_column="21" end_column="57" covered="no" />
            <range source_id="54" start_line="1065" end_line="1066" start_column="21" end_column="57" covered="no" />
            <range source_id="54" start_line="1068" end_line="1069" start_column="21" end_column="57" covered="no" />
            <range source_id="54" start_line="1071" end_line="1071" start_column="21" end_column="36" covered="no" />
            <range source_id="54" start_line="1073" end_line="1073" start_column="21" end_column="47" covered="no" />
            <range source_id="54" start_line="1075" end_line="1099" start_column="21" end_column="28" covered="no" />
            <range source_id="54" start_line="1100" end_line="1100" start_column="17" end_column="18" covered="no" />
          </ranges>
        </function>
        <function id="189284" token="0x60004c7" name="&lt;BuildTargetModel&gt;b__2_21(Microsoft.EntityFrameworkCore.Metadata.Builders.EntityTypeBuilder)" namespace="AzAgroPOS.Verilenler.Migrations" type_name="AddEmeliyyatJurnaliTable.&lt;&gt;c" block_coverage="0.00" line_coverage="0.00" blocks_covered="0" blocks_not_covered="35" lines_covered="0" lines_partially_covered="0" lines_not_covered="35">
          <ranges>
            <range source_id="54" start_line="1103" end_line="1103" start_column="17" end_column="18" covered="no" />
            <range source_id="54" start_line="1104" end_line="1106" start_column="21" end_column="47" covered="no" />
            <range source_id="54" start_line="1108" end_line="1108" start_column="21" end_column="97" covered="no" />
            <range source_id="54" start_line="1110" end_line="1111" start_column="21" end_column="47" covered="no" />
            <range source_id="54" start_line="1113" end_line="1114" start_column="21" end_column="57" covered="no" />
            <range source_id="54" start_line="1116" end_line="1117" start_column="21" end_column="58" covered="no" />
            <range source_id="54" start_line="1119" end_line="1121" start_column="21" end_column="57" covered="no" />
            <range source_id="54" start_line="1123" end_line="1124" start_column="21" end_column="53" covered="no" />
            <range source_id="54" start_line="1126" end_line="1127" start_column="21" end_column="47" covered="no" />
            <range source_id="54" start_line="1129" end_line="1130" start_column="21" end_column="57" covered="no" />
            <range source_id="54" start_line="1132" end_line="1135" start_column="21" end_column="49" covered="no" />
            <range source_id="54" start_line="1137" end_line="1138" start_column="21" end_column="47" covered="no" />
            <range source_id="54" start_line="1140" end_line="1141" start_column="21" end_column="47" covered="no" />
            <range source_id="54" start_line="1143" end_line="1144" start_column="21" end_column="53" covered="no" />
            <range source_id="54" start_line="1146" end_line="1146" start_column="21" end_column="36" covered="no" />
            <range source_id="54" start_line="1148" end_line="1148" start_column="21" end_column="47" covered="no" />
            <range source_id="54" start_line="1150" end_line="1150" start_column="21" end_column="47" covered="no" />
            <range source_id="54" start_line="1152" end_line="1152" start_column="21" end_column="53" covered="no" />
            <range source_id="54" start_line="1153" end_line="1153" start_column="17" end_column="18" covered="no" />
          </ranges>
        </function>
        <function id="189684" token="0x60004c8" name="&lt;BuildTargetModel&gt;b__2_22(Microsoft.EntityFrameworkCore.Metadata.Builders.EntityTypeBuilder)" namespace="AzAgroPOS.Verilenler.Migrations" type_name="AddEmeliyyatJurnaliTable.&lt;&gt;c" block_coverage="0.00" line_coverage="0.00" blocks_covered="0" blocks_not_covered="44" lines_covered="0" lines_partially_covered="0" lines_not_covered="44">
          <ranges>
            <range source_id="54" start_line="1156" end_line="1156" start_column="17" end_column="18" covered="no" />
            <range source_id="54" start_line="1157" end_line="1159" start_column="21" end_column="47" covered="no" />
            <range source_id="54" start_line="1161" end_line="1161" start_column="21" end_column="97" covered="no" />
            <range source_id="54" start_line="1163" end_line="1165" start_column="21" end_column="57" covered="no" />
            <range source_id="54" start_line="1167" end_line="1168" start_column="21" end_column="47" covered="no" />
            <range source_id="54" start_line="1170" end_line="1172" start_column="21" end_column="57" covered="no" />
            <range source_id="54" start_line="1174" end_line="1176" start_column="21" end_column="57" covered="no" />
            <range source_id="54" start_line="1178" end_line="1180" start_column="21" end_column="57" covered="no" />
            <range source_id="54" start_line="1182" end_line="1183" start_column="21" end_column="53" covered="no" />
            <range source_id="54" start_line="1185" end_line="1187" start_column="21" end_column="57" covered="no" />
            <range source_id="54" start_line="1189" end_line="1190" start_column="21" end_column="57" covered="no" />
            <range source_id="54" start_line="1192" end_line="1195" start_column="21" end_column="49" covered="no" />
            <range source_id="54" start_line="1197" end_line="1198" start_column="21" end_column="47" covered="no" />
            <range source_id="54" start_line="1200" end_line="1201" start_column="21" end_column="53" covered="no" />
            <range source_id="54" start_line="1203" end_line="1204" start_column="21" end_column="58" covered="no" />
            <range source_id="54" start_line="1206" end_line="1207" start_column="21" end_column="58" covered="no" />
            <range source_id="54" start_line="1209" end_line="1210" start_column="21" end_column="47" covered="no" />
            <range source_id="54" start_line="1212" end_line="1212" start_column="21" end_column="36" covered="no" />
            <range source_id="54" start_line="1214" end_line="1214" start_column="21" end_column="42" covered="no" />
            <range source_id="54" start_line="1216" end_line="1216" start_column="21" end_column="51" covered="no" />
            <range source_id="54" start_line="1217" end_line="1217" start_column="17" end_column="18" covered="no" />
          </ranges>
        </function>
        <function id="190156" token="0x60004c9" name="&lt;BuildTargetModel&gt;b__2_23(Microsoft.EntityFrameworkCore.Metadata.Builders.EntityTypeBuilder)" namespace="AzAgroPOS.Verilenler.Migrations" type_name="AddEmeliyyatJurnaliTable.&lt;&gt;c" block_coverage="0.00" line_coverage="0.00" blocks_covered="0" blocks_not_covered="7" lines_covered="0" lines_partially_covered="0" lines_not_covered="8">
          <ranges>
            <range source_id="54" start_line="1220" end_line="1220" start_column="17" end_column="18" covered="no" />
            <range source_id="54" start_line="1221" end_line="1225" start_column="21" end_column="39" covered="no" />
            <range source_id="54" start_line="1227" end_line="1227" start_column="21" end_column="47" covered="no" />
            <range source_id="54" start_line="1228" end_line="1228" start_column="17" end_column="18" covered="no" />
          </ranges>
        </function>
        <function id="190240" token="0x60004ca" name="&lt;BuildTargetModel&gt;b__2_24(Microsoft.EntityFrameworkCore.Metadata.Builders.EntityTypeBuilder)" namespace="AzAgroPOS.Verilenler.Migrations" type_name="AddEmeliyyatJurnaliTable.&lt;&gt;c" block_coverage="0.00" line_coverage="0.00" blocks_covered="0" blocks_not_covered="18" lines_covered="0" lines_partially_covered="0" lines_not_covered="19">
          <ranges>
            <range source_id="54" start_line="1231" end_line="1231" start_column="17" end_column="18" covered="no" />
            <range source_id="54" start_line="1232" end_line="1236" start_column="21" end_column="39" covered="no" />
            <range source_id="54" start_line="1238" end_line="1241" start_column="21" end_column="60" covered="no" />
            <range source_id="54" start_line="1243" end_line="1247" start_column="21" end_column="39" covered="no" />
            <range source_id="54" start_line="1249" end_line="1249" start_column="21" end_column="47" covered="no" />
            <range source_id="54" start_line="1251" end_line="1251" start_column="21" end_column="55" covered="no" />
            <range source_id="54" start_line="1253" end_line="1253" start_column="21" end_column="44" covered="no" />
            <range source_id="54" start_line="1254" end_line="1254" start_column="17" end_column="18" covered="no" />
          </ranges>
        </function>
        <function id="190452" token="0x60004cb" name="&lt;BuildTargetModel&gt;b__2_25(Microsoft.EntityFrameworkCore.Metadata.Builders.EntityTypeBuilder)" namespace="AzAgroPOS.Verilenler.Migrations" type_name="AddEmeliyyatJurnaliTable.&lt;&gt;c" block_coverage="0.00" line_coverage="0.00" blocks_covered="0" blocks_not_covered="7" lines_covered="0" lines_partially_covered="0" lines_not_covered="8">
          <ranges>
            <range source_id="54" start_line="1257" end_line="1257" start_column="17" end_column="18" covered="no" />
            <range source_id="54" start_line="1258" end_line="1262" start_column="21" end_column="39" covered="no" />
            <range source_id="54" start_line="1264" end_line="1264" start_column="21" end_column="47" covered="no" />
            <range source_id="54" start_line="1265" end_line="1265" start_column="17" end_column="18" covered="no" />
          </ranges>
        </function>
        <function id="190536" token="0x60004cc" name="&lt;BuildTargetModel&gt;b__2_26(Microsoft.EntityFrameworkCore.Metadata.Builders.EntityTypeBuilder)" namespace="AzAgroPOS.Verilenler.Migrations" type_name="AddEmeliyyatJurnaliTable.&lt;&gt;c" block_coverage="0.00" line_coverage="0.00" blocks_covered="0" blocks_not_covered="13" lines_covered="0" lines_partially_covered="0" lines_not_covered="14">
          <ranges>
            <range source_id="54" start_line="1268" end_line="1268" start_column="17" end_column="18" covered="no" />
            <range source_id="54" start_line="1269" end_line="1273" start_column="21" end_column="39" covered="no" />
            <range source_id="54" start_line="1275" end_line="1279" start_column="21" end_column="39" covered="no" />
            <range source_id="54" start_line="1281" end_line="1281" start_column="21" end_column="49" covered="no" />
            <range source_id="54" start_line="1283" end_line="1283" start_column="21" end_column="44" covered="no" />
            <range source_id="54" start_line="1284" end_line="1284" start_column="17" end_column="18" covered="no" />
          </ranges>
        </function>
        <function id="190686" token="0x60004cd" name="&lt;BuildTargetModel&gt;b__2_27(Microsoft.EntityFrameworkCore.Metadata.Builders.EntityTypeBuilder)" namespace="AzAgroPOS.Verilenler.Migrations" type_name="AddEmeliyyatJurnaliTable.&lt;&gt;c" block_coverage="0.00" line_coverage="0.00" blocks_covered="0" blocks_not_covered="5" lines_covered="0" lines_partially_covered="0" lines_not_covered="6">
          <ranges>
            <range source_id="54" start_line="1287" end_line="1287" start_column="17" end_column="18" covered="no" />
            <range source_id="54" start_line="1288" end_line="1290" start_column="21" end_column="64" covered="no" />
            <range source_id="54" start_line="1292" end_line="1292" start_column="21" end_column="56" covered="no" />
            <range source_id="54" start_line="1293" end_line="1293" start_column="17" end_column="18" covered="no" />
          </ranges>
        </function>
        <function id="190744" token="0x60004ce" name="&lt;BuildTargetModel&gt;b__2_28(Microsoft.EntityFrameworkCore.Metadata.Builders.EntityTypeBuilder)" namespace="AzAgroPOS.Verilenler.Migrations" type_name="AddEmeliyyatJurnaliTable.&lt;&gt;c" block_coverage="0.00" line_coverage="0.00" blocks_covered="0" blocks_not_covered="12" lines_covered="0" lines_partially_covered="0" lines_not_covered="13">
          <ranges>
            <range source_id="54" start_line="1296" end_line="1296" start_column="17" end_column="18" covered="no" />
            <range source_id="54" start_line="1297" end_line="1301" start_column="21" end_column="39" covered="no" />
            <range source_id="54" start_line="1303" end_line="1306" start_column="21" end_column="60" covered="no" />
            <range source_id="54" start_line="1308" end_line="1308" start_column="21" end_column="42" covered="no" />
            <range source_id="54" start_line="1310" end_line="1310" start_column="21" end_column="52" covered="no" />
            <range source_id="54" start_line="1311" end_line="1311" start_column="17" end_column="18" covered="no" />
          </ranges>
        </function>
        <function id="190888" token="0x60004cf" name="&lt;BuildTargetModel&gt;b__2_29(Microsoft.EntityFrameworkCore.Metadata.Builders.EntityTypeBuilder)" namespace="AzAgroPOS.Verilenler.Migrations" type_name="AddEmeliyyatJurnaliTable.&lt;&gt;c" block_coverage="0.00" line_coverage="0.00" blocks_covered="0" blocks_not_covered="7" lines_covered="0" lines_partially_covered="0" lines_not_covered="8">
          <ranges>
            <range source_id="54" start_line="1314" end_line="1314" start_column="17" end_column="18" covered="no" />
            <range source_id="54" start_line="1315" end_line="1319" start_column="21" end_column="39" covered="no" />
            <range source_id="54" start_line="1321" end_line="1321" start_column="21" end_column="42" covered="no" />
            <range source_id="54" start_line="1322" end_line="1322" start_column="17" end_column="18" covered="no" />
          </ranges>
        </function>
        <function id="190972" token="0x60004d0" name="&lt;BuildTargetModel&gt;b__2_30(Microsoft.EntityFrameworkCore.Metadata.Builders.EntityTypeBuilder)" namespace="AzAgroPOS.Verilenler.Migrations" type_name="AddEmeliyyatJurnaliTable.&lt;&gt;c" block_coverage="0.00" line_coverage="0.00" blocks_covered="0" blocks_not_covered="7" lines_covered="0" lines_partially_covered="0" lines_not_covered="8">
          <ranges>
            <range source_id="54" start_line="1325" end_line="1325" start_column="17" end_column="18" covered="no" />
            <range source_id="54" start_line="1326" end_line="1330" start_column="21" end_column="39" covered="no" />
            <range source_id="54" start_line="1332" end_line="1332" start_column="21" end_column="41" covered="no" />
            <range source_id="54" start_line="1333" end_line="1333" start_column="17" end_column="18" covered="no" />
          </ranges>
        </function>
        <function id="191056" token="0x60004d1" name="&lt;BuildTargetModel&gt;b__2_31(Microsoft.EntityFrameworkCore.Metadata.Builders.EntityTypeBuilder)" namespace="AzAgroPOS.Verilenler.Migrations" type_name="AddEmeliyyatJurnaliTable.&lt;&gt;c" block_coverage="0.00" line_coverage="0.00" blocks_covered="0" blocks_not_covered="16" lines_covered="0" lines_partially_covered="0" lines_not_covered="17">
          <ranges>
            <range source_id="54" start_line="1336" end_line="1336" start_column="17" end_column="18" covered="no" />
            <range source_id="54" start_line="1337" end_line="1340" start_column="21" end_column="59" covered="no" />
            <range source_id="54" start_line="1342" end_line="1345" start_column="21" end_column="59" covered="no" />
            <range source_id="54" start_line="1347" end_line="1350" start_column="21" end_column="59" covered="no" />
            <range source_id="54" start_line="1352" end_line="1352" start_column="21" end_column="43" covered="no" />
            <range source_id="54" start_line="1354" end_line="1354" start_column="21" end_column="48" covered="no" />
            <range source_id="54" start_line="1356" end_line="1356" start_column="21" end_column="47" covered="no" />
            <range source_id="54" start_line="1357" end_line="1357" start_column="17" end_column="18" covered="no" />
          </ranges>
        </function>
        <function id="191260" token="0x60004d2" name="&lt;BuildTargetModel&gt;b__2_32(Microsoft.EntityFrameworkCore.Metadata.Builders.EntityTypeBuilder)" namespace="AzAgroPOS.Verilenler.Migrations" type_name="AddEmeliyyatJurnaliTable.&lt;&gt;c" block_coverage="0.00" line_coverage="0.00" blocks_covered="0" blocks_not_covered="11" lines_covered="0" lines_partially_covered="0" lines_not_covered="12">
          <ranges>
            <range source_id="54" start_line="1360" end_line="1360" start_column="17" end_column="18" covered="no" />
            <range source_id="54" start_line="1361" end_line="1365" start_column="21" end_column="39" covered="no" />
            <range source_id="54" start_line="1367" end_line="1369" start_column="21" end_column="51" covered="no" />
            <range source_id="54" start_line="1371" end_line="1371" start_column="21" end_column="45" covered="no" />
            <range source_id="54" start_line="1373" end_line="1373" start_column="21" end_column="43" covered="no" />
            <range source_id="54" start_line="1374" end_line="1374" start_column="17" end_column="18" covered="no" />
          </ranges>
        </function>
        <function id="191396" token="0x60004d3" name="&lt;BuildTargetModel&gt;b__2_33(Microsoft.EntityFrameworkCore.Metadata.Builders.EntityTypeBuilder)" namespace="AzAgroPOS.Verilenler.Migrations" type_name="AddEmeliyyatJurnaliTable.&lt;&gt;c" block_coverage="0.00" line_coverage="0.00" blocks_covered="0" blocks_not_covered="7" lines_covered="0" lines_partially_covered="0" lines_not_covered="8">
          <ranges>
            <range source_id="54" start_line="1377" end_line="1377" start_column="17" end_column="18" covered="no" />
            <range source_id="54" start_line="1378" end_line="1382" start_column="21" end_column="39" covered="no" />
            <range source_id="54" start_line="1384" end_line="1384" start_column="21" end_column="42" covered="no" />
            <range source_id="54" start_line="1385" end_line="1385" start_column="17" end_column="18" covered="no" />
          </ranges>
        </function>
        <function id="191480" token="0x60004d4" name="&lt;BuildTargetModel&gt;b__2_34(Microsoft.EntityFrameworkCore.Metadata.Builders.EntityTypeBuilder)" namespace="AzAgroPOS.Verilenler.Migrations" type_name="AddEmeliyyatJurnaliTable.&lt;&gt;c" block_coverage="0.00" line_coverage="0.00" blocks_covered="0" blocks_not_covered="13" lines_covered="0" lines_partially_covered="0" lines_not_covered="14">
          <ranges>
            <range source_id="54" start_line="1388" end_line="1388" start_column="17" end_column="18" covered="no" />
            <range source_id="54" start_line="1389" end_line="1393" start_column="21" end_column="39" covered="no" />
            <range source_id="54" start_line="1395" end_line="1399" start_column="21" end_column="39" covered="no" />
            <range source_id="54" start_line="1401" end_line="1401" start_column="21" end_column="44" covered="no" />
            <range source_id="54" start_line="1403" end_line="1403" start_column="21" end_column="43" covered="no" />
            <range source_id="54" start_line="1404" end_line="1404" start_column="17" end_column="18" covered="no" />
          </ranges>
        </function>
        <function id="191632" token="0x60004d5" name="&lt;BuildTargetModel&gt;b__2_35(Microsoft.EntityFrameworkCore.Metadata.Builders.EntityTypeBuilder)" namespace="AzAgroPOS.Verilenler.Migrations" type_name="AddEmeliyyatJurnaliTable.&lt;&gt;c" block_coverage="0.00" line_coverage="0.00" blocks_covered="0" blocks_not_covered="13" lines_covered="0" lines_partially_covered="0" lines_not_covered="14">
          <ranges>
            <range source_id="54" start_line="1407" end_line="1407" start_column="17" end_column="18" covered="no" />
            <range source_id="54" start_line="1408" end_line="1412" start_column="21" end_column="39" covered="no" />
            <range source_id="54" start_line="1414" end_line="1418" start_column="21" end_column="39" covered="no" />
            <range source_id="54" start_line="1420" end_line="1420" start_column="21" end_column="44" covered="no" />
            <range source_id="54" start_line="1422" end_line="1422" start_column="21" end_column="46" covered="no" />
            <range source_id="54" start_line="1423" end_line="1423" start_column="17" end_column="18" covered="no" />
          </ranges>
        </function>
        <function id="191784" token="0x60004d6" name="&lt;BuildTargetModel&gt;b__2_36(Microsoft.EntityFrameworkCore.Metadata.Builders.EntityTypeBuilder)" namespace="AzAgroPOS.Verilenler.Migrations" type_name="AddEmeliyyatJurnaliTable.&lt;&gt;c" block_coverage="0.00" line_coverage="0.00" blocks_covered="0" blocks_not_covered="11" lines_covered="0" lines_partially_covered="0" lines_not_covered="12">
          <ranges>
            <range source_id="54" start_line="1426" end_line="1426" start_column="17" end_column="18" covered="no" />
            <range source_id="54" start_line="1427" end_line="1429" start_column="21" end_column="53" covered="no" />
            <range source_id="54" start_line="1431" end_line="1435" start_column="21" end_column="39" covered="no" />
            <range source_id="54" start_line="1437" end_line="1437" start_column="21" end_column="45" covered="no" />
            <range source_id="54" start_line="1439" end_line="1439" start_column="21" end_column="43" covered="no" />
            <range source_id="54" start_line="1440" end_line="1440" start_column="17" end_column="18" covered="no" />
          </ranges>
        </function>
        <function id="191924" token="0x60004d7" name="&lt;BuildTargetModel&gt;b__2_37(Microsoft.EntityFrameworkCore.Metadata.Builders.EntityTypeBuilder)" namespace="AzAgroPOS.Verilenler.Migrations" type_name="AddEmeliyyatJurnaliTable.&lt;&gt;c" block_coverage="0.00" line_coverage="0.00" blocks_covered="0" blocks_not_covered="13" lines_covered="0" lines_partially_covered="0" lines_not_covered="14">
          <ranges>
            <range source_id="54" start_line="1443" end_line="1443" start_column="17" end_column="18" covered="no" />
            <range source_id="54" start_line="1444" end_line="1448" start_column="21" end_column="39" covered="no" />
            <range source_id="54" start_line="1450" end_line="1454" start_column="21" end_column="39" covered="no" />
            <range source_id="54" start_line="1456" end_line="1456" start_column="21" end_column="44" covered="no" />
            <range source_id="54" start_line="1458" end_line="1458" start_column="21" end_column="43" covered="no" />
            <range source_id="54" start_line="1459" end_line="1459" start_column="17" end_column="18" covered="no" />
          </ranges>
        </function>
        <function id="192076" token="0x60004d8" name="&lt;BuildTargetModel&gt;b__2_38(Microsoft.EntityFrameworkCore.Metadata.Builders.EntityTypeBuilder)" namespace="AzAgroPOS.Verilenler.Migrations" type_name="AddEmeliyyatJurnaliTable.&lt;&gt;c" block_coverage="0.00" line_coverage="0.00" blocks_covered="0" blocks_not_covered="12" lines_covered="0" lines_partially_covered="0" lines_not_covered="13">
          <ranges>
            <range source_id="54" start_line="1462" end_line="1462" start_column="17" end_column="18" covered="no" />
            <range source_id="54" start_line="1463" end_line="1466" start_column="21" end_column="59" covered="no" />
            <range source_id="54" start_line="1468" end_line="1472" start_column="21" end_column="39" covered="no" />
            <range source_id="54" start_line="1474" end_line="1474" start_column="21" end_column="47" covered="no" />
            <range source_id="54" start_line="1476" end_line="1476" start_column="21" end_column="47" covered="no" />
            <range source_id="54" start_line="1477" end_line="1477" start_column="17" end_column="18" covered="no" />
          </ranges>
        </function>
        <function id="192224" token="0x60004d9" name="&lt;BuildTargetModel&gt;b__2_39(Microsoft.EntityFrameworkCore.Metadata.Builders.EntityTypeBuilder)" namespace="AzAgroPOS.Verilenler.Migrations" type_name="AddEmeliyyatJurnaliTable.&lt;&gt;c" block_coverage="0.00" line_coverage="0.00" blocks_covered="0" blocks_not_covered="6" lines_covered="0" lines_partially_covered="0" lines_not_covered="7">
          <ranges>
            <range source_id="54" start_line="1480" end_line="1480" start_column="17" end_column="18" covered="no" />
            <range source_id="54" start_line="1481" end_line="1484" start_column="21" end_column="60" covered="no" />
            <range source_id="54" start_line="1486" end_line="1486" start_column="21" end_column="42" covered="no" />
            <range source_id="54" start_line="1487" end_line="1487" start_column="17" end_column="18" covered="no" />
          </ranges>
        </function>
        <function id="192302" token="0x60004da" name="&lt;BuildTargetModel&gt;b__2_40(Microsoft.EntityFrameworkCore.Metadata.Builders.EntityTypeBuilder)" namespace="AzAgroPOS.Verilenler.Migrations" type_name="AddEmeliyyatJurnaliTable.&lt;&gt;c" block_coverage="0.00" line_coverage="0.00" blocks_covered="0" blocks_not_covered="3" lines_covered="0" lines_partially_covered="0" lines_not_covered="4">
          <ranges>
            <range source_id="54" start_line="1490" end_line="1490" start_column="17" end_column="18" covered="no" />
            <range source_id="54" start_line="1491" end_line="1491" start_column="21" end_column="46" covered="no" />
            <range source_id="54" start_line="1493" end_line="1493" start_column="21" end_column="52" covered="no" />
            <range source_id="54" start_line="1494" end_line="1494" start_column="17" end_column="18" covered="no" />
          </ranges>
        </function>
        <function id="192329" token="0x60004db" name="&lt;BuildTargetModel&gt;b__2_41(Microsoft.EntityFrameworkCore.Metadata.Builders.EntityTypeBuilder)" namespace="AzAgroPOS.Verilenler.Migrations" type_name="AddEmeliyyatJurnaliTable.&lt;&gt;c" block_coverage="0.00" line_coverage="0.00" blocks_covered="0" blocks_not_covered="2" lines_covered="0" lines_partially_covered="0" lines_not_covered="3">
          <ranges>
            <range source_id="54" start_line="1497" end_line="1497" start_column="17" end_column="18" covered="no" />
            <range source_id="54" start_line="1498" end_line="1498" start_column="21" end_column="54" covered="no" />
            <range source_id="54" start_line="1499" end_line="1499" start_column="17" end_column="18" covered="no" />
          </ranges>
        </function>
        <function id="192344" token="0x60004dc" name="&lt;BuildTargetModel&gt;b__2_42(Microsoft.EntityFrameworkCore.Metadata.Builders.EntityTypeBuilder)" namespace="AzAgroPOS.Verilenler.Migrations" type_name="AddEmeliyyatJurnaliTable.&lt;&gt;c" block_coverage="0.00" line_coverage="0.00" blocks_covered="0" blocks_not_covered="2" lines_covered="0" lines_partially_covered="0" lines_not_covered="3">
          <ranges>
            <range source_id="54" start_line="1502" end_line="1502" start_column="17" end_column="18" covered="no" />
            <range source_id="54" start_line="1503" end_line="1503" start_column="21" end_column="47" covered="no" />
            <range source_id="54" start_line="1504" end_line="1504" start_column="17" end_column="18" covered="no" />
          </ranges>
        </function>
        <function id="192359" token="0x60004dd" name="&lt;BuildTargetModel&gt;b__2_43(Microsoft.EntityFrameworkCore.Metadata.Builders.EntityTypeBuilder)" namespace="AzAgroPOS.Verilenler.Migrations" type_name="AddEmeliyyatJurnaliTable.&lt;&gt;c" block_coverage="0.00" line_coverage="0.00" blocks_covered="0" blocks_not_covered="3" lines_covered="0" lines_partially_covered="0" lines_not_covered="4">
          <ranges>
            <range source_id="54" start_line="1507" end_line="1507" start_column="17" end_column="18" covered="no" />
            <range source_id="54" start_line="1508" end_line="1508" start_column="21" end_column="50" covered="no" />
            <range source_id="54" start_line="1510" end_line="1510" start_column="21" end_column="56" covered="no" />
            <range source_id="54" start_line="1511" end_line="1511" start_column="17" end_column="18" covered="no" />
          </ranges>
        </function>
        <function id="192386" token="0x60004de" name="&lt;BuildTargetModel&gt;b__2_44(Microsoft.EntityFrameworkCore.Metadata.Builders.EntityTypeBuilder)" namespace="AzAgroPOS.Verilenler.Migrations" type_name="AddEmeliyyatJurnaliTable.&lt;&gt;c" block_coverage="0.00" line_coverage="0.00" blocks_covered="0" blocks_not_covered="3" lines_covered="0" lines_partially_covered="0" lines_not_covered="4">
          <ranges>
            <range source_id="54" start_line="1514" end_line="1514" start_column="17" end_column="18" covered="no" />
            <range source_id="54" start_line="1515" end_line="1515" start_column="21" end_column="46" covered="no" />
            <range source_id="54" start_line="1517" end_line="1517" start_column="21" end_column="54" covered="no" />
            <range source_id="54" start_line="1518" end_line="1518" start_column="17" end_column="18" covered="no" />
          </ranges>
        </function>
        <function id="192413" token="0x60004df" name="&lt;BuildTargetModel&gt;b__2_45(Microsoft.EntityFrameworkCore.Metadata.Builders.EntityTypeBuilder)" namespace="AzAgroPOS.Verilenler.Migrations" type_name="AddEmeliyyatJurnaliTable.&lt;&gt;c" block_coverage="0.00" line_coverage="0.00" blocks_covered="0" blocks_not_covered="2" lines_covered="0" lines_partially_covered="0" lines_not_covered="3">
          <ranges>
            <range source_id="54" start_line="1521" end_line="1521" start_column="17" end_column="18" covered="no" />
            <range source_id="54" start_line="1522" end_line="1522" start_column="21" end_column="47" covered="no" />
            <range source_id="54" start_line="1523" end_line="1523" start_column="17" end_column="18" covered="no" />
          </ranges>
        </function>
        <function id="192428" token="0x60004e0" name="&lt;BuildTargetModel&gt;b__2_46(Microsoft.EntityFrameworkCore.Metadata.Builders.EntityTypeBuilder)" namespace="AzAgroPOS.Verilenler.Migrations" type_name="AddEmeliyyatJurnaliTable.&lt;&gt;c" block_coverage="0.00" line_coverage="0.00" blocks_covered="0" blocks_not_covered="2" lines_covered="0" lines_partially_covered="0" lines_not_covered="3">
          <ranges>
            <range source_id="54" start_line="1526" end_line="1526" start_column="17" end_column="18" covered="no" />
            <range source_id="54" start_line="1527" end_line="1527" start_column="21" end_column="46" covered="no" />
            <range source_id="54" start_line="1528" end_line="1528" start_column="17" end_column="18" covered="no" />
          </ranges>
        </function>
        <function id="192443" token="0x60004e1" name="&lt;BuildTargetModel&gt;b__2_47(Microsoft.EntityFrameworkCore.Metadata.Builders.EntityTypeBuilder)" namespace="AzAgroPOS.Verilenler.Migrations" type_name="AddEmeliyyatJurnaliTable.&lt;&gt;c" block_coverage="0.00" line_coverage="0.00" blocks_covered="0" blocks_not_covered="2" lines_covered="0" lines_partially_covered="0" lines_not_covered="3">
          <ranges>
            <range source_id="54" start_line="1531" end_line="1531" start_column="17" end_column="18" covered="no" />
            <range source_id="54" start_line="1532" end_line="1532" start_column="21" end_column="55" covered="no" />
            <range source_id="54" start_line="1533" end_line="1533" start_column="17" end_column="18" covered="no" />
          </ranges>
        </function>
        <function id="192458" token="0x60004e2" name="&lt;BuildTargetModel&gt;b__2_48(Microsoft.EntityFrameworkCore.Metadata.Builders.EntityTypeBuilder)" namespace="AzAgroPOS.Verilenler.Migrations" type_name="AddEmeliyyatJurnaliTable.&lt;&gt;c" block_coverage="0.00" line_coverage="0.00" blocks_covered="0" blocks_not_covered="2" lines_covered="0" lines_partially_covered="0" lines_not_covered="3">
          <ranges>
            <range source_id="54" start_line="1536" end_line="1536" start_column="17" end_column="18" covered="no" />
            <range source_id="54" start_line="1537" end_line="1537" start_column="21" end_column="51" covered="no" />
            <range source_id="54" start_line="1538" end_line="1538" start_column="17" end_column="18" covered="no" />
          </ranges>
        </function>
        <function id="192473" token="0x60004e3" name="&lt;BuildTargetModel&gt;b__2_49(Microsoft.EntityFrameworkCore.Metadata.Builders.EntityTypeBuilder)" namespace="AzAgroPOS.Verilenler.Migrations" type_name="AddEmeliyyatJurnaliTable.&lt;&gt;c" block_coverage="0.00" line_coverage="0.00" blocks_covered="0" blocks_not_covered="3" lines_covered="0" lines_partially_covered="0" lines_not_covered="4">
          <ranges>
            <range source_id="54" start_line="1541" end_line="1541" start_column="17" end_column="18" covered="no" />
            <range source_id="54" start_line="1542" end_line="1542" start_column="21" end_column="49" covered="no" />
            <range source_id="54" start_line="1544" end_line="1544" start_column="21" end_column="52" covered="no" />
            <range source_id="54" start_line="1545" end_line="1545" start_column="17" end_column="18" covered="no" />
          </ranges>
        </function>
        <function id="192500" token="0x60004e4" name="&lt;BuildTargetModel&gt;b__2_50(Microsoft.EntityFrameworkCore.Metadata.Builders.EntityTypeBuilder)" namespace="AzAgroPOS.Verilenler.Migrations" type_name="AddEmeliyyatJurnaliTable.&lt;&gt;c" block_coverage="0.00" line_coverage="0.00" blocks_covered="0" blocks_not_covered="4" lines_covered="0" lines_partially_covered="0" lines_not_covered="5">
          <ranges>
            <range source_id="54" start_line="1548" end_line="1548" start_column="17" end_column="18" covered="no" />
            <range source_id="54" start_line="1549" end_line="1549" start_column="21" end_column="51" covered="no" />
            <range source_id="54" start_line="1551" end_line="1551" start_column="21" end_column="53" covered="no" />
            <range source_id="54" start_line="1553" end_line="1553" start_column="21" end_column="46" covered="no" />
            <range source_id="54" start_line="1554" end_line="1554" start_column="17" end_column="18" covered="no" />
          </ranges>
        </function>
        <function id="192560" token="0x60004e7" name="&lt;Up&gt;b__0_0(Microsoft.EntityFrameworkCore.Migrations.Operations.Builders.ColumnsBuilder)" namespace="AzAgroPOS.Verilenler.Migrations" type_name="AddKonfiqurasiyaTable.&lt;&gt;c" block_coverage="0.00" line_coverage="0.00" blocks_covered="0" blocks_not_covered="9" lines_covered="0" lines_partially_covered="0" lines_not_covered="10">
          <ranges>
            <range source_id="55" start_line="15" end_line="24" start_column="35" end_column="18" covered="no" />
          </ranges>
        </function>
        <function id="193036" token="0x60004e8" name="&lt;Up&gt;b__0_1(Microsoft.EntityFrameworkCore.Migrations.Operations.Builders.CreateTableBuilder&lt;&lt;&gt;f__AnonymousType41&lt;Microsoft.EntityFrameworkCore.Migrations.Operations.Builders.OperationBuilder&lt;Microsoft.EntityFrameworkCore.Migrations.Operations.AddColumnOperation&gt;, Microsoft.EntityFrameworkCore.Migrations.Operations.Builders.OperationBuilder&lt;Microsoft.EntityFrameworkCore.Migrations.Operations.AddColumnOperation&gt;, Microsoft.EntityFrameworkCore.Migrations.Operations.Builders.OperationBuilder&lt;Microsoft.EntityFrameworkCore.Migrations.Operations.AddColumnOperation&gt;, Microsoft.EntityFrameworkCore.Migrations.Operations.Builders.OperationBuilder&lt;Microsoft.EntityFrameworkCore.Migrations.Operations.AddColumnOperation&gt;, Microsoft.EntityFrameworkCore.Migrations.Operations.Builders.OperationBuilder&lt;Microsoft.EntityFrameworkCore.Migrations.Operations.AddColumnOperation&gt;, Microsoft.EntityFrameworkCore.Migrations.Operations.Builders.OperationBuilder&lt;Microsoft.EntityFrameworkCore.Migrations.Operations.AddColumnOperation&gt;&gt;&gt;)" namespace="AzAgroPOS.Verilenler.Migrations" type_name="AddKonfiqurasiyaTable.&lt;&gt;c" block_coverage="0.00" line_coverage="0.00" blocks_covered="0" blocks_not_covered="7" lines_covered="0" lines_partially_covered="0" lines_not_covered="3">
          <ranges>
            <range source_id="55" start_line="26" end_line="26" start_column="17" end_column="18" covered="no" />
            <range source_id="55" start_line="27" end_line="27" start_column="21" end_column="72" covered="no" />
            <range source_id="55" start_line="28" end_line="28" start_column="17" end_column="18" covered="no" />
          </ranges>
        </function>
        <function id="193124" token="0x60004e9" name="&lt;BuildTargetModel&gt;b__2_0(Microsoft.EntityFrameworkCore.Metadata.Builders.EntityTypeBuilder)" namespace="AzAgroPOS.Verilenler.Migrations" type_name="AddKonfiqurasiyaTable.&lt;&gt;c" block_coverage="0.00" line_coverage="0.00" blocks_covered="0" blocks_not_covered="28" lines_covered="0" lines_partially_covered="0" lines_not_covered="28">
          <ranges>
            <range source_id="56" start_line="29" end_line="29" start_column="17" end_column="18" covered="no" />
            <range source_id="56" start_line="30" end_line="32" start_column="21" end_column="47" covered="no" />
            <range source_id="56" start_line="34" end_line="34" start_column="21" end_column="97" covered="no" />
            <range source_id="56" start_line="36" end_line="37" start_column="21" end_column="57" covered="no" />
            <range source_id="56" start_line="39" end_line="41" start_column="21" end_column="57" covered="no" />
            <range source_id="56" start_line="43" end_line="46" start_column="21" end_column="49" covered="no" />
            <range source_id="56" start_line="48" end_line="49" start_column="21" end_column="47" covered="no" />
            <range source_id="56" start_line="51" end_line="52" start_column="21" end_column="47" covered="no" />
            <range source_id="56" start_line="54" end_line="55" start_column="21" end_column="53" covered="no" />
            <range source_id="56" start_line="57" end_line="58" start_column="21" end_column="58" covered="no" />
            <range source_id="56" start_line="60" end_line="61" start_column="21" end_column="53" covered="no" />
            <range source_id="56" start_line="63" end_line="63" start_column="21" end_column="36" covered="no" />
            <range source_id="56" start_line="65" end_line="65" start_column="21" end_column="47" covered="no" />
            <range source_id="56" start_line="67" end_line="67" start_column="21" end_column="48" covered="no" />
            <range source_id="56" start_line="68" end_line="68" start_column="17" end_column="18" covered="no" />
          </ranges>
        </function>
        <function id="193440" token="0x60004ea" name="&lt;BuildTargetModel&gt;b__2_1(Microsoft.EntityFrameworkCore.Metadata.Builders.EntityTypeBuilder)" namespace="AzAgroPOS.Verilenler.Migrations" type_name="AddKonfiqurasiyaTable.&lt;&gt;c" block_coverage="0.00" line_coverage="0.00" blocks_covered="0" blocks_not_covered="27" lines_covered="0" lines_partially_covered="0" lines_not_covered="27">
          <ranges>
            <range source_id="56" start_line="71" end_line="71" start_column="17" end_column="18" covered="no" />
            <range source_id="56" start_line="72" end_line="74" start_column="21" end_column="47" covered="no" />
            <range source_id="56" start_line="76" end_line="76" start_column="21" end_column="97" covered="no" />
            <range source_id="56" start_line="78" end_line="79" start_column="21" end_column="47" covered="no" />
            <range source_id="56" start_line="81" end_line="82" start_column="21" end_column="47" covered="no" />
            <range source_id="56" start_line="84" end_line="85" start_column="21" end_column="58" covered="no" />
            <range source_id="56" start_line="87" end_line="88" start_column="21" end_column="58" covered="no" />
            <range source_id="56" start_line="90" end_line="91" start_column="21" end_column="47" covered="no" />
            <range source_id="56" start_line="93" end_line="94" start_column="21" end_column="57" covered="no" />
            <range source_id="56" start_line="96" end_line="99" start_column="21" end_column="49" covered="no" />
            <range source_id="56" start_line="101" end_line="101" start_column="21" end_column="36" covered="no" />
            <range source_id="56" start_line="103" end_line="103" start_column="21" end_column="47" covered="no" />
            <range source_id="56" start_line="105" end_line="105" start_column="21" end_column="55" covered="no" />
            <range source_id="56" start_line="107" end_line="107" start_column="21" end_column="44" covered="no" />
            <range source_id="56" start_line="109" end_line="109" start_column="21" end_column="53" covered="no" />
            <range source_id="56" start_line="110" end_line="110" start_column="17" end_column="18" covered="no" />
          </ranges>
        </function>
        <function id="193768" token="0x60004eb" name="&lt;BuildTargetModel&gt;b__2_2(Microsoft.EntityFrameworkCore.Metadata.Builders.EntityTypeBuilder)" namespace="AzAgroPOS.Verilenler.Migrations" type_name="AddKonfiqurasiyaTable.&lt;&gt;c" block_coverage="0.00" line_coverage="0.00" blocks_covered="0" blocks_not_covered="32" lines_covered="0" lines_partially_covered="0" lines_not_covered="32">
          <ranges>
            <range source_id="56" start_line="113" end_line="113" start_column="17" end_column="18" covered="no" />
            <range source_id="56" start_line="114" end_line="116" start_column="21" end_column="47" covered="no" />
            <range source_id="56" start_line="118" end_line="118" start_column="21" end_column="97" covered="no" />
            <range source_id="56" start_line="120" end_line="121" start_column="21" end_column="53" covered="no" />
            <range source_id="56" start_line="123" end_line="124" start_column="21" end_column="53" covered="no" />
            <range source_id="56" start_line="126" end_line="127" start_column="21" end_column="57" covered="no" />
            <range source_id="56" start_line="129" end_line="131" start_column="21" end_column="57" covered="no" />
            <range source_id="56" start_line="133" end_line="136" start_column="21" end_column="49" covered="no" />
            <range source_id="56" start_line="138" end_line="139" start_column="21" end_column="47" covered="no" />
            <range source_id="56" start_line="141" end_line="142" start_column="21" end_column="47" covered="no" />
            <range source_id="56" start_line="144" end_line="145" start_column="21" end_column="53" covered="no" />
            <range source_id="56" start_line="147" end_line="148" start_column="21" end_column="58" covered="no" />
            <range source_id="56" start_line="150" end_line="151" start_column="21" end_column="53" covered="no" />
            <range source_id="56" start_line="153" end_line="153" start_column="21" end_column="36" covered="no" />
            <range source_id="56" start_line="155" end_line="155" start_column="21" end_column="47" covered="no" />
            <range source_id="56" start_line="157" end_line="157" start_column="21" end_column="50" covered="no" />
            <range source_id="56" start_line="158" end_line="158" start_column="17" end_column="18" covered="no" />
          </ranges>
        </function>
        <function id="194128" token="0x60004ec" name="&lt;BuildTargetModel&gt;b__2_3(Microsoft.EntityFrameworkCore.Metadata.Builders.EntityTypeBuilder)" namespace="AzAgroPOS.Verilenler.Migrations" type_name="AddKonfiqurasiyaTable.&lt;&gt;c" block_coverage="0.00" line_coverage="0.00" blocks_covered="0" blocks_not_covered="26" lines_covered="0" lines_partially_covered="0" lines_not_covered="26">
          <ranges>
            <range source_id="56" start_line="161" end_line="161" start_column="17" end_column="18" covered="no" />
            <range source_id="56" start_line="162" end_line="164" start_column="21" end_column="47" covered="no" />
            <range source_id="56" start_line="166" end_line="166" start_column="21" end_column="97" covered="no" />
            <range source_id="56" start_line="168" end_line="169" start_column="21" end_column="47" covered="no" />
            <range source_id="56" start_line="171" end_line="172" start_column="21" end_column="58" covered="no" />
            <range source_id="56" start_line="174" end_line="175" start_column="21" end_column="58" covered="no" />
            <range source_id="56" start_line="177" end_line="178" start_column="21" end_column="47" covered="no" />
            <range source_id="56" start_line="180" end_line="181" start_column="21" end_column="57" covered="no" />
            <range source_id="56" start_line="183" end_line="186" start_column="21" end_column="49" covered="no" />
            <range source_id="56" start_line="188" end_line="189" start_column="21" end_column="57" covered="no" />
            <range source_id="56" start_line="191" end_line="191" start_column="21" end_column="36" covered="no" />
            <range source_id="56" start_line="193" end_line="193" start_column="21" end_column="49" covered="no" />
            <range source_id="56" start_line="195" end_line="195" start_column="21" end_column="44" covered="no" />
            <range source_id="56" start_line="197" end_line="197" start_column="21" end_column="55" covered="no" />
            <range source_id="56" start_line="198" end_line="198" start_column="17" end_column="18" covered="no" />
          </ranges>
        </function>
        <function id="194436" token="0x60004ed" name="&lt;BuildTargetModel&gt;b__2_4(Microsoft.EntityFrameworkCore.Metadata.Builders.EntityTypeBuilder)" namespace="AzAgroPOS.Verilenler.Migrations" type_name="AddKonfiqurasiyaTable.&lt;&gt;c" block_coverage="0.00" line_coverage="0.00" blocks_covered="0" blocks_not_covered="29" lines_covered="0" lines_partially_covered="0" lines_not_covered="56">
          <ranges>
            <range source_id="56" start_line="201" end_line="201" start_column="17" end_column="18" covered="no" />
            <range source_id="56" start_line="202" end_line="204" start_column="21" end_column="47" covered="no" />
            <range source_id="56" start_line="206" end_line="206" start_column="21" end_column="97" covered="no" />
            <range source_id="56" start_line="208" end_line="210" start_column="21" end_column="57" covered="no" />
            <range source_id="56" start_line="212" end_line="213" start_column="21" end_column="47" covered="no" />
            <range source_id="56" start_line="215" end_line="216" start_column="21" end_column="57" covered="no" />
            <range source_id="56" start_line="218" end_line="219" start_column="21" end_column="57" covered="no" />
            <range source_id="56" start_line="221" end_line="224" start_column="21" end_column="49" covered="no" />
            <range source_id="56" start_line="226" end_line="227" start_column="21" end_column="57" covered="no" />
            <range source_id="56" start_line="229" end_line="230" start_column="21" end_column="57" covered="no" />
            <range source_id="56" start_line="232" end_line="232" start_column="21" end_column="36" covered="no" />
            <range source_id="56" start_line="234" end_line="234" start_column="21" end_column="43" covered="no" />
            <range source_id="56" start_line="236" end_line="266" start_column="21" end_column="28" covered="no" />
            <range source_id="56" start_line="267" end_line="267" start_column="17" end_column="18" covered="no" />
          </ranges>
        </function>
        <function id="194812" token="0x60004ee" name="&lt;BuildTargetModel&gt;b__2_5(Microsoft.EntityFrameworkCore.Metadata.Builders.EntityTypeBuilder)" namespace="AzAgroPOS.Verilenler.Migrations" type_name="AddKonfiqurasiyaTable.&lt;&gt;c" block_coverage="0.00" line_coverage="0.00" blocks_covered="0" blocks_not_covered="26" lines_covered="0" lines_partially_covered="0" lines_not_covered="26">
          <ranges>
            <range source_id="56" start_line="270" end_line="270" start_column="17" end_column="18" covered="no" />
            <range source_id="56" start_line="271" end_line="273" start_column="21" end_column="47" covered="no" />
            <range source_id="56" start_line="275" end_line="275" start_column="21" end_column="97" covered="no" />
            <range source_id="56" start_line="277" end_line="279" start_column="21" end_column="57" covered="no" />
            <range source_id="56" start_line="281" end_line="283" start_column="21" end_column="57" covered="no" />
            <range source_id="56" start_line="285" end_line="286" start_column="21" end_column="47" covered="no" />
            <range source_id="56" start_line="288" end_line="289" start_column="21" end_column="53" covered="no" />
            <range source_id="56" start_line="291" end_line="292" start_column="21" end_column="47" covered="no" />
            <range source_id="56" start_line="294" end_line="295" start_column="21" end_column="47" covered="no" />
            <range source_id="56" start_line="297" end_line="300" start_column="21" end_column="49" covered="no" />
            <range source_id="56" start_line="302" end_line="302" start_column="21" end_column="36" covered="no" />
            <range source_id="56" start_line="304" end_line="304" start_column="21" end_column="54" covered="no" />
            <range source_id="56" start_line="305" end_line="305" start_column="17" end_column="18" covered="no" />
          </ranges>
        </function>
        <function id="195088" token="0x60004ef" name="&lt;BuildTargetModel&gt;b__2_6(Microsoft.EntityFrameworkCore.Metadata.Builders.EntityTypeBuilder)" namespace="AzAgroPOS.Verilenler.Migrations" type_name="AddKonfiqurasiyaTable.&lt;&gt;c" block_coverage="0.00" line_coverage="0.00" blocks_covered="0" blocks_not_covered="59" lines_covered="0" lines_partially_covered="0" lines_not_covered="87">
          <ranges>
            <range source_id="56" start_line="308" end_line="308" start_column="17" end_column="18" covered="no" />
            <range source_id="56" start_line="309" end_line="311" start_column="21" end_column="47" covered="no" />
            <range source_id="56" start_line="313" end_line="313" start_column="21" end_column="97" covered="no" />
            <range source_id="56" start_line="315" end_line="317" start_column="21" end_column="57" covered="no" />
            <range source_id="56" start_line="319" end_line="321" start_column="21" end_column="57" covered="no" />
            <range source_id="56" start_line="323" end_line="324" start_column="21" end_column="53" covered="no" />
            <range source_id="56" start_line="326" end_line="328" start_column="21" end_column="57" covered="no" />
            <range source_id="56" start_line="330" end_line="331" start_column="21" end_column="53" covered="no" />
            <range source_id="56" start_line="333" end_line="334" start_column="21" end_column="58" covered="no" />
            <range source_id="56" start_line="336" end_line="338" start_column="21" end_column="57" covered="no" />
            <range source_id="56" start_line="340" end_line="343" start_column="21" end_column="49" covered="no" />
            <range source_id="56" start_line="345" end_line="346" start_column="21" end_column="47" covered="no" />
            <range source_id="56" start_line="348" end_line="349" start_column="21" end_column="47" covered="no" />
            <range source_id="56" start_line="351" end_line="353" start_column="21" end_column="57" covered="no" />
            <range source_id="56" start_line="355" end_line="357" start_column="21" end_column="57" covered="no" />
            <range source_id="56" start_line="359" end_line="361" start_column="21" end_column="57" covered="no" />
            <range source_id="56" start_line="363" end_line="365" start_column="21" end_column="57" covered="no" />
            <range source_id="56" start_line="367" end_line="369" start_column="21" end_column="57" covered="no" />
            <range source_id="56" start_line="371" end_line="371" start_column="21" end_column="36" covered="no" />
            <range source_id="56" start_line="373" end_line="373" start_column="21" end_column="56" covered="no" />
            <range source_id="56" start_line="375" end_line="375" start_column="21" end_column="42" covered="no" />
            <range source_id="56" start_line="377" end_line="413" start_column="21" end_column="28" covered="no" />
            <range source_id="56" start_line="414" end_line="414" start_column="17" end_column="18" covered="no" />
          </ranges>
        </function>
        <function id="195828" token="0x60004f0" name="&lt;BuildTargetModel&gt;b__2_7(Microsoft.EntityFrameworkCore.Metadata.Builders.EntityTypeBuilder)" namespace="AzAgroPOS.Verilenler.Migrations" type_name="AddKonfiqurasiyaTable.&lt;&gt;c" block_coverage="0.00" line_coverage="0.00" blocks_covered="0" blocks_not_covered="36" lines_covered="0" lines_partially_covered="0" lines_not_covered="36">
          <ranges>
            <range source_id="56" start_line="417" end_line="417" start_column="17" end_column="18" covered="no" />
            <range source_id="56" start_line="418" end_line="420" start_column="21" end_column="47" covered="no" />
            <range source_id="56" start_line="422" end_line="422" start_column="21" end_column="97" covered="no" />
            <range source_id="56" start_line="424" end_line="425" start_column="21" end_column="53" covered="no" />
            <range source_id="56" start_line="427" end_line="428" start_column="21" end_column="53" covered="no" />
            <range source_id="56" start_line="430" end_line="431" start_column="21" end_column="47" covered="no" />
            <range source_id="56" start_line="433" end_line="434" start_column="21" end_column="47" covered="no" />
            <range source_id="56" start_line="436" end_line="437" start_column="21" end_column="47" covered="no" />
            <range source_id="56" start_line="439" end_line="441" start_column="21" end_column="57" covered="no" />
            <range source_id="56" start_line="443" end_line="445" start_column="21" end_column="57" covered="no" />
            <range source_id="56" start_line="447" end_line="450" start_column="21" end_column="49" covered="no" />
            <range source_id="56" start_line="452" end_line="453" start_column="21" end_column="47" covered="no" />
            <range source_id="56" start_line="455" end_line="456" start_column="21" end_column="47" covered="no" />
            <range source_id="56" start_line="458" end_line="459" start_column="21" end_column="53" covered="no" />
            <range source_id="56" start_line="461" end_line="461" start_column="21" end_column="36" covered="no" />
            <range source_id="56" start_line="463" end_line="463" start_column="21" end_column="42" covered="no" />
            <range source_id="56" start_line="465" end_line="465" start_column="21" end_column="52" covered="no" />
            <range source_id="56" start_line="467" end_line="467" start_column="21" end_column="46" covered="no" />
            <range source_id="56" start_line="468" end_line="468" start_column="17" end_column="18" covered="no" />
          </ranges>
        </function>
        <function id="196236" token="0x60004f1" name="&lt;BuildTargetModel&gt;b__2_8(Microsoft.EntityFrameworkCore.Metadata.Builders.EntityTypeBuilder)" namespace="AzAgroPOS.Verilenler.Migrations" type_name="AddKonfiqurasiyaTable.&lt;&gt;c" block_coverage="0.00" line_coverage="0.00" blocks_covered="0" blocks_not_covered="31" lines_covered="0" lines_partially_covered="0" lines_not_covered="31">
          <ranges>
            <range source_id="56" start_line="471" end_line="471" start_column="17" end_column="18" covered="no" />
            <range source_id="56" start_line="472" end_line="474" start_column="21" end_column="47" covered="no" />
            <range source_id="56" start_line="476" end_line="476" start_column="21" end_column="97" covered="no" />
            <range source_id="56" start_line="478" end_line="480" start_column="21" end_column="57" covered="no" />
            <range source_id="56" start_line="482" end_line="483" start_column="21" end_column="47" covered="no" />
            <range source_id="56" start_line="485" end_line="487" start_column="21" end_column="57" covered="no" />
            <range source_id="56" start_line="489" end_line="491" start_column="21" end_column="57" covered="no" />
            <range source_id="56" start_line="493" end_line="494" start_column="21" end_column="47" covered="no" />
            <range source_id="56" start_line="496" end_line="499" start_column="21" end_column="49" covered="no" />
            <range source_id="56" start_line="501" end_line="502" start_column="21" end_column="53" covered="no" />
            <range source_id="56" start_line="504" end_line="506" start_column="21" end_column="57" covered="no" />
            <range source_id="56" start_line="508" end_line="508" start_column="21" end_column="36" covered="no" />
            <range source_id="56" start_line="510" end_line="510" start_column="21" end_column="42" covered="no" />
            <range source_id="56" start_line="512" end_line="512" start_column="21" end_column="53" covered="no" />
            <range source_id="56" start_line="513" end_line="513" start_column="17" end_column="18" covered="no" />
          </ranges>
        </function>
        <function id="196568" token="0x60004f2" name="&lt;BuildTargetModel&gt;b__2_9(Microsoft.EntityFrameworkCore.Metadata.Builders.EntityTypeBuilder)" namespace="AzAgroPOS.Verilenler.Migrations" type_name="AddKonfiqurasiyaTable.&lt;&gt;c" block_coverage="0.00" line_coverage="0.00" blocks_covered="0" blocks_not_covered="26" lines_covered="0" lines_partially_covered="0" lines_not_covered="34">
          <ranges>
            <range source_id="56" start_line="516" end_line="516" start_column="17" end_column="18" covered="no" />
            <range source_id="56" start_line="517" end_line="519" start_column="21" end_column="47" covered="no" />
            <range source_id="56" start_line="521" end_line="521" start_column="21" end_column="97" covered="no" />
            <range source_id="56" start_line="523" end_line="525" start_column="21" end_column="57" covered="no" />
            <range source_id="56" start_line="527" end_line="529" start_column="21" end_column="57" covered="no" />
            <range source_id="56" start_line="531" end_line="532" start_column="21" end_column="47" covered="no" />
            <range source_id="56" start_line="534" end_line="537" start_column="21" end_column="49" covered="no" />
            <range source_id="56" start_line="539" end_line="541" start_column="21" end_column="57" covered="no" />
            <range source_id="56" start_line="543" end_line="543" start_column="21" end_column="36" covered="no" />
            <range source_id="56" start_line="545" end_line="545" start_column="21" end_column="41" covered="no" />
            <range source_id="56" start_line="547" end_line="547" start_column="21" end_column="48" covered="no" />
            <range source_id="56" start_line="549" end_line="558" start_column="21" end_column="28" covered="no" />
            <range source_id="56" start_line="559" end_line="559" start_column="17" end_column="18" covered="no" />
          </ranges>
        </function>
        <function id="196868" token="0x60004f3" name="&lt;BuildTargetModel&gt;b__2_10(Microsoft.EntityFrameworkCore.Metadata.Builders.EntityTypeBuilder)" namespace="AzAgroPOS.Verilenler.Migrations" type_name="AddKonfiqurasiyaTable.&lt;&gt;c" block_coverage="0.00" line_coverage="0.00" blocks_covered="0" blocks_not_covered="23" lines_covered="0" lines_partially_covered="0" lines_not_covered="44">
          <ranges>
            <range source_id="56" start_line="562" end_line="562" start_column="17" end_column="18" covered="no" />
            <range source_id="56" start_line="563" end_line="565" start_column="21" end_column="47" covered="no" />
            <range source_id="56" start_line="567" end_line="567" start_column="21" end_column="97" covered="no" />
            <range source_id="56" start_line="569" end_line="571" start_column="21" end_column="57" covered="no" />
            <range source_id="56" start_line="573" end_line="574" start_column="21" end_column="47" covered="no" />
            <range source_id="56" start_line="576" end_line="579" start_column="21" end_column="49" covered="no" />
            <range source_id="56" start_line="581" end_line="582" start_column="21" end_column="57" covered="no" />
            <range source_id="56" start_line="584" end_line="584" start_column="21" end_column="36" covered="no" />
            <range source_id="56" start_line="586" end_line="586" start_column="21" end_column="48" covered="no" />
            <range source_id="56" start_line="588" end_line="612" start_column="21" end_column="28" covered="no" />
            <range source_id="56" start_line="613" end_line="613" start_column="17" end_column="18" covered="no" />
          </ranges>
        </function>
        <function id="197148" token="0x60004f4" name="&lt;BuildTargetModel&gt;b__2_11(Microsoft.EntityFrameworkCore.Metadata.Builders.EntityTypeBuilder)" namespace="AzAgroPOS.Verilenler.Migrations" type_name="AddKonfiqurasiyaTable.&lt;&gt;c" block_coverage="0.00" line_coverage="0.00" blocks_covered="0" blocks_not_covered="24" lines_covered="0" lines_partially_covered="0" lines_not_covered="24">
          <ranges>
            <range source_id="56" start_line="616" end_line="616" start_column="17" end_column="18" covered="no" />
            <range source_id="56" start_line="617" end_line="619" start_column="21" end_column="47" covered="no" />
            <range source_id="56" start_line="621" end_line="621" start_column="21" end_column="97" covered="no" />
            <range source_id="56" start_line="623" end_line="625" start_column="21" end_column="57" covered="no" />
            <range source_id="56" start_line="627" end_line="629" start_column="21" end_column="57" covered="no" />
            <range source_id="56" start_line="631" end_line="633" start_column="21" end_column="57" covered="no" />
            <range source_id="56" start_line="635" end_line="638" start_column="21" end_column="49" covered="no" />
            <range source_id="56" start_line="640" end_line="642" start_column="21" end_column="57" covered="no" />
            <range source_id="56" start_line="644" end_line="644" start_column="21" end_column="36" covered="no" />
            <range source_id="56" start_line="646" end_line="646" start_column="21" end_column="51" covered="no" />
            <range source_id="56" start_line="647" end_line="647" start_column="17" end_column="18" covered="no" />
          </ranges>
        </function>
        <function id="197392" token="0x60004f5" name="&lt;BuildTargetModel&gt;b__2_12(Microsoft.EntityFrameworkCore.Metadata.Builders.EntityTypeBuilder)" namespace="AzAgroPOS.Verilenler.Migrations" type_name="AddKonfiqurasiyaTable.&lt;&gt;c" block_coverage="0.00" line_coverage="0.00" blocks_covered="0" blocks_not_covered="56" lines_covered="0" lines_partially_covered="0" lines_not_covered="95">
          <ranges>
            <range source_id="56" start_line="650" end_line="650" start_column="17" end_column="18" covered="no" />
            <range source_id="56" start_line="651" end_line="653" start_column="21" end_column="47" covered="no" />
            <range source_id="56" start_line="655" end_line="655" start_column="21" end_column="97" covered="no" />
            <range source_id="56" start_line="657" end_line="659" start_column="21" end_column="57" covered="no" />
            <range source_id="56" start_line="661" end_line="662" start_column="21" end_column="47" covered="no" />
            <range source_id="56" start_line="664" end_line="665" start_column="21" end_column="58" covered="no" />
            <range source_id="56" start_line="667" end_line="668" start_column="21" end_column="57" covered="no" />
            <range source_id="56" start_line="670" end_line="671" start_column="21" end_column="47" covered="no" />
            <range source_id="56" start_line="673" end_line="674" start_column="21" end_column="47" covered="no" />
            <range source_id="56" start_line="676" end_line="677" start_column="21" end_column="47" covered="no" />
            <range source_id="56" start_line="679" end_line="680" start_column="21" end_column="47" covered="no" />
            <range source_id="56" start_line="682" end_line="683" start_column="21" end_column="47" covered="no" />
            <range source_id="56" start_line="685" end_line="686" start_column="21" end_column="58" covered="no" />
            <range source_id="56" start_line="688" end_line="689" start_column="21" end_column="57" covered="no" />
            <range source_id="56" start_line="691" end_line="694" start_column="21" end_column="49" covered="no" />
            <range source_id="56" start_line="696" end_line="697" start_column="21" end_column="57" covered="no" />
            <range source_id="56" start_line="699" end_line="700" start_column="21" end_column="47" covered="no" />
            <range source_id="56" start_line="702" end_line="703" start_column="21" end_column="58" covered="no" />
            <range source_id="56" start_line="705" end_line="706" start_column="21" end_column="58" covered="no" />
            <range source_id="56" start_line="708" end_line="708" start_column="21" end_column="36" covered="no" />
            <range source_id="56" start_line="710" end_line="710" start_column="21" end_column="43" covered="no" />
            <range source_id="56" start_line="712" end_line="712" start_column="21" end_column="48" covered="no" />
            <range source_id="56" start_line="714" end_line="714" start_column="21" end_column="47" covered="no" />
            <range source_id="56" start_line="716" end_line="716" start_column="21" end_column="44" covered="no" />
            <range source_id="56" start_line="718" end_line="766" start_column="21" end_column="28" covered="no" />
            <range source_id="56" start_line="767" end_line="767" start_column="17" end_column="18" covered="no" />
          </ranges>
        </function>
        <function id="198140" token="0x60004f6" name="&lt;BuildTargetModel&gt;b__2_13(Microsoft.EntityFrameworkCore.Metadata.Builders.EntityTypeBuilder)" namespace="AzAgroPOS.Verilenler.Migrations" type_name="AddKonfiqurasiyaTable.&lt;&gt;c" block_coverage="0.00" line_coverage="0.00" blocks_covered="0" blocks_not_covered="24" lines_covered="0" lines_partially_covered="0" lines_not_covered="24">
          <ranges>
            <range source_id="56" start_line="770" end_line="770" start_column="17" end_column="18" covered="no" />
            <range source_id="56" start_line="771" end_line="773" start_column="21" end_column="47" covered="no" />
            <range source_id="56" start_line="775" end_line="775" start_column="21" end_column="97" covered="no" />
            <range source_id="56" start_line="777" end_line="778" start_column="21" end_column="57" covered="no" />
            <range source_id="56" start_line="780" end_line="783" start_column="21" end_column="49" covered="no" />
            <range source_id="56" start_line="785" end_line="787" start_column="21" end_column="57" covered="no" />
            <range source_id="56" start_line="789" end_line="791" start_column="21" end_column="57" covered="no" />
            <range source_id="56" start_line="793" end_line="794" start_column="21" end_column="58" covered="no" />
            <range source_id="56" start_line="796" end_line="797" start_column="21" end_column="57" covered="no" />
            <range source_id="56" start_line="799" end_line="799" start_column="21" end_column="36" covered="no" />
            <range source_id="56" start_line="801" end_line="801" start_column="21" end_column="45" covered="no" />
            <range source_id="56" start_line="802" end_line="802" start_column="17" end_column="18" covered="no" />
          </ranges>
        </function>
        <function id="198396" token="0x60004f7" name="&lt;BuildTargetModel&gt;b__2_14(Microsoft.EntityFrameworkCore.Metadata.Builders.EntityTypeBuilder)" namespace="AzAgroPOS.Verilenler.Migrations" type_name="AddKonfiqurasiyaTable.&lt;&gt;c" block_coverage="0.00" line_coverage="0.00" blocks_covered="0" blocks_not_covered="26" lines_covered="0" lines_partially_covered="0" lines_not_covered="26">
          <ranges>
            <range source_id="56" start_line="805" end_line="805" start_column="17" end_column="18" covered="no" />
            <range source_id="56" start_line="806" end_line="808" start_column="21" end_column="47" covered="no" />
            <range source_id="56" start_line="810" end_line="810" start_column="21" end_column="97" covered="no" />
            <range source_id="56" start_line="812" end_line="813" start_column="21" end_column="47" covered="no" />
            <range source_id="56" start_line="815" end_line="816" start_column="21" end_column="58" covered="no" />
            <range source_id="56" start_line="818" end_line="819" start_column="21" end_column="47" covered="no" />
            <range source_id="56" start_line="821" end_line="822" start_column="21" end_column="57" covered="no" />
            <range source_id="56" start_line="824" end_line="825" start_column="21" end_column="47" covered="no" />
            <range source_id="56" start_line="827" end_line="830" start_column="21" end_column="49" covered="no" />
            <range source_id="56" start_line="832" end_line="833" start_column="21" end_column="53" covered="no" />
            <range source_id="56" start_line="835" end_line="835" start_column="21" end_column="36" covered="no" />
            <range source_id="56" start_line="837" end_line="837" start_column="21" end_column="45" covered="no" />
            <range source_id="56" start_line="839" end_line="839" start_column="21" end_column="43" covered="no" />
            <range source_id="56" start_line="841" end_line="841" start_column="21" end_column="51" covered="no" />
            <range source_id="56" start_line="842" end_line="842" start_column="17" end_column="18" covered="no" />
          </ranges>
        </function>
        <function id="198704" token="0x60004f8" name="&lt;BuildTargetModel&gt;b__2_15(Microsoft.EntityFrameworkCore.Metadata.Builders.EntityTypeBuilder)" namespace="AzAgroPOS.Verilenler.Migrations" type_name="AddKonfiqurasiyaTable.&lt;&gt;c" block_coverage="0.00" line_coverage="0.00" blocks_covered="0" blocks_not_covered="27" lines_covered="0" lines_partially_covered="0" lines_not_covered="27">
          <ranges>
            <range source_id="56" start_line="845" end_line="845" start_column="17" end_column="18" covered="no" />
            <range source_id="56" start_line="846" end_line="848" start_column="21" end_column="47" covered="no" />
            <range source_id="56" start_line="850" end_line="850" start_column="21" end_column="97" covered="no" />
            <range source_id="56" start_line="852" end_line="853" start_column="21" end_column="53" covered="no" />
            <range source_id="56" start_line="855" end_line="856" start_column="21" end_column="53" covered="no" />
            <range source_id="56" start_line="858" end_line="859" start_column="21" end_column="58" covered="no" />
            <range source_id="56" start_line="861" end_line="862" start_column="21" end_column="58" covered="no" />
            <range source_id="56" start_line="864" end_line="865" start_column="21" end_column="58" covered="no" />
            <range source_id="56" start_line="867" end_line="868" start_column="21" end_column="47" covered="no" />
            <range source_id="56" start_line="870" end_line="873" start_column="21" end_column="49" covered="no" />
            <range source_id="56" start_line="875" end_line="876" start_column="21" end_column="47" covered="no" />
            <range source_id="56" start_line="878" end_line="878" start_column="21" end_column="36" covered="no" />
            <range source_id="56" start_line="880" end_line="880" start_column="21" end_column="42" covered="no" />
            <range source_id="56" start_line="882" end_line="882" start_column="21" end_column="43" covered="no" />
            <range source_id="56" start_line="883" end_line="883" start_column="17" end_column="18" covered="no" />
          </ranges>
        </function>
        <function id="199012" token="0x60004f9" name="&lt;BuildTargetModel&gt;b__2_16(Microsoft.EntityFrameworkCore.Metadata.Builders.EntityTypeBuilder)" namespace="AzAgroPOS.Verilenler.Migrations" type_name="AddKonfiqurasiyaTable.&lt;&gt;c" block_coverage="0.00" line_coverage="0.00" blocks_covered="0" blocks_not_covered="25" lines_covered="0" lines_partially_covered="0" lines_not_covered="25">
          <ranges>
            <range source_id="56" start_line="886" end_line="886" start_column="17" end_column="18" covered="no" />
            <range source_id="56" start_line="887" end_line="889" start_column="21" end_column="47" covered="no" />
            <range source_id="56" start_line="891" end_line="891" start_column="21" end_column="97" covered="no" />
            <range source_id="56" start_line="893" end_line="894" start_column="21" end_column="47" covered="no" />
            <range source_id="56" start_line="896" end_line="897" start_column="21" end_column="47" covered="no" />
            <range source_id="56" start_line="899" end_line="901" start_column="21" end_column="57" covered="no" />
            <range source_id="56" start_line="903" end_line="906" start_column="21" end_column="49" covered="no" />
            <range source_id="56" start_line="908" end_line="909" start_column="21" end_column="53" covered="no" />
            <range source_id="56" start_line="911" end_line="912" start_column="21" end_column="57" covered="no" />
            <range source_id="56" start_line="914" end_line="914" start_column="21" end_column="36" covered="no" />
            <range source_id="56" start_line="916" end_line="916" start_column="21" end_column="44" covered="no" />
            <range source_id="56" start_line="918" end_line="918" start_column="21" end_column="43" covered="no" />
            <range source_id="56" start_line="920" end_line="920" start_column="21" end_column="46" covered="no" />
            <range source_id="56" start_line="921" end_line="921" start_column="17" end_column="18" covered="no" />
          </ranges>
        </function>
        <function id="199304" token="0x60004fa" name="&lt;BuildTargetModel&gt;b__2_17(Microsoft.EntityFrameworkCore.Metadata.Builders.EntityTypeBuilder)" namespace="AzAgroPOS.Verilenler.Migrations" type_name="AddKonfiqurasiyaTable.&lt;&gt;c" block_coverage="0.00" line_coverage="0.00" blocks_covered="0" blocks_not_covered="24" lines_covered="0" lines_partially_covered="0" lines_not_covered="24">
          <ranges>
            <range source_id="56" start_line="924" end_line="924" start_column="17" end_column="18" covered="no" />
            <range source_id="56" start_line="925" end_line="927" start_column="21" end_column="47" covered="no" />
            <range source_id="56" start_line="929" end_line="929" start_column="21" end_column="97" covered="no" />
            <range source_id="56" start_line="931" end_line="932" start_column="21" end_column="47" covered="no" />
            <range source_id="56" start_line="934" end_line="935" start_column="21" end_column="57" covered="no" />
            <range source_id="56" start_line="937" end_line="938" start_column="21" end_column="47" covered="no" />
            <range source_id="56" start_line="940" end_line="941" start_column="21" end_column="57" covered="no" />
            <range source_id="56" start_line="943" end_line="946" start_column="21" end_column="49" covered="no" />
            <range source_id="56" start_line="948" end_line="949" start_column="21" end_column="57" covered="no" />
            <range source_id="56" start_line="951" end_line="951" start_column="21" end_column="36" covered="no" />
            <range source_id="56" start_line="953" end_line="953" start_column="21" end_column="44" covered="no" />
            <range source_id="56" start_line="955" end_line="955" start_column="21" end_column="46" covered="no" />
            <range source_id="56" start_line="957" end_line="957" start_column="21" end_column="52" covered="no" />
            <range source_id="56" start_line="958" end_line="958" start_column="17" end_column="18" covered="no" />
          </ranges>
        </function>
        <function id="199588" token="0x60004fb" name="&lt;BuildTargetModel&gt;b__2_18(Microsoft.EntityFrameworkCore.Metadata.Builders.EntityTypeBuilder)" namespace="AzAgroPOS.Verilenler.Migrations" type_name="AddKonfiqurasiyaTable.&lt;&gt;c" block_coverage="0.00" line_coverage="0.00" blocks_covered="0" blocks_not_covered="18" lines_covered="0" lines_partially_covered="0" lines_not_covered="28">
          <ranges>
            <range source_id="56" start_line="961" end_line="961" start_column="17" end_column="18" covered="no" />
            <range source_id="56" start_line="962" end_line="964" start_column="21" end_column="47" covered="no" />
            <range source_id="56" start_line="966" end_line="966" start_column="21" end_column="97" covered="no" />
            <range source_id="56" start_line="968" end_line="970" start_column="21" end_column="57" covered="no" />
            <range source_id="56" start_line="972" end_line="975" start_column="21" end_column="49" covered="no" />
            <range source_id="56" start_line="977" end_line="977" start_column="21" end_column="36" covered="no" />
            <range source_id="56" start_line="979" end_line="979" start_column="21" end_column="41" covered="no" />
            <range source_id="56" start_line="981" end_line="993" start_column="21" end_column="28" covered="no" />
            <range source_id="56" start_line="994" end_line="994" start_column="17" end_column="18" covered="no" />
          </ranges>
        </function>
        <function id="199792" token="0x60004fc" name="&lt;BuildTargetModel&gt;b__2_19(Microsoft.EntityFrameworkCore.Metadata.Builders.EntityTypeBuilder)" namespace="AzAgroPOS.Verilenler.Migrations" type_name="AddKonfiqurasiyaTable.&lt;&gt;c" block_coverage="0.00" line_coverage="0.00" blocks_covered="0" blocks_not_covered="24" lines_covered="0" lines_partially_covered="0" lines_not_covered="24">
          <ranges>
            <range source_id="56" start_line="997" end_line="997" start_column="17" end_column="18" covered="no" />
            <range source_id="56" start_line="998" end_line="1000" start_column="21" end_column="47" covered="no" />
            <range source_id="56" start_line="1002" end_line="1002" start_column="21" end_column="97" covered="no" />
            <range source_id="56" start_line="1004" end_line="1005" start_column="21" end_column="47" covered="no" />
            <range source_id="56" start_line="1007" end_line="1008" start_column="21" end_column="47" covered="no" />
            <range source_id="56" start_line="1010" end_line="1011" start_column="21" end_column="47" covered="no" />
            <range source_id="56" start_line="1013" end_line="1016" start_column="21" end_column="49" covered="no" />
            <range source_id="56" start_line="1018" end_line="1019" start_column="21" end_column="53" covered="no" />
            <range source_id="56" start_line="1021" end_line="1022" start_column="21" end_column="58" covered="no" />
            <range source_id="56" start_line="1024" end_line="1024" start_column="21" end_column="36" covered="no" />
            <range source_id="56" start_line="1026" end_line="1026" start_column="21" end_column="45" covered="no" />
            <range source_id="56" start_line="1028" end_line="1028" start_column="21" end_column="43" covered="no" />
            <range source_id="56" start_line="1030" end_line="1030" start_column="21" end_column="43" covered="no" />
            <range source_id="56" start_line="1031" end_line="1031" start_column="17" end_column="18" covered="no" />
          </ranges>
        </function>
        <function id="200076" token="0x60004fd" name="&lt;BuildTargetModel&gt;b__2_20(Microsoft.EntityFrameworkCore.Metadata.Builders.EntityTypeBuilder)" namespace="AzAgroPOS.Verilenler.Migrations" type_name="AddKonfiqurasiyaTable.&lt;&gt;c" block_coverage="0.00" line_coverage="0.00" blocks_covered="0" blocks_not_covered="24" lines_covered="0" lines_partially_covered="0" lines_not_covered="24">
          <ranges>
            <range source_id="56" start_line="1034" end_line="1034" start_column="17" end_column="18" covered="no" />
            <range source_id="56" start_line="1035" end_line="1037" start_column="21" end_column="47" covered="no" />
            <range source_id="56" start_line="1039" end_line="1039" start_column="21" end_column="97" covered="no" />
            <range source_id="56" start_line="1041" end_line="1042" start_column="21" end_column="47" covered="no" />
            <range source_id="56" start_line="1044" end_line="1045" start_column="21" end_column="57" covered="no" />
            <range source_id="56" start_line="1047" end_line="1048" start_column="21" end_column="58" covered="no" />
            <range source_id="56" start_line="1050" end_line="1051" start_column="21" end_column="47" covered="no" />
            <range source_id="56" start_line="1053" end_line="1056" start_column="21" end_column="49" covered="no" />
            <range source_id="56" start_line="1058" end_line="1059" start_column="21" end_column="57" covered="no" />
            <range source_id="56" start_line="1061" end_line="1061" start_column="21" end_column="36" covered="no" />
            <range source_id="56" start_line="1063" end_line="1063" start_column="21" end_column="44" covered="no" />
            <range source_id="56" start_line="1065" end_line="1065" start_column="21" end_column="43" covered="no" />
            <range source_id="56" start_line="1067" end_line="1067" start_column="21" end_column="49" covered="no" />
            <range source_id="56" start_line="1068" end_line="1068" start_column="17" end_column="18" covered="no" />
          </ranges>
        </function>
        <function id="200360" token="0x60004fe" name="&lt;BuildTargetModel&gt;b__2_21(Microsoft.EntityFrameworkCore.Metadata.Builders.EntityTypeBuilder)" namespace="AzAgroPOS.Verilenler.Migrations" type_name="AddKonfiqurasiyaTable.&lt;&gt;c" block_coverage="0.00" line_coverage="0.00" blocks_covered="0" blocks_not_covered="30" lines_covered="0" lines_partially_covered="0" lines_not_covered="52">
          <ranges>
            <range source_id="56" start_line="1071" end_line="1071" start_column="17" end_column="18" covered="no" />
            <range source_id="56" start_line="1072" end_line="1074" start_column="21" end_column="47" covered="no" />
            <range source_id="56" start_line="1076" end_line="1076" start_column="21" end_column="97" covered="no" />
            <range source_id="56" start_line="1078" end_line="1080" start_column="21" end_column="57" covered="no" />
            <range source_id="56" start_line="1082" end_line="1083" start_column="21" end_column="47" covered="no" />
            <range source_id="56" start_line="1085" end_line="1086" start_column="21" end_column="57" covered="no" />
            <range source_id="56" start_line="1088" end_line="1089" start_column="21" end_column="57" covered="no" />
            <range source_id="56" start_line="1091" end_line="1094" start_column="21" end_column="49" covered="no" />
            <range source_id="56" start_line="1096" end_line="1097" start_column="21" end_column="57" covered="no" />
            <range source_id="56" start_line="1099" end_line="1100" start_column="21" end_column="57" covered="no" />
            <range source_id="56" start_line="1102" end_line="1103" start_column="21" end_column="57" covered="no" />
            <range source_id="56" start_line="1105" end_line="1105" start_column="21" end_column="36" covered="no" />
            <range source_id="56" start_line="1107" end_line="1107" start_column="21" end_column="47" covered="no" />
            <range source_id="56" start_line="1109" end_line="1133" start_column="21" end_column="28" covered="no" />
            <range source_id="56" start_line="1134" end_line="1134" start_column="17" end_column="18" covered="no" />
          </ranges>
        </function>
        <function id="200748" token="0x60004ff" name="&lt;BuildTargetModel&gt;b__2_22(Microsoft.EntityFrameworkCore.Metadata.Builders.EntityTypeBuilder)" namespace="AzAgroPOS.Verilenler.Migrations" type_name="AddKonfiqurasiyaTable.&lt;&gt;c" block_coverage="0.00" line_coverage="0.00" blocks_covered="0" blocks_not_covered="35" lines_covered="0" lines_partially_covered="0" lines_not_covered="35">
          <ranges>
            <range source_id="56" start_line="1137" end_line="1137" start_column="17" end_column="18" covered="no" />
            <range source_id="56" start_line="1138" end_line="1140" start_column="21" end_column="47" covered="no" />
            <range source_id="56" start_line="1142" end_line="1142" start_column="21" end_column="97" covered="no" />
            <range source_id="56" start_line="1144" end_line="1145" start_column="21" end_column="47" covered="no" />
            <range source_id="56" start_line="1147" end_line="1148" start_column="21" end_column="57" covered="no" />
            <range source_id="56" start_line="1150" end_line="1151" start_column="21" end_column="58" covered="no" />
            <range source_id="56" start_line="1153" end_line="1155" start_column="21" end_column="57" covered="no" />
            <range source_id="56" start_line="1157" end_line="1158" start_column="21" end_column="53" covered="no" />
            <range source_id="56" start_line="1160" end_line="1161" start_column="21" end_column="47" covered="no" />
            <range source_id="56" start_line="1163" end_line="1164" start_column="21" end_column="57" covered="no" />
            <range source_id="56" start_line="1166" end_line="1169" start_column="21" end_column="49" covered="no" />
            <range source_id="56" start_line="1171" end_line="1172" start_column="21" end_column="47" covered="no" />
            <range source_id="56" start_line="1174" end_line="1175" start_column="21" end_column="47" covered="no" />
            <range source_id="56" start_line="1177" end_line="1178" start_column="21" end_column="53" covered="no" />
            <range source_id="56" start_line="1180" end_line="1180" start_column="21" end_column="36" covered="no" />
            <range source_id="56" start_line="1182" end_line="1182" start_column="21" end_column="47" covered="no" />
            <range source_id="56" start_line="1184" end_line="1184" start_column="21" end_column="47" covered="no" />
            <range source_id="56" start_line="1186" end_line="1186" start_column="21" end_column="53" covered="no" />
            <range source_id="56" start_line="1187" end_line="1187" start_column="17" end_column="18" covered="no" />
          </ranges>
        </function>
        <function id="201148" token="0x6000500" name="&lt;BuildTargetModel&gt;b__2_23(Microsoft.EntityFrameworkCore.Metadata.Builders.EntityTypeBuilder)" namespace="AzAgroPOS.Verilenler.Migrations" type_name="AddKonfiqurasiyaTable.&lt;&gt;c" block_coverage="0.00" line_coverage="0.00" blocks_covered="0" blocks_not_covered="44" lines_covered="0" lines_partially_covered="0" lines_not_covered="44">
          <ranges>
            <range source_id="56" start_line="1190" end_line="1190" start_column="17" end_column="18" covered="no" />
            <range source_id="56" start_line="1191" end_line="1193" start_column="21" end_column="47" covered="no" />
            <range source_id="56" start_line="1195" end_line="1195" start_column="21" end_column="97" covered="no" />
            <range source_id="56" start_line="1197" end_line="1199" start_column="21" end_column="57" covered="no" />
            <range source_id="56" start_line="1201" end_line="1202" start_column="21" end_column="47" covered="no" />
            <range source_id="56" start_line="1204" end_line="1206" start_column="21" end_column="57" covered="no" />
            <range source_id="56" start_line="1208" end_line="1210" start_column="21" end_column="57" covered="no" />
            <range source_id="56" start_line="1212" end_line="1214" start_column="21" end_column="57" covered="no" />
            <range source_id="56" start_line="1216" end_line="1217" start_column="21" end_column="53" covered="no" />
            <range source_id="56" start_line="1219" end_line="1221" start_column="21" end_column="57" covered="no" />
            <range source_id="56" start_line="1223" end_line="1224" start_column="21" end_column="57" covered="no" />
            <range source_id="56" start_line="1226" end_line="1229" start_column="21" end_column="49" covered="no" />
            <range source_id="56" start_line="1231" end_line="1232" start_column="21" end_column="47" covered="no" />
            <range source_id="56" start_line="1234" end_line="1235" start_column="21" end_column="53" covered="no" />
            <range source_id="56" start_line="1237" end_line="1238" start_column="21" end_column="58" covered="no" />
            <range source_id="56" start_line="1240" end_line="1241" start_column="21" end_column="58" covered="no" />
            <range source_id="56" start_line="1243" end_line="1244" start_column="21" end_column="47" covered="no" />
            <range source_id="56" start_line="1246" end_line="1246" start_column="21" end_column="36" covered="no" />
            <range source_id="56" start_line="1248" end_line="1248" start_column="21" end_column="42" covered="no" />
            <range source_id="56" start_line="1250" end_line="1250" start_column="21" end_column="51" covered="no" />
            <range source_id="56" start_line="1251" end_line="1251" start_column="17" end_column="18" covered="no" />
          </ranges>
        </function>
        <function id="201620" token="0x6000501" name="&lt;BuildTargetModel&gt;b__2_24(Microsoft.EntityFrameworkCore.Metadata.Builders.EntityTypeBuilder)" namespace="AzAgroPOS.Verilenler.Migrations" type_name="AddKonfiqurasiyaTable.&lt;&gt;c" block_coverage="0.00" line_coverage="0.00" blocks_covered="0" blocks_not_covered="7" lines_covered="0" lines_partially_covered="0" lines_not_covered="8">
          <ranges>
            <range source_id="56" start_line="1254" end_line="1254" start_column="17" end_column="18" covered="no" />
            <range source_id="56" start_line="1255" end_line="1259" start_column="21" end_column="39" covered="no" />
            <range source_id="56" start_line="1261" end_line="1261" start_column="21" end_column="47" covered="no" />
            <range source_id="56" start_line="1262" end_line="1262" start_column="17" end_column="18" covered="no" />
          </ranges>
        </function>
        <function id="201704" token="0x6000502" name="&lt;BuildTargetModel&gt;b__2_25(Microsoft.EntityFrameworkCore.Metadata.Builders.EntityTypeBuilder)" namespace="AzAgroPOS.Verilenler.Migrations" type_name="AddKonfiqurasiyaTable.&lt;&gt;c" block_coverage="0.00" line_coverage="0.00" blocks_covered="0" blocks_not_covered="18" lines_covered="0" lines_partially_covered="0" lines_not_covered="19">
          <ranges>
            <range source_id="56" start_line="1265" end_line="1265" start_column="17" end_column="18" covered="no" />
            <range source_id="56" start_line="1266" end_line="1270" start_column="21" end_column="39" covered="no" />
            <range source_id="56" start_line="1272" end_line="1275" start_column="21" end_column="60" covered="no" />
            <range source_id="56" start_line="1277" end_line="1281" start_column="21" end_column="39" covered="no" />
            <range source_id="56" start_line="1283" end_line="1283" start_column="21" end_column="47" covered="no" />
            <range source_id="56" start_line="1285" end_line="1285" start_column="21" end_column="55" covered="no" />
            <range source_id="56" start_line="1287" end_line="1287" start_column="21" end_column="44" covered="no" />
            <range source_id="56" start_line="1288" end_line="1288" start_column="17" end_column="18" covered="no" />
          </ranges>
        </function>
        <function id="201916" token="0x6000503" name="&lt;BuildTargetModel&gt;b__2_26(Microsoft.EntityFrameworkCore.Metadata.Builders.EntityTypeBuilder)" namespace="AzAgroPOS.Verilenler.Migrations" type_name="AddKonfiqurasiyaTable.&lt;&gt;c" block_coverage="0.00" line_coverage="0.00" blocks_covered="0" blocks_not_covered="7" lines_covered="0" lines_partially_covered="0" lines_not_covered="8">
          <ranges>
            <range source_id="56" start_line="1291" end_line="1291" start_column="17" end_column="18" covered="no" />
            <range source_id="56" start_line="1292" end_line="1296" start_column="21" end_column="39" covered="no" />
            <range source_id="56" start_line="1298" end_line="1298" start_column="21" end_column="47" covered="no" />
            <range source_id="56" start_line="1299" end_line="1299" start_column="17" end_column="18" covered="no" />
          </ranges>
        </function>
        <function id="202000" token="0x6000504" name="&lt;BuildTargetModel&gt;b__2_27(Microsoft.EntityFrameworkCore.Metadata.Builders.EntityTypeBuilder)" namespace="AzAgroPOS.Verilenler.Migrations" type_name="AddKonfiqurasiyaTable.&lt;&gt;c" block_coverage="0.00" line_coverage="0.00" blocks_covered="0" blocks_not_covered="13" lines_covered="0" lines_partially_covered="0" lines_not_covered="14">
          <ranges>
            <range source_id="56" start_line="1302" end_line="1302" start_column="17" end_column="18" covered="no" />
            <range source_id="56" start_line="1303" end_line="1307" start_column="21" end_column="39" covered="no" />
            <range source_id="56" start_line="1309" end_line="1313" start_column="21" end_column="39" covered="no" />
            <range source_id="56" start_line="1315" end_line="1315" start_column="21" end_column="49" covered="no" />
            <range source_id="56" start_line="1317" end_line="1317" start_column="21" end_column="44" covered="no" />
            <range source_id="56" start_line="1318" end_line="1318" start_column="17" end_column="18" covered="no" />
          </ranges>
        </function>
        <function id="202150" token="0x6000505" name="&lt;BuildTargetModel&gt;b__2_28(Microsoft.EntityFrameworkCore.Metadata.Builders.EntityTypeBuilder)" namespace="AzAgroPOS.Verilenler.Migrations" type_name="AddKonfiqurasiyaTable.&lt;&gt;c" block_coverage="0.00" line_coverage="0.00" blocks_covered="0" blocks_not_covered="5" lines_covered="0" lines_partially_covered="0" lines_not_covered="6">
          <ranges>
            <range source_id="56" start_line="1321" end_line="1321" start_column="17" end_column="18" covered="no" />
            <range source_id="56" start_line="1322" end_line="1324" start_column="21" end_column="64" covered="no" />
            <range source_id="56" start_line="1326" end_line="1326" start_column="21" end_column="56" covered="no" />
            <range source_id="56" start_line="1327" end_line="1327" start_column="17" end_column="18" covered="no" />
          </ranges>
        </function>
        <function id="202208" token="0x6000506" name="&lt;BuildTargetModel&gt;b__2_29(Microsoft.EntityFrameworkCore.Metadata.Builders.EntityTypeBuilder)" namespace="AzAgroPOS.Verilenler.Migrations" type_name="AddKonfiqurasiyaTable.&lt;&gt;c" block_coverage="0.00" line_coverage="0.00" blocks_covered="0" blocks_not_covered="12" lines_covered="0" lines_partially_covered="0" lines_not_covered="13">
          <ranges>
            <range source_id="56" start_line="1330" end_line="1330" start_column="17" end_column="18" covered="no" />
            <range source_id="56" start_line="1331" end_line="1335" start_column="21" end_column="39" covered="no" />
            <range source_id="56" start_line="1337" end_line="1340" start_column="21" end_column="60" covered="no" />
            <range source_id="56" start_line="1342" end_line="1342" start_column="21" end_column="42" covered="no" />
            <range source_id="56" start_line="1344" end_line="1344" start_column="21" end_column="52" covered="no" />
            <range source_id="56" start_line="1345" end_line="1345" start_column="17" end_column="18" covered="no" />
          </ranges>
        </function>
        <function id="202352" token="0x6000507" name="&lt;BuildTargetModel&gt;b__2_30(Microsoft.EntityFrameworkCore.Metadata.Builders.EntityTypeBuilder)" namespace="AzAgroPOS.Verilenler.Migrations" type_name="AddKonfiqurasiyaTable.&lt;&gt;c" block_coverage="0.00" line_coverage="0.00" blocks_covered="0" blocks_not_covered="7" lines_covered="0" lines_partially_covered="0" lines_not_covered="8">
          <ranges>
            <range source_id="56" start_line="1348" end_line="1348" start_column="17" end_column="18" covered="no" />
            <range source_id="56" start_line="1349" end_line="1353" start_column="21" end_column="39" covered="no" />
            <range source_id="56" start_line="1355" end_line="1355" start_column="21" end_column="42" covered="no" />
            <range source_id="56" start_line="1356" end_line="1356" start_column="17" end_column="18" covered="no" />
          </ranges>
        </function>
        <function id="202436" token="0x6000508" name="&lt;BuildTargetModel&gt;b__2_31(Microsoft.EntityFrameworkCore.Metadata.Builders.EntityTypeBuilder)" namespace="AzAgroPOS.Verilenler.Migrations" type_name="AddKonfiqurasiyaTable.&lt;&gt;c" block_coverage="0.00" line_coverage="0.00" blocks_covered="0" blocks_not_covered="7" lines_covered="0" lines_partially_covered="0" lines_not_covered="8">
          <ranges>
            <range source_id="56" start_line="1359" end_line="1359" start_column="17" end_column="18" covered="no" />
            <range source_id="56" start_line="1360" end_line="1364" start_column="21" end_column="39" covered="no" />
            <range source_id="56" start_line="1366" end_line="1366" start_column="21" end_column="41" covered="no" />
            <range source_id="56" start_line="1367" end_line="1367" start_column="17" end_column="18" covered="no" />
          </ranges>
        </function>
        <function id="202520" token="0x6000509" name="&lt;BuildTargetModel&gt;b__2_32(Microsoft.EntityFrameworkCore.Metadata.Builders.EntityTypeBuilder)" namespace="AzAgroPOS.Verilenler.Migrations" type_name="AddKonfiqurasiyaTable.&lt;&gt;c" block_coverage="0.00" line_coverage="0.00" blocks_covered="0" blocks_not_covered="16" lines_covered="0" lines_partially_covered="0" lines_not_covered="17">
          <ranges>
            <range source_id="56" start_line="1370" end_line="1370" start_column="17" end_column="18" covered="no" />
            <range source_id="56" start_line="1371" end_line="1374" start_column="21" end_column="59" covered="no" />
            <range source_id="56" start_line="1376" end_line="1379" start_column="21" end_column="59" covered="no" />
            <range source_id="56" start_line="1381" end_line="1384" start_column="21" end_column="59" covered="no" />
            <range source_id="56" start_line="1386" end_line="1386" start_column="21" end_column="43" covered="no" />
            <range source_id="56" start_line="1388" end_line="1388" start_column="21" end_column="48" covered="no" />
            <range source_id="56" start_line="1390" end_line="1390" start_column="21" end_column="47" covered="no" />
            <range source_id="56" start_line="1391" end_line="1391" start_column="17" end_column="18" covered="no" />
          </ranges>
        </function>
        <function id="202724" token="0x600050a" name="&lt;BuildTargetModel&gt;b__2_33(Microsoft.EntityFrameworkCore.Metadata.Builders.EntityTypeBuilder)" namespace="AzAgroPOS.Verilenler.Migrations" type_name="AddKonfiqurasiyaTable.&lt;&gt;c" block_coverage="0.00" line_coverage="0.00" blocks_covered="0" blocks_not_covered="11" lines_covered="0" lines_partially_covered="0" lines_not_covered="12">
          <ranges>
            <range source_id="56" start_line="1394" end_line="1394" start_column="17" end_column="18" covered="no" />
            <range source_id="56" start_line="1395" end_line="1399" start_column="21" end_column="39" covered="no" />
            <range source_id="56" start_line="1401" end_line="1403" start_column="21" end_column="51" covered="no" />
            <range source_id="56" start_line="1405" end_line="1405" start_column="21" end_column="45" covered="no" />
            <range source_id="56" start_line="1407" end_line="1407" start_column="21" end_column="43" covered="no" />
            <range source_id="56" start_line="1408" end_line="1408" start_column="17" end_column="18" covered="no" />
          </ranges>
        </function>
        <function id="202860" token="0x600050b" name="&lt;BuildTargetModel&gt;b__2_34(Microsoft.EntityFrameworkCore.Metadata.Builders.EntityTypeBuilder)" namespace="AzAgroPOS.Verilenler.Migrations" type_name="AddKonfiqurasiyaTable.&lt;&gt;c" block_coverage="0.00" line_coverage="0.00" blocks_covered="0" blocks_not_covered="7" lines_covered="0" lines_partially_covered="0" lines_not_covered="8">
          <ranges>
            <range source_id="56" start_line="1411" end_line="1411" start_column="17" end_column="18" covered="no" />
            <range source_id="56" start_line="1412" end_line="1416" start_column="21" end_column="39" covered="no" />
            <range source_id="56" start_line="1418" end_line="1418" start_column="21" end_column="42" covered="no" />
            <range source_id="56" start_line="1419" end_line="1419" start_column="17" end_column="18" covered="no" />
          </ranges>
        </function>
        <function id="202944" token="0x600050c" name="&lt;BuildTargetModel&gt;b__2_35(Microsoft.EntityFrameworkCore.Metadata.Builders.EntityTypeBuilder)" namespace="AzAgroPOS.Verilenler.Migrations" type_name="AddKonfiqurasiyaTable.&lt;&gt;c" block_coverage="0.00" line_coverage="0.00" blocks_covered="0" blocks_not_covered="13" lines_covered="0" lines_partially_covered="0" lines_not_covered="14">
          <ranges>
            <range source_id="56" start_line="1422" end_line="1422" start_column="17" end_column="18" covered="no" />
            <range source_id="56" start_line="1423" end_line="1427" start_column="21" end_column="39" covered="no" />
            <range source_id="56" start_line="1429" end_line="1433" start_column="21" end_column="39" covered="no" />
            <range source_id="56" start_line="1435" end_line="1435" start_column="21" end_column="44" covered="no" />
            <range source_id="56" start_line="1437" end_line="1437" start_column="21" end_column="43" covered="no" />
            <range source_id="56" start_line="1438" end_line="1438" start_column="17" end_column="18" covered="no" />
          </ranges>
        </function>
        <function id="203096" token="0x600050d" name="&lt;BuildTargetModel&gt;b__2_36(Microsoft.EntityFrameworkCore.Metadata.Builders.EntityTypeBuilder)" namespace="AzAgroPOS.Verilenler.Migrations" type_name="AddKonfiqurasiyaTable.&lt;&gt;c" block_coverage="0.00" line_coverage="0.00" blocks_covered="0" blocks_not_covered="13" lines_covered="0" lines_partially_covered="0" lines_not_covered="14">
          <ranges>
            <range source_id="56" start_line="1441" end_line="1441" start_column="17" end_column="18" covered="no" />
            <range source_id="56" start_line="1442" end_line="1446" start_column="21" end_column="39" covered="no" />
            <range source_id="56" start_line="1448" end_line="1452" start_column="21" end_column="39" covered="no" />
            <range source_id="56" start_line="1454" end_line="1454" start_column="21" end_column="44" covered="no" />
            <range source_id="56" start_line="1456" end_line="1456" start_column="21" end_column="46" covered="no" />
            <range source_id="56" start_line="1457" end_line="1457" start_column="17" end_column="18" covered="no" />
          </ranges>
        </function>
        <function id="203248" token="0x600050e" name="&lt;BuildTargetModel&gt;b__2_37(Microsoft.EntityFrameworkCore.Metadata.Builders.EntityTypeBuilder)" namespace="AzAgroPOS.Verilenler.Migrations" type_name="AddKonfiqurasiyaTable.&lt;&gt;c" block_coverage="0.00" line_coverage="0.00" blocks_covered="0" blocks_not_covered="11" lines_covered="0" lines_partially_covered="0" lines_not_covered="12">
          <ranges>
            <range source_id="56" start_line="1460" end_line="1460" start_column="17" end_column="18" covered="no" />
            <range source_id="56" start_line="1461" end_line="1463" start_column="21" end_column="53" covered="no" />
            <range source_id="56" start_line="1465" end_line="1469" start_column="21" end_column="39" covered="no" />
            <range source_id="56" start_line="1471" end_line="1471" start_column="21" end_column="45" covered="no" />
            <range source_id="56" start_line="1473" end_line="1473" start_column="21" end_column="43" covered="no" />
            <range source_id="56" start_line="1474" end_line="1474" start_column="17" end_column="18" covered="no" />
          </ranges>
        </function>
        <function id="203388" token="0x600050f" name="&lt;BuildTargetModel&gt;b__2_38(Microsoft.EntityFrameworkCore.Metadata.Builders.EntityTypeBuilder)" namespace="AzAgroPOS.Verilenler.Migrations" type_name="AddKonfiqurasiyaTable.&lt;&gt;c" block_coverage="0.00" line_coverage="0.00" blocks_covered="0" blocks_not_covered="13" lines_covered="0" lines_partially_covered="0" lines_not_covered="14">
          <ranges>
            <range source_id="56" start_line="1477" end_line="1477" start_column="17" end_column="18" covered="no" />
            <range source_id="56" start_line="1478" end_line="1482" start_column="21" end_column="39" covered="no" />
            <range source_id="56" start_line="1484" end_line="1488" start_column="21" end_column="39" covered="no" />
            <range source_id="56" start_line="1490" end_line="1490" start_column="21" end_column="44" covered="no" />
            <range source_id="56" start_line="1492" end_line="1492" start_column="21" end_column="43" covered="no" />
            <range source_id="56" start_line="1493" end_line="1493" start_column="17" end_column="18" covered="no" />
          </ranges>
        </function>
        <function id="203540" token="0x6000510" name="&lt;BuildTargetModel&gt;b__2_39(Microsoft.EntityFrameworkCore.Metadata.Builders.EntityTypeBuilder)" namespace="AzAgroPOS.Verilenler.Migrations" type_name="AddKonfiqurasiyaTable.&lt;&gt;c" block_coverage="0.00" line_coverage="0.00" blocks_covered="0" blocks_not_covered="12" lines_covered="0" lines_partially_covered="0" lines_not_covered="13">
          <ranges>
            <range source_id="56" start_line="1496" end_line="1496" start_column="17" end_column="18" covered="no" />
            <range source_id="56" start_line="1497" end_line="1500" start_column="21" end_column="59" covered="no" />
            <range source_id="56" start_line="1502" end_line="1506" start_column="21" end_column="39" covered="no" />
            <range source_id="56" start_line="1508" end_line="1508" start_column="21" end_column="47" covered="no" />
            <range source_id="56" start_line="1510" end_line="1510" start_column="21" end_column="47" covered="no" />
            <range source_id="56" start_line="1511" end_line="1511" start_column="17" end_column="18" covered="no" />
          </ranges>
        </function>
        <function id="203688" token="0x6000511" name="&lt;BuildTargetModel&gt;b__2_40(Microsoft.EntityFrameworkCore.Metadata.Builders.EntityTypeBuilder)" namespace="AzAgroPOS.Verilenler.Migrations" type_name="AddKonfiqurasiyaTable.&lt;&gt;c" block_coverage="0.00" line_coverage="0.00" blocks_covered="0" blocks_not_covered="6" lines_covered="0" lines_partially_covered="0" lines_not_covered="7">
          <ranges>
            <range source_id="56" start_line="1514" end_line="1514" start_column="17" end_column="18" covered="no" />
            <range source_id="56" start_line="1515" end_line="1518" start_column="21" end_column="60" covered="no" />
            <range source_id="56" start_line="1520" end_line="1520" start_column="21" end_column="42" covered="no" />
            <range source_id="56" start_line="1521" end_line="1521" start_column="17" end_column="18" covered="no" />
          </ranges>
        </function>
        <function id="203766" token="0x6000512" name="&lt;BuildTargetModel&gt;b__2_41(Microsoft.EntityFrameworkCore.Metadata.Builders.EntityTypeBuilder)" namespace="AzAgroPOS.Verilenler.Migrations" type_name="AddKonfiqurasiyaTable.&lt;&gt;c" block_coverage="0.00" line_coverage="0.00" blocks_covered="0" blocks_not_covered="3" lines_covered="0" lines_partially_covered="0" lines_not_covered="4">
          <ranges>
            <range source_id="56" start_line="1524" end_line="1524" start_column="17" end_column="18" covered="no" />
            <range source_id="56" start_line="1525" end_line="1525" start_column="21" end_column="46" covered="no" />
            <range source_id="56" start_line="1527" end_line="1527" start_column="21" end_column="52" covered="no" />
            <range source_id="56" start_line="1528" end_line="1528" start_column="17" end_column="18" covered="no" />
          </ranges>
        </function>
        <function id="203793" token="0x6000513" name="&lt;BuildTargetModel&gt;b__2_42(Microsoft.EntityFrameworkCore.Metadata.Builders.EntityTypeBuilder)" namespace="AzAgroPOS.Verilenler.Migrations" type_name="AddKonfiqurasiyaTable.&lt;&gt;c" block_coverage="0.00" line_coverage="0.00" blocks_covered="0" blocks_not_covered="2" lines_covered="0" lines_partially_covered="0" lines_not_covered="3">
          <ranges>
            <range source_id="56" start_line="1531" end_line="1531" start_column="17" end_column="18" covered="no" />
            <range source_id="56" start_line="1532" end_line="1532" start_column="21" end_column="54" covered="no" />
            <range source_id="56" start_line="1533" end_line="1533" start_column="17" end_column="18" covered="no" />
          </ranges>
        </function>
        <function id="203808" token="0x6000514" name="&lt;BuildTargetModel&gt;b__2_43(Microsoft.EntityFrameworkCore.Metadata.Builders.EntityTypeBuilder)" namespace="AzAgroPOS.Verilenler.Migrations" type_name="AddKonfiqurasiyaTable.&lt;&gt;c" block_coverage="0.00" line_coverage="0.00" blocks_covered="0" blocks_not_covered="2" lines_covered="0" lines_partially_covered="0" lines_not_covered="3">
          <ranges>
            <range source_id="56" start_line="1536" end_line="1536" start_column="17" end_column="18" covered="no" />
            <range source_id="56" start_line="1537" end_line="1537" start_column="21" end_column="47" covered="no" />
            <range source_id="56" start_line="1538" end_line="1538" start_column="17" end_column="18" covered="no" />
          </ranges>
        </function>
        <function id="203823" token="0x6000515" name="&lt;BuildTargetModel&gt;b__2_44(Microsoft.EntityFrameworkCore.Metadata.Builders.EntityTypeBuilder)" namespace="AzAgroPOS.Verilenler.Migrations" type_name="AddKonfiqurasiyaTable.&lt;&gt;c" block_coverage="0.00" line_coverage="0.00" blocks_covered="0" blocks_not_covered="3" lines_covered="0" lines_partially_covered="0" lines_not_covered="4">
          <ranges>
            <range source_id="56" start_line="1541" end_line="1541" start_column="17" end_column="18" covered="no" />
            <range source_id="56" start_line="1542" end_line="1542" start_column="21" end_column="50" covered="no" />
            <range source_id="56" start_line="1544" end_line="1544" start_column="21" end_column="56" covered="no" />
            <range source_id="56" start_line="1545" end_line="1545" start_column="17" end_column="18" covered="no" />
          </ranges>
        </function>
        <function id="203850" token="0x6000516" name="&lt;BuildTargetModel&gt;b__2_45(Microsoft.EntityFrameworkCore.Metadata.Builders.EntityTypeBuilder)" namespace="AzAgroPOS.Verilenler.Migrations" type_name="AddKonfiqurasiyaTable.&lt;&gt;c" block_coverage="0.00" line_coverage="0.00" blocks_covered="0" blocks_not_covered="3" lines_covered="0" lines_partially_covered="0" lines_not_covered="4">
          <ranges>
            <range source_id="56" start_line="1548" end_line="1548" start_column="17" end_column="18" covered="no" />
            <range source_id="56" start_line="1549" end_line="1549" start_column="21" end_column="46" covered="no" />
            <range source_id="56" start_line="1551" end_line="1551" start_column="21" end_column="54" covered="no" />
            <range source_id="56" start_line="1552" end_line="1552" start_column="17" end_column="18" covered="no" />
          </ranges>
        </function>
        <function id="203877" token="0x6000517" name="&lt;BuildTargetModel&gt;b__2_46(Microsoft.EntityFrameworkCore.Metadata.Builders.EntityTypeBuilder)" namespace="AzAgroPOS.Verilenler.Migrations" type_name="AddKonfiqurasiyaTable.&lt;&gt;c" block_coverage="0.00" line_coverage="0.00" blocks_covered="0" blocks_not_covered="2" lines_covered="0" lines_partially_covered="0" lines_not_covered="3">
          <ranges>
            <range source_id="56" start_line="1555" end_line="1555" start_column="17" end_column="18" covered="no" />
            <range source_id="56" start_line="1556" end_line="1556" start_column="21" end_column="47" covered="no" />
            <range source_id="56" start_line="1557" end_line="1557" start_column="17" end_column="18" covered="no" />
          </ranges>
        </function>
        <function id="203892" token="0x6000518" name="&lt;BuildTargetModel&gt;b__2_47(Microsoft.EntityFrameworkCore.Metadata.Builders.EntityTypeBuilder)" namespace="AzAgroPOS.Verilenler.Migrations" type_name="AddKonfiqurasiyaTable.&lt;&gt;c" block_coverage="0.00" line_coverage="0.00" blocks_covered="0" blocks_not_covered="2" lines_covered="0" lines_partially_covered="0" lines_not_covered="3">
          <ranges>
            <range source_id="56" start_line="1560" end_line="1560" start_column="17" end_column="18" covered="no" />
            <range source_id="56" start_line="1561" end_line="1561" start_column="21" end_column="46" covered="no" />
            <range source_id="56" start_line="1562" end_line="1562" start_column="17" end_column="18" covered="no" />
          </ranges>
        </function>
        <function id="203907" token="0x6000519" name="&lt;BuildTargetModel&gt;b__2_48(Microsoft.EntityFrameworkCore.Metadata.Builders.EntityTypeBuilder)" namespace="AzAgroPOS.Verilenler.Migrations" type_name="AddKonfiqurasiyaTable.&lt;&gt;c" block_coverage="0.00" line_coverage="0.00" blocks_covered="0" blocks_not_covered="2" lines_covered="0" lines_partially_covered="0" lines_not_covered="3">
          <ranges>
            <range source_id="56" start_line="1565" end_line="1565" start_column="17" end_column="18" covered="no" />
            <range source_id="56" start_line="1566" end_line="1566" start_column="21" end_column="55" covered="no" />
            <range source_id="56" start_line="1567" end_line="1567" start_column="17" end_column="18" covered="no" />
          </ranges>
        </function>
        <function id="203922" token="0x600051a" name="&lt;BuildTargetModel&gt;b__2_49(Microsoft.EntityFrameworkCore.Metadata.Builders.EntityTypeBuilder)" namespace="AzAgroPOS.Verilenler.Migrations" type_name="AddKonfiqurasiyaTable.&lt;&gt;c" block_coverage="0.00" line_coverage="0.00" blocks_covered="0" blocks_not_covered="2" lines_covered="0" lines_partially_covered="0" lines_not_covered="3">
          <ranges>
            <range source_id="56" start_line="1570" end_line="1570" start_column="17" end_column="18" covered="no" />
            <range source_id="56" start_line="1571" end_line="1571" start_column="21" end_column="51" covered="no" />
            <range source_id="56" start_line="1572" end_line="1572" start_column="17" end_column="18" covered="no" />
          </ranges>
        </function>
        <function id="203937" token="0x600051b" name="&lt;BuildTargetModel&gt;b__2_50(Microsoft.EntityFrameworkCore.Metadata.Builders.EntityTypeBuilder)" namespace="AzAgroPOS.Verilenler.Migrations" type_name="AddKonfiqurasiyaTable.&lt;&gt;c" block_coverage="0.00" line_coverage="0.00" blocks_covered="0" blocks_not_covered="3" lines_covered="0" lines_partially_covered="0" lines_not_covered="4">
          <ranges>
            <range source_id="56" start_line="1575" end_line="1575" start_column="17" end_column="18" covered="no" />
            <range source_id="56" start_line="1576" end_line="1576" start_column="21" end_column="49" covered="no" />
            <range source_id="56" start_line="1578" end_line="1578" start_column="21" end_column="52" covered="no" />
            <range source_id="56" start_line="1579" end_line="1579" start_column="17" end_column="18" covered="no" />
          </ranges>
        </function>
        <function id="203964" token="0x600051c" name="&lt;BuildTargetModel&gt;b__2_51(Microsoft.EntityFrameworkCore.Metadata.Builders.EntityTypeBuilder)" namespace="AzAgroPOS.Verilenler.Migrations" type_name="AddKonfiqurasiyaTable.&lt;&gt;c" block_coverage="0.00" line_coverage="0.00" blocks_covered="0" blocks_not_covered="4" lines_covered="0" lines_partially_covered="0" lines_not_covered="5">
          <ranges>
            <range source_id="56" start_line="1582" end_line="1582" start_column="17" end_column="18" covered="no" />
            <range source_id="56" start_line="1583" end_line="1583" start_column="21" end_column="51" covered="no" />
            <range source_id="56" start_line="1585" end_line="1585" start_column="21" end_column="53" covered="no" />
            <range source_id="56" start_line="1587" end_line="1587" start_column="21" end_column="46" covered="no" />
            <range source_id="56" start_line="1588" end_line="1588" start_column="17" end_column="18" covered="no" />
          </ranges>
        </function>
        <function id="204024" token="0x600051f" name="&lt;Up&gt;b__0_0(Microsoft.EntityFrameworkCore.Migrations.Operations.Builders.ColumnsBuilder)" namespace="AzAgroPOS.Verilenler.Migrations" type_name="AddPermissionsSystem.&lt;&gt;c" block_coverage="0.00" line_coverage="0.00" blocks_covered="0" blocks_not_covered="7" lines_covered="0" lines_partially_covered="0" lines_not_covered="8">
          <ranges>
            <range source_id="57" start_line="15" end_line="22" start_column="35" end_column="18" covered="no" />
          </ranges>
        </function>
        <function id="204356" token="0x6000520" name="&lt;Up&gt;b__0_1(Microsoft.EntityFrameworkCore.Migrations.Operations.Builders.CreateTableBuilder&lt;&lt;&gt;f__AnonymousType42&lt;Microsoft.EntityFrameworkCore.Migrations.Operations.Builders.OperationBuilder&lt;Microsoft.EntityFrameworkCore.Migrations.Operations.AddColumnOperation&gt;, Microsoft.EntityFrameworkCore.Migrations.Operations.Builders.OperationBuilder&lt;Microsoft.EntityFrameworkCore.Migrations.Operations.AddColumnOperation&gt;, Microsoft.EntityFrameworkCore.Migrations.Operations.Builders.OperationBuilder&lt;Microsoft.EntityFrameworkCore.Migrations.Operations.AddColumnOperation&gt;, Microsoft.EntityFrameworkCore.Migrations.Operations.Builders.OperationBuilder&lt;Microsoft.EntityFrameworkCore.Migrations.Operations.AddColumnOperation&gt;&gt;&gt;)" namespace="AzAgroPOS.Verilenler.Migrations" type_name="AddPermissionsSystem.&lt;&gt;c" block_coverage="0.00" line_coverage="0.00" blocks_covered="0" blocks_not_covered="7" lines_covered="0" lines_partially_covered="0" lines_not_covered="3">
          <ranges>
            <range source_id="57" start_line="24" end_line="24" start_column="17" end_column="18" covered="no" />
            <range source_id="57" start_line="25" end_line="25" start_column="21" end_column="64" covered="no" />
            <range source_id="57" start_line="26" end_line="26" start_column="17" end_column="18" covered="no" />
          </ranges>
        </function>
        <function id="204444" token="0x6000521" name="&lt;Up&gt;b__0_2(Microsoft.EntityFrameworkCore.Migrations.Operations.Builders.ColumnsBuilder)" namespace="AzAgroPOS.Verilenler.Migrations" type_name="AddPermissionsSystem.&lt;&gt;c" block_coverage="0.00" line_coverage="0.00" blocks_covered="0" blocks_not_covered="7" lines_covered="0" lines_partially_covered="0" lines_not_covered="8">
          <ranges>
            <range source_id="57" start_line="30" end_line="37" start_column="35" end_column="18" covered="no" />
          </ranges>
        </function>
        <function id="204776" token="0x6000522" name="&lt;Up&gt;b__0_3(Microsoft.EntityFrameworkCore.Migrations.Operations.Builders.CreateTableBuilder&lt;&lt;&gt;f__AnonymousType43&lt;Microsoft.EntityFrameworkCore.Migrations.Operations.Builders.OperationBuilder&lt;Microsoft.EntityFrameworkCore.Migrations.Operations.AddColumnOperation&gt;, Microsoft.EntityFrameworkCore.Migrations.Operations.Builders.OperationBuilder&lt;Microsoft.EntityFrameworkCore.Migrations.Operations.AddColumnOperation&gt;, Microsoft.EntityFrameworkCore.Migrations.Operations.Builders.OperationBuilder&lt;Microsoft.EntityFrameworkCore.Migrations.Operations.AddColumnOperation&gt;, Microsoft.EntityFrameworkCore.Migrations.Operations.Builders.OperationBuilder&lt;Microsoft.EntityFrameworkCore.Migrations.Operations.AddColumnOperation&gt;&gt;&gt;)" namespace="AzAgroPOS.Verilenler.Migrations" type_name="AddPermissionsSystem.&lt;&gt;c" block_coverage="0.00" line_coverage="0.00" blocks_covered="0" blocks_not_covered="19" lines_covered="0" lines_partially_covered="0" lines_not_covered="15">
          <ranges>
            <range source_id="57" start_line="39" end_line="39" start_column="17" end_column="18" covered="no" />
            <range source_id="57" start_line="40" end_line="40" start_column="21" end_column="68" covered="no" />
            <range source_id="57" start_line="41" end_line="46" start_column="21" end_column="62" covered="no" />
            <range source_id="57" start_line="47" end_line="52" start_column="21" end_column="62" covered="no" />
            <range source_id="57" start_line="53" end_line="53" start_column="17" end_column="18" covered="no" />
          </ranges>
        </function>
        <function id="205040" token="0x6000523" name="&lt;BuildTargetModel&gt;b__2_0(Microsoft.EntityFrameworkCore.Metadata.Builders.EntityTypeBuilder)" namespace="AzAgroPOS.Verilenler.Migrations" type_name="AddPermissionsSystem.&lt;&gt;c" block_coverage="0.00" line_coverage="0.00" blocks_covered="0" blocks_not_covered="28" lines_covered="0" lines_partially_covered="0" lines_not_covered="28">
          <ranges>
            <range source_id="58" start_line="29" end_line="29" start_column="17" end_column="18" covered="no" />
            <range source_id="58" start_line="30" end_line="32" start_column="21" end_column="47" covered="no" />
            <range source_id="58" start_line="34" end_line="34" start_column="21" end_column="97" covered="no" />
            <range source_id="58" start_line="36" end_line="37" start_column="21" end_column="57" covered="no" />
            <range source_id="58" start_line="39" end_line="41" start_column="21" end_column="57" covered="no" />
            <range source_id="58" start_line="43" end_line="46" start_column="21" end_column="49" covered="no" />
            <range source_id="58" start_line="48" end_line="49" start_column="21" end_column="47" covered="no" />
            <range source_id="58" start_line="51" end_line="52" start_column="21" end_column="47" covered="no" />
            <range source_id="58" start_line="54" end_line="55" start_column="21" end_column="53" covered="no" />
            <range source_id="58" start_line="57" end_line="58" start_column="21" end_column="58" covered="no" />
            <range source_id="58" start_line="60" end_line="61" start_column="21" end_column="53" covered="no" />
            <range source_id="58" start_line="63" end_line="63" start_column="21" end_column="36" covered="no" />
            <range source_id="58" start_line="65" end_line="65" start_column="21" end_column="47" covered="no" />
            <range source_id="58" start_line="67" end_line="67" start_column="21" end_column="48" covered="no" />
            <range source_id="58" start_line="68" end_line="68" start_column="17" end_column="18" covered="no" />
          </ranges>
        </function>
        <function id="205356" token="0x6000524" name="&lt;BuildTargetModel&gt;b__2_1(Microsoft.EntityFrameworkCore.Metadata.Builders.EntityTypeBuilder)" namespace="AzAgroPOS.Verilenler.Migrations" type_name="AddPermissionsSystem.&lt;&gt;c" block_coverage="0.00" line_coverage="0.00" blocks_covered="0" blocks_not_covered="27" lines_covered="0" lines_partially_covered="0" lines_not_covered="27">
          <ranges>
            <range source_id="58" start_line="71" end_line="71" start_column="17" end_column="18" covered="no" />
            <range source_id="58" start_line="72" end_line="74" start_column="21" end_column="47" covered="no" />
            <range source_id="58" start_line="76" end_line="76" start_column="21" end_column="97" covered="no" />
            <range source_id="58" start_line="78" end_line="79" start_column="21" end_column="47" covered="no" />
            <range source_id="58" start_line="81" end_line="82" start_column="21" end_column="47" covered="no" />
            <range source_id="58" start_line="84" end_line="85" start_column="21" end_column="58" covered="no" />
            <range source_id="58" start_line="87" end_line="88" start_column="21" end_column="58" covered="no" />
            <range source_id="58" start_line="90" end_line="91" start_column="21" end_column="47" covered="no" />
            <range source_id="58" start_line="93" end_line="94" start_column="21" end_column="57" covered="no" />
            <range source_id="58" start_line="96" end_line="99" start_column="21" end_column="49" covered="no" />
            <range source_id="58" start_line="101" end_line="101" start_column="21" end_column="36" covered="no" />
            <range source_id="58" start_line="103" end_line="103" start_column="21" end_column="47" covered="no" />
            <range source_id="58" start_line="105" end_line="105" start_column="21" end_column="55" covered="no" />
            <range source_id="58" start_line="107" end_line="107" start_column="21" end_column="44" covered="no" />
            <range source_id="58" start_line="109" end_line="109" start_column="21" end_column="53" covered="no" />
            <range source_id="58" start_line="110" end_line="110" start_column="17" end_column="18" covered="no" />
          </ranges>
        </function>
        <function id="205684" token="0x6000525" name="&lt;BuildTargetModel&gt;b__2_2(Microsoft.EntityFrameworkCore.Metadata.Builders.EntityTypeBuilder)" namespace="AzAgroPOS.Verilenler.Migrations" type_name="AddPermissionsSystem.&lt;&gt;c" block_coverage="0.00" line_coverage="0.00" blocks_covered="0" blocks_not_covered="32" lines_covered="0" lines_partially_covered="0" lines_not_covered="32">
          <ranges>
            <range source_id="58" start_line="113" end_line="113" start_column="17" end_column="18" covered="no" />
            <range source_id="58" start_line="114" end_line="116" start_column="21" end_column="47" covered="no" />
            <range source_id="58" start_line="118" end_line="118" start_column="21" end_column="97" covered="no" />
            <range source_id="58" start_line="120" end_line="121" start_column="21" end_column="53" covered="no" />
            <range source_id="58" start_line="123" end_line="124" start_column="21" end_column="53" covered="no" />
            <range source_id="58" start_line="126" end_line="127" start_column="21" end_column="57" covered="no" />
            <range source_id="58" start_line="129" end_line="131" start_column="21" end_column="57" covered="no" />
            <range source_id="58" start_line="133" end_line="136" start_column="21" end_column="49" covered="no" />
            <range source_id="58" start_line="138" end_line="139" start_column="21" end_column="47" covered="no" />
            <range source_id="58" start_line="141" end_line="142" start_column="21" end_column="47" covered="no" />
            <range source_id="58" start_line="144" end_line="145" start_column="21" end_column="53" covered="no" />
            <range source_id="58" start_line="147" end_line="148" start_column="21" end_column="58" covered="no" />
            <range source_id="58" start_line="150" end_line="151" start_column="21" end_column="53" covered="no" />
            <range source_id="58" start_line="153" end_line="153" start_column="21" end_column="36" covered="no" />
            <range source_id="58" start_line="155" end_line="155" start_column="21" end_column="47" covered="no" />
            <range source_id="58" start_line="157" end_line="157" start_column="21" end_column="50" covered="no" />
            <range source_id="58" start_line="158" end_line="158" start_column="17" end_column="18" covered="no" />
          </ranges>
        </function>
        <function id="206044" token="0x6000526" name="&lt;BuildTargetModel&gt;b__2_3(Microsoft.EntityFrameworkCore.Metadata.Builders.EntityTypeBuilder)" namespace="AzAgroPOS.Verilenler.Migrations" type_name="AddPermissionsSystem.&lt;&gt;c" block_coverage="0.00" line_coverage="0.00" blocks_covered="0" blocks_not_covered="26" lines_covered="0" lines_partially_covered="0" lines_not_covered="26">
          <ranges>
            <range source_id="58" start_line="161" end_line="161" start_column="17" end_column="18" covered="no" />
            <range source_id="58" start_line="162" end_line="164" start_column="21" end_column="47" covered="no" />
            <range source_id="58" start_line="166" end_line="166" start_column="21" end_column="97" covered="no" />
            <range source_id="58" start_line="168" end_line="169" start_column="21" end_column="47" covered="no" />
            <range source_id="58" start_line="171" end_line="172" start_column="21" end_column="58" covered="no" />
            <range source_id="58" start_line="174" end_line="175" start_column="21" end_column="58" covered="no" />
            <range source_id="58" start_line="177" end_line="178" start_column="21" end_column="47" covered="no" />
            <range source_id="58" start_line="180" end_line="181" start_column="21" end_column="57" covered="no" />
            <range source_id="58" start_line="183" end_line="186" start_column="21" end_column="49" covered="no" />
            <range source_id="58" start_line="188" end_line="189" start_column="21" end_column="57" covered="no" />
            <range source_id="58" start_line="191" end_line="191" start_column="21" end_column="36" covered="no" />
            <range source_id="58" start_line="193" end_line="193" start_column="21" end_column="49" covered="no" />
            <range source_id="58" start_line="195" end_line="195" start_column="21" end_column="44" covered="no" />
            <range source_id="58" start_line="197" end_line="197" start_column="21" end_column="55" covered="no" />
            <range source_id="58" start_line="198" end_line="198" start_column="17" end_column="18" covered="no" />
          </ranges>
        </function>
        <function id="206352" token="0x6000527" name="&lt;BuildTargetModel&gt;b__2_4(Microsoft.EntityFrameworkCore.Metadata.Builders.EntityTypeBuilder)" namespace="AzAgroPOS.Verilenler.Migrations" type_name="AddPermissionsSystem.&lt;&gt;c" block_coverage="0.00" line_coverage="0.00" blocks_covered="0" blocks_not_covered="29" lines_covered="0" lines_partially_covered="0" lines_not_covered="56">
          <ranges>
            <range source_id="58" start_line="201" end_line="201" start_column="17" end_column="18" covered="no" />
            <range source_id="58" start_line="202" end_line="204" start_column="21" end_column="47" covered="no" />
            <range source_id="58" start_line="206" end_line="206" start_column="21" end_column="97" covered="no" />
            <range source_id="58" start_line="208" end_line="210" start_column="21" end_column="57" covered="no" />
            <range source_id="58" start_line="212" end_line="213" start_column="21" end_column="47" covered="no" />
            <range source_id="58" start_line="215" end_line="216" start_column="21" end_column="57" covered="no" />
            <range source_id="58" start_line="218" end_line="219" start_column="21" end_column="57" covered="no" />
            <range source_id="58" start_line="221" end_line="224" start_column="21" end_column="49" covered="no" />
            <range source_id="58" start_line="226" end_line="227" start_column="21" end_column="57" covered="no" />
            <range source_id="58" start_line="229" end_line="230" start_column="21" end_column="57" covered="no" />
            <range source_id="58" start_line="232" end_line="232" start_column="21" end_column="36" covered="no" />
            <range source_id="58" start_line="234" end_line="234" start_column="21" end_column="43" covered="no" />
            <range source_id="58" start_line="236" end_line="266" start_column="21" end_column="28" covered="no" />
            <range source_id="58" start_line="267" end_line="267" start_column="17" end_column="18" covered="no" />
          </ranges>
        </function>
        <function id="206728" token="0x6000528" name="&lt;BuildTargetModel&gt;b__2_5(Microsoft.EntityFrameworkCore.Metadata.Builders.EntityTypeBuilder)" namespace="AzAgroPOS.Verilenler.Migrations" type_name="AddPermissionsSystem.&lt;&gt;c" block_coverage="0.00" line_coverage="0.00" blocks_covered="0" blocks_not_covered="26" lines_covered="0" lines_partially_covered="0" lines_not_covered="26">
          <ranges>
            <range source_id="58" start_line="270" end_line="270" start_column="17" end_column="18" covered="no" />
            <range source_id="58" start_line="271" end_line="273" start_column="21" end_column="47" covered="no" />
            <range source_id="58" start_line="275" end_line="275" start_column="21" end_column="97" covered="no" />
            <range source_id="58" start_line="277" end_line="279" start_column="21" end_column="57" covered="no" />
            <range source_id="58" start_line="281" end_line="283" start_column="21" end_column="57" covered="no" />
            <range source_id="58" start_line="285" end_line="286" start_column="21" end_column="47" covered="no" />
            <range source_id="58" start_line="288" end_line="289" start_column="21" end_column="53" covered="no" />
            <range source_id="58" start_line="291" end_line="292" start_column="21" end_column="47" covered="no" />
            <range source_id="58" start_line="294" end_line="295" start_column="21" end_column="47" covered="no" />
            <range source_id="58" start_line="297" end_line="300" start_column="21" end_column="49" covered="no" />
            <range source_id="58" start_line="302" end_line="302" start_column="21" end_column="36" covered="no" />
            <range source_id="58" start_line="304" end_line="304" start_column="21" end_column="54" covered="no" />
            <range source_id="58" start_line="305" end_line="305" start_column="17" end_column="18" covered="no" />
          </ranges>
        </function>
        <function id="207004" token="0x6000529" name="&lt;BuildTargetModel&gt;b__2_6(Microsoft.EntityFrameworkCore.Metadata.Builders.EntityTypeBuilder)" namespace="AzAgroPOS.Verilenler.Migrations" type_name="AddPermissionsSystem.&lt;&gt;c" block_coverage="0.00" line_coverage="0.00" blocks_covered="0" blocks_not_covered="18" lines_covered="0" lines_partially_covered="0" lines_not_covered="18">
          <ranges>
            <range source_id="58" start_line="308" end_line="308" start_column="17" end_column="18" covered="no" />
            <range source_id="58" start_line="309" end_line="311" start_column="21" end_column="47" covered="no" />
            <range source_id="58" start_line="313" end_line="313" start_column="21" end_column="97" covered="no" />
            <range source_id="58" start_line="315" end_line="317" start_column="21" end_column="57" covered="no" />
            <range source_id="58" start_line="319" end_line="322" start_column="21" end_column="49" covered="no" />
            <range source_id="58" start_line="324" end_line="326" start_column="21" end_column="57" covered="no" />
            <range source_id="58" start_line="328" end_line="328" start_column="21" end_column="36" covered="no" />
            <range source_id="58" start_line="330" end_line="330" start_column="21" end_column="43" covered="no" />
            <range source_id="58" start_line="331" end_line="331" start_column="17" end_column="18" covered="no" />
          </ranges>
        </function>
        <function id="207192" token="0x600052a" name="&lt;BuildTargetModel&gt;b__2_7(Microsoft.EntityFrameworkCore.Metadata.Builders.EntityTypeBuilder)" namespace="AzAgroPOS.Verilenler.Migrations" type_name="AddPermissionsSystem.&lt;&gt;c" block_coverage="0.00" line_coverage="0.00" blocks_covered="0" blocks_not_covered="59" lines_covered="0" lines_partially_covered="0" lines_not_covered="87">
          <ranges>
            <range source_id="58" start_line="334" end_line="334" start_column="17" end_column="18" covered="no" />
            <range source_id="58" start_line="335" end_line="337" start_column="21" end_column="47" covered="no" />
            <range source_id="58" start_line="339" end_line="339" start_column="21" end_column="97" covered="no" />
            <range source_id="58" start_line="341" end_line="343" start_column="21" end_column="57" covered="no" />
            <range source_id="58" start_line="345" end_line="347" start_column="21" end_column="57" covered="no" />
            <range source_id="58" start_line="349" end_line="350" start_column="21" end_column="53" covered="no" />
            <range source_id="58" start_line="352" end_line="354" start_column="21" end_column="57" covered="no" />
            <range source_id="58" start_line="356" end_line="357" start_column="21" end_column="53" covered="no" />
            <range source_id="58" start_line="359" end_line="360" start_column="21" end_column="58" covered="no" />
            <range source_id="58" start_line="362" end_line="364" start_column="21" end_column="57" covered="no" />
            <range source_id="58" start_line="366" end_line="369" start_column="21" end_column="49" covered="no" />
            <range source_id="58" start_line="371" end_line="372" start_column="21" end_column="47" covered="no" />
            <range source_id="58" start_line="374" end_line="375" start_column="21" end_column="47" covered="no" />
            <range source_id="58" start_line="377" end_line="379" start_column="21" end_column="57" covered="no" />
            <range source_id="58" start_line="381" end_line="383" start_column="21" end_column="57" covered="no" />
            <range source_id="58" start_line="385" end_line="387" start_column="21" end_column="57" covered="no" />
            <range source_id="58" start_line="389" end_line="391" start_column="21" end_column="57" covered="no" />
            <range source_id="58" start_line="393" end_line="395" start_column="21" end_column="57" covered="no" />
            <range source_id="58" start_line="397" end_line="397" start_column="21" end_column="36" covered="no" />
            <range source_id="58" start_line="399" end_line="399" start_column="21" end_column="56" covered="no" />
            <range source_id="58" start_line="401" end_line="401" start_column="21" end_column="42" covered="no" />
            <range source_id="58" start_line="403" end_line="439" start_column="21" end_column="28" covered="no" />
            <range source_id="58" start_line="440" end_line="440" start_column="17" end_column="18" covered="no" />
          </ranges>
        </function>
        <function id="207932" token="0x600052b" name="&lt;BuildTargetModel&gt;b__2_8(Microsoft.EntityFrameworkCore.Metadata.Builders.EntityTypeBuilder)" namespace="AzAgroPOS.Verilenler.Migrations" type_name="AddPermissionsSystem.&lt;&gt;c" block_coverage="0.00" line_coverage="0.00" blocks_covered="0" blocks_not_covered="36" lines_covered="0" lines_partially_covered="0" lines_not_covered="36">
          <ranges>
            <range source_id="58" start_line="443" end_line="443" start_column="17" end_column="18" covered="no" />
            <range source_id="58" start_line="444" end_line="446" start_column="21" end_column="47" covered="no" />
            <range source_id="58" start_line="448" end_line="448" start_column="21" end_column="97" covered="no" />
            <range source_id="58" start_line="450" end_line="451" start_column="21" end_column="53" covered="no" />
            <range source_id="58" start_line="453" end_line="454" start_column="21" end_column="53" covered="no" />
            <range source_id="58" start_line="456" end_line="457" start_column="21" end_column="47" covered="no" />
            <range source_id="58" start_line="459" end_line="460" start_column="21" end_column="47" covered="no" />
            <range source_id="58" start_line="462" end_line="463" start_column="21" end_column="47" covered="no" />
            <range source_id="58" start_line="465" end_line="467" start_column="21" end_column="57" covered="no" />
            <range source_id="58" start_line="469" end_line="471" start_column="21" end_column="57" covered="no" />
            <range source_id="58" start_line="473" end_line="476" start_column="21" end_column="49" covered="no" />
            <range source_id="58" start_line="478" end_line="479" start_column="21" end_column="47" covered="no" />
            <range source_id="58" start_line="481" end_line="482" start_column="21" end_column="47" covered="no" />
            <range source_id="58" start_line="484" end_line="485" start_column="21" end_column="53" covered="no" />
            <range source_id="58" start_line="487" end_line="487" start_column="21" end_column="36" covered="no" />
            <range source_id="58" start_line="489" end_line="489" start_column="21" end_column="42" covered="no" />
            <range source_id="58" start_line="491" end_line="491" start_column="21" end_column="52" covered="no" />
            <range source_id="58" start_line="493" end_line="493" start_column="21" end_column="46" covered="no" />
            <range source_id="58" start_line="494" end_line="494" start_column="17" end_column="18" covered="no" />
          </ranges>
        </function>
        <function id="208340" token="0x600052c" name="&lt;BuildTargetModel&gt;b__2_9(Microsoft.EntityFrameworkCore.Metadata.Builders.EntityTypeBuilder)" namespace="AzAgroPOS.Verilenler.Migrations" type_name="AddPermissionsSystem.&lt;&gt;c" block_coverage="0.00" line_coverage="0.00" blocks_covered="0" blocks_not_covered="31" lines_covered="0" lines_partially_covered="0" lines_not_covered="31">
          <ranges>
            <range source_id="58" start_line="497" end_line="497" start_column="17" end_column="18" covered="no" />
            <range source_id="58" start_line="498" end_line="500" start_column="21" end_column="47" covered="no" />
            <range source_id="58" start_line="502" end_line="502" start_column="21" end_column="97" covered="no" />
            <range source_id="58" start_line="504" end_line="506" start_column="21" end_column="57" covered="no" />
            <range source_id="58" start_line="508" end_line="509" start_column="21" end_column="47" covered="no" />
            <range source_id="58" start_line="511" end_line="513" start_column="21" end_column="57" covered="no" />
            <range source_id="58" start_line="515" end_line="517" start_column="21" end_column="57" covered="no" />
            <range source_id="58" start_line="519" end_line="520" start_column="21" end_column="47" covered="no" />
            <range source_id="58" start_line="522" end_line="525" start_column="21" end_column="49" covered="no" />
            <range source_id="58" start_line="527" end_line="528" start_column="21" end_column="53" covered="no" />
            <range source_id="58" start_line="530" end_line="532" start_column="21" end_column="57" covered="no" />
            <range source_id="58" start_line="534" end_line="534" start_column="21" end_column="36" covered="no" />
            <range source_id="58" start_line="536" end_line="536" start_column="21" end_column="42" covered="no" />
            <range source_id="58" start_line="538" end_line="538" start_column="21" end_column="53" covered="no" />
            <range source_id="58" start_line="539" end_line="539" start_column="17" end_column="18" covered="no" />
          </ranges>
        </function>
        <function id="208672" token="0x600052d" name="&lt;BuildTargetModel&gt;b__2_10(Microsoft.EntityFrameworkCore.Metadata.Builders.EntityTypeBuilder)" namespace="AzAgroPOS.Verilenler.Migrations" type_name="AddPermissionsSystem.&lt;&gt;c" block_coverage="0.00" line_coverage="0.00" blocks_covered="0" blocks_not_covered="26" lines_covered="0" lines_partially_covered="0" lines_not_covered="34">
          <ranges>
            <range source_id="58" start_line="542" end_line="542" start_column="17" end_column="18" covered="no" />
            <range source_id="58" start_line="543" end_line="545" start_column="21" end_column="47" covered="no" />
            <range source_id="58" start_line="547" end_line="547" start_column="21" end_column="97" covered="no" />
            <range source_id="58" start_line="549" end_line="551" start_column="21" end_column="57" covered="no" />
            <range source_id="58" start_line="553" end_line="555" start_column="21" end_column="57" covered="no" />
            <range source_id="58" start_line="557" end_line="558" start_column="21" end_column="47" covered="no" />
            <range source_id="58" start_line="560" end_line="563" start_column="21" end_column="49" covered="no" />
            <range source_id="58" start_line="565" end_line="567" start_column="21" end_column="57" covered="no" />
            <range source_id="58" start_line="569" end_line="569" start_column="21" end_column="36" covered="no" />
            <range source_id="58" start_line="571" end_line="571" start_column="21" end_column="41" covered="no" />
            <range source_id="58" start_line="573" end_line="573" start_column="21" end_column="48" covered="no" />
            <range source_id="58" start_line="575" end_line="584" start_column="21" end_column="28" covered="no" />
            <range source_id="58" start_line="585" end_line="585" start_column="17" end_column="18" covered="no" />
          </ranges>
        </function>
        <function id="208972" token="0x600052e" name="&lt;BuildTargetModel&gt;b__2_11(Microsoft.EntityFrameworkCore.Metadata.Builders.EntityTypeBuilder)" namespace="AzAgroPOS.Verilenler.Migrations" type_name="AddPermissionsSystem.&lt;&gt;c" block_coverage="0.00" line_coverage="0.00" blocks_covered="0" blocks_not_covered="23" lines_covered="0" lines_partially_covered="0" lines_not_covered="44">
          <ranges>
            <range source_id="58" start_line="588" end_line="588" start_column="17" end_column="18" covered="no" />
            <range source_id="58" start_line="589" end_line="591" start_column="21" end_column="47" covered="no" />
            <range source_id="58" start_line="593" end_line="593" start_column="21" end_column="97" covered="no" />
            <range source_id="58" start_line="595" end_line="597" start_column="21" end_column="57" covered="no" />
            <range source_id="58" start_line="599" end_line="600" start_column="21" end_column="47" covered="no" />
            <range source_id="58" start_line="602" end_line="605" start_column="21" end_column="49" covered="no" />
            <range source_id="58" start_line="607" end_line="608" start_column="21" end_column="57" covered="no" />
            <range source_id="58" start_line="610" end_line="610" start_column="21" end_column="36" covered="no" />
            <range source_id="58" start_line="612" end_line="612" start_column="21" end_column="48" covered="no" />
            <range source_id="58" start_line="614" end_line="638" start_column="21" end_column="28" covered="no" />
            <range source_id="58" start_line="639" end_line="639" start_column="17" end_column="18" covered="no" />
          </ranges>
        </function>
        <function id="209252" token="0x600052f" name="&lt;BuildTargetModel&gt;b__2_12(Microsoft.EntityFrameworkCore.Metadata.Builders.EntityTypeBuilder)" namespace="AzAgroPOS.Verilenler.Migrations" type_name="AddPermissionsSystem.&lt;&gt;c" block_coverage="0.00" line_coverage="0.00" blocks_covered="0" blocks_not_covered="24" lines_covered="0" lines_partially_covered="0" lines_not_covered="24">
          <ranges>
            <range source_id="58" start_line="642" end_line="642" start_column="17" end_column="18" covered="no" />
            <range source_id="58" start_line="643" end_line="645" start_column="21" end_column="47" covered="no" />
            <range source_id="58" start_line="647" end_line="647" start_column="21" end_column="97" covered="no" />
            <range source_id="58" start_line="649" end_line="651" start_column="21" end_column="57" covered="no" />
            <range source_id="58" start_line="653" end_line="655" start_column="21" end_column="57" covered="no" />
            <range source_id="58" start_line="657" end_line="659" start_column="21" end_column="57" covered="no" />
            <range source_id="58" start_line="661" end_line="664" start_column="21" end_column="49" covered="no" />
            <range source_id="58" start_line="666" end_line="668" start_column="21" end_column="57" covered="no" />
            <range source_id="58" start_line="670" end_line="670" start_column="21" end_column="36" covered="no" />
            <range source_id="58" start_line="672" end_line="672" start_column="21" end_column="51" covered="no" />
            <range source_id="58" start_line="673" end_line="673" start_column="17" end_column="18" covered="no" />
          </ranges>
        </function>
        <function id="209496" token="0x6000530" name="&lt;BuildTargetModel&gt;b__2_13(Microsoft.EntityFrameworkCore.Metadata.Builders.EntityTypeBuilder)" namespace="AzAgroPOS.Verilenler.Migrations" type_name="AddPermissionsSystem.&lt;&gt;c" block_coverage="0.00" line_coverage="0.00" blocks_covered="0" blocks_not_covered="56" lines_covered="0" lines_partially_covered="0" lines_not_covered="95">
          <ranges>
            <range source_id="58" start_line="676" end_line="676" start_column="17" end_column="18" covered="no" />
            <range source_id="58" start_line="677" end_line="679" start_column="21" end_column="47" covered="no" />
            <range source_id="58" start_line="681" end_line="681" start_column="21" end_column="97" covered="no" />
            <range source_id="58" start_line="683" end_line="685" start_column="21" end_column="57" covered="no" />
            <range source_id="58" start_line="687" end_line="688" start_column="21" end_column="47" covered="no" />
            <range source_id="58" start_line="690" end_line="691" start_column="21" end_column="58" covered="no" />
            <range source_id="58" start_line="693" end_line="694" start_column="21" end_column="57" covered="no" />
            <range source_id="58" start_line="696" end_line="697" start_column="21" end_column="47" covered="no" />
            <range source_id="58" start_line="699" end_line="700" start_column="21" end_column="47" covered="no" />
            <range source_id="58" start_line="702" end_line="703" start_column="21" end_column="47" covered="no" />
            <range source_id="58" start_line="705" end_line="706" start_column="21" end_column="47" covered="no" />
            <range source_id="58" start_line="708" end_line="709" start_column="21" end_column="47" covered="no" />
            <range source_id="58" start_line="711" end_line="712" start_column="21" end_column="58" covered="no" />
            <range source_id="58" start_line="714" end_line="715" start_column="21" end_column="57" covered="no" />
            <range source_id="58" start_line="717" end_line="720" start_column="21" end_column="49" covered="no" />
            <range source_id="58" start_line="722" end_line="723" start_column="21" end_column="57" covered="no" />
            <range source_id="58" start_line="725" end_line="726" start_column="21" end_column="47" covered="no" />
            <range source_id="58" start_line="728" end_line="729" start_column="21" end_column="58" covered="no" />
            <range source_id="58" start_line="731" end_line="732" start_column="21" end_column="58" covered="no" />
            <range source_id="58" start_line="734" end_line="734" start_column="21" end_column="36" covered="no" />
            <range source_id="58" start_line="736" end_line="736" start_column="21" end_column="43" covered="no" />
            <range source_id="58" start_line="738" end_line="738" start_column="21" end_column="48" covered="no" />
            <range source_id="58" start_line="740" end_line="740" start_column="21" end_column="47" covered="no" />
            <range source_id="58" start_line="742" end_line="742" start_column="21" end_column="44" covered="no" />
            <range source_id="58" start_line="744" end_line="792" start_column="21" end_column="28" covered="no" />
            <range source_id="58" start_line="793" end_line="793" start_column="17" end_column="18" covered="no" />
          </ranges>
        </function>
        <function id="210244" token="0x6000531" name="&lt;BuildTargetModel&gt;b__2_14(Microsoft.EntityFrameworkCore.Metadata.Builders.EntityTypeBuilder)" namespace="AzAgroPOS.Verilenler.Migrations" type_name="AddPermissionsSystem.&lt;&gt;c" block_coverage="0.00" line_coverage="0.00" blocks_covered="0" blocks_not_covered="24" lines_covered="0" lines_partially_covered="0" lines_not_covered="24">
          <ranges>
            <range source_id="58" start_line="796" end_line="796" start_column="17" end_column="18" covered="no" />
            <range source_id="58" start_line="797" end_line="799" start_column="21" end_column="47" covered="no" />
            <range source_id="58" start_line="801" end_line="801" start_column="21" end_column="97" covered="no" />
            <range source_id="58" start_line="803" end_line="804" start_column="21" end_column="57" covered="no" />
            <range source_id="58" start_line="806" end_line="809" start_column="21" end_column="49" covered="no" />
            <range source_id="58" start_line="811" end_line="813" start_column="21" end_column="57" covered="no" />
            <range source_id="58" start_line="815" end_line="817" start_column="21" end_column="57" covered="no" />
            <range source_id="58" start_line="819" end_line="820" start_column="21" end_column="58" covered="no" />
            <range source_id="58" start_line="822" end_line="823" start_column="21" end_column="57" covered="no" />
            <range source_id="58" start_line="825" end_line="825" start_column="21" end_column="36" covered="no" />
            <range source_id="58" start_line="827" end_line="827" start_column="21" end_column="45" covered="no" />
            <range source_id="58" start_line="828" end_line="828" start_column="17" end_column="18" covered="no" />
          </ranges>
        </function>
        <function id="210500" token="0x6000532" name="&lt;BuildTargetModel&gt;b__2_15(Microsoft.EntityFrameworkCore.Metadata.Builders.EntityTypeBuilder)" namespace="AzAgroPOS.Verilenler.Migrations" type_name="AddPermissionsSystem.&lt;&gt;c" block_coverage="0.00" line_coverage="0.00" blocks_covered="0" blocks_not_covered="26" lines_covered="0" lines_partially_covered="0" lines_not_covered="26">
          <ranges>
            <range source_id="58" start_line="831" end_line="831" start_column="17" end_column="18" covered="no" />
            <range source_id="58" start_line="832" end_line="834" start_column="21" end_column="47" covered="no" />
            <range source_id="58" start_line="836" end_line="836" start_column="21" end_column="97" covered="no" />
            <range source_id="58" start_line="838" end_line="839" start_column="21" end_column="47" covered="no" />
            <range source_id="58" start_line="841" end_line="842" start_column="21" end_column="58" covered="no" />
            <range source_id="58" start_line="844" end_line="845" start_column="21" end_column="47" covered="no" />
            <range source_id="58" start_line="847" end_line="848" start_column="21" end_column="57" covered="no" />
            <range source_id="58" start_line="850" end_line="851" start_column="21" end_column="47" covered="no" />
            <range source_id="58" start_line="853" end_line="856" start_column="21" end_column="49" covered="no" />
            <range source_id="58" start_line="858" end_line="859" start_column="21" end_column="53" covered="no" />
            <range source_id="58" start_line="861" end_line="861" start_column="21" end_column="36" covered="no" />
            <range source_id="58" start_line="863" end_line="863" start_column="21" end_column="45" covered="no" />
            <range source_id="58" start_line="865" end_line="865" start_column="21" end_column="43" covered="no" />
            <range source_id="58" start_line="867" end_line="867" start_column="21" end_column="51" covered="no" />
            <range source_id="58" start_line="868" end_line="868" start_column="17" end_column="18" covered="no" />
          </ranges>
        </function>
        <function id="210808" token="0x6000533" name="&lt;BuildTargetModel&gt;b__2_16(Microsoft.EntityFrameworkCore.Metadata.Builders.EntityTypeBuilder)" namespace="AzAgroPOS.Verilenler.Migrations" type_name="AddPermissionsSystem.&lt;&gt;c" block_coverage="0.00" line_coverage="0.00" blocks_covered="0" blocks_not_covered="27" lines_covered="0" lines_partially_covered="0" lines_not_covered="27">
          <ranges>
            <range source_id="58" start_line="871" end_line="871" start_column="17" end_column="18" covered="no" />
            <range source_id="58" start_line="872" end_line="874" start_column="21" end_column="47" covered="no" />
            <range source_id="58" start_line="876" end_line="876" start_column="21" end_column="97" covered="no" />
            <range source_id="58" start_line="878" end_line="879" start_column="21" end_column="53" covered="no" />
            <range source_id="58" start_line="881" end_line="882" start_column="21" end_column="53" covered="no" />
            <range source_id="58" start_line="884" end_line="885" start_column="21" end_column="58" covered="no" />
            <range source_id="58" start_line="887" end_line="888" start_column="21" end_column="58" covered="no" />
            <range source_id="58" start_line="890" end_line="891" start_column="21" end_column="58" covered="no" />
            <range source_id="58" start_line="893" end_line="894" start_column="21" end_column="47" covered="no" />
            <range source_id="58" start_line="896" end_line="899" start_column="21" end_column="49" covered="no" />
            <range source_id="58" start_line="901" end_line="902" start_column="21" end_column="47" covered="no" />
            <range source_id="58" start_line="904" end_line="904" start_column="21" end_column="36" covered="no" />
            <range source_id="58" start_line="906" end_line="906" start_column="21" end_column="42" covered="no" />
            <range source_id="58" start_line="908" end_line="908" start_column="21" end_column="43" covered="no" />
            <range source_id="58" start_line="909" end_line="909" start_column="17" end_column="18" covered="no" />
          </ranges>
        </function>
        <function id="211116" token="0x6000534" name="&lt;BuildTargetModel&gt;b__2_17(Microsoft.EntityFrameworkCore.Metadata.Builders.EntityTypeBuilder)" namespace="AzAgroPOS.Verilenler.Migrations" type_name="AddPermissionsSystem.&lt;&gt;c" block_coverage="0.00" line_coverage="0.00" blocks_covered="0" blocks_not_covered="25" lines_covered="0" lines_partially_covered="0" lines_not_covered="25">
          <ranges>
            <range source_id="58" start_line="912" end_line="912" start_column="17" end_column="18" covered="no" />
            <range source_id="58" start_line="913" end_line="915" start_column="21" end_column="47" covered="no" />
            <range source_id="58" start_line="917" end_line="917" start_column="21" end_column="97" covered="no" />
            <range source_id="58" start_line="919" end_line="920" start_column="21" end_column="47" covered="no" />
            <range source_id="58" start_line="922" end_line="923" start_column="21" end_column="47" covered="no" />
            <range source_id="58" start_line="925" end_line="927" start_column="21" end_column="57" covered="no" />
            <range source_id="58" start_line="929" end_line="932" start_column="21" end_column="49" covered="no" />
            <range source_id="58" start_line="934" end_line="935" start_column="21" end_column="53" covered="no" />
            <range source_id="58" start_line="937" end_line="938" start_column="21" end_column="57" covered="no" />
            <range source_id="58" start_line="940" end_line="940" start_column="21" end_column="36" covered="no" />
            <range source_id="58" start_line="942" end_line="942" start_column="21" end_column="44" covered="no" />
            <range source_id="58" start_line="944" end_line="944" start_column="21" end_column="43" covered="no" />
            <range source_id="58" start_line="946" end_line="946" start_column="21" end_column="46" covered="no" />
            <range source_id="58" start_line="947" end_line="947" start_column="17" end_column="18" covered="no" />
          </ranges>
        </function>
        <function id="211408" token="0x6000535" name="&lt;BuildTargetModel&gt;b__2_18(Microsoft.EntityFrameworkCore.Metadata.Builders.EntityTypeBuilder)" namespace="AzAgroPOS.Verilenler.Migrations" type_name="AddPermissionsSystem.&lt;&gt;c" block_coverage="0.00" line_coverage="0.00" blocks_covered="0" blocks_not_covered="24" lines_covered="0" lines_partially_covered="0" lines_not_covered="24">
          <ranges>
            <range source_id="58" start_line="950" end_line="950" start_column="17" end_column="18" covered="no" />
            <range source_id="58" start_line="951" end_line="953" start_column="21" end_column="47" covered="no" />
            <range source_id="58" start_line="955" end_line="955" start_column="21" end_column="97" covered="no" />
            <range source_id="58" start_line="957" end_line="958" start_column="21" end_column="47" covered="no" />
            <range source_id="58" start_line="960" end_line="961" start_column="21" end_column="57" covered="no" />
            <range source_id="58" start_line="963" end_line="964" start_column="21" end_column="47" covered="no" />
            <range source_id="58" start_line="966" end_line="967" start_column="21" end_column="57" covered="no" />
            <range source_id="58" start_line="969" end_line="972" start_column="21" end_column="49" covered="no" />
            <range source_id="58" start_line="974" end_line="975" start_column="21" end_column="57" covered="no" />
            <range source_id="58" start_line="977" end_line="977" start_column="21" end_column="36" covered="no" />
            <range source_id="58" start_line="979" end_line="979" start_column="21" end_column="44" covered="no" />
            <range source_id="58" start_line="981" end_line="981" start_column="21" end_column="46" covered="no" />
            <range source_id="58" start_line="983" end_line="983" start_column="21" end_column="52" covered="no" />
            <range source_id="58" start_line="984" end_line="984" start_column="17" end_column="18" covered="no" />
          </ranges>
        </function>
        <function id="211692" token="0x6000536" name="&lt;BuildTargetModel&gt;b__2_19(Microsoft.EntityFrameworkCore.Metadata.Builders.EntityTypeBuilder)" namespace="AzAgroPOS.Verilenler.Migrations" type_name="AddPermissionsSystem.&lt;&gt;c" block_coverage="0.00" line_coverage="0.00" blocks_covered="0" blocks_not_covered="18" lines_covered="0" lines_partially_covered="0" lines_not_covered="28">
          <ranges>
            <range source_id="58" start_line="987" end_line="987" start_column="17" end_column="18" covered="no" />
            <range source_id="58" start_line="988" end_line="990" start_column="21" end_column="47" covered="no" />
            <range source_id="58" start_line="992" end_line="992" start_column="21" end_column="97" covered="no" />
            <range source_id="58" start_line="994" end_line="996" start_column="21" end_column="57" covered="no" />
            <range source_id="58" start_line="998" end_line="1001" start_column="21" end_column="49" covered="no" />
            <range source_id="58" start_line="1003" end_line="1003" start_column="21" end_column="36" covered="no" />
            <range source_id="58" start_line="1005" end_line="1005" start_column="21" end_column="41" covered="no" />
            <range source_id="58" start_line="1007" end_line="1019" start_column="21" end_column="28" covered="no" />
            <range source_id="58" start_line="1020" end_line="1020" start_column="17" end_column="18" covered="no" />
          </ranges>
        </function>
        <function id="211896" token="0x6000537" name="&lt;BuildTargetModel&gt;b__2_20(Microsoft.EntityFrameworkCore.Metadata.Builders.EntityTypeBuilder)" namespace="AzAgroPOS.Verilenler.Migrations" type_name="AddPermissionsSystem.&lt;&gt;c" block_coverage="0.00" line_coverage="0.00" blocks_covered="0" blocks_not_covered="18" lines_covered="0" lines_partially_covered="0" lines_not_covered="18">
          <ranges>
            <range source_id="58" start_line="1023" end_line="1023" start_column="17" end_column="18" covered="no" />
            <range source_id="58" start_line="1024" end_line="1026" start_column="21" end_column="47" covered="no" />
            <range source_id="58" start_line="1028" end_line="1028" start_column="21" end_column="97" covered="no" />
            <range source_id="58" start_line="1030" end_line="1031" start_column="21" end_column="47" covered="no" />
            <range source_id="58" start_line="1033" end_line="1034" start_column="21" end_column="47" covered="no" />
            <range source_id="58" start_line="1036" end_line="1039" start_column="21" end_column="49" covered="no" />
            <range source_id="58" start_line="1041" end_line="1041" start_column="21" end_column="36" covered="no" />
            <range source_id="58" start_line="1043" end_line="1043" start_column="21" end_column="43" covered="no" />
            <range source_id="58" start_line="1045" end_line="1045" start_column="21" end_column="41" covered="no" />
            <range source_id="58" start_line="1047" end_line="1047" start_column="21" end_column="47" covered="no" />
            <range source_id="58" start_line="1048" end_line="1048" start_column="17" end_column="18" covered="no" />
          </ranges>
        </function>
        <function id="212116" token="0x6000538" name="&lt;BuildTargetModel&gt;b__2_21(Microsoft.EntityFrameworkCore.Metadata.Builders.EntityTypeBuilder)" namespace="AzAgroPOS.Verilenler.Migrations" type_name="AddPermissionsSystem.&lt;&gt;c" block_coverage="0.00" line_coverage="0.00" blocks_covered="0" blocks_not_covered="24" lines_covered="0" lines_partially_covered="0" lines_not_covered="24">
          <ranges>
            <range source_id="58" start_line="1051" end_line="1051" start_column="17" end_column="18" covered="no" />
            <range source_id="58" start_line="1052" end_line="1054" start_column="21" end_column="47" covered="no" />
            <range source_id="58" start_line="1056" end_line="1056" start_column="21" end_column="97" covered="no" />
            <range source_id="58" start_line="1058" end_line="1059" start_column="21" end_column="47" covered="no" />
            <range source_id="58" start_line="1061" end_line="1062" start_column="21" end_column="47" covered="no" />
            <range source_id="58" start_line="1064" end_line="1065" start_column="21" end_column="47" covered="no" />
            <range source_id="58" start_line="1067" end_line="1070" start_column="21" end_column="49" covered="no" />
            <range source_id="58" start_line="1072" end_line="1073" start_column="21" end_column="53" covered="no" />
            <range source_id="58" start_line="1075" end_line="1076" start_column="21" end_column="58" covered="no" />
            <range source_id="58" start_line="1078" end_line="1078" start_column="21" end_column="36" covered="no" />
            <range source_id="58" start_line="1080" end_line="1080" start_column="21" end_column="45" covered="no" />
            <range source_id="58" start_line="1082" end_line="1082" start_column="21" end_column="43" covered="no" />
            <range source_id="58" start_line="1084" end_line="1084" start_column="21" end_column="43" covered="no" />
            <range source_id="58" start_line="1085" end_line="1085" start_column="17" end_column="18" covered="no" />
          </ranges>
        </function>
        <function id="212400" token="0x6000539" name="&lt;BuildTargetModel&gt;b__2_22(Microsoft.EntityFrameworkCore.Metadata.Builders.EntityTypeBuilder)" namespace="AzAgroPOS.Verilenler.Migrations" type_name="AddPermissionsSystem.&lt;&gt;c" block_coverage="0.00" line_coverage="0.00" blocks_covered="0" blocks_not_covered="24" lines_covered="0" lines_partially_covered="0" lines_not_covered="24">
          <ranges>
            <range source_id="58" start_line="1088" end_line="1088" start_column="17" end_column="18" covered="no" />
            <range source_id="58" start_line="1089" end_line="1091" start_column="21" end_column="47" covered="no" />
            <range source_id="58" start_line="1093" end_line="1093" start_column="21" end_column="97" covered="no" />
            <range source_id="58" start_line="1095" end_line="1096" start_column="21" end_column="47" covered="no" />
            <range source_id="58" start_line="1098" end_line="1099" start_column="21" end_column="57" covered="no" />
            <range source_id="58" start_line="1101" end_line="1102" start_column="21" end_column="58" covered="no" />
            <range source_id="58" start_line="1104" end_line="1105" start_column="21" end_column="47" covered="no" />
            <range source_id="58" start_line="1107" end_line="1110" start_column="21" end_column="49" covered="no" />
            <range source_id="58" start_line="1112" end_line="1113" start_column="21" end_column="57" covered="no" />
            <range source_id="58" start_line="1115" end_line="1115" start_column="21" end_column="36" covered="no" />
            <range source_id="58" start_line="1117" end_line="1117" start_column="21" end_column="44" covered="no" />
            <range source_id="58" start_line="1119" end_line="1119" start_column="21" end_column="43" covered="no" />
            <range source_id="58" start_line="1121" end_line="1121" start_column="21" end_column="49" covered="no" />
            <range source_id="58" start_line="1122" end_line="1122" start_column="17" end_column="18" covered="no" />
          </ranges>
        </function>
        <function id="212684" token="0x600053a" name="&lt;BuildTargetModel&gt;b__2_23(Microsoft.EntityFrameworkCore.Metadata.Builders.EntityTypeBuilder)" namespace="AzAgroPOS.Verilenler.Migrations" type_name="AddPermissionsSystem.&lt;&gt;c" block_coverage="0.00" line_coverage="0.00" blocks_covered="0" blocks_not_covered="30" lines_covered="0" lines_partially_covered="0" lines_not_covered="52">
          <ranges>
            <range source_id="58" start_line="1125" end_line="1125" start_column="17" end_column="18" covered="no" />
            <range source_id="58" start_line="1126" end_line="1128" start_column="21" end_column="47" covered="no" />
            <range source_id="58" start_line="1130" end_line="1130" start_column="21" end_column="97" covered="no" />
            <range source_id="58" start_line="1132" end_line="1134" start_column="21" end_column="57" covered="no" />
            <range source_id="58" start_line="1136" end_line="1137" start_column="21" end_column="47" covered="no" />
            <range source_id="58" start_line="1139" end_line="1140" start_column="21" end_column="57" covered="no" />
            <range source_id="58" start_line="1142" end_line="1143" start_column="21" end_column="57" covered="no" />
            <range source_id="58" start_line="1145" end_line="1148" start_column="21" end_column="49" covered="no" />
            <range source_id="58" start_line="1150" end_line="1151" start_column="21" end_column="57" covered="no" />
            <range source_id="58" start_line="1153" end_line="1154" start_column="21" end_column="57" covered="no" />
            <range source_id="58" start_line="1156" end_line="1157" start_column="21" end_column="57" covered="no" />
            <range source_id="58" start_line="1159" end_line="1159" start_column="21" end_column="36" covered="no" />
            <range source_id="58" start_line="1161" end_line="1161" start_column="21" end_column="47" covered="no" />
            <range source_id="58" start_line="1163" end_line="1187" start_column="21" end_column="28" covered="no" />
            <range source_id="58" start_line="1188" end_line="1188" start_column="17" end_column="18" covered="no" />
          </ranges>
        </function>
        <function id="213072" token="0x600053b" name="&lt;BuildTargetModel&gt;b__2_24(Microsoft.EntityFrameworkCore.Metadata.Builders.EntityTypeBuilder)" namespace="AzAgroPOS.Verilenler.Migrations" type_name="AddPermissionsSystem.&lt;&gt;c" block_coverage="0.00" line_coverage="0.00" blocks_covered="0" blocks_not_covered="35" lines_covered="0" lines_partially_covered="0" lines_not_covered="35">
          <ranges>
            <range source_id="58" start_line="1191" end_line="1191" start_column="17" end_column="18" covered="no" />
            <range source_id="58" start_line="1192" end_line="1194" start_column="21" end_column="47" covered="no" />
            <range source_id="58" start_line="1196" end_line="1196" start_column="21" end_column="97" covered="no" />
            <range source_id="58" start_line="1198" end_line="1199" start_column="21" end_column="47" covered="no" />
            <range source_id="58" start_line="1201" end_line="1202" start_column="21" end_column="57" covered="no" />
            <range source_id="58" start_line="1204" end_line="1205" start_column="21" end_column="58" covered="no" />
            <range source_id="58" start_line="1207" end_line="1209" start_column="21" end_column="57" covered="no" />
            <range source_id="58" start_line="1211" end_line="1212" start_column="21" end_column="53" covered="no" />
            <range source_id="58" start_line="1214" end_line="1215" start_column="21" end_column="47" covered="no" />
            <range source_id="58" start_line="1217" end_line="1218" start_column="21" end_column="57" covered="no" />
            <range source_id="58" start_line="1220" end_line="1223" start_column="21" end_column="49" covered="no" />
            <range source_id="58" start_line="1225" end_line="1226" start_column="21" end_column="47" covered="no" />
            <range source_id="58" start_line="1228" end_line="1229" start_column="21" end_column="47" covered="no" />
            <range source_id="58" start_line="1231" end_line="1232" start_column="21" end_column="53" covered="no" />
            <range source_id="58" start_line="1234" end_line="1234" start_column="21" end_column="36" covered="no" />
            <range source_id="58" start_line="1236" end_line="1236" start_column="21" end_column="47" covered="no" />
            <range source_id="58" start_line="1238" end_line="1238" start_column="21" end_column="47" covered="no" />
            <range source_id="58" start_line="1240" end_line="1240" start_column="21" end_column="53" covered="no" />
            <range source_id="58" start_line="1241" end_line="1241" start_column="17" end_column="18" covered="no" />
          </ranges>
        </function>
        <function id="213472" token="0x600053c" name="&lt;BuildTargetModel&gt;b__2_25(Microsoft.EntityFrameworkCore.Metadata.Builders.EntityTypeBuilder)" namespace="AzAgroPOS.Verilenler.Migrations" type_name="AddPermissionsSystem.&lt;&gt;c" block_coverage="0.00" line_coverage="0.00" blocks_covered="0" blocks_not_covered="44" lines_covered="0" lines_partially_covered="0" lines_not_covered="44">
          <ranges>
            <range source_id="58" start_line="1244" end_line="1244" start_column="17" end_column="18" covered="no" />
            <range source_id="58" start_line="1245" end_line="1247" start_column="21" end_column="47" covered="no" />
            <range source_id="58" start_line="1249" end_line="1249" start_column="21" end_column="97" covered="no" />
            <range source_id="58" start_line="1251" end_line="1253" start_column="21" end_column="57" covered="no" />
            <range source_id="58" start_line="1255" end_line="1256" start_column="21" end_column="47" covered="no" />
            <range source_id="58" start_line="1258" end_line="1260" start_column="21" end_column="57" covered="no" />
            <range source_id="58" start_line="1262" end_line="1264" start_column="21" end_column="57" covered="no" />
            <range source_id="58" start_line="1266" end_line="1268" start_column="21" end_column="57" covered="no" />
            <range source_id="58" start_line="1270" end_line="1271" start_column="21" end_column="53" covered="no" />
            <range source_id="58" start_line="1273" end_line="1275" start_column="21" end_column="57" covered="no" />
            <range source_id="58" start_line="1277" end_line="1278" start_column="21" end_column="57" covered="no" />
            <range source_id="58" start_line="1280" end_line="1283" start_column="21" end_column="49" covered="no" />
            <range source_id="58" start_line="1285" end_line="1286" start_column="21" end_column="47" covered="no" />
            <range source_id="58" start_line="1288" end_line="1289" start_column="21" end_column="53" covered="no" />
            <range source_id="58" start_line="1291" end_line="1292" start_column="21" end_column="58" covered="no" />
            <range source_id="58" start_line="1294" end_line="1295" start_column="21" end_column="58" covered="no" />
            <range source_id="58" start_line="1297" end_line="1298" start_column="21" end_column="47" covered="no" />
            <range source_id="58" start_line="1300" end_line="1300" start_column="21" end_column="36" covered="no" />
            <range source_id="58" start_line="1302" end_line="1302" start_column="21" end_column="42" covered="no" />
            <range source_id="58" start_line="1304" end_line="1304" start_column="21" end_column="51" covered="no" />
            <range source_id="58" start_line="1305" end_line="1305" start_column="17" end_column="18" covered="no" />
          </ranges>
        </function>
        <function id="213944" token="0x600053d" name="&lt;BuildTargetModel&gt;b__2_26(Microsoft.EntityFrameworkCore.Metadata.Builders.EntityTypeBuilder)" namespace="AzAgroPOS.Verilenler.Migrations" type_name="AddPermissionsSystem.&lt;&gt;c" block_coverage="0.00" line_coverage="0.00" blocks_covered="0" blocks_not_covered="7" lines_covered="0" lines_partially_covered="0" lines_not_covered="8">
          <ranges>
            <range source_id="58" start_line="1308" end_line="1308" start_column="17" end_column="18" covered="no" />
            <range source_id="58" start_line="1309" end_line="1313" start_column="21" end_column="39" covered="no" />
            <range source_id="58" start_line="1315" end_line="1315" start_column="21" end_column="47" covered="no" />
            <range source_id="58" start_line="1316" end_line="1316" start_column="17" end_column="18" covered="no" />
          </ranges>
        </function>
        <function id="214028" token="0x600053e" name="&lt;BuildTargetModel&gt;b__2_27(Microsoft.EntityFrameworkCore.Metadata.Builders.EntityTypeBuilder)" namespace="AzAgroPOS.Verilenler.Migrations" type_name="AddPermissionsSystem.&lt;&gt;c" block_coverage="0.00" line_coverage="0.00" blocks_covered="0" blocks_not_covered="18" lines_covered="0" lines_partially_covered="0" lines_not_covered="19">
          <ranges>
            <range source_id="58" start_line="1319" end_line="1319" start_column="17" end_column="18" covered="no" />
            <range source_id="58" start_line="1320" end_line="1324" start_column="21" end_column="39" covered="no" />
            <range source_id="58" start_line="1326" end_line="1329" start_column="21" end_column="60" covered="no" />
            <range source_id="58" start_line="1331" end_line="1335" start_column="21" end_column="39" covered="no" />
            <range source_id="58" start_line="1337" end_line="1337" start_column="21" end_column="47" covered="no" />
            <range source_id="58" start_line="1339" end_line="1339" start_column="21" end_column="55" covered="no" />
            <range source_id="58" start_line="1341" end_line="1341" start_column="21" end_column="44" covered="no" />
            <range source_id="58" start_line="1342" end_line="1342" start_column="17" end_column="18" covered="no" />
          </ranges>
        </function>
        <function id="214240" token="0x600053f" name="&lt;BuildTargetModel&gt;b__2_28(Microsoft.EntityFrameworkCore.Metadata.Builders.EntityTypeBuilder)" namespace="AzAgroPOS.Verilenler.Migrations" type_name="AddPermissionsSystem.&lt;&gt;c" block_coverage="0.00" line_coverage="0.00" blocks_covered="0" blocks_not_covered="7" lines_covered="0" lines_partially_covered="0" lines_not_covered="8">
          <ranges>
            <range source_id="58" start_line="1345" end_line="1345" start_column="17" end_column="18" covered="no" />
            <range source_id="58" start_line="1346" end_line="1350" start_column="21" end_column="39" covered="no" />
            <range source_id="58" start_line="1352" end_line="1352" start_column="21" end_column="47" covered="no" />
            <range source_id="58" start_line="1353" end_line="1353" start_column="17" end_column="18" covered="no" />
          </ranges>
        </function>
        <function id="214324" token="0x6000540" name="&lt;BuildTargetModel&gt;b__2_29(Microsoft.EntityFrameworkCore.Metadata.Builders.EntityTypeBuilder)" namespace="AzAgroPOS.Verilenler.Migrations" type_name="AddPermissionsSystem.&lt;&gt;c" block_coverage="0.00" line_coverage="0.00" blocks_covered="0" blocks_not_covered="13" lines_covered="0" lines_partially_covered="0" lines_not_covered="14">
          <ranges>
            <range source_id="58" start_line="1356" end_line="1356" start_column="17" end_column="18" covered="no" />
            <range source_id="58" start_line="1357" end_line="1361" start_column="21" end_column="39" covered="no" />
            <range source_id="58" start_line="1363" end_line="1367" start_column="21" end_column="39" covered="no" />
            <range source_id="58" start_line="1369" end_line="1369" start_column="21" end_column="49" covered="no" />
            <range source_id="58" start_line="1371" end_line="1371" start_column="21" end_column="44" covered="no" />
            <range source_id="58" start_line="1372" end_line="1372" start_column="17" end_column="18" covered="no" />
          </ranges>
        </function>
        <function id="214474" token="0x6000541" name="&lt;BuildTargetModel&gt;b__2_30(Microsoft.EntityFrameworkCore.Metadata.Builders.EntityTypeBuilder)" namespace="AzAgroPOS.Verilenler.Migrations" type_name="AddPermissionsSystem.&lt;&gt;c" block_coverage="0.00" line_coverage="0.00" blocks_covered="0" blocks_not_covered="5" lines_covered="0" lines_partially_covered="0" lines_not_covered="6">
          <ranges>
            <range source_id="58" start_line="1375" end_line="1375" start_column="17" end_column="18" covered="no" />
            <range source_id="58" start_line="1376" end_line="1378" start_column="21" end_column="64" covered="no" />
            <range source_id="58" start_line="1380" end_line="1380" start_column="21" end_column="56" covered="no" />
            <range source_id="58" start_line="1381" end_line="1381" start_column="17" end_column="18" covered="no" />
          </ranges>
        </function>
        <function id="214532" token="0x6000542" name="&lt;BuildTargetModel&gt;b__2_31(Microsoft.EntityFrameworkCore.Metadata.Builders.EntityTypeBuilder)" namespace="AzAgroPOS.Verilenler.Migrations" type_name="AddPermissionsSystem.&lt;&gt;c" block_coverage="0.00" line_coverage="0.00" blocks_covered="0" blocks_not_covered="12" lines_covered="0" lines_partially_covered="0" lines_not_covered="13">
          <ranges>
            <range source_id="58" start_line="1384" end_line="1384" start_column="17" end_column="18" covered="no" />
            <range source_id="58" start_line="1385" end_line="1389" start_column="21" end_column="39" covered="no" />
            <range source_id="58" start_line="1391" end_line="1394" start_column="21" end_column="60" covered="no" />
            <range source_id="58" start_line="1396" end_line="1396" start_column="21" end_column="42" covered="no" />
            <range source_id="58" start_line="1398" end_line="1398" start_column="21" end_column="52" covered="no" />
            <range source_id="58" start_line="1399" end_line="1399" start_column="17" end_column="18" covered="no" />
          </ranges>
        </function>
        <function id="214676" token="0x6000543" name="&lt;BuildTargetModel&gt;b__2_32(Microsoft.EntityFrameworkCore.Metadata.Builders.EntityTypeBuilder)" namespace="AzAgroPOS.Verilenler.Migrations" type_name="AddPermissionsSystem.&lt;&gt;c" block_coverage="0.00" line_coverage="0.00" blocks_covered="0" blocks_not_covered="7" lines_covered="0" lines_partially_covered="0" lines_not_covered="8">
          <ranges>
            <range source_id="58" start_line="1402" end_line="1402" start_column="17" end_column="18" covered="no" />
            <range source_id="58" start_line="1403" end_line="1407" start_column="21" end_column="39" covered="no" />
            <range source_id="58" start_line="1409" end_line="1409" start_column="21" end_column="42" covered="no" />
            <range source_id="58" start_line="1410" end_line="1410" start_column="17" end_column="18" covered="no" />
          </ranges>
        </function>
        <function id="214760" token="0x6000544" name="&lt;BuildTargetModel&gt;b__2_33(Microsoft.EntityFrameworkCore.Metadata.Builders.EntityTypeBuilder)" namespace="AzAgroPOS.Verilenler.Migrations" type_name="AddPermissionsSystem.&lt;&gt;c" block_coverage="0.00" line_coverage="0.00" blocks_covered="0" blocks_not_covered="7" lines_covered="0" lines_partially_covered="0" lines_not_covered="8">
          <ranges>
            <range source_id="58" start_line="1413" end_line="1413" start_column="17" end_column="18" covered="no" />
            <range source_id="58" start_line="1414" end_line="1418" start_column="21" end_column="39" covered="no" />
            <range source_id="58" start_line="1420" end_line="1420" start_column="21" end_column="41" covered="no" />
            <range source_id="58" start_line="1421" end_line="1421" start_column="17" end_column="18" covered="no" />
          </ranges>
        </function>
        <function id="214844" token="0x6000545" name="&lt;BuildTargetModel&gt;b__2_34(Microsoft.EntityFrameworkCore.Metadata.Builders.EntityTypeBuilder)" namespace="AzAgroPOS.Verilenler.Migrations" type_name="AddPermissionsSystem.&lt;&gt;c" block_coverage="0.00" line_coverage="0.00" blocks_covered="0" blocks_not_covered="16" lines_covered="0" lines_partially_covered="0" lines_not_covered="17">
          <ranges>
            <range source_id="58" start_line="1424" end_line="1424" start_column="17" end_column="18" covered="no" />
            <range source_id="58" start_line="1425" end_line="1428" start_column="21" end_column="59" covered="no" />
            <range source_id="58" start_line="1430" end_line="1433" start_column="21" end_column="59" covered="no" />
            <range source_id="58" start_line="1435" end_line="1438" start_column="21" end_column="59" covered="no" />
            <range source_id="58" start_line="1440" end_line="1440" start_column="21" end_column="43" covered="no" />
            <range source_id="58" start_line="1442" end_line="1442" start_column="21" end_column="48" covered="no" />
            <range source_id="58" start_line="1444" end_line="1444" start_column="21" end_column="47" covered="no" />
            <range source_id="58" start_line="1445" end_line="1445" start_column="17" end_column="18" covered="no" />
          </ranges>
        </function>
        <function id="215048" token="0x6000546" name="&lt;BuildTargetModel&gt;b__2_35(Microsoft.EntityFrameworkCore.Metadata.Builders.EntityTypeBuilder)" namespace="AzAgroPOS.Verilenler.Migrations" type_name="AddPermissionsSystem.&lt;&gt;c" block_coverage="0.00" line_coverage="0.00" blocks_covered="0" blocks_not_covered="11" lines_covered="0" lines_partially_covered="0" lines_not_covered="12">
          <ranges>
            <range source_id="58" start_line="1448" end_line="1448" start_column="17" end_column="18" covered="no" />
            <range source_id="58" start_line="1449" end_line="1453" start_column="21" end_column="39" covered="no" />
            <range source_id="58" start_line="1455" end_line="1457" start_column="21" end_column="51" covered="no" />
            <range source_id="58" start_line="1459" end_line="1459" start_column="21" end_column="45" covered="no" />
            <range source_id="58" start_line="1461" end_line="1461" start_column="21" end_column="43" covered="no" />
            <range source_id="58" start_line="1462" end_line="1462" start_column="17" end_column="18" covered="no" />
          </ranges>
        </function>
        <function id="215184" token="0x6000547" name="&lt;BuildTargetModel&gt;b__2_36(Microsoft.EntityFrameworkCore.Metadata.Builders.EntityTypeBuilder)" namespace="AzAgroPOS.Verilenler.Migrations" type_name="AddPermissionsSystem.&lt;&gt;c" block_coverage="0.00" line_coverage="0.00" blocks_covered="0" blocks_not_covered="7" lines_covered="0" lines_partially_covered="0" lines_not_covered="8">
          <ranges>
            <range source_id="58" start_line="1465" end_line="1465" start_column="17" end_column="18" covered="no" />
            <range source_id="58" start_line="1466" end_line="1470" start_column="21" end_column="39" covered="no" />
            <range source_id="58" start_line="1472" end_line="1472" start_column="21" end_column="42" covered="no" />
            <range source_id="58" start_line="1473" end_line="1473" start_column="17" end_column="18" covered="no" />
          </ranges>
        </function>
        <function id="215268" token="0x6000548" name="&lt;BuildTargetModel&gt;b__2_37(Microsoft.EntityFrameworkCore.Metadata.Builders.EntityTypeBuilder)" namespace="AzAgroPOS.Verilenler.Migrations" type_name="AddPermissionsSystem.&lt;&gt;c" block_coverage="0.00" line_coverage="0.00" blocks_covered="0" blocks_not_covered="13" lines_covered="0" lines_partially_covered="0" lines_not_covered="14">
          <ranges>
            <range source_id="58" start_line="1476" end_line="1476" start_column="17" end_column="18" covered="no" />
            <range source_id="58" start_line="1477" end_line="1481" start_column="21" end_column="39" covered="no" />
            <range source_id="58" start_line="1483" end_line="1487" start_column="21" end_column="39" covered="no" />
            <range source_id="58" start_line="1489" end_line="1489" start_column="21" end_column="44" covered="no" />
            <range source_id="58" start_line="1491" end_line="1491" start_column="21" end_column="43" covered="no" />
            <range source_id="58" start_line="1492" end_line="1492" start_column="17" end_column="18" covered="no" />
          </ranges>
        </function>
        <function id="215420" token="0x6000549" name="&lt;BuildTargetModel&gt;b__2_38(Microsoft.EntityFrameworkCore.Metadata.Builders.EntityTypeBuilder)" namespace="AzAgroPOS.Verilenler.Migrations" type_name="AddPermissionsSystem.&lt;&gt;c" block_coverage="0.00" line_coverage="0.00" blocks_covered="0" blocks_not_covered="13" lines_covered="0" lines_partially_covered="0" lines_not_covered="14">
          <ranges>
            <range source_id="58" start_line="1495" end_line="1495" start_column="17" end_column="18" covered="no" />
            <range source_id="58" start_line="1496" end_line="1500" start_column="21" end_column="39" covered="no" />
            <range source_id="58" start_line="1502" end_line="1506" start_column="21" end_column="39" covered="no" />
            <range source_id="58" start_line="1508" end_line="1508" start_column="21" end_column="44" covered="no" />
            <range source_id="58" start_line="1510" end_line="1510" start_column="21" end_column="46" covered="no" />
            <range source_id="58" start_line="1511" end_line="1511" start_column="17" end_column="18" covered="no" />
          </ranges>
        </function>
        <function id="215572" token="0x600054a" name="&lt;BuildTargetModel&gt;b__2_39(Microsoft.EntityFrameworkCore.Metadata.Builders.EntityTypeBuilder)" namespace="AzAgroPOS.Verilenler.Migrations" type_name="AddPermissionsSystem.&lt;&gt;c" block_coverage="0.00" line_coverage="0.00" blocks_covered="0" blocks_not_covered="13" lines_covered="0" lines_partially_covered="0" lines_not_covered="14">
          <ranges>
            <range source_id="58" start_line="1514" end_line="1514" start_column="17" end_column="18" covered="no" />
            <range source_id="58" start_line="1515" end_line="1519" start_column="21" end_column="39" covered="no" />
            <range source_id="58" start_line="1521" end_line="1525" start_column="21" end_column="39" covered="no" />
            <range source_id="58" start_line="1527" end_line="1527" start_column="21" end_column="43" covered="no" />
            <range source_id="58" start_line="1529" end_line="1529" start_column="21" end_column="41" covered="no" />
            <range source_id="58" start_line="1530" end_line="1530" start_column="17" end_column="18" covered="no" />
          </ranges>
        </function>
        <function id="215728" token="0x600054b" name="&lt;BuildTargetModel&gt;b__2_40(Microsoft.EntityFrameworkCore.Metadata.Builders.EntityTypeBuilder)" namespace="AzAgroPOS.Verilenler.Migrations" type_name="AddPermissionsSystem.&lt;&gt;c" block_coverage="0.00" line_coverage="0.00" blocks_covered="0" blocks_not_covered="11" lines_covered="0" lines_partially_covered="0" lines_not_covered="12">
          <ranges>
            <range source_id="58" start_line="1533" end_line="1533" start_column="17" end_column="18" covered="no" />
            <range source_id="58" start_line="1534" end_line="1536" start_column="21" end_column="53" covered="no" />
            <range source_id="58" start_line="1538" end_line="1542" start_column="21" end_column="39" covered="no" />
            <range source_id="58" start_line="1544" end_line="1544" start_column="21" end_column="45" covered="no" />
            <range source_id="58" start_line="1546" end_line="1546" start_column="21" end_column="43" covered="no" />
            <range source_id="58" start_line="1547" end_line="1547" start_column="17" end_column="18" covered="no" />
          </ranges>
        </function>
        <function id="215868" token="0x600054c" name="&lt;BuildTargetModel&gt;b__2_41(Microsoft.EntityFrameworkCore.Metadata.Builders.EntityTypeBuilder)" namespace="AzAgroPOS.Verilenler.Migrations" type_name="AddPermissionsSystem.&lt;&gt;c" block_coverage="0.00" line_coverage="0.00" blocks_covered="0" blocks_not_covered="13" lines_covered="0" lines_partially_covered="0" lines_not_covered="14">
          <ranges>
            <range source_id="58" start_line="1550" end_line="1550" start_column="17" end_column="18" covered="no" />
            <range source_id="58" start_line="1551" end_line="1555" start_column="21" end_column="39" covered="no" />
            <range source_id="58" start_line="1557" end_line="1561" start_column="21" end_column="39" covered="no" />
            <range source_id="58" start_line="1563" end_line="1563" start_column="21" end_column="44" covered="no" />
            <range source_id="58" start_line="1565" end_line="1565" start_column="21" end_column="43" covered="no" />
            <range source_id="58" start_line="1566" end_line="1566" start_column="17" end_column="18" covered="no" />
          </ranges>
        </function>
        <function id="216020" token="0x600054d" name="&lt;BuildTargetModel&gt;b__2_42(Microsoft.EntityFrameworkCore.Metadata.Builders.EntityTypeBuilder)" namespace="AzAgroPOS.Verilenler.Migrations" type_name="AddPermissionsSystem.&lt;&gt;c" block_coverage="0.00" line_coverage="0.00" blocks_covered="0" blocks_not_covered="12" lines_covered="0" lines_partially_covered="0" lines_not_covered="13">
          <ranges>
            <range source_id="58" start_line="1569" end_line="1569" start_column="17" end_column="18" covered="no" />
            <range source_id="58" start_line="1570" end_line="1573" start_column="21" end_column="59" covered="no" />
            <range source_id="58" start_line="1575" end_line="1579" start_column="21" end_column="39" covered="no" />
            <range source_id="58" start_line="1581" end_line="1581" start_column="21" end_column="47" covered="no" />
            <range source_id="58" start_line="1583" end_line="1583" start_column="21" end_column="47" covered="no" />
            <range source_id="58" start_line="1584" end_line="1584" start_column="17" end_column="18" covered="no" />
          </ranges>
        </function>
        <function id="216168" token="0x600054e" name="&lt;BuildTargetModel&gt;b__2_43(Microsoft.EntityFrameworkCore.Metadata.Builders.EntityTypeBuilder)" namespace="AzAgroPOS.Verilenler.Migrations" type_name="AddPermissionsSystem.&lt;&gt;c" block_coverage="0.00" line_coverage="0.00" blocks_covered="0" blocks_not_covered="6" lines_covered="0" lines_partially_covered="0" lines_not_covered="7">
          <ranges>
            <range source_id="58" start_line="1587" end_line="1587" start_column="17" end_column="18" covered="no" />
            <range source_id="58" start_line="1588" end_line="1591" start_column="21" end_column="60" covered="no" />
            <range source_id="58" start_line="1593" end_line="1593" start_column="21" end_column="42" covered="no" />
            <range source_id="58" start_line="1594" end_line="1594" start_column="17" end_column="18" covered="no" />
          </ranges>
        </function>
        <function id="216246" token="0x600054f" name="&lt;BuildTargetModel&gt;b__2_44(Microsoft.EntityFrameworkCore.Metadata.Builders.EntityTypeBuilder)" namespace="AzAgroPOS.Verilenler.Migrations" type_name="AddPermissionsSystem.&lt;&gt;c" block_coverage="0.00" line_coverage="0.00" blocks_covered="0" blocks_not_covered="3" lines_covered="0" lines_partially_covered="0" lines_not_covered="4">
          <ranges>
            <range source_id="58" start_line="1597" end_line="1597" start_column="17" end_column="18" covered="no" />
            <range source_id="58" start_line="1598" end_line="1598" start_column="21" end_column="46" covered="no" />
            <range source_id="58" start_line="1600" end_line="1600" start_column="21" end_column="52" covered="no" />
            <range source_id="58" start_line="1601" end_line="1601" start_column="17" end_column="18" covered="no" />
          </ranges>
        </function>
        <function id="216273" token="0x6000550" name="&lt;BuildTargetModel&gt;b__2_45(Microsoft.EntityFrameworkCore.Metadata.Builders.EntityTypeBuilder)" namespace="AzAgroPOS.Verilenler.Migrations" type_name="AddPermissionsSystem.&lt;&gt;c" block_coverage="0.00" line_coverage="0.00" blocks_covered="0" blocks_not_covered="2" lines_covered="0" lines_partially_covered="0" lines_not_covered="3">
          <ranges>
            <range source_id="58" start_line="1604" end_line="1604" start_column="17" end_column="18" covered="no" />
            <range source_id="58" start_line="1605" end_line="1605" start_column="21" end_column="54" covered="no" />
            <range source_id="58" start_line="1606" end_line="1606" start_column="17" end_column="18" covered="no" />
          </ranges>
        </function>
        <function id="216288" token="0x6000551" name="&lt;BuildTargetModel&gt;b__2_46(Microsoft.EntityFrameworkCore.Metadata.Builders.EntityTypeBuilder)" namespace="AzAgroPOS.Verilenler.Migrations" type_name="AddPermissionsSystem.&lt;&gt;c" block_coverage="0.00" line_coverage="0.00" blocks_covered="0" blocks_not_covered="2" lines_covered="0" lines_partially_covered="0" lines_not_covered="3">
          <ranges>
            <range source_id="58" start_line="1609" end_line="1609" start_column="17" end_column="18" covered="no" />
            <range source_id="58" start_line="1610" end_line="1610" start_column="21" end_column="47" covered="no" />
            <range source_id="58" start_line="1611" end_line="1611" start_column="17" end_column="18" covered="no" />
          </ranges>
        </function>
        <function id="216303" token="0x6000552" name="&lt;BuildTargetModel&gt;b__2_47(Microsoft.EntityFrameworkCore.Metadata.Builders.EntityTypeBuilder)" namespace="AzAgroPOS.Verilenler.Migrations" type_name="AddPermissionsSystem.&lt;&gt;c" block_coverage="0.00" line_coverage="0.00" blocks_covered="0" blocks_not_covered="2" lines_covered="0" lines_partially_covered="0" lines_not_covered="3">
          <ranges>
            <range source_id="58" start_line="1614" end_line="1614" start_column="17" end_column="18" covered="no" />
            <range source_id="58" start_line="1615" end_line="1615" start_column="21" end_column="44" covered="no" />
            <range source_id="58" start_line="1616" end_line="1616" start_column="17" end_column="18" covered="no" />
          </ranges>
        </function>
        <function id="216318" token="0x6000553" name="&lt;BuildTargetModel&gt;b__2_48(Microsoft.EntityFrameworkCore.Metadata.Builders.EntityTypeBuilder)" namespace="AzAgroPOS.Verilenler.Migrations" type_name="AddPermissionsSystem.&lt;&gt;c" block_coverage="0.00" line_coverage="0.00" blocks_covered="0" blocks_not_covered="3" lines_covered="0" lines_partially_covered="0" lines_not_covered="4">
          <ranges>
            <range source_id="58" start_line="1619" end_line="1619" start_column="17" end_column="18" covered="no" />
            <range source_id="58" start_line="1620" end_line="1620" start_column="21" end_column="50" covered="no" />
            <range source_id="58" start_line="1622" end_line="1622" start_column="21" end_column="56" covered="no" />
            <range source_id="58" start_line="1623" end_line="1623" start_column="17" end_column="18" covered="no" />
          </ranges>
        </function>
        <function id="216345" token="0x6000554" name="&lt;BuildTargetModel&gt;b__2_49(Microsoft.EntityFrameworkCore.Metadata.Builders.EntityTypeBuilder)" namespace="AzAgroPOS.Verilenler.Migrations" type_name="AddPermissionsSystem.&lt;&gt;c" block_coverage="0.00" line_coverage="0.00" blocks_covered="0" blocks_not_covered="3" lines_covered="0" lines_partially_covered="0" lines_not_covered="4">
          <ranges>
            <range source_id="58" start_line="1626" end_line="1626" start_column="17" end_column="18" covered="no" />
            <range source_id="58" start_line="1627" end_line="1627" start_column="21" end_column="46" covered="no" />
            <range source_id="58" start_line="1629" end_line="1629" start_column="21" end_column="54" covered="no" />
            <range source_id="58" start_line="1630" end_line="1630" start_column="17" end_column="18" covered="no" />
          </ranges>
        </function>
        <function id="216372" token="0x6000555" name="&lt;BuildTargetModel&gt;b__2_50(Microsoft.EntityFrameworkCore.Metadata.Builders.EntityTypeBuilder)" namespace="AzAgroPOS.Verilenler.Migrations" type_name="AddPermissionsSystem.&lt;&gt;c" block_coverage="0.00" line_coverage="0.00" blocks_covered="0" blocks_not_covered="2" lines_covered="0" lines_partially_covered="0" lines_not_covered="3">
          <ranges>
            <range source_id="58" start_line="1633" end_line="1633" start_column="17" end_column="18" covered="no" />
            <range source_id="58" start_line="1634" end_line="1634" start_column="21" end_column="47" covered="no" />
            <range source_id="58" start_line="1635" end_line="1635" start_column="17" end_column="18" covered="no" />
          </ranges>
        </function>
        <function id="216387" token="0x6000556" name="&lt;BuildTargetModel&gt;b__2_51(Microsoft.EntityFrameworkCore.Metadata.Builders.EntityTypeBuilder)" namespace="AzAgroPOS.Verilenler.Migrations" type_name="AddPermissionsSystem.&lt;&gt;c" block_coverage="0.00" line_coverage="0.00" blocks_covered="0" blocks_not_covered="2" lines_covered="0" lines_partially_covered="0" lines_not_covered="3">
          <ranges>
            <range source_id="58" start_line="1638" end_line="1638" start_column="17" end_column="18" covered="no" />
            <range source_id="58" start_line="1639" end_line="1639" start_column="21" end_column="46" covered="no" />
            <range source_id="58" start_line="1640" end_line="1640" start_column="17" end_column="18" covered="no" />
          </ranges>
        </function>
        <function id="216402" token="0x6000557" name="&lt;BuildTargetModel&gt;b__2_52(Microsoft.EntityFrameworkCore.Metadata.Builders.EntityTypeBuilder)" namespace="AzAgroPOS.Verilenler.Migrations" type_name="AddPermissionsSystem.&lt;&gt;c" block_coverage="0.00" line_coverage="0.00" blocks_covered="0" blocks_not_covered="2" lines_covered="0" lines_partially_covered="0" lines_not_covered="3">
          <ranges>
            <range source_id="58" start_line="1643" end_line="1643" start_column="17" end_column="18" covered="no" />
            <range source_id="58" start_line="1644" end_line="1644" start_column="21" end_column="55" covered="no" />
            <range source_id="58" start_line="1645" end_line="1645" start_column="17" end_column="18" covered="no" />
          </ranges>
        </function>
        <function id="216417" token="0x6000558" name="&lt;BuildTargetModel&gt;b__2_53(Microsoft.EntityFrameworkCore.Metadata.Builders.EntityTypeBuilder)" namespace="AzAgroPOS.Verilenler.Migrations" type_name="AddPermissionsSystem.&lt;&gt;c" block_coverage="0.00" line_coverage="0.00" blocks_covered="0" blocks_not_covered="3" lines_covered="0" lines_partially_covered="0" lines_not_covered="4">
          <ranges>
            <range source_id="58" start_line="1648" end_line="1648" start_column="17" end_column="18" covered="no" />
            <range source_id="58" start_line="1649" end_line="1649" start_column="21" end_column="46" covered="no" />
            <range source_id="58" start_line="1651" end_line="1651" start_column="21" end_column="51" covered="no" />
            <range source_id="58" start_line="1652" end_line="1652" start_column="17" end_column="18" covered="no" />
          </ranges>
        </function>
        <function id="216444" token="0x6000559" name="&lt;BuildTargetModel&gt;b__2_54(Microsoft.EntityFrameworkCore.Metadata.Builders.EntityTypeBuilder)" namespace="AzAgroPOS.Verilenler.Migrations" type_name="AddPermissionsSystem.&lt;&gt;c" block_coverage="0.00" line_coverage="0.00" blocks_covered="0" blocks_not_covered="3" lines_covered="0" lines_partially_covered="0" lines_not_covered="4">
          <ranges>
            <range source_id="58" start_line="1655" end_line="1655" start_column="17" end_column="18" covered="no" />
            <range source_id="58" start_line="1656" end_line="1656" start_column="21" end_column="49" covered="no" />
            <range source_id="58" start_line="1658" end_line="1658" start_column="21" end_column="52" covered="no" />
            <range source_id="58" start_line="1659" end_line="1659" start_column="17" end_column="18" covered="no" />
          </ranges>
        </function>
        <function id="216471" token="0x600055a" name="&lt;BuildTargetModel&gt;b__2_55(Microsoft.EntityFrameworkCore.Metadata.Builders.EntityTypeBuilder)" namespace="AzAgroPOS.Verilenler.Migrations" type_name="AddPermissionsSystem.&lt;&gt;c" block_coverage="0.00" line_coverage="0.00" blocks_covered="0" blocks_not_covered="4" lines_covered="0" lines_partially_covered="0" lines_not_covered="5">
          <ranges>
            <range source_id="58" start_line="1662" end_line="1662" start_column="17" end_column="18" covered="no" />
            <range source_id="58" start_line="1663" end_line="1663" start_column="21" end_column="51" covered="no" />
            <range source_id="58" start_line="1665" end_line="1665" start_column="21" end_column="53" covered="no" />
            <range source_id="58" start_line="1667" end_line="1667" start_column="21" end_column="46" covered="no" />
            <range source_id="58" start_line="1668" end_line="1668" start_column="17" end_column="18" covered="no" />
          </ranges>
        </function>
        <function id="216532" token="0x600055d" name="&lt;BuildTargetModel&gt;b__2_0(Microsoft.EntityFrameworkCore.Metadata.Builders.EntityTypeBuilder)" namespace="AzAgroPOS.Verilenler.Migrations" type_name="AddDefaultPermissionsAndRolePermissions.&lt;&gt;c" block_coverage="0.00" line_coverage="0.00" blocks_covered="0" blocks_not_covered="28" lines_covered="0" lines_partially_covered="0" lines_not_covered="28">
          <ranges>
            <range source_id="60" start_line="29" end_line="29" start_column="17" end_column="18" covered="no" />
            <range source_id="60" start_line="30" end_line="32" start_column="21" end_column="47" covered="no" />
            <range source_id="60" start_line="34" end_line="34" start_column="21" end_column="97" covered="no" />
            <range source_id="60" start_line="36" end_line="37" start_column="21" end_column="57" covered="no" />
            <range source_id="60" start_line="39" end_line="41" start_column="21" end_column="57" covered="no" />
            <range source_id="60" start_line="43" end_line="46" start_column="21" end_column="49" covered="no" />
            <range source_id="60" start_line="48" end_line="49" start_column="21" end_column="47" covered="no" />
            <range source_id="60" start_line="51" end_line="52" start_column="21" end_column="47" covered="no" />
            <range source_id="60" start_line="54" end_line="55" start_column="21" end_column="53" covered="no" />
            <range source_id="60" start_line="57" end_line="58" start_column="21" end_column="58" covered="no" />
            <range source_id="60" start_line="60" end_line="61" start_column="21" end_column="53" covered="no" />
            <range source_id="60" start_line="63" end_line="63" start_column="21" end_column="36" covered="no" />
            <range source_id="60" start_line="65" end_line="65" start_column="21" end_column="47" covered="no" />
            <range source_id="60" start_line="67" end_line="67" start_column="21" end_column="48" covered="no" />
            <range source_id="60" start_line="68" end_line="68" start_column="17" end_column="18" covered="no" />
          </ranges>
        </function>
        <function id="216848" token="0x600055e" name="&lt;BuildTargetModel&gt;b__2_1(Microsoft.EntityFrameworkCore.Metadata.Builders.EntityTypeBuilder)" namespace="AzAgroPOS.Verilenler.Migrations" type_name="AddDefaultPermissionsAndRolePermissions.&lt;&gt;c" block_coverage="0.00" line_coverage="0.00" blocks_covered="0" blocks_not_covered="27" lines_covered="0" lines_partially_covered="0" lines_not_covered="27">
          <ranges>
            <range source_id="60" start_line="71" end_line="71" start_column="17" end_column="18" covered="no" />
            <range source_id="60" start_line="72" end_line="74" start_column="21" end_column="47" covered="no" />
            <range source_id="60" start_line="76" end_line="76" start_column="21" end_column="97" covered="no" />
            <range source_id="60" start_line="78" end_line="79" start_column="21" end_column="47" covered="no" />
            <range source_id="60" start_line="81" end_line="82" start_column="21" end_column="47" covered="no" />
            <range source_id="60" start_line="84" end_line="85" start_column="21" end_column="58" covered="no" />
            <range source_id="60" start_line="87" end_line="88" start_column="21" end_column="58" covered="no" />
            <range source_id="60" start_line="90" end_line="91" start_column="21" end_column="47" covered="no" />
            <range source_id="60" start_line="93" end_line="94" start_column="21" end_column="57" covered="no" />
            <range source_id="60" start_line="96" end_line="99" start_column="21" end_column="49" covered="no" />
            <range source_id="60" start_line="101" end_line="101" start_column="21" end_column="36" covered="no" />
            <range source_id="60" start_line="103" end_line="103" start_column="21" end_column="47" covered="no" />
            <range source_id="60" start_line="105" end_line="105" start_column="21" end_column="55" covered="no" />
            <range source_id="60" start_line="107" end_line="107" start_column="21" end_column="44" covered="no" />
            <range source_id="60" start_line="109" end_line="109" start_column="21" end_column="53" covered="no" />
            <range source_id="60" start_line="110" end_line="110" start_column="17" end_column="18" covered="no" />
          </ranges>
        </function>
        <function id="217176" token="0x600055f" name="&lt;BuildTargetModel&gt;b__2_2(Microsoft.EntityFrameworkCore.Metadata.Builders.EntityTypeBuilder)" namespace="AzAgroPOS.Verilenler.Migrations" type_name="AddDefaultPermissionsAndRolePermissions.&lt;&gt;c" block_coverage="0.00" line_coverage="0.00" blocks_covered="0" blocks_not_covered="32" lines_covered="0" lines_partially_covered="0" lines_not_covered="32">
          <ranges>
            <range source_id="60" start_line="113" end_line="113" start_column="17" end_column="18" covered="no" />
            <range source_id="60" start_line="114" end_line="116" start_column="21" end_column="47" covered="no" />
            <range source_id="60" start_line="118" end_line="118" start_column="21" end_column="97" covered="no" />
            <range source_id="60" start_line="120" end_line="121" start_column="21" end_column="53" covered="no" />
            <range source_id="60" start_line="123" end_line="124" start_column="21" end_column="53" covered="no" />
            <range source_id="60" start_line="126" end_line="127" start_column="21" end_column="57" covered="no" />
            <range source_id="60" start_line="129" end_line="131" start_column="21" end_column="57" covered="no" />
            <range source_id="60" start_line="133" end_line="136" start_column="21" end_column="49" covered="no" />
            <range source_id="60" start_line="138" end_line="139" start_column="21" end_column="47" covered="no" />
            <range source_id="60" start_line="141" end_line="142" start_column="21" end_column="47" covered="no" />
            <range source_id="60" start_line="144" end_line="145" start_column="21" end_column="53" covered="no" />
            <range source_id="60" start_line="147" end_line="148" start_column="21" end_column="58" covered="no" />
            <range source_id="60" start_line="150" end_line="151" start_column="21" end_column="53" covered="no" />
            <range source_id="60" start_line="153" end_line="153" start_column="21" end_column="36" covered="no" />
            <range source_id="60" start_line="155" end_line="155" start_column="21" end_column="47" covered="no" />
            <range source_id="60" start_line="157" end_line="157" start_column="21" end_column="50" covered="no" />
            <range source_id="60" start_line="158" end_line="158" start_column="17" end_column="18" covered="no" />
          </ranges>
        </function>
        <function id="217536" token="0x6000560" name="&lt;BuildTargetModel&gt;b__2_3(Microsoft.EntityFrameworkCore.Metadata.Builders.EntityTypeBuilder)" namespace="AzAgroPOS.Verilenler.Migrations" type_name="AddDefaultPermissionsAndRolePermissions.&lt;&gt;c" block_coverage="0.00" line_coverage="0.00" blocks_covered="0" blocks_not_covered="26" lines_covered="0" lines_partially_covered="0" lines_not_covered="26">
          <ranges>
            <range source_id="60" start_line="161" end_line="161" start_column="17" end_column="18" covered="no" />
            <range source_id="60" start_line="162" end_line="164" start_column="21" end_column="47" covered="no" />
            <range source_id="60" start_line="166" end_line="166" start_column="21" end_column="97" covered="no" />
            <range source_id="60" start_line="168" end_line="169" start_column="21" end_column="47" covered="no" />
            <range source_id="60" start_line="171" end_line="172" start_column="21" end_column="58" covered="no" />
            <range source_id="60" start_line="174" end_line="175" start_column="21" end_column="58" covered="no" />
            <range source_id="60" start_line="177" end_line="178" start_column="21" end_column="47" covered="no" />
            <range source_id="60" start_line="180" end_line="181" start_column="21" end_column="57" covered="no" />
            <range source_id="60" start_line="183" end_line="186" start_column="21" end_column="49" covered="no" />
            <range source_id="60" start_line="188" end_line="189" start_column="21" end_column="57" covered="no" />
            <range source_id="60" start_line="191" end_line="191" start_column="21" end_column="36" covered="no" />
            <range source_id="60" start_line="193" end_line="193" start_column="21" end_column="49" covered="no" />
            <range source_id="60" start_line="195" end_line="195" start_column="21" end_column="44" covered="no" />
            <range source_id="60" start_line="197" end_line="197" start_column="21" end_column="55" covered="no" />
            <range source_id="60" start_line="198" end_line="198" start_column="17" end_column="18" covered="no" />
          </ranges>
        </function>
        <function id="217844" token="0x6000561" name="&lt;BuildTargetModel&gt;b__2_4(Microsoft.EntityFrameworkCore.Metadata.Builders.EntityTypeBuilder)" namespace="AzAgroPOS.Verilenler.Migrations" type_name="AddDefaultPermissionsAndRolePermissions.&lt;&gt;c" block_coverage="0.00" line_coverage="0.00" blocks_covered="0" blocks_not_covered="29" lines_covered="0" lines_partially_covered="0" lines_not_covered="56">
          <ranges>
            <range source_id="60" start_line="201" end_line="201" start_column="17" end_column="18" covered="no" />
            <range source_id="60" start_line="202" end_line="204" start_column="21" end_column="47" covered="no" />
            <range source_id="60" start_line="206" end_line="206" start_column="21" end_column="97" covered="no" />
            <range source_id="60" start_line="208" end_line="210" start_column="21" end_column="57" covered="no" />
            <range source_id="60" start_line="212" end_line="213" start_column="21" end_column="47" covered="no" />
            <range source_id="60" start_line="215" end_line="216" start_column="21" end_column="57" covered="no" />
            <range source_id="60" start_line="218" end_line="219" start_column="21" end_column="57" covered="no" />
            <range source_id="60" start_line="221" end_line="224" start_column="21" end_column="49" covered="no" />
            <range source_id="60" start_line="226" end_line="227" start_column="21" end_column="57" covered="no" />
            <range source_id="60" start_line="229" end_line="230" start_column="21" end_column="57" covered="no" />
            <range source_id="60" start_line="232" end_line="232" start_column="21" end_column="36" covered="no" />
            <range source_id="60" start_line="234" end_line="234" start_column="21" end_column="43" covered="no" />
            <range source_id="60" start_line="236" end_line="266" start_column="21" end_column="28" covered="no" />
            <range source_id="60" start_line="267" end_line="267" start_column="17" end_column="18" covered="no" />
          </ranges>
        </function>
        <function id="218220" token="0x6000562" name="&lt;BuildTargetModel&gt;b__2_5(Microsoft.EntityFrameworkCore.Metadata.Builders.EntityTypeBuilder)" namespace="AzAgroPOS.Verilenler.Migrations" type_name="AddDefaultPermissionsAndRolePermissions.&lt;&gt;c" block_coverage="0.00" line_coverage="0.00" blocks_covered="0" blocks_not_covered="26" lines_covered="0" lines_partially_covered="0" lines_not_covered="26">
          <ranges>
            <range source_id="60" start_line="270" end_line="270" start_column="17" end_column="18" covered="no" />
            <range source_id="60" start_line="271" end_line="273" start_column="21" end_column="47" covered="no" />
            <range source_id="60" start_line="275" end_line="275" start_column="21" end_column="97" covered="no" />
            <range source_id="60" start_line="277" end_line="279" start_column="21" end_column="57" covered="no" />
            <range source_id="60" start_line="281" end_line="283" start_column="21" end_column="57" covered="no" />
            <range source_id="60" start_line="285" end_line="286" start_column="21" end_column="47" covered="no" />
            <range source_id="60" start_line="288" end_line="289" start_column="21" end_column="53" covered="no" />
            <range source_id="60" start_line="291" end_line="292" start_column="21" end_column="47" covered="no" />
            <range source_id="60" start_line="294" end_line="295" start_column="21" end_column="47" covered="no" />
            <range source_id="60" start_line="297" end_line="300" start_column="21" end_column="49" covered="no" />
            <range source_id="60" start_line="302" end_line="302" start_column="21" end_column="36" covered="no" />
            <range source_id="60" start_line="304" end_line="304" start_column="21" end_column="54" covered="no" />
            <range source_id="60" start_line="305" end_line="305" start_column="17" end_column="18" covered="no" />
          </ranges>
        </function>
        <function id="218496" token="0x6000563" name="&lt;BuildTargetModel&gt;b__2_6(Microsoft.EntityFrameworkCore.Metadata.Builders.EntityTypeBuilder)" namespace="AzAgroPOS.Verilenler.Migrations" type_name="AddDefaultPermissionsAndRolePermissions.&lt;&gt;c" block_coverage="0.00" line_coverage="0.00" blocks_covered="0" blocks_not_covered="24" lines_covered="0" lines_partially_covered="0" lines_not_covered="54">
          <ranges>
            <range source_id="60" start_line="308" end_line="308" start_column="17" end_column="18" covered="no" />
            <range source_id="60" start_line="309" end_line="311" start_column="21" end_column="47" covered="no" />
            <range source_id="60" start_line="313" end_line="313" start_column="21" end_column="97" covered="no" />
            <range source_id="60" start_line="315" end_line="317" start_column="21" end_column="57" covered="no" />
            <range source_id="60" start_line="319" end_line="322" start_column="21" end_column="49" covered="no" />
            <range source_id="60" start_line="324" end_line="326" start_column="21" end_column="57" covered="no" />
            <range source_id="60" start_line="328" end_line="328" start_column="21" end_column="36" covered="no" />
            <range source_id="60" start_line="330" end_line="330" start_column="21" end_column="43" covered="no" />
            <range source_id="60" start_line="332" end_line="367" start_column="21" end_column="28" covered="no" />
            <range source_id="60" start_line="368" end_line="368" start_column="17" end_column="18" covered="no" />
          </ranges>
        </function>
        <function id="218800" token="0x6000564" name="&lt;BuildTargetModel&gt;b__2_7(Microsoft.EntityFrameworkCore.Metadata.Builders.EntityTypeBuilder)" namespace="AzAgroPOS.Verilenler.Migrations" type_name="AddDefaultPermissionsAndRolePermissions.&lt;&gt;c" block_coverage="0.00" line_coverage="0.00" blocks_covered="0" blocks_not_covered="59" lines_covered="0" lines_partially_covered="0" lines_not_covered="87">
          <ranges>
            <range source_id="60" start_line="371" end_line="371" start_column="17" end_column="18" covered="no" />
            <range source_id="60" start_line="372" end_line="374" start_column="21" end_column="47" covered="no" />
            <range source_id="60" start_line="376" end_line="376" start_column="21" end_column="97" covered="no" />
            <range source_id="60" start_line="378" end_line="380" start_column="21" end_column="57" covered="no" />
            <range source_id="60" start_line="382" end_line="384" start_column="21" end_column="57" covered="no" />
            <range source_id="60" start_line="386" end_line="387" start_column="21" end_column="53" covered="no" />
            <range source_id="60" start_line="389" end_line="391" start_column="21" end_column="57" covered="no" />
            <range source_id="60" start_line="393" end_line="394" start_column="21" end_column="53" covered="no" />
            <range source_id="60" start_line="396" end_line="397" start_column="21" end_column="58" covered="no" />
            <range source_id="60" start_line="399" end_line="401" start_column="21" end_column="57" covered="no" />
            <range source_id="60" start_line="403" end_line="406" start_column="21" end_column="49" covered="no" />
            <range source_id="60" start_line="408" end_line="409" start_column="21" end_column="47" covered="no" />
            <range source_id="60" start_line="411" end_line="412" start_column="21" end_column="47" covered="no" />
            <range source_id="60" start_line="414" end_line="416" start_column="21" end_column="57" covered="no" />
            <range source_id="60" start_line="418" end_line="420" start_column="21" end_column="57" covered="no" />
            <range source_id="60" start_line="422" end_line="424" start_column="21" end_column="57" covered="no" />
            <range source_id="60" start_line="426" end_line="428" start_column="21" end_column="57" covered="no" />
            <range source_id="60" start_line="430" end_line="432" start_column="21" end_column="57" covered="no" />
            <range source_id="60" start_line="434" end_line="434" start_column="21" end_column="36" covered="no" />
            <range source_id="60" start_line="436" end_line="436" start_column="21" end_column="56" covered="no" />
            <range source_id="60" start_line="438" end_line="438" start_column="21" end_column="42" covered="no" />
            <range source_id="60" start_line="440" end_line="476" start_column="21" end_column="28" covered="no" />
            <range source_id="60" start_line="477" end_line="477" start_column="17" end_column="18" covered="no" />
          </ranges>
        </function>
        <function id="219540" token="0x6000565" name="&lt;BuildTargetModel&gt;b__2_8(Microsoft.EntityFrameworkCore.Metadata.Builders.EntityTypeBuilder)" namespace="AzAgroPOS.Verilenler.Migrations" type_name="AddDefaultPermissionsAndRolePermissions.&lt;&gt;c" block_coverage="0.00" line_coverage="0.00" blocks_covered="0" blocks_not_covered="36" lines_covered="0" lines_partially_covered="0" lines_not_covered="36">
          <ranges>
            <range source_id="60" start_line="480" end_line="480" start_column="17" end_column="18" covered="no" />
            <range source_id="60" start_line="481" end_line="483" start_column="21" end_column="47" covered="no" />
            <range source_id="60" start_line="485" end_line="485" start_column="21" end_column="97" covered="no" />
            <range source_id="60" start_line="487" end_line="488" start_column="21" end_column="53" covered="no" />
            <range source_id="60" start_line="490" end_line="491" start_column="21" end_column="53" covered="no" />
            <range source_id="60" start_line="493" end_line="494" start_column="21" end_column="47" covered="no" />
            <range source_id="60" start_line="496" end_line="497" start_column="21" end_column="47" covered="no" />
            <range source_id="60" start_line="499" end_line="500" start_column="21" end_column="47" covered="no" />
            <range source_id="60" start_line="502" end_line="504" start_column="21" end_column="57" covered="no" />
            <range source_id="60" start_line="506" end_line="508" start_column="21" end_column="57" covered="no" />
            <range source_id="60" start_line="510" end_line="513" start_column="21" end_column="49" covered="no" />
            <range source_id="60" start_line="515" end_line="516" start_column="21" end_column="47" covered="no" />
            <range source_id="60" start_line="518" end_line="519" start_column="21" end_column="47" covered="no" />
            <range source_id="60" start_line="521" end_line="522" start_column="21" end_column="53" covered="no" />
            <range source_id="60" start_line="524" end_line="524" start_column="21" end_column="36" covered="no" />
            <range source_id="60" start_line="526" end_line="526" start_column="21" end_column="42" covered="no" />
            <range source_id="60" start_line="528" end_line="528" start_column="21" end_column="52" covered="no" />
            <range source_id="60" start_line="530" end_line="530" start_column="21" end_column="46" covered="no" />
            <range source_id="60" start_line="531" end_line="531" start_column="17" end_column="18" covered="no" />
          </ranges>
        </function>
        <function id="219948" token="0x6000566" name="&lt;BuildTargetModel&gt;b__2_9(Microsoft.EntityFrameworkCore.Metadata.Builders.EntityTypeBuilder)" namespace="AzAgroPOS.Verilenler.Migrations" type_name="AddDefaultPermissionsAndRolePermissions.&lt;&gt;c" block_coverage="0.00" line_coverage="0.00" blocks_covered="0" blocks_not_covered="31" lines_covered="0" lines_partially_covered="0" lines_not_covered="31">
          <ranges>
            <range source_id="60" start_line="534" end_line="534" start_column="17" end_column="18" covered="no" />
            <range source_id="60" start_line="535" end_line="537" start_column="21" end_column="47" covered="no" />
            <range source_id="60" start_line="539" end_line="539" start_column="21" end_column="97" covered="no" />
            <range source_id="60" start_line="541" end_line="543" start_column="21" end_column="57" covered="no" />
            <range source_id="60" start_line="545" end_line="546" start_column="21" end_column="47" covered="no" />
            <range source_id="60" start_line="548" end_line="550" start_column="21" end_column="57" covered="no" />
            <range source_id="60" start_line="552" end_line="554" start_column="21" end_column="57" covered="no" />
            <range source_id="60" start_line="556" end_line="557" start_column="21" end_column="47" covered="no" />
            <range source_id="60" start_line="559" end_line="562" start_column="21" end_column="49" covered="no" />
            <range source_id="60" start_line="564" end_line="565" start_column="21" end_column="53" covered="no" />
            <range source_id="60" start_line="567" end_line="569" start_column="21" end_column="57" covered="no" />
            <range source_id="60" start_line="571" end_line="571" start_column="21" end_column="36" covered="no" />
            <range source_id="60" start_line="573" end_line="573" start_column="21" end_column="42" covered="no" />
            <range source_id="60" start_line="575" end_line="575" start_column="21" end_column="53" covered="no" />
            <range source_id="60" start_line="576" end_line="576" start_column="17" end_column="18" covered="no" />
          </ranges>
        </function>
        <function id="220280" token="0x6000567" name="&lt;BuildTargetModel&gt;b__2_10(Microsoft.EntityFrameworkCore.Metadata.Builders.EntityTypeBuilder)" namespace="AzAgroPOS.Verilenler.Migrations" type_name="AddDefaultPermissionsAndRolePermissions.&lt;&gt;c" block_coverage="0.00" line_coverage="0.00" blocks_covered="0" blocks_not_covered="26" lines_covered="0" lines_partially_covered="0" lines_not_covered="34">
          <ranges>
            <range source_id="60" start_line="579" end_line="579" start_column="17" end_column="18" covered="no" />
            <range source_id="60" start_line="580" end_line="582" start_column="21" end_column="47" covered="no" />
            <range source_id="60" start_line="584" end_line="584" start_column="21" end_column="97" covered="no" />
            <range source_id="60" start_line="586" end_line="588" start_column="21" end_column="57" covered="no" />
            <range source_id="60" start_line="590" end_line="592" start_column="21" end_column="57" covered="no" />
            <range source_id="60" start_line="594" end_line="595" start_column="21" end_column="47" covered="no" />
            <range source_id="60" start_line="597" end_line="600" start_column="21" end_column="49" covered="no" />
            <range source_id="60" start_line="602" end_line="604" start_column="21" end_column="57" covered="no" />
            <range source_id="60" start_line="606" end_line="606" start_column="21" end_column="36" covered="no" />
            <range source_id="60" start_line="608" end_line="608" start_column="21" end_column="41" covered="no" />
            <range source_id="60" start_line="610" end_line="610" start_column="21" end_column="48" covered="no" />
            <range source_id="60" start_line="612" end_line="621" start_column="21" end_column="28" covered="no" />
            <range source_id="60" start_line="622" end_line="622" start_column="17" end_column="18" covered="no" />
          </ranges>
        </function>
        <function id="220580" token="0x6000568" name="&lt;BuildTargetModel&gt;b__2_11(Microsoft.EntityFrameworkCore.Metadata.Builders.EntityTypeBuilder)" namespace="AzAgroPOS.Verilenler.Migrations" type_name="AddDefaultPermissionsAndRolePermissions.&lt;&gt;c" block_coverage="0.00" line_coverage="0.00" blocks_covered="0" blocks_not_covered="23" lines_covered="0" lines_partially_covered="0" lines_not_covered="44">
          <ranges>
            <range source_id="60" start_line="625" end_line="625" start_column="17" end_column="18" covered="no" />
            <range source_id="60" start_line="626" end_line="628" start_column="21" end_column="47" covered="no" />
            <range source_id="60" start_line="630" end_line="630" start_column="21" end_column="97" covered="no" />
            <range source_id="60" start_line="632" end_line="634" start_column="21" end_column="57" covered="no" />
            <range source_id="60" start_line="636" end_line="637" start_column="21" end_column="47" covered="no" />
            <range source_id="60" start_line="639" end_line="642" start_column="21" end_column="49" covered="no" />
            <range source_id="60" start_line="644" end_line="645" start_column="21" end_column="57" covered="no" />
            <range source_id="60" start_line="647" end_line="647" start_column="21" end_column="36" covered="no" />
            <range source_id="60" start_line="649" end_line="649" start_column="21" end_column="48" covered="no" />
            <range source_id="60" start_line="651" end_line="675" start_column="21" end_column="28" covered="no" />
            <range source_id="60" start_line="676" end_line="676" start_column="17" end_column="18" covered="no" />
          </ranges>
        </function>
        <function id="220860" token="0x6000569" name="&lt;BuildTargetModel&gt;b__2_12(Microsoft.EntityFrameworkCore.Metadata.Builders.EntityTypeBuilder)" namespace="AzAgroPOS.Verilenler.Migrations" type_name="AddDefaultPermissionsAndRolePermissions.&lt;&gt;c" block_coverage="0.00" line_coverage="0.00" blocks_covered="0" blocks_not_covered="24" lines_covered="0" lines_partially_covered="0" lines_not_covered="24">
          <ranges>
            <range source_id="60" start_line="679" end_line="679" start_column="17" end_column="18" covered="no" />
            <range source_id="60" start_line="680" end_line="682" start_column="21" end_column="47" covered="no" />
            <range source_id="60" start_line="684" end_line="684" start_column="21" end_column="97" covered="no" />
            <range source_id="60" start_line="686" end_line="688" start_column="21" end_column="57" covered="no" />
            <range source_id="60" start_line="690" end_line="692" start_column="21" end_column="57" covered="no" />
            <range source_id="60" start_line="694" end_line="696" start_column="21" end_column="57" covered="no" />
            <range source_id="60" start_line="698" end_line="701" start_column="21" end_column="49" covered="no" />
            <range source_id="60" start_line="703" end_line="705" start_column="21" end_column="57" covered="no" />
            <range source_id="60" start_line="707" end_line="707" start_column="21" end_column="36" covered="no" />
            <range source_id="60" start_line="709" end_line="709" start_column="21" end_column="51" covered="no" />
            <range source_id="60" start_line="710" end_line="710" start_column="17" end_column="18" covered="no" />
          </ranges>
        </function>
        <function id="221104" token="0x600056a" name="&lt;BuildTargetModel&gt;b__2_13(Microsoft.EntityFrameworkCore.Metadata.Builders.EntityTypeBuilder)" namespace="AzAgroPOS.Verilenler.Migrations" type_name="AddDefaultPermissionsAndRolePermissions.&lt;&gt;c" block_coverage="0.00" line_coverage="0.00" blocks_covered="0" blocks_not_covered="56" lines_covered="0" lines_partially_covered="0" lines_not_covered="95">
          <ranges>
            <range source_id="60" start_line="713" end_line="713" start_column="17" end_column="18" covered="no" />
            <range source_id="60" start_line="714" end_line="716" start_column="21" end_column="47" covered="no" />
            <range source_id="60" start_line="718" end_line="718" start_column="21" end_column="97" covered="no" />
            <range source_id="60" start_line="720" end_line="722" start_column="21" end_column="57" covered="no" />
            <range source_id="60" start_line="724" end_line="725" start_column="21" end_column="47" covered="no" />
            <range source_id="60" start_line="727" end_line="728" start_column="21" end_column="58" covered="no" />
            <range source_id="60" start_line="730" end_line="731" start_column="21" end_column="57" covered="no" />
            <range source_id="60" start_line="733" end_line="734" start_column="21" end_column="47" covered="no" />
            <range source_id="60" start_line="736" end_line="737" start_column="21" end_column="47" covered="no" />
            <range source_id="60" start_line="739" end_line="740" start_column="21" end_column="47" covered="no" />
            <range source_id="60" start_line="742" end_line="743" start_column="21" end_column="47" covered="no" />
            <range source_id="60" start_line="745" end_line="746" start_column="21" end_column="47" covered="no" />
            <range source_id="60" start_line="748" end_line="749" start_column="21" end_column="58" covered="no" />
            <range source_id="60" start_line="751" end_line="752" start_column="21" end_column="57" covered="no" />
            <range source_id="60" start_line="754" end_line="757" start_column="21" end_column="49" covered="no" />
            <range source_id="60" start_line="759" end_line="760" start_column="21" end_column="57" covered="no" />
            <range source_id="60" start_line="762" end_line="763" start_column="21" end_column="47" covered="no" />
            <range source_id="60" start_line="765" end_line="766" start_column="21" end_column="58" covered="no" />
            <range source_id="60" start_line="768" end_line="769" start_column="21" end_column="58" covered="no" />
            <range source_id="60" start_line="771" end_line="771" start_column="21" end_column="36" covered="no" />
            <range source_id="60" start_line="773" end_line="773" start_column="21" end_column="43" covered="no" />
            <range source_id="60" start_line="775" end_line="775" start_column="21" end_column="48" covered="no" />
            <range source_id="60" start_line="777" end_line="777" start_column="21" end_column="47" covered="no" />
            <range source_id="60" start_line="779" end_line="779" start_column="21" end_column="44" covered="no" />
            <range source_id="60" start_line="781" end_line="829" start_column="21" end_column="28" covered="no" />
            <range source_id="60" start_line="830" end_line="830" start_column="17" end_column="18" covered="no" />
          </ranges>
        </function>
        <function id="221852" token="0x600056b" name="&lt;BuildTargetModel&gt;b__2_14(Microsoft.EntityFrameworkCore.Metadata.Builders.EntityTypeBuilder)" namespace="AzAgroPOS.Verilenler.Migrations" type_name="AddDefaultPermissionsAndRolePermissions.&lt;&gt;c" block_coverage="0.00" line_coverage="0.00" blocks_covered="0" blocks_not_covered="24" lines_covered="0" lines_partially_covered="0" lines_not_covered="24">
          <ranges>
            <range source_id="60" start_line="833" end_line="833" start_column="17" end_column="18" covered="no" />
            <range source_id="60" start_line="834" end_line="836" start_column="21" end_column="47" covered="no" />
            <range source_id="60" start_line="838" end_line="838" start_column="21" end_column="97" covered="no" />
            <range source_id="60" start_line="840" end_line="841" start_column="21" end_column="57" covered="no" />
            <range source_id="60" start_line="843" end_line="846" start_column="21" end_column="49" covered="no" />
            <range source_id="60" start_line="848" end_line="850" start_column="21" end_column="57" covered="no" />
            <range source_id="60" start_line="852" end_line="854" start_column="21" end_column="57" covered="no" />
            <range source_id="60" start_line="856" end_line="857" start_column="21" end_column="58" covered="no" />
            <range source_id="60" start_line="859" end_line="860" start_column="21" end_column="57" covered="no" />
            <range source_id="60" start_line="862" end_line="862" start_column="21" end_column="36" covered="no" />
            <range source_id="60" start_line="864" end_line="864" start_column="21" end_column="45" covered="no" />
            <range source_id="60" start_line="865" end_line="865" start_column="17" end_column="18" covered="no" />
          </ranges>
        </function>
        <function id="222108" token="0x600056c" name="&lt;BuildTargetModel&gt;b__2_15(Microsoft.EntityFrameworkCore.Metadata.Builders.EntityTypeBuilder)" namespace="AzAgroPOS.Verilenler.Migrations" type_name="AddDefaultPermissionsAndRolePermissions.&lt;&gt;c" block_coverage="0.00" line_coverage="0.00" blocks_covered="0" blocks_not_covered="26" lines_covered="0" lines_partially_covered="0" lines_not_covered="26">
          <ranges>
            <range source_id="60" start_line="868" end_line="868" start_column="17" end_column="18" covered="no" />
            <range source_id="60" start_line="869" end_line="871" start_column="21" end_column="47" covered="no" />
            <range source_id="60" start_line="873" end_line="873" start_column="21" end_column="97" covered="no" />
            <range source_id="60" start_line="875" end_line="876" start_column="21" end_column="47" covered="no" />
            <range source_id="60" start_line="878" end_line="879" start_column="21" end_column="58" covered="no" />
            <range source_id="60" start_line="881" end_line="882" start_column="21" end_column="47" covered="no" />
            <range source_id="60" start_line="884" end_line="885" start_column="21" end_column="57" covered="no" />
            <range source_id="60" start_line="887" end_line="888" start_column="21" end_column="47" covered="no" />
            <range source_id="60" start_line="890" end_line="893" start_column="21" end_column="49" covered="no" />
            <range source_id="60" start_line="895" end_line="896" start_column="21" end_column="53" covered="no" />
            <range source_id="60" start_line="898" end_line="898" start_column="21" end_column="36" covered="no" />
            <range source_id="60" start_line="900" end_line="900" start_column="21" end_column="45" covered="no" />
            <range source_id="60" start_line="902" end_line="902" start_column="21" end_column="43" covered="no" />
            <range source_id="60" start_line="904" end_line="904" start_column="21" end_column="51" covered="no" />
            <range source_id="60" start_line="905" end_line="905" start_column="17" end_column="18" covered="no" />
          </ranges>
        </function>
        <function id="222416" token="0x600056d" name="&lt;BuildTargetModel&gt;b__2_16(Microsoft.EntityFrameworkCore.Metadata.Builders.EntityTypeBuilder)" namespace="AzAgroPOS.Verilenler.Migrations" type_name="AddDefaultPermissionsAndRolePermissions.&lt;&gt;c" block_coverage="0.00" line_coverage="0.00" blocks_covered="0" blocks_not_covered="27" lines_covered="0" lines_partially_covered="0" lines_not_covered="27">
          <ranges>
            <range source_id="60" start_line="908" end_line="908" start_column="17" end_column="18" covered="no" />
            <range source_id="60" start_line="909" end_line="911" start_column="21" end_column="47" covered="no" />
            <range source_id="60" start_line="913" end_line="913" start_column="21" end_column="97" covered="no" />
            <range source_id="60" start_line="915" end_line="916" start_column="21" end_column="53" covered="no" />
            <range source_id="60" start_line="918" end_line="919" start_column="21" end_column="53" covered="no" />
            <range source_id="60" start_line="921" end_line="922" start_column="21" end_column="58" covered="no" />
            <range source_id="60" start_line="924" end_line="925" start_column="21" end_column="58" covered="no" />
            <range source_id="60" start_line="927" end_line="928" start_column="21" end_column="58" covered="no" />
            <range source_id="60" start_line="930" end_line="931" start_column="21" end_column="47" covered="no" />
            <range source_id="60" start_line="933" end_line="936" start_column="21" end_column="49" covered="no" />
            <range source_id="60" start_line="938" end_line="939" start_column="21" end_column="47" covered="no" />
            <range source_id="60" start_line="941" end_line="941" start_column="21" end_column="36" covered="no" />
            <range source_id="60" start_line="943" end_line="943" start_column="21" end_column="42" covered="no" />
            <range source_id="60" start_line="945" end_line="945" start_column="21" end_column="43" covered="no" />
            <range source_id="60" start_line="946" end_line="946" start_column="17" end_column="18" covered="no" />
          </ranges>
        </function>
        <function id="222724" token="0x600056e" name="&lt;BuildTargetModel&gt;b__2_17(Microsoft.EntityFrameworkCore.Metadata.Builders.EntityTypeBuilder)" namespace="AzAgroPOS.Verilenler.Migrations" type_name="AddDefaultPermissionsAndRolePermissions.&lt;&gt;c" block_coverage="0.00" line_coverage="0.00" blocks_covered="0" blocks_not_covered="25" lines_covered="0" lines_partially_covered="0" lines_not_covered="25">
          <ranges>
            <range source_id="60" start_line="949" end_line="949" start_column="17" end_column="18" covered="no" />
            <range source_id="60" start_line="950" end_line="952" start_column="21" end_column="47" covered="no" />
            <range source_id="60" start_line="954" end_line="954" start_column="21" end_column="97" covered="no" />
            <range source_id="60" start_line="956" end_line="957" start_column="21" end_column="47" covered="no" />
            <range source_id="60" start_line="959" end_line="960" start_column="21" end_column="47" covered="no" />
            <range source_id="60" start_line="962" end_line="964" start_column="21" end_column="57" covered="no" />
            <range source_id="60" start_line="966" end_line="969" start_column="21" end_column="49" covered="no" />
            <range source_id="60" start_line="971" end_line="972" start_column="21" end_column="53" covered="no" />
            <range source_id="60" start_line="974" end_line="975" start_column="21" end_column="57" covered="no" />
            <range source_id="60" start_line="977" end_line="977" start_column="21" end_column="36" covered="no" />
            <range source_id="60" start_line="979" end_line="979" start_column="21" end_column="44" covered="no" />
            <range source_id="60" start_line="981" end_line="981" start_column="21" end_column="43" covered="no" />
            <range source_id="60" start_line="983" end_line="983" start_column="21" end_column="46" covered="no" />
            <range source_id="60" start_line="984" end_line="984" start_column="17" end_column="18" covered="no" />
          </ranges>
        </function>
        <function id="223016" token="0x600056f" name="&lt;BuildTargetModel&gt;b__2_18(Microsoft.EntityFrameworkCore.Metadata.Builders.EntityTypeBuilder)" namespace="AzAgroPOS.Verilenler.Migrations" type_name="AddDefaultPermissionsAndRolePermissions.&lt;&gt;c" block_coverage="0.00" line_coverage="0.00" blocks_covered="0" blocks_not_covered="24" lines_covered="0" lines_partially_covered="0" lines_not_covered="24">
          <ranges>
            <range source_id="60" start_line="987" end_line="987" start_column="17" end_column="18" covered="no" />
            <range source_id="60" start_line="988" end_line="990" start_column="21" end_column="47" covered="no" />
            <range source_id="60" start_line="992" end_line="992" start_column="21" end_column="97" covered="no" />
            <range source_id="60" start_line="994" end_line="995" start_column="21" end_column="47" covered="no" />
            <range source_id="60" start_line="997" end_line="998" start_column="21" end_column="57" covered="no" />
            <range source_id="60" start_line="1000" end_line="1001" start_column="21" end_column="47" covered="no" />
            <range source_id="60" start_line="1003" end_line="1004" start_column="21" end_column="57" covered="no" />
            <range source_id="60" start_line="1006" end_line="1009" start_column="21" end_column="49" covered="no" />
            <range source_id="60" start_line="1011" end_line="1012" start_column="21" end_column="57" covered="no" />
            <range source_id="60" start_line="1014" end_line="1014" start_column="21" end_column="36" covered="no" />
            <range source_id="60" start_line="1016" end_line="1016" start_column="21" end_column="44" covered="no" />
            <range source_id="60" start_line="1018" end_line="1018" start_column="21" end_column="46" covered="no" />
            <range source_id="60" start_line="1020" end_line="1020" start_column="21" end_column="52" covered="no" />
            <range source_id="60" start_line="1021" end_line="1021" start_column="17" end_column="18" covered="no" />
          </ranges>
        </function>
        <function id="223300" token="0x6000570" name="&lt;BuildTargetModel&gt;b__2_19(Microsoft.EntityFrameworkCore.Metadata.Builders.EntityTypeBuilder)" namespace="AzAgroPOS.Verilenler.Migrations" type_name="AddDefaultPermissionsAndRolePermissions.&lt;&gt;c" block_coverage="0.00" line_coverage="0.00" blocks_covered="0" blocks_not_covered="18" lines_covered="0" lines_partially_covered="0" lines_not_covered="28">
          <ranges>
            <range source_id="60" start_line="1024" end_line="1024" start_column="17" end_column="18" covered="no" />
            <range source_id="60" start_line="1025" end_line="1027" start_column="21" end_column="47" covered="no" />
            <range source_id="60" start_line="1029" end_line="1029" start_column="21" end_column="97" covered="no" />
            <range source_id="60" start_line="1031" end_line="1033" start_column="21" end_column="57" covered="no" />
            <range source_id="60" start_line="1035" end_line="1038" start_column="21" end_column="49" covered="no" />
            <range source_id="60" start_line="1040" end_line="1040" start_column="21" end_column="36" covered="no" />
            <range source_id="60" start_line="1042" end_line="1042" start_column="21" end_column="41" covered="no" />
            <range source_id="60" start_line="1044" end_line="1056" start_column="21" end_column="28" covered="no" />
            <range source_id="60" start_line="1057" end_line="1057" start_column="17" end_column="18" covered="no" />
          </ranges>
        </function>
        <function id="223504" token="0x6000571" name="&lt;BuildTargetModel&gt;b__2_20(Microsoft.EntityFrameworkCore.Metadata.Builders.EntityTypeBuilder)" namespace="AzAgroPOS.Verilenler.Migrations" type_name="AddDefaultPermissionsAndRolePermissions.&lt;&gt;c" block_coverage="0.00" line_coverage="0.00" blocks_covered="0" blocks_not_covered="24" lines_covered="0" lines_partially_covered="0" lines_not_covered="54">
          <ranges>
            <range source_id="60" start_line="1060" end_line="1060" start_column="17" end_column="18" covered="no" />
            <range source_id="60" start_line="1061" end_line="1063" start_column="21" end_column="47" covered="no" />
            <range source_id="60" start_line="1065" end_line="1065" start_column="21" end_column="97" covered="no" />
            <range source_id="60" start_line="1067" end_line="1068" start_column="21" end_column="47" covered="no" />
            <range source_id="60" start_line="1070" end_line="1071" start_column="21" end_column="47" covered="no" />
            <range source_id="60" start_line="1073" end_line="1076" start_column="21" end_column="49" covered="no" />
            <range source_id="60" start_line="1078" end_line="1078" start_column="21" end_column="36" covered="no" />
            <range source_id="60" start_line="1080" end_line="1080" start_column="21" end_column="43" covered="no" />
            <range source_id="60" start_line="1082" end_line="1082" start_column="21" end_column="41" covered="no" />
            <range source_id="60" start_line="1084" end_line="1084" start_column="21" end_column="47" covered="no" />
            <range source_id="60" start_line="1086" end_line="1121" start_column="21" end_column="28" covered="no" />
            <range source_id="60" start_line="1122" end_line="1122" start_column="17" end_column="18" covered="no" />
          </ranges>
        </function>
        <function id="223796" token="0x6000572" name="&lt;BuildTargetModel&gt;b__2_21(Microsoft.EntityFrameworkCore.Metadata.Builders.EntityTypeBuilder)" namespace="AzAgroPOS.Verilenler.Migrations" type_name="AddDefaultPermissionsAndRolePermissions.&lt;&gt;c" block_coverage="0.00" line_coverage="0.00" blocks_covered="0" blocks_not_covered="24" lines_covered="0" lines_partially_covered="0" lines_not_covered="24">
          <ranges>
            <range source_id="60" start_line="1125" end_line="1125" start_column="17" end_column="18" covered="no" />
            <range source_id="60" start_line="1126" end_line="1128" start_column="21" end_column="47" covered="no" />
            <range source_id="60" start_line="1130" end_line="1130" start_column="21" end_column="97" covered="no" />
            <range source_id="60" start_line="1132" end_line="1133" start_column="21" end_column="47" covered="no" />
            <range source_id="60" start_line="1135" end_line="1136" start_column="21" end_column="47" covered="no" />
            <range source_id="60" start_line="1138" end_line="1139" start_column="21" end_column="47" covered="no" />
            <range source_id="60" start_line="1141" end_line="1144" start_column="21" end_column="49" covered="no" />
            <range source_id="60" start_line="1146" end_line="1147" start_column="21" end_column="53" covered="no" />
            <range source_id="60" start_line="1149" end_line="1150" start_column="21" end_column="58" covered="no" />
            <range source_id="60" start_line="1152" end_line="1152" start_column="21" end_column="36" covered="no" />
            <range source_id="60" start_line="1154" end_line="1154" start_column="21" end_column="45" covered="no" />
            <range source_id="60" start_line="1156" end_line="1156" start_column="21" end_column="43" covered="no" />
            <range source_id="60" start_line="1158" end_line="1158" start_column="21" end_column="43" covered="no" />
            <range source_id="60" start_line="1159" end_line="1159" start_column="17" end_column="18" covered="no" />
          </ranges>
        </function>
        <function id="224080" token="0x6000573" name="&lt;BuildTargetModel&gt;b__2_22(Microsoft.EntityFrameworkCore.Metadata.Builders.EntityTypeBuilder)" namespace="AzAgroPOS.Verilenler.Migrations" type_name="AddDefaultPermissionsAndRolePermissions.&lt;&gt;c" block_coverage="0.00" line_coverage="0.00" blocks_covered="0" blocks_not_covered="24" lines_covered="0" lines_partially_covered="0" lines_not_covered="24">
          <ranges>
            <range source_id="60" start_line="1162" end_line="1162" start_column="17" end_column="18" covered="no" />
            <range source_id="60" start_line="1163" end_line="1165" start_column="21" end_column="47" covered="no" />
            <range source_id="60" start_line="1167" end_line="1167" start_column="21" end_column="97" covered="no" />
            <range source_id="60" start_line="1169" end_line="1170" start_column="21" end_column="47" covered="no" />
            <range source_id="60" start_line="1172" end_line="1173" start_column="21" end_column="57" covered="no" />
            <range source_id="60" start_line="1175" end_line="1176" start_column="21" end_column="58" covered="no" />
            <range source_id="60" start_line="1178" end_line="1179" start_column="21" end_column="47" covered="no" />
            <range source_id="60" start_line="1181" end_line="1184" start_column="21" end_column="49" covered="no" />
            <range source_id="60" start_line="1186" end_line="1187" start_column="21" end_column="57" covered="no" />
            <range source_id="60" start_line="1189" end_line="1189" start_column="21" end_column="36" covered="no" />
            <range source_id="60" start_line="1191" end_line="1191" start_column="21" end_column="44" covered="no" />
            <range source_id="60" start_line="1193" end_line="1193" start_column="21" end_column="43" covered="no" />
            <range source_id="60" start_line="1195" end_line="1195" start_column="21" end_column="49" covered="no" />
            <range source_id="60" start_line="1196" end_line="1196" start_column="17" end_column="18" covered="no" />
          </ranges>
        </function>
        <function id="224364" token="0x6000574" name="&lt;BuildTargetModel&gt;b__2_23(Microsoft.EntityFrameworkCore.Metadata.Builders.EntityTypeBuilder)" namespace="AzAgroPOS.Verilenler.Migrations" type_name="AddDefaultPermissionsAndRolePermissions.&lt;&gt;c" block_coverage="0.00" line_coverage="0.00" blocks_covered="0" blocks_not_covered="30" lines_covered="0" lines_partially_covered="0" lines_not_covered="52">
          <ranges>
            <range source_id="60" start_line="1199" end_line="1199" start_column="17" end_column="18" covered="no" />
            <range source_id="60" start_line="1200" end_line="1202" start_column="21" end_column="47" covered="no" />
            <range source_id="60" start_line="1204" end_line="1204" start_column="21" end_column="97" covered="no" />
            <range source_id="60" start_line="1206" end_line="1208" start_column="21" end_column="57" covered="no" />
            <range source_id="60" start_line="1210" end_line="1211" start_column="21" end_column="47" covered="no" />
            <range source_id="60" start_line="1213" end_line="1214" start_column="21" end_column="57" covered="no" />
            <range source_id="60" start_line="1216" end_line="1217" start_column="21" end_column="57" covered="no" />
            <range source_id="60" start_line="1219" end_line="1222" start_column="21" end_column="49" covered="no" />
            <range source_id="60" start_line="1224" end_line="1225" start_column="21" end_column="57" covered="no" />
            <range source_id="60" start_line="1227" end_line="1228" start_column="21" end_column="57" covered="no" />
            <range source_id="60" start_line="1230" end_line="1231" start_column="21" end_column="57" covered="no" />
            <range source_id="60" start_line="1233" end_line="1233" start_column="21" end_column="36" covered="no" />
            <range source_id="60" start_line="1235" end_line="1235" start_column="21" end_column="47" covered="no" />
            <range source_id="60" start_line="1237" end_line="1261" start_column="21" end_column="28" covered="no" />
            <range source_id="60" start_line="1262" end_line="1262" start_column="17" end_column="18" covered="no" />
          </ranges>
        </function>
        <function id="224752" token="0x6000575" name="&lt;BuildTargetModel&gt;b__2_24(Microsoft.EntityFrameworkCore.Metadata.Builders.EntityTypeBuilder)" namespace="AzAgroPOS.Verilenler.Migrations" type_name="AddDefaultPermissionsAndRolePermissions.&lt;&gt;c" block_coverage="0.00" line_coverage="0.00" blocks_covered="0" blocks_not_covered="35" lines_covered="0" lines_partially_covered="0" lines_not_covered="35">
          <ranges>
            <range source_id="60" start_line="1265" end_line="1265" start_column="17" end_column="18" covered="no" />
            <range source_id="60" start_line="1266" end_line="1268" start_column="21" end_column="47" covered="no" />
            <range source_id="60" start_line="1270" end_line="1270" start_column="21" end_column="97" covered="no" />
            <range source_id="60" start_line="1272" end_line="1273" start_column="21" end_column="47" covered="no" />
            <range source_id="60" start_line="1275" end_line="1276" start_column="21" end_column="57" covered="no" />
            <range source_id="60" start_line="1278" end_line="1279" start_column="21" end_column="58" covered="no" />
            <range source_id="60" start_line="1281" end_line="1283" start_column="21" end_column="57" covered="no" />
            <range source_id="60" start_line="1285" end_line="1286" start_column="21" end_column="53" covered="no" />
            <range source_id="60" start_line="1288" end_line="1289" start_column="21" end_column="47" covered="no" />
            <range source_id="60" start_line="1291" end_line="1292" start_column="21" end_column="57" covered="no" />
            <range source_id="60" start_line="1294" end_line="1297" start_column="21" end_column="49" covered="no" />
            <range source_id="60" start_line="1299" end_line="1300" start_column="21" end_column="47" covered="no" />
            <range source_id="60" start_line="1302" end_line="1303" start_column="21" end_column="47" covered="no" />
            <range source_id="60" start_line="1305" end_line="1306" start_column="21" end_column="53" covered="no" />
            <range source_id="60" start_line="1308" end_line="1308" start_column="21" end_column="36" covered="no" />
            <range source_id="60" start_line="1310" end_line="1310" start_column="21" end_column="47" covered="no" />
            <range source_id="60" start_line="1312" end_line="1312" start_column="21" end_column="47" covered="no" />
            <range source_id="60" start_line="1314" end_line="1314" start_column="21" end_column="53" covered="no" />
            <range source_id="60" start_line="1315" end_line="1315" start_column="17" end_column="18" covered="no" />
          </ranges>
        </function>
        <function id="225152" token="0x6000576" name="&lt;BuildTargetModel&gt;b__2_25(Microsoft.EntityFrameworkCore.Metadata.Builders.EntityTypeBuilder)" namespace="AzAgroPOS.Verilenler.Migrations" type_name="AddDefaultPermissionsAndRolePermissions.&lt;&gt;c" block_coverage="0.00" line_coverage="0.00" blocks_covered="0" blocks_not_covered="44" lines_covered="0" lines_partially_covered="0" lines_not_covered="44">
          <ranges>
            <range source_id="60" start_line="1318" end_line="1318" start_column="17" end_column="18" covered="no" />
            <range source_id="60" start_line="1319" end_line="1321" start_column="21" end_column="47" covered="no" />
            <range source_id="60" start_line="1323" end_line="1323" start_column="21" end_column="97" covered="no" />
            <range source_id="60" start_line="1325" end_line="1327" start_column="21" end_column="57" covered="no" />
            <range source_id="60" start_line="1329" end_line="1330" start_column="21" end_column="47" covered="no" />
            <range source_id="60" start_line="1332" end_line="1334" start_column="21" end_column="57" covered="no" />
            <range source_id="60" start_line="1336" end_line="1338" start_column="21" end_column="57" covered="no" />
            <range source_id="60" start_line="1340" end_line="1342" start_column="21" end_column="57" covered="no" />
            <range source_id="60" start_line="1344" end_line="1345" start_column="21" end_column="53" covered="no" />
            <range source_id="60" start_line="1347" end_line="1349" start_column="21" end_column="57" covered="no" />
            <range source_id="60" start_line="1351" end_line="1352" start_column="21" end_column="57" covered="no" />
            <range source_id="60" start_line="1354" end_line="1357" start_column="21" end_column="49" covered="no" />
            <range source_id="60" start_line="1359" end_line="1360" start_column="21" end_column="47" covered="no" />
            <range source_id="60" start_line="1362" end_line="1363" start_column="21" end_column="53" covered="no" />
            <range source_id="60" start_line="1365" end_line="1366" start_column="21" end_column="58" covered="no" />
            <range source_id="60" start_line="1368" end_line="1369" start_column="21" end_column="58" covered="no" />
            <range source_id="60" start_line="1371" end_line="1372" start_column="21" end_column="47" covered="no" />
            <range source_id="60" start_line="1374" end_line="1374" start_column="21" end_column="36" covered="no" />
            <range source_id="60" start_line="1376" end_line="1376" start_column="21" end_column="42" covered="no" />
            <range source_id="60" start_line="1378" end_line="1378" start_column="21" end_column="51" covered="no" />
            <range source_id="60" start_line="1379" end_line="1379" start_column="17" end_column="18" covered="no" />
          </ranges>
        </function>
        <function id="225624" token="0x6000577" name="&lt;BuildTargetModel&gt;b__2_26(Microsoft.EntityFrameworkCore.Metadata.Builders.EntityTypeBuilder)" namespace="AzAgroPOS.Verilenler.Migrations" type_name="AddDefaultPermissionsAndRolePermissions.&lt;&gt;c" block_coverage="0.00" line_coverage="0.00" blocks_covered="0" blocks_not_covered="7" lines_covered="0" lines_partially_covered="0" lines_not_covered="8">
          <ranges>
            <range source_id="60" start_line="1382" end_line="1382" start_column="17" end_column="18" covered="no" />
            <range source_id="60" start_line="1383" end_line="1387" start_column="21" end_column="39" covered="no" />
            <range source_id="60" start_line="1389" end_line="1389" start_column="21" end_column="47" covered="no" />
            <range source_id="60" start_line="1390" end_line="1390" start_column="17" end_column="18" covered="no" />
          </ranges>
        </function>
        <function id="225708" token="0x6000578" name="&lt;BuildTargetModel&gt;b__2_27(Microsoft.EntityFrameworkCore.Metadata.Builders.EntityTypeBuilder)" namespace="AzAgroPOS.Verilenler.Migrations" type_name="AddDefaultPermissionsAndRolePermissions.&lt;&gt;c" block_coverage="0.00" line_coverage="0.00" blocks_covered="0" blocks_not_covered="18" lines_covered="0" lines_partially_covered="0" lines_not_covered="19">
          <ranges>
            <range source_id="60" start_line="1393" end_line="1393" start_column="17" end_column="18" covered="no" />
            <range source_id="60" start_line="1394" end_line="1398" start_column="21" end_column="39" covered="no" />
            <range source_id="60" start_line="1400" end_line="1403" start_column="21" end_column="60" covered="no" />
            <range source_id="60" start_line="1405" end_line="1409" start_column="21" end_column="39" covered="no" />
            <range source_id="60" start_line="1411" end_line="1411" start_column="21" end_column="47" covered="no" />
            <range source_id="60" start_line="1413" end_line="1413" start_column="21" end_column="55" covered="no" />
            <range source_id="60" start_line="1415" end_line="1415" start_column="21" end_column="44" covered="no" />
            <range source_id="60" start_line="1416" end_line="1416" start_column="17" end_column="18" covered="no" />
          </ranges>
        </function>
        <function id="225920" token="0x6000579" name="&lt;BuildTargetModel&gt;b__2_28(Microsoft.EntityFrameworkCore.Metadata.Builders.EntityTypeBuilder)" namespace="AzAgroPOS.Verilenler.Migrations" type_name="AddDefaultPermissionsAndRolePermissions.&lt;&gt;c" block_coverage="0.00" line_coverage="0.00" blocks_covered="0" blocks_not_covered="7" lines_covered="0" lines_partially_covered="0" lines_not_covered="8">
          <ranges>
            <range source_id="60" start_line="1419" end_line="1419" start_column="17" end_column="18" covered="no" />
            <range source_id="60" start_line="1420" end_line="1424" start_column="21" end_column="39" covered="no" />
            <range source_id="60" start_line="1426" end_line="1426" start_column="21" end_column="47" covered="no" />
            <range source_id="60" start_line="1427" end_line="1427" start_column="17" end_column="18" covered="no" />
          </ranges>
        </function>
        <function id="226004" token="0x600057a" name="&lt;BuildTargetModel&gt;b__2_29(Microsoft.EntityFrameworkCore.Metadata.Builders.EntityTypeBuilder)" namespace="AzAgroPOS.Verilenler.Migrations" type_name="AddDefaultPermissionsAndRolePermissions.&lt;&gt;c" block_coverage="0.00" line_coverage="0.00" blocks_covered="0" blocks_not_covered="13" lines_covered="0" lines_partially_covered="0" lines_not_covered="14">
          <ranges>
            <range source_id="60" start_line="1430" end_line="1430" start_column="17" end_column="18" covered="no" />
            <range source_id="60" start_line="1431" end_line="1435" start_column="21" end_column="39" covered="no" />
            <range source_id="60" start_line="1437" end_line="1441" start_column="21" end_column="39" covered="no" />
            <range source_id="60" start_line="1443" end_line="1443" start_column="21" end_column="49" covered="no" />
            <range source_id="60" start_line="1445" end_line="1445" start_column="21" end_column="44" covered="no" />
            <range source_id="60" start_line="1446" end_line="1446" start_column="17" end_column="18" covered="no" />
          </ranges>
        </function>
        <function id="226154" token="0x600057b" name="&lt;BuildTargetModel&gt;b__2_30(Microsoft.EntityFrameworkCore.Metadata.Builders.EntityTypeBuilder)" namespace="AzAgroPOS.Verilenler.Migrations" type_name="AddDefaultPermissionsAndRolePermissions.&lt;&gt;c" block_coverage="0.00" line_coverage="0.00" blocks_covered="0" blocks_not_covered="5" lines_covered="0" lines_partially_covered="0" lines_not_covered="6">
          <ranges>
            <range source_id="60" start_line="1449" end_line="1449" start_column="17" end_column="18" covered="no" />
            <range source_id="60" start_line="1450" end_line="1452" start_column="21" end_column="64" covered="no" />
            <range source_id="60" start_line="1454" end_line="1454" start_column="21" end_column="56" covered="no" />
            <range source_id="60" start_line="1455" end_line="1455" start_column="17" end_column="18" covered="no" />
          </ranges>
        </function>
        <function id="226212" token="0x600057c" name="&lt;BuildTargetModel&gt;b__2_31(Microsoft.EntityFrameworkCore.Metadata.Builders.EntityTypeBuilder)" namespace="AzAgroPOS.Verilenler.Migrations" type_name="AddDefaultPermissionsAndRolePermissions.&lt;&gt;c" block_coverage="0.00" line_coverage="0.00" blocks_covered="0" blocks_not_covered="12" lines_covered="0" lines_partially_covered="0" lines_not_covered="13">
          <ranges>
            <range source_id="60" start_line="1458" end_line="1458" start_column="17" end_column="18" covered="no" />
            <range source_id="60" start_line="1459" end_line="1463" start_column="21" end_column="39" covered="no" />
            <range source_id="60" start_line="1465" end_line="1468" start_column="21" end_column="60" covered="no" />
            <range source_id="60" start_line="1470" end_line="1470" start_column="21" end_column="42" covered="no" />
            <range source_id="60" start_line="1472" end_line="1472" start_column="21" end_column="52" covered="no" />
            <range source_id="60" start_line="1473" end_line="1473" start_column="17" end_column="18" covered="no" />
          </ranges>
        </function>
        <function id="226356" token="0x600057d" name="&lt;BuildTargetModel&gt;b__2_32(Microsoft.EntityFrameworkCore.Metadata.Builders.EntityTypeBuilder)" namespace="AzAgroPOS.Verilenler.Migrations" type_name="AddDefaultPermissionsAndRolePermissions.&lt;&gt;c" block_coverage="0.00" line_coverage="0.00" blocks_covered="0" blocks_not_covered="7" lines_covered="0" lines_partially_covered="0" lines_not_covered="8">
          <ranges>
            <range source_id="60" start_line="1476" end_line="1476" start_column="17" end_column="18" covered="no" />
            <range source_id="60" start_line="1477" end_line="1481" start_column="21" end_column="39" covered="no" />
            <range source_id="60" start_line="1483" end_line="1483" start_column="21" end_column="42" covered="no" />
            <range source_id="60" start_line="1484" end_line="1484" start_column="17" end_column="18" covered="no" />
          </ranges>
        </function>
        <function id="226440" token="0x600057e" name="&lt;BuildTargetModel&gt;b__2_33(Microsoft.EntityFrameworkCore.Metadata.Builders.EntityTypeBuilder)" namespace="AzAgroPOS.Verilenler.Migrations" type_name="AddDefaultPermissionsAndRolePermissions.&lt;&gt;c" block_coverage="0.00" line_coverage="0.00" blocks_covered="0" blocks_not_covered="7" lines_covered="0" lines_partially_covered="0" lines_not_covered="8">
          <ranges>
            <range source_id="60" start_line="1487" end_line="1487" start_column="17" end_column="18" covered="no" />
            <range source_id="60" start_line="1488" end_line="1492" start_column="21" end_column="39" covered="no" />
            <range source_id="60" start_line="1494" end_line="1494" start_column="21" end_column="41" covered="no" />
            <range source_id="60" start_line="1495" end_line="1495" start_column="17" end_column="18" covered="no" />
          </ranges>
        </function>
        <function id="226524" token="0x600057f" name="&lt;BuildTargetModel&gt;b__2_34(Microsoft.EntityFrameworkCore.Metadata.Builders.EntityTypeBuilder)" namespace="AzAgroPOS.Verilenler.Migrations" type_name="AddDefaultPermissionsAndRolePermissions.&lt;&gt;c" block_coverage="0.00" line_coverage="0.00" blocks_covered="0" blocks_not_covered="16" lines_covered="0" lines_partially_covered="0" lines_not_covered="17">
          <ranges>
            <range source_id="60" start_line="1498" end_line="1498" start_column="17" end_column="18" covered="no" />
            <range source_id="60" start_line="1499" end_line="1502" start_column="21" end_column="59" covered="no" />
            <range source_id="60" start_line="1504" end_line="1507" start_column="21" end_column="59" covered="no" />
            <range source_id="60" start_line="1509" end_line="1512" start_column="21" end_column="59" covered="no" />
            <range source_id="60" start_line="1514" end_line="1514" start_column="21" end_column="43" covered="no" />
            <range source_id="60" start_line="1516" end_line="1516" start_column="21" end_column="48" covered="no" />
            <range source_id="60" start_line="1518" end_line="1518" start_column="21" end_column="47" covered="no" />
            <range source_id="60" start_line="1519" end_line="1519" start_column="17" end_column="18" covered="no" />
          </ranges>
        </function>
        <function id="226728" token="0x6000580" name="&lt;BuildTargetModel&gt;b__2_35(Microsoft.EntityFrameworkCore.Metadata.Builders.EntityTypeBuilder)" namespace="AzAgroPOS.Verilenler.Migrations" type_name="AddDefaultPermissionsAndRolePermissions.&lt;&gt;c" block_coverage="0.00" line_coverage="0.00" blocks_covered="0" blocks_not_covered="11" lines_covered="0" lines_partially_covered="0" lines_not_covered="12">
          <ranges>
            <range source_id="60" start_line="1522" end_line="1522" start_column="17" end_column="18" covered="no" />
            <range source_id="60" start_line="1523" end_line="1527" start_column="21" end_column="39" covered="no" />
            <range source_id="60" start_line="1529" end_line="1531" start_column="21" end_column="51" covered="no" />
            <range source_id="60" start_line="1533" end_line="1533" start_column="21" end_column="45" covered="no" />
            <range source_id="60" start_line="1535" end_line="1535" start_column="21" end_column="43" covered="no" />
            <range source_id="60" start_line="1536" end_line="1536" start_column="17" end_column="18" covered="no" />
          </ranges>
        </function>
        <function id="226864" token="0x6000581" name="&lt;BuildTargetModel&gt;b__2_36(Microsoft.EntityFrameworkCore.Metadata.Builders.EntityTypeBuilder)" namespace="AzAgroPOS.Verilenler.Migrations" type_name="AddDefaultPermissionsAndRolePermissions.&lt;&gt;c" block_coverage="0.00" line_coverage="0.00" blocks_covered="0" blocks_not_covered="7" lines_covered="0" lines_partially_covered="0" lines_not_covered="8">
          <ranges>
            <range source_id="60" start_line="1539" end_line="1539" start_column="17" end_column="18" covered="no" />
            <range source_id="60" start_line="1540" end_line="1544" start_column="21" end_column="39" covered="no" />
            <range source_id="60" start_line="1546" end_line="1546" start_column="21" end_column="42" covered="no" />
            <range source_id="60" start_line="1547" end_line="1547" start_column="17" end_column="18" covered="no" />
          </ranges>
        </function>
        <function id="226948" token="0x6000582" name="&lt;BuildTargetModel&gt;b__2_37(Microsoft.EntityFrameworkCore.Metadata.Builders.EntityTypeBuilder)" namespace="AzAgroPOS.Verilenler.Migrations" type_name="AddDefaultPermissionsAndRolePermissions.&lt;&gt;c" block_coverage="0.00" line_coverage="0.00" blocks_covered="0" blocks_not_covered="13" lines_covered="0" lines_partially_covered="0" lines_not_covered="14">
          <ranges>
            <range source_id="60" start_line="1550" end_line="1550" start_column="17" end_column="18" covered="no" />
            <range source_id="60" start_line="1551" end_line="1555" start_column="21" end_column="39" covered="no" />
            <range source_id="60" start_line="1557" end_line="1561" start_column="21" end_column="39" covered="no" />
            <range source_id="60" start_line="1563" end_line="1563" start_column="21" end_column="44" covered="no" />
            <range source_id="60" start_line="1565" end_line="1565" start_column="21" end_column="43" covered="no" />
            <range source_id="60" start_line="1566" end_line="1566" start_column="17" end_column="18" covered="no" />
          </ranges>
        </function>
        <function id="227100" token="0x6000583" name="&lt;BuildTargetModel&gt;b__2_38(Microsoft.EntityFrameworkCore.Metadata.Builders.EntityTypeBuilder)" namespace="AzAgroPOS.Verilenler.Migrations" type_name="AddDefaultPermissionsAndRolePermissions.&lt;&gt;c" block_coverage="0.00" line_coverage="0.00" blocks_covered="0" blocks_not_covered="13" lines_covered="0" lines_partially_covered="0" lines_not_covered="14">
          <ranges>
            <range source_id="60" start_line="1569" end_line="1569" start_column="17" end_column="18" covered="no" />
            <range source_id="60" start_line="1570" end_line="1574" start_column="21" end_column="39" covered="no" />
            <range source_id="60" start_line="1576" end_line="1580" start_column="21" end_column="39" covered="no" />
            <range source_id="60" start_line="1582" end_line="1582" start_column="21" end_column="44" covered="no" />
            <range source_id="60" start_line="1584" end_line="1584" start_column="21" end_column="46" covered="no" />
            <range source_id="60" start_line="1585" end_line="1585" start_column="17" end_column="18" covered="no" />
          </ranges>
        </function>
        <function id="227252" token="0x6000584" name="&lt;BuildTargetModel&gt;b__2_39(Microsoft.EntityFrameworkCore.Metadata.Builders.EntityTypeBuilder)" namespace="AzAgroPOS.Verilenler.Migrations" type_name="AddDefaultPermissionsAndRolePermissions.&lt;&gt;c" block_coverage="0.00" line_coverage="0.00" blocks_covered="0" blocks_not_covered="13" lines_covered="0" lines_partially_covered="0" lines_not_covered="14">
          <ranges>
            <range source_id="60" start_line="1588" end_line="1588" start_column="17" end_column="18" covered="no" />
            <range source_id="60" start_line="1589" end_line="1593" start_column="21" end_column="39" covered="no" />
            <range source_id="60" start_line="1595" end_line="1599" start_column="21" end_column="39" covered="no" />
            <range source_id="60" start_line="1601" end_line="1601" start_column="21" end_column="43" covered="no" />
            <range source_id="60" start_line="1603" end_line="1603" start_column="21" end_column="41" covered="no" />
            <range source_id="60" start_line="1604" end_line="1604" start_column="17" end_column="18" covered="no" />
          </ranges>
        </function>
        <function id="227408" token="0x6000585" name="&lt;BuildTargetModel&gt;b__2_40(Microsoft.EntityFrameworkCore.Metadata.Builders.EntityTypeBuilder)" namespace="AzAgroPOS.Verilenler.Migrations" type_name="AddDefaultPermissionsAndRolePermissions.&lt;&gt;c" block_coverage="0.00" line_coverage="0.00" blocks_covered="0" blocks_not_covered="11" lines_covered="0" lines_partially_covered="0" lines_not_covered="12">
          <ranges>
            <range source_id="60" start_line="1607" end_line="1607" start_column="17" end_column="18" covered="no" />
            <range source_id="60" start_line="1608" end_line="1610" start_column="21" end_column="53" covered="no" />
            <range source_id="60" start_line="1612" end_line="1616" start_column="21" end_column="39" covered="no" />
            <range source_id="60" start_line="1618" end_line="1618" start_column="21" end_column="45" covered="no" />
            <range source_id="60" start_line="1620" end_line="1620" start_column="21" end_column="43" covered="no" />
            <range source_id="60" start_line="1621" end_line="1621" start_column="17" end_column="18" covered="no" />
          </ranges>
        </function>
        <function id="227548" token="0x6000586" name="&lt;BuildTargetModel&gt;b__2_41(Microsoft.EntityFrameworkCore.Metadata.Builders.EntityTypeBuilder)" namespace="AzAgroPOS.Verilenler.Migrations" type_name="AddDefaultPermissionsAndRolePermissions.&lt;&gt;c" block_coverage="0.00" line_coverage="0.00" blocks_covered="0" blocks_not_covered="13" lines_covered="0" lines_partially_covered="0" lines_not_covered="14">
          <ranges>
            <range source_id="60" start_line="1624" end_line="1624" start_column="17" end_column="18" covered="no" />
            <range source_id="60" start_line="1625" end_line="1629" start_column="21" end_column="39" covered="no" />
            <range source_id="60" start_line="1631" end_line="1635" start_column="21" end_column="39" covered="no" />
            <range source_id="60" start_line="1637" end_line="1637" start_column="21" end_column="44" covered="no" />
            <range source_id="60" start_line="1639" end_line="1639" start_column="21" end_column="43" covered="no" />
            <range source_id="60" start_line="1640" end_line="1640" start_column="17" end_column="18" covered="no" />
          </ranges>
        </function>
        <function id="227700" token="0x6000587" name="&lt;BuildTargetModel&gt;b__2_42(Microsoft.EntityFrameworkCore.Metadata.Builders.EntityTypeBuilder)" namespace="AzAgroPOS.Verilenler.Migrations" type_name="AddDefaultPermissionsAndRolePermissions.&lt;&gt;c" block_coverage="0.00" line_coverage="0.00" blocks_covered="0" blocks_not_covered="12" lines_covered="0" lines_partially_covered="0" lines_not_covered="13">
          <ranges>
            <range source_id="60" start_line="1643" end_line="1643" start_column="17" end_column="18" covered="no" />
            <range source_id="60" start_line="1644" end_line="1647" start_column="21" end_column="59" covered="no" />
            <range source_id="60" start_line="1649" end_line="1653" start_column="21" end_column="39" covered="no" />
            <range source_id="60" start_line="1655" end_line="1655" start_column="21" end_column="47" covered="no" />
            <range source_id="60" start_line="1657" end_line="1657" start_column="21" end_column="47" covered="no" />
            <range source_id="60" start_line="1658" end_line="1658" start_column="17" end_column="18" covered="no" />
          </ranges>
        </function>
        <function id="227848" token="0x6000588" name="&lt;BuildTargetModel&gt;b__2_43(Microsoft.EntityFrameworkCore.Metadata.Builders.EntityTypeBuilder)" namespace="AzAgroPOS.Verilenler.Migrations" type_name="AddDefaultPermissionsAndRolePermissions.&lt;&gt;c" block_coverage="0.00" line_coverage="0.00" blocks_covered="0" blocks_not_covered="6" lines_covered="0" lines_partially_covered="0" lines_not_covered="7">
          <ranges>
            <range source_id="60" start_line="1661" end_line="1661" start_column="17" end_column="18" covered="no" />
            <range source_id="60" start_line="1662" end_line="1665" start_column="21" end_column="60" covered="no" />
            <range source_id="60" start_line="1667" end_line="1667" start_column="21" end_column="42" covered="no" />
            <range source_id="60" start_line="1668" end_line="1668" start_column="17" end_column="18" covered="no" />
          </ranges>
        </function>
        <function id="227926" token="0x6000589" name="&lt;BuildTargetModel&gt;b__2_44(Microsoft.EntityFrameworkCore.Metadata.Builders.EntityTypeBuilder)" namespace="AzAgroPOS.Verilenler.Migrations" type_name="AddDefaultPermissionsAndRolePermissions.&lt;&gt;c" block_coverage="0.00" line_coverage="0.00" blocks_covered="0" blocks_not_covered="3" lines_covered="0" lines_partially_covered="0" lines_not_covered="4">
          <ranges>
            <range source_id="60" start_line="1671" end_line="1671" start_column="17" end_column="18" covered="no" />
            <range source_id="60" start_line="1672" end_line="1672" start_column="21" end_column="46" covered="no" />
            <range source_id="60" start_line="1674" end_line="1674" start_column="21" end_column="52" covered="no" />
            <range source_id="60" start_line="1675" end_line="1675" start_column="17" end_column="18" covered="no" />
          </ranges>
        </function>
        <function id="227953" token="0x600058a" name="&lt;BuildTargetModel&gt;b__2_45(Microsoft.EntityFrameworkCore.Metadata.Builders.EntityTypeBuilder)" namespace="AzAgroPOS.Verilenler.Migrations" type_name="AddDefaultPermissionsAndRolePermissions.&lt;&gt;c" block_coverage="0.00" line_coverage="0.00" blocks_covered="0" blocks_not_covered="2" lines_covered="0" lines_partially_covered="0" lines_not_covered="3">
          <ranges>
            <range source_id="60" start_line="1678" end_line="1678" start_column="17" end_column="18" covered="no" />
            <range source_id="60" start_line="1679" end_line="1679" start_column="21" end_column="54" covered="no" />
            <range source_id="60" start_line="1680" end_line="1680" start_column="17" end_column="18" covered="no" />
          </ranges>
        </function>
        <function id="227968" token="0x600058b" name="&lt;BuildTargetModel&gt;b__2_46(Microsoft.EntityFrameworkCore.Metadata.Builders.EntityTypeBuilder)" namespace="AzAgroPOS.Verilenler.Migrations" type_name="AddDefaultPermissionsAndRolePermissions.&lt;&gt;c" block_coverage="0.00" line_coverage="0.00" blocks_covered="0" blocks_not_covered="2" lines_covered="0" lines_partially_covered="0" lines_not_covered="3">
          <ranges>
            <range source_id="60" start_line="1683" end_line="1683" start_column="17" end_column="18" covered="no" />
            <range source_id="60" start_line="1684" end_line="1684" start_column="21" end_column="47" covered="no" />
            <range source_id="60" start_line="1685" end_line="1685" start_column="17" end_column="18" covered="no" />
          </ranges>
        </function>
        <function id="227983" token="0x600058c" name="&lt;BuildTargetModel&gt;b__2_47(Microsoft.EntityFrameworkCore.Metadata.Builders.EntityTypeBuilder)" namespace="AzAgroPOS.Verilenler.Migrations" type_name="AddDefaultPermissionsAndRolePermissions.&lt;&gt;c" block_coverage="0.00" line_coverage="0.00" blocks_covered="0" blocks_not_covered="2" lines_covered="0" lines_partially_covered="0" lines_not_covered="3">
          <ranges>
            <range source_id="60" start_line="1688" end_line="1688" start_column="17" end_column="18" covered="no" />
            <range source_id="60" start_line="1689" end_line="1689" start_column="21" end_column="44" covered="no" />
            <range source_id="60" start_line="1690" end_line="1690" start_column="17" end_column="18" covered="no" />
          </ranges>
        </function>
        <function id="227998" token="0x600058d" name="&lt;BuildTargetModel&gt;b__2_48(Microsoft.EntityFrameworkCore.Metadata.Builders.EntityTypeBuilder)" namespace="AzAgroPOS.Verilenler.Migrations" type_name="AddDefaultPermissionsAndRolePermissions.&lt;&gt;c" block_coverage="0.00" line_coverage="0.00" blocks_covered="0" blocks_not_covered="3" lines_covered="0" lines_partially_covered="0" lines_not_covered="4">
          <ranges>
            <range source_id="60" start_line="1693" end_line="1693" start_column="17" end_column="18" covered="no" />
            <range source_id="60" start_line="1694" end_line="1694" start_column="21" end_column="50" covered="no" />
            <range source_id="60" start_line="1696" end_line="1696" start_column="21" end_column="56" covered="no" />
            <range source_id="60" start_line="1697" end_line="1697" start_column="17" end_column="18" covered="no" />
          </ranges>
        </function>
        <function id="228025" token="0x600058e" name="&lt;BuildTargetModel&gt;b__2_49(Microsoft.EntityFrameworkCore.Metadata.Builders.EntityTypeBuilder)" namespace="AzAgroPOS.Verilenler.Migrations" type_name="AddDefaultPermissionsAndRolePermissions.&lt;&gt;c" block_coverage="0.00" line_coverage="0.00" blocks_covered="0" blocks_not_covered="3" lines_covered="0" lines_partially_covered="0" lines_not_covered="4">
          <ranges>
            <range source_id="60" start_line="1700" end_line="1700" start_column="17" end_column="18" covered="no" />
            <range source_id="60" start_line="1701" end_line="1701" start_column="21" end_column="46" covered="no" />
            <range source_id="60" start_line="1703" end_line="1703" start_column="21" end_column="54" covered="no" />
            <range source_id="60" start_line="1704" end_line="1704" start_column="17" end_column="18" covered="no" />
          </ranges>
        </function>
        <function id="228052" token="0x600058f" name="&lt;BuildTargetModel&gt;b__2_50(Microsoft.EntityFrameworkCore.Metadata.Builders.EntityTypeBuilder)" namespace="AzAgroPOS.Verilenler.Migrations" type_name="AddDefaultPermissionsAndRolePermissions.&lt;&gt;c" block_coverage="0.00" line_coverage="0.00" blocks_covered="0" blocks_not_covered="2" lines_covered="0" lines_partially_covered="0" lines_not_covered="3">
          <ranges>
            <range source_id="60" start_line="1707" end_line="1707" start_column="17" end_column="18" covered="no" />
            <range source_id="60" start_line="1708" end_line="1708" start_column="21" end_column="47" covered="no" />
            <range source_id="60" start_line="1709" end_line="1709" start_column="17" end_column="18" covered="no" />
          </ranges>
        </function>
        <function id="228067" token="0x6000590" name="&lt;BuildTargetModel&gt;b__2_51(Microsoft.EntityFrameworkCore.Metadata.Builders.EntityTypeBuilder)" namespace="AzAgroPOS.Verilenler.Migrations" type_name="AddDefaultPermissionsAndRolePermissions.&lt;&gt;c" block_coverage="0.00" line_coverage="0.00" blocks_covered="0" blocks_not_covered="2" lines_covered="0" lines_partially_covered="0" lines_not_covered="3">
          <ranges>
            <range source_id="60" start_line="1712" end_line="1712" start_column="17" end_column="18" covered="no" />
            <range source_id="60" start_line="1713" end_line="1713" start_column="21" end_column="46" covered="no" />
            <range source_id="60" start_line="1714" end_line="1714" start_column="17" end_column="18" covered="no" />
          </ranges>
        </function>
        <function id="228082" token="0x6000591" name="&lt;BuildTargetModel&gt;b__2_52(Microsoft.EntityFrameworkCore.Metadata.Builders.EntityTypeBuilder)" namespace="AzAgroPOS.Verilenler.Migrations" type_name="AddDefaultPermissionsAndRolePermissions.&lt;&gt;c" block_coverage="0.00" line_coverage="0.00" blocks_covered="0" blocks_not_covered="2" lines_covered="0" lines_partially_covered="0" lines_not_covered="3">
          <ranges>
            <range source_id="60" start_line="1717" end_line="1717" start_column="17" end_column="18" covered="no" />
            <range source_id="60" start_line="1718" end_line="1718" start_column="21" end_column="55" covered="no" />
            <range source_id="60" start_line="1719" end_line="1719" start_column="17" end_column="18" covered="no" />
          </ranges>
        </function>
        <function id="228097" token="0x6000592" name="&lt;BuildTargetModel&gt;b__2_53(Microsoft.EntityFrameworkCore.Metadata.Builders.EntityTypeBuilder)" namespace="AzAgroPOS.Verilenler.Migrations" type_name="AddDefaultPermissionsAndRolePermissions.&lt;&gt;c" block_coverage="0.00" line_coverage="0.00" blocks_covered="0" blocks_not_covered="3" lines_covered="0" lines_partially_covered="0" lines_not_covered="4">
          <ranges>
            <range source_id="60" start_line="1722" end_line="1722" start_column="17" end_column="18" covered="no" />
            <range source_id="60" start_line="1723" end_line="1723" start_column="21" end_column="46" covered="no" />
            <range source_id="60" start_line="1725" end_line="1725" start_column="21" end_column="51" covered="no" />
            <range source_id="60" start_line="1726" end_line="1726" start_column="17" end_column="18" covered="no" />
          </ranges>
        </function>
        <function id="228124" token="0x6000593" name="&lt;BuildTargetModel&gt;b__2_54(Microsoft.EntityFrameworkCore.Metadata.Builders.EntityTypeBuilder)" namespace="AzAgroPOS.Verilenler.Migrations" type_name="AddDefaultPermissionsAndRolePermissions.&lt;&gt;c" block_coverage="0.00" line_coverage="0.00" blocks_covered="0" blocks_not_covered="3" lines_covered="0" lines_partially_covered="0" lines_not_covered="4">
          <ranges>
            <range source_id="60" start_line="1729" end_line="1729" start_column="17" end_column="18" covered="no" />
            <range source_id="60" start_line="1730" end_line="1730" start_column="21" end_column="49" covered="no" />
            <range source_id="60" start_line="1732" end_line="1732" start_column="21" end_column="52" covered="no" />
            <range source_id="60" start_line="1733" end_line="1733" start_column="17" end_column="18" covered="no" />
          </ranges>
        </function>
        <function id="228151" token="0x6000594" name="&lt;BuildTargetModel&gt;b__2_55(Microsoft.EntityFrameworkCore.Metadata.Builders.EntityTypeBuilder)" namespace="AzAgroPOS.Verilenler.Migrations" type_name="AddDefaultPermissionsAndRolePermissions.&lt;&gt;c" block_coverage="0.00" line_coverage="0.00" blocks_covered="0" blocks_not_covered="4" lines_covered="0" lines_partially_covered="0" lines_not_covered="5">
          <ranges>
            <range source_id="60" start_line="1736" end_line="1736" start_column="17" end_column="18" covered="no" />
            <range source_id="60" start_line="1737" end_line="1737" start_column="21" end_column="51" covered="no" />
            <range source_id="60" start_line="1739" end_line="1739" start_column="21" end_column="53" covered="no" />
            <range source_id="60" start_line="1741" end_line="1741" start_column="21" end_column="46" covered="no" />
            <range source_id="60" start_line="1742" end_line="1742" start_column="17" end_column="18" covered="no" />
          </ranges>
        </function>
        <function id="228212" token="0x6000597" name="&lt;BuildTargetModel&gt;b__2_0(Microsoft.EntityFrameworkCore.Metadata.Builders.EntityTypeBuilder)" namespace="AzAgroPOS.Verilenler.Migrations" type_name="FixSchemaSync.&lt;&gt;c" block_coverage="0.00" line_coverage="0.00" blocks_covered="0" blocks_not_covered="28" lines_covered="0" lines_partially_covered="0" lines_not_covered="28">
          <ranges>
            <range source_id="62" start_line="29" end_line="29" start_column="17" end_column="18" covered="no" />
            <range source_id="62" start_line="30" end_line="32" start_column="21" end_column="47" covered="no" />
            <range source_id="62" start_line="34" end_line="34" start_column="21" end_column="97" covered="no" />
            <range source_id="62" start_line="36" end_line="37" start_column="21" end_column="57" covered="no" />
            <range source_id="62" start_line="39" end_line="41" start_column="21" end_column="57" covered="no" />
            <range source_id="62" start_line="43" end_line="46" start_column="21" end_column="49" covered="no" />
            <range source_id="62" start_line="48" end_line="49" start_column="21" end_column="47" covered="no" />
            <range source_id="62" start_line="51" end_line="52" start_column="21" end_column="47" covered="no" />
            <range source_id="62" start_line="54" end_line="55" start_column="21" end_column="53" covered="no" />
            <range source_id="62" start_line="57" end_line="58" start_column="21" end_column="58" covered="no" />
            <range source_id="62" start_line="60" end_line="61" start_column="21" end_column="53" covered="no" />
            <range source_id="62" start_line="63" end_line="63" start_column="21" end_column="36" covered="no" />
            <range source_id="62" start_line="65" end_line="65" start_column="21" end_column="47" covered="no" />
            <range source_id="62" start_line="67" end_line="67" start_column="21" end_column="48" covered="no" />
            <range source_id="62" start_line="68" end_line="68" start_column="17" end_column="18" covered="no" />
          </ranges>
        </function>
        <function id="228528" token="0x6000598" name="&lt;BuildTargetModel&gt;b__2_1(Microsoft.EntityFrameworkCore.Metadata.Builders.EntityTypeBuilder)" namespace="AzAgroPOS.Verilenler.Migrations" type_name="FixSchemaSync.&lt;&gt;c" block_coverage="0.00" line_coverage="0.00" blocks_covered="0" blocks_not_covered="27" lines_covered="0" lines_partially_covered="0" lines_not_covered="27">
          <ranges>
            <range source_id="62" start_line="71" end_line="71" start_column="17" end_column="18" covered="no" />
            <range source_id="62" start_line="72" end_line="74" start_column="21" end_column="47" covered="no" />
            <range source_id="62" start_line="76" end_line="76" start_column="21" end_column="97" covered="no" />
            <range source_id="62" start_line="78" end_line="79" start_column="21" end_column="47" covered="no" />
            <range source_id="62" start_line="81" end_line="82" start_column="21" end_column="47" covered="no" />
            <range source_id="62" start_line="84" end_line="85" start_column="21" end_column="58" covered="no" />
            <range source_id="62" start_line="87" end_line="88" start_column="21" end_column="58" covered="no" />
            <range source_id="62" start_line="90" end_line="91" start_column="21" end_column="47" covered="no" />
            <range source_id="62" start_line="93" end_line="94" start_column="21" end_column="57" covered="no" />
            <range source_id="62" start_line="96" end_line="99" start_column="21" end_column="49" covered="no" />
            <range source_id="62" start_line="101" end_line="101" start_column="21" end_column="36" covered="no" />
            <range source_id="62" start_line="103" end_line="103" start_column="21" end_column="47" covered="no" />
            <range source_id="62" start_line="105" end_line="105" start_column="21" end_column="55" covered="no" />
            <range source_id="62" start_line="107" end_line="107" start_column="21" end_column="44" covered="no" />
            <range source_id="62" start_line="109" end_line="109" start_column="21" end_column="53" covered="no" />
            <range source_id="62" start_line="110" end_line="110" start_column="17" end_column="18" covered="no" />
          </ranges>
        </function>
        <function id="228856" token="0x6000599" name="&lt;BuildTargetModel&gt;b__2_2(Microsoft.EntityFrameworkCore.Metadata.Builders.EntityTypeBuilder)" namespace="AzAgroPOS.Verilenler.Migrations" type_name="FixSchemaSync.&lt;&gt;c" block_coverage="0.00" line_coverage="0.00" blocks_covered="0" blocks_not_covered="32" lines_covered="0" lines_partially_covered="0" lines_not_covered="32">
          <ranges>
            <range source_id="62" start_line="113" end_line="113" start_column="17" end_column="18" covered="no" />
            <range source_id="62" start_line="114" end_line="116" start_column="21" end_column="47" covered="no" />
            <range source_id="62" start_line="118" end_line="118" start_column="21" end_column="97" covered="no" />
            <range source_id="62" start_line="120" end_line="121" start_column="21" end_column="53" covered="no" />
            <range source_id="62" start_line="123" end_line="124" start_column="21" end_column="53" covered="no" />
            <range source_id="62" start_line="126" end_line="127" start_column="21" end_column="57" covered="no" />
            <range source_id="62" start_line="129" end_line="131" start_column="21" end_column="57" covered="no" />
            <range source_id="62" start_line="133" end_line="136" start_column="21" end_column="49" covered="no" />
            <range source_id="62" start_line="138" end_line="139" start_column="21" end_column="47" covered="no" />
            <range source_id="62" start_line="141" end_line="142" start_column="21" end_column="47" covered="no" />
            <range source_id="62" start_line="144" end_line="145" start_column="21" end_column="53" covered="no" />
            <range source_id="62" start_line="147" end_line="148" start_column="21" end_column="58" covered="no" />
            <range source_id="62" start_line="150" end_line="151" start_column="21" end_column="53" covered="no" />
            <range source_id="62" start_line="153" end_line="153" start_column="21" end_column="36" covered="no" />
            <range source_id="62" start_line="155" end_line="155" start_column="21" end_column="47" covered="no" />
            <range source_id="62" start_line="157" end_line="157" start_column="21" end_column="50" covered="no" />
            <range source_id="62" start_line="158" end_line="158" start_column="17" end_column="18" covered="no" />
          </ranges>
        </function>
        <function id="229216" token="0x600059a" name="&lt;BuildTargetModel&gt;b__2_3(Microsoft.EntityFrameworkCore.Metadata.Builders.EntityTypeBuilder)" namespace="AzAgroPOS.Verilenler.Migrations" type_name="FixSchemaSync.&lt;&gt;c" block_coverage="0.00" line_coverage="0.00" blocks_covered="0" blocks_not_covered="26" lines_covered="0" lines_partially_covered="0" lines_not_covered="26">
          <ranges>
            <range source_id="62" start_line="161" end_line="161" start_column="17" end_column="18" covered="no" />
            <range source_id="62" start_line="162" end_line="164" start_column="21" end_column="47" covered="no" />
            <range source_id="62" start_line="166" end_line="166" start_column="21" end_column="97" covered="no" />
            <range source_id="62" start_line="168" end_line="169" start_column="21" end_column="47" covered="no" />
            <range source_id="62" start_line="171" end_line="172" start_column="21" end_column="58" covered="no" />
            <range source_id="62" start_line="174" end_line="175" start_column="21" end_column="58" covered="no" />
            <range source_id="62" start_line="177" end_line="178" start_column="21" end_column="47" covered="no" />
            <range source_id="62" start_line="180" end_line="181" start_column="21" end_column="57" covered="no" />
            <range source_id="62" start_line="183" end_line="186" start_column="21" end_column="49" covered="no" />
            <range source_id="62" start_line="188" end_line="189" start_column="21" end_column="57" covered="no" />
            <range source_id="62" start_line="191" end_line="191" start_column="21" end_column="36" covered="no" />
            <range source_id="62" start_line="193" end_line="193" start_column="21" end_column="49" covered="no" />
            <range source_id="62" start_line="195" end_line="195" start_column="21" end_column="44" covered="no" />
            <range source_id="62" start_line="197" end_line="197" start_column="21" end_column="55" covered="no" />
            <range source_id="62" start_line="198" end_line="198" start_column="17" end_column="18" covered="no" />
          </ranges>
        </function>
        <function id="229524" token="0x600059b" name="&lt;BuildTargetModel&gt;b__2_4(Microsoft.EntityFrameworkCore.Metadata.Builders.EntityTypeBuilder)" namespace="AzAgroPOS.Verilenler.Migrations" type_name="FixSchemaSync.&lt;&gt;c" block_coverage="0.00" line_coverage="0.00" blocks_covered="0" blocks_not_covered="29" lines_covered="0" lines_partially_covered="0" lines_not_covered="56">
          <ranges>
            <range source_id="62" start_line="201" end_line="201" start_column="17" end_column="18" covered="no" />
            <range source_id="62" start_line="202" end_line="204" start_column="21" end_column="47" covered="no" />
            <range source_id="62" start_line="206" end_line="206" start_column="21" end_column="97" covered="no" />
            <range source_id="62" start_line="208" end_line="210" start_column="21" end_column="57" covered="no" />
            <range source_id="62" start_line="212" end_line="213" start_column="21" end_column="47" covered="no" />
            <range source_id="62" start_line="215" end_line="216" start_column="21" end_column="57" covered="no" />
            <range source_id="62" start_line="218" end_line="219" start_column="21" end_column="57" covered="no" />
            <range source_id="62" start_line="221" end_line="224" start_column="21" end_column="49" covered="no" />
            <range source_id="62" start_line="226" end_line="227" start_column="21" end_column="57" covered="no" />
            <range source_id="62" start_line="229" end_line="230" start_column="21" end_column="57" covered="no" />
            <range source_id="62" start_line="232" end_line="232" start_column="21" end_column="36" covered="no" />
            <range source_id="62" start_line="234" end_line="234" start_column="21" end_column="43" covered="no" />
            <range source_id="62" start_line="236" end_line="266" start_column="21" end_column="28" covered="no" />
            <range source_id="62" start_line="267" end_line="267" start_column="17" end_column="18" covered="no" />
          </ranges>
        </function>
        <function id="229900" token="0x600059c" name="&lt;BuildTargetModel&gt;b__2_5(Microsoft.EntityFrameworkCore.Metadata.Builders.EntityTypeBuilder)" namespace="AzAgroPOS.Verilenler.Migrations" type_name="FixSchemaSync.&lt;&gt;c" block_coverage="0.00" line_coverage="0.00" blocks_covered="0" blocks_not_covered="26" lines_covered="0" lines_partially_covered="0" lines_not_covered="26">
          <ranges>
            <range source_id="62" start_line="270" end_line="270" start_column="17" end_column="18" covered="no" />
            <range source_id="62" start_line="271" end_line="273" start_column="21" end_column="47" covered="no" />
            <range source_id="62" start_line="275" end_line="275" start_column="21" end_column="97" covered="no" />
            <range source_id="62" start_line="277" end_line="279" start_column="21" end_column="57" covered="no" />
            <range source_id="62" start_line="281" end_line="283" start_column="21" end_column="57" covered="no" />
            <range source_id="62" start_line="285" end_line="286" start_column="21" end_column="47" covered="no" />
            <range source_id="62" start_line="288" end_line="289" start_column="21" end_column="53" covered="no" />
            <range source_id="62" start_line="291" end_line="292" start_column="21" end_column="47" covered="no" />
            <range source_id="62" start_line="294" end_line="295" start_column="21" end_column="47" covered="no" />
            <range source_id="62" start_line="297" end_line="300" start_column="21" end_column="49" covered="no" />
            <range source_id="62" start_line="302" end_line="302" start_column="21" end_column="36" covered="no" />
            <range source_id="62" start_line="304" end_line="304" start_column="21" end_column="54" covered="no" />
            <range source_id="62" start_line="305" end_line="305" start_column="17" end_column="18" covered="no" />
          </ranges>
        </function>
        <function id="230176" token="0x600059d" name="&lt;BuildTargetModel&gt;b__2_6(Microsoft.EntityFrameworkCore.Metadata.Builders.EntityTypeBuilder)" namespace="AzAgroPOS.Verilenler.Migrations" type_name="FixSchemaSync.&lt;&gt;c" block_coverage="0.00" line_coverage="0.00" blocks_covered="0" blocks_not_covered="24" lines_covered="0" lines_partially_covered="0" lines_not_covered="54">
          <ranges>
            <range source_id="62" start_line="308" end_line="308" start_column="17" end_column="18" covered="no" />
            <range source_id="62" start_line="309" end_line="311" start_column="21" end_column="47" covered="no" />
            <range source_id="62" start_line="313" end_line="313" start_column="21" end_column="97" covered="no" />
            <range source_id="62" start_line="315" end_line="317" start_column="21" end_column="57" covered="no" />
            <range source_id="62" start_line="319" end_line="322" start_column="21" end_column="49" covered="no" />
            <range source_id="62" start_line="324" end_line="326" start_column="21" end_column="57" covered="no" />
            <range source_id="62" start_line="328" end_line="328" start_column="21" end_column="36" covered="no" />
            <range source_id="62" start_line="330" end_line="330" start_column="21" end_column="43" covered="no" />
            <range source_id="62" start_line="332" end_line="367" start_column="21" end_column="28" covered="no" />
            <range source_id="62" start_line="368" end_line="368" start_column="17" end_column="18" covered="no" />
          </ranges>
        </function>
        <function id="230480" token="0x600059e" name="&lt;BuildTargetModel&gt;b__2_7(Microsoft.EntityFrameworkCore.Metadata.Builders.EntityTypeBuilder)" namespace="AzAgroPOS.Verilenler.Migrations" type_name="FixSchemaSync.&lt;&gt;c" block_coverage="0.00" line_coverage="0.00" blocks_covered="0" blocks_not_covered="59" lines_covered="0" lines_partially_covered="0" lines_not_covered="87">
          <ranges>
            <range source_id="62" start_line="371" end_line="371" start_column="17" end_column="18" covered="no" />
            <range source_id="62" start_line="372" end_line="374" start_column="21" end_column="47" covered="no" />
            <range source_id="62" start_line="376" end_line="376" start_column="21" end_column="97" covered="no" />
            <range source_id="62" start_line="378" end_line="380" start_column="21" end_column="57" covered="no" />
            <range source_id="62" start_line="382" end_line="384" start_column="21" end_column="57" covered="no" />
            <range source_id="62" start_line="386" end_line="387" start_column="21" end_column="53" covered="no" />
            <range source_id="62" start_line="389" end_line="391" start_column="21" end_column="57" covered="no" />
            <range source_id="62" start_line="393" end_line="394" start_column="21" end_column="53" covered="no" />
            <range source_id="62" start_line="396" end_line="397" start_column="21" end_column="58" covered="no" />
            <range source_id="62" start_line="399" end_line="401" start_column="21" end_column="57" covered="no" />
            <range source_id="62" start_line="403" end_line="406" start_column="21" end_column="49" covered="no" />
            <range source_id="62" start_line="408" end_line="409" start_column="21" end_column="47" covered="no" />
            <range source_id="62" start_line="411" end_line="412" start_column="21" end_column="47" covered="no" />
            <range source_id="62" start_line="414" end_line="416" start_column="21" end_column="57" covered="no" />
            <range source_id="62" start_line="418" end_line="420" start_column="21" end_column="57" covered="no" />
            <range source_id="62" start_line="422" end_line="424" start_column="21" end_column="57" covered="no" />
            <range source_id="62" start_line="426" end_line="428" start_column="21" end_column="57" covered="no" />
            <range source_id="62" start_line="430" end_line="432" start_column="21" end_column="57" covered="no" />
            <range source_id="62" start_line="434" end_line="434" start_column="21" end_column="36" covered="no" />
            <range source_id="62" start_line="436" end_line="436" start_column="21" end_column="56" covered="no" />
            <range source_id="62" start_line="438" end_line="438" start_column="21" end_column="42" covered="no" />
            <range source_id="62" start_line="440" end_line="476" start_column="21" end_column="28" covered="no" />
            <range source_id="62" start_line="477" end_line="477" start_column="17" end_column="18" covered="no" />
          </ranges>
        </function>
        <function id="231220" token="0x600059f" name="&lt;BuildTargetModel&gt;b__2_8(Microsoft.EntityFrameworkCore.Metadata.Builders.EntityTypeBuilder)" namespace="AzAgroPOS.Verilenler.Migrations" type_name="FixSchemaSync.&lt;&gt;c" block_coverage="0.00" line_coverage="0.00" blocks_covered="0" blocks_not_covered="36" lines_covered="0" lines_partially_covered="0" lines_not_covered="36">
          <ranges>
            <range source_id="62" start_line="480" end_line="480" start_column="17" end_column="18" covered="no" />
            <range source_id="62" start_line="481" end_line="483" start_column="21" end_column="47" covered="no" />
            <range source_id="62" start_line="485" end_line="485" start_column="21" end_column="97" covered="no" />
            <range source_id="62" start_line="487" end_line="488" start_column="21" end_column="53" covered="no" />
            <range source_id="62" start_line="490" end_line="491" start_column="21" end_column="53" covered="no" />
            <range source_id="62" start_line="493" end_line="494" start_column="21" end_column="47" covered="no" />
            <range source_id="62" start_line="496" end_line="497" start_column="21" end_column="47" covered="no" />
            <range source_id="62" start_line="499" end_line="500" start_column="21" end_column="47" covered="no" />
            <range source_id="62" start_line="502" end_line="504" start_column="21" end_column="57" covered="no" />
            <range source_id="62" start_line="506" end_line="508" start_column="21" end_column="57" covered="no" />
            <range source_id="62" start_line="510" end_line="513" start_column="21" end_column="49" covered="no" />
            <range source_id="62" start_line="515" end_line="516" start_column="21" end_column="47" covered="no" />
            <range source_id="62" start_line="518" end_line="519" start_column="21" end_column="47" covered="no" />
            <range source_id="62" start_line="521" end_line="522" start_column="21" end_column="53" covered="no" />
            <range source_id="62" start_line="524" end_line="524" start_column="21" end_column="36" covered="no" />
            <range source_id="62" start_line="526" end_line="526" start_column="21" end_column="42" covered="no" />
            <range source_id="62" start_line="528" end_line="528" start_column="21" end_column="52" covered="no" />
            <range source_id="62" start_line="530" end_line="530" start_column="21" end_column="46" covered="no" />
            <range source_id="62" start_line="531" end_line="531" start_column="17" end_column="18" covered="no" />
          </ranges>
        </function>
        <function id="231628" token="0x60005a0" name="&lt;BuildTargetModel&gt;b__2_9(Microsoft.EntityFrameworkCore.Metadata.Builders.EntityTypeBuilder)" namespace="AzAgroPOS.Verilenler.Migrations" type_name="FixSchemaSync.&lt;&gt;c" block_coverage="0.00" line_coverage="0.00" blocks_covered="0" blocks_not_covered="31" lines_covered="0" lines_partially_covered="0" lines_not_covered="31">
          <ranges>
            <range source_id="62" start_line="534" end_line="534" start_column="17" end_column="18" covered="no" />
            <range source_id="62" start_line="535" end_line="537" start_column="21" end_column="47" covered="no" />
            <range source_id="62" start_line="539" end_line="539" start_column="21" end_column="97" covered="no" />
            <range source_id="62" start_line="541" end_line="543" start_column="21" end_column="57" covered="no" />
            <range source_id="62" start_line="545" end_line="546" start_column="21" end_column="47" covered="no" />
            <range source_id="62" start_line="548" end_line="550" start_column="21" end_column="57" covered="no" />
            <range source_id="62" start_line="552" end_line="554" start_column="21" end_column="57" covered="no" />
            <range source_id="62" start_line="556" end_line="557" start_column="21" end_column="47" covered="no" />
            <range source_id="62" start_line="559" end_line="562" start_column="21" end_column="49" covered="no" />
            <range source_id="62" start_line="564" end_line="565" start_column="21" end_column="53" covered="no" />
            <range source_id="62" start_line="567" end_line="569" start_column="21" end_column="57" covered="no" />
            <range source_id="62" start_line="571" end_line="571" start_column="21" end_column="36" covered="no" />
            <range source_id="62" start_line="573" end_line="573" start_column="21" end_column="42" covered="no" />
            <range source_id="62" start_line="575" end_line="575" start_column="21" end_column="53" covered="no" />
            <range source_id="62" start_line="576" end_line="576" start_column="17" end_column="18" covered="no" />
          </ranges>
        </function>
        <function id="231960" token="0x60005a1" name="&lt;BuildTargetModel&gt;b__2_10(Microsoft.EntityFrameworkCore.Metadata.Builders.EntityTypeBuilder)" namespace="AzAgroPOS.Verilenler.Migrations" type_name="FixSchemaSync.&lt;&gt;c" block_coverage="0.00" line_coverage="0.00" blocks_covered="0" blocks_not_covered="26" lines_covered="0" lines_partially_covered="0" lines_not_covered="34">
          <ranges>
            <range source_id="62" start_line="579" end_line="579" start_column="17" end_column="18" covered="no" />
            <range source_id="62" start_line="580" end_line="582" start_column="21" end_column="47" covered="no" />
            <range source_id="62" start_line="584" end_line="584" start_column="21" end_column="97" covered="no" />
            <range source_id="62" start_line="586" end_line="588" start_column="21" end_column="57" covered="no" />
            <range source_id="62" start_line="590" end_line="592" start_column="21" end_column="57" covered="no" />
            <range source_id="62" start_line="594" end_line="595" start_column="21" end_column="47" covered="no" />
            <range source_id="62" start_line="597" end_line="600" start_column="21" end_column="49" covered="no" />
            <range source_id="62" start_line="602" end_line="604" start_column="21" end_column="57" covered="no" />
            <range source_id="62" start_line="606" end_line="606" start_column="21" end_column="36" covered="no" />
            <range source_id="62" start_line="608" end_line="608" start_column="21" end_column="41" covered="no" />
            <range source_id="62" start_line="610" end_line="610" start_column="21" end_column="48" covered="no" />
            <range source_id="62" start_line="612" end_line="621" start_column="21" end_column="28" covered="no" />
            <range source_id="62" start_line="622" end_line="622" start_column="17" end_column="18" covered="no" />
          </ranges>
        </function>
        <function id="232260" token="0x60005a2" name="&lt;BuildTargetModel&gt;b__2_11(Microsoft.EntityFrameworkCore.Metadata.Builders.EntityTypeBuilder)" namespace="AzAgroPOS.Verilenler.Migrations" type_name="FixSchemaSync.&lt;&gt;c" block_coverage="0.00" line_coverage="0.00" blocks_covered="0" blocks_not_covered="23" lines_covered="0" lines_partially_covered="0" lines_not_covered="44">
          <ranges>
            <range source_id="62" start_line="625" end_line="625" start_column="17" end_column="18" covered="no" />
            <range source_id="62" start_line="626" end_line="628" start_column="21" end_column="47" covered="no" />
            <range source_id="62" start_line="630" end_line="630" start_column="21" end_column="97" covered="no" />
            <range source_id="62" start_line="632" end_line="634" start_column="21" end_column="57" covered="no" />
            <range source_id="62" start_line="636" end_line="637" start_column="21" end_column="47" covered="no" />
            <range source_id="62" start_line="639" end_line="642" start_column="21" end_column="49" covered="no" />
            <range source_id="62" start_line="644" end_line="645" start_column="21" end_column="57" covered="no" />
            <range source_id="62" start_line="647" end_line="647" start_column="21" end_column="36" covered="no" />
            <range source_id="62" start_line="649" end_line="649" start_column="21" end_column="48" covered="no" />
            <range source_id="62" start_line="651" end_line="675" start_column="21" end_column="28" covered="no" />
            <range source_id="62" start_line="676" end_line="676" start_column="17" end_column="18" covered="no" />
          </ranges>
        </function>
        <function id="232540" token="0x60005a3" name="&lt;BuildTargetModel&gt;b__2_12(Microsoft.EntityFrameworkCore.Metadata.Builders.EntityTypeBuilder)" namespace="AzAgroPOS.Verilenler.Migrations" type_name="FixSchemaSync.&lt;&gt;c" block_coverage="0.00" line_coverage="0.00" blocks_covered="0" blocks_not_covered="24" lines_covered="0" lines_partially_covered="0" lines_not_covered="24">
          <ranges>
            <range source_id="62" start_line="679" end_line="679" start_column="17" end_column="18" covered="no" />
            <range source_id="62" start_line="680" end_line="682" start_column="21" end_column="47" covered="no" />
            <range source_id="62" start_line="684" end_line="684" start_column="21" end_column="97" covered="no" />
            <range source_id="62" start_line="686" end_line="688" start_column="21" end_column="57" covered="no" />
            <range source_id="62" start_line="690" end_line="692" start_column="21" end_column="57" covered="no" />
            <range source_id="62" start_line="694" end_line="696" start_column="21" end_column="57" covered="no" />
            <range source_id="62" start_line="698" end_line="701" start_column="21" end_column="49" covered="no" />
            <range source_id="62" start_line="703" end_line="705" start_column="21" end_column="57" covered="no" />
            <range source_id="62" start_line="707" end_line="707" start_column="21" end_column="36" covered="no" />
            <range source_id="62" start_line="709" end_line="709" start_column="21" end_column="51" covered="no" />
            <range source_id="62" start_line="710" end_line="710" start_column="17" end_column="18" covered="no" />
          </ranges>
        </function>
        <function id="232784" token="0x60005a4" name="&lt;BuildTargetModel&gt;b__2_13(Microsoft.EntityFrameworkCore.Metadata.Builders.EntityTypeBuilder)" namespace="AzAgroPOS.Verilenler.Migrations" type_name="FixSchemaSync.&lt;&gt;c" block_coverage="0.00" line_coverage="0.00" blocks_covered="0" blocks_not_covered="56" lines_covered="0" lines_partially_covered="0" lines_not_covered="95">
          <ranges>
            <range source_id="62" start_line="713" end_line="713" start_column="17" end_column="18" covered="no" />
            <range source_id="62" start_line="714" end_line="716" start_column="21" end_column="47" covered="no" />
            <range source_id="62" start_line="718" end_line="718" start_column="21" end_column="97" covered="no" />
            <range source_id="62" start_line="720" end_line="722" start_column="21" end_column="57" covered="no" />
            <range source_id="62" start_line="724" end_line="725" start_column="21" end_column="47" covered="no" />
            <range source_id="62" start_line="727" end_line="728" start_column="21" end_column="58" covered="no" />
            <range source_id="62" start_line="730" end_line="731" start_column="21" end_column="57" covered="no" />
            <range source_id="62" start_line="733" end_line="734" start_column="21" end_column="47" covered="no" />
            <range source_id="62" start_line="736" end_line="737" start_column="21" end_column="47" covered="no" />
            <range source_id="62" start_line="739" end_line="740" start_column="21" end_column="47" covered="no" />
            <range source_id="62" start_line="742" end_line="743" start_column="21" end_column="47" covered="no" />
            <range source_id="62" start_line="745" end_line="746" start_column="21" end_column="47" covered="no" />
            <range source_id="62" start_line="748" end_line="749" start_column="21" end_column="58" covered="no" />
            <range source_id="62" start_line="751" end_line="752" start_column="21" end_column="57" covered="no" />
            <range source_id="62" start_line="754" end_line="757" start_column="21" end_column="49" covered="no" />
            <range source_id="62" start_line="759" end_line="760" start_column="21" end_column="57" covered="no" />
            <range source_id="62" start_line="762" end_line="763" start_column="21" end_column="47" covered="no" />
            <range source_id="62" start_line="765" end_line="766" start_column="21" end_column="58" covered="no" />
            <range source_id="62" start_line="768" end_line="769" start_column="21" end_column="58" covered="no" />
            <range source_id="62" start_line="771" end_line="771" start_column="21" end_column="36" covered="no" />
            <range source_id="62" start_line="773" end_line="773" start_column="21" end_column="43" covered="no" />
            <range source_id="62" start_line="775" end_line="775" start_column="21" end_column="48" covered="no" />
            <range source_id="62" start_line="777" end_line="777" start_column="21" end_column="47" covered="no" />
            <range source_id="62" start_line="779" end_line="779" start_column="21" end_column="44" covered="no" />
            <range source_id="62" start_line="781" end_line="829" start_column="21" end_column="28" covered="no" />
            <range source_id="62" start_line="830" end_line="830" start_column="17" end_column="18" covered="no" />
          </ranges>
        </function>
        <function id="233532" token="0x60005a5" name="&lt;BuildTargetModel&gt;b__2_14(Microsoft.EntityFrameworkCore.Metadata.Builders.EntityTypeBuilder)" namespace="AzAgroPOS.Verilenler.Migrations" type_name="FixSchemaSync.&lt;&gt;c" block_coverage="0.00" line_coverage="0.00" blocks_covered="0" blocks_not_covered="24" lines_covered="0" lines_partially_covered="0" lines_not_covered="24">
          <ranges>
            <range source_id="62" start_line="833" end_line="833" start_column="17" end_column="18" covered="no" />
            <range source_id="62" start_line="834" end_line="836" start_column="21" end_column="47" covered="no" />
            <range source_id="62" start_line="838" end_line="838" start_column="21" end_column="97" covered="no" />
            <range source_id="62" start_line="840" end_line="841" start_column="21" end_column="57" covered="no" />
            <range source_id="62" start_line="843" end_line="846" start_column="21" end_column="49" covered="no" />
            <range source_id="62" start_line="848" end_line="850" start_column="21" end_column="57" covered="no" />
            <range source_id="62" start_line="852" end_line="854" start_column="21" end_column="57" covered="no" />
            <range source_id="62" start_line="856" end_line="857" start_column="21" end_column="58" covered="no" />
            <range source_id="62" start_line="859" end_line="860" start_column="21" end_column="57" covered="no" />
            <range source_id="62" start_line="862" end_line="862" start_column="21" end_column="36" covered="no" />
            <range source_id="62" start_line="864" end_line="864" start_column="21" end_column="45" covered="no" />
            <range source_id="62" start_line="865" end_line="865" start_column="17" end_column="18" covered="no" />
          </ranges>
        </function>
        <function id="233788" token="0x60005a6" name="&lt;BuildTargetModel&gt;b__2_15(Microsoft.EntityFrameworkCore.Metadata.Builders.EntityTypeBuilder)" namespace="AzAgroPOS.Verilenler.Migrations" type_name="FixSchemaSync.&lt;&gt;c" block_coverage="0.00" line_coverage="0.00" blocks_covered="0" blocks_not_covered="26" lines_covered="0" lines_partially_covered="0" lines_not_covered="26">
          <ranges>
            <range source_id="62" start_line="868" end_line="868" start_column="17" end_column="18" covered="no" />
            <range source_id="62" start_line="869" end_line="871" start_column="21" end_column="47" covered="no" />
            <range source_id="62" start_line="873" end_line="873" start_column="21" end_column="97" covered="no" />
            <range source_id="62" start_line="875" end_line="876" start_column="21" end_column="47" covered="no" />
            <range source_id="62" start_line="878" end_line="879" start_column="21" end_column="58" covered="no" />
            <range source_id="62" start_line="881" end_line="882" start_column="21" end_column="47" covered="no" />
            <range source_id="62" start_line="884" end_line="885" start_column="21" end_column="57" covered="no" />
            <range source_id="62" start_line="887" end_line="888" start_column="21" end_column="47" covered="no" />
            <range source_id="62" start_line="890" end_line="893" start_column="21" end_column="49" covered="no" />
            <range source_id="62" start_line="895" end_line="896" start_column="21" end_column="53" covered="no" />
            <range source_id="62" start_line="898" end_line="898" start_column="21" end_column="36" covered="no" />
            <range source_id="62" start_line="900" end_line="900" start_column="21" end_column="45" covered="no" />
            <range source_id="62" start_line="902" end_line="902" start_column="21" end_column="43" covered="no" />
            <range source_id="62" start_line="904" end_line="904" start_column="21" end_column="51" covered="no" />
            <range source_id="62" start_line="905" end_line="905" start_column="17" end_column="18" covered="no" />
          </ranges>
        </function>
        <function id="234096" token="0x60005a7" name="&lt;BuildTargetModel&gt;b__2_16(Microsoft.EntityFrameworkCore.Metadata.Builders.EntityTypeBuilder)" namespace="AzAgroPOS.Verilenler.Migrations" type_name="FixSchemaSync.&lt;&gt;c" block_coverage="0.00" line_coverage="0.00" blocks_covered="0" blocks_not_covered="27" lines_covered="0" lines_partially_covered="0" lines_not_covered="27">
          <ranges>
            <range source_id="62" start_line="908" end_line="908" start_column="17" end_column="18" covered="no" />
            <range source_id="62" start_line="909" end_line="911" start_column="21" end_column="47" covered="no" />
            <range source_id="62" start_line="913" end_line="913" start_column="21" end_column="97" covered="no" />
            <range source_id="62" start_line="915" end_line="916" start_column="21" end_column="53" covered="no" />
            <range source_id="62" start_line="918" end_line="919" start_column="21" end_column="53" covered="no" />
            <range source_id="62" start_line="921" end_line="922" start_column="21" end_column="58" covered="no" />
            <range source_id="62" start_line="924" end_line="925" start_column="21" end_column="58" covered="no" />
            <range source_id="62" start_line="927" end_line="928" start_column="21" end_column="58" covered="no" />
            <range source_id="62" start_line="930" end_line="931" start_column="21" end_column="47" covered="no" />
            <range source_id="62" start_line="933" end_line="936" start_column="21" end_column="49" covered="no" />
            <range source_id="62" start_line="938" end_line="939" start_column="21" end_column="47" covered="no" />
            <range source_id="62" start_line="941" end_line="941" start_column="21" end_column="36" covered="no" />
            <range source_id="62" start_line="943" end_line="943" start_column="21" end_column="42" covered="no" />
            <range source_id="62" start_line="945" end_line="945" start_column="21" end_column="43" covered="no" />
            <range source_id="62" start_line="946" end_line="946" start_column="17" end_column="18" covered="no" />
          </ranges>
        </function>
        <function id="234404" token="0x60005a8" name="&lt;BuildTargetModel&gt;b__2_17(Microsoft.EntityFrameworkCore.Metadata.Builders.EntityTypeBuilder)" namespace="AzAgroPOS.Verilenler.Migrations" type_name="FixSchemaSync.&lt;&gt;c" block_coverage="0.00" line_coverage="0.00" blocks_covered="0" blocks_not_covered="25" lines_covered="0" lines_partially_covered="0" lines_not_covered="25">
          <ranges>
            <range source_id="62" start_line="949" end_line="949" start_column="17" end_column="18" covered="no" />
            <range source_id="62" start_line="950" end_line="952" start_column="21" end_column="47" covered="no" />
            <range source_id="62" start_line="954" end_line="954" start_column="21" end_column="97" covered="no" />
            <range source_id="62" start_line="956" end_line="957" start_column="21" end_column="47" covered="no" />
            <range source_id="62" start_line="959" end_line="960" start_column="21" end_column="47" covered="no" />
            <range source_id="62" start_line="962" end_line="964" start_column="21" end_column="57" covered="no" />
            <range source_id="62" start_line="966" end_line="969" start_column="21" end_column="49" covered="no" />
            <range source_id="62" start_line="971" end_line="972" start_column="21" end_column="53" covered="no" />
            <range source_id="62" start_line="974" end_line="975" start_column="21" end_column="57" covered="no" />
            <range source_id="62" start_line="977" end_line="977" start_column="21" end_column="36" covered="no" />
            <range source_id="62" start_line="979" end_line="979" start_column="21" end_column="44" covered="no" />
            <range source_id="62" start_line="981" end_line="981" start_column="21" end_column="43" covered="no" />
            <range source_id="62" start_line="983" end_line="983" start_column="21" end_column="46" covered="no" />
            <range source_id="62" start_line="984" end_line="984" start_column="17" end_column="18" covered="no" />
          </ranges>
        </function>
        <function id="234696" token="0x60005a9" name="&lt;BuildTargetModel&gt;b__2_18(Microsoft.EntityFrameworkCore.Metadata.Builders.EntityTypeBuilder)" namespace="AzAgroPOS.Verilenler.Migrations" type_name="FixSchemaSync.&lt;&gt;c" block_coverage="0.00" line_coverage="0.00" blocks_covered="0" blocks_not_covered="24" lines_covered="0" lines_partially_covered="0" lines_not_covered="24">
          <ranges>
            <range source_id="62" start_line="987" end_line="987" start_column="17" end_column="18" covered="no" />
            <range source_id="62" start_line="988" end_line="990" start_column="21" end_column="47" covered="no" />
            <range source_id="62" start_line="992" end_line="992" start_column="21" end_column="97" covered="no" />
            <range source_id="62" start_line="994" end_line="995" start_column="21" end_column="47" covered="no" />
            <range source_id="62" start_line="997" end_line="998" start_column="21" end_column="57" covered="no" />
            <range source_id="62" start_line="1000" end_line="1001" start_column="21" end_column="47" covered="no" />
            <range source_id="62" start_line="1003" end_line="1004" start_column="21" end_column="57" covered="no" />
            <range source_id="62" start_line="1006" end_line="1009" start_column="21" end_column="49" covered="no" />
            <range source_id="62" start_line="1011" end_line="1012" start_column="21" end_column="57" covered="no" />
            <range source_id="62" start_line="1014" end_line="1014" start_column="21" end_column="36" covered="no" />
            <range source_id="62" start_line="1016" end_line="1016" start_column="21" end_column="44" covered="no" />
            <range source_id="62" start_line="1018" end_line="1018" start_column="21" end_column="46" covered="no" />
            <range source_id="62" start_line="1020" end_line="1020" start_column="21" end_column="52" covered="no" />
            <range source_id="62" start_line="1021" end_line="1021" start_column="17" end_column="18" covered="no" />
          </ranges>
        </function>
        <function id="234980" token="0x60005aa" name="&lt;BuildTargetModel&gt;b__2_19(Microsoft.EntityFrameworkCore.Metadata.Builders.EntityTypeBuilder)" namespace="AzAgroPOS.Verilenler.Migrations" type_name="FixSchemaSync.&lt;&gt;c" block_coverage="0.00" line_coverage="0.00" blocks_covered="0" blocks_not_covered="18" lines_covered="0" lines_partially_covered="0" lines_not_covered="28">
          <ranges>
            <range source_id="62" start_line="1024" end_line="1024" start_column="17" end_column="18" covered="no" />
            <range source_id="62" start_line="1025" end_line="1027" start_column="21" end_column="47" covered="no" />
            <range source_id="62" start_line="1029" end_line="1029" start_column="21" end_column="97" covered="no" />
            <range source_id="62" start_line="1031" end_line="1033" start_column="21" end_column="57" covered="no" />
            <range source_id="62" start_line="1035" end_line="1038" start_column="21" end_column="49" covered="no" />
            <range source_id="62" start_line="1040" end_line="1040" start_column="21" end_column="36" covered="no" />
            <range source_id="62" start_line="1042" end_line="1042" start_column="21" end_column="41" covered="no" />
            <range source_id="62" start_line="1044" end_line="1056" start_column="21" end_column="28" covered="no" />
            <range source_id="62" start_line="1057" end_line="1057" start_column="17" end_column="18" covered="no" />
          </ranges>
        </function>
        <function id="235184" token="0x60005ab" name="&lt;BuildTargetModel&gt;b__2_20(Microsoft.EntityFrameworkCore.Metadata.Builders.EntityTypeBuilder)" namespace="AzAgroPOS.Verilenler.Migrations" type_name="FixSchemaSync.&lt;&gt;c" block_coverage="0.00" line_coverage="0.00" blocks_covered="0" blocks_not_covered="24" lines_covered="0" lines_partially_covered="0" lines_not_covered="54">
          <ranges>
            <range source_id="62" start_line="1060" end_line="1060" start_column="17" end_column="18" covered="no" />
            <range source_id="62" start_line="1061" end_line="1063" start_column="21" end_column="47" covered="no" />
            <range source_id="62" start_line="1065" end_line="1065" start_column="21" end_column="97" covered="no" />
            <range source_id="62" start_line="1067" end_line="1068" start_column="21" end_column="47" covered="no" />
            <range source_id="62" start_line="1070" end_line="1071" start_column="21" end_column="47" covered="no" />
            <range source_id="62" start_line="1073" end_line="1076" start_column="21" end_column="49" covered="no" />
            <range source_id="62" start_line="1078" end_line="1078" start_column="21" end_column="36" covered="no" />
            <range source_id="62" start_line="1080" end_line="1080" start_column="21" end_column="43" covered="no" />
            <range source_id="62" start_line="1082" end_line="1082" start_column="21" end_column="41" covered="no" />
            <range source_id="62" start_line="1084" end_line="1084" start_column="21" end_column="47" covered="no" />
            <range source_id="62" start_line="1086" end_line="1121" start_column="21" end_column="28" covered="no" />
            <range source_id="62" start_line="1122" end_line="1122" start_column="17" end_column="18" covered="no" />
          </ranges>
        </function>
        <function id="235476" token="0x60005ac" name="&lt;BuildTargetModel&gt;b__2_21(Microsoft.EntityFrameworkCore.Metadata.Builders.EntityTypeBuilder)" namespace="AzAgroPOS.Verilenler.Migrations" type_name="FixSchemaSync.&lt;&gt;c" block_coverage="0.00" line_coverage="0.00" blocks_covered="0" blocks_not_covered="24" lines_covered="0" lines_partially_covered="0" lines_not_covered="24">
          <ranges>
            <range source_id="62" start_line="1125" end_line="1125" start_column="17" end_column="18" covered="no" />
            <range source_id="62" start_line="1126" end_line="1128" start_column="21" end_column="47" covered="no" />
            <range source_id="62" start_line="1130" end_line="1130" start_column="21" end_column="97" covered="no" />
            <range source_id="62" start_line="1132" end_line="1133" start_column="21" end_column="47" covered="no" />
            <range source_id="62" start_line="1135" end_line="1136" start_column="21" end_column="47" covered="no" />
            <range source_id="62" start_line="1138" end_line="1139" start_column="21" end_column="47" covered="no" />
            <range source_id="62" start_line="1141" end_line="1144" start_column="21" end_column="49" covered="no" />
            <range source_id="62" start_line="1146" end_line="1147" start_column="21" end_column="53" covered="no" />
            <range source_id="62" start_line="1149" end_line="1150" start_column="21" end_column="58" covered="no" />
            <range source_id="62" start_line="1152" end_line="1152" start_column="21" end_column="36" covered="no" />
            <range source_id="62" start_line="1154" end_line="1154" start_column="21" end_column="45" covered="no" />
            <range source_id="62" start_line="1156" end_line="1156" start_column="21" end_column="43" covered="no" />
            <range source_id="62" start_line="1158" end_line="1158" start_column="21" end_column="43" covered="no" />
            <range source_id="62" start_line="1159" end_line="1159" start_column="17" end_column="18" covered="no" />
          </ranges>
        </function>
        <function id="235760" token="0x60005ad" name="&lt;BuildTargetModel&gt;b__2_22(Microsoft.EntityFrameworkCore.Metadata.Builders.EntityTypeBuilder)" namespace="AzAgroPOS.Verilenler.Migrations" type_name="FixSchemaSync.&lt;&gt;c" block_coverage="0.00" line_coverage="0.00" blocks_covered="0" blocks_not_covered="24" lines_covered="0" lines_partially_covered="0" lines_not_covered="24">
          <ranges>
            <range source_id="62" start_line="1162" end_line="1162" start_column="17" end_column="18" covered="no" />
            <range source_id="62" start_line="1163" end_line="1165" start_column="21" end_column="47" covered="no" />
            <range source_id="62" start_line="1167" end_line="1167" start_column="21" end_column="97" covered="no" />
            <range source_id="62" start_line="1169" end_line="1170" start_column="21" end_column="47" covered="no" />
            <range source_id="62" start_line="1172" end_line="1173" start_column="21" end_column="57" covered="no" />
            <range source_id="62" start_line="1175" end_line="1176" start_column="21" end_column="58" covered="no" />
            <range source_id="62" start_line="1178" end_line="1179" start_column="21" end_column="47" covered="no" />
            <range source_id="62" start_line="1181" end_line="1184" start_column="21" end_column="49" covered="no" />
            <range source_id="62" start_line="1186" end_line="1187" start_column="21" end_column="57" covered="no" />
            <range source_id="62" start_line="1189" end_line="1189" start_column="21" end_column="36" covered="no" />
            <range source_id="62" start_line="1191" end_line="1191" start_column="21" end_column="44" covered="no" />
            <range source_id="62" start_line="1193" end_line="1193" start_column="21" end_column="43" covered="no" />
            <range source_id="62" start_line="1195" end_line="1195" start_column="21" end_column="49" covered="no" />
            <range source_id="62" start_line="1196" end_line="1196" start_column="17" end_column="18" covered="no" />
          </ranges>
        </function>
        <function id="236044" token="0x60005ae" name="&lt;BuildTargetModel&gt;b__2_23(Microsoft.EntityFrameworkCore.Metadata.Builders.EntityTypeBuilder)" namespace="AzAgroPOS.Verilenler.Migrations" type_name="FixSchemaSync.&lt;&gt;c" block_coverage="0.00" line_coverage="0.00" blocks_covered="0" blocks_not_covered="30" lines_covered="0" lines_partially_covered="0" lines_not_covered="52">
          <ranges>
            <range source_id="62" start_line="1199" end_line="1199" start_column="17" end_column="18" covered="no" />
            <range source_id="62" start_line="1200" end_line="1202" start_column="21" end_column="47" covered="no" />
            <range source_id="62" start_line="1204" end_line="1204" start_column="21" end_column="97" covered="no" />
            <range source_id="62" start_line="1206" end_line="1208" start_column="21" end_column="57" covered="no" />
            <range source_id="62" start_line="1210" end_line="1211" start_column="21" end_column="47" covered="no" />
            <range source_id="62" start_line="1213" end_line="1214" start_column="21" end_column="57" covered="no" />
            <range source_id="62" start_line="1216" end_line="1217" start_column="21" end_column="57" covered="no" />
            <range source_id="62" start_line="1219" end_line="1222" start_column="21" end_column="49" covered="no" />
            <range source_id="62" start_line="1224" end_line="1225" start_column="21" end_column="57" covered="no" />
            <range source_id="62" start_line="1227" end_line="1228" start_column="21" end_column="57" covered="no" />
            <range source_id="62" start_line="1230" end_line="1231" start_column="21" end_column="57" covered="no" />
            <range source_id="62" start_line="1233" end_line="1233" start_column="21" end_column="36" covered="no" />
            <range source_id="62" start_line="1235" end_line="1235" start_column="21" end_column="47" covered="no" />
            <range source_id="62" start_line="1237" end_line="1261" start_column="21" end_column="28" covered="no" />
            <range source_id="62" start_line="1262" end_line="1262" start_column="17" end_column="18" covered="no" />
          </ranges>
        </function>
        <function id="236432" token="0x60005af" name="&lt;BuildTargetModel&gt;b__2_24(Microsoft.EntityFrameworkCore.Metadata.Builders.EntityTypeBuilder)" namespace="AzAgroPOS.Verilenler.Migrations" type_name="FixSchemaSync.&lt;&gt;c" block_coverage="0.00" line_coverage="0.00" blocks_covered="0" blocks_not_covered="35" lines_covered="0" lines_partially_covered="0" lines_not_covered="35">
          <ranges>
            <range source_id="62" start_line="1265" end_line="1265" start_column="17" end_column="18" covered="no" />
            <range source_id="62" start_line="1266" end_line="1268" start_column="21" end_column="47" covered="no" />
            <range source_id="62" start_line="1270" end_line="1270" start_column="21" end_column="97" covered="no" />
            <range source_id="62" start_line="1272" end_line="1273" start_column="21" end_column="47" covered="no" />
            <range source_id="62" start_line="1275" end_line="1276" start_column="21" end_column="57" covered="no" />
            <range source_id="62" start_line="1278" end_line="1279" start_column="21" end_column="58" covered="no" />
            <range source_id="62" start_line="1281" end_line="1283" start_column="21" end_column="57" covered="no" />
            <range source_id="62" start_line="1285" end_line="1286" start_column="21" end_column="53" covered="no" />
            <range source_id="62" start_line="1288" end_line="1289" start_column="21" end_column="47" covered="no" />
            <range source_id="62" start_line="1291" end_line="1292" start_column="21" end_column="57" covered="no" />
            <range source_id="62" start_line="1294" end_line="1297" start_column="21" end_column="49" covered="no" />
            <range source_id="62" start_line="1299" end_line="1300" start_column="21" end_column="47" covered="no" />
            <range source_id="62" start_line="1302" end_line="1303" start_column="21" end_column="47" covered="no" />
            <range source_id="62" start_line="1305" end_line="1306" start_column="21" end_column="53" covered="no" />
            <range source_id="62" start_line="1308" end_line="1308" start_column="21" end_column="36" covered="no" />
            <range source_id="62" start_line="1310" end_line="1310" start_column="21" end_column="47" covered="no" />
            <range source_id="62" start_line="1312" end_line="1312" start_column="21" end_column="47" covered="no" />
            <range source_id="62" start_line="1314" end_line="1314" start_column="21" end_column="53" covered="no" />
            <range source_id="62" start_line="1315" end_line="1315" start_column="17" end_column="18" covered="no" />
          </ranges>
        </function>
        <function id="236832" token="0x60005b0" name="&lt;BuildTargetModel&gt;b__2_25(Microsoft.EntityFrameworkCore.Metadata.Builders.EntityTypeBuilder)" namespace="AzAgroPOS.Verilenler.Migrations" type_name="FixSchemaSync.&lt;&gt;c" block_coverage="0.00" line_coverage="0.00" blocks_covered="0" blocks_not_covered="44" lines_covered="0" lines_partially_covered="0" lines_not_covered="44">
          <ranges>
            <range source_id="62" start_line="1318" end_line="1318" start_column="17" end_column="18" covered="no" />
            <range source_id="62" start_line="1319" end_line="1321" start_column="21" end_column="47" covered="no" />
            <range source_id="62" start_line="1323" end_line="1323" start_column="21" end_column="97" covered="no" />
            <range source_id="62" start_line="1325" end_line="1327" start_column="21" end_column="57" covered="no" />
            <range source_id="62" start_line="1329" end_line="1330" start_column="21" end_column="47" covered="no" />
            <range source_id="62" start_line="1332" end_line="1334" start_column="21" end_column="57" covered="no" />
            <range source_id="62" start_line="1336" end_line="1338" start_column="21" end_column="57" covered="no" />
            <range source_id="62" start_line="1340" end_line="1342" start_column="21" end_column="57" covered="no" />
            <range source_id="62" start_line="1344" end_line="1345" start_column="21" end_column="53" covered="no" />
            <range source_id="62" start_line="1347" end_line="1349" start_column="21" end_column="57" covered="no" />
            <range source_id="62" start_line="1351" end_line="1352" start_column="21" end_column="57" covered="no" />
            <range source_id="62" start_line="1354" end_line="1357" start_column="21" end_column="49" covered="no" />
            <range source_id="62" start_line="1359" end_line="1360" start_column="21" end_column="47" covered="no" />
            <range source_id="62" start_line="1362" end_line="1363" start_column="21" end_column="53" covered="no" />
            <range source_id="62" start_line="1365" end_line="1366" start_column="21" end_column="58" covered="no" />
            <range source_id="62" start_line="1368" end_line="1369" start_column="21" end_column="58" covered="no" />
            <range source_id="62" start_line="1371" end_line="1372" start_column="21" end_column="47" covered="no" />
            <range source_id="62" start_line="1374" end_line="1374" start_column="21" end_column="36" covered="no" />
            <range source_id="62" start_line="1376" end_line="1376" start_column="21" end_column="42" covered="no" />
            <range source_id="62" start_line="1378" end_line="1378" start_column="21" end_column="51" covered="no" />
            <range source_id="62" start_line="1379" end_line="1379" start_column="17" end_column="18" covered="no" />
          </ranges>
        </function>
        <function id="237304" token="0x60005b1" name="&lt;BuildTargetModel&gt;b__2_26(Microsoft.EntityFrameworkCore.Metadata.Builders.EntityTypeBuilder)" namespace="AzAgroPOS.Verilenler.Migrations" type_name="FixSchemaSync.&lt;&gt;c" block_coverage="0.00" line_coverage="0.00" blocks_covered="0" blocks_not_covered="7" lines_covered="0" lines_partially_covered="0" lines_not_covered="8">
          <ranges>
            <range source_id="62" start_line="1382" end_line="1382" start_column="17" end_column="18" covered="no" />
            <range source_id="62" start_line="1383" end_line="1387" start_column="21" end_column="39" covered="no" />
            <range source_id="62" start_line="1389" end_line="1389" start_column="21" end_column="47" covered="no" />
            <range source_id="62" start_line="1390" end_line="1390" start_column="17" end_column="18" covered="no" />
          </ranges>
        </function>
        <function id="237388" token="0x60005b2" name="&lt;BuildTargetModel&gt;b__2_27(Microsoft.EntityFrameworkCore.Metadata.Builders.EntityTypeBuilder)" namespace="AzAgroPOS.Verilenler.Migrations" type_name="FixSchemaSync.&lt;&gt;c" block_coverage="0.00" line_coverage="0.00" blocks_covered="0" blocks_not_covered="18" lines_covered="0" lines_partially_covered="0" lines_not_covered="19">
          <ranges>
            <range source_id="62" start_line="1393" end_line="1393" start_column="17" end_column="18" covered="no" />
            <range source_id="62" start_line="1394" end_line="1398" start_column="21" end_column="39" covered="no" />
            <range source_id="62" start_line="1400" end_line="1403" start_column="21" end_column="60" covered="no" />
            <range source_id="62" start_line="1405" end_line="1409" start_column="21" end_column="39" covered="no" />
            <range source_id="62" start_line="1411" end_line="1411" start_column="21" end_column="47" covered="no" />
            <range source_id="62" start_line="1413" end_line="1413" start_column="21" end_column="55" covered="no" />
            <range source_id="62" start_line="1415" end_line="1415" start_column="21" end_column="44" covered="no" />
            <range source_id="62" start_line="1416" end_line="1416" start_column="17" end_column="18" covered="no" />
          </ranges>
        </function>
        <function id="237600" token="0x60005b3" name="&lt;BuildTargetModel&gt;b__2_28(Microsoft.EntityFrameworkCore.Metadata.Builders.EntityTypeBuilder)" namespace="AzAgroPOS.Verilenler.Migrations" type_name="FixSchemaSync.&lt;&gt;c" block_coverage="0.00" line_coverage="0.00" blocks_covered="0" blocks_not_covered="7" lines_covered="0" lines_partially_covered="0" lines_not_covered="8">
          <ranges>
            <range source_id="62" start_line="1419" end_line="1419" start_column="17" end_column="18" covered="no" />
            <range source_id="62" start_line="1420" end_line="1424" start_column="21" end_column="39" covered="no" />
            <range source_id="62" start_line="1426" end_line="1426" start_column="21" end_column="47" covered="no" />
            <range source_id="62" start_line="1427" end_line="1427" start_column="17" end_column="18" covered="no" />
          </ranges>
        </function>
        <function id="237684" token="0x60005b4" name="&lt;BuildTargetModel&gt;b__2_29(Microsoft.EntityFrameworkCore.Metadata.Builders.EntityTypeBuilder)" namespace="AzAgroPOS.Verilenler.Migrations" type_name="FixSchemaSync.&lt;&gt;c" block_coverage="0.00" line_coverage="0.00" blocks_covered="0" blocks_not_covered="13" lines_covered="0" lines_partially_covered="0" lines_not_covered="14">
          <ranges>
            <range source_id="62" start_line="1430" end_line="1430" start_column="17" end_column="18" covered="no" />
            <range source_id="62" start_line="1431" end_line="1435" start_column="21" end_column="39" covered="no" />
            <range source_id="62" start_line="1437" end_line="1441" start_column="21" end_column="39" covered="no" />
            <range source_id="62" start_line="1443" end_line="1443" start_column="21" end_column="49" covered="no" />
            <range source_id="62" start_line="1445" end_line="1445" start_column="21" end_column="44" covered="no" />
            <range source_id="62" start_line="1446" end_line="1446" start_column="17" end_column="18" covered="no" />
          </ranges>
        </function>
        <function id="237834" token="0x60005b5" name="&lt;BuildTargetModel&gt;b__2_30(Microsoft.EntityFrameworkCore.Metadata.Builders.EntityTypeBuilder)" namespace="AzAgroPOS.Verilenler.Migrations" type_name="FixSchemaSync.&lt;&gt;c" block_coverage="0.00" line_coverage="0.00" blocks_covered="0" blocks_not_covered="5" lines_covered="0" lines_partially_covered="0" lines_not_covered="6">
          <ranges>
            <range source_id="62" start_line="1449" end_line="1449" start_column="17" end_column="18" covered="no" />
            <range source_id="62" start_line="1450" end_line="1452" start_column="21" end_column="64" covered="no" />
            <range source_id="62" start_line="1454" end_line="1454" start_column="21" end_column="56" covered="no" />
            <range source_id="62" start_line="1455" end_line="1455" start_column="17" end_column="18" covered="no" />
          </ranges>
        </function>
        <function id="237892" token="0x60005b6" name="&lt;BuildTargetModel&gt;b__2_31(Microsoft.EntityFrameworkCore.Metadata.Builders.EntityTypeBuilder)" namespace="AzAgroPOS.Verilenler.Migrations" type_name="FixSchemaSync.&lt;&gt;c" block_coverage="0.00" line_coverage="0.00" blocks_covered="0" blocks_not_covered="12" lines_covered="0" lines_partially_covered="0" lines_not_covered="13">
          <ranges>
            <range source_id="62" start_line="1458" end_line="1458" start_column="17" end_column="18" covered="no" />
            <range source_id="62" start_line="1459" end_line="1463" start_column="21" end_column="39" covered="no" />
            <range source_id="62" start_line="1465" end_line="1468" start_column="21" end_column="60" covered="no" />
            <range source_id="62" start_line="1470" end_line="1470" start_column="21" end_column="42" covered="no" />
            <range source_id="62" start_line="1472" end_line="1472" start_column="21" end_column="52" covered="no" />
            <range source_id="62" start_line="1473" end_line="1473" start_column="17" end_column="18" covered="no" />
          </ranges>
        </function>
        <function id="238036" token="0x60005b7" name="&lt;BuildTargetModel&gt;b__2_32(Microsoft.EntityFrameworkCore.Metadata.Builders.EntityTypeBuilder)" namespace="AzAgroPOS.Verilenler.Migrations" type_name="FixSchemaSync.&lt;&gt;c" block_coverage="0.00" line_coverage="0.00" blocks_covered="0" blocks_not_covered="7" lines_covered="0" lines_partially_covered="0" lines_not_covered="8">
          <ranges>
            <range source_id="62" start_line="1476" end_line="1476" start_column="17" end_column="18" covered="no" />
            <range source_id="62" start_line="1477" end_line="1481" start_column="21" end_column="39" covered="no" />
            <range source_id="62" start_line="1483" end_line="1483" start_column="21" end_column="42" covered="no" />
            <range source_id="62" start_line="1484" end_line="1484" start_column="17" end_column="18" covered="no" />
          </ranges>
        </function>
        <function id="238120" token="0x60005b8" name="&lt;BuildTargetModel&gt;b__2_33(Microsoft.EntityFrameworkCore.Metadata.Builders.EntityTypeBuilder)" namespace="AzAgroPOS.Verilenler.Migrations" type_name="FixSchemaSync.&lt;&gt;c" block_coverage="0.00" line_coverage="0.00" blocks_covered="0" blocks_not_covered="7" lines_covered="0" lines_partially_covered="0" lines_not_covered="8">
          <ranges>
            <range source_id="62" start_line="1487" end_line="1487" start_column="17" end_column="18" covered="no" />
            <range source_id="62" start_line="1488" end_line="1492" start_column="21" end_column="39" covered="no" />
            <range source_id="62" start_line="1494" end_line="1494" start_column="21" end_column="41" covered="no" />
            <range source_id="62" start_line="1495" end_line="1495" start_column="17" end_column="18" covered="no" />
          </ranges>
        </function>
        <function id="238204" token="0x60005b9" name="&lt;BuildTargetModel&gt;b__2_34(Microsoft.EntityFrameworkCore.Metadata.Builders.EntityTypeBuilder)" namespace="AzAgroPOS.Verilenler.Migrations" type_name="FixSchemaSync.&lt;&gt;c" block_coverage="0.00" line_coverage="0.00" blocks_covered="0" blocks_not_covered="16" lines_covered="0" lines_partially_covered="0" lines_not_covered="17">
          <ranges>
            <range source_id="62" start_line="1498" end_line="1498" start_column="17" end_column="18" covered="no" />
            <range source_id="62" start_line="1499" end_line="1502" start_column="21" end_column="59" covered="no" />
            <range source_id="62" start_line="1504" end_line="1507" start_column="21" end_column="59" covered="no" />
            <range source_id="62" start_line="1509" end_line="1512" start_column="21" end_column="59" covered="no" />
            <range source_id="62" start_line="1514" end_line="1514" start_column="21" end_column="43" covered="no" />
            <range source_id="62" start_line="1516" end_line="1516" start_column="21" end_column="48" covered="no" />
            <range source_id="62" start_line="1518" end_line="1518" start_column="21" end_column="47" covered="no" />
            <range source_id="62" start_line="1519" end_line="1519" start_column="17" end_column="18" covered="no" />
          </ranges>
        </function>
        <function id="238408" token="0x60005ba" name="&lt;BuildTargetModel&gt;b__2_35(Microsoft.EntityFrameworkCore.Metadata.Builders.EntityTypeBuilder)" namespace="AzAgroPOS.Verilenler.Migrations" type_name="FixSchemaSync.&lt;&gt;c" block_coverage="0.00" line_coverage="0.00" blocks_covered="0" blocks_not_covered="11" lines_covered="0" lines_partially_covered="0" lines_not_covered="12">
          <ranges>
            <range source_id="62" start_line="1522" end_line="1522" start_column="17" end_column="18" covered="no" />
            <range source_id="62" start_line="1523" end_line="1527" start_column="21" end_column="39" covered="no" />
            <range source_id="62" start_line="1529" end_line="1531" start_column="21" end_column="51" covered="no" />
            <range source_id="62" start_line="1533" end_line="1533" start_column="21" end_column="45" covered="no" />
            <range source_id="62" start_line="1535" end_line="1535" start_column="21" end_column="43" covered="no" />
            <range source_id="62" start_line="1536" end_line="1536" start_column="17" end_column="18" covered="no" />
          </ranges>
        </function>
        <function id="238544" token="0x60005bb" name="&lt;BuildTargetModel&gt;b__2_36(Microsoft.EntityFrameworkCore.Metadata.Builders.EntityTypeBuilder)" namespace="AzAgroPOS.Verilenler.Migrations" type_name="FixSchemaSync.&lt;&gt;c" block_coverage="0.00" line_coverage="0.00" blocks_covered="0" blocks_not_covered="7" lines_covered="0" lines_partially_covered="0" lines_not_covered="8">
          <ranges>
            <range source_id="62" start_line="1539" end_line="1539" start_column="17" end_column="18" covered="no" />
            <range source_id="62" start_line="1540" end_line="1544" start_column="21" end_column="39" covered="no" />
            <range source_id="62" start_line="1546" end_line="1546" start_column="21" end_column="42" covered="no" />
            <range source_id="62" start_line="1547" end_line="1547" start_column="17" end_column="18" covered="no" />
          </ranges>
        </function>
        <function id="238628" token="0x60005bc" name="&lt;BuildTargetModel&gt;b__2_37(Microsoft.EntityFrameworkCore.Metadata.Builders.EntityTypeBuilder)" namespace="AzAgroPOS.Verilenler.Migrations" type_name="FixSchemaSync.&lt;&gt;c" block_coverage="0.00" line_coverage="0.00" blocks_covered="0" blocks_not_covered="13" lines_covered="0" lines_partially_covered="0" lines_not_covered="14">
          <ranges>
            <range source_id="62" start_line="1550" end_line="1550" start_column="17" end_column="18" covered="no" />
            <range source_id="62" start_line="1551" end_line="1555" start_column="21" end_column="39" covered="no" />
            <range source_id="62" start_line="1557" end_line="1561" start_column="21" end_column="39" covered="no" />
            <range source_id="62" start_line="1563" end_line="1563" start_column="21" end_column="44" covered="no" />
            <range source_id="62" start_line="1565" end_line="1565" start_column="21" end_column="43" covered="no" />
            <range source_id="62" start_line="1566" end_line="1566" start_column="17" end_column="18" covered="no" />
          </ranges>
        </function>
        <function id="238780" token="0x60005bd" name="&lt;BuildTargetModel&gt;b__2_38(Microsoft.EntityFrameworkCore.Metadata.Builders.EntityTypeBuilder)" namespace="AzAgroPOS.Verilenler.Migrations" type_name="FixSchemaSync.&lt;&gt;c" block_coverage="0.00" line_coverage="0.00" blocks_covered="0" blocks_not_covered="13" lines_covered="0" lines_partially_covered="0" lines_not_covered="14">
          <ranges>
            <range source_id="62" start_line="1569" end_line="1569" start_column="17" end_column="18" covered="no" />
            <range source_id="62" start_line="1570" end_line="1574" start_column="21" end_column="39" covered="no" />
            <range source_id="62" start_line="1576" end_line="1580" start_column="21" end_column="39" covered="no" />
            <range source_id="62" start_line="1582" end_line="1582" start_column="21" end_column="44" covered="no" />
            <range source_id="62" start_line="1584" end_line="1584" start_column="21" end_column="46" covered="no" />
            <range source_id="62" start_line="1585" end_line="1585" start_column="17" end_column="18" covered="no" />
          </ranges>
        </function>
        <function id="238932" token="0x60005be" name="&lt;BuildTargetModel&gt;b__2_39(Microsoft.EntityFrameworkCore.Metadata.Builders.EntityTypeBuilder)" namespace="AzAgroPOS.Verilenler.Migrations" type_name="FixSchemaSync.&lt;&gt;c" block_coverage="0.00" line_coverage="0.00" blocks_covered="0" blocks_not_covered="13" lines_covered="0" lines_partially_covered="0" lines_not_covered="14">
          <ranges>
            <range source_id="62" start_line="1588" end_line="1588" start_column="17" end_column="18" covered="no" />
            <range source_id="62" start_line="1589" end_line="1593" start_column="21" end_column="39" covered="no" />
            <range source_id="62" start_line="1595" end_line="1599" start_column="21" end_column="39" covered="no" />
            <range source_id="62" start_line="1601" end_line="1601" start_column="21" end_column="43" covered="no" />
            <range source_id="62" start_line="1603" end_line="1603" start_column="21" end_column="41" covered="no" />
            <range source_id="62" start_line="1604" end_line="1604" start_column="17" end_column="18" covered="no" />
          </ranges>
        </function>
        <function id="239088" token="0x60005bf" name="&lt;BuildTargetModel&gt;b__2_40(Microsoft.EntityFrameworkCore.Metadata.Builders.EntityTypeBuilder)" namespace="AzAgroPOS.Verilenler.Migrations" type_name="FixSchemaSync.&lt;&gt;c" block_coverage="0.00" line_coverage="0.00" blocks_covered="0" blocks_not_covered="11" lines_covered="0" lines_partially_covered="0" lines_not_covered="12">
          <ranges>
            <range source_id="62" start_line="1607" end_line="1607" start_column="17" end_column="18" covered="no" />
            <range source_id="62" start_line="1608" end_line="1610" start_column="21" end_column="53" covered="no" />
            <range source_id="62" start_line="1612" end_line="1616" start_column="21" end_column="39" covered="no" />
            <range source_id="62" start_line="1618" end_line="1618" start_column="21" end_column="45" covered="no" />
            <range source_id="62" start_line="1620" end_line="1620" start_column="21" end_column="43" covered="no" />
            <range source_id="62" start_line="1621" end_line="1621" start_column="17" end_column="18" covered="no" />
          </ranges>
        </function>
        <function id="239228" token="0x60005c0" name="&lt;BuildTargetModel&gt;b__2_41(Microsoft.EntityFrameworkCore.Metadata.Builders.EntityTypeBuilder)" namespace="AzAgroPOS.Verilenler.Migrations" type_name="FixSchemaSync.&lt;&gt;c" block_coverage="0.00" line_coverage="0.00" blocks_covered="0" blocks_not_covered="13" lines_covered="0" lines_partially_covered="0" lines_not_covered="14">
          <ranges>
            <range source_id="62" start_line="1624" end_line="1624" start_column="17" end_column="18" covered="no" />
            <range source_id="62" start_line="1625" end_line="1629" start_column="21" end_column="39" covered="no" />
            <range source_id="62" start_line="1631" end_line="1635" start_column="21" end_column="39" covered="no" />
            <range source_id="62" start_line="1637" end_line="1637" start_column="21" end_column="44" covered="no" />
            <range source_id="62" start_line="1639" end_line="1639" start_column="21" end_column="43" covered="no" />
            <range source_id="62" start_line="1640" end_line="1640" start_column="17" end_column="18" covered="no" />
          </ranges>
        </function>
        <function id="239380" token="0x60005c1" name="&lt;BuildTargetModel&gt;b__2_42(Microsoft.EntityFrameworkCore.Metadata.Builders.EntityTypeBuilder)" namespace="AzAgroPOS.Verilenler.Migrations" type_name="FixSchemaSync.&lt;&gt;c" block_coverage="0.00" line_coverage="0.00" blocks_covered="0" blocks_not_covered="12" lines_covered="0" lines_partially_covered="0" lines_not_covered="13">
          <ranges>
            <range source_id="62" start_line="1643" end_line="1643" start_column="17" end_column="18" covered="no" />
            <range source_id="62" start_line="1644" end_line="1647" start_column="21" end_column="59" covered="no" />
            <range source_id="62" start_line="1649" end_line="1653" start_column="21" end_column="39" covered="no" />
            <range source_id="62" start_line="1655" end_line="1655" start_column="21" end_column="47" covered="no" />
            <range source_id="62" start_line="1657" end_line="1657" start_column="21" end_column="47" covered="no" />
            <range source_id="62" start_line="1658" end_line="1658" start_column="17" end_column="18" covered="no" />
          </ranges>
        </function>
        <function id="239528" token="0x60005c2" name="&lt;BuildTargetModel&gt;b__2_43(Microsoft.EntityFrameworkCore.Metadata.Builders.EntityTypeBuilder)" namespace="AzAgroPOS.Verilenler.Migrations" type_name="FixSchemaSync.&lt;&gt;c" block_coverage="0.00" line_coverage="0.00" blocks_covered="0" blocks_not_covered="6" lines_covered="0" lines_partially_covered="0" lines_not_covered="7">
          <ranges>
            <range source_id="62" start_line="1661" end_line="1661" start_column="17" end_column="18" covered="no" />
            <range source_id="62" start_line="1662" end_line="1665" start_column="21" end_column="60" covered="no" />
            <range source_id="62" start_line="1667" end_line="1667" start_column="21" end_column="42" covered="no" />
            <range source_id="62" start_line="1668" end_line="1668" start_column="17" end_column="18" covered="no" />
          </ranges>
        </function>
        <function id="239606" token="0x60005c3" name="&lt;BuildTargetModel&gt;b__2_44(Microsoft.EntityFrameworkCore.Metadata.Builders.EntityTypeBuilder)" namespace="AzAgroPOS.Verilenler.Migrations" type_name="FixSchemaSync.&lt;&gt;c" block_coverage="0.00" line_coverage="0.00" blocks_covered="0" blocks_not_covered="3" lines_covered="0" lines_partially_covered="0" lines_not_covered="4">
          <ranges>
            <range source_id="62" start_line="1671" end_line="1671" start_column="17" end_column="18" covered="no" />
            <range source_id="62" start_line="1672" end_line="1672" start_column="21" end_column="46" covered="no" />
            <range source_id="62" start_line="1674" end_line="1674" start_column="21" end_column="52" covered="no" />
            <range source_id="62" start_line="1675" end_line="1675" start_column="17" end_column="18" covered="no" />
          </ranges>
        </function>
        <function id="239633" token="0x60005c4" name="&lt;BuildTargetModel&gt;b__2_45(Microsoft.EntityFrameworkCore.Metadata.Builders.EntityTypeBuilder)" namespace="AzAgroPOS.Verilenler.Migrations" type_name="FixSchemaSync.&lt;&gt;c" block_coverage="0.00" line_coverage="0.00" blocks_covered="0" blocks_not_covered="2" lines_covered="0" lines_partially_covered="0" lines_not_covered="3">
          <ranges>
            <range source_id="62" start_line="1678" end_line="1678" start_column="17" end_column="18" covered="no" />
            <range source_id="62" start_line="1679" end_line="1679" start_column="21" end_column="54" covered="no" />
            <range source_id="62" start_line="1680" end_line="1680" start_column="17" end_column="18" covered="no" />
          </ranges>
        </function>
        <function id="239648" token="0x60005c5" name="&lt;BuildTargetModel&gt;b__2_46(Microsoft.EntityFrameworkCore.Metadata.Builders.EntityTypeBuilder)" namespace="AzAgroPOS.Verilenler.Migrations" type_name="FixSchemaSync.&lt;&gt;c" block_coverage="0.00" line_coverage="0.00" blocks_covered="0" blocks_not_covered="2" lines_covered="0" lines_partially_covered="0" lines_not_covered="3">
          <ranges>
            <range source_id="62" start_line="1683" end_line="1683" start_column="17" end_column="18" covered="no" />
            <range source_id="62" start_line="1684" end_line="1684" start_column="21" end_column="47" covered="no" />
            <range source_id="62" start_line="1685" end_line="1685" start_column="17" end_column="18" covered="no" />
          </ranges>
        </function>
        <function id="239663" token="0x60005c6" name="&lt;BuildTargetModel&gt;b__2_47(Microsoft.EntityFrameworkCore.Metadata.Builders.EntityTypeBuilder)" namespace="AzAgroPOS.Verilenler.Migrations" type_name="FixSchemaSync.&lt;&gt;c" block_coverage="0.00" line_coverage="0.00" blocks_covered="0" blocks_not_covered="2" lines_covered="0" lines_partially_covered="0" lines_not_covered="3">
          <ranges>
            <range source_id="62" start_line="1688" end_line="1688" start_column="17" end_column="18" covered="no" />
            <range source_id="62" start_line="1689" end_line="1689" start_column="21" end_column="44" covered="no" />
            <range source_id="62" start_line="1690" end_line="1690" start_column="17" end_column="18" covered="no" />
          </ranges>
        </function>
        <function id="239678" token="0x60005c7" name="&lt;BuildTargetModel&gt;b__2_48(Microsoft.EntityFrameworkCore.Metadata.Builders.EntityTypeBuilder)" namespace="AzAgroPOS.Verilenler.Migrations" type_name="FixSchemaSync.&lt;&gt;c" block_coverage="0.00" line_coverage="0.00" blocks_covered="0" blocks_not_covered="3" lines_covered="0" lines_partially_covered="0" lines_not_covered="4">
          <ranges>
            <range source_id="62" start_line="1693" end_line="1693" start_column="17" end_column="18" covered="no" />
            <range source_id="62" start_line="1694" end_line="1694" start_column="21" end_column="50" covered="no" />
            <range source_id="62" start_line="1696" end_line="1696" start_column="21" end_column="56" covered="no" />
            <range source_id="62" start_line="1697" end_line="1697" start_column="17" end_column="18" covered="no" />
          </ranges>
        </function>
        <function id="239705" token="0x60005c8" name="&lt;BuildTargetModel&gt;b__2_49(Microsoft.EntityFrameworkCore.Metadata.Builders.EntityTypeBuilder)" namespace="AzAgroPOS.Verilenler.Migrations" type_name="FixSchemaSync.&lt;&gt;c" block_coverage="0.00" line_coverage="0.00" blocks_covered="0" blocks_not_covered="3" lines_covered="0" lines_partially_covered="0" lines_not_covered="4">
          <ranges>
            <range source_id="62" start_line="1700" end_line="1700" start_column="17" end_column="18" covered="no" />
            <range source_id="62" start_line="1701" end_line="1701" start_column="21" end_column="46" covered="no" />
            <range source_id="62" start_line="1703" end_line="1703" start_column="21" end_column="54" covered="no" />
            <range source_id="62" start_line="1704" end_line="1704" start_column="17" end_column="18" covered="no" />
          </ranges>
        </function>
        <function id="239732" token="0x60005c9" name="&lt;BuildTargetModel&gt;b__2_50(Microsoft.EntityFrameworkCore.Metadata.Builders.EntityTypeBuilder)" namespace="AzAgroPOS.Verilenler.Migrations" type_name="FixSchemaSync.&lt;&gt;c" block_coverage="0.00" line_coverage="0.00" blocks_covered="0" blocks_not_covered="2" lines_covered="0" lines_partially_covered="0" lines_not_covered="3">
          <ranges>
            <range source_id="62" start_line="1707" end_line="1707" start_column="17" end_column="18" covered="no" />
            <range source_id="62" start_line="1708" end_line="1708" start_column="21" end_column="47" covered="no" />
            <range source_id="62" start_line="1709" end_line="1709" start_column="17" end_column="18" covered="no" />
          </ranges>
        </function>
        <function id="239747" token="0x60005ca" name="&lt;BuildTargetModel&gt;b__2_51(Microsoft.EntityFrameworkCore.Metadata.Builders.EntityTypeBuilder)" namespace="AzAgroPOS.Verilenler.Migrations" type_name="FixSchemaSync.&lt;&gt;c" block_coverage="0.00" line_coverage="0.00" blocks_covered="0" blocks_not_covered="2" lines_covered="0" lines_partially_covered="0" lines_not_covered="3">
          <ranges>
            <range source_id="62" start_line="1712" end_line="1712" start_column="17" end_column="18" covered="no" />
            <range source_id="62" start_line="1713" end_line="1713" start_column="21" end_column="46" covered="no" />
            <range source_id="62" start_line="1714" end_line="1714" start_column="17" end_column="18" covered="no" />
          </ranges>
        </function>
        <function id="239762" token="0x60005cb" name="&lt;BuildTargetModel&gt;b__2_52(Microsoft.EntityFrameworkCore.Metadata.Builders.EntityTypeBuilder)" namespace="AzAgroPOS.Verilenler.Migrations" type_name="FixSchemaSync.&lt;&gt;c" block_coverage="0.00" line_coverage="0.00" blocks_covered="0" blocks_not_covered="2" lines_covered="0" lines_partially_covered="0" lines_not_covered="3">
          <ranges>
            <range source_id="62" start_line="1717" end_line="1717" start_column="17" end_column="18" covered="no" />
            <range source_id="62" start_line="1718" end_line="1718" start_column="21" end_column="55" covered="no" />
            <range source_id="62" start_line="1719" end_line="1719" start_column="17" end_column="18" covered="no" />
          </ranges>
        </function>
        <function id="239777" token="0x60005cc" name="&lt;BuildTargetModel&gt;b__2_53(Microsoft.EntityFrameworkCore.Metadata.Builders.EntityTypeBuilder)" namespace="AzAgroPOS.Verilenler.Migrations" type_name="FixSchemaSync.&lt;&gt;c" block_coverage="0.00" line_coverage="0.00" blocks_covered="0" blocks_not_covered="3" lines_covered="0" lines_partially_covered="0" lines_not_covered="4">
          <ranges>
            <range source_id="62" start_line="1722" end_line="1722" start_column="17" end_column="18" covered="no" />
            <range source_id="62" start_line="1723" end_line="1723" start_column="21" end_column="46" covered="no" />
            <range source_id="62" start_line="1725" end_line="1725" start_column="21" end_column="51" covered="no" />
            <range source_id="62" start_line="1726" end_line="1726" start_column="17" end_column="18" covered="no" />
          </ranges>
        </function>
        <function id="239804" token="0x60005cd" name="&lt;BuildTargetModel&gt;b__2_54(Microsoft.EntityFrameworkCore.Metadata.Builders.EntityTypeBuilder)" namespace="AzAgroPOS.Verilenler.Migrations" type_name="FixSchemaSync.&lt;&gt;c" block_coverage="0.00" line_coverage="0.00" blocks_covered="0" blocks_not_covered="3" lines_covered="0" lines_partially_covered="0" lines_not_covered="4">
          <ranges>
            <range source_id="62" start_line="1729" end_line="1729" start_column="17" end_column="18" covered="no" />
            <range source_id="62" start_line="1730" end_line="1730" start_column="21" end_column="49" covered="no" />
            <range source_id="62" start_line="1732" end_line="1732" start_column="21" end_column="52" covered="no" />
            <range source_id="62" start_line="1733" end_line="1733" start_column="17" end_column="18" covered="no" />
          </ranges>
        </function>
        <function id="239831" token="0x60005ce" name="&lt;BuildTargetModel&gt;b__2_55(Microsoft.EntityFrameworkCore.Metadata.Builders.EntityTypeBuilder)" namespace="AzAgroPOS.Verilenler.Migrations" type_name="FixSchemaSync.&lt;&gt;c" block_coverage="0.00" line_coverage="0.00" blocks_covered="0" blocks_not_covered="4" lines_covered="0" lines_partially_covered="0" lines_not_covered="5">
          <ranges>
            <range source_id="62" start_line="1736" end_line="1736" start_column="17" end_column="18" covered="no" />
            <range source_id="62" start_line="1737" end_line="1737" start_column="21" end_column="51" covered="no" />
            <range source_id="62" start_line="1739" end_line="1739" start_column="21" end_column="53" covered="no" />
            <range source_id="62" start_line="1741" end_line="1741" start_column="21" end_column="46" covered="no" />
            <range source_id="62" start_line="1742" end_line="1742" start_column="17" end_column="18" covered="no" />
          </ranges>
        </function>
        <function id="239892" token="0x60005d1" name="&lt;BuildTargetModel&gt;b__2_0(Microsoft.EntityFrameworkCore.Metadata.Builders.EntityTypeBuilder)" namespace="AzAgroPOS.Verilenler.Migrations" type_name="FinalSchemaSync.&lt;&gt;c" block_coverage="0.00" line_coverage="0.00" blocks_covered="0" blocks_not_covered="28" lines_covered="0" lines_partially_covered="0" lines_not_covered="28">
          <ranges>
            <range source_id="64" start_line="29" end_line="29" start_column="17" end_column="18" covered="no" />
            <range source_id="64" start_line="30" end_line="32" start_column="21" end_column="47" covered="no" />
            <range source_id="64" start_line="34" end_line="34" start_column="21" end_column="97" covered="no" />
            <range source_id="64" start_line="36" end_line="37" start_column="21" end_column="57" covered="no" />
            <range source_id="64" start_line="39" end_line="41" start_column="21" end_column="57" covered="no" />
            <range source_id="64" start_line="43" end_line="46" start_column="21" end_column="49" covered="no" />
            <range source_id="64" start_line="48" end_line="49" start_column="21" end_column="47" covered="no" />
            <range source_id="64" start_line="51" end_line="52" start_column="21" end_column="47" covered="no" />
            <range source_id="64" start_line="54" end_line="55" start_column="21" end_column="53" covered="no" />
            <range source_id="64" start_line="57" end_line="58" start_column="21" end_column="58" covered="no" />
            <range source_id="64" start_line="60" end_line="61" start_column="21" end_column="53" covered="no" />
            <range source_id="64" start_line="63" end_line="63" start_column="21" end_column="36" covered="no" />
            <range source_id="64" start_line="65" end_line="65" start_column="21" end_column="47" covered="no" />
            <range source_id="64" start_line="67" end_line="67" start_column="21" end_column="48" covered="no" />
            <range source_id="64" start_line="68" end_line="68" start_column="17" end_column="18" covered="no" />
          </ranges>
        </function>
        <function id="240208" token="0x60005d2" name="&lt;BuildTargetModel&gt;b__2_1(Microsoft.EntityFrameworkCore.Metadata.Builders.EntityTypeBuilder)" namespace="AzAgroPOS.Verilenler.Migrations" type_name="FinalSchemaSync.&lt;&gt;c" block_coverage="0.00" line_coverage="0.00" blocks_covered="0" blocks_not_covered="27" lines_covered="0" lines_partially_covered="0" lines_not_covered="27">
          <ranges>
            <range source_id="64" start_line="71" end_line="71" start_column="17" end_column="18" covered="no" />
            <range source_id="64" start_line="72" end_line="74" start_column="21" end_column="47" covered="no" />
            <range source_id="64" start_line="76" end_line="76" start_column="21" end_column="97" covered="no" />
            <range source_id="64" start_line="78" end_line="79" start_column="21" end_column="47" covered="no" />
            <range source_id="64" start_line="81" end_line="82" start_column="21" end_column="47" covered="no" />
            <range source_id="64" start_line="84" end_line="85" start_column="21" end_column="58" covered="no" />
            <range source_id="64" start_line="87" end_line="88" start_column="21" end_column="58" covered="no" />
            <range source_id="64" start_line="90" end_line="91" start_column="21" end_column="47" covered="no" />
            <range source_id="64" start_line="93" end_line="94" start_column="21" end_column="57" covered="no" />
            <range source_id="64" start_line="96" end_line="99" start_column="21" end_column="49" covered="no" />
            <range source_id="64" start_line="101" end_line="101" start_column="21" end_column="36" covered="no" />
            <range source_id="64" start_line="103" end_line="103" start_column="21" end_column="47" covered="no" />
            <range source_id="64" start_line="105" end_line="105" start_column="21" end_column="55" covered="no" />
            <range source_id="64" start_line="107" end_line="107" start_column="21" end_column="44" covered="no" />
            <range source_id="64" start_line="109" end_line="109" start_column="21" end_column="53" covered="no" />
            <range source_id="64" start_line="110" end_line="110" start_column="17" end_column="18" covered="no" />
          </ranges>
        </function>
        <function id="240536" token="0x60005d3" name="&lt;BuildTargetModel&gt;b__2_2(Microsoft.EntityFrameworkCore.Metadata.Builders.EntityTypeBuilder)" namespace="AzAgroPOS.Verilenler.Migrations" type_name="FinalSchemaSync.&lt;&gt;c" block_coverage="0.00" line_coverage="0.00" blocks_covered="0" blocks_not_covered="32" lines_covered="0" lines_partially_covered="0" lines_not_covered="32">
          <ranges>
            <range source_id="64" start_line="113" end_line="113" start_column="17" end_column="18" covered="no" />
            <range source_id="64" start_line="114" end_line="116" start_column="21" end_column="47" covered="no" />
            <range source_id="64" start_line="118" end_line="118" start_column="21" end_column="97" covered="no" />
            <range source_id="64" start_line="120" end_line="121" start_column="21" end_column="53" covered="no" />
            <range source_id="64" start_line="123" end_line="124" start_column="21" end_column="53" covered="no" />
            <range source_id="64" start_line="126" end_line="127" start_column="21" end_column="57" covered="no" />
            <range source_id="64" start_line="129" end_line="131" start_column="21" end_column="57" covered="no" />
            <range source_id="64" start_line="133" end_line="136" start_column="21" end_column="49" covered="no" />
            <range source_id="64" start_line="138" end_line="139" start_column="21" end_column="47" covered="no" />
            <range source_id="64" start_line="141" end_line="142" start_column="21" end_column="47" covered="no" />
            <range source_id="64" start_line="144" end_line="145" start_column="21" end_column="53" covered="no" />
            <range source_id="64" start_line="147" end_line="148" start_column="21" end_column="58" covered="no" />
            <range source_id="64" start_line="150" end_line="151" start_column="21" end_column="53" covered="no" />
            <range source_id="64" start_line="153" end_line="153" start_column="21" end_column="36" covered="no" />
            <range source_id="64" start_line="155" end_line="155" start_column="21" end_column="47" covered="no" />
            <range source_id="64" start_line="157" end_line="157" start_column="21" end_column="50" covered="no" />
            <range source_id="64" start_line="158" end_line="158" start_column="17" end_column="18" covered="no" />
          </ranges>
        </function>
        <function id="240896" token="0x60005d4" name="&lt;BuildTargetModel&gt;b__2_3(Microsoft.EntityFrameworkCore.Metadata.Builders.EntityTypeBuilder)" namespace="AzAgroPOS.Verilenler.Migrations" type_name="FinalSchemaSync.&lt;&gt;c" block_coverage="0.00" line_coverage="0.00" blocks_covered="0" blocks_not_covered="26" lines_covered="0" lines_partially_covered="0" lines_not_covered="26">
          <ranges>
            <range source_id="64" start_line="161" end_line="161" start_column="17" end_column="18" covered="no" />
            <range source_id="64" start_line="162" end_line="164" start_column="21" end_column="47" covered="no" />
            <range source_id="64" start_line="166" end_line="166" start_column="21" end_column="97" covered="no" />
            <range source_id="64" start_line="168" end_line="169" start_column="21" end_column="47" covered="no" />
            <range source_id="64" start_line="171" end_line="172" start_column="21" end_column="58" covered="no" />
            <range source_id="64" start_line="174" end_line="175" start_column="21" end_column="58" covered="no" />
            <range source_id="64" start_line="177" end_line="178" start_column="21" end_column="47" covered="no" />
            <range source_id="64" start_line="180" end_line="181" start_column="21" end_column="57" covered="no" />
            <range source_id="64" start_line="183" end_line="186" start_column="21" end_column="49" covered="no" />
            <range source_id="64" start_line="188" end_line="189" start_column="21" end_column="57" covered="no" />
            <range source_id="64" start_line="191" end_line="191" start_column="21" end_column="36" covered="no" />
            <range source_id="64" start_line="193" end_line="193" start_column="21" end_column="49" covered="no" />
            <range source_id="64" start_line="195" end_line="195" start_column="21" end_column="44" covered="no" />
            <range source_id="64" start_line="197" end_line="197" start_column="21" end_column="55" covered="no" />
            <range source_id="64" start_line="198" end_line="198" start_column="17" end_column="18" covered="no" />
          </ranges>
        </function>
        <function id="241204" token="0x60005d5" name="&lt;BuildTargetModel&gt;b__2_4(Microsoft.EntityFrameworkCore.Metadata.Builders.EntityTypeBuilder)" namespace="AzAgroPOS.Verilenler.Migrations" type_name="FinalSchemaSync.&lt;&gt;c" block_coverage="0.00" line_coverage="0.00" blocks_covered="0" blocks_not_covered="29" lines_covered="0" lines_partially_covered="0" lines_not_covered="56">
          <ranges>
            <range source_id="64" start_line="201" end_line="201" start_column="17" end_column="18" covered="no" />
            <range source_id="64" start_line="202" end_line="204" start_column="21" end_column="47" covered="no" />
            <range source_id="64" start_line="206" end_line="206" start_column="21" end_column="97" covered="no" />
            <range source_id="64" start_line="208" end_line="210" start_column="21" end_column="57" covered="no" />
            <range source_id="64" start_line="212" end_line="213" start_column="21" end_column="47" covered="no" />
            <range source_id="64" start_line="215" end_line="216" start_column="21" end_column="57" covered="no" />
            <range source_id="64" start_line="218" end_line="219" start_column="21" end_column="57" covered="no" />
            <range source_id="64" start_line="221" end_line="224" start_column="21" end_column="49" covered="no" />
            <range source_id="64" start_line="226" end_line="227" start_column="21" end_column="57" covered="no" />
            <range source_id="64" start_line="229" end_line="230" start_column="21" end_column="57" covered="no" />
            <range source_id="64" start_line="232" end_line="232" start_column="21" end_column="36" covered="no" />
            <range source_id="64" start_line="234" end_line="234" start_column="21" end_column="43" covered="no" />
            <range source_id="64" start_line="236" end_line="266" start_column="21" end_column="28" covered="no" />
            <range source_id="64" start_line="267" end_line="267" start_column="17" end_column="18" covered="no" />
          </ranges>
        </function>
        <function id="241580" token="0x60005d6" name="&lt;BuildTargetModel&gt;b__2_5(Microsoft.EntityFrameworkCore.Metadata.Builders.EntityTypeBuilder)" namespace="AzAgroPOS.Verilenler.Migrations" type_name="FinalSchemaSync.&lt;&gt;c" block_coverage="0.00" line_coverage="0.00" blocks_covered="0" blocks_not_covered="26" lines_covered="0" lines_partially_covered="0" lines_not_covered="26">
          <ranges>
            <range source_id="64" start_line="270" end_line="270" start_column="17" end_column="18" covered="no" />
            <range source_id="64" start_line="271" end_line="273" start_column="21" end_column="47" covered="no" />
            <range source_id="64" start_line="275" end_line="275" start_column="21" end_column="97" covered="no" />
            <range source_id="64" start_line="277" end_line="279" start_column="21" end_column="57" covered="no" />
            <range source_id="64" start_line="281" end_line="283" start_column="21" end_column="57" covered="no" />
            <range source_id="64" start_line="285" end_line="286" start_column="21" end_column="47" covered="no" />
            <range source_id="64" start_line="288" end_line="289" start_column="21" end_column="53" covered="no" />
            <range source_id="64" start_line="291" end_line="292" start_column="21" end_column="47" covered="no" />
            <range source_id="64" start_line="294" end_line="295" start_column="21" end_column="47" covered="no" />
            <range source_id="64" start_line="297" end_line="300" start_column="21" end_column="49" covered="no" />
            <range source_id="64" start_line="302" end_line="302" start_column="21" end_column="36" covered="no" />
            <range source_id="64" start_line="304" end_line="304" start_column="21" end_column="54" covered="no" />
            <range source_id="64" start_line="305" end_line="305" start_column="17" end_column="18" covered="no" />
          </ranges>
        </function>
        <function id="241856" token="0x60005d7" name="&lt;BuildTargetModel&gt;b__2_6(Microsoft.EntityFrameworkCore.Metadata.Builders.EntityTypeBuilder)" namespace="AzAgroPOS.Verilenler.Migrations" type_name="FinalSchemaSync.&lt;&gt;c" block_coverage="0.00" line_coverage="0.00" blocks_covered="0" blocks_not_covered="24" lines_covered="0" lines_partially_covered="0" lines_not_covered="54">
          <ranges>
            <range source_id="64" start_line="308" end_line="308" start_column="17" end_column="18" covered="no" />
            <range source_id="64" start_line="309" end_line="311" start_column="21" end_column="47" covered="no" />
            <range source_id="64" start_line="313" end_line="313" start_column="21" end_column="97" covered="no" />
            <range source_id="64" start_line="315" end_line="317" start_column="21" end_column="57" covered="no" />
            <range source_id="64" start_line="319" end_line="322" start_column="21" end_column="49" covered="no" />
            <range source_id="64" start_line="324" end_line="326" start_column="21" end_column="57" covered="no" />
            <range source_id="64" start_line="328" end_line="328" start_column="21" end_column="36" covered="no" />
            <range source_id="64" start_line="330" end_line="330" start_column="21" end_column="43" covered="no" />
            <range source_id="64" start_line="332" end_line="367" start_column="21" end_column="28" covered="no" />
            <range source_id="64" start_line="368" end_line="368" start_column="17" end_column="18" covered="no" />
          </ranges>
        </function>
        <function id="242160" token="0x60005d8" name="&lt;BuildTargetModel&gt;b__2_7(Microsoft.EntityFrameworkCore.Metadata.Builders.EntityTypeBuilder)" namespace="AzAgroPOS.Verilenler.Migrations" type_name="FinalSchemaSync.&lt;&gt;c" block_coverage="0.00" line_coverage="0.00" blocks_covered="0" blocks_not_covered="59" lines_covered="0" lines_partially_covered="0" lines_not_covered="87">
          <ranges>
            <range source_id="64" start_line="371" end_line="371" start_column="17" end_column="18" covered="no" />
            <range source_id="64" start_line="372" end_line="374" start_column="21" end_column="47" covered="no" />
            <range source_id="64" start_line="376" end_line="376" start_column="21" end_column="97" covered="no" />
            <range source_id="64" start_line="378" end_line="380" start_column="21" end_column="57" covered="no" />
            <range source_id="64" start_line="382" end_line="384" start_column="21" end_column="57" covered="no" />
            <range source_id="64" start_line="386" end_line="387" start_column="21" end_column="53" covered="no" />
            <range source_id="64" start_line="389" end_line="391" start_column="21" end_column="57" covered="no" />
            <range source_id="64" start_line="393" end_line="394" start_column="21" end_column="53" covered="no" />
            <range source_id="64" start_line="396" end_line="397" start_column="21" end_column="58" covered="no" />
            <range source_id="64" start_line="399" end_line="401" start_column="21" end_column="57" covered="no" />
            <range source_id="64" start_line="403" end_line="406" start_column="21" end_column="49" covered="no" />
            <range source_id="64" start_line="408" end_line="409" start_column="21" end_column="47" covered="no" />
            <range source_id="64" start_line="411" end_line="412" start_column="21" end_column="47" covered="no" />
            <range source_id="64" start_line="414" end_line="416" start_column="21" end_column="57" covered="no" />
            <range source_id="64" start_line="418" end_line="420" start_column="21" end_column="57" covered="no" />
            <range source_id="64" start_line="422" end_line="424" start_column="21" end_column="57" covered="no" />
            <range source_id="64" start_line="426" end_line="428" start_column="21" end_column="57" covered="no" />
            <range source_id="64" start_line="430" end_line="432" start_column="21" end_column="57" covered="no" />
            <range source_id="64" start_line="434" end_line="434" start_column="21" end_column="36" covered="no" />
            <range source_id="64" start_line="436" end_line="436" start_column="21" end_column="56" covered="no" />
            <range source_id="64" start_line="438" end_line="438" start_column="21" end_column="42" covered="no" />
            <range source_id="64" start_line="440" end_line="476" start_column="21" end_column="28" covered="no" />
            <range source_id="64" start_line="477" end_line="477" start_column="17" end_column="18" covered="no" />
          </ranges>
        </function>
        <function id="242900" token="0x60005d9" name="&lt;BuildTargetModel&gt;b__2_8(Microsoft.EntityFrameworkCore.Metadata.Builders.EntityTypeBuilder)" namespace="AzAgroPOS.Verilenler.Migrations" type_name="FinalSchemaSync.&lt;&gt;c" block_coverage="0.00" line_coverage="0.00" blocks_covered="0" blocks_not_covered="36" lines_covered="0" lines_partially_covered="0" lines_not_covered="36">
          <ranges>
            <range source_id="64" start_line="480" end_line="480" start_column="17" end_column="18" covered="no" />
            <range source_id="64" start_line="481" end_line="483" start_column="21" end_column="47" covered="no" />
            <range source_id="64" start_line="485" end_line="485" start_column="21" end_column="97" covered="no" />
            <range source_id="64" start_line="487" end_line="488" start_column="21" end_column="53" covered="no" />
            <range source_id="64" start_line="490" end_line="491" start_column="21" end_column="53" covered="no" />
            <range source_id="64" start_line="493" end_line="494" start_column="21" end_column="47" covered="no" />
            <range source_id="64" start_line="496" end_line="497" start_column="21" end_column="47" covered="no" />
            <range source_id="64" start_line="499" end_line="500" start_column="21" end_column="47" covered="no" />
            <range source_id="64" start_line="502" end_line="504" start_column="21" end_column="57" covered="no" />
            <range source_id="64" start_line="506" end_line="508" start_column="21" end_column="57" covered="no" />
            <range source_id="64" start_line="510" end_line="513" start_column="21" end_column="49" covered="no" />
            <range source_id="64" start_line="515" end_line="516" start_column="21" end_column="47" covered="no" />
            <range source_id="64" start_line="518" end_line="519" start_column="21" end_column="47" covered="no" />
            <range source_id="64" start_line="521" end_line="522" start_column="21" end_column="53" covered="no" />
            <range source_id="64" start_line="524" end_line="524" start_column="21" end_column="36" covered="no" />
            <range source_id="64" start_line="526" end_line="526" start_column="21" end_column="42" covered="no" />
            <range source_id="64" start_line="528" end_line="528" start_column="21" end_column="52" covered="no" />
            <range source_id="64" start_line="530" end_line="530" start_column="21" end_column="46" covered="no" />
            <range source_id="64" start_line="531" end_line="531" start_column="17" end_column="18" covered="no" />
          </ranges>
        </function>
        <function id="243308" token="0x60005da" name="&lt;BuildTargetModel&gt;b__2_9(Microsoft.EntityFrameworkCore.Metadata.Builders.EntityTypeBuilder)" namespace="AzAgroPOS.Verilenler.Migrations" type_name="FinalSchemaSync.&lt;&gt;c" block_coverage="0.00" line_coverage="0.00" blocks_covered="0" blocks_not_covered="31" lines_covered="0" lines_partially_covered="0" lines_not_covered="31">
          <ranges>
            <range source_id="64" start_line="534" end_line="534" start_column="17" end_column="18" covered="no" />
            <range source_id="64" start_line="535" end_line="537" start_column="21" end_column="47" covered="no" />
            <range source_id="64" start_line="539" end_line="539" start_column="21" end_column="97" covered="no" />
            <range source_id="64" start_line="541" end_line="543" start_column="21" end_column="57" covered="no" />
            <range source_id="64" start_line="545" end_line="546" start_column="21" end_column="47" covered="no" />
            <range source_id="64" start_line="548" end_line="550" start_column="21" end_column="57" covered="no" />
            <range source_id="64" start_line="552" end_line="554" start_column="21" end_column="57" covered="no" />
            <range source_id="64" start_line="556" end_line="557" start_column="21" end_column="47" covered="no" />
            <range source_id="64" start_line="559" end_line="562" start_column="21" end_column="49" covered="no" />
            <range source_id="64" start_line="564" end_line="565" start_column="21" end_column="53" covered="no" />
            <range source_id="64" start_line="567" end_line="569" start_column="21" end_column="57" covered="no" />
            <range source_id="64" start_line="571" end_line="571" start_column="21" end_column="36" covered="no" />
            <range source_id="64" start_line="573" end_line="573" start_column="21" end_column="42" covered="no" />
            <range source_id="64" start_line="575" end_line="575" start_column="21" end_column="53" covered="no" />
            <range source_id="64" start_line="576" end_line="576" start_column="17" end_column="18" covered="no" />
          </ranges>
        </function>
        <function id="243640" token="0x60005db" name="&lt;BuildTargetModel&gt;b__2_10(Microsoft.EntityFrameworkCore.Metadata.Builders.EntityTypeBuilder)" namespace="AzAgroPOS.Verilenler.Migrations" type_name="FinalSchemaSync.&lt;&gt;c" block_coverage="0.00" line_coverage="0.00" blocks_covered="0" blocks_not_covered="26" lines_covered="0" lines_partially_covered="0" lines_not_covered="34">
          <ranges>
            <range source_id="64" start_line="579" end_line="579" start_column="17" end_column="18" covered="no" />
            <range source_id="64" start_line="580" end_line="582" start_column="21" end_column="47" covered="no" />
            <range source_id="64" start_line="584" end_line="584" start_column="21" end_column="97" covered="no" />
            <range source_id="64" start_line="586" end_line="588" start_column="21" end_column="57" covered="no" />
            <range source_id="64" start_line="590" end_line="592" start_column="21" end_column="57" covered="no" />
            <range source_id="64" start_line="594" end_line="595" start_column="21" end_column="47" covered="no" />
            <range source_id="64" start_line="597" end_line="600" start_column="21" end_column="49" covered="no" />
            <range source_id="64" start_line="602" end_line="604" start_column="21" end_column="57" covered="no" />
            <range source_id="64" start_line="606" end_line="606" start_column="21" end_column="36" covered="no" />
            <range source_id="64" start_line="608" end_line="608" start_column="21" end_column="41" covered="no" />
            <range source_id="64" start_line="610" end_line="610" start_column="21" end_column="48" covered="no" />
            <range source_id="64" start_line="612" end_line="621" start_column="21" end_column="28" covered="no" />
            <range source_id="64" start_line="622" end_line="622" start_column="17" end_column="18" covered="no" />
          </ranges>
        </function>
        <function id="243940" token="0x60005dc" name="&lt;BuildTargetModel&gt;b__2_11(Microsoft.EntityFrameworkCore.Metadata.Builders.EntityTypeBuilder)" namespace="AzAgroPOS.Verilenler.Migrations" type_name="FinalSchemaSync.&lt;&gt;c" block_coverage="0.00" line_coverage="0.00" blocks_covered="0" blocks_not_covered="23" lines_covered="0" lines_partially_covered="0" lines_not_covered="44">
          <ranges>
            <range source_id="64" start_line="625" end_line="625" start_column="17" end_column="18" covered="no" />
            <range source_id="64" start_line="626" end_line="628" start_column="21" end_column="47" covered="no" />
            <range source_id="64" start_line="630" end_line="630" start_column="21" end_column="97" covered="no" />
            <range source_id="64" start_line="632" end_line="634" start_column="21" end_column="57" covered="no" />
            <range source_id="64" start_line="636" end_line="637" start_column="21" end_column="47" covered="no" />
            <range source_id="64" start_line="639" end_line="642" start_column="21" end_column="49" covered="no" />
            <range source_id="64" start_line="644" end_line="645" start_column="21" end_column="57" covered="no" />
            <range source_id="64" start_line="647" end_line="647" start_column="21" end_column="36" covered="no" />
            <range source_id="64" start_line="649" end_line="649" start_column="21" end_column="48" covered="no" />
            <range source_id="64" start_line="651" end_line="675" start_column="21" end_column="28" covered="no" />
            <range source_id="64" start_line="676" end_line="676" start_column="17" end_column="18" covered="no" />
          </ranges>
        </function>
        <function id="244220" token="0x60005dd" name="&lt;BuildTargetModel&gt;b__2_12(Microsoft.EntityFrameworkCore.Metadata.Builders.EntityTypeBuilder)" namespace="AzAgroPOS.Verilenler.Migrations" type_name="FinalSchemaSync.&lt;&gt;c" block_coverage="0.00" line_coverage="0.00" blocks_covered="0" blocks_not_covered="24" lines_covered="0" lines_partially_covered="0" lines_not_covered="24">
          <ranges>
            <range source_id="64" start_line="679" end_line="679" start_column="17" end_column="18" covered="no" />
            <range source_id="64" start_line="680" end_line="682" start_column="21" end_column="47" covered="no" />
            <range source_id="64" start_line="684" end_line="684" start_column="21" end_column="97" covered="no" />
            <range source_id="64" start_line="686" end_line="688" start_column="21" end_column="57" covered="no" />
            <range source_id="64" start_line="690" end_line="692" start_column="21" end_column="57" covered="no" />
            <range source_id="64" start_line="694" end_line="696" start_column="21" end_column="57" covered="no" />
            <range source_id="64" start_line="698" end_line="701" start_column="21" end_column="49" covered="no" />
            <range source_id="64" start_line="703" end_line="705" start_column="21" end_column="57" covered="no" />
            <range source_id="64" start_line="707" end_line="707" start_column="21" end_column="36" covered="no" />
            <range source_id="64" start_line="709" end_line="709" start_column="21" end_column="51" covered="no" />
            <range source_id="64" start_line="710" end_line="710" start_column="17" end_column="18" covered="no" />
          </ranges>
        </function>
        <function id="244464" token="0x60005de" name="&lt;BuildTargetModel&gt;b__2_13(Microsoft.EntityFrameworkCore.Metadata.Builders.EntityTypeBuilder)" namespace="AzAgroPOS.Verilenler.Migrations" type_name="FinalSchemaSync.&lt;&gt;c" block_coverage="0.00" line_coverage="0.00" blocks_covered="0" blocks_not_covered="56" lines_covered="0" lines_partially_covered="0" lines_not_covered="95">
          <ranges>
            <range source_id="64" start_line="713" end_line="713" start_column="17" end_column="18" covered="no" />
            <range source_id="64" start_line="714" end_line="716" start_column="21" end_column="47" covered="no" />
            <range source_id="64" start_line="718" end_line="718" start_column="21" end_column="97" covered="no" />
            <range source_id="64" start_line="720" end_line="722" start_column="21" end_column="57" covered="no" />
            <range source_id="64" start_line="724" end_line="725" start_column="21" end_column="47" covered="no" />
            <range source_id="64" start_line="727" end_line="728" start_column="21" end_column="58" covered="no" />
            <range source_id="64" start_line="730" end_line="731" start_column="21" end_column="57" covered="no" />
            <range source_id="64" start_line="733" end_line="734" start_column="21" end_column="47" covered="no" />
            <range source_id="64" start_line="736" end_line="737" start_column="21" end_column="47" covered="no" />
            <range source_id="64" start_line="739" end_line="740" start_column="21" end_column="47" covered="no" />
            <range source_id="64" start_line="742" end_line="743" start_column="21" end_column="47" covered="no" />
            <range source_id="64" start_line="745" end_line="746" start_column="21" end_column="47" covered="no" />
            <range source_id="64" start_line="748" end_line="749" start_column="21" end_column="58" covered="no" />
            <range source_id="64" start_line="751" end_line="752" start_column="21" end_column="57" covered="no" />
            <range source_id="64" start_line="754" end_line="757" start_column="21" end_column="49" covered="no" />
            <range source_id="64" start_line="759" end_line="760" start_column="21" end_column="57" covered="no" />
            <range source_id="64" start_line="762" end_line="763" start_column="21" end_column="47" covered="no" />
            <range source_id="64" start_line="765" end_line="766" start_column="21" end_column="58" covered="no" />
            <range source_id="64" start_line="768" end_line="769" start_column="21" end_column="58" covered="no" />
            <range source_id="64" start_line="771" end_line="771" start_column="21" end_column="36" covered="no" />
            <range source_id="64" start_line="773" end_line="773" start_column="21" end_column="43" covered="no" />
            <range source_id="64" start_line="775" end_line="775" start_column="21" end_column="48" covered="no" />
            <range source_id="64" start_line="777" end_line="777" start_column="21" end_column="47" covered="no" />
            <range source_id="64" start_line="779" end_line="779" start_column="21" end_column="44" covered="no" />
            <range source_id="64" start_line="781" end_line="829" start_column="21" end_column="28" covered="no" />
            <range source_id="64" start_line="830" end_line="830" start_column="17" end_column="18" covered="no" />
          </ranges>
        </function>
        <function id="245212" token="0x60005df" name="&lt;BuildTargetModel&gt;b__2_14(Microsoft.EntityFrameworkCore.Metadata.Builders.EntityTypeBuilder)" namespace="AzAgroPOS.Verilenler.Migrations" type_name="FinalSchemaSync.&lt;&gt;c" block_coverage="0.00" line_coverage="0.00" blocks_covered="0" blocks_not_covered="24" lines_covered="0" lines_partially_covered="0" lines_not_covered="24">
          <ranges>
            <range source_id="64" start_line="833" end_line="833" start_column="17" end_column="18" covered="no" />
            <range source_id="64" start_line="834" end_line="836" start_column="21" end_column="47" covered="no" />
            <range source_id="64" start_line="838" end_line="838" start_column="21" end_column="97" covered="no" />
            <range source_id="64" start_line="840" end_line="841" start_column="21" end_column="57" covered="no" />
            <range source_id="64" start_line="843" end_line="846" start_column="21" end_column="49" covered="no" />
            <range source_id="64" start_line="848" end_line="850" start_column="21" end_column="57" covered="no" />
            <range source_id="64" start_line="852" end_line="854" start_column="21" end_column="57" covered="no" />
            <range source_id="64" start_line="856" end_line="857" start_column="21" end_column="58" covered="no" />
            <range source_id="64" start_line="859" end_line="860" start_column="21" end_column="57" covered="no" />
            <range source_id="64" start_line="862" end_line="862" start_column="21" end_column="36" covered="no" />
            <range source_id="64" start_line="864" end_line="864" start_column="21" end_column="45" covered="no" />
            <range source_id="64" start_line="865" end_line="865" start_column="17" end_column="18" covered="no" />
          </ranges>
        </function>
        <function id="245468" token="0x60005e0" name="&lt;BuildTargetModel&gt;b__2_15(Microsoft.EntityFrameworkCore.Metadata.Builders.EntityTypeBuilder)" namespace="AzAgroPOS.Verilenler.Migrations" type_name="FinalSchemaSync.&lt;&gt;c" block_coverage="0.00" line_coverage="0.00" blocks_covered="0" blocks_not_covered="26" lines_covered="0" lines_partially_covered="0" lines_not_covered="26">
          <ranges>
            <range source_id="64" start_line="868" end_line="868" start_column="17" end_column="18" covered="no" />
            <range source_id="64" start_line="869" end_line="871" start_column="21" end_column="47" covered="no" />
            <range source_id="64" start_line="873" end_line="873" start_column="21" end_column="97" covered="no" />
            <range source_id="64" start_line="875" end_line="876" start_column="21" end_column="47" covered="no" />
            <range source_id="64" start_line="878" end_line="879" start_column="21" end_column="58" covered="no" />
            <range source_id="64" start_line="881" end_line="882" start_column="21" end_column="47" covered="no" />
            <range source_id="64" start_line="884" end_line="885" start_column="21" end_column="57" covered="no" />
            <range source_id="64" start_line="887" end_line="888" start_column="21" end_column="47" covered="no" />
            <range source_id="64" start_line="890" end_line="893" start_column="21" end_column="49" covered="no" />
            <range source_id="64" start_line="895" end_line="896" start_column="21" end_column="53" covered="no" />
            <range source_id="64" start_line="898" end_line="898" start_column="21" end_column="36" covered="no" />
            <range source_id="64" start_line="900" end_line="900" start_column="21" end_column="45" covered="no" />
            <range source_id="64" start_line="902" end_line="902" start_column="21" end_column="43" covered="no" />
            <range source_id="64" start_line="904" end_line="904" start_column="21" end_column="51" covered="no" />
            <range source_id="64" start_line="905" end_line="905" start_column="17" end_column="18" covered="no" />
          </ranges>
        </function>
        <function id="245776" token="0x60005e1" name="&lt;BuildTargetModel&gt;b__2_16(Microsoft.EntityFrameworkCore.Metadata.Builders.EntityTypeBuilder)" namespace="AzAgroPOS.Verilenler.Migrations" type_name="FinalSchemaSync.&lt;&gt;c" block_coverage="0.00" line_coverage="0.00" blocks_covered="0" blocks_not_covered="27" lines_covered="0" lines_partially_covered="0" lines_not_covered="27">
          <ranges>
            <range source_id="64" start_line="908" end_line="908" start_column="17" end_column="18" covered="no" />
            <range source_id="64" start_line="909" end_line="911" start_column="21" end_column="47" covered="no" />
            <range source_id="64" start_line="913" end_line="913" start_column="21" end_column="97" covered="no" />
            <range source_id="64" start_line="915" end_line="916" start_column="21" end_column="53" covered="no" />
            <range source_id="64" start_line="918" end_line="919" start_column="21" end_column="53" covered="no" />
            <range source_id="64" start_line="921" end_line="922" start_column="21" end_column="58" covered="no" />
            <range source_id="64" start_line="924" end_line="925" start_column="21" end_column="58" covered="no" />
            <range source_id="64" start_line="927" end_line="928" start_column="21" end_column="58" covered="no" />
            <range source_id="64" start_line="930" end_line="931" start_column="21" end_column="47" covered="no" />
            <range source_id="64" start_line="933" end_line="936" start_column="21" end_column="49" covered="no" />
            <range source_id="64" start_line="938" end_line="939" start_column="21" end_column="47" covered="no" />
            <range source_id="64" start_line="941" end_line="941" start_column="21" end_column="36" covered="no" />
            <range source_id="64" start_line="943" end_line="943" start_column="21" end_column="42" covered="no" />
            <range source_id="64" start_line="945" end_line="945" start_column="21" end_column="43" covered="no" />
            <range source_id="64" start_line="946" end_line="946" start_column="17" end_column="18" covered="no" />
          </ranges>
        </function>
        <function id="246084" token="0x60005e2" name="&lt;BuildTargetModel&gt;b__2_17(Microsoft.EntityFrameworkCore.Metadata.Builders.EntityTypeBuilder)" namespace="AzAgroPOS.Verilenler.Migrations" type_name="FinalSchemaSync.&lt;&gt;c" block_coverage="0.00" line_coverage="0.00" blocks_covered="0" blocks_not_covered="25" lines_covered="0" lines_partially_covered="0" lines_not_covered="25">
          <ranges>
            <range source_id="64" start_line="949" end_line="949" start_column="17" end_column="18" covered="no" />
            <range source_id="64" start_line="950" end_line="952" start_column="21" end_column="47" covered="no" />
            <range source_id="64" start_line="954" end_line="954" start_column="21" end_column="97" covered="no" />
            <range source_id="64" start_line="956" end_line="957" start_column="21" end_column="47" covered="no" />
            <range source_id="64" start_line="959" end_line="960" start_column="21" end_column="47" covered="no" />
            <range source_id="64" start_line="962" end_line="964" start_column="21" end_column="57" covered="no" />
            <range source_id="64" start_line="966" end_line="969" start_column="21" end_column="49" covered="no" />
            <range source_id="64" start_line="971" end_line="972" start_column="21" end_column="53" covered="no" />
            <range source_id="64" start_line="974" end_line="975" start_column="21" end_column="57" covered="no" />
            <range source_id="64" start_line="977" end_line="977" start_column="21" end_column="36" covered="no" />
            <range source_id="64" start_line="979" end_line="979" start_column="21" end_column="44" covered="no" />
            <range source_id="64" start_line="981" end_line="981" start_column="21" end_column="43" covered="no" />
            <range source_id="64" start_line="983" end_line="983" start_column="21" end_column="46" covered="no" />
            <range source_id="64" start_line="984" end_line="984" start_column="17" end_column="18" covered="no" />
          </ranges>
        </function>
        <function id="246376" token="0x60005e3" name="&lt;BuildTargetModel&gt;b__2_18(Microsoft.EntityFrameworkCore.Metadata.Builders.EntityTypeBuilder)" namespace="AzAgroPOS.Verilenler.Migrations" type_name="FinalSchemaSync.&lt;&gt;c" block_coverage="0.00" line_coverage="0.00" blocks_covered="0" blocks_not_covered="24" lines_covered="0" lines_partially_covered="0" lines_not_covered="24">
          <ranges>
            <range source_id="64" start_line="987" end_line="987" start_column="17" end_column="18" covered="no" />
            <range source_id="64" start_line="988" end_line="990" start_column="21" end_column="47" covered="no" />
            <range source_id="64" start_line="992" end_line="992" start_column="21" end_column="97" covered="no" />
            <range source_id="64" start_line="994" end_line="995" start_column="21" end_column="47" covered="no" />
            <range source_id="64" start_line="997" end_line="998" start_column="21" end_column="57" covered="no" />
            <range source_id="64" start_line="1000" end_line="1001" start_column="21" end_column="47" covered="no" />
            <range source_id="64" start_line="1003" end_line="1004" start_column="21" end_column="57" covered="no" />
            <range source_id="64" start_line="1006" end_line="1009" start_column="21" end_column="49" covered="no" />
            <range source_id="64" start_line="1011" end_line="1012" start_column="21" end_column="57" covered="no" />
            <range source_id="64" start_line="1014" end_line="1014" start_column="21" end_column="36" covered="no" />
            <range source_id="64" start_line="1016" end_line="1016" start_column="21" end_column="44" covered="no" />
            <range source_id="64" start_line="1018" end_line="1018" start_column="21" end_column="46" covered="no" />
            <range source_id="64" start_line="1020" end_line="1020" start_column="21" end_column="52" covered="no" />
            <range source_id="64" start_line="1021" end_line="1021" start_column="17" end_column="18" covered="no" />
          </ranges>
        </function>
        <function id="246660" token="0x60005e4" name="&lt;BuildTargetModel&gt;b__2_19(Microsoft.EntityFrameworkCore.Metadata.Builders.EntityTypeBuilder)" namespace="AzAgroPOS.Verilenler.Migrations" type_name="FinalSchemaSync.&lt;&gt;c" block_coverage="0.00" line_coverage="0.00" blocks_covered="0" blocks_not_covered="18" lines_covered="0" lines_partially_covered="0" lines_not_covered="28">
          <ranges>
            <range source_id="64" start_line="1024" end_line="1024" start_column="17" end_column="18" covered="no" />
            <range source_id="64" start_line="1025" end_line="1027" start_column="21" end_column="47" covered="no" />
            <range source_id="64" start_line="1029" end_line="1029" start_column="21" end_column="97" covered="no" />
            <range source_id="64" start_line="1031" end_line="1033" start_column="21" end_column="57" covered="no" />
            <range source_id="64" start_line="1035" end_line="1038" start_column="21" end_column="49" covered="no" />
            <range source_id="64" start_line="1040" end_line="1040" start_column="21" end_column="36" covered="no" />
            <range source_id="64" start_line="1042" end_line="1042" start_column="21" end_column="41" covered="no" />
            <range source_id="64" start_line="1044" end_line="1056" start_column="21" end_column="28" covered="no" />
            <range source_id="64" start_line="1057" end_line="1057" start_column="17" end_column="18" covered="no" />
          </ranges>
        </function>
        <function id="246864" token="0x60005e5" name="&lt;BuildTargetModel&gt;b__2_20(Microsoft.EntityFrameworkCore.Metadata.Builders.EntityTypeBuilder)" namespace="AzAgroPOS.Verilenler.Migrations" type_name="FinalSchemaSync.&lt;&gt;c" block_coverage="0.00" line_coverage="0.00" blocks_covered="0" blocks_not_covered="24" lines_covered="0" lines_partially_covered="0" lines_not_covered="54">
          <ranges>
            <range source_id="64" start_line="1060" end_line="1060" start_column="17" end_column="18" covered="no" />
            <range source_id="64" start_line="1061" end_line="1063" start_column="21" end_column="47" covered="no" />
            <range source_id="64" start_line="1065" end_line="1065" start_column="21" end_column="97" covered="no" />
            <range source_id="64" start_line="1067" end_line="1068" start_column="21" end_column="47" covered="no" />
            <range source_id="64" start_line="1070" end_line="1071" start_column="21" end_column="47" covered="no" />
            <range source_id="64" start_line="1073" end_line="1076" start_column="21" end_column="49" covered="no" />
            <range source_id="64" start_line="1078" end_line="1078" start_column="21" end_column="36" covered="no" />
            <range source_id="64" start_line="1080" end_line="1080" start_column="21" end_column="43" covered="no" />
            <range source_id="64" start_line="1082" end_line="1082" start_column="21" end_column="41" covered="no" />
            <range source_id="64" start_line="1084" end_line="1084" start_column="21" end_column="47" covered="no" />
            <range source_id="64" start_line="1086" end_line="1121" start_column="21" end_column="28" covered="no" />
            <range source_id="64" start_line="1122" end_line="1122" start_column="17" end_column="18" covered="no" />
          </ranges>
        </function>
        <function id="247156" token="0x60005e6" name="&lt;BuildTargetModel&gt;b__2_21(Microsoft.EntityFrameworkCore.Metadata.Builders.EntityTypeBuilder)" namespace="AzAgroPOS.Verilenler.Migrations" type_name="FinalSchemaSync.&lt;&gt;c" block_coverage="0.00" line_coverage="0.00" blocks_covered="0" blocks_not_covered="24" lines_covered="0" lines_partially_covered="0" lines_not_covered="24">
          <ranges>
            <range source_id="64" start_line="1125" end_line="1125" start_column="17" end_column="18" covered="no" />
            <range source_id="64" start_line="1126" end_line="1128" start_column="21" end_column="47" covered="no" />
            <range source_id="64" start_line="1130" end_line="1130" start_column="21" end_column="97" covered="no" />
            <range source_id="64" start_line="1132" end_line="1133" start_column="21" end_column="47" covered="no" />
            <range source_id="64" start_line="1135" end_line="1136" start_column="21" end_column="47" covered="no" />
            <range source_id="64" start_line="1138" end_line="1139" start_column="21" end_column="47" covered="no" />
            <range source_id="64" start_line="1141" end_line="1144" start_column="21" end_column="49" covered="no" />
            <range source_id="64" start_line="1146" end_line="1147" start_column="21" end_column="53" covered="no" />
            <range source_id="64" start_line="1149" end_line="1150" start_column="21" end_column="58" covered="no" />
            <range source_id="64" start_line="1152" end_line="1152" start_column="21" end_column="36" covered="no" />
            <range source_id="64" start_line="1154" end_line="1154" start_column="21" end_column="45" covered="no" />
            <range source_id="64" start_line="1156" end_line="1156" start_column="21" end_column="43" covered="no" />
            <range source_id="64" start_line="1158" end_line="1158" start_column="21" end_column="43" covered="no" />
            <range source_id="64" start_line="1159" end_line="1159" start_column="17" end_column="18" covered="no" />
          </ranges>
        </function>
        <function id="247440" token="0x60005e7" name="&lt;BuildTargetModel&gt;b__2_22(Microsoft.EntityFrameworkCore.Metadata.Builders.EntityTypeBuilder)" namespace="AzAgroPOS.Verilenler.Migrations" type_name="FinalSchemaSync.&lt;&gt;c" block_coverage="0.00" line_coverage="0.00" blocks_covered="0" blocks_not_covered="24" lines_covered="0" lines_partially_covered="0" lines_not_covered="24">
          <ranges>
            <range source_id="64" start_line="1162" end_line="1162" start_column="17" end_column="18" covered="no" />
            <range source_id="64" start_line="1163" end_line="1165" start_column="21" end_column="47" covered="no" />
            <range source_id="64" start_line="1167" end_line="1167" start_column="21" end_column="97" covered="no" />
            <range source_id="64" start_line="1169" end_line="1170" start_column="21" end_column="47" covered="no" />
            <range source_id="64" start_line="1172" end_line="1173" start_column="21" end_column="57" covered="no" />
            <range source_id="64" start_line="1175" end_line="1176" start_column="21" end_column="58" covered="no" />
            <range source_id="64" start_line="1178" end_line="1179" start_column="21" end_column="47" covered="no" />
            <range source_id="64" start_line="1181" end_line="1184" start_column="21" end_column="49" covered="no" />
            <range source_id="64" start_line="1186" end_line="1187" start_column="21" end_column="57" covered="no" />
            <range source_id="64" start_line="1189" end_line="1189" start_column="21" end_column="36" covered="no" />
            <range source_id="64" start_line="1191" end_line="1191" start_column="21" end_column="44" covered="no" />
            <range source_id="64" start_line="1193" end_line="1193" start_column="21" end_column="43" covered="no" />
            <range source_id="64" start_line="1195" end_line="1195" start_column="21" end_column="49" covered="no" />
            <range source_id="64" start_line="1196" end_line="1196" start_column="17" end_column="18" covered="no" />
          </ranges>
        </function>
        <function id="247724" token="0x60005e8" name="&lt;BuildTargetModel&gt;b__2_23(Microsoft.EntityFrameworkCore.Metadata.Builders.EntityTypeBuilder)" namespace="AzAgroPOS.Verilenler.Migrations" type_name="FinalSchemaSync.&lt;&gt;c" block_coverage="0.00" line_coverage="0.00" blocks_covered="0" blocks_not_covered="30" lines_covered="0" lines_partially_covered="0" lines_not_covered="52">
          <ranges>
            <range source_id="64" start_line="1199" end_line="1199" start_column="17" end_column="18" covered="no" />
            <range source_id="64" start_line="1200" end_line="1202" start_column="21" end_column="47" covered="no" />
            <range source_id="64" start_line="1204" end_line="1204" start_column="21" end_column="97" covered="no" />
            <range source_id="64" start_line="1206" end_line="1208" start_column="21" end_column="57" covered="no" />
            <range source_id="64" start_line="1210" end_line="1211" start_column="21" end_column="47" covered="no" />
            <range source_id="64" start_line="1213" end_line="1214" start_column="21" end_column="57" covered="no" />
            <range source_id="64" start_line="1216" end_line="1217" start_column="21" end_column="57" covered="no" />
            <range source_id="64" start_line="1219" end_line="1222" start_column="21" end_column="49" covered="no" />
            <range source_id="64" start_line="1224" end_line="1225" start_column="21" end_column="57" covered="no" />
            <range source_id="64" start_line="1227" end_line="1228" start_column="21" end_column="57" covered="no" />
            <range source_id="64" start_line="1230" end_line="1231" start_column="21" end_column="57" covered="no" />
            <range source_id="64" start_line="1233" end_line="1233" start_column="21" end_column="36" covered="no" />
            <range source_id="64" start_line="1235" end_line="1235" start_column="21" end_column="47" covered="no" />
            <range source_id="64" start_line="1237" end_line="1261" start_column="21" end_column="28" covered="no" />
            <range source_id="64" start_line="1262" end_line="1262" start_column="17" end_column="18" covered="no" />
          </ranges>
        </function>
        <function id="248112" token="0x60005e9" name="&lt;BuildTargetModel&gt;b__2_24(Microsoft.EntityFrameworkCore.Metadata.Builders.EntityTypeBuilder)" namespace="AzAgroPOS.Verilenler.Migrations" type_name="FinalSchemaSync.&lt;&gt;c" block_coverage="0.00" line_coverage="0.00" blocks_covered="0" blocks_not_covered="35" lines_covered="0" lines_partially_covered="0" lines_not_covered="35">
          <ranges>
            <range source_id="64" start_line="1265" end_line="1265" start_column="17" end_column="18" covered="no" />
            <range source_id="64" start_line="1266" end_line="1268" start_column="21" end_column="47" covered="no" />
            <range source_id="64" start_line="1270" end_line="1270" start_column="21" end_column="97" covered="no" />
            <range source_id="64" start_line="1272" end_line="1273" start_column="21" end_column="47" covered="no" />
            <range source_id="64" start_line="1275" end_line="1276" start_column="21" end_column="57" covered="no" />
            <range source_id="64" start_line="1278" end_line="1279" start_column="21" end_column="58" covered="no" />
            <range source_id="64" start_line="1281" end_line="1283" start_column="21" end_column="57" covered="no" />
            <range source_id="64" start_line="1285" end_line="1286" start_column="21" end_column="53" covered="no" />
            <range source_id="64" start_line="1288" end_line="1289" start_column="21" end_column="47" covered="no" />
            <range source_id="64" start_line="1291" end_line="1292" start_column="21" end_column="57" covered="no" />
            <range source_id="64" start_line="1294" end_line="1297" start_column="21" end_column="49" covered="no" />
            <range source_id="64" start_line="1299" end_line="1300" start_column="21" end_column="47" covered="no" />
            <range source_id="64" start_line="1302" end_line="1303" start_column="21" end_column="47" covered="no" />
            <range source_id="64" start_line="1305" end_line="1306" start_column="21" end_column="53" covered="no" />
            <range source_id="64" start_line="1308" end_line="1308" start_column="21" end_column="36" covered="no" />
            <range source_id="64" start_line="1310" end_line="1310" start_column="21" end_column="47" covered="no" />
            <range source_id="64" start_line="1312" end_line="1312" start_column="21" end_column="47" covered="no" />
            <range source_id="64" start_line="1314" end_line="1314" start_column="21" end_column="53" covered="no" />
            <range source_id="64" start_line="1315" end_line="1315" start_column="17" end_column="18" covered="no" />
          </ranges>
        </function>
        <function id="248512" token="0x60005ea" name="&lt;BuildTargetModel&gt;b__2_25(Microsoft.EntityFrameworkCore.Metadata.Builders.EntityTypeBuilder)" namespace="AzAgroPOS.Verilenler.Migrations" type_name="FinalSchemaSync.&lt;&gt;c" block_coverage="0.00" line_coverage="0.00" blocks_covered="0" blocks_not_covered="44" lines_covered="0" lines_partially_covered="0" lines_not_covered="44">
          <ranges>
            <range source_id="64" start_line="1318" end_line="1318" start_column="17" end_column="18" covered="no" />
            <range source_id="64" start_line="1319" end_line="1321" start_column="21" end_column="47" covered="no" />
            <range source_id="64" start_line="1323" end_line="1323" start_column="21" end_column="97" covered="no" />
            <range source_id="64" start_line="1325" end_line="1327" start_column="21" end_column="57" covered="no" />
            <range source_id="64" start_line="1329" end_line="1330" start_column="21" end_column="47" covered="no" />
            <range source_id="64" start_line="1332" end_line="1334" start_column="21" end_column="57" covered="no" />
            <range source_id="64" start_line="1336" end_line="1338" start_column="21" end_column="57" covered="no" />
            <range source_id="64" start_line="1340" end_line="1342" start_column="21" end_column="57" covered="no" />
            <range source_id="64" start_line="1344" end_line="1345" start_column="21" end_column="53" covered="no" />
            <range source_id="64" start_line="1347" end_line="1349" start_column="21" end_column="57" covered="no" />
            <range source_id="64" start_line="1351" end_line="1352" start_column="21" end_column="57" covered="no" />
            <range source_id="64" start_line="1354" end_line="1357" start_column="21" end_column="49" covered="no" />
            <range source_id="64" start_line="1359" end_line="1360" start_column="21" end_column="47" covered="no" />
            <range source_id="64" start_line="1362" end_line="1363" start_column="21" end_column="53" covered="no" />
            <range source_id="64" start_line="1365" end_line="1366" start_column="21" end_column="58" covered="no" />
            <range source_id="64" start_line="1368" end_line="1369" start_column="21" end_column="58" covered="no" />
            <range source_id="64" start_line="1371" end_line="1372" start_column="21" end_column="47" covered="no" />
            <range source_id="64" start_line="1374" end_line="1374" start_column="21" end_column="36" covered="no" />
            <range source_id="64" start_line="1376" end_line="1376" start_column="21" end_column="42" covered="no" />
            <range source_id="64" start_line="1378" end_line="1378" start_column="21" end_column="51" covered="no" />
            <range source_id="64" start_line="1379" end_line="1379" start_column="17" end_column="18" covered="no" />
          </ranges>
        </function>
        <function id="248984" token="0x60005eb" name="&lt;BuildTargetModel&gt;b__2_26(Microsoft.EntityFrameworkCore.Metadata.Builders.EntityTypeBuilder)" namespace="AzAgroPOS.Verilenler.Migrations" type_name="FinalSchemaSync.&lt;&gt;c" block_coverage="0.00" line_coverage="0.00" blocks_covered="0" blocks_not_covered="7" lines_covered="0" lines_partially_covered="0" lines_not_covered="8">
          <ranges>
            <range source_id="64" start_line="1382" end_line="1382" start_column="17" end_column="18" covered="no" />
            <range source_id="64" start_line="1383" end_line="1387" start_column="21" end_column="39" covered="no" />
            <range source_id="64" start_line="1389" end_line="1389" start_column="21" end_column="47" covered="no" />
            <range source_id="64" start_line="1390" end_line="1390" start_column="17" end_column="18" covered="no" />
          </ranges>
        </function>
        <function id="249068" token="0x60005ec" name="&lt;BuildTargetModel&gt;b__2_27(Microsoft.EntityFrameworkCore.Metadata.Builders.EntityTypeBuilder)" namespace="AzAgroPOS.Verilenler.Migrations" type_name="FinalSchemaSync.&lt;&gt;c" block_coverage="0.00" line_coverage="0.00" blocks_covered="0" blocks_not_covered="18" lines_covered="0" lines_partially_covered="0" lines_not_covered="19">
          <ranges>
            <range source_id="64" start_line="1393" end_line="1393" start_column="17" end_column="18" covered="no" />
            <range source_id="64" start_line="1394" end_line="1398" start_column="21" end_column="39" covered="no" />
            <range source_id="64" start_line="1400" end_line="1403" start_column="21" end_column="60" covered="no" />
            <range source_id="64" start_line="1405" end_line="1409" start_column="21" end_column="39" covered="no" />
            <range source_id="64" start_line="1411" end_line="1411" start_column="21" end_column="47" covered="no" />
            <range source_id="64" start_line="1413" end_line="1413" start_column="21" end_column="55" covered="no" />
            <range source_id="64" start_line="1415" end_line="1415" start_column="21" end_column="44" covered="no" />
            <range source_id="64" start_line="1416" end_line="1416" start_column="17" end_column="18" covered="no" />
          </ranges>
        </function>
        <function id="249280" token="0x60005ed" name="&lt;BuildTargetModel&gt;b__2_28(Microsoft.EntityFrameworkCore.Metadata.Builders.EntityTypeBuilder)" namespace="AzAgroPOS.Verilenler.Migrations" type_name="FinalSchemaSync.&lt;&gt;c" block_coverage="0.00" line_coverage="0.00" blocks_covered="0" blocks_not_covered="7" lines_covered="0" lines_partially_covered="0" lines_not_covered="8">
          <ranges>
            <range source_id="64" start_line="1419" end_line="1419" start_column="17" end_column="18" covered="no" />
            <range source_id="64" start_line="1420" end_line="1424" start_column="21" end_column="39" covered="no" />
            <range source_id="64" start_line="1426" end_line="1426" start_column="21" end_column="47" covered="no" />
            <range source_id="64" start_line="1427" end_line="1427" start_column="17" end_column="18" covered="no" />
          </ranges>
        </function>
        <function id="249364" token="0x60005ee" name="&lt;BuildTargetModel&gt;b__2_29(Microsoft.EntityFrameworkCore.Metadata.Builders.EntityTypeBuilder)" namespace="AzAgroPOS.Verilenler.Migrations" type_name="FinalSchemaSync.&lt;&gt;c" block_coverage="0.00" line_coverage="0.00" blocks_covered="0" blocks_not_covered="13" lines_covered="0" lines_partially_covered="0" lines_not_covered="14">
          <ranges>
            <range source_id="64" start_line="1430" end_line="1430" start_column="17" end_column="18" covered="no" />
            <range source_id="64" start_line="1431" end_line="1435" start_column="21" end_column="39" covered="no" />
            <range source_id="64" start_line="1437" end_line="1441" start_column="21" end_column="39" covered="no" />
            <range source_id="64" start_line="1443" end_line="1443" start_column="21" end_column="49" covered="no" />
            <range source_id="64" start_line="1445" end_line="1445" start_column="21" end_column="44" covered="no" />
            <range source_id="64" start_line="1446" end_line="1446" start_column="17" end_column="18" covered="no" />
          </ranges>
        </function>
        <function id="249514" token="0x60005ef" name="&lt;BuildTargetModel&gt;b__2_30(Microsoft.EntityFrameworkCore.Metadata.Builders.EntityTypeBuilder)" namespace="AzAgroPOS.Verilenler.Migrations" type_name="FinalSchemaSync.&lt;&gt;c" block_coverage="0.00" line_coverage="0.00" blocks_covered="0" blocks_not_covered="5" lines_covered="0" lines_partially_covered="0" lines_not_covered="6">
          <ranges>
            <range source_id="64" start_line="1449" end_line="1449" start_column="17" end_column="18" covered="no" />
            <range source_id="64" start_line="1450" end_line="1452" start_column="21" end_column="64" covered="no" />
            <range source_id="64" start_line="1454" end_line="1454" start_column="21" end_column="56" covered="no" />
            <range source_id="64" start_line="1455" end_line="1455" start_column="17" end_column="18" covered="no" />
          </ranges>
        </function>
        <function id="249572" token="0x60005f0" name="&lt;BuildTargetModel&gt;b__2_31(Microsoft.EntityFrameworkCore.Metadata.Builders.EntityTypeBuilder)" namespace="AzAgroPOS.Verilenler.Migrations" type_name="FinalSchemaSync.&lt;&gt;c" block_coverage="0.00" line_coverage="0.00" blocks_covered="0" blocks_not_covered="12" lines_covered="0" lines_partially_covered="0" lines_not_covered="13">
          <ranges>
            <range source_id="64" start_line="1458" end_line="1458" start_column="17" end_column="18" covered="no" />
            <range source_id="64" start_line="1459" end_line="1463" start_column="21" end_column="39" covered="no" />
            <range source_id="64" start_line="1465" end_line="1468" start_column="21" end_column="60" covered="no" />
            <range source_id="64" start_line="1470" end_line="1470" start_column="21" end_column="42" covered="no" />
            <range source_id="64" start_line="1472" end_line="1472" start_column="21" end_column="52" covered="no" />
            <range source_id="64" start_line="1473" end_line="1473" start_column="17" end_column="18" covered="no" />
          </ranges>
        </function>
        <function id="249716" token="0x60005f1" name="&lt;BuildTargetModel&gt;b__2_32(Microsoft.EntityFrameworkCore.Metadata.Builders.EntityTypeBuilder)" namespace="AzAgroPOS.Verilenler.Migrations" type_name="FinalSchemaSync.&lt;&gt;c" block_coverage="0.00" line_coverage="0.00" blocks_covered="0" blocks_not_covered="7" lines_covered="0" lines_partially_covered="0" lines_not_covered="8">
          <ranges>
            <range source_id="64" start_line="1476" end_line="1476" start_column="17" end_column="18" covered="no" />
            <range source_id="64" start_line="1477" end_line="1481" start_column="21" end_column="39" covered="no" />
            <range source_id="64" start_line="1483" end_line="1483" start_column="21" end_column="42" covered="no" />
            <range source_id="64" start_line="1484" end_line="1484" start_column="17" end_column="18" covered="no" />
          </ranges>
        </function>
        <function id="249800" token="0x60005f2" name="&lt;BuildTargetModel&gt;b__2_33(Microsoft.EntityFrameworkCore.Metadata.Builders.EntityTypeBuilder)" namespace="AzAgroPOS.Verilenler.Migrations" type_name="FinalSchemaSync.&lt;&gt;c" block_coverage="0.00" line_coverage="0.00" blocks_covered="0" blocks_not_covered="7" lines_covered="0" lines_partially_covered="0" lines_not_covered="8">
          <ranges>
            <range source_id="64" start_line="1487" end_line="1487" start_column="17" end_column="18" covered="no" />
            <range source_id="64" start_line="1488" end_line="1492" start_column="21" end_column="39" covered="no" />
            <range source_id="64" start_line="1494" end_line="1494" start_column="21" end_column="41" covered="no" />
            <range source_id="64" start_line="1495" end_line="1495" start_column="17" end_column="18" covered="no" />
          </ranges>
        </function>
        <function id="249884" token="0x60005f3" name="&lt;BuildTargetModel&gt;b__2_34(Microsoft.EntityFrameworkCore.Metadata.Builders.EntityTypeBuilder)" namespace="AzAgroPOS.Verilenler.Migrations" type_name="FinalSchemaSync.&lt;&gt;c" block_coverage="0.00" line_coverage="0.00" blocks_covered="0" blocks_not_covered="16" lines_covered="0" lines_partially_covered="0" lines_not_covered="17">
          <ranges>
            <range source_id="64" start_line="1498" end_line="1498" start_column="17" end_column="18" covered="no" />
            <range source_id="64" start_line="1499" end_line="1502" start_column="21" end_column="59" covered="no" />
            <range source_id="64" start_line="1504" end_line="1507" start_column="21" end_column="59" covered="no" />
            <range source_id="64" start_line="1509" end_line="1512" start_column="21" end_column="59" covered="no" />
            <range source_id="64" start_line="1514" end_line="1514" start_column="21" end_column="43" covered="no" />
            <range source_id="64" start_line="1516" end_line="1516" start_column="21" end_column="48" covered="no" />
            <range source_id="64" start_line="1518" end_line="1518" start_column="21" end_column="47" covered="no" />
            <range source_id="64" start_line="1519" end_line="1519" start_column="17" end_column="18" covered="no" />
          </ranges>
        </function>
        <function id="250088" token="0x60005f4" name="&lt;BuildTargetModel&gt;b__2_35(Microsoft.EntityFrameworkCore.Metadata.Builders.EntityTypeBuilder)" namespace="AzAgroPOS.Verilenler.Migrations" type_name="FinalSchemaSync.&lt;&gt;c" block_coverage="0.00" line_coverage="0.00" blocks_covered="0" blocks_not_covered="11" lines_covered="0" lines_partially_covered="0" lines_not_covered="12">
          <ranges>
            <range source_id="64" start_line="1522" end_line="1522" start_column="17" end_column="18" covered="no" />
            <range source_id="64" start_line="1523" end_line="1527" start_column="21" end_column="39" covered="no" />
            <range source_id="64" start_line="1529" end_line="1531" start_column="21" end_column="51" covered="no" />
            <range source_id="64" start_line="1533" end_line="1533" start_column="21" end_column="45" covered="no" />
            <range source_id="64" start_line="1535" end_line="1535" start_column="21" end_column="43" covered="no" />
            <range source_id="64" start_line="1536" end_line="1536" start_column="17" end_column="18" covered="no" />
          </ranges>
        </function>
        <function id="250224" token="0x60005f5" name="&lt;BuildTargetModel&gt;b__2_36(Microsoft.EntityFrameworkCore.Metadata.Builders.EntityTypeBuilder)" namespace="AzAgroPOS.Verilenler.Migrations" type_name="FinalSchemaSync.&lt;&gt;c" block_coverage="0.00" line_coverage="0.00" blocks_covered="0" blocks_not_covered="7" lines_covered="0" lines_partially_covered="0" lines_not_covered="8">
          <ranges>
            <range source_id="64" start_line="1539" end_line="1539" start_column="17" end_column="18" covered="no" />
            <range source_id="64" start_line="1540" end_line="1544" start_column="21" end_column="39" covered="no" />
            <range source_id="64" start_line="1546" end_line="1546" start_column="21" end_column="42" covered="no" />
            <range source_id="64" start_line="1547" end_line="1547" start_column="17" end_column="18" covered="no" />
          </ranges>
        </function>
        <function id="250308" token="0x60005f6" name="&lt;BuildTargetModel&gt;b__2_37(Microsoft.EntityFrameworkCore.Metadata.Builders.EntityTypeBuilder)" namespace="AzAgroPOS.Verilenler.Migrations" type_name="FinalSchemaSync.&lt;&gt;c" block_coverage="0.00" line_coverage="0.00" blocks_covered="0" blocks_not_covered="13" lines_covered="0" lines_partially_covered="0" lines_not_covered="14">
          <ranges>
            <range source_id="64" start_line="1550" end_line="1550" start_column="17" end_column="18" covered="no" />
            <range source_id="64" start_line="1551" end_line="1555" start_column="21" end_column="39" covered="no" />
            <range source_id="64" start_line="1557" end_line="1561" start_column="21" end_column="39" covered="no" />
            <range source_id="64" start_line="1563" end_line="1563" start_column="21" end_column="44" covered="no" />
            <range source_id="64" start_line="1565" end_line="1565" start_column="21" end_column="43" covered="no" />
            <range source_id="64" start_line="1566" end_line="1566" start_column="17" end_column="18" covered="no" />
          </ranges>
        </function>
        <function id="250460" token="0x60005f7" name="&lt;BuildTargetModel&gt;b__2_38(Microsoft.EntityFrameworkCore.Metadata.Builders.EntityTypeBuilder)" namespace="AzAgroPOS.Verilenler.Migrations" type_name="FinalSchemaSync.&lt;&gt;c" block_coverage="0.00" line_coverage="0.00" blocks_covered="0" blocks_not_covered="13" lines_covered="0" lines_partially_covered="0" lines_not_covered="14">
          <ranges>
            <range source_id="64" start_line="1569" end_line="1569" start_column="17" end_column="18" covered="no" />
            <range source_id="64" start_line="1570" end_line="1574" start_column="21" end_column="39" covered="no" />
            <range source_id="64" start_line="1576" end_line="1580" start_column="21" end_column="39" covered="no" />
            <range source_id="64" start_line="1582" end_line="1582" start_column="21" end_column="44" covered="no" />
            <range source_id="64" start_line="1584" end_line="1584" start_column="21" end_column="46" covered="no" />
            <range source_id="64" start_line="1585" end_line="1585" start_column="17" end_column="18" covered="no" />
          </ranges>
        </function>
        <function id="250612" token="0x60005f8" name="&lt;BuildTargetModel&gt;b__2_39(Microsoft.EntityFrameworkCore.Metadata.Builders.EntityTypeBuilder)" namespace="AzAgroPOS.Verilenler.Migrations" type_name="FinalSchemaSync.&lt;&gt;c" block_coverage="0.00" line_coverage="0.00" blocks_covered="0" blocks_not_covered="13" lines_covered="0" lines_partially_covered="0" lines_not_covered="14">
          <ranges>
            <range source_id="64" start_line="1588" end_line="1588" start_column="17" end_column="18" covered="no" />
            <range source_id="64" start_line="1589" end_line="1593" start_column="21" end_column="39" covered="no" />
            <range source_id="64" start_line="1595" end_line="1599" start_column="21" end_column="39" covered="no" />
            <range source_id="64" start_line="1601" end_line="1601" start_column="21" end_column="43" covered="no" />
            <range source_id="64" start_line="1603" end_line="1603" start_column="21" end_column="41" covered="no" />
            <range source_id="64" start_line="1604" end_line="1604" start_column="17" end_column="18" covered="no" />
          </ranges>
        </function>
        <function id="250768" token="0x60005f9" name="&lt;BuildTargetModel&gt;b__2_40(Microsoft.EntityFrameworkCore.Metadata.Builders.EntityTypeBuilder)" namespace="AzAgroPOS.Verilenler.Migrations" type_name="FinalSchemaSync.&lt;&gt;c" block_coverage="0.00" line_coverage="0.00" blocks_covered="0" blocks_not_covered="11" lines_covered="0" lines_partially_covered="0" lines_not_covered="12">
          <ranges>
            <range source_id="64" start_line="1607" end_line="1607" start_column="17" end_column="18" covered="no" />
            <range source_id="64" start_line="1608" end_line="1610" start_column="21" end_column="53" covered="no" />
            <range source_id="64" start_line="1612" end_line="1616" start_column="21" end_column="39" covered="no" />
            <range source_id="64" start_line="1618" end_line="1618" start_column="21" end_column="45" covered="no" />
            <range source_id="64" start_line="1620" end_line="1620" start_column="21" end_column="43" covered="no" />
            <range source_id="64" start_line="1621" end_line="1621" start_column="17" end_column="18" covered="no" />
          </ranges>
        </function>
        <function id="250908" token="0x60005fa" name="&lt;BuildTargetModel&gt;b__2_41(Microsoft.EntityFrameworkCore.Metadata.Builders.EntityTypeBuilder)" namespace="AzAgroPOS.Verilenler.Migrations" type_name="FinalSchemaSync.&lt;&gt;c" block_coverage="0.00" line_coverage="0.00" blocks_covered="0" blocks_not_covered="13" lines_covered="0" lines_partially_covered="0" lines_not_covered="14">
          <ranges>
            <range source_id="64" start_line="1624" end_line="1624" start_column="17" end_column="18" covered="no" />
            <range source_id="64" start_line="1625" end_line="1629" start_column="21" end_column="39" covered="no" />
            <range source_id="64" start_line="1631" end_line="1635" start_column="21" end_column="39" covered="no" />
            <range source_id="64" start_line="1637" end_line="1637" start_column="21" end_column="44" covered="no" />
            <range source_id="64" start_line="1639" end_line="1639" start_column="21" end_column="43" covered="no" />
            <range source_id="64" start_line="1640" end_line="1640" start_column="17" end_column="18" covered="no" />
          </ranges>
        </function>
        <function id="251060" token="0x60005fb" name="&lt;BuildTargetModel&gt;b__2_42(Microsoft.EntityFrameworkCore.Metadata.Builders.EntityTypeBuilder)" namespace="AzAgroPOS.Verilenler.Migrations" type_name="FinalSchemaSync.&lt;&gt;c" block_coverage="0.00" line_coverage="0.00" blocks_covered="0" blocks_not_covered="12" lines_covered="0" lines_partially_covered="0" lines_not_covered="13">
          <ranges>
            <range source_id="64" start_line="1643" end_line="1643" start_column="17" end_column="18" covered="no" />
            <range source_id="64" start_line="1644" end_line="1647" start_column="21" end_column="59" covered="no" />
            <range source_id="64" start_line="1649" end_line="1653" start_column="21" end_column="39" covered="no" />
            <range source_id="64" start_line="1655" end_line="1655" start_column="21" end_column="47" covered="no" />
            <range source_id="64" start_line="1657" end_line="1657" start_column="21" end_column="47" covered="no" />
            <range source_id="64" start_line="1658" end_line="1658" start_column="17" end_column="18" covered="no" />
          </ranges>
        </function>
        <function id="251208" token="0x60005fc" name="&lt;BuildTargetModel&gt;b__2_43(Microsoft.EntityFrameworkCore.Metadata.Builders.EntityTypeBuilder)" namespace="AzAgroPOS.Verilenler.Migrations" type_name="FinalSchemaSync.&lt;&gt;c" block_coverage="0.00" line_coverage="0.00" blocks_covered="0" blocks_not_covered="6" lines_covered="0" lines_partially_covered="0" lines_not_covered="7">
          <ranges>
            <range source_id="64" start_line="1661" end_line="1661" start_column="17" end_column="18" covered="no" />
            <range source_id="64" start_line="1662" end_line="1665" start_column="21" end_column="60" covered="no" />
            <range source_id="64" start_line="1667" end_line="1667" start_column="21" end_column="42" covered="no" />
            <range source_id="64" start_line="1668" end_line="1668" start_column="17" end_column="18" covered="no" />
          </ranges>
        </function>
        <function id="251286" token="0x60005fd" name="&lt;BuildTargetModel&gt;b__2_44(Microsoft.EntityFrameworkCore.Metadata.Builders.EntityTypeBuilder)" namespace="AzAgroPOS.Verilenler.Migrations" type_name="FinalSchemaSync.&lt;&gt;c" block_coverage="0.00" line_coverage="0.00" blocks_covered="0" blocks_not_covered="3" lines_covered="0" lines_partially_covered="0" lines_not_covered="4">
          <ranges>
            <range source_id="64" start_line="1671" end_line="1671" start_column="17" end_column="18" covered="no" />
            <range source_id="64" start_line="1672" end_line="1672" start_column="21" end_column="46" covered="no" />
            <range source_id="64" start_line="1674" end_line="1674" start_column="21" end_column="52" covered="no" />
            <range source_id="64" start_line="1675" end_line="1675" start_column="17" end_column="18" covered="no" />
          </ranges>
        </function>
        <function id="251313" token="0x60005fe" name="&lt;BuildTargetModel&gt;b__2_45(Microsoft.EntityFrameworkCore.Metadata.Builders.EntityTypeBuilder)" namespace="AzAgroPOS.Verilenler.Migrations" type_name="FinalSchemaSync.&lt;&gt;c" block_coverage="0.00" line_coverage="0.00" blocks_covered="0" blocks_not_covered="2" lines_covered="0" lines_partially_covered="0" lines_not_covered="3">
          <ranges>
            <range source_id="64" start_line="1678" end_line="1678" start_column="17" end_column="18" covered="no" />
            <range source_id="64" start_line="1679" end_line="1679" start_column="21" end_column="54" covered="no" />
            <range source_id="64" start_line="1680" end_line="1680" start_column="17" end_column="18" covered="no" />
          </ranges>
        </function>
        <function id="251328" token="0x60005ff" name="&lt;BuildTargetModel&gt;b__2_46(Microsoft.EntityFrameworkCore.Metadata.Builders.EntityTypeBuilder)" namespace="AzAgroPOS.Verilenler.Migrations" type_name="FinalSchemaSync.&lt;&gt;c" block_coverage="0.00" line_coverage="0.00" blocks_covered="0" blocks_not_covered="2" lines_covered="0" lines_partially_covered="0" lines_not_covered="3">
          <ranges>
            <range source_id="64" start_line="1683" end_line="1683" start_column="17" end_column="18" covered="no" />
            <range source_id="64" start_line="1684" end_line="1684" start_column="21" end_column="47" covered="no" />
            <range source_id="64" start_line="1685" end_line="1685" start_column="17" end_column="18" covered="no" />
          </ranges>
        </function>
        <function id="251343" token="0x6000600" name="&lt;BuildTargetModel&gt;b__2_47(Microsoft.EntityFrameworkCore.Metadata.Builders.EntityTypeBuilder)" namespace="AzAgroPOS.Verilenler.Migrations" type_name="FinalSchemaSync.&lt;&gt;c" block_coverage="0.00" line_coverage="0.00" blocks_covered="0" blocks_not_covered="2" lines_covered="0" lines_partially_covered="0" lines_not_covered="3">
          <ranges>
            <range source_id="64" start_line="1688" end_line="1688" start_column="17" end_column="18" covered="no" />
            <range source_id="64" start_line="1689" end_line="1689" start_column="21" end_column="44" covered="no" />
            <range source_id="64" start_line="1690" end_line="1690" start_column="17" end_column="18" covered="no" />
          </ranges>
        </function>
        <function id="251358" token="0x6000601" name="&lt;BuildTargetModel&gt;b__2_48(Microsoft.EntityFrameworkCore.Metadata.Builders.EntityTypeBuilder)" namespace="AzAgroPOS.Verilenler.Migrations" type_name="FinalSchemaSync.&lt;&gt;c" block_coverage="0.00" line_coverage="0.00" blocks_covered="0" blocks_not_covered="3" lines_covered="0" lines_partially_covered="0" lines_not_covered="4">
          <ranges>
            <range source_id="64" start_line="1693" end_line="1693" start_column="17" end_column="18" covered="no" />
            <range source_id="64" start_line="1694" end_line="1694" start_column="21" end_column="50" covered="no" />
            <range source_id="64" start_line="1696" end_line="1696" start_column="21" end_column="56" covered="no" />
            <range source_id="64" start_line="1697" end_line="1697" start_column="17" end_column="18" covered="no" />
          </ranges>
        </function>
        <function id="251385" token="0x6000602" name="&lt;BuildTargetModel&gt;b__2_49(Microsoft.EntityFrameworkCore.Metadata.Builders.EntityTypeBuilder)" namespace="AzAgroPOS.Verilenler.Migrations" type_name="FinalSchemaSync.&lt;&gt;c" block_coverage="0.00" line_coverage="0.00" blocks_covered="0" blocks_not_covered="3" lines_covered="0" lines_partially_covered="0" lines_not_covered="4">
          <ranges>
            <range source_id="64" start_line="1700" end_line="1700" start_column="17" end_column="18" covered="no" />
            <range source_id="64" start_line="1701" end_line="1701" start_column="21" end_column="46" covered="no" />
            <range source_id="64" start_line="1703" end_line="1703" start_column="21" end_column="54" covered="no" />
            <range source_id="64" start_line="1704" end_line="1704" start_column="17" end_column="18" covered="no" />
          </ranges>
        </function>
        <function id="251412" token="0x6000603" name="&lt;BuildTargetModel&gt;b__2_50(Microsoft.EntityFrameworkCore.Metadata.Builders.EntityTypeBuilder)" namespace="AzAgroPOS.Verilenler.Migrations" type_name="FinalSchemaSync.&lt;&gt;c" block_coverage="0.00" line_coverage="0.00" blocks_covered="0" blocks_not_covered="2" lines_covered="0" lines_partially_covered="0" lines_not_covered="3">
          <ranges>
            <range source_id="64" start_line="1707" end_line="1707" start_column="17" end_column="18" covered="no" />
            <range source_id="64" start_line="1708" end_line="1708" start_column="21" end_column="47" covered="no" />
            <range source_id="64" start_line="1709" end_line="1709" start_column="17" end_column="18" covered="no" />
          </ranges>
        </function>
        <function id="251427" token="0x6000604" name="&lt;BuildTargetModel&gt;b__2_51(Microsoft.EntityFrameworkCore.Metadata.Builders.EntityTypeBuilder)" namespace="AzAgroPOS.Verilenler.Migrations" type_name="FinalSchemaSync.&lt;&gt;c" block_coverage="0.00" line_coverage="0.00" blocks_covered="0" blocks_not_covered="2" lines_covered="0" lines_partially_covered="0" lines_not_covered="3">
          <ranges>
            <range source_id="64" start_line="1712" end_line="1712" start_column="17" end_column="18" covered="no" />
            <range source_id="64" start_line="1713" end_line="1713" start_column="21" end_column="46" covered="no" />
            <range source_id="64" start_line="1714" end_line="1714" start_column="17" end_column="18" covered="no" />
          </ranges>
        </function>
        <function id="251442" token="0x6000605" name="&lt;BuildTargetModel&gt;b__2_52(Microsoft.EntityFrameworkCore.Metadata.Builders.EntityTypeBuilder)" namespace="AzAgroPOS.Verilenler.Migrations" type_name="FinalSchemaSync.&lt;&gt;c" block_coverage="0.00" line_coverage="0.00" blocks_covered="0" blocks_not_covered="2" lines_covered="0" lines_partially_covered="0" lines_not_covered="3">
          <ranges>
            <range source_id="64" start_line="1717" end_line="1717" start_column="17" end_column="18" covered="no" />
            <range source_id="64" start_line="1718" end_line="1718" start_column="21" end_column="55" covered="no" />
            <range source_id="64" start_line="1719" end_line="1719" start_column="17" end_column="18" covered="no" />
          </ranges>
        </function>
        <function id="251457" token="0x6000606" name="&lt;BuildTargetModel&gt;b__2_53(Microsoft.EntityFrameworkCore.Metadata.Builders.EntityTypeBuilder)" namespace="AzAgroPOS.Verilenler.Migrations" type_name="FinalSchemaSync.&lt;&gt;c" block_coverage="0.00" line_coverage="0.00" blocks_covered="0" blocks_not_covered="3" lines_covered="0" lines_partially_covered="0" lines_not_covered="4">
          <ranges>
            <range source_id="64" start_line="1722" end_line="1722" start_column="17" end_column="18" covered="no" />
            <range source_id="64" start_line="1723" end_line="1723" start_column="21" end_column="46" covered="no" />
            <range source_id="64" start_line="1725" end_line="1725" start_column="21" end_column="51" covered="no" />
            <range source_id="64" start_line="1726" end_line="1726" start_column="17" end_column="18" covered="no" />
          </ranges>
        </function>
        <function id="251484" token="0x6000607" name="&lt;BuildTargetModel&gt;b__2_54(Microsoft.EntityFrameworkCore.Metadata.Builders.EntityTypeBuilder)" namespace="AzAgroPOS.Verilenler.Migrations" type_name="FinalSchemaSync.&lt;&gt;c" block_coverage="0.00" line_coverage="0.00" blocks_covered="0" blocks_not_covered="3" lines_covered="0" lines_partially_covered="0" lines_not_covered="4">
          <ranges>
            <range source_id="64" start_line="1729" end_line="1729" start_column="17" end_column="18" covered="no" />
            <range source_id="64" start_line="1730" end_line="1730" start_column="21" end_column="49" covered="no" />
            <range source_id="64" start_line="1732" end_line="1732" start_column="21" end_column="52" covered="no" />
            <range source_id="64" start_line="1733" end_line="1733" start_column="17" end_column="18" covered="no" />
          </ranges>
        </function>
        <function id="251511" token="0x6000608" name="&lt;BuildTargetModel&gt;b__2_55(Microsoft.EntityFrameworkCore.Metadata.Builders.EntityTypeBuilder)" namespace="AzAgroPOS.Verilenler.Migrations" type_name="FinalSchemaSync.&lt;&gt;c" block_coverage="0.00" line_coverage="0.00" blocks_covered="0" blocks_not_covered="4" lines_covered="0" lines_partially_covered="0" lines_not_covered="5">
          <ranges>
            <range source_id="64" start_line="1736" end_line="1736" start_column="17" end_column="18" covered="no" />
            <range source_id="64" start_line="1737" end_line="1737" start_column="21" end_column="51" covered="no" />
            <range source_id="64" start_line="1739" end_line="1739" start_column="21" end_column="53" covered="no" />
            <range source_id="64" start_line="1741" end_line="1741" start_column="21" end_column="46" covered="no" />
            <range source_id="64" start_line="1742" end_line="1742" start_column="17" end_column="18" covered="no" />
          </ranges>
        </function>
        <function id="251572" token="0x600060b" name="&lt;BuildModel&gt;b__0_0(Microsoft.EntityFrameworkCore.Metadata.Builders.EntityTypeBuilder)" namespace="AzAgroPOS.Verilenler.Migrations" type_name="AzAgroPOSDbContextModelSnapshot.&lt;&gt;c" block_coverage="0.00" line_coverage="0.00" blocks_covered="0" blocks_not_covered="28" lines_covered="0" lines_partially_covered="0" lines_not_covered="28">
          <ranges>
            <range source_id="65" start_line="26" end_line="26" start_column="17" end_column="18" covered="no" />
            <range source_id="65" start_line="27" end_line="29" start_column="21" end_column="47" covered="no" />
            <range source_id="65" start_line="31" end_line="31" start_column="21" end_column="97" covered="no" />
            <range source_id="65" start_line="33" end_line="34" start_column="21" end_column="57" covered="no" />
            <range source_id="65" start_line="36" end_line="38" start_column="21" end_column="57" covered="no" />
            <range source_id="65" start_line="40" end_line="43" start_column="21" end_column="49" covered="no" />
            <range source_id="65" start_line="45" end_line="46" start_column="21" end_column="47" covered="no" />
            <range source_id="65" start_line="48" end_line="49" start_column="21" end_column="47" covered="no" />
            <range source_id="65" start_line="51" end_line="52" start_column="21" end_column="53" covered="no" />
            <range source_id="65" start_line="54" end_line="55" start_column="21" end_column="58" covered="no" />
            <range source_id="65" start_line="57" end_line="58" start_column="21" end_column="53" covered="no" />
            <range source_id="65" start_line="60" end_line="60" start_column="21" end_column="36" covered="no" />
            <range source_id="65" start_line="62" end_line="62" start_column="21" end_column="47" covered="no" />
            <range source_id="65" start_line="64" end_line="64" start_column="21" end_column="48" covered="no" />
            <range source_id="65" start_line="65" end_line="65" start_column="17" end_column="18" covered="no" />
          </ranges>
        </function>
        <function id="251888" token="0x600060c" name="&lt;BuildModel&gt;b__0_1(Microsoft.EntityFrameworkCore.Metadata.Builders.EntityTypeBuilder)" namespace="AzAgroPOS.Verilenler.Migrations" type_name="AzAgroPOSDbContextModelSnapshot.&lt;&gt;c" block_coverage="0.00" line_coverage="0.00" blocks_covered="0" blocks_not_covered="27" lines_covered="0" lines_partially_covered="0" lines_not_covered="27">
          <ranges>
            <range source_id="65" start_line="68" end_line="68" start_column="17" end_column="18" covered="no" />
            <range source_id="65" start_line="69" end_line="71" start_column="21" end_column="47" covered="no" />
            <range source_id="65" start_line="73" end_line="73" start_column="21" end_column="97" covered="no" />
            <range source_id="65" start_line="75" end_line="76" start_column="21" end_column="47" covered="no" />
            <range source_id="65" start_line="78" end_line="79" start_column="21" end_column="47" covered="no" />
            <range source_id="65" start_line="81" end_line="82" start_column="21" end_column="58" covered="no" />
            <range source_id="65" start_line="84" end_line="85" start_column="21" end_column="58" covered="no" />
            <range source_id="65" start_line="87" end_line="88" start_column="21" end_column="47" covered="no" />
            <range source_id="65" start_line="90" end_line="91" start_column="21" end_column="57" covered="no" />
            <range source_id="65" start_line="93" end_line="96" start_column="21" end_column="49" covered="no" />
            <range source_id="65" start_line="98" end_line="98" start_column="21" end_column="36" covered="no" />
            <range source_id="65" start_line="100" end_line="100" start_column="21" end_column="47" covered="no" />
            <range source_id="65" start_line="102" end_line="102" start_column="21" end_column="55" covered="no" />
            <range source_id="65" start_line="104" end_line="104" start_column="21" end_column="44" covered="no" />
            <range source_id="65" start_line="106" end_line="106" start_column="21" end_column="53" covered="no" />
            <range source_id="65" start_line="107" end_line="107" start_column="17" end_column="18" covered="no" />
          </ranges>
        </function>
        <function id="252216" token="0x600060d" name="&lt;BuildModel&gt;b__0_2(Microsoft.EntityFrameworkCore.Metadata.Builders.EntityTypeBuilder)" namespace="AzAgroPOS.Verilenler.Migrations" type_name="AzAgroPOSDbContextModelSnapshot.&lt;&gt;c" block_coverage="0.00" line_coverage="0.00" blocks_covered="0" blocks_not_covered="32" lines_covered="0" lines_partially_covered="0" lines_not_covered="32">
          <ranges>
            <range source_id="65" start_line="110" end_line="110" start_column="17" end_column="18" covered="no" />
            <range source_id="65" start_line="111" end_line="113" start_column="21" end_column="47" covered="no" />
            <range source_id="65" start_line="115" end_line="115" start_column="21" end_column="97" covered="no" />
            <range source_id="65" start_line="117" end_line="118" start_column="21" end_column="53" covered="no" />
            <range source_id="65" start_line="120" end_line="121" start_column="21" end_column="53" covered="no" />
            <range source_id="65" start_line="123" end_line="124" start_column="21" end_column="57" covered="no" />
            <range source_id="65" start_line="126" end_line="128" start_column="21" end_column="57" covered="no" />
            <range source_id="65" start_line="130" end_line="133" start_column="21" end_column="49" covered="no" />
            <range source_id="65" start_line="135" end_line="136" start_column="21" end_column="47" covered="no" />
            <range source_id="65" start_line="138" end_line="139" start_column="21" end_column="47" covered="no" />
            <range source_id="65" start_line="141" end_line="142" start_column="21" end_column="53" covered="no" />
            <range source_id="65" start_line="144" end_line="145" start_column="21" end_column="58" covered="no" />
            <range source_id="65" start_line="147" end_line="148" start_column="21" end_column="53" covered="no" />
            <range source_id="65" start_line="150" end_line="150" start_column="21" end_column="36" covered="no" />
            <range source_id="65" start_line="152" end_line="152" start_column="21" end_column="47" covered="no" />
            <range source_id="65" start_line="154" end_line="154" start_column="21" end_column="50" covered="no" />
            <range source_id="65" start_line="155" end_line="155" start_column="17" end_column="18" covered="no" />
          </ranges>
        </function>
        <function id="252576" token="0x600060e" name="&lt;BuildModel&gt;b__0_3(Microsoft.EntityFrameworkCore.Metadata.Builders.EntityTypeBuilder)" namespace="AzAgroPOS.Verilenler.Migrations" type_name="AzAgroPOSDbContextModelSnapshot.&lt;&gt;c" block_coverage="0.00" line_coverage="0.00" blocks_covered="0" blocks_not_covered="26" lines_covered="0" lines_partially_covered="0" lines_not_covered="26">
          <ranges>
            <range source_id="65" start_line="158" end_line="158" start_column="17" end_column="18" covered="no" />
            <range source_id="65" start_line="159" end_line="161" start_column="21" end_column="47" covered="no" />
            <range source_id="65" start_line="163" end_line="163" start_column="21" end_column="97" covered="no" />
            <range source_id="65" start_line="165" end_line="166" start_column="21" end_column="47" covered="no" />
            <range source_id="65" start_line="168" end_line="169" start_column="21" end_column="58" covered="no" />
            <range source_id="65" start_line="171" end_line="172" start_column="21" end_column="58" covered="no" />
            <range source_id="65" start_line="174" end_line="175" start_column="21" end_column="47" covered="no" />
            <range source_id="65" start_line="177" end_line="178" start_column="21" end_column="57" covered="no" />
            <range source_id="65" start_line="180" end_line="183" start_column="21" end_column="49" covered="no" />
            <range source_id="65" start_line="185" end_line="186" start_column="21" end_column="57" covered="no" />
            <range source_id="65" start_line="188" end_line="188" start_column="21" end_column="36" covered="no" />
            <range source_id="65" start_line="190" end_line="190" start_column="21" end_column="49" covered="no" />
            <range source_id="65" start_line="192" end_line="192" start_column="21" end_column="44" covered="no" />
            <range source_id="65" start_line="194" end_line="194" start_column="21" end_column="55" covered="no" />
            <range source_id="65" start_line="195" end_line="195" start_column="17" end_column="18" covered="no" />
          </ranges>
        </function>
        <function id="252884" token="0x600060f" name="&lt;BuildModel&gt;b__0_4(Microsoft.EntityFrameworkCore.Metadata.Builders.EntityTypeBuilder)" namespace="AzAgroPOS.Verilenler.Migrations" type_name="AzAgroPOSDbContextModelSnapshot.&lt;&gt;c" block_coverage="0.00" line_coverage="0.00" blocks_covered="0" blocks_not_covered="29" lines_covered="0" lines_partially_covered="0" lines_not_covered="56">
          <ranges>
            <range source_id="65" start_line="198" end_line="198" start_column="17" end_column="18" covered="no" />
            <range source_id="65" start_line="199" end_line="201" start_column="21" end_column="47" covered="no" />
            <range source_id="65" start_line="203" end_line="203" start_column="21" end_column="97" covered="no" />
            <range source_id="65" start_line="205" end_line="207" start_column="21" end_column="57" covered="no" />
            <range source_id="65" start_line="209" end_line="210" start_column="21" end_column="47" covered="no" />
            <range source_id="65" start_line="212" end_line="213" start_column="21" end_column="57" covered="no" />
            <range source_id="65" start_line="215" end_line="216" start_column="21" end_column="57" covered="no" />
            <range source_id="65" start_line="218" end_line="221" start_column="21" end_column="49" covered="no" />
            <range source_id="65" start_line="223" end_line="224" start_column="21" end_column="57" covered="no" />
            <range source_id="65" start_line="226" end_line="227" start_column="21" end_column="57" covered="no" />
            <range source_id="65" start_line="229" end_line="229" start_column="21" end_column="36" covered="no" />
            <range source_id="65" start_line="231" end_line="231" start_column="21" end_column="43" covered="no" />
            <range source_id="65" start_line="233" end_line="263" start_column="21" end_column="28" covered="no" />
            <range source_id="65" start_line="264" end_line="264" start_column="17" end_column="18" covered="no" />
          </ranges>
        </function>
        <function id="253260" token="0x6000610" name="&lt;BuildModel&gt;b__0_5(Microsoft.EntityFrameworkCore.Metadata.Builders.EntityTypeBuilder)" namespace="AzAgroPOS.Verilenler.Migrations" type_name="AzAgroPOSDbContextModelSnapshot.&lt;&gt;c" block_coverage="0.00" line_coverage="0.00" blocks_covered="0" blocks_not_covered="26" lines_covered="0" lines_partially_covered="0" lines_not_covered="26">
          <ranges>
            <range source_id="65" start_line="267" end_line="267" start_column="17" end_column="18" covered="no" />
            <range source_id="65" start_line="268" end_line="270" start_column="21" end_column="47" covered="no" />
            <range source_id="65" start_line="272" end_line="272" start_column="21" end_column="97" covered="no" />
            <range source_id="65" start_line="274" end_line="276" start_column="21" end_column="57" covered="no" />
            <range source_id="65" start_line="278" end_line="280" start_column="21" end_column="57" covered="no" />
            <range source_id="65" start_line="282" end_line="283" start_column="21" end_column="47" covered="no" />
            <range source_id="65" start_line="285" end_line="286" start_column="21" end_column="53" covered="no" />
            <range source_id="65" start_line="288" end_line="289" start_column="21" end_column="47" covered="no" />
            <range source_id="65" start_line="291" end_line="292" start_column="21" end_column="47" covered="no" />
            <range source_id="65" start_line="294" end_line="297" start_column="21" end_column="49" covered="no" />
            <range source_id="65" start_line="299" end_line="299" start_column="21" end_column="36" covered="no" />
            <range source_id="65" start_line="301" end_line="301" start_column="21" end_column="54" covered="no" />
            <range source_id="65" start_line="302" end_line="302" start_column="17" end_column="18" covered="no" />
          </ranges>
        </function>
        <function id="253536" token="0x6000611" name="&lt;BuildModel&gt;b__0_6(Microsoft.EntityFrameworkCore.Metadata.Builders.EntityTypeBuilder)" namespace="AzAgroPOS.Verilenler.Migrations" type_name="AzAgroPOSDbContextModelSnapshot.&lt;&gt;c" block_coverage="0.00" line_coverage="0.00" blocks_covered="0" blocks_not_covered="24" lines_covered="0" lines_partially_covered="0" lines_not_covered="54">
          <ranges>
            <range source_id="65" start_line="305" end_line="305" start_column="17" end_column="18" covered="no" />
            <range source_id="65" start_line="306" end_line="308" start_column="21" end_column="47" covered="no" />
            <range source_id="65" start_line="310" end_line="310" start_column="21" end_column="97" covered="no" />
            <range source_id="65" start_line="312" end_line="314" start_column="21" end_column="57" covered="no" />
            <range source_id="65" start_line="316" end_line="319" start_column="21" end_column="49" covered="no" />
            <range source_id="65" start_line="321" end_line="323" start_column="21" end_column="57" covered="no" />
            <range source_id="65" start_line="325" end_line="325" start_column="21" end_column="36" covered="no" />
            <range source_id="65" start_line="327" end_line="327" start_column="21" end_column="43" covered="no" />
            <range source_id="65" start_line="329" end_line="364" start_column="21" end_column="28" covered="no" />
            <range source_id="65" start_line="365" end_line="365" start_column="17" end_column="18" covered="no" />
          </ranges>
        </function>
        <function id="253840" token="0x6000612" name="&lt;BuildModel&gt;b__0_7(Microsoft.EntityFrameworkCore.Metadata.Builders.EntityTypeBuilder)" namespace="AzAgroPOS.Verilenler.Migrations" type_name="AzAgroPOSDbContextModelSnapshot.&lt;&gt;c" block_coverage="0.00" line_coverage="0.00" blocks_covered="0" blocks_not_covered="59" lines_covered="0" lines_partially_covered="0" lines_not_covered="87">
          <ranges>
            <range source_id="65" start_line="368" end_line="368" start_column="17" end_column="18" covered="no" />
            <range source_id="65" start_line="369" end_line="371" start_column="21" end_column="47" covered="no" />
            <range source_id="65" start_line="373" end_line="373" start_column="21" end_column="97" covered="no" />
            <range source_id="65" start_line="375" end_line="377" start_column="21" end_column="57" covered="no" />
            <range source_id="65" start_line="379" end_line="381" start_column="21" end_column="57" covered="no" />
            <range source_id="65" start_line="383" end_line="384" start_column="21" end_column="53" covered="no" />
            <range source_id="65" start_line="386" end_line="388" start_column="21" end_column="57" covered="no" />
            <range source_id="65" start_line="390" end_line="391" start_column="21" end_column="53" covered="no" />
            <range source_id="65" start_line="393" end_line="394" start_column="21" end_column="58" covered="no" />
            <range source_id="65" start_line="396" end_line="398" start_column="21" end_column="57" covered="no" />
            <range source_id="65" start_line="400" end_line="403" start_column="21" end_column="49" covered="no" />
            <range source_id="65" start_line="405" end_line="406" start_column="21" end_column="47" covered="no" />
            <range source_id="65" start_line="408" end_line="409" start_column="21" end_column="47" covered="no" />
            <range source_id="65" start_line="411" end_line="413" start_column="21" end_column="57" covered="no" />
            <range source_id="65" start_line="415" end_line="417" start_column="21" end_column="57" covered="no" />
            <range source_id="65" start_line="419" end_line="421" start_column="21" end_column="57" covered="no" />
            <range source_id="65" start_line="423" end_line="425" start_column="21" end_column="57" covered="no" />
            <range source_id="65" start_line="427" end_line="429" start_column="21" end_column="57" covered="no" />
            <range source_id="65" start_line="431" end_line="431" start_column="21" end_column="36" covered="no" />
            <range source_id="65" start_line="433" end_line="433" start_column="21" end_column="56" covered="no" />
            <range source_id="65" start_line="435" end_line="435" start_column="21" end_column="42" covered="no" />
            <range source_id="65" start_line="437" end_line="473" start_column="21" end_column="28" covered="no" />
            <range source_id="65" start_line="474" end_line="474" start_column="17" end_column="18" covered="no" />
          </ranges>
        </function>
        <function id="254580" token="0x6000613" name="&lt;BuildModel&gt;b__0_8(Microsoft.EntityFrameworkCore.Metadata.Builders.EntityTypeBuilder)" namespace="AzAgroPOS.Verilenler.Migrations" type_name="AzAgroPOSDbContextModelSnapshot.&lt;&gt;c" block_coverage="0.00" line_coverage="0.00" blocks_covered="0" blocks_not_covered="36" lines_covered="0" lines_partially_covered="0" lines_not_covered="36">
          <ranges>
            <range source_id="65" start_line="477" end_line="477" start_column="17" end_column="18" covered="no" />
            <range source_id="65" start_line="478" end_line="480" start_column="21" end_column="47" covered="no" />
            <range source_id="65" start_line="482" end_line="482" start_column="21" end_column="97" covered="no" />
            <range source_id="65" start_line="484" end_line="485" start_column="21" end_column="53" covered="no" />
            <range source_id="65" start_line="487" end_line="488" start_column="21" end_column="53" covered="no" />
            <range source_id="65" start_line="490" end_line="491" start_column="21" end_column="47" covered="no" />
            <range source_id="65" start_line="493" end_line="494" start_column="21" end_column="47" covered="no" />
            <range source_id="65" start_line="496" end_line="497" start_column="21" end_column="47" covered="no" />
            <range source_id="65" start_line="499" end_line="501" start_column="21" end_column="57" covered="no" />
            <range source_id="65" start_line="503" end_line="505" start_column="21" end_column="57" covered="no" />
            <range source_id="65" start_line="507" end_line="510" start_column="21" end_column="49" covered="no" />
            <range source_id="65" start_line="512" end_line="513" start_column="21" end_column="47" covered="no" />
            <range source_id="65" start_line="515" end_line="516" start_column="21" end_column="47" covered="no" />
            <range source_id="65" start_line="518" end_line="519" start_column="21" end_column="53" covered="no" />
            <range source_id="65" start_line="521" end_line="521" start_column="21" end_column="36" covered="no" />
            <range source_id="65" start_line="523" end_line="523" start_column="21" end_column="42" covered="no" />
            <range source_id="65" start_line="525" end_line="525" start_column="21" end_column="52" covered="no" />
            <range source_id="65" start_line="527" end_line="527" start_column="21" end_column="46" covered="no" />
            <range source_id="65" start_line="528" end_line="528" start_column="17" end_column="18" covered="no" />
          </ranges>
        </function>
        <function id="254988" token="0x6000614" name="&lt;BuildModel&gt;b__0_9(Microsoft.EntityFrameworkCore.Metadata.Builders.EntityTypeBuilder)" namespace="AzAgroPOS.Verilenler.Migrations" type_name="AzAgroPOSDbContextModelSnapshot.&lt;&gt;c" block_coverage="0.00" line_coverage="0.00" blocks_covered="0" blocks_not_covered="31" lines_covered="0" lines_partially_covered="0" lines_not_covered="31">
          <ranges>
            <range source_id="65" start_line="531" end_line="531" start_column="17" end_column="18" covered="no" />
            <range source_id="65" start_line="532" end_line="534" start_column="21" end_column="47" covered="no" />
            <range source_id="65" start_line="536" end_line="536" start_column="21" end_column="97" covered="no" />
            <range source_id="65" start_line="538" end_line="540" start_column="21" end_column="57" covered="no" />
            <range source_id="65" start_line="542" end_line="543" start_column="21" end_column="47" covered="no" />
            <range source_id="65" start_line="545" end_line="547" start_column="21" end_column="57" covered="no" />
            <range source_id="65" start_line="549" end_line="551" start_column="21" end_column="57" covered="no" />
            <range source_id="65" start_line="553" end_line="554" start_column="21" end_column="47" covered="no" />
            <range source_id="65" start_line="556" end_line="559" start_column="21" end_column="49" covered="no" />
            <range source_id="65" start_line="561" end_line="562" start_column="21" end_column="53" covered="no" />
            <range source_id="65" start_line="564" end_line="566" start_column="21" end_column="57" covered="no" />
            <range source_id="65" start_line="568" end_line="568" start_column="21" end_column="36" covered="no" />
            <range source_id="65" start_line="570" end_line="570" start_column="21" end_column="42" covered="no" />
            <range source_id="65" start_line="572" end_line="572" start_column="21" end_column="53" covered="no" />
            <range source_id="65" start_line="573" end_line="573" start_column="17" end_column="18" covered="no" />
          </ranges>
        </function>
        <function id="255320" token="0x6000615" name="&lt;BuildModel&gt;b__0_10(Microsoft.EntityFrameworkCore.Metadata.Builders.EntityTypeBuilder)" namespace="AzAgroPOS.Verilenler.Migrations" type_name="AzAgroPOSDbContextModelSnapshot.&lt;&gt;c" block_coverage="0.00" line_coverage="0.00" blocks_covered="0" blocks_not_covered="26" lines_covered="0" lines_partially_covered="0" lines_not_covered="34">
          <ranges>
            <range source_id="65" start_line="576" end_line="576" start_column="17" end_column="18" covered="no" />
            <range source_id="65" start_line="577" end_line="579" start_column="21" end_column="47" covered="no" />
            <range source_id="65" start_line="581" end_line="581" start_column="21" end_column="97" covered="no" />
            <range source_id="65" start_line="583" end_line="585" start_column="21" end_column="57" covered="no" />
            <range source_id="65" start_line="587" end_line="589" start_column="21" end_column="57" covered="no" />
            <range source_id="65" start_line="591" end_line="592" start_column="21" end_column="47" covered="no" />
            <range source_id="65" start_line="594" end_line="597" start_column="21" end_column="49" covered="no" />
            <range source_id="65" start_line="599" end_line="601" start_column="21" end_column="57" covered="no" />
            <range source_id="65" start_line="603" end_line="603" start_column="21" end_column="36" covered="no" />
            <range source_id="65" start_line="605" end_line="605" start_column="21" end_column="41" covered="no" />
            <range source_id="65" start_line="607" end_line="607" start_column="21" end_column="48" covered="no" />
            <range source_id="65" start_line="609" end_line="618" start_column="21" end_column="28" covered="no" />
            <range source_id="65" start_line="619" end_line="619" start_column="17" end_column="18" covered="no" />
          </ranges>
        </function>
        <function id="255620" token="0x6000616" name="&lt;BuildModel&gt;b__0_11(Microsoft.EntityFrameworkCore.Metadata.Builders.EntityTypeBuilder)" namespace="AzAgroPOS.Verilenler.Migrations" type_name="AzAgroPOSDbContextModelSnapshot.&lt;&gt;c" block_coverage="0.00" line_coverage="0.00" blocks_covered="0" blocks_not_covered="23" lines_covered="0" lines_partially_covered="0" lines_not_covered="44">
          <ranges>
            <range source_id="65" start_line="622" end_line="622" start_column="17" end_column="18" covered="no" />
            <range source_id="65" start_line="623" end_line="625" start_column="21" end_column="47" covered="no" />
            <range source_id="65" start_line="627" end_line="627" start_column="21" end_column="97" covered="no" />
            <range source_id="65" start_line="629" end_line="631" start_column="21" end_column="57" covered="no" />
            <range source_id="65" start_line="633" end_line="634" start_column="21" end_column="47" covered="no" />
            <range source_id="65" start_line="636" end_line="639" start_column="21" end_column="49" covered="no" />
            <range source_id="65" start_line="641" end_line="642" start_column="21" end_column="57" covered="no" />
            <range source_id="65" start_line="644" end_line="644" start_column="21" end_column="36" covered="no" />
            <range source_id="65" start_line="646" end_line="646" start_column="21" end_column="48" covered="no" />
            <range source_id="65" start_line="648" end_line="672" start_column="21" end_column="28" covered="no" />
            <range source_id="65" start_line="673" end_line="673" start_column="17" end_column="18" covered="no" />
          </ranges>
        </function>
        <function id="255900" token="0x6000617" name="&lt;BuildModel&gt;b__0_12(Microsoft.EntityFrameworkCore.Metadata.Builders.EntityTypeBuilder)" namespace="AzAgroPOS.Verilenler.Migrations" type_name="AzAgroPOSDbContextModelSnapshot.&lt;&gt;c" block_coverage="0.00" line_coverage="0.00" blocks_covered="0" blocks_not_covered="24" lines_covered="0" lines_partially_covered="0" lines_not_covered="24">
          <ranges>
            <range source_id="65" start_line="676" end_line="676" start_column="17" end_column="18" covered="no" />
            <range source_id="65" start_line="677" end_line="679" start_column="21" end_column="47" covered="no" />
            <range source_id="65" start_line="681" end_line="681" start_column="21" end_column="97" covered="no" />
            <range source_id="65" start_line="683" end_line="685" start_column="21" end_column="57" covered="no" />
            <range source_id="65" start_line="687" end_line="689" start_column="21" end_column="57" covered="no" />
            <range source_id="65" start_line="691" end_line="693" start_column="21" end_column="57" covered="no" />
            <range source_id="65" start_line="695" end_line="698" start_column="21" end_column="49" covered="no" />
            <range source_id="65" start_line="700" end_line="702" start_column="21" end_column="57" covered="no" />
            <range source_id="65" start_line="704" end_line="704" start_column="21" end_column="36" covered="no" />
            <range source_id="65" start_line="706" end_line="706" start_column="21" end_column="51" covered="no" />
            <range source_id="65" start_line="707" end_line="707" start_column="17" end_column="18" covered="no" />
          </ranges>
        </function>
        <function id="256144" token="0x6000618" name="&lt;BuildModel&gt;b__0_13(Microsoft.EntityFrameworkCore.Metadata.Builders.EntityTypeBuilder)" namespace="AzAgroPOS.Verilenler.Migrations" type_name="AzAgroPOSDbContextModelSnapshot.&lt;&gt;c" block_coverage="0.00" line_coverage="0.00" blocks_covered="0" blocks_not_covered="56" lines_covered="0" lines_partially_covered="0" lines_not_covered="95">
          <ranges>
            <range source_id="65" start_line="710" end_line="710" start_column="17" end_column="18" covered="no" />
            <range source_id="65" start_line="711" end_line="713" start_column="21" end_column="47" covered="no" />
            <range source_id="65" start_line="715" end_line="715" start_column="21" end_column="97" covered="no" />
            <range source_id="65" start_line="717" end_line="719" start_column="21" end_column="57" covered="no" />
            <range source_id="65" start_line="721" end_line="722" start_column="21" end_column="47" covered="no" />
            <range source_id="65" start_line="724" end_line="725" start_column="21" end_column="58" covered="no" />
            <range source_id="65" start_line="727" end_line="728" start_column="21" end_column="57" covered="no" />
            <range source_id="65" start_line="730" end_line="731" start_column="21" end_column="47" covered="no" />
            <range source_id="65" start_line="733" end_line="734" start_column="21" end_column="47" covered="no" />
            <range source_id="65" start_line="736" end_line="737" start_column="21" end_column="47" covered="no" />
            <range source_id="65" start_line="739" end_line="740" start_column="21" end_column="47" covered="no" />
            <range source_id="65" start_line="742" end_line="743" start_column="21" end_column="47" covered="no" />
            <range source_id="65" start_line="745" end_line="746" start_column="21" end_column="58" covered="no" />
            <range source_id="65" start_line="748" end_line="749" start_column="21" end_column="57" covered="no" />
            <range source_id="65" start_line="751" end_line="754" start_column="21" end_column="49" covered="no" />
            <range source_id="65" start_line="756" end_line="757" start_column="21" end_column="57" covered="no" />
            <range source_id="65" start_line="759" end_line="760" start_column="21" end_column="47" covered="no" />
            <range source_id="65" start_line="762" end_line="763" start_column="21" end_column="58" covered="no" />
            <range source_id="65" start_line="765" end_line="766" start_column="21" end_column="58" covered="no" />
            <range source_id="65" start_line="768" end_line="768" start_column="21" end_column="36" covered="no" />
            <range source_id="65" start_line="770" end_line="770" start_column="21" end_column="43" covered="no" />
            <range source_id="65" start_line="772" end_line="772" start_column="21" end_column="48" covered="no" />
            <range source_id="65" start_line="774" end_line="774" start_column="21" end_column="47" covered="no" />
            <range source_id="65" start_line="776" end_line="776" start_column="21" end_column="44" covered="no" />
            <range source_id="65" start_line="778" end_line="826" start_column="21" end_column="28" covered="no" />
            <range source_id="65" start_line="827" end_line="827" start_column="17" end_column="18" covered="no" />
          </ranges>
        </function>
        <function id="256892" token="0x6000619" name="&lt;BuildModel&gt;b__0_14(Microsoft.EntityFrameworkCore.Metadata.Builders.EntityTypeBuilder)" namespace="AzAgroPOS.Verilenler.Migrations" type_name="AzAgroPOSDbContextModelSnapshot.&lt;&gt;c" block_coverage="0.00" line_coverage="0.00" blocks_covered="0" blocks_not_covered="24" lines_covered="0" lines_partially_covered="0" lines_not_covered="24">
          <ranges>
            <range source_id="65" start_line="830" end_line="830" start_column="17" end_column="18" covered="no" />
            <range source_id="65" start_line="831" end_line="833" start_column="21" end_column="47" covered="no" />
            <range source_id="65" start_line="835" end_line="835" start_column="21" end_column="97" covered="no" />
            <range source_id="65" start_line="837" end_line="838" start_column="21" end_column="57" covered="no" />
            <range source_id="65" start_line="840" end_line="843" start_column="21" end_column="49" covered="no" />
            <range source_id="65" start_line="845" end_line="847" start_column="21" end_column="57" covered="no" />
            <range source_id="65" start_line="849" end_line="851" start_column="21" end_column="57" covered="no" />
            <range source_id="65" start_line="853" end_line="854" start_column="21" end_column="58" covered="no" />
            <range source_id="65" start_line="856" end_line="857" start_column="21" end_column="57" covered="no" />
            <range source_id="65" start_line="859" end_line="859" start_column="21" end_column="36" covered="no" />
            <range source_id="65" start_line="861" end_line="861" start_column="21" end_column="45" covered="no" />
            <range source_id="65" start_line="862" end_line="862" start_column="17" end_column="18" covered="no" />
          </ranges>
        </function>
        <function id="257148" token="0x600061a" name="&lt;BuildModel&gt;b__0_15(Microsoft.EntityFrameworkCore.Metadata.Builders.EntityTypeBuilder)" namespace="AzAgroPOS.Verilenler.Migrations" type_name="AzAgroPOSDbContextModelSnapshot.&lt;&gt;c" block_coverage="0.00" line_coverage="0.00" blocks_covered="0" blocks_not_covered="26" lines_covered="0" lines_partially_covered="0" lines_not_covered="26">
          <ranges>
            <range source_id="65" start_line="865" end_line="865" start_column="17" end_column="18" covered="no" />
            <range source_id="65" start_line="866" end_line="868" start_column="21" end_column="47" covered="no" />
            <range source_id="65" start_line="870" end_line="870" start_column="21" end_column="97" covered="no" />
            <range source_id="65" start_line="872" end_line="873" start_column="21" end_column="47" covered="no" />
            <range source_id="65" start_line="875" end_line="876" start_column="21" end_column="58" covered="no" />
            <range source_id="65" start_line="878" end_line="879" start_column="21" end_column="47" covered="no" />
            <range source_id="65" start_line="881" end_line="882" start_column="21" end_column="57" covered="no" />
            <range source_id="65" start_line="884" end_line="885" start_column="21" end_column="47" covered="no" />
            <range source_id="65" start_line="887" end_line="890" start_column="21" end_column="49" covered="no" />
            <range source_id="65" start_line="892" end_line="893" start_column="21" end_column="53" covered="no" />
            <range source_id="65" start_line="895" end_line="895" start_column="21" end_column="36" covered="no" />
            <range source_id="65" start_line="897" end_line="897" start_column="21" end_column="45" covered="no" />
            <range source_id="65" start_line="899" end_line="899" start_column="21" end_column="43" covered="no" />
            <range source_id="65" start_line="901" end_line="901" start_column="21" end_column="51" covered="no" />
            <range source_id="65" start_line="902" end_line="902" start_column="17" end_column="18" covered="no" />
          </ranges>
        </function>
        <function id="257456" token="0x600061b" name="&lt;BuildModel&gt;b__0_16(Microsoft.EntityFrameworkCore.Metadata.Builders.EntityTypeBuilder)" namespace="AzAgroPOS.Verilenler.Migrations" type_name="AzAgroPOSDbContextModelSnapshot.&lt;&gt;c" block_coverage="0.00" line_coverage="0.00" blocks_covered="0" blocks_not_covered="27" lines_covered="0" lines_partially_covered="0" lines_not_covered="27">
          <ranges>
            <range source_id="65" start_line="905" end_line="905" start_column="17" end_column="18" covered="no" />
            <range source_id="65" start_line="906" end_line="908" start_column="21" end_column="47" covered="no" />
            <range source_id="65" start_line="910" end_line="910" start_column="21" end_column="97" covered="no" />
            <range source_id="65" start_line="912" end_line="913" start_column="21" end_column="53" covered="no" />
            <range source_id="65" start_line="915" end_line="916" start_column="21" end_column="53" covered="no" />
            <range source_id="65" start_line="918" end_line="919" start_column="21" end_column="58" covered="no" />
            <range source_id="65" start_line="921" end_line="922" start_column="21" end_column="58" covered="no" />
            <range source_id="65" start_line="924" end_line="925" start_column="21" end_column="58" covered="no" />
            <range source_id="65" start_line="927" end_line="928" start_column="21" end_column="47" covered="no" />
            <range source_id="65" start_line="930" end_line="933" start_column="21" end_column="49" covered="no" />
            <range source_id="65" start_line="935" end_line="936" start_column="21" end_column="47" covered="no" />
            <range source_id="65" start_line="938" end_line="938" start_column="21" end_column="36" covered="no" />
            <range source_id="65" start_line="940" end_line="940" start_column="21" end_column="42" covered="no" />
            <range source_id="65" start_line="942" end_line="942" start_column="21" end_column="43" covered="no" />
            <range source_id="65" start_line="943" end_line="943" start_column="17" end_column="18" covered="no" />
          </ranges>
        </function>
        <function id="257764" token="0x600061c" name="&lt;BuildModel&gt;b__0_17(Microsoft.EntityFrameworkCore.Metadata.Builders.EntityTypeBuilder)" namespace="AzAgroPOS.Verilenler.Migrations" type_name="AzAgroPOSDbContextModelSnapshot.&lt;&gt;c" block_coverage="0.00" line_coverage="0.00" blocks_covered="0" blocks_not_covered="25" lines_covered="0" lines_partially_covered="0" lines_not_covered="25">
          <ranges>
            <range source_id="65" start_line="946" end_line="946" start_column="17" end_column="18" covered="no" />
            <range source_id="65" start_line="947" end_line="949" start_column="21" end_column="47" covered="no" />
            <range source_id="65" start_line="951" end_line="951" start_column="21" end_column="97" covered="no" />
            <range source_id="65" start_line="953" end_line="954" start_column="21" end_column="47" covered="no" />
            <range source_id="65" start_line="956" end_line="957" start_column="21" end_column="47" covered="no" />
            <range source_id="65" start_line="959" end_line="961" start_column="21" end_column="57" covered="no" />
            <range source_id="65" start_line="963" end_line="966" start_column="21" end_column="49" covered="no" />
            <range source_id="65" start_line="968" end_line="969" start_column="21" end_column="53" covered="no" />
            <range source_id="65" start_line="971" end_line="972" start_column="21" end_column="57" covered="no" />
            <range source_id="65" start_line="974" end_line="974" start_column="21" end_column="36" covered="no" />
            <range source_id="65" start_line="976" end_line="976" start_column="21" end_column="44" covered="no" />
            <range source_id="65" start_line="978" end_line="978" start_column="21" end_column="43" covered="no" />
            <range source_id="65" start_line="980" end_line="980" start_column="21" end_column="46" covered="no" />
            <range source_id="65" start_line="981" end_line="981" start_column="17" end_column="18" covered="no" />
          </ranges>
        </function>
        <function id="258056" token="0x600061d" name="&lt;BuildModel&gt;b__0_18(Microsoft.EntityFrameworkCore.Metadata.Builders.EntityTypeBuilder)" namespace="AzAgroPOS.Verilenler.Migrations" type_name="AzAgroPOSDbContextModelSnapshot.&lt;&gt;c" block_coverage="0.00" line_coverage="0.00" blocks_covered="0" blocks_not_covered="24" lines_covered="0" lines_partially_covered="0" lines_not_covered="24">
          <ranges>
            <range source_id="65" start_line="984" end_line="984" start_column="17" end_column="18" covered="no" />
            <range source_id="65" start_line="985" end_line="987" start_column="21" end_column="47" covered="no" />
            <range source_id="65" start_line="989" end_line="989" start_column="21" end_column="97" covered="no" />
            <range source_id="65" start_line="991" end_line="992" start_column="21" end_column="47" covered="no" />
            <range source_id="65" start_line="994" end_line="995" start_column="21" end_column="57" covered="no" />
            <range source_id="65" start_line="997" end_line="998" start_column="21" end_column="47" covered="no" />
            <range source_id="65" start_line="1000" end_line="1001" start_column="21" end_column="57" covered="no" />
            <range source_id="65" start_line="1003" end_line="1006" start_column="21" end_column="49" covered="no" />
            <range source_id="65" start_line="1008" end_line="1009" start_column="21" end_column="57" covered="no" />
            <range source_id="65" start_line="1011" end_line="1011" start_column="21" end_column="36" covered="no" />
            <range source_id="65" start_line="1013" end_line="1013" start_column="21" end_column="44" covered="no" />
            <range source_id="65" start_line="1015" end_line="1015" start_column="21" end_column="46" covered="no" />
            <range source_id="65" start_line="1017" end_line="1017" start_column="21" end_column="52" covered="no" />
            <range source_id="65" start_line="1018" end_line="1018" start_column="17" end_column="18" covered="no" />
          </ranges>
        </function>
        <function id="258340" token="0x600061e" name="&lt;BuildModel&gt;b__0_19(Microsoft.EntityFrameworkCore.Metadata.Builders.EntityTypeBuilder)" namespace="AzAgroPOS.Verilenler.Migrations" type_name="AzAgroPOSDbContextModelSnapshot.&lt;&gt;c" block_coverage="0.00" line_coverage="0.00" blocks_covered="0" blocks_not_covered="18" lines_covered="0" lines_partially_covered="0" lines_not_covered="28">
          <ranges>
            <range source_id="65" start_line="1021" end_line="1021" start_column="17" end_column="18" covered="no" />
            <range source_id="65" start_line="1022" end_line="1024" start_column="21" end_column="47" covered="no" />
            <range source_id="65" start_line="1026" end_line="1026" start_column="21" end_column="97" covered="no" />
            <range source_id="65" start_line="1028" end_line="1030" start_column="21" end_column="57" covered="no" />
            <range source_id="65" start_line="1032" end_line="1035" start_column="21" end_column="49" covered="no" />
            <range source_id="65" start_line="1037" end_line="1037" start_column="21" end_column="36" covered="no" />
            <range source_id="65" start_line="1039" end_line="1039" start_column="21" end_column="41" covered="no" />
            <range source_id="65" start_line="1041" end_line="1053" start_column="21" end_column="28" covered="no" />
            <range source_id="65" start_line="1054" end_line="1054" start_column="17" end_column="18" covered="no" />
          </ranges>
        </function>
        <function id="258544" token="0x600061f" name="&lt;BuildModel&gt;b__0_20(Microsoft.EntityFrameworkCore.Metadata.Builders.EntityTypeBuilder)" namespace="AzAgroPOS.Verilenler.Migrations" type_name="AzAgroPOSDbContextModelSnapshot.&lt;&gt;c" block_coverage="0.00" line_coverage="0.00" blocks_covered="0" blocks_not_covered="24" lines_covered="0" lines_partially_covered="0" lines_not_covered="54">
          <ranges>
            <range source_id="65" start_line="1057" end_line="1057" start_column="17" end_column="18" covered="no" />
            <range source_id="65" start_line="1058" end_line="1060" start_column="21" end_column="47" covered="no" />
            <range source_id="65" start_line="1062" end_line="1062" start_column="21" end_column="97" covered="no" />
            <range source_id="65" start_line="1064" end_line="1065" start_column="21" end_column="47" covered="no" />
            <range source_id="65" start_line="1067" end_line="1068" start_column="21" end_column="47" covered="no" />
            <range source_id="65" start_line="1070" end_line="1073" start_column="21" end_column="49" covered="no" />
            <range source_id="65" start_line="1075" end_line="1075" start_column="21" end_column="36" covered="no" />
            <range source_id="65" start_line="1077" end_line="1077" start_column="21" end_column="43" covered="no" />
            <range source_id="65" start_line="1079" end_line="1079" start_column="21" end_column="41" covered="no" />
            <range source_id="65" start_line="1081" end_line="1081" start_column="21" end_column="47" covered="no" />
            <range source_id="65" start_line="1083" end_line="1118" start_column="21" end_column="28" covered="no" />
            <range source_id="65" start_line="1119" end_line="1119" start_column="17" end_column="18" covered="no" />
          </ranges>
        </function>
        <function id="258836" token="0x6000620" name="&lt;BuildModel&gt;b__0_21(Microsoft.EntityFrameworkCore.Metadata.Builders.EntityTypeBuilder)" namespace="AzAgroPOS.Verilenler.Migrations" type_name="AzAgroPOSDbContextModelSnapshot.&lt;&gt;c" block_coverage="0.00" line_coverage="0.00" blocks_covered="0" blocks_not_covered="24" lines_covered="0" lines_partially_covered="0" lines_not_covered="24">
          <ranges>
            <range source_id="65" start_line="1122" end_line="1122" start_column="17" end_column="18" covered="no" />
            <range source_id="65" start_line="1123" end_line="1125" start_column="21" end_column="47" covered="no" />
            <range source_id="65" start_line="1127" end_line="1127" start_column="21" end_column="97" covered="no" />
            <range source_id="65" start_line="1129" end_line="1130" start_column="21" end_column="47" covered="no" />
            <range source_id="65" start_line="1132" end_line="1133" start_column="21" end_column="47" covered="no" />
            <range source_id="65" start_line="1135" end_line="1136" start_column="21" end_column="47" covered="no" />
            <range source_id="65" start_line="1138" end_line="1141" start_column="21" end_column="49" covered="no" />
            <range source_id="65" start_line="1143" end_line="1144" start_column="21" end_column="53" covered="no" />
            <range source_id="65" start_line="1146" end_line="1147" start_column="21" end_column="58" covered="no" />
            <range source_id="65" start_line="1149" end_line="1149" start_column="21" end_column="36" covered="no" />
            <range source_id="65" start_line="1151" end_line="1151" start_column="21" end_column="45" covered="no" />
            <range source_id="65" start_line="1153" end_line="1153" start_column="21" end_column="43" covered="no" />
            <range source_id="65" start_line="1155" end_line="1155" start_column="21" end_column="43" covered="no" />
            <range source_id="65" start_line="1156" end_line="1156" start_column="17" end_column="18" covered="no" />
          </ranges>
        </function>
        <function id="259120" token="0x6000621" name="&lt;BuildModel&gt;b__0_22(Microsoft.EntityFrameworkCore.Metadata.Builders.EntityTypeBuilder)" namespace="AzAgroPOS.Verilenler.Migrations" type_name="AzAgroPOSDbContextModelSnapshot.&lt;&gt;c" block_coverage="0.00" line_coverage="0.00" blocks_covered="0" blocks_not_covered="24" lines_covered="0" lines_partially_covered="0" lines_not_covered="24">
          <ranges>
            <range source_id="65" start_line="1159" end_line="1159" start_column="17" end_column="18" covered="no" />
            <range source_id="65" start_line="1160" end_line="1162" start_column="21" end_column="47" covered="no" />
            <range source_id="65" start_line="1164" end_line="1164" start_column="21" end_column="97" covered="no" />
            <range source_id="65" start_line="1166" end_line="1167" start_column="21" end_column="47" covered="no" />
            <range source_id="65" start_line="1169" end_line="1170" start_column="21" end_column="57" covered="no" />
            <range source_id="65" start_line="1172" end_line="1173" start_column="21" end_column="58" covered="no" />
            <range source_id="65" start_line="1175" end_line="1176" start_column="21" end_column="47" covered="no" />
            <range source_id="65" start_line="1178" end_line="1181" start_column="21" end_column="49" covered="no" />
            <range source_id="65" start_line="1183" end_line="1184" start_column="21" end_column="57" covered="no" />
            <range source_id="65" start_line="1186" end_line="1186" start_column="21" end_column="36" covered="no" />
            <range source_id="65" start_line="1188" end_line="1188" start_column="21" end_column="44" covered="no" />
            <range source_id="65" start_line="1190" end_line="1190" start_column="21" end_column="43" covered="no" />
            <range source_id="65" start_line="1192" end_line="1192" start_column="21" end_column="49" covered="no" />
            <range source_id="65" start_line="1193" end_line="1193" start_column="17" end_column="18" covered="no" />
          </ranges>
        </function>
        <function id="259404" token="0x6000622" name="&lt;BuildModel&gt;b__0_23(Microsoft.EntityFrameworkCore.Metadata.Builders.EntityTypeBuilder)" namespace="AzAgroPOS.Verilenler.Migrations" type_name="AzAgroPOSDbContextModelSnapshot.&lt;&gt;c" block_coverage="0.00" line_coverage="0.00" blocks_covered="0" blocks_not_covered="30" lines_covered="0" lines_partially_covered="0" lines_not_covered="52">
          <ranges>
            <range source_id="65" start_line="1196" end_line="1196" start_column="17" end_column="18" covered="no" />
            <range source_id="65" start_line="1197" end_line="1199" start_column="21" end_column="47" covered="no" />
            <range source_id="65" start_line="1201" end_line="1201" start_column="21" end_column="97" covered="no" />
            <range source_id="65" start_line="1203" end_line="1205" start_column="21" end_column="57" covered="no" />
            <range source_id="65" start_line="1207" end_line="1208" start_column="21" end_column="47" covered="no" />
            <range source_id="65" start_line="1210" end_line="1211" start_column="21" end_column="57" covered="no" />
            <range source_id="65" start_line="1213" end_line="1214" start_column="21" end_column="57" covered="no" />
            <range source_id="65" start_line="1216" end_line="1219" start_column="21" end_column="49" covered="no" />
            <range source_id="65" start_line="1221" end_line="1222" start_column="21" end_column="57" covered="no" />
            <range source_id="65" start_line="1224" end_line="1225" start_column="21" end_column="57" covered="no" />
            <range source_id="65" start_line="1227" end_line="1228" start_column="21" end_column="57" covered="no" />
            <range source_id="65" start_line="1230" end_line="1230" start_column="21" end_column="36" covered="no" />
            <range source_id="65" start_line="1232" end_line="1232" start_column="21" end_column="47" covered="no" />
            <range source_id="65" start_line="1234" end_line="1258" start_column="21" end_column="28" covered="no" />
            <range source_id="65" start_line="1259" end_line="1259" start_column="17" end_column="18" covered="no" />
          </ranges>
        </function>
        <function id="259792" token="0x6000623" name="&lt;BuildModel&gt;b__0_24(Microsoft.EntityFrameworkCore.Metadata.Builders.EntityTypeBuilder)" namespace="AzAgroPOS.Verilenler.Migrations" type_name="AzAgroPOSDbContextModelSnapshot.&lt;&gt;c" block_coverage="0.00" line_coverage="0.00" blocks_covered="0" blocks_not_covered="35" lines_covered="0" lines_partially_covered="0" lines_not_covered="35">
          <ranges>
            <range source_id="65" start_line="1262" end_line="1262" start_column="17" end_column="18" covered="no" />
            <range source_id="65" start_line="1263" end_line="1265" start_column="21" end_column="47" covered="no" />
            <range source_id="65" start_line="1267" end_line="1267" start_column="21" end_column="97" covered="no" />
            <range source_id="65" start_line="1269" end_line="1270" start_column="21" end_column="47" covered="no" />
            <range source_id="65" start_line="1272" end_line="1273" start_column="21" end_column="57" covered="no" />
            <range source_id="65" start_line="1275" end_line="1276" start_column="21" end_column="58" covered="no" />
            <range source_id="65" start_line="1278" end_line="1280" start_column="21" end_column="57" covered="no" />
            <range source_id="65" start_line="1282" end_line="1283" start_column="21" end_column="53" covered="no" />
            <range source_id="65" start_line="1285" end_line="1286" start_column="21" end_column="47" covered="no" />
            <range source_id="65" start_line="1288" end_line="1289" start_column="21" end_column="57" covered="no" />
            <range source_id="65" start_line="1291" end_line="1294" start_column="21" end_column="49" covered="no" />
            <range source_id="65" start_line="1296" end_line="1297" start_column="21" end_column="47" covered="no" />
            <range source_id="65" start_line="1299" end_line="1300" start_column="21" end_column="47" covered="no" />
            <range source_id="65" start_line="1302" end_line="1303" start_column="21" end_column="53" covered="no" />
            <range source_id="65" start_line="1305" end_line="1305" start_column="21" end_column="36" covered="no" />
            <range source_id="65" start_line="1307" end_line="1307" start_column="21" end_column="47" covered="no" />
            <range source_id="65" start_line="1309" end_line="1309" start_column="21" end_column="47" covered="no" />
            <range source_id="65" start_line="1311" end_line="1311" start_column="21" end_column="53" covered="no" />
            <range source_id="65" start_line="1312" end_line="1312" start_column="17" end_column="18" covered="no" />
          </ranges>
        </function>
        <function id="260192" token="0x6000624" name="&lt;BuildModel&gt;b__0_25(Microsoft.EntityFrameworkCore.Metadata.Builders.EntityTypeBuilder)" namespace="AzAgroPOS.Verilenler.Migrations" type_name="AzAgroPOSDbContextModelSnapshot.&lt;&gt;c" block_coverage="0.00" line_coverage="0.00" blocks_covered="0" blocks_not_covered="44" lines_covered="0" lines_partially_covered="0" lines_not_covered="44">
          <ranges>
            <range source_id="65" start_line="1315" end_line="1315" start_column="17" end_column="18" covered="no" />
            <range source_id="65" start_line="1316" end_line="1318" start_column="21" end_column="47" covered="no" />
            <range source_id="65" start_line="1320" end_line="1320" start_column="21" end_column="97" covered="no" />
            <range source_id="65" start_line="1322" end_line="1324" start_column="21" end_column="57" covered="no" />
            <range source_id="65" start_line="1326" end_line="1327" start_column="21" end_column="47" covered="no" />
            <range source_id="65" start_line="1329" end_line="1331" start_column="21" end_column="57" covered="no" />
            <range source_id="65" start_line="1333" end_line="1335" start_column="21" end_column="57" covered="no" />
            <range source_id="65" start_line="1337" end_line="1339" start_column="21" end_column="57" covered="no" />
            <range source_id="65" start_line="1341" end_line="1342" start_column="21" end_column="53" covered="no" />
            <range source_id="65" start_line="1344" end_line="1346" start_column="21" end_column="57" covered="no" />
            <range source_id="65" start_line="1348" end_line="1349" start_column="21" end_column="57" covered="no" />
            <range source_id="65" start_line="1351" end_line="1354" start_column="21" end_column="49" covered="no" />
            <range source_id="65" start_line="1356" end_line="1357" start_column="21" end_column="47" covered="no" />
            <range source_id="65" start_line="1359" end_line="1360" start_column="21" end_column="53" covered="no" />
            <range source_id="65" start_line="1362" end_line="1363" start_column="21" end_column="58" covered="no" />
            <range source_id="65" start_line="1365" end_line="1366" start_column="21" end_column="58" covered="no" />
            <range source_id="65" start_line="1368" end_line="1369" start_column="21" end_column="47" covered="no" />
            <range source_id="65" start_line="1371" end_line="1371" start_column="21" end_column="36" covered="no" />
            <range source_id="65" start_line="1373" end_line="1373" start_column="21" end_column="42" covered="no" />
            <range source_id="65" start_line="1375" end_line="1375" start_column="21" end_column="51" covered="no" />
            <range source_id="65" start_line="1376" end_line="1376" start_column="17" end_column="18" covered="no" />
          </ranges>
        </function>
        <function id="260664" token="0x6000625" name="&lt;BuildModel&gt;b__0_26(Microsoft.EntityFrameworkCore.Metadata.Builders.EntityTypeBuilder)" namespace="AzAgroPOS.Verilenler.Migrations" type_name="AzAgroPOSDbContextModelSnapshot.&lt;&gt;c" block_coverage="0.00" line_coverage="0.00" blocks_covered="0" blocks_not_covered="7" lines_covered="0" lines_partially_covered="0" lines_not_covered="8">
          <ranges>
            <range source_id="65" start_line="1379" end_line="1379" start_column="17" end_column="18" covered="no" />
            <range source_id="65" start_line="1380" end_line="1384" start_column="21" end_column="39" covered="no" />
            <range source_id="65" start_line="1386" end_line="1386" start_column="21" end_column="47" covered="no" />
            <range source_id="65" start_line="1387" end_line="1387" start_column="17" end_column="18" covered="no" />
          </ranges>
        </function>
        <function id="260748" token="0x6000626" name="&lt;BuildModel&gt;b__0_27(Microsoft.EntityFrameworkCore.Metadata.Builders.EntityTypeBuilder)" namespace="AzAgroPOS.Verilenler.Migrations" type_name="AzAgroPOSDbContextModelSnapshot.&lt;&gt;c" block_coverage="0.00" line_coverage="0.00" blocks_covered="0" blocks_not_covered="18" lines_covered="0" lines_partially_covered="0" lines_not_covered="19">
          <ranges>
            <range source_id="65" start_line="1390" end_line="1390" start_column="17" end_column="18" covered="no" />
            <range source_id="65" start_line="1391" end_line="1395" start_column="21" end_column="39" covered="no" />
            <range source_id="65" start_line="1397" end_line="1400" start_column="21" end_column="60" covered="no" />
            <range source_id="65" start_line="1402" end_line="1406" start_column="21" end_column="39" covered="no" />
            <range source_id="65" start_line="1408" end_line="1408" start_column="21" end_column="47" covered="no" />
            <range source_id="65" start_line="1410" end_line="1410" start_column="21" end_column="55" covered="no" />
            <range source_id="65" start_line="1412" end_line="1412" start_column="21" end_column="44" covered="no" />
            <range source_id="65" start_line="1413" end_line="1413" start_column="17" end_column="18" covered="no" />
          </ranges>
        </function>
        <function id="260960" token="0x6000627" name="&lt;BuildModel&gt;b__0_28(Microsoft.EntityFrameworkCore.Metadata.Builders.EntityTypeBuilder)" namespace="AzAgroPOS.Verilenler.Migrations" type_name="AzAgroPOSDbContextModelSnapshot.&lt;&gt;c" block_coverage="0.00" line_coverage="0.00" blocks_covered="0" blocks_not_covered="7" lines_covered="0" lines_partially_covered="0" lines_not_covered="8">
          <ranges>
            <range source_id="65" start_line="1416" end_line="1416" start_column="17" end_column="18" covered="no" />
            <range source_id="65" start_line="1417" end_line="1421" start_column="21" end_column="39" covered="no" />
            <range source_id="65" start_line="1423" end_line="1423" start_column="21" end_column="47" covered="no" />
            <range source_id="65" start_line="1424" end_line="1424" start_column="17" end_column="18" covered="no" />
          </ranges>
        </function>
        <function id="261044" token="0x6000628" name="&lt;BuildModel&gt;b__0_29(Microsoft.EntityFrameworkCore.Metadata.Builders.EntityTypeBuilder)" namespace="AzAgroPOS.Verilenler.Migrations" type_name="AzAgroPOSDbContextModelSnapshot.&lt;&gt;c" block_coverage="0.00" line_coverage="0.00" blocks_covered="0" blocks_not_covered="13" lines_covered="0" lines_partially_covered="0" lines_not_covered="14">
          <ranges>
            <range source_id="65" start_line="1427" end_line="1427" start_column="17" end_column="18" covered="no" />
            <range source_id="65" start_line="1428" end_line="1432" start_column="21" end_column="39" covered="no" />
            <range source_id="65" start_line="1434" end_line="1438" start_column="21" end_column="39" covered="no" />
            <range source_id="65" start_line="1440" end_line="1440" start_column="21" end_column="49" covered="no" />
            <range source_id="65" start_line="1442" end_line="1442" start_column="21" end_column="44" covered="no" />
            <range source_id="65" start_line="1443" end_line="1443" start_column="17" end_column="18" covered="no" />
          </ranges>
        </function>
        <function id="261194" token="0x6000629" name="&lt;BuildModel&gt;b__0_30(Microsoft.EntityFrameworkCore.Metadata.Builders.EntityTypeBuilder)" namespace="AzAgroPOS.Verilenler.Migrations" type_name="AzAgroPOSDbContextModelSnapshot.&lt;&gt;c" block_coverage="0.00" line_coverage="0.00" blocks_covered="0" blocks_not_covered="5" lines_covered="0" lines_partially_covered="0" lines_not_covered="6">
          <ranges>
            <range source_id="65" start_line="1446" end_line="1446" start_column="17" end_column="18" covered="no" />
            <range source_id="65" start_line="1447" end_line="1449" start_column="21" end_column="64" covered="no" />
            <range source_id="65" start_line="1451" end_line="1451" start_column="21" end_column="56" covered="no" />
            <range source_id="65" start_line="1452" end_line="1452" start_column="17" end_column="18" covered="no" />
          </ranges>
        </function>
        <function id="261252" token="0x600062a" name="&lt;BuildModel&gt;b__0_31(Microsoft.EntityFrameworkCore.Metadata.Builders.EntityTypeBuilder)" namespace="AzAgroPOS.Verilenler.Migrations" type_name="AzAgroPOSDbContextModelSnapshot.&lt;&gt;c" block_coverage="0.00" line_coverage="0.00" blocks_covered="0" blocks_not_covered="12" lines_covered="0" lines_partially_covered="0" lines_not_covered="13">
          <ranges>
            <range source_id="65" start_line="1455" end_line="1455" start_column="17" end_column="18" covered="no" />
            <range source_id="65" start_line="1456" end_line="1460" start_column="21" end_column="39" covered="no" />
            <range source_id="65" start_line="1462" end_line="1465" start_column="21" end_column="60" covered="no" />
            <range source_id="65" start_line="1467" end_line="1467" start_column="21" end_column="42" covered="no" />
            <range source_id="65" start_line="1469" end_line="1469" start_column="21" end_column="52" covered="no" />
            <range source_id="65" start_line="1470" end_line="1470" start_column="17" end_column="18" covered="no" />
          </ranges>
        </function>
        <function id="261396" token="0x600062b" name="&lt;BuildModel&gt;b__0_32(Microsoft.EntityFrameworkCore.Metadata.Builders.EntityTypeBuilder)" namespace="AzAgroPOS.Verilenler.Migrations" type_name="AzAgroPOSDbContextModelSnapshot.&lt;&gt;c" block_coverage="0.00" line_coverage="0.00" blocks_covered="0" blocks_not_covered="7" lines_covered="0" lines_partially_covered="0" lines_not_covered="8">
          <ranges>
            <range source_id="65" start_line="1473" end_line="1473" start_column="17" end_column="18" covered="no" />
            <range source_id="65" start_line="1474" end_line="1478" start_column="21" end_column="39" covered="no" />
            <range source_id="65" start_line="1480" end_line="1480" start_column="21" end_column="42" covered="no" />
            <range source_id="65" start_line="1481" end_line="1481" start_column="17" end_column="18" covered="no" />
          </ranges>
        </function>
        <function id="261480" token="0x600062c" name="&lt;BuildModel&gt;b__0_33(Microsoft.EntityFrameworkCore.Metadata.Builders.EntityTypeBuilder)" namespace="AzAgroPOS.Verilenler.Migrations" type_name="AzAgroPOSDbContextModelSnapshot.&lt;&gt;c" block_coverage="0.00" line_coverage="0.00" blocks_covered="0" blocks_not_covered="7" lines_covered="0" lines_partially_covered="0" lines_not_covered="8">
          <ranges>
            <range source_id="65" start_line="1484" end_line="1484" start_column="17" end_column="18" covered="no" />
            <range source_id="65" start_line="1485" end_line="1489" start_column="21" end_column="39" covered="no" />
            <range source_id="65" start_line="1491" end_line="1491" start_column="21" end_column="41" covered="no" />
            <range source_id="65" start_line="1492" end_line="1492" start_column="17" end_column="18" covered="no" />
          </ranges>
        </function>
        <function id="261564" token="0x600062d" name="&lt;BuildModel&gt;b__0_34(Microsoft.EntityFrameworkCore.Metadata.Builders.EntityTypeBuilder)" namespace="AzAgroPOS.Verilenler.Migrations" type_name="AzAgroPOSDbContextModelSnapshot.&lt;&gt;c" block_coverage="0.00" line_coverage="0.00" blocks_covered="0" blocks_not_covered="16" lines_covered="0" lines_partially_covered="0" lines_not_covered="17">
          <ranges>
            <range source_id="65" start_line="1495" end_line="1495" start_column="17" end_column="18" covered="no" />
            <range source_id="65" start_line="1496" end_line="1499" start_column="21" end_column="59" covered="no" />
            <range source_id="65" start_line="1501" end_line="1504" start_column="21" end_column="59" covered="no" />
            <range source_id="65" start_line="1506" end_line="1509" start_column="21" end_column="59" covered="no" />
            <range source_id="65" start_line="1511" end_line="1511" start_column="21" end_column="43" covered="no" />
            <range source_id="65" start_line="1513" end_line="1513" start_column="21" end_column="48" covered="no" />
            <range source_id="65" start_line="1515" end_line="1515" start_column="21" end_column="47" covered="no" />
            <range source_id="65" start_line="1516" end_line="1516" start_column="17" end_column="18" covered="no" />
          </ranges>
        </function>
        <function id="261768" token="0x600062e" name="&lt;BuildModel&gt;b__0_35(Microsoft.EntityFrameworkCore.Metadata.Builders.EntityTypeBuilder)" namespace="AzAgroPOS.Verilenler.Migrations" type_name="AzAgroPOSDbContextModelSnapshot.&lt;&gt;c" block_coverage="0.00" line_coverage="0.00" blocks_covered="0" blocks_not_covered="11" lines_covered="0" lines_partially_covered="0" lines_not_covered="12">
          <ranges>
            <range source_id="65" start_line="1519" end_line="1519" start_column="17" end_column="18" covered="no" />
            <range source_id="65" start_line="1520" end_line="1524" start_column="21" end_column="39" covered="no" />
            <range source_id="65" start_line="1526" end_line="1528" start_column="21" end_column="51" covered="no" />
            <range source_id="65" start_line="1530" end_line="1530" start_column="21" end_column="45" covered="no" />
            <range source_id="65" start_line="1532" end_line="1532" start_column="21" end_column="43" covered="no" />
            <range source_id="65" start_line="1533" end_line="1533" start_column="17" end_column="18" covered="no" />
          </ranges>
        </function>
        <function id="261904" token="0x600062f" name="&lt;BuildModel&gt;b__0_36(Microsoft.EntityFrameworkCore.Metadata.Builders.EntityTypeBuilder)" namespace="AzAgroPOS.Verilenler.Migrations" type_name="AzAgroPOSDbContextModelSnapshot.&lt;&gt;c" block_coverage="0.00" line_coverage="0.00" blocks_covered="0" blocks_not_covered="7" lines_covered="0" lines_partially_covered="0" lines_not_covered="8">
          <ranges>
            <range source_id="65" start_line="1536" end_line="1536" start_column="17" end_column="18" covered="no" />
            <range source_id="65" start_line="1537" end_line="1541" start_column="21" end_column="39" covered="no" />
            <range source_id="65" start_line="1543" end_line="1543" start_column="21" end_column="42" covered="no" />
            <range source_id="65" start_line="1544" end_line="1544" start_column="17" end_column="18" covered="no" />
          </ranges>
        </function>
        <function id="261988" token="0x6000630" name="&lt;BuildModel&gt;b__0_37(Microsoft.EntityFrameworkCore.Metadata.Builders.EntityTypeBuilder)" namespace="AzAgroPOS.Verilenler.Migrations" type_name="AzAgroPOSDbContextModelSnapshot.&lt;&gt;c" block_coverage="0.00" line_coverage="0.00" blocks_covered="0" blocks_not_covered="13" lines_covered="0" lines_partially_covered="0" lines_not_covered="14">
          <ranges>
            <range source_id="65" start_line="1547" end_line="1547" start_column="17" end_column="18" covered="no" />
            <range source_id="65" start_line="1548" end_line="1552" start_column="21" end_column="39" covered="no" />
            <range source_id="65" start_line="1554" end_line="1558" start_column="21" end_column="39" covered="no" />
            <range source_id="65" start_line="1560" end_line="1560" start_column="21" end_column="44" covered="no" />
            <range source_id="65" start_line="1562" end_line="1562" start_column="21" end_column="43" covered="no" />
            <range source_id="65" start_line="1563" end_line="1563" start_column="17" end_column="18" covered="no" />
          </ranges>
        </function>
        <function id="262140" token="0x6000631" name="&lt;BuildModel&gt;b__0_38(Microsoft.EntityFrameworkCore.Metadata.Builders.EntityTypeBuilder)" namespace="AzAgroPOS.Verilenler.Migrations" type_name="AzAgroPOSDbContextModelSnapshot.&lt;&gt;c" block_coverage="0.00" line_coverage="0.00" blocks_covered="0" blocks_not_covered="13" lines_covered="0" lines_partially_covered="0" lines_not_covered="14">
          <ranges>
            <range source_id="65" start_line="1566" end_line="1566" start_column="17" end_column="18" covered="no" />
            <range source_id="65" start_line="1567" end_line="1571" start_column="21" end_column="39" covered="no" />
            <range source_id="65" start_line="1573" end_line="1577" start_column="21" end_column="39" covered="no" />
            <range source_id="65" start_line="1579" end_line="1579" start_column="21" end_column="44" covered="no" />
            <range source_id="65" start_line="1581" end_line="1581" start_column="21" end_column="46" covered="no" />
            <range source_id="65" start_line="1582" end_line="1582" start_column="17" end_column="18" covered="no" />
          </ranges>
        </function>
        <function id="262292" token="0x6000632" name="&lt;BuildModel&gt;b__0_39(Microsoft.EntityFrameworkCore.Metadata.Builders.EntityTypeBuilder)" namespace="AzAgroPOS.Verilenler.Migrations" type_name="AzAgroPOSDbContextModelSnapshot.&lt;&gt;c" block_coverage="0.00" line_coverage="0.00" blocks_covered="0" blocks_not_covered="13" lines_covered="0" lines_partially_covered="0" lines_not_covered="14">
          <ranges>
            <range source_id="65" start_line="1585" end_line="1585" start_column="17" end_column="18" covered="no" />
            <range source_id="65" start_line="1586" end_line="1590" start_column="21" end_column="39" covered="no" />
            <range source_id="65" start_line="1592" end_line="1596" start_column="21" end_column="39" covered="no" />
            <range source_id="65" start_line="1598" end_line="1598" start_column="21" end_column="43" covered="no" />
            <range source_id="65" start_line="1600" end_line="1600" start_column="21" end_column="41" covered="no" />
            <range source_id="65" start_line="1601" end_line="1601" start_column="17" end_column="18" covered="no" />
          </ranges>
        </function>
        <function id="262448" token="0x6000633" name="&lt;BuildModel&gt;b__0_40(Microsoft.EntityFrameworkCore.Metadata.Builders.EntityTypeBuilder)" namespace="AzAgroPOS.Verilenler.Migrations" type_name="AzAgroPOSDbContextModelSnapshot.&lt;&gt;c" block_coverage="0.00" line_coverage="0.00" blocks_covered="0" blocks_not_covered="11" lines_covered="0" lines_partially_covered="0" lines_not_covered="12">
          <ranges>
            <range source_id="65" start_line="1604" end_line="1604" start_column="17" end_column="18" covered="no" />
            <range source_id="65" start_line="1605" end_line="1607" start_column="21" end_column="53" covered="no" />
            <range source_id="65" start_line="1609" end_line="1613" start_column="21" end_column="39" covered="no" />
            <range source_id="65" start_line="1615" end_line="1615" start_column="21" end_column="45" covered="no" />
            <range source_id="65" start_line="1617" end_line="1617" start_column="21" end_column="43" covered="no" />
            <range source_id="65" start_line="1618" end_line="1618" start_column="17" end_column="18" covered="no" />
          </ranges>
        </function>
        <function id="262588" token="0x6000634" name="&lt;BuildModel&gt;b__0_41(Microsoft.EntityFrameworkCore.Metadata.Builders.EntityTypeBuilder)" namespace="AzAgroPOS.Verilenler.Migrations" type_name="AzAgroPOSDbContextModelSnapshot.&lt;&gt;c" block_coverage="0.00" line_coverage="0.00" blocks_covered="0" blocks_not_covered="13" lines_covered="0" lines_partially_covered="0" lines_not_covered="14">
          <ranges>
            <range source_id="65" start_line="1621" end_line="1621" start_column="17" end_column="18" covered="no" />
            <range source_id="65" start_line="1622" end_line="1626" start_column="21" end_column="39" covered="no" />
            <range source_id="65" start_line="1628" end_line="1632" start_column="21" end_column="39" covered="no" />
            <range source_id="65" start_line="1634" end_line="1634" start_column="21" end_column="44" covered="no" />
            <range source_id="65" start_line="1636" end_line="1636" start_column="21" end_column="43" covered="no" />
            <range source_id="65" start_line="1637" end_line="1637" start_column="17" end_column="18" covered="no" />
          </ranges>
        </function>
        <function id="262740" token="0x6000635" name="&lt;BuildModel&gt;b__0_42(Microsoft.EntityFrameworkCore.Metadata.Builders.EntityTypeBuilder)" namespace="AzAgroPOS.Verilenler.Migrations" type_name="AzAgroPOSDbContextModelSnapshot.&lt;&gt;c" block_coverage="0.00" line_coverage="0.00" blocks_covered="0" blocks_not_covered="12" lines_covered="0" lines_partially_covered="0" lines_not_covered="13">
          <ranges>
            <range source_id="65" start_line="1640" end_line="1640" start_column="17" end_column="18" covered="no" />
            <range source_id="65" start_line="1641" end_line="1644" start_column="21" end_column="59" covered="no" />
            <range source_id="65" start_line="1646" end_line="1650" start_column="21" end_column="39" covered="no" />
            <range source_id="65" start_line="1652" end_line="1652" start_column="21" end_column="47" covered="no" />
            <range source_id="65" start_line="1654" end_line="1654" start_column="21" end_column="47" covered="no" />
            <range source_id="65" start_line="1655" end_line="1655" start_column="17" end_column="18" covered="no" />
          </ranges>
        </function>
        <function id="262888" token="0x6000636" name="&lt;BuildModel&gt;b__0_43(Microsoft.EntityFrameworkCore.Metadata.Builders.EntityTypeBuilder)" namespace="AzAgroPOS.Verilenler.Migrations" type_name="AzAgroPOSDbContextModelSnapshot.&lt;&gt;c" block_coverage="0.00" line_coverage="0.00" blocks_covered="0" blocks_not_covered="6" lines_covered="0" lines_partially_covered="0" lines_not_covered="7">
          <ranges>
            <range source_id="65" start_line="1658" end_line="1658" start_column="17" end_column="18" covered="no" />
            <range source_id="65" start_line="1659" end_line="1662" start_column="21" end_column="60" covered="no" />
            <range source_id="65" start_line="1664" end_line="1664" start_column="21" end_column="42" covered="no" />
            <range source_id="65" start_line="1665" end_line="1665" start_column="17" end_column="18" covered="no" />
          </ranges>
        </function>
        <function id="262966" token="0x6000637" name="&lt;BuildModel&gt;b__0_44(Microsoft.EntityFrameworkCore.Metadata.Builders.EntityTypeBuilder)" namespace="AzAgroPOS.Verilenler.Migrations" type_name="AzAgroPOSDbContextModelSnapshot.&lt;&gt;c" block_coverage="0.00" line_coverage="0.00" blocks_covered="0" blocks_not_covered="3" lines_covered="0" lines_partially_covered="0" lines_not_covered="4">
          <ranges>
            <range source_id="65" start_line="1668" end_line="1668" start_column="17" end_column="18" covered="no" />
            <range source_id="65" start_line="1669" end_line="1669" start_column="21" end_column="46" covered="no" />
            <range source_id="65" start_line="1671" end_line="1671" start_column="21" end_column="52" covered="no" />
            <range source_id="65" start_line="1672" end_line="1672" start_column="17" end_column="18" covered="no" />
          </ranges>
        </function>
        <function id="262993" token="0x6000638" name="&lt;BuildModel&gt;b__0_45(Microsoft.EntityFrameworkCore.Metadata.Builders.EntityTypeBuilder)" namespace="AzAgroPOS.Verilenler.Migrations" type_name="AzAgroPOSDbContextModelSnapshot.&lt;&gt;c" block_coverage="0.00" line_coverage="0.00" blocks_covered="0" blocks_not_covered="2" lines_covered="0" lines_partially_covered="0" lines_not_covered="3">
          <ranges>
            <range source_id="65" start_line="1675" end_line="1675" start_column="17" end_column="18" covered="no" />
            <range source_id="65" start_line="1676" end_line="1676" start_column="21" end_column="54" covered="no" />
            <range source_id="65" start_line="1677" end_line="1677" start_column="17" end_column="18" covered="no" />
          </ranges>
        </function>
        <function id="263008" token="0x6000639" name="&lt;BuildModel&gt;b__0_46(Microsoft.EntityFrameworkCore.Metadata.Builders.EntityTypeBuilder)" namespace="AzAgroPOS.Verilenler.Migrations" type_name="AzAgroPOSDbContextModelSnapshot.&lt;&gt;c" block_coverage="0.00" line_coverage="0.00" blocks_covered="0" blocks_not_covered="2" lines_covered="0" lines_partially_covered="0" lines_not_covered="3">
          <ranges>
            <range source_id="65" start_line="1680" end_line="1680" start_column="17" end_column="18" covered="no" />
            <range source_id="65" start_line="1681" end_line="1681" start_column="21" end_column="47" covered="no" />
            <range source_id="65" start_line="1682" end_line="1682" start_column="17" end_column="18" covered="no" />
          </ranges>
        </function>
        <function id="263023" token="0x600063a" name="&lt;BuildModel&gt;b__0_47(Microsoft.EntityFrameworkCore.Metadata.Builders.EntityTypeBuilder)" namespace="AzAgroPOS.Verilenler.Migrations" type_name="AzAgroPOSDbContextModelSnapshot.&lt;&gt;c" block_coverage="0.00" line_coverage="0.00" blocks_covered="0" blocks_not_covered="2" lines_covered="0" lines_partially_covered="0" lines_not_covered="3">
          <ranges>
            <range source_id="65" start_line="1685" end_line="1685" start_column="17" end_column="18" covered="no" />
            <range source_id="65" start_line="1686" end_line="1686" start_column="21" end_column="44" covered="no" />
            <range source_id="65" start_line="1687" end_line="1687" start_column="17" end_column="18" covered="no" />
          </ranges>
        </function>
        <function id="263038" token="0x600063b" name="&lt;BuildModel&gt;b__0_48(Microsoft.EntityFrameworkCore.Metadata.Builders.EntityTypeBuilder)" namespace="AzAgroPOS.Verilenler.Migrations" type_name="AzAgroPOSDbContextModelSnapshot.&lt;&gt;c" block_coverage="0.00" line_coverage="0.00" blocks_covered="0" blocks_not_covered="3" lines_covered="0" lines_partially_covered="0" lines_not_covered="4">
          <ranges>
            <range source_id="65" start_line="1690" end_line="1690" start_column="17" end_column="18" covered="no" />
            <range source_id="65" start_line="1691" end_line="1691" start_column="21" end_column="50" covered="no" />
            <range source_id="65" start_line="1693" end_line="1693" start_column="21" end_column="56" covered="no" />
            <range source_id="65" start_line="1694" end_line="1694" start_column="17" end_column="18" covered="no" />
          </ranges>
        </function>
        <function id="263065" token="0x600063c" name="&lt;BuildModel&gt;b__0_49(Microsoft.EntityFrameworkCore.Metadata.Builders.EntityTypeBuilder)" namespace="AzAgroPOS.Verilenler.Migrations" type_name="AzAgroPOSDbContextModelSnapshot.&lt;&gt;c" block_coverage="0.00" line_coverage="0.00" blocks_covered="0" blocks_not_covered="3" lines_covered="0" lines_partially_covered="0" lines_not_covered="4">
          <ranges>
            <range source_id="65" start_line="1697" end_line="1697" start_column="17" end_column="18" covered="no" />
            <range source_id="65" start_line="1698" end_line="1698" start_column="21" end_column="46" covered="no" />
            <range source_id="65" start_line="1700" end_line="1700" start_column="21" end_column="54" covered="no" />
            <range source_id="65" start_line="1701" end_line="1701" start_column="17" end_column="18" covered="no" />
          </ranges>
        </function>
        <function id="263092" token="0x600063d" name="&lt;BuildModel&gt;b__0_50(Microsoft.EntityFrameworkCore.Metadata.Builders.EntityTypeBuilder)" namespace="AzAgroPOS.Verilenler.Migrations" type_name="AzAgroPOSDbContextModelSnapshot.&lt;&gt;c" block_coverage="0.00" line_coverage="0.00" blocks_covered="0" blocks_not_covered="2" lines_covered="0" lines_partially_covered="0" lines_not_covered="3">
          <ranges>
            <range source_id="65" start_line="1704" end_line="1704" start_column="17" end_column="18" covered="no" />
            <range source_id="65" start_line="1705" end_line="1705" start_column="21" end_column="47" covered="no" />
            <range source_id="65" start_line="1706" end_line="1706" start_column="17" end_column="18" covered="no" />
          </ranges>
        </function>
        <function id="263107" token="0x600063e" name="&lt;BuildModel&gt;b__0_51(Microsoft.EntityFrameworkCore.Metadata.Builders.EntityTypeBuilder)" namespace="AzAgroPOS.Verilenler.Migrations" type_name="AzAgroPOSDbContextModelSnapshot.&lt;&gt;c" block_coverage="0.00" line_coverage="0.00" blocks_covered="0" blocks_not_covered="2" lines_covered="0" lines_partially_covered="0" lines_not_covered="3">
          <ranges>
            <range source_id="65" start_line="1709" end_line="1709" start_column="17" end_column="18" covered="no" />
            <range source_id="65" start_line="1710" end_line="1710" start_column="21" end_column="46" covered="no" />
            <range source_id="65" start_line="1711" end_line="1711" start_column="17" end_column="18" covered="no" />
          </ranges>
        </function>
        <function id="263122" token="0x600063f" name="&lt;BuildModel&gt;b__0_52(Microsoft.EntityFrameworkCore.Metadata.Builders.EntityTypeBuilder)" namespace="AzAgroPOS.Verilenler.Migrations" type_name="AzAgroPOSDbContextModelSnapshot.&lt;&gt;c" block_coverage="0.00" line_coverage="0.00" blocks_covered="0" blocks_not_covered="2" lines_covered="0" lines_partially_covered="0" lines_not_covered="3">
          <ranges>
            <range source_id="65" start_line="1714" end_line="1714" start_column="17" end_column="18" covered="no" />
            <range source_id="65" start_line="1715" end_line="1715" start_column="21" end_column="55" covered="no" />
            <range source_id="65" start_line="1716" end_line="1716" start_column="17" end_column="18" covered="no" />
          </ranges>
        </function>
        <function id="263137" token="0x6000640" name="&lt;BuildModel&gt;b__0_53(Microsoft.EntityFrameworkCore.Metadata.Builders.EntityTypeBuilder)" namespace="AzAgroPOS.Verilenler.Migrations" type_name="AzAgroPOSDbContextModelSnapshot.&lt;&gt;c" block_coverage="0.00" line_coverage="0.00" blocks_covered="0" blocks_not_covered="3" lines_covered="0" lines_partially_covered="0" lines_not_covered="4">
          <ranges>
            <range source_id="65" start_line="1719" end_line="1719" start_column="17" end_column="18" covered="no" />
            <range source_id="65" start_line="1720" end_line="1720" start_column="21" end_column="46" covered="no" />
            <range source_id="65" start_line="1722" end_line="1722" start_column="21" end_column="51" covered="no" />
            <range source_id="65" start_line="1723" end_line="1723" start_column="17" end_column="18" covered="no" />
          </ranges>
        </function>
        <function id="263164" token="0x6000641" name="&lt;BuildModel&gt;b__0_54(Microsoft.EntityFrameworkCore.Metadata.Builders.EntityTypeBuilder)" namespace="AzAgroPOS.Verilenler.Migrations" type_name="AzAgroPOSDbContextModelSnapshot.&lt;&gt;c" block_coverage="0.00" line_coverage="0.00" blocks_covered="0" blocks_not_covered="3" lines_covered="0" lines_partially_covered="0" lines_not_covered="4">
          <ranges>
            <range source_id="65" start_line="1726" end_line="1726" start_column="17" end_column="18" covered="no" />
            <range source_id="65" start_line="1727" end_line="1727" start_column="21" end_column="49" covered="no" />
            <range source_id="65" start_line="1729" end_line="1729" start_column="21" end_column="52" covered="no" />
            <range source_id="65" start_line="1730" end_line="1730" start_column="17" end_column="18" covered="no" />
          </ranges>
        </function>
        <function id="263191" token="0x6000642" name="&lt;BuildModel&gt;b__0_55(Microsoft.EntityFrameworkCore.Metadata.Builders.EntityTypeBuilder)" namespace="AzAgroPOS.Verilenler.Migrations" type_name="AzAgroPOSDbContextModelSnapshot.&lt;&gt;c" block_coverage="0.00" line_coverage="0.00" blocks_covered="0" blocks_not_covered="4" lines_covered="0" lines_partially_covered="0" lines_not_covered="5">
          <ranges>
            <range source_id="65" start_line="1733" end_line="1733" start_column="17" end_column="18" covered="no" />
            <range source_id="65" start_line="1734" end_line="1734" start_column="21" end_column="51" covered="no" />
            <range source_id="65" start_line="1736" end_line="1736" start_column="21" end_column="53" covered="no" />
            <range source_id="65" start_line="1738" end_line="1738" start_column="21" end_column="46" covered="no" />
            <range source_id="65" start_line="1739" end_line="1739" start_column="17" end_column="18" covered="no" />
          </ranges>
        </function>
      </functions>
      <source_files>
        <source_file id="1" path="C:\Users\murad\Tam\AzAgroPOS\AzAgroPOS.Verilenler\Program.cs" checksum_type="SHA256" checksum="D2BB9A048AA64290CD24F635FE6E7DBEAC50B5B51F6BE13AE233926006911471" />
        <source_file id="2" path="C:\Users\murad\Tam\AzAgroPOS\AzAgroPOS.Verilenler\Realizasialar\MehsulRepozitori.cs" checksum_type="SHA256" checksum="90A5FEB65C810DB8DEE2099FE1A13A4A3E28F6F6F420F90EDE05C749AC7AF9B1" />
        <source_file id="3" path="C:\Users\murad\Tam\AzAgroPOS\AzAgroPOS.Verilenler\Realizasialar\MusteriRepozitori.cs" checksum_type="SHA256" checksum="062AF8FE8FA8EF29496AB1EF282DBFABA6C586D75773208620E9B87B223E5717" />
        <source_file id="4" path="C:\Users\murad\Tam\AzAgroPOS\AzAgroPOS.Verilenler\Realizasialar\SatisRepozitori.cs" checksum_type="SHA256" checksum="475C0EB07F9F31262694A4B833C91135179E61E0B1E9BCE2D266592704E1BAEC" />
        <source_file id="5" path="C:\Users\murad\Tam\AzAgroPOS\AzAgroPOS.Verilenler\Realizasialar\AlisSenedRepozitori.cs" checksum_type="SHA256" checksum="3E51C7ED587F649FDCD354C8CF70368B9B802389DDA3E6C67C57E74C60008BBC" />
        <source_file id="6" path="C:\Users\murad\Tam\AzAgroPOS\AzAgroPOS.Verilenler\Realizasialar\AlisSenedSetiriRepozitori.cs" checksum_type="SHA256" checksum="15516579B5BD6D6DC1DA8D86E2F2B05866FA069365A87E59CD4443EC80338510" />
        <source_file id="7" path="C:\Users\murad\Tam\AzAgroPOS\AzAgroPOS.Verilenler\Realizasialar\AlisSifarisRepozitori.cs" checksum_type="SHA256" checksum="2AE5D64A26D8C07AFC622FFED41D42E92D459FA12AC175233AB1264DCADA5B98" />
        <source_file id="8" path="C:\Users\murad\Tam\AzAgroPOS\AzAgroPOS.Verilenler\Realizasialar\AlisSifarisSetiriRepozitori.cs" checksum_type="SHA256" checksum="CF09976FCF50635C3768117FF541311542D93189FC4CEEFF56E3834833788347" />
        <source_file id="9" path="C:\Users\murad\Tam\AzAgroPOS\AzAgroPOS.Verilenler\Realizasialar\BrendRepozitori.cs" checksum_type="SHA256" checksum="7AF54B6B9262972EA887E52EC403BAB22102EFBAA8C6041D4CDCA6862105FF80" />
        <source_file id="10" path="C:\Users\murad\Tam\AzAgroPOS\AzAgroPOS.Verilenler\Realizasialar\EmeliyyatJurnaliRepozitori.cs" checksum_type="SHA256" checksum="6998983BDC26AA7F1A3AFD5B9AEB38AD9A58F21C518FCD5DA3E6B7E6424E78AA" />
        <source_file id="11" path="C:\Users\murad\Tam\AzAgroPOS\AzAgroPOS.Verilenler\Realizasialar\IcazeRepozitori.cs" checksum_type="SHA256" checksum="27E57CBDFD3CD493E30BEC6723634309361C7ACA53B1DC7CEE9F94227EC19C5B" />
        <source_file id="12" path="C:\Users\murad\Tam\AzAgroPOS\AzAgroPOS.Verilenler\Realizasialar\IsciIzniRepozitori.cs" checksum_type="SHA256" checksum="04FD90F19A799BD72872F07E6EBA1F7911B98A41A029B2E9230B51B612952B34" />
        <source_file id="13" path="C:\Users\murad\Tam\AzAgroPOS\AzAgroPOS.Verilenler\Realizasialar\IsciPerformansRepozitori.cs" checksum_type="SHA256" checksum="289789363A6318BACBD7C1FBE78D45F21192F28DA2D505BC32096E15AB5C8BE2" />
        <source_file id="14" path="C:\Users\murad\Tam\AzAgroPOS\AzAgroPOS.Verilenler\Realizasialar\IsciRepozitori.cs" checksum_type="SHA256" checksum="1423559D38AB01637474EF7853F6E8DA17C6F9AE2D337485D01585B407ED93FA" />
        <source_file id="15" path="C:\Users\murad\Tam\AzAgroPOS\AzAgroPOS.Verilenler\Realizasialar\IstifadeciRepozitori.cs" checksum_type="SHA256" checksum="1B544A89A34A63350B63372D5C17C74C64CCE4E828527FA274E314165FC757A9" />
        <source_file id="16" path="C:\Users\murad\Tam\AzAgroPOS\AzAgroPOS.Verilenler\Realizasialar\KateqoriyaRepozitori.cs" checksum_type="SHA256" checksum="425FEE71DAF2610D3601314F32B3E05545F3D2C1F18A1C2FD9C784851257290E" />
        <source_file id="17" path="C:\Users\murad\Tam\AzAgroPOS\AzAgroPOS.Verilenler\Realizasialar\KonfiqurasiyaRepozitori.cs" checksum_type="SHA256" checksum="67745CCAF7707D1DF4C9F51E56C7C812F169FF59953D987B8025B21F75976639" />
        <source_file id="18" path="C:\Users\murad\Tam\AzAgroPOS\AzAgroPOS.Verilenler\Realizasialar\NisyeHereketiRepozitori.cs" checksum_type="SHA256" checksum="DF3FB6032137E8EAE188EE053CB9A47475F0DECB649DF0465B1E18EA3F96A1A7" />
        <source_file id="19" path="C:\Users\murad\Tam\AzAgroPOS\AzAgroPOS.Verilenler\Realizasialar\NovbeRepozitori.cs" checksum_type="SHA256" checksum="97ED92D337C3A7ED2F431E172EC565CAEF4FA68F443062DADDEE69C1CC1CF24D" />
        <source_file id="20" path="C:\Users\murad\Tam\AzAgroPOS\AzAgroPOS.Verilenler\Realizasialar\QaytarmaRepozitori.cs" checksum_type="SHA256" checksum="70F5E4D1B058BA9DFCE6451C6A1749CE4B1B6E58FE4878DFDE98395495511E78" />
        <source_file id="21" path="C:\Users\murad\Tam\AzAgroPOS\AzAgroPOS.Verilenler\Realizasialar\Repozitori.cs" checksum_type="SHA256" checksum="02DC55068BD00710DE6D9EE28D064711DE29F234FAE8F2CE41F84BDFB4049316" />
        <source_file id="22" path="C:\Users\murad\Tam\AzAgroPOS\AzAgroPOS.Verilenler\Realizasialar\RolIcazesiRepozitori.cs" checksum_type="SHA256" checksum="2089FC67B27ED50647436D94A64C77B88235DFE1E38CA54F1115E263C8F6F90B" />
        <source_file id="23" path="C:\Users\murad\Tam\AzAgroPOS\AzAgroPOS.Verilenler\Realizasialar\RolRepozitori.cs" checksum_type="SHA256" checksum="942BEC9F710978C6504B8335F0149D1EAD1CFA67F1969104450C7A9EEEE8CF46" />
        <source_file id="24" path="C:\Users\murad\Tam\AzAgroPOS\AzAgroPOS.Verilenler\Realizasialar\TedarukcuOdemeRepozitori.cs" checksum_type="SHA256" checksum="99C6C564448EE69DD78EBF015AB9165DE2C805A5114218E8C7E549E43B68E010" />
        <source_file id="25" path="C:\Users\murad\Tam\AzAgroPOS\AzAgroPOS.Verilenler\Realizasialar\TedarukcuRepozitori.cs" checksum_type="SHA256" checksum="A099BA68557E2AD4876B44C0D22F1329FDEE20DE092D13553E8EC59477ACC802" />
        <source_file id="26" path="C:\Users\murad\Tam\AzAgroPOS\AzAgroPOS.Verilenler\Realizasialar\TemirMerhelesiRepozitori.cs" checksum_type="SHA256" checksum="1441D8616972C66E2979685A2E405B19901761670B02C75783C3236DCFB33ABE" />
        <source_file id="27" path="C:\Users\murad\Tam\AzAgroPOS\AzAgroPOS.Verilenler\Realizasialar\TemirRepozitori.cs" checksum_type="SHA256" checksum="BE4840E691BF8DD058D597DEDBB2FD4C02C4ECE41D3D6F4A17CB205E89AF11D2" />
        <source_file id="28" path="C:\Users\murad\Tam\AzAgroPOS\AzAgroPOS.Verilenler\Realizasialar\UnitOfWork.cs" checksum_type="SHA256" checksum="6470AF01CC158C130F981895513EC25EC8C0273488A67CEE796F0C2626E85A74" />
        <source_file id="29" path="C:\Users\murad\Tam\AzAgroPOS\AzAgroPOS.Verilenler\Migrations\20250808231023_IlkinQurulum.cs" checksum_type="SHA256" checksum="B87AEED27FD936B7A61B53AC2B3F83C9372FD5064C49DF81B0EA821CA68C6CB1" />
        <source_file id="30" path="C:\Users\murad\Tam\AzAgroPOS\AzAgroPOS.Verilenler\Migrations\20250808231023_IlkinQurulum.Designer.cs" checksum_type="SHA256" checksum="10947927D79B2D0648041FF425B63EF4C4522275EE4224C488AA437E58E44F2A" />
        <source_file id="31" path="C:\Users\murad\Tam\AzAgroPOS\AzAgroPOS.Verilenler\Migrations\20250829201744_MehsulaOlcuVahidiElaveEdildi.cs" checksum_type="SHA256" checksum="22C6EE4430299E432ED58A47C7DC4EF987A5707FF535F2CD80E77D394406239E" />
        <source_file id="32" path="C:\Users\murad\Tam\AzAgroPOS\AzAgroPOS.Verilenler\Migrations\20250829201744_MehsulaOlcuVahidiElaveEdildi.Designer.cs" checksum_type="SHA256" checksum="F14FA759780A036A7517277596F6C76EACF1DB82E7E097402358205F9CBB0519" />
        <source_file id="33" path="C:\Users\murad\Tam\AzAgroPOS\AzAgroPOS.Verilenler\Migrations\20250830064147_YeniQiymetNovleriElaveEdildi.cs" checksum_type="SHA256" checksum="11B973589068DF5E1FA6DE21E6AF19636E41B1ED480A4C1506B366C9DA21904A" />
        <source_file id="34" path="C:\Users\murad\Tam\AzAgroPOS\AzAgroPOS.Verilenler\Migrations\20250830064147_YeniQiymetNovleriElaveEdildi.Designer.cs" checksum_type="SHA256" checksum="8C0F4D9ED817496D930164D2134B25778D441B756DF6B12FF0066ACEC40EC67C" />
        <source_file id="35" path="C:\Users\murad\Tam\AzAgroPOS\AzAgroPOS.Verilenler\Migrations\20250830065944_CoxluQiymetSistemi.cs" checksum_type="SHA256" checksum="5AA12C74B5741B740A8BC16C5E499F4FADA807F3C89E0857F1957A17456848DD" />
        <source_file id="36" path="C:\Users\murad\Tam\AzAgroPOS\AzAgroPOS.Verilenler\Migrations\20250830065944_CoxluQiymetSistemi.Designer.cs" checksum_type="SHA256" checksum="52422546D06BBBDD5906C4AE421636BAE76BF8FC02C8DE1FB910F4B100F8043A" />
        <source_file id="37" path="C:\Users\murad\Tam\AzAgroPOS\AzAgroPOS.Verilenler\Migrations\20250901170712_MusteriKreditLimiti.cs" checksum_type="SHA256" checksum="D7652C7002EA957F537B7C00F966FD0F6326FD9DC2C4E9D26DE7EF9D4C5B4509" />
        <source_file id="38" path="C:\Users\murad\Tam\AzAgroPOS\AzAgroPOS.Verilenler\Migrations\20250901170712_MusteriKreditLimiti.Designer.cs" checksum_type="SHA256" checksum="30851EDC6562F3B7A711AECDF7441BEB856D43BEA35BAB7F77073AEC11461FFF" />
        <source_file id="39" path="C:\Users\murad\Tam\AzAgroPOS\AzAgroPOS.Verilenler\Migrations\20250901201238_MehsulXanaAdlariYekunStandartlasdirma.cs" checksum_type="SHA256" checksum="2AA3BC9B6A584BC06132183D386EBB9458AAD725732292BB9B7820B421C842FF" />
        <source_file id="40" path="C:\Users\murad\Tam\AzAgroPOS\AzAgroPOS.Verilenler\Migrations\20250901201238_MehsulXanaAdlariYekunStandartlasdirma.Designer.cs" checksum_type="SHA256" checksum="6FCA89C5C7E6E6A97BD0E0856B0DC395E22C4D91C994CBD7E3FA4A7347E379DE" />
        <source_file id="41" path="C:\Users\murad\Tam\AzAgroPOS\AzAgroPOS.Verilenler\Migrations\20250901212741_OlcuVahidiDeyerleriniDuzelt.cs" checksum_type="SHA256" checksum="B349CDDB9879365AF8CBE1647EE3E463C201EE07A88AC702C5BBA04B330D49E0" />
        <source_file id="42" path="C:\Users\murad\Tam\AzAgroPOS\AzAgroPOS.Verilenler\Migrations\20250901212741_OlcuVahidiDeyerleriniDuzelt.Designer.cs" checksum_type="SHA256" checksum="861949513AFE113161618F91AF40AED086366B41F00D154033D17AF89606A230" />
        <source_file id="43" path="C:\Users\murad\Tam\AzAgroPOS\AzAgroPOS.Verilenler\Migrations\20250903184948_OlcuVahidiIdSutununuSil.cs" checksum_type="SHA256" checksum="56C066761818D5ADD7FB08AF1928FAE0740DC533B081CAB647FCF4472D9D14EC" />
        <source_file id="44" path="C:\Users\murad\Tam\AzAgroPOS\AzAgroPOS.Verilenler\Migrations\20250903184948_OlcuVahidiIdSutununuSil.Designer.cs" checksum_type="SHA256" checksum="06CE99211D55CA84A1AABDB7B652319121E2A0BB9C05400FB1D7F3F454485236" />
        <source_file id="45" path="C:\Users\murad\Tam\AzAgroPOS\AzAgroPOS.Verilenler\Migrations\20250903190633_BazaVeModeliSinxronlasdir.cs" checksum_type="SHA256" checksum="FDE353B2373C9DFF2EEAC3C02A5E79F437467D92618A5E72C934155D35A00BEA" />
        <source_file id="46" path="C:\Users\murad\Tam\AzAgroPOS\AzAgroPOS.Verilenler\Migrations\20250903190633_BazaVeModeliSinxronlasdir.Designer.cs" checksum_type="SHA256" checksum="23DE04B380CFA5722C087809DCECD8647FB3C27B3F06269B406D3DD588D8751F" />
        <source_file id="47" path="C:\Users\murad\Tam\AzAgroPOS\AzAgroPOS.Verilenler\Migrations\20250905175639_IsciIdareetmeModulu.cs" checksum_type="SHA256" checksum="7FEA8C87C94479C99BD059228A378370BF35414C96A1AAE9D8C59EB68E251646" />
        <source_file id="48" path="C:\Users\murad\Tam\AzAgroPOS\AzAgroPOS.Verilenler\Migrations\20250905175639_IsciIdareetmeModulu.Designer.cs" checksum_type="SHA256" checksum="6BF7E6557C7537E834066DAFA779284D38EAD4B2644D5811309E1B20758F3975" />
        <source_file id="49" path="C:\Users\murad\Tam\AzAgroPOS\AzAgroPOS.Verilenler\Migrations\20250905185447_TedarukcuAlisModuluDuzelis2.cs" checksum_type="SHA256" checksum="4C9F2FDE4E6DD79881226F73F38896466280D0255052884DCD21148FEC7ACE14" />
        <source_file id="50" path="C:\Users\murad\Tam\AzAgroPOS\AzAgroPOS.Verilenler\Migrations\20250905185447_TedarukcuAlisModuluDuzelis2.Designer.cs" checksum_type="SHA256" checksum="E2393237CF174DC0871A7614C56850AFBEEE1F549D21A81CA889439F1DC61384" />
        <source_file id="51" path="C:\Users\murad\Tam\AzAgroPOS\AzAgroPOS.Verilenler\Migrations\20250906070843_MehsulYeniSahelerEklendi.cs" checksum_type="SHA256" checksum="D57A36DE23D5BABADE1F64A7D9271308117DE556AACE00DD181160A3BCC3113E" />
        <source_file id="52" path="C:\Users\murad\Tam\AzAgroPOS\AzAgroPOS.Verilenler\Migrations\20250906070843_MehsulYeniSahelerEklendi.Designer.cs" checksum_type="SHA256" checksum="890F0A1AA0A8818D744E7FA21BBEAF3F6E43017F89213963E3D87FC287BE2CE9" />
        <source_file id="53" path="C:\Users\murad\Tam\AzAgroPOS\AzAgroPOS.Verilenler\Migrations\20250906204432_AddEmeliyyatJurnaliTable.cs" checksum_type="SHA256" checksum="F62A5001611841AB709D6C0F684366476387CF94F535608040F9C383E46D77FC" />
        <source_file id="54" path="C:\Users\murad\Tam\AzAgroPOS\AzAgroPOS.Verilenler\Migrations\20250906204432_AddEmeliyyatJurnaliTable.Designer.cs" checksum_type="SHA256" checksum="87B8D20C5D4EC27D1009A9536B83EA3EE01DB6429C0251614719F67C74554839" />
        <source_file id="55" path="C:\Users\murad\Tam\AzAgroPOS\AzAgroPOS.Verilenler\Migrations\20250906205606_AddKonfiqurasiyaTable.cs" checksum_type="SHA256" checksum="0C115BFC593553302C1A0AA46BD72789DFEB26AA822984307B7812C0836FCB5D" />
        <source_file id="56" path="C:\Users\murad\Tam\AzAgroPOS\AzAgroPOS.Verilenler\Migrations\20250906205606_AddKonfiqurasiyaTable.Designer.cs" checksum_type="SHA256" checksum="67ECEEE344D56D16F1A84223C98CE486BFC3F7B3ACCCBBB2742A590111C87F3A" />
        <source_file id="57" path="C:\Users\murad\Tam\AzAgroPOS\AzAgroPOS.Verilenler\Migrations\20250906205829_AddPermissionsSystem.cs" checksum_type="SHA256" checksum="10A311788C551465A82FA1988F05D533908A80B3B94112D5803857C21829B246" />
        <source_file id="58" path="C:\Users\murad\Tam\AzAgroPOS\AzAgroPOS.Verilenler\Migrations\20250906205829_AddPermissionsSystem.Designer.cs" checksum_type="SHA256" checksum="8EA04495DAADD83B82C60551A64E49017EECFE8769BA2D762E1D3994687A675D" />
        <source_file id="59" path="C:\Users\murad\Tam\AzAgroPOS\AzAgroPOS.Verilenler\Migrations\20250906210005_AddDefaultPermissionsAndRolePermissions.cs" checksum_type="SHA256" checksum="2AF6AF801856605573E6D1A411DAAF8F6F509C49CB300158E5DC6EB87AA60002" />
        <source_file id="60" path="C:\Users\murad\Tam\AzAgroPOS\AzAgroPOS.Verilenler\Migrations\20250906210005_AddDefaultPermissionsAndRolePermissions.Designer.cs" checksum_type="SHA256" checksum="7229238DB8DED21A310E71457CF0D52B191168181D57B9454D9667CFAC3049FD" />
        <source_file id="61" path="C:\Users\murad\Tam\AzAgroPOS\AzAgroPOS.Verilenler\Migrations\20250906215421_FixSchemaSync.cs" checksum_type="SHA256" checksum="6476A02D9B379E60403E6D2EA2B7032B1284F4C4D0F3F5B120556EDD76F822F6" />
        <source_file id="62" path="C:\Users\murad\Tam\AzAgroPOS\AzAgroPOS.Verilenler\Migrations\20250906215421_FixSchemaSync.Designer.cs" checksum_type="SHA256" checksum="FFE2A997BB944636C5846BC19B8B4CA86553BA0BB32FB3A1DD9DA92D85E66D21" />
        <source_file id="63" path="C:\Users\murad\Tam\AzAgroPOS\AzAgroPOS.Verilenler\Migrations\20250906220213_FinalSchemaSync.cs" checksum_type="SHA256" checksum="EE753DF7E921770D5B845D9BFDE321FA78580EF9E16B2908017CAB475724FF78" />
        <source_file id="64" path="C:\Users\murad\Tam\AzAgroPOS\AzAgroPOS.Verilenler\Migrations\20250906220213_FinalSchemaSync.Designer.cs" checksum_type="SHA256" checksum="FF8E94434F2F703427E6196FA5D21BD10154E1EA4656E01B0369D83E3AA869A4" />
        <source_file id="65" path="C:\Users\murad\Tam\AzAgroPOS\AzAgroPOS.Verilenler\Migrations\AzAgroPOSDbContextModelSnapshot.cs" checksum_type="SHA256" checksum="909EC57FD731EE273A4D5BC92EF8B1F8CD8019D1A859A2DA72512FBAEAE5FF4D" />
        <source_file id="66" path="C:\Users\murad\Tam\AzAgroPOS\AzAgroPOS.Verilenler\Kontekst\AzAgroPOSDbContext.cs" checksum_type="SHA256" checksum="8B0E1E080CBB9134D9CC06CE313B7969FF94041F95C688122D2D8ED40A3C468A" />
        <source_file id="67" path="C:\Users\murad\Tam\AzAgroPOS\AzAgroPOS.Verilenler\Kontekst\DesignTimeDbContextFactory.cs" checksum_type="SHA256" checksum="64371BD28C4302835EF1D4D1045B7641E7700B1B8484B2B7E037C598351722CC" />
      </source_files>
      <skipped_functions />
    </module>
  </modules>
  <skipped_modules>
    <skipped_module name="system.security.cryptography.dll" path="system.security.cryptography.dll" reason="path_is_excluded" />
    <skipped_module name="system.runtime.compilerservices.visualc.dll" path="system.runtime.compilerservices.visualc.dll" reason="path_is_excluded" />
    <skipped_module name="system.xml.xmlserializer.dll" path="system.xml.xmlserializer.dll" reason="path_is_excluded" />
    <skipped_module name="microsoft.testplatform.platformabstractions.dll" path="microsoft.testplatform.platformabstractions.dll" reason="path_is_excluded" />
    <skipped_module name="system.runtime.extensions.dll" path="system.runtime.extensions.dll" reason="path_is_excluded" />
    <skipped_module name="system.threading.channels.dll" path="system.threading.channels.dll" reason="path_is_excluded" />
    <skipped_module name="system.net.webclient.dll" path="system.net.webclient.dll" reason="path_is_excluded" />
    <skipped_module name="microsoft.extensions.options.dll" path="microsoft.extensions.options.dll" reason="path_is_excluded" />
    <skipped_module name="system.diagnostics.stacktrace.dll" path="system.diagnostics.stacktrace.dll" reason="path_is_excluded" />
    <skipped_module name="system.net.networkınformation.dll" path="system.net.networkınformation.dll" reason="path_is_excluded" />
    <skipped_module name="microsoft.testplatform.coreutilities.dll" path="microsoft.testplatform.coreutilities.dll" reason="path_is_excluded" />
    <skipped_module name="system.formats.tar.dll" path="system.formats.tar.dll" reason="path_is_excluded" />
    <skipped_module name="microsoft.extensions.dependencyınjection.dll" path="microsoft.extensions.dependencyınjection.dll" reason="path_is_excluded" />
    <skipped_module name="system.ıo.filesystem.accesscontrol.dll" path="system.ıo.filesystem.accesscontrol.dll" reason="path_is_excluded" />
    <skipped_module name="system.linq.expressions.dll" path="system.linq.expressions.dll" reason="path_is_excluded" />
    <skipped_module name="system.net.quic.dll" path="system.net.quic.dll" reason="path_is_excluded" />
    <skipped_module name="system.ıo.filesystem.watcher.dll" path="system.ıo.filesystem.watcher.dll" reason="path_is_excluded" />
    <skipped_module name="system.ıo.filesystem.dll" path="system.ıo.filesystem.dll" reason="path_is_excluded" />
    <skipped_module name="system.threading.threadpool.dll" path="system.threading.threadpool.dll" reason="path_is_excluded" />
    <skipped_module name="system.diagnostics.debug.dll" path="system.diagnostics.debug.dll" reason="path_is_excluded" />
    <skipped_module name="microsoft.entityframeworkcore.relational.dll" path="microsoft.entityframeworkcore.relational.dll" reason="path_is_excluded" />
    <skipped_module name="system.net.requests.dll" path="system.net.requests.dll" reason="path_is_excluded" />
    <skipped_module name="system.xml.xdocument.dll" path="system.xml.xdocument.dll" reason="path_is_excluded" />
    <skipped_module name="system.ıo.ısolatedstorage.dll" path="system.ıo.ısolatedstorage.dll" reason="path_is_excluded" />
    <skipped_module name="system.security.cryptography.primitives.dll" path="system.security.cryptography.primitives.dll" reason="path_is_excluded" />
    <skipped_module name="system.diagnostics.eventlog.dll" path="system.diagnostics.eventlog.dll" reason="path_is_excluded" />
    <skipped_module name="microsoft.extensions.fileproviders.physical.dll" path="microsoft.extensions.fileproviders.physical.dll" reason="path_is_excluded" />
    <skipped_module name="system.security.permissions.dll" path="system.security.permissions.dll" reason="path_is_excluded" />
    <skipped_module name="system.threading.tasks.dll" path="system.threading.tasks.dll" reason="path_is_excluded" />
    <skipped_module name="system.xml.serialization.dll" path="system.xml.serialization.dll" reason="path_is_excluded" />
    <skipped_module name="system.runtime.dll" path="system.runtime.dll" reason="path_is_excluded" />
    <skipped_module name="microsoft.ıdentitymodel.abstractions.dll" path="microsoft.ıdentitymodel.abstractions.dll" reason="path_is_excluded" />
    <skipped_module name="microsoft.extensions.configuration.fileextensions.dll" path="microsoft.extensions.configuration.fileextensions.dll" reason="path_is_excluded" />
    <skipped_module name="system.ıo.pipes.dll" path="system.ıo.pipes.dll" reason="path_is_excluded" />
    <skipped_module name="system.serviceprocess.dll" path="system.serviceprocess.dll" reason="path_is_excluded" />
    <skipped_module name="system.security.securestring.dll" path="system.security.securestring.dll" reason="path_is_excluded" />
    <skipped_module name="system.windows.dll" path="system.windows.dll" reason="path_is_excluded" />
    <skipped_module name="system.runtime.ıntrinsics.dll" path="system.runtime.ıntrinsics.dll" reason="path_is_excluded" />
    <skipped_module name="system.xml.linq.dll" path="system.xml.linq.dll" reason="path_is_excluded" />
    <skipped_module name="netstandard.dll" path="netstandard.dll" reason="path_is_excluded" />
    <skipped_module name="xunit.runner.utility.netcoreapp10.dll" path="xunit.runner.utility.netcoreapp10.dll" reason="path_is_excluded" />
    <skipped_module name="system.private.uri.dll" path="system.private.uri.dll" reason="path_is_excluded" />
    <skipped_module name="microsoft.visualstudio.testplatform.objectmodel.dll" path="microsoft.visualstudio.testplatform.objectmodel.dll" reason="path_is_excluded" />
    <skipped_module name="microsoft.extensions.dependencyınjection.abstractions.dll" path="microsoft.extensions.dependencyınjection.abstractions.dll" reason="path_is_excluded" />
    <skipped_module name="system.text.encoding.codepages.dll" path="system.text.encoding.codepages.dll" reason="path_is_excluded" />
    <skipped_module name="system.linq.parallel.dll" path="system.linq.parallel.dll" reason="path_is_excluded" />
    <skipped_module name="system.linq.dll" path="system.linq.dll" reason="path_is_excluded" />
    <skipped_module name="system.xml.xpath.dll" path="system.xml.xpath.dll" reason="path_is_excluded" />
    <skipped_module name="system.runtime.ınteropservices.dll" path="system.runtime.ınteropservices.dll" reason="path_is_excluded" />
    <skipped_module name="system.collections.ımmutable.dll" path="system.collections.ımmutable.dll" reason="path_is_excluded" />
    <skipped_module name="system.numerics.vectors.dll" path="system.numerics.vectors.dll" reason="path_is_excluded" />
    <skipped_module name="microsoft.testplatform.communicationutilities.dll" path="microsoft.testplatform.communicationutilities.dll" reason="path_is_excluded" />
    <skipped_module name="system.collections.dll" path="system.collections.dll" reason="path_is_excluded" />
    <skipped_module name="microsoft.extensions.filesystemglobbing.dll" path="microsoft.extensions.filesystemglobbing.dll" reason="path_is_excluded" />
    <skipped_module name="system.security.cryptography.csp.dll" path="system.security.cryptography.csp.dll" reason="path_is_excluded" />
    <skipped_module name="microsoft.extensions.caching.abstractions.dll" path="microsoft.extensions.caching.abstractions.dll" reason="path_is_excluded" />
    <skipped_module name="system.xml.readerwriter.dll" path="system.xml.readerwriter.dll" reason="path_is_excluded" />
    <skipped_module name="system.componentmodel.dataannotations.dll" path="system.componentmodel.dataannotations.dll" reason="path_is_excluded" />
    <skipped_module name="system.net.webproxy.dll" path="system.net.webproxy.dll" reason="path_is_excluded" />
    <skipped_module name="system.appcontext.dll" path="system.appcontext.dll" reason="path_is_excluded" />
    <skipped_module name="system.valuetuple.dll" path="system.valuetuple.dll" reason="path_is_excluded" />
    <skipped_module name="system.numerics.dll" path="system.numerics.dll" reason="path_is_excluded" />
    <skipped_module name="system.ıo.compression.dll" path="system.ıo.compression.dll" reason="path_is_excluded" />
    <skipped_module name="system.ıo.filesystem.driveınfo.dll" path="system.ıo.filesystem.driveınfo.dll" reason="path_is_excluded" />
    <skipped_module name="system.runtime.serialization.json.dll" path="system.runtime.serialization.json.dll" reason="path_is_excluded" />
    <skipped_module name="system.dynamic.runtime.dll" path="system.dynamic.runtime.dll" reason="path_is_excluded" />
    <skipped_module name="system.xml.xpath.xdocument.dll" path="system.xml.xpath.xdocument.dll" reason="path_is_excluded" />
    <skipped_module name="serilog.sinks.file.dll" path="serilog.sinks.file.dll" reason="path_is_excluded" />
    <skipped_module name="system.runtime.numerics.dll" path="system.runtime.numerics.dll" reason="path_is_excluded" />
    <skipped_module name="system.text.json.dll" path="system.text.json.dll" reason="path_is_excluded" />
    <skipped_module name="system.net.dll" path="system.net.dll" reason="path_is_excluded" />
    <skipped_module name="mscorlib.dll" path="mscorlib.dll" reason="path_is_excluded" />
    <skipped_module name="microsoft.sqlserver.server.dll" path="microsoft.sqlserver.server.dll" reason="path_is_excluded" />
    <skipped_module name="system.drawing.primitives.dll" path="system.drawing.primitives.dll" reason="path_is_excluded" />
    <skipped_module name="system.diagnostics.diagnosticsource.dll" path="system.diagnostics.diagnosticsource.dll" reason="path_is_excluded" />
    <skipped_module name="castle.core.dll" path="castle.core.dll" reason="path_is_excluded" />
    <skipped_module name="system.buffers.dll" path="system.buffers.dll" reason="path_is_excluded" />
    <skipped_module name="system.runtime.caching.dll" path="system.runtime.caching.dll" reason="path_is_excluded" />
    <skipped_module name="system.ıo.compression.filesystem.dll" path="system.ıo.compression.filesystem.dll" reason="path_is_excluded" />
    <skipped_module name="system.data.dll" path="system.data.dll" reason="path_is_excluded" />
    <skipped_module name="system.net.primitives.dll" path="system.net.primitives.dll" reason="path_is_excluded" />
    <skipped_module name="system.ıo.pipelines.dll" path="system.ıo.pipelines.dll" reason="path_is_excluded" />
    <skipped_module name="system.security.cryptography.x509certificates.dll" path="system.security.cryptography.x509certificates.dll" reason="path_is_excluded" />
    <skipped_module name="system.net.mail.dll" path="system.net.mail.dll" reason="path_is_excluded" />
    <skipped_module name="system.resources.writer.dll" path="system.resources.writer.dll" reason="path_is_excluded" />
    <skipped_module name="system.private.corelib.dll" path="system.private.corelib.dll" reason="path_is_excluded" />
    <skipped_module name="system.ıo.filesystem.primitives.dll" path="system.ıo.filesystem.primitives.dll" reason="path_is_excluded" />
    <skipped_module name="system.security.cryptography.encoding.dll" path="system.security.cryptography.encoding.dll" reason="path_is_excluded" />
    <skipped_module name="microsoft.extensions.fileproviders.abstractions.dll" path="microsoft.extensions.fileproviders.abstractions.dll" reason="path_is_excluded" />
    <skipped_module name="serilog.dll" path="serilog.dll" reason="path_is_excluded" />
    <skipped_module name="microsoft.win32.systemevents.dll" path="microsoft.win32.systemevents.dll" reason="path_is_excluded" />
    <skipped_module name="system.diagnostics.eventlog.messages.dll" path="system.diagnostics.eventlog.messages.dll" reason="path_is_excluded" />
    <skipped_module name="system.clientmodel.dll" path="system.clientmodel.dll" reason="path_is_excluded" />
    <skipped_module name="system.text.encodings.web.dll" path="system.text.encodings.web.dll" reason="path_is_excluded" />
    <skipped_module name="azure.ıdentity.dll" path="azure.ıdentity.dll" reason="path_is_excluded" />
    <skipped_module name="microsoft.bcl.asyncınterfaces.dll" path="microsoft.bcl.asyncınterfaces.dll" reason="path_is_excluded" />
    <skipped_module name="system.drawing.dll" path="system.drawing.dll" reason="path_is_excluded" />
    <skipped_module name="microsoft.ıdentitymodel.protocols.openıdconnect.dll" path="microsoft.ıdentitymodel.protocols.openıdconnect.dll" reason="path_is_excluded" />
    <skipped_module name="system.net.httplistener.dll" path="system.net.httplistener.dll" reason="path_is_excluded" />
    <skipped_module name="system.net.webheadercollection.dll" path="system.net.webheadercollection.dll" reason="path_is_excluded" />
    <skipped_module name="microsoft.extensions.configuration.abstractions.dll" path="microsoft.extensions.configuration.abstractions.dll" reason="path_is_excluded" />
    <skipped_module name="system.ıo.memorymappedfiles.dll" path="system.ıo.memorymappedfiles.dll" reason="path_is_excluded" />
    <skipped_module name="system.reflection.emit.ılgeneration.dll" path="system.reflection.emit.ılgeneration.dll" reason="path_is_excluded" />
    <skipped_module name="system.ıo.pipes.accesscontrol.dll" path="system.ıo.pipes.accesscontrol.dll" reason="path_is_excluded" />
    <skipped_module name="system.reflection.metadata.dll" path="system.reflection.metadata.dll" reason="path_is_excluded" />
    <skipped_module name="system.configuration.configurationmanager.dll" path="system.configuration.configurationmanager.dll" reason="path_is_excluded" />
    <skipped_module name="system.runtime.ınteropservices.runtimeınformation.dll" path="system.runtime.ınteropservices.runtimeınformation.dll" reason="path_is_excluded" />
    <skipped_module name="system.data.datasetextensions.dll" path="system.data.datasetextensions.dll" reason="path_is_excluded" />
    <skipped_module name="microsoft.extensions.configuration.json.dll" path="microsoft.extensions.configuration.json.dll" reason="path_is_excluded" />
    <skipped_module name="system.objectmodel.dll" path="system.objectmodel.dll" reason="path_is_excluded" />
    <skipped_module name="newtonsoft.json.dll" path="newtonsoft.json.dll" reason="path_is_excluded" />
    <skipped_module name="microsoft.csharp.dll" path="microsoft.csharp.dll" reason="path_is_excluded" />
    <skipped_module name="system.private.xml.linq.dll" path="system.private.xml.linq.dll" reason="path_is_excluded" />
    <skipped_module name="system.threading.overlapped.dll" path="system.threading.overlapped.dll" reason="path_is_excluded" />
    <skipped_module name="system.runtime.compilerservices.unsafe.dll" path="system.runtime.compilerservices.unsafe.dll" reason="path_is_excluded" />
    <skipped_module name="microsoft.entityframeworkcore.ınmemory.dll" path="microsoft.entityframeworkcore.ınmemory.dll" reason="path_is_excluded" />
    <skipped_module name="system.ıo.unmanagedmemorystream.dll" path="system.ıo.unmanagedmemorystream.dll" reason="path_is_excluded" />
    <skipped_module name="system.text.regularexpressions.dll" path="system.text.regularexpressions.dll" reason="path_is_excluded" />
    <skipped_module name="system.componentmodel.dll" path="system.componentmodel.dll" reason="path_is_excluded" />
    <skipped_module name="system.globalization.extensions.dll" path="system.globalization.extensions.dll" reason="path_is_excluded" />
    <skipped_module name="testhost.dll" path="testhost.dll" reason="path_is_excluded" />
    <skipped_module name="system.linq.queryable.dll" path="system.linq.queryable.dll" reason="path_is_excluded" />
    <skipped_module name="system.threading.thread.dll" path="system.threading.thread.dll" reason="path_is_excluded" />
    <skipped_module name="system.formats.asn1.dll" path="system.formats.asn1.dll" reason="path_is_excluded" />
    <skipped_module name="system.ıdentitymodel.tokens.jwt.dll" path="system.ıdentitymodel.tokens.jwt.dll" reason="path_is_excluded" />
    <skipped_module name="system.windows.extensions.dll" path="system.windows.extensions.dll" reason="path_is_excluded" />
    <skipped_module name="system.dll" path="system.dll" reason="path_is_excluded" />
    <skipped_module name="system.web.httputility.dll" path="system.web.httputility.dll" reason="path_is_excluded" />
    <skipped_module name="xunit.runner.visualstudio.dotnetcore.testadapter.dll" path="xunit.runner.visualstudio.dotnetcore.testadapter.dll" reason="path_is_excluded" />
    <skipped_module name="system.reflection.dll" path="system.reflection.dll" reason="path_is_excluded" />
    <skipped_module name="system.reflection.emit.dll" path="system.reflection.emit.dll" reason="path_is_excluded" />
    <skipped_module name="microsoft.data.sqlclient.dll" path="microsoft.data.sqlclient.dll" reason="path_is_excluded" />
    <skipped_module name="bcrypt.net-next.dll" path="bcrypt.net-next.dll" reason="path_is_excluded" />
    <skipped_module name="system.diagnostics.contracts.dll" path="system.diagnostics.contracts.dll" reason="path_is_excluded" />
    <skipped_module name="microsoft.ıdentitymodel.logging.dll" path="microsoft.ıdentitymodel.logging.dll" reason="path_is_excluded" />
    <skipped_module name="microsoft.ıdentity.client.dll" path="microsoft.ıdentity.client.dll" reason="path_is_excluded" />
    <skipped_module name="system.private.xml.dll" path="system.private.xml.dll" reason="path_is_excluded" />
    <skipped_module name="system.runtime.serialization.dll" path="system.runtime.serialization.dll" reason="path_is_excluded" />
    <skipped_module name="system.drawing.common.dll" path="system.drawing.common.dll" reason="path_is_excluded" />
    <skipped_module name="system.xml.dll" path="system.xml.dll" reason="path_is_excluded" />
    <skipped_module name="system.security.dll" path="system.security.dll" reason="path_is_excluded" />
    <skipped_module name="system.reflection.emit.lightweight.dll" path="system.reflection.emit.lightweight.dll" reason="path_is_excluded" />
    <skipped_module name="system.componentmodel.annotations.dll" path="system.componentmodel.annotations.dll" reason="path_is_excluded" />
    <skipped_module name="system.threading.dll" path="system.threading.dll" reason="path_is_excluded" />
    <skipped_module name="xunit.core.dll" path="xunit.core.dll" reason="path_is_excluded" />
    <skipped_module name="system.net.security.dll" path="system.net.security.dll" reason="path_is_excluded" />
    <skipped_module name="system.transactions.dll" path="system.transactions.dll" reason="path_is_excluded" />
    <skipped_module name="system.threading.tasks.extensions.dll" path="system.threading.tasks.extensions.dll" reason="path_is_excluded" />
    <skipped_module name="system.resources.reader.dll" path="system.resources.reader.dll" reason="path_is_excluded" />
    <skipped_module name="system.text.encoding.extensions.dll" path="system.text.encoding.extensions.dll" reason="path_is_excluded" />
    <skipped_module name="xunit.runner.reporters.netcoreapp10.dll" path="xunit.runner.reporters.netcoreapp10.dll" reason="path_is_excluded" />
    <skipped_module name="system.runtime.handles.dll" path="system.runtime.handles.dll" reason="path_is_excluded" />
    <skipped_module name="system.collections.concurrent.dll" path="system.collections.concurrent.dll" reason="path_is_excluded" />
    <skipped_module name="system.security.cryptography.protecteddata.dll" path="system.security.cryptography.protecteddata.dll" reason="path_is_excluded" />
    <skipped_module name="system.ıo.compression.brotli.dll" path="system.ıo.compression.brotli.dll" reason="path_is_excluded" />
    <skipped_module name="system.web.dll" path="system.web.dll" reason="path_is_excluded" />
    <skipped_module name="system.componentmodel.typeconverter.dll" path="system.componentmodel.typeconverter.dll" reason="path_is_excluded" />
    <skipped_module name="system.security.accesscontrol.dll" path="system.security.accesscontrol.dll" reason="path_is_excluded" />
    <skipped_module name="system.globalization.dll" path="system.globalization.dll" reason="path_is_excluded" />
    <skipped_module name="microsoft.ıdentity.client.extensions.msal.dll" path="microsoft.ıdentity.client.extensions.msal.dll" reason="path_is_excluded" />
    <skipped_module name="system.componentmodel.eventbasedasync.dll" path="system.componentmodel.eventbasedasync.dll" reason="path_is_excluded" />
    <skipped_module name="system.security.principal.windows.dll" path="system.security.principal.windows.dll" reason="path_is_excluded" />
    <skipped_module name="xunit.execution.dotnet.dll" path="xunit.execution.dotnet.dll" reason="path_is_excluded" />
    <skipped_module name="system.net.http.dll" path="system.net.http.dll" reason="path_is_excluded" />
    <skipped_module name="microsoft.win32.registry.dll" path="microsoft.win32.registry.dll" reason="path_is_excluded" />
    <skipped_module name="microsoft.visualstudio.testplatform.common.resources.dll" path="microsoft.visualstudio.testplatform.common.resources.dll" reason="path_is_excluded" />
    <skipped_module name="system.reflection.dispatchproxy.dll" path="system.reflection.dispatchproxy.dll" reason="path_is_excluded" />
    <skipped_module name="microsoft.extensions.logging.abstractions.dll" path="microsoft.extensions.logging.abstractions.dll" reason="path_is_excluded" />
    <skipped_module name="system.configuration.dll" path="system.configuration.dll" reason="path_is_excluded" />
    <skipped_module name="system.resources.resourcemanager.dll" path="system.resources.resourcemanager.dll" reason="path_is_excluded" />
    <skipped_module name="microsoft.ıdentitymodel.jsonwebtokens.dll" path="microsoft.ıdentitymodel.jsonwebtokens.dll" reason="path_is_excluded" />
    <skipped_module name="system.text.encoding.dll" path="system.text.encoding.dll" reason="path_is_excluded" />
    <skipped_module name="system.memory.dll" path="system.memory.dll" reason="path_is_excluded" />
    <skipped_module name="system.private.datacontractserialization.dll" path="system.private.datacontractserialization.dll" reason="path_is_excluded" />
    <skipped_module name="microsoft.entityframeworkcore.abstractions.dll" path="microsoft.entityframeworkcore.abstractions.dll" reason="path_is_excluded" />
    <skipped_module name="microsoft.win32.primitives.dll" path="microsoft.win32.primitives.dll" reason="path_is_excluded" />
    <skipped_module name="system.console.dll" path="system.console.dll" reason="path_is_excluded" />
    <skipped_module name="system.ıo.dll" path="system.ıo.dll" reason="path_is_excluded" />
    <skipped_module name="microsoft.extensions.configuration.dll" path="microsoft.extensions.configuration.dll" reason="path_is_excluded" />
    <skipped_module name="system.threading.tasks.parallel.dll" path="system.threading.tasks.parallel.dll" reason="path_is_excluded" />
    <skipped_module name="system.diagnostics.tracing.dll" path="system.diagnostics.tracing.dll" reason="path_is_excluded" />
    <skipped_module name="system.net.nameresolution.dll" path="system.net.nameresolution.dll" reason="path_is_excluded" />
    <skipped_module name="system.xml.xmldocument.dll" path="system.xml.xmldocument.dll" reason="path_is_excluded" />
    <skipped_module name="xunit.abstractions.dll" path="xunit.abstractions.dll" reason="path_is_excluded" />
    <skipped_module name="microsoft.entityframeworkcore.sqlserver.dll" path="microsoft.entityframeworkcore.sqlserver.dll" reason="path_is_excluded" />
    <skipped_module name="system.security.cryptography.openssl.dll" path="system.security.cryptography.openssl.dll" reason="path_is_excluded" />
    <skipped_module name="system.collections.specialized.dll" path="system.collections.specialized.dll" reason="path_is_excluded" />
    <skipped_module name="system.security.cryptography.algorithms.dll" path="system.security.cryptography.algorithms.dll" reason="path_is_excluded" />
    <skipped_module name="system.diagnostics.process.dll" path="system.diagnostics.process.dll" reason="path_is_excluded" />
    <skipped_module name="system.transactions.local.dll" path="system.transactions.local.dll" reason="path_is_excluded" />
    <skipped_module name="system.diagnostics.tools.dll" path="system.diagnostics.tools.dll" reason="path_is_excluded" />
    <skipped_module name="system.runtime.loader.dll" path="system.runtime.loader.dll" reason="path_is_excluded" />
    <skipped_module name="microsoft.entityframeworkcore.dll" path="microsoft.entityframeworkcore.dll" reason="path_is_excluded" />
    <skipped_module name="system.runtime.serialization.formatters.dll" path="system.runtime.serialization.formatters.dll" reason="path_is_excluded" />
    <skipped_module name="system.core.dll" path="system.core.dll" reason="path_is_excluded" />
    <skipped_module name="system.net.ping.dll" path="system.net.ping.dll" reason="path_is_excluded" />
    <skipped_module name="system.componentmodel.primitives.dll" path="system.componentmodel.primitives.dll" reason="path_is_excluded" />
    <skipped_module name="system.net.servicepoint.dll" path="system.net.servicepoint.dll" reason="path_is_excluded" />
    <skipped_module name="system.net.sockets.dll" path="system.net.sockets.dll" reason="path_is_excluded" />
    <skipped_module name="system.runtime.ınteropservices.javascript.dll" path="system.runtime.ınteropservices.javascript.dll" reason="path_is_excluded" />
    <skipped_module name="system.ıo.compression.zipfile.dll" path="system.ıo.compression.zipfile.dll" reason="path_is_excluded" />
    <skipped_module name="microsoft.testplatform.crossplatengine.dll" path="microsoft.testplatform.crossplatengine.dll" reason="path_is_excluded" />
    <skipped_module name="system.data.common.dll" path="system.data.common.dll" reason="path_is_excluded" />
    <skipped_module name="system.servicemodel.web.dll" path="system.servicemodel.web.dll" reason="path_is_excluded" />
    <skipped_module name="system.reflection.typeextensions.dll" path="system.reflection.typeextensions.dll" reason="path_is_excluded" />
    <skipped_module name="system.security.cryptography.cng.dll" path="system.security.cryptography.cng.dll" reason="path_is_excluded" />
    <skipped_module name="microsoft.extensions.logging.dll" path="microsoft.extensions.logging.dll" reason="path_is_excluded" />
    <skipped_module name="microsoft.testplatform.utilities.dll" path="microsoft.testplatform.utilities.dll" reason="path_is_excluded" />
    <skipped_module name="microsoft.ıdentitymodel.protocols.dll" path="microsoft.ıdentitymodel.protocols.dll" reason="path_is_excluded" />
    <skipped_module name="system.memory.data.dll" path="system.memory.data.dll" reason="path_is_excluded" />
    <skipped_module name="windowsbase.dll" path="windowsbase.dll" reason="path_is_excluded" />
    <skipped_module name="system.threading.timer.dll" path="system.threading.timer.dll" reason="path_is_excluded" />
    <skipped_module name="microsoft.visualstudio.testplatform.common.dll" path="microsoft.visualstudio.testplatform.common.dll" reason="path_is_excluded" />
    <skipped_module name="system.collections.nongeneric.dll" path="system.collections.nongeneric.dll" reason="path_is_excluded" />
    <skipped_module name="system.diagnostics.textwritertracelistener.dll" path="system.diagnostics.textwritertracelistener.dll" reason="path_is_excluded" />
    <skipped_module name="microsoft.extensions.primitives.dll" path="microsoft.extensions.primitives.dll" reason="path_is_excluded" />
    <skipped_module name="system.globalization.calendars.dll" path="system.globalization.calendars.dll" reason="path_is_excluded" />
    <skipped_module name="xunit.assert.dll" path="xunit.assert.dll" reason="path_is_excluded" />
    <skipped_module name="system.security.principal.dll" path="system.security.principal.dll" reason="path_is_excluded" />
    <skipped_module name="moq.dll" path="moq.dll" reason="path_is_excluded" />
    <skipped_module name="microsoft.visualbasic.core.dll" path="microsoft.visualbasic.core.dll" reason="path_is_excluded" />
    <skipped_module name="microsoft.visualbasic.dll" path="microsoft.visualbasic.dll" reason="path_is_excluded" />
    <skipped_module name="system.diagnostics.fileversionınfo.dll" path="system.diagnostics.fileversionınfo.dll" reason="path_is_excluded" />
    <skipped_module name="system.net.websockets.dll" path="system.net.websockets.dll" reason="path_is_excluded" />
    <skipped_module name="system.net.http.json.dll" path="system.net.http.json.dll" reason="path_is_excluded" />
    <skipped_module name="system.reflection.extensions.dll" path="system.reflection.extensions.dll" reason="path_is_excluded" />
    <skipped_module name="system.reflection.primitives.dll" path="system.reflection.primitives.dll" reason="path_is_excluded" />
    <skipped_module name="system.diagnostics.tracesource.dll" path="system.diagnostics.tracesource.dll" reason="path_is_excluded" />
    <skipped_module name="system.runtime.serialization.primitives.dll" path="system.runtime.serialization.primitives.dll" reason="path_is_excluded" />
    <skipped_module name="system.runtime.serialization.xml.dll" path="system.runtime.serialization.xml.dll" reason="path_is_excluded" />
    <skipped_module name="azure.core.dll" path="azure.core.dll" reason="path_is_excluded" />
    <skipped_module name="microsoft.extensions.caching.memory.dll" path="microsoft.extensions.caching.memory.dll" reason="path_is_excluded" />
    <skipped_module name="system.security.claims.dll" path="system.security.claims.dll" reason="path_is_excluded" />
    <skipped_module name="microsoft.ıdentitymodel.tokens.dll" path="microsoft.ıdentitymodel.tokens.dll" reason="path_is_excluded" />
    <skipped_module name="system.net.websockets.client.dll" path="system.net.websockets.client.dll" reason="path_is_excluded" />
    <skipped_module name="system.threading.tasks.dataflow.dll" path="system.threading.tasks.dataflow.dll" reason="path_is_excluded" />
    <skipped_module name="nuget.frameworks.dll" path="nuget.frameworks.dll" reason="path_is_excluded" />
  </skipped_modules>
</results>